[2026-01-23T16:09:44.463+0000] {local_task_job_runner.py:120} INFO - ::group::Pre task execution logs
[2026-01-23T16:09:44.583+0000] {taskinstance.py:2076} INFO - Dependencies all met for dep_context=non-requeueable deps ti=<TaskInstance: omie_pipeline.download_pdbc scheduled__2026-01-22T08:30:00+00:00 [queued]>
[2026-01-23T16:09:44.614+0000] {taskinstance.py:2076} INFO - Dependencies all met for dep_context=requeueable deps ti=<TaskInstance: omie_pipeline.download_pdbc scheduled__2026-01-22T08:30:00+00:00 [queued]>
[2026-01-23T16:09:44.619+0000] {taskinstance.py:2306} INFO - Starting attempt 1 of 2
[2026-01-23T16:09:44.694+0000] {taskinstance.py:2330} INFO - Executing <Task(PythonOperator): download_pdbc> on 2026-01-22 08:30:00+00:00
[2026-01-23T16:09:44.752+0000] {standard_task_runner.py:63} INFO - Started process 253 to run task
[2026-01-23T16:09:44.760+0000] {standard_task_runner.py:90} INFO - Running: ['***', 'tasks', 'run', 'omie_pipeline', 'download_pdbc', 'scheduled__2026-01-22T08:30:00+00:00', '--job-id', '169', '--raw', '--subdir', 'DAGS_FOLDER/omie_dag.py', '--cfg-path', '/tmp/tmpmndwd1_p']
[2026-01-23T16:09:44.790+0000] {standard_task_runner.py:91} INFO - Job 169: Subtask download_pdbc
[2026-01-23T16:09:45.670+0000] {task_command.py:426} INFO - Running <TaskInstance: omie_pipeline.download_pdbc scheduled__2026-01-22T08:30:00+00:00 [running]> on host 2aff4151de2d
[2026-01-23T16:09:46.448+0000] {taskinstance.py:2648} INFO - Exporting env vars: AIRFLOW_CTX_DAG_OWNER='***' AIRFLOW_CTX_DAG_ID='omie_pipeline' AIRFLOW_CTX_TASK_ID='download_pdbc' AIRFLOW_CTX_EXECUTION_DATE='2026-01-22T08:30:00+00:00' AIRFLOW_CTX_TRY_NUMBER='1' AIRFLOW_CTX_DAG_RUN_ID='scheduled__2026-01-22T08:30:00+00:00'
[2026-01-23T16:09:46.452+0000] {taskinstance.py:430} INFO - ::endgroup::
[2026-01-23T16:09:46.636+0000] {logging_mixin.py:188} INFO - Downloading download_pdbc from 2026-01-22 08:30:00 to 2026-01-22 08:30:00
[2026-01-23T16:09:46.737+0000] {pdbc.py:48} INFO - File bronze/omie/pdbc/2025/pdbc_202501.zip already exists (past month). Skipping.
[2026-01-23T16:09:46.783+0000] {pdbc.py:48} INFO - File bronze/omie/pdbc/2025/pdbc_202502.zip already exists (past month). Skipping.
[2026-01-23T16:09:46.812+0000] {pdbc.py:48} INFO - File bronze/omie/pdbc/2025/pdbc_202503.zip already exists (past month). Skipping.
[2026-01-23T16:09:46.819+0000] {pdbc.py:48} INFO - File bronze/omie/pdbc/2025/pdbc_202504.zip already exists (past month). Skipping.
[2026-01-23T16:09:46.838+0000] {pdbc.py:48} INFO - File bronze/omie/pdbc/2025/pdbc_202505.zip already exists (past month). Skipping.
[2026-01-23T16:09:46.853+0000] {pdbc.py:48} INFO - File bronze/omie/pdbc/2025/pdbc_202506.zip already exists (past month). Skipping.
[2026-01-23T16:09:46.873+0000] {pdbc.py:48} INFO - File bronze/omie/pdbc/2025/pdbc_202507.zip already exists (past month). Skipping.
[2026-01-23T16:09:46.906+0000] {pdbc.py:48} INFO - File bronze/omie/pdbc/2025/pdbc_202508.zip already exists (past month). Skipping.
[2026-01-23T16:09:46.930+0000] {pdbc.py:48} INFO - File bronze/omie/pdbc/2025/pdbc_202509.zip already exists (past month). Skipping.
[2026-01-23T16:09:46.936+0000] {pdbc.py:48} INFO - File bronze/omie/pdbc/2025/pdbc_202510.zip already exists (past month). Skipping.
[2026-01-23T16:09:46.951+0000] {omie_client.py:64} INFO - Downloading pdbc_202511.zip from OMIE...
[2026-01-23T16:09:47.818+0000] {omie_client.py:68} INFO - File pdbc_202511.zip not found (404).
[2026-01-23T16:09:47.822+0000] {pdbc.py:56} WARNING - Failed to download pdbc_202511.zip
[2026-01-23T16:09:47.826+0000] {omie_client.py:64} INFO - Downloading pdbc_202512.zip from OMIE...
[2026-01-23T16:09:48.534+0000] {omie_client.py:68} INFO - File pdbc_202512.zip not found (404).
[2026-01-23T16:09:48.537+0000] {pdbc.py:56} WARNING - Failed to download pdbc_202512.zip
[2026-01-23T16:09:48.541+0000] {omie_client.py:64} INFO - Downloading pdbc_202601.zip from OMIE...
[2026-01-23T16:09:49.127+0000] {omie_client.py:68} INFO - File pdbc_202601.zip not found (404).
[2026-01-23T16:09:49.139+0000] {pdbc.py:56} WARNING - Failed to download pdbc_202601.zip
[2026-01-23T16:09:49.143+0000] {python.py:237} INFO - Done. Returned value was: {'start': '2025-01-01', 'end': '2026-01-22'}
[2026-01-23T16:09:49.154+0000] {taskinstance.py:441} INFO - ::group::Post task execution logs
[2026-01-23T16:09:49.296+0000] {taskinstance.py:1206} INFO - Marking task as SUCCESS. dag_id=omie_pipeline, task_id=download_pdbc, run_id=scheduled__2026-01-22T08:30:00+00:00, execution_date=20260122T083000, start_date=20260123T160944, end_date=20260123T160949
[2026-01-23T16:09:49.533+0000] {local_task_job_runner.py:240} INFO - Task exited with return code 0
[2026-01-23T16:09:49.581+0000] {local_task_job_runner.py:222} INFO - ::endgroup::
