[2026-01-20T18:58:33.499+0000] {local_task_job_runner.py:120} INFO - ::group::Pre task execution logs
[2026-01-20T18:58:33.554+0000] {taskinstance.py:2076} INFO - Dependencies all met for dep_context=non-requeueable deps ti=<TaskInstance: esios_liquicomun_pipeline.ingest_silver manual__2026-01-20T18:58:25.585555+00:00 [queued]>
[2026-01-20T18:58:33.571+0000] {taskinstance.py:2076} INFO - Dependencies all met for dep_context=requeueable deps ti=<TaskInstance: esios_liquicomun_pipeline.ingest_silver manual__2026-01-20T18:58:25.585555+00:00 [queued]>
[2026-01-20T18:58:33.573+0000] {taskinstance.py:2306} INFO - Starting attempt 1 of 2
[2026-01-20T18:58:33.593+0000] {taskinstance.py:2330} INFO - Executing <Task(PythonOperator): ingest_silver> on 2026-01-20 18:58:25.585555+00:00
[2026-01-20T18:58:33.608+0000] {standard_task_runner.py:63} INFO - Started process 974 to run task
[2026-01-20T18:58:33.619+0000] {standard_task_runner.py:90} INFO - Running: ['***', 'tasks', 'run', 'esios_liquicomun_pipeline', 'ingest_silver', 'manual__2026-01-20T18:58:25.585555+00:00', '--job-id', '38', '--raw', '--subdir', 'DAGS_FOLDER/esios_dag.py', '--cfg-path', '/tmp/tmpi3mh5nyy']
[2026-01-20T18:58:33.623+0000] {standard_task_runner.py:91} INFO - Job 38: Subtask ingest_silver
[2026-01-20T18:58:33.744+0000] {task_command.py:426} INFO - Running <TaskInstance: esios_liquicomun_pipeline.ingest_silver manual__2026-01-20T18:58:25.585555+00:00 [running]> on host d1a9e72e2525
[2026-01-20T18:58:33.918+0000] {taskinstance.py:2648} INFO - Exporting env vars: AIRFLOW_CTX_DAG_OWNER='***' AIRFLOW_CTX_DAG_ID='esios_liquicomun_pipeline' AIRFLOW_CTX_TASK_ID='ingest_silver' AIRFLOW_CTX_EXECUTION_DATE='2026-01-20T18:58:25.585555+00:00' AIRFLOW_CTX_TRY_NUMBER='1' AIRFLOW_CTX_DAG_RUN_ID='manual__2026-01-20T18:58:25.585555+00:00'
[2026-01-20T18:58:33.928+0000] {taskinstance.py:430} INFO - ::endgroup::
[2026-01-20T18:58:33.989+0000] {logging_mixin.py:188} INFO - Ingesting Silver for 2026-01-20 00:00:00 - 2026-01-20 00:00:00
[2026-01-20T18:58:34.022+0000] {liquicomun_parquet.py:46} INFO - Ingesting bronze/liquicomun/2026/01/esios_3_20260120.zip to Parquet...
[2026-01-20T18:58:34.228+0000] {liquicomun_parquet.py:73} INFO -   Processing A2_enrttrba_20260101_20260131 -> enrttrba
[2026-01-20T18:58:34.244+0000] {liquicomun_parquet.py:104} WARNING -     Column mismatch: Found 4, expected 7
[2026-01-20T18:58:34.300+0000] {filesystem.py:48} INFO - Saved file to /opt/***/local_data/silver/liquicomun/2026/01/A2_enrttrba_20260101_20260131.parquet
[2026-01-20T18:58:34.301+0000] {liquicomun_parquet.py:164} INFO -     Saved Parquet: silver/liquicomun/2026/01/A2_enrttrba_20260101_20260131.parquet
[2026-01-20T18:58:34.302+0000] {liquicomun_parquet.py:73} INFO -   Processing A2_enrttrsu_20260101_20260131 -> enrttrsu
[2026-01-20T18:58:34.309+0000] {liquicomun_parquet.py:104} WARNING -     Column mismatch: Found 4, expected 7
[2026-01-20T18:58:34.337+0000] {filesystem.py:48} INFO - Saved file to /opt/***/local_data/silver/liquicomun/2026/01/A2_enrttrsu_20260101_20260131.parquet
[2026-01-20T18:58:34.338+0000] {liquicomun_parquet.py:164} INFO -     Saved Parquet: silver/liquicomun/2026/01/A2_enrttrsu_20260101_20260131.parquet
[2026-01-20T18:58:34.338+0000] {liquicomun_parquet.py:73} INFO -   Processing A2_ensecqhba_20260101_20260131 -> ensecqhba
[2026-01-20T18:58:34.344+0000] {liquicomun_parquet.py:104} WARNING -     Column mismatch: Found 4, expected 7
[2026-01-20T18:58:34.502+0000] {filesystem.py:48} INFO - Saved file to /opt/***/local_data/silver/liquicomun/2026/01/A2_ensecqhba_20260101_20260131.parquet
[2026-01-20T18:58:34.503+0000] {liquicomun_parquet.py:164} INFO -     Saved Parquet: silver/liquicomun/2026/01/A2_ensecqhba_20260101_20260131.parquet
[2026-01-20T18:58:34.504+0000] {liquicomun_parquet.py:73} INFO -   Processing A2_ensecqhsu_20260101_20260131 -> ensecqhsu
[2026-01-20T18:58:34.515+0000] {liquicomun_parquet.py:104} WARNING -     Column mismatch: Found 4, expected 7
[2026-01-20T18:58:34.539+0000] {filesystem.py:48} INFO - Saved file to /opt/***/local_data/silver/liquicomun/2026/01/A2_ensecqhsu_20260101_20260131.parquet
[2026-01-20T18:58:34.540+0000] {liquicomun_parquet.py:164} INFO -     Saved Parquet: silver/liquicomun/2026/01/A2_ensecqhsu_20260101_20260131.parquet
[2026-01-20T18:58:34.541+0000] {liquicomun_parquet.py:73} INFO -   Processing A2_enterqhba_20260101_20260131 -> enterqhba
[2026-01-20T18:58:34.548+0000] {liquicomun_parquet.py:104} WARNING -     Column mismatch: Found 4, expected 7
[2026-01-20T18:58:34.567+0000] {filesystem.py:48} INFO - Saved file to /opt/***/local_data/silver/liquicomun/2026/01/A2_enterqhba_20260101_20260131.parquet
[2026-01-20T18:58:34.568+0000] {liquicomun_parquet.py:164} INFO -     Saved Parquet: silver/liquicomun/2026/01/A2_enterqhba_20260101_20260131.parquet
[2026-01-20T18:58:34.568+0000] {liquicomun_parquet.py:73} INFO -   Processing A2_enterqhsu_20260101_20260131 -> enterqhsu
[2026-01-20T18:58:34.577+0000] {liquicomun_parquet.py:104} WARNING -     Column mismatch: Found 4, expected 7
[2026-01-20T18:58:34.602+0000] {filesystem.py:48} INFO - Saved file to /opt/***/local_data/silver/liquicomun/2026/01/A2_enterqhsu_20260101_20260131.parquet
[2026-01-20T18:58:34.603+0000] {liquicomun_parquet.py:164} INFO -     Saved Parquet: silver/liquicomun/2026/01/A2_enterqhsu_20260101_20260131.parquet
[2026-01-20T18:58:34.604+0000] {liquicomun_parquet.py:73} INFO -   Processing A2_prdvbaqh_20260101_20260131 -> prdvbaqh
[2026-01-20T18:58:34.615+0000] {liquicomun_parquet.py:104} WARNING -     Column mismatch: Found 4, expected 7
[2026-01-20T18:58:34.634+0000] {filesystem.py:48} INFO - Saved file to /opt/***/local_data/silver/liquicomun/2026/01/A2_prdvbaqh_20260101_20260131.parquet
[2026-01-20T18:58:34.635+0000] {liquicomun_parquet.py:164} INFO -     Saved Parquet: silver/liquicomun/2026/01/A2_prdvbaqh_20260101_20260131.parquet
[2026-01-20T18:58:34.636+0000] {liquicomun_parquet.py:73} INFO -   Processing A2_prdvdatos_20260101_20260131 -> prdvdatos
[2026-01-20T18:58:34.651+0000] {liquicomun_parquet.py:104} WARNING -     Column mismatch: Found 15, expected 18
[2026-01-20T18:58:34.670+0000] {filesystem.py:48} INFO - Saved file to /opt/***/local_data/silver/liquicomun/2026/01/A2_prdvdatos_20260101_20260131.parquet
[2026-01-20T18:58:34.671+0000] {liquicomun_parquet.py:164} INFO -     Saved Parquet: silver/liquicomun/2026/01/A2_prdvdatos_20260101_20260131.parquet
[2026-01-20T18:58:34.672+0000] {liquicomun_parquet.py:73} INFO -   Processing A2_prdvsuqh_20260101_20260131 -> prdvsuqh
[2026-01-20T18:58:34.682+0000] {liquicomun_parquet.py:104} WARNING -     Column mismatch: Found 4, expected 7
[2026-01-20T18:58:34.706+0000] {filesystem.py:48} INFO - Saved file to /opt/***/local_data/silver/liquicomun/2026/01/A2_prdvsuqh_20260101_20260131.parquet
[2026-01-20T18:58:34.707+0000] {liquicomun_parquet.py:164} INFO -     Saved Parquet: silver/liquicomun/2026/01/A2_prdvsuqh_20260101_20260131.parquet
[2026-01-20T18:58:34.710+0000] {python.py:237} INFO - Done. Returned value was: {'start': '2026-01-20', 'end': '2026-01-20'}
[2026-01-20T18:58:34.711+0000] {taskinstance.py:441} INFO - ::group::Post task execution logs
[2026-01-20T18:58:34.734+0000] {taskinstance.py:1206} INFO - Marking task as SUCCESS. dag_id=esios_liquicomun_pipeline, task_id=ingest_silver, run_id=manual__2026-01-20T18:58:25.585555+00:00, execution_date=20260120T185825, start_date=20260120T185833, end_date=20260120T185834
[2026-01-20T18:58:34.770+0000] {local_task_job_runner.py:240} INFO - Task exited with return code 0
[2026-01-20T18:58:34.794+0000] {taskinstance.py:3503} INFO - 1 downstream tasks scheduled from follow-on schedule check
[2026-01-20T18:58:34.805+0000] {local_task_job_runner.py:222} INFO - ::endgroup::
