[2026-01-20T18:54:59.871+0000] {local_task_job_runner.py:120} INFO - ::group::Pre task execution logs
[2026-01-20T18:54:59.939+0000] {taskinstance.py:2076} INFO - Dependencies all met for dep_context=non-requeueable deps ti=<TaskInstance: omie_pipeline.download_marginal_pdbc scheduled__2026-01-19T08:30:00+00:00 [queued]>
[2026-01-20T18:54:59.971+0000] {taskinstance.py:2076} INFO - Dependencies all met for dep_context=requeueable deps ti=<TaskInstance: omie_pipeline.download_marginal_pdbc scheduled__2026-01-19T08:30:00+00:00 [queued]>
[2026-01-20T18:54:59.974+0000] {taskinstance.py:2306} INFO - Starting attempt 1 of 2
[2026-01-20T18:55:00.014+0000] {taskinstance.py:2330} INFO - Executing <Task(PythonOperator): download_marginal_pdbc> on 2026-01-19 08:30:00+00:00
[2026-01-20T18:55:00.030+0000] {standard_task_runner.py:63} INFO - Started process 724 to run task
[2026-01-20T18:55:00.051+0000] {standard_task_runner.py:90} INFO - Running: ['***', 'tasks', 'run', 'omie_pipeline', 'download_marginal_pdbc', 'scheduled__2026-01-19T08:30:00+00:00', '--job-id', '14', '--raw', '--subdir', 'DAGS_FOLDER/omie_dag.py', '--cfg-path', '/tmp/tmp5gwf_qc2']
[2026-01-20T18:55:00.061+0000] {standard_task_runner.py:91} INFO - Job 14: Subtask download_marginal_pdbc
[2026-01-20T18:55:00.242+0000] {task_command.py:426} INFO - Running <TaskInstance: omie_pipeline.download_marginal_pdbc scheduled__2026-01-19T08:30:00+00:00 [running]> on host d1a9e72e2525
[2026-01-20T18:55:00.483+0000] {taskinstance.py:2648} INFO - Exporting env vars: AIRFLOW_CTX_DAG_OWNER='***' AIRFLOW_CTX_DAG_ID='omie_pipeline' AIRFLOW_CTX_TASK_ID='download_marginal_pdbc' AIRFLOW_CTX_EXECUTION_DATE='2026-01-19T08:30:00+00:00' AIRFLOW_CTX_TRY_NUMBER='1' AIRFLOW_CTX_DAG_RUN_ID='scheduled__2026-01-19T08:30:00+00:00'
[2026-01-20T18:55:00.489+0000] {taskinstance.py:430} INFO - ::endgroup::
[2026-01-20T18:55:00.514+0000] {logging_mixin.py:188} INFO - Downloading download_marginalpdbc from 2026-01-19 08:30:00+00:00 to 2026-01-19 08:30:00+00:00
[2026-01-20T18:55:00.525+0000] {omie_client.py:64} INFO - Downloading marginalpdbc_20260119.1 from OMIE...
[2026-01-20T18:55:01.004+0000] {filesystem.py:48} INFO - Saved file to /opt/***/local_data/bronze/omie/marginalpdbc/2026/01/marginalpdbc_20260119.1
[2026-01-20T18:55:01.049+0000] {python.py:237} INFO - Done. Returned value was: {'start': '2026-01-19', 'end': '2026-01-19'}
[2026-01-20T18:55:01.052+0000] {taskinstance.py:441} INFO - ::group::Post task execution logs
[2026-01-20T18:55:01.092+0000] {taskinstance.py:1206} INFO - Marking task as SUCCESS. dag_id=omie_pipeline, task_id=download_marginal_pdbc, run_id=scheduled__2026-01-19T08:30:00+00:00, execution_date=20260119T083000, start_date=20260120T185459, end_date=20260120T185501
[2026-01-20T18:55:01.156+0000] {local_task_job_runner.py:240} INFO - Task exited with return code 0
[2026-01-20T18:55:01.184+0000] {taskinstance.py:3503} INFO - 1 downstream tasks scheduled from follow-on schedule check
[2026-01-20T18:55:01.189+0000] {local_task_job_runner.py:222} INFO - ::endgroup::
