[2026-01-22T18:27:59.785+0000] {local_task_job_runner.py:120} INFO - ::group::Pre task execution logs
[2026-01-22T18:28:00.087+0000] {taskinstance.py:2076} INFO - Dependencies all met for dep_context=non-requeueable deps ti=<TaskInstance: esios_liquicomun_pipeline.ingest_silver scheduled__2026-01-21T08:00:00+00:00 [queued]>
[2026-01-22T18:28:00.196+0000] {taskinstance.py:2076} INFO - Dependencies all met for dep_context=requeueable deps ti=<TaskInstance: esios_liquicomun_pipeline.ingest_silver scheduled__2026-01-21T08:00:00+00:00 [queued]>
[2026-01-22T18:28:00.229+0000] {taskinstance.py:2306} INFO - Starting attempt 1 of 2
[2026-01-22T18:28:00.394+0000] {taskinstance.py:2330} INFO - Executing <Task(PythonOperator): ingest_silver> on 2026-01-21 08:00:00+00:00
[2026-01-22T18:28:00.526+0000] {standard_task_runner.py:63} INFO - Started process 220 to run task
[2026-01-22T18:28:00.546+0000] {standard_task_runner.py:90} INFO - Running: ['***', 'tasks', 'run', 'esios_liquicomun_pipeline', 'ingest_silver', 'scheduled__2026-01-21T08:00:00+00:00', '--job-id', '131', '--raw', '--subdir', 'DAGS_FOLDER/esios_dag.py', '--cfg-path', '/tmp/tmpwvxzrg9x']
[2026-01-22T18:28:00.557+0000] {standard_task_runner.py:91} INFO - Job 131: Subtask ingest_silver
[2026-01-22T18:28:02.175+0000] {task_command.py:426} INFO - Running <TaskInstance: esios_liquicomun_pipeline.ingest_silver scheduled__2026-01-21T08:00:00+00:00 [running]> on host 2aff4151de2d
[2026-01-22T18:28:04.876+0000] {taskinstance.py:2648} INFO - Exporting env vars: AIRFLOW_CTX_DAG_OWNER='***' AIRFLOW_CTX_DAG_ID='esios_liquicomun_pipeline' AIRFLOW_CTX_TASK_ID='ingest_silver' AIRFLOW_CTX_EXECUTION_DATE='2026-01-21T08:00:00+00:00' AIRFLOW_CTX_TRY_NUMBER='1' AIRFLOW_CTX_DAG_RUN_ID='scheduled__2026-01-21T08:00:00+00:00'
[2026-01-22T18:28:04.890+0000] {taskinstance.py:430} INFO - ::endgroup::
[2026-01-22T18:28:05.273+0000] {logging_mixin.py:188} INFO - Ingesting Silver for 2026-01-21 00:00:00 - 2026-01-21 00:00:00
[2026-01-22T18:28:06.270+0000] {liquicomun_parquet.py:46} INFO - Ingesting bronze/liquicomun/2026/01/esios_3_20260121.zip to Parquet...
[2026-01-22T18:28:08.286+0000] {liquicomun_parquet.py:73} INFO -   Processing A2_enrttrba_20260101_20260131 -> enrttrba
[2026-01-22T18:28:08.372+0000] {liquicomun_parquet.py:104} WARNING -     Column mismatch: Found 4, expected 7
[2026-01-22T18:28:09.104+0000] {filesystem.py:48} INFO - Saved file to /opt/***/local_data/silver/liquicomun/2026/01/A2_enrttrba_20260101_20260131.parquet
[2026-01-22T18:28:09.109+0000] {liquicomun_parquet.py:164} INFO -     Saved Parquet: silver/liquicomun/2026/01/A2_enrttrba_20260101_20260131.parquet
[2026-01-22T18:28:09.120+0000] {liquicomun_parquet.py:73} INFO -   Processing A2_enrttrsu_20260101_20260131 -> enrttrsu
[2026-01-22T18:28:09.206+0000] {liquicomun_parquet.py:104} WARNING -     Column mismatch: Found 4, expected 7
[2026-01-22T18:28:09.663+0000] {filesystem.py:48} INFO - Saved file to /opt/***/local_data/silver/liquicomun/2026/01/A2_enrttrsu_20260101_20260131.parquet
[2026-01-22T18:28:09.669+0000] {liquicomun_parquet.py:164} INFO -     Saved Parquet: silver/liquicomun/2026/01/A2_enrttrsu_20260101_20260131.parquet
[2026-01-22T18:28:09.678+0000] {liquicomun_parquet.py:73} INFO -   Processing A2_ensecqhba_20260101_20260131 -> ensecqhba
[2026-01-22T18:28:09.738+0000] {liquicomun_parquet.py:104} WARNING -     Column mismatch: Found 4, expected 7
[2026-01-22T18:28:10.777+0000] {filesystem.py:48} INFO - Saved file to /opt/***/local_data/silver/liquicomun/2026/01/A2_ensecqhba_20260101_20260131.parquet
[2026-01-22T18:28:10.784+0000] {liquicomun_parquet.py:164} INFO -     Saved Parquet: silver/liquicomun/2026/01/A2_ensecqhba_20260101_20260131.parquet
[2026-01-22T18:28:10.791+0000] {liquicomun_parquet.py:73} INFO -   Processing A2_ensecqhsu_20260101_20260131 -> ensecqhsu
[2026-01-22T18:28:10.876+0000] {liquicomun_parquet.py:104} WARNING -     Column mismatch: Found 4, expected 7
[2026-01-22T18:28:11.225+0000] {filesystem.py:48} INFO - Saved file to /opt/***/local_data/silver/liquicomun/2026/01/A2_ensecqhsu_20260101_20260131.parquet
[2026-01-22T18:28:11.226+0000] {liquicomun_parquet.py:164} INFO -     Saved Parquet: silver/liquicomun/2026/01/A2_ensecqhsu_20260101_20260131.parquet
[2026-01-22T18:28:11.227+0000] {liquicomun_parquet.py:73} INFO -   Processing A2_enterqhba_20260101_20260131 -> enterqhba
[2026-01-22T18:28:11.332+0000] {liquicomun_parquet.py:104} WARNING -     Column mismatch: Found 4, expected 7
[2026-01-22T18:28:11.782+0000] {filesystem.py:48} INFO - Saved file to /opt/***/local_data/silver/liquicomun/2026/01/A2_enterqhba_20260101_20260131.parquet
[2026-01-22T18:28:11.800+0000] {liquicomun_parquet.py:164} INFO -     Saved Parquet: silver/liquicomun/2026/01/A2_enterqhba_20260101_20260131.parquet
[2026-01-22T18:28:11.822+0000] {liquicomun_parquet.py:73} INFO -   Processing A2_enterqhsu_20260101_20260131 -> enterqhsu
[2026-01-22T18:28:11.881+0000] {liquicomun_parquet.py:104} WARNING -     Column mismatch: Found 4, expected 7
[2026-01-22T18:28:12.228+0000] {filesystem.py:48} INFO - Saved file to /opt/***/local_data/silver/liquicomun/2026/01/A2_enterqhsu_20260101_20260131.parquet
[2026-01-22T18:28:12.230+0000] {liquicomun_parquet.py:164} INFO -     Saved Parquet: silver/liquicomun/2026/01/A2_enterqhsu_20260101_20260131.parquet
[2026-01-22T18:28:12.232+0000] {liquicomun_parquet.py:73} INFO -   Processing A2_prdvbaqh_20260101_20260131 -> prdvbaqh
[2026-01-22T18:28:12.337+0000] {liquicomun_parquet.py:104} WARNING -     Column mismatch: Found 4, expected 7
[2026-01-22T18:28:12.664+0000] {filesystem.py:48} INFO - Saved file to /opt/***/local_data/silver/liquicomun/2026/01/A2_prdvbaqh_20260101_20260131.parquet
[2026-01-22T18:28:12.666+0000] {liquicomun_parquet.py:164} INFO -     Saved Parquet: silver/liquicomun/2026/01/A2_prdvbaqh_20260101_20260131.parquet
[2026-01-22T18:28:12.670+0000] {liquicomun_parquet.py:73} INFO -   Processing A2_prdvdatos_20260101_20260131 -> prdvdatos
[2026-01-22T18:28:20.901+0000] {liquicomun_parquet.py:104} WARNING -     Column mismatch: Found 15, expected 18
[2026-01-22T18:28:21.503+0000] {filesystem.py:48} INFO - Saved file to /opt/***/local_data/silver/liquicomun/2026/01/A2_prdvdatos_20260101_20260131.parquet
[2026-01-22T18:28:21.517+0000] {liquicomun_parquet.py:164} INFO -     Saved Parquet: silver/liquicomun/2026/01/A2_prdvdatos_20260101_20260131.parquet
[2026-01-22T18:28:21.528+0000] {liquicomun_parquet.py:73} INFO -   Processing A2_prdvsuqh_20260101_20260131 -> prdvsuqh
[2026-01-22T18:28:21.669+0000] {liquicomun_parquet.py:104} WARNING -     Column mismatch: Found 4, expected 7
[2026-01-22T18:28:22.075+0000] {filesystem.py:48} INFO - Saved file to /opt/***/local_data/silver/liquicomun/2026/01/A2_prdvsuqh_20260101_20260131.parquet
[2026-01-22T18:28:22.099+0000] {liquicomun_parquet.py:164} INFO -     Saved Parquet: silver/liquicomun/2026/01/A2_prdvsuqh_20260101_20260131.parquet
[2026-01-22T18:28:22.147+0000] {python.py:237} INFO - Done. Returned value was: {'start': '2026-01-21', 'end': '2026-01-21'}
[2026-01-22T18:28:22.171+0000] {taskinstance.py:441} INFO - ::group::Post task execution logs
[2026-01-22T18:28:22.379+0000] {taskinstance.py:1206} INFO - Marking task as SUCCESS. dag_id=esios_liquicomun_pipeline, task_id=ingest_silver, run_id=scheduled__2026-01-21T08:00:00+00:00, execution_date=20260121T080000, start_date=20260122T182800, end_date=20260122T182822
[2026-01-22T18:28:22.613+0000] {local_task_job_runner.py:240} INFO - Task exited with return code 0
[2026-01-22T18:28:22.741+0000] {taskinstance.py:3503} INFO - 1 downstream tasks scheduled from follow-on schedule check
[2026-01-22T18:28:22.754+0000] {local_task_job_runner.py:222} INFO - ::endgroup::
