[2026-01-22T18:29:52.896+0000] {local_task_job_runner.py:120} INFO - ::group::Pre task execution logs
[2026-01-22T18:29:53.494+0000] {taskinstance.py:2076} INFO - Dependencies all met for dep_context=non-requeueable deps ti=<TaskInstance: omie_pipeline.process_pdvd manual__2026-01-22T18:29:12.380731+00:00 [queued]>
[2026-01-22T18:29:53.620+0000] {taskinstance.py:2076} INFO - Dependencies all met for dep_context=requeueable deps ti=<TaskInstance: omie_pipeline.process_pdvd manual__2026-01-22T18:29:12.380731+00:00 [queued]>
[2026-01-22T18:29:53.624+0000] {taskinstance.py:2306} INFO - Starting attempt 1 of 2
[2026-01-22T18:29:53.867+0000] {taskinstance.py:2330} INFO - Executing <Task(PythonOperator): process_pdvd> on 2026-01-22 18:29:12.380731+00:00
[2026-01-22T18:29:53.949+0000] {standard_task_runner.py:63} INFO - Started process 412 to run task
[2026-01-22T18:29:53.997+0000] {standard_task_runner.py:90} INFO - Running: ['***', 'tasks', 'run', 'omie_pipeline', 'process_pdvd', 'manual__2026-01-22T18:29:12.380731+00:00', '--job-id', '142', '--raw', '--subdir', 'DAGS_FOLDER/omie_dag.py', '--cfg-path', '/tmp/tmp5hsjlvyw']
[2026-01-22T18:29:54.021+0000] {standard_task_runner.py:91} INFO - Job 142: Subtask process_pdvd
[2026-01-22T18:29:54.698+0000] {task_command.py:426} INFO - Running <TaskInstance: omie_pipeline.process_pdvd manual__2026-01-22T18:29:12.380731+00:00 [running]> on host 2aff4151de2d
[2026-01-22T18:29:55.677+0000] {taskinstance.py:2648} INFO - Exporting env vars: AIRFLOW_CTX_DAG_OWNER='***' AIRFLOW_CTX_DAG_ID='omie_pipeline' AIRFLOW_CTX_TASK_ID='process_pdvd' AIRFLOW_CTX_EXECUTION_DATE='2026-01-22T18:29:12.380731+00:00' AIRFLOW_CTX_TRY_NUMBER='1' AIRFLOW_CTX_DAG_RUN_ID='manual__2026-01-22T18:29:12.380731+00:00'
[2026-01-22T18:29:55.701+0000] {taskinstance.py:430} INFO - ::endgroup::
[2026-01-22T18:29:55.985+0000] {logging_mixin.py:188} INFO - Processing process_pdvd for 2025-01-01 00:00:00 - 2026-01-22 00:00:00
[2026-01-22T18:33:06.497+0000] {filesystem.py:48} INFO - Saved file to /opt/***/local_data/silver/omie/pdvd/2025/01/20250101.parquet
[2026-01-22T18:34:41.523+0000] {database.py:186} INFO - Inserted 54033 rows into 'omie.pdvd'.
[2026-01-22T18:34:41.532+0000] {pdvd.py:125} INFO - Processed pdvd for 20250101
[2026-01-22T18:34:42.796+0000] {filesystem.py:48} INFO - Saved file to /opt/***/local_data/silver/omie/pdvd/2025/01/20250102.parquet
[2026-01-22T18:36:53.355+0000] {database.py:186} INFO - Inserted 55123 rows into 'omie.pdvd'.
[2026-01-22T18:36:53.371+0000] {pdvd.py:125} INFO - Processed pdvd for 20250102
[2026-01-22T18:36:56.368+0000] {filesystem.py:48} INFO - Saved file to /opt/***/local_data/silver/omie/pdvd/2025/01/20250103.parquet
[2026-01-22T18:38:33.223+0000] {database.py:189} ERROR - Error during bulk insert into omie.pdvd: duplicate key value violates unique constraint "pdvd_pkey"
DETAIL:  Key (anio, mes, dia, periodo, codigo_uof)=(2025, 1, 3, 1, ABA1) already exists.
CONTEXT:  COPY pdvd, line 1

[2026-01-22T18:38:33.230+0000] {pdvd.py:127} ERROR - Error processing zip bronze/omie/pdvd/2025/pdvd_202501.zip: duplicate key value violates unique constraint "pdvd_pkey"
DETAIL:  Key (anio, mes, dia, periodo, codigo_uof)=(2025, 1, 3, 1, ABA1) already exists.
CONTEXT:  COPY pdvd, line 1

[2026-01-22T18:38:34.451+0000] {filesystem.py:48} INFO - Saved file to /opt/***/local_data/silver/omie/pdvd/2025/01/20250104.parquet
[2026-01-22T18:39:55.909+0000] {database.py:186} INFO - Inserted 54944 rows into 'omie.pdvd'.
[2026-01-22T18:39:55.957+0000] {pdvd.py:125} INFO - Processed pdvd for 20250104
[2026-01-22T18:39:57.161+0000] {filesystem.py:48} INFO - Saved file to /opt/***/local_data/silver/omie/pdvd/2025/01/20250105.parquet
[2026-01-22T18:41:24.381+0000] {database.py:186} INFO - Inserted 54548 rows into 'omie.pdvd'.
[2026-01-22T18:41:24.392+0000] {pdvd.py:125} INFO - Processed pdvd for 20250105
[2026-01-22T18:41:25.604+0000] {filesystem.py:48} INFO - Saved file to /opt/***/local_data/silver/omie/pdvd/2025/01/20250106.parquet
[2026-01-22T18:42:50.190+0000] {database.py:186} INFO - Inserted 54689 rows into 'omie.pdvd'.
[2026-01-22T18:42:50.194+0000] {pdvd.py:125} INFO - Processed pdvd for 20250106
[2026-01-22T18:42:51.961+0000] {filesystem.py:48} INFO - Saved file to /opt/***/local_data/silver/omie/pdvd/2025/01/20250107.parquet
[2026-01-22T18:44:05.247+0000] {database.py:186} INFO - Inserted 56060 rows into 'omie.pdvd'.
[2026-01-22T18:44:05.293+0000] {pdvd.py:125} INFO - Processed pdvd for 20250107
[2026-01-22T18:44:06.689+0000] {filesystem.py:48} INFO - Saved file to /opt/***/local_data/silver/omie/pdvd/2025/01/20250108.parquet
[2026-01-22T18:46:10.880+0000] {database.py:186} INFO - Inserted 55714 rows into 'omie.pdvd'.
[2026-01-22T18:46:10.891+0000] {pdvd.py:125} INFO - Processed pdvd for 20250108
[2026-01-22T18:46:14.631+0000] {filesystem.py:48} INFO - Saved file to /opt/***/local_data/silver/omie/pdvd/2025/01/20250109.parquet
[2026-01-22T18:48:27.763+0000] {database.py:189} ERROR - Error during bulk insert into omie.pdvd: duplicate key value violates unique constraint "pdvd_pkey"
DETAIL:  Key (anio, mes, dia, periodo, codigo_uof)=(2025, 1, 9, 1, ABA1) already exists.
CONTEXT:  COPY pdvd, line 1

[2026-01-22T18:48:27.766+0000] {pdvd.py:127} ERROR - Error processing zip bronze/omie/pdvd/2025/pdvd_202501.zip: duplicate key value violates unique constraint "pdvd_pkey"
DETAIL:  Key (anio, mes, dia, periodo, codigo_uof)=(2025, 1, 9, 1, ABA1) already exists.
CONTEXT:  COPY pdvd, line 1

[2026-01-22T18:48:28.745+0000] {filesystem.py:48} INFO - Saved file to /opt/***/local_data/silver/omie/pdvd/2025/01/20250110.parquet
[2026-01-22T18:50:38.839+0000] {database.py:186} INFO - Inserted 56225 rows into 'omie.pdvd'.
[2026-01-22T18:50:38.851+0000] {pdvd.py:125} INFO - Processed pdvd for 20250110
[2026-01-22T18:50:40.539+0000] {filesystem.py:48} INFO - Saved file to /opt/***/local_data/silver/omie/pdvd/2025/01/20250111.parquet
[2026-01-22T18:53:58.672+0000] {database.py:186} INFO - Inserted 55788 rows into 'omie.pdvd'.
[2026-01-22T18:53:59.053+0000] {pdvd.py:125} INFO - Processed pdvd for 20250111
[2026-01-22T18:54:06.781+0000] {filesystem.py:48} INFO - Saved file to /opt/***/local_data/silver/omie/pdvd/2025/01/20250112.parquet
[2026-01-22T18:56:38.163+0000] {database.py:186} INFO - Inserted 55846 rows into 'omie.pdvd'.
[2026-01-22T18:56:38.278+0000] {pdvd.py:125} INFO - Processed pdvd for 20250112
[2026-01-22T18:56:41.863+0000] {filesystem.py:48} INFO - Saved file to /opt/***/local_data/silver/omie/pdvd/2025/01/20250113.parquet
[2026-01-22T18:59:32.334+0000] {database.py:186} INFO - Inserted 56082 rows into 'omie.pdvd'.
[2026-01-22T18:59:32.655+0000] {pdvd.py:125} INFO - Processed pdvd for 20250113
[2026-01-22T18:59:41.353+0000] {filesystem.py:48} INFO - Saved file to /opt/***/local_data/silver/omie/pdvd/2025/01/20250114.parquet
[2026-01-22T19:04:10.068+0000] {database.py:189} ERROR - Error during bulk insert into omie.pdvd: duplicate key value violates unique constraint "pdvd_pkey"
DETAIL:  Key (anio, mes, dia, periodo, codigo_uof)=(2025, 1, 14, 1, ABA1) already exists.
CONTEXT:  COPY pdvd, line 1

[2026-01-22T19:04:10.557+0000] {pdvd.py:127} ERROR - Error processing zip bronze/omie/pdvd/2025/pdvd_202501.zip: duplicate key value violates unique constraint "pdvd_pkey"
DETAIL:  Key (anio, mes, dia, periodo, codigo_uof)=(2025, 1, 14, 1, ABA1) already exists.
CONTEXT:  COPY pdvd, line 1

[2026-01-22T19:04:35.014+0000] {filesystem.py:48} INFO - Saved file to /opt/***/local_data/silver/omie/pdvd/2025/01/20250115.parquet
[2026-01-22T19:07:37.423+0000] {database.py:186} INFO - Inserted 55881 rows into 'omie.pdvd'.
[2026-01-22T19:07:37.730+0000] {pdvd.py:125} INFO - Processed pdvd for 20250115
[2026-01-22T19:07:53.417+0000] {filesystem.py:48} INFO - Saved file to /opt/***/local_data/silver/omie/pdvd/2025/01/20250116.parquet
[2026-01-22T19:09:51.329+0000] {database.py:189} ERROR - Error during bulk insert into omie.pdvd: duplicate key value violates unique constraint "pdvd_pkey"
DETAIL:  Key (anio, mes, dia, periodo, codigo_uof)=(2025, 1, 16, 1, ABOUC01) already exists.
CONTEXT:  COPY pdvd, line 1

[2026-01-22T19:09:51.349+0000] {pdvd.py:127} ERROR - Error processing zip bronze/omie/pdvd/2025/pdvd_202501.zip: duplicate key value violates unique constraint "pdvd_pkey"
DETAIL:  Key (anio, mes, dia, periodo, codigo_uof)=(2025, 1, 16, 1, ABOUC01) already exists.
CONTEXT:  COPY pdvd, line 1

[2026-01-22T19:09:53.267+0000] {filesystem.py:48} INFO - Saved file to /opt/***/local_data/silver/omie/pdvd/2025/01/20250117.parquet
[2026-01-22T19:11:43.264+0000] {database.py:189} ERROR - Error during bulk insert into omie.pdvd: duplicate key value violates unique constraint "pdvd_pkey"
DETAIL:  Key (anio, mes, dia, periodo, codigo_uof)=(2025, 1, 17, 1, ABA1) already exists.
CONTEXT:  COPY pdvd, line 1

[2026-01-22T19:11:43.267+0000] {pdvd.py:127} ERROR - Error processing zip bronze/omie/pdvd/2025/pdvd_202501.zip: duplicate key value violates unique constraint "pdvd_pkey"
DETAIL:  Key (anio, mes, dia, periodo, codigo_uof)=(2025, 1, 17, 1, ABA1) already exists.
CONTEXT:  COPY pdvd, line 1

[2026-01-22T19:11:44.141+0000] {filesystem.py:48} INFO - Saved file to /opt/***/local_data/silver/omie/pdvd/2025/01/20250118.parquet
[2026-01-22T19:14:05.387+0000] {database.py:186} INFO - Inserted 56042 rows into 'omie.pdvd'.
[2026-01-22T19:14:05.396+0000] {pdvd.py:125} INFO - Processed pdvd for 20250118
[2026-01-22T19:14:07.278+0000] {filesystem.py:48} INFO - Saved file to /opt/***/local_data/silver/omie/pdvd/2025/01/20250119.parquet
[2026-01-22T19:16:40.680+0000] {database.py:186} INFO - Inserted 55570 rows into 'omie.pdvd'.
[2026-01-22T19:16:40.693+0000] {pdvd.py:125} INFO - Processed pdvd for 20250119
[2026-01-22T19:16:41.703+0000] {filesystem.py:48} INFO - Saved file to /opt/***/local_data/silver/omie/pdvd/2025/01/20250120.parquet
[2026-01-22T19:18:44.511+0000] {database.py:186} INFO - Inserted 56192 rows into 'omie.pdvd'.
[2026-01-22T19:18:44.529+0000] {pdvd.py:125} INFO - Processed pdvd for 20250120
[2026-01-22T19:18:46.290+0000] {filesystem.py:48} INFO - Saved file to /opt/***/local_data/silver/omie/pdvd/2025/01/20250121.parquet
[2026-01-22T19:21:23.909+0000] {database.py:189} ERROR - Error during bulk insert into omie.pdvd: duplicate key value violates unique constraint "pdvd_pkey"
DETAIL:  Key (anio, mes, dia, periodo, codigo_uof)=(2025, 1, 21, 1, ABA1) already exists.
CONTEXT:  COPY pdvd, line 1

[2026-01-22T19:21:23.912+0000] {pdvd.py:127} ERROR - Error processing zip bronze/omie/pdvd/2025/pdvd_202501.zip: duplicate key value violates unique constraint "pdvd_pkey"
DETAIL:  Key (anio, mes, dia, periodo, codigo_uof)=(2025, 1, 21, 1, ABA1) already exists.
CONTEXT:  COPY pdvd, line 1

[2026-01-22T19:21:24.937+0000] {filesystem.py:48} INFO - Saved file to /opt/***/local_data/silver/omie/pdvd/2025/01/20250122.parquet
[2026-01-22T19:24:31.235+0000] {database.py:189} ERROR - Error during bulk insert into omie.pdvd: duplicate key value violates unique constraint "pdvd_pkey"
DETAIL:  Key (anio, mes, dia, periodo, codigo_uof)=(2025, 1, 22, 1, ABOUC01) already exists.
CONTEXT:  COPY pdvd, line 1

[2026-01-22T19:24:31.254+0000] {pdvd.py:127} ERROR - Error processing zip bronze/omie/pdvd/2025/pdvd_202501.zip: duplicate key value violates unique constraint "pdvd_pkey"
DETAIL:  Key (anio, mes, dia, periodo, codigo_uof)=(2025, 1, 22, 1, ABOUC01) already exists.
CONTEXT:  COPY pdvd, line 1

[2026-01-22T19:24:33.103+0000] {filesystem.py:48} INFO - Saved file to /opt/***/local_data/silver/omie/pdvd/2025/01/20250123.parquet
[2026-01-22T19:26:36.676+0000] {database.py:186} INFO - Inserted 56402 rows into 'omie.pdvd'.
[2026-01-22T19:26:36.682+0000] {pdvd.py:125} INFO - Processed pdvd for 20250123
[2026-01-22T19:26:37.789+0000] {filesystem.py:48} INFO - Saved file to /opt/***/local_data/silver/omie/pdvd/2025/01/20250124.parquet
[2026-01-22T19:29:20.618+0000] {database.py:186} INFO - Inserted 56328 rows into 'omie.pdvd'.
[2026-01-22T19:29:20.623+0000] {pdvd.py:125} INFO - Processed pdvd for 20250124
[2026-01-22T19:29:21.753+0000] {filesystem.py:48} INFO - Saved file to /opt/***/local_data/silver/omie/pdvd/2025/01/20250125.parquet
[2026-01-22T19:30:39.881+0000] {database.py:186} INFO - Inserted 55727 rows into 'omie.pdvd'.
[2026-01-22T19:30:39.917+0000] {pdvd.py:125} INFO - Processed pdvd for 20250125
[2026-01-22T19:30:41.042+0000] {filesystem.py:48} INFO - Saved file to /opt/***/local_data/silver/omie/pdvd/2025/01/20250126.parquet
[2026-01-22T19:32:28.496+0000] {database.py:186} INFO - Inserted 54716 rows into 'omie.pdvd'.
[2026-01-22T19:32:28.501+0000] {pdvd.py:125} INFO - Processed pdvd for 20250126
[2026-01-22T19:32:29.589+0000] {filesystem.py:48} INFO - Saved file to /opt/***/local_data/silver/omie/pdvd/2025/01/20250127.parquet
[2026-01-22T19:34:30.891+0000] {database.py:189} ERROR - Error during bulk insert into omie.pdvd: duplicate key value violates unique constraint "pdvd_pkey"
DETAIL:  Key (anio, mes, dia, periodo, codigo_uof)=(2025, 1, 27, 1, ABA1) already exists.
CONTEXT:  COPY pdvd, line 1

[2026-01-22T19:34:30.908+0000] {pdvd.py:127} ERROR - Error processing zip bronze/omie/pdvd/2025/pdvd_202501.zip: duplicate key value violates unique constraint "pdvd_pkey"
DETAIL:  Key (anio, mes, dia, periodo, codigo_uof)=(2025, 1, 27, 1, ABA1) already exists.
CONTEXT:  COPY pdvd, line 1

[2026-01-22T19:34:32.745+0000] {filesystem.py:48} INFO - Saved file to /opt/***/local_data/silver/omie/pdvd/2025/01/20250128.parquet
[2026-01-22T19:36:34.316+0000] {database.py:189} ERROR - Error during bulk insert into omie.pdvd: duplicate key value violates unique constraint "pdvd_pkey"
DETAIL:  Key (anio, mes, dia, periodo, codigo_uof)=(2025, 1, 28, 1, ABA1) already exists.
CONTEXT:  COPY pdvd, line 1

[2026-01-22T19:36:34.346+0000] {pdvd.py:127} ERROR - Error processing zip bronze/omie/pdvd/2025/pdvd_202501.zip: duplicate key value violates unique constraint "pdvd_pkey"
DETAIL:  Key (anio, mes, dia, periodo, codigo_uof)=(2025, 1, 28, 1, ABA1) already exists.
CONTEXT:  COPY pdvd, line 1

[2026-01-22T19:36:36.381+0000] {filesystem.py:48} INFO - Saved file to /opt/***/local_data/silver/omie/pdvd/2025/01/20250129.parquet
[2026-01-22T19:38:11.326+0000] {database.py:186} INFO - Inserted 55814 rows into 'omie.pdvd'.
[2026-01-22T19:38:11.339+0000] {pdvd.py:125} INFO - Processed pdvd for 20250129
[2026-01-22T19:38:12.848+0000] {filesystem.py:48} INFO - Saved file to /opt/***/local_data/silver/omie/pdvd/2025/01/20250130.parquet
[2026-01-22T19:39:32.259+0000] {database.py:186} INFO - Inserted 56598 rows into 'omie.pdvd'.
[2026-01-22T19:39:32.263+0000] {pdvd.py:125} INFO - Processed pdvd for 20250130
[2026-01-22T19:39:33.378+0000] {filesystem.py:48} INFO - Saved file to /opt/***/local_data/silver/omie/pdvd/2025/01/20250131.parquet
[2026-01-22T19:40:36.372+0000] {database.py:186} INFO - Inserted 56796 rows into 'omie.pdvd'.
[2026-01-22T19:40:36.391+0000] {pdvd.py:125} INFO - Processed pdvd for 20250131
[2026-01-22T19:40:37.781+0000] {filesystem.py:48} INFO - Saved file to /opt/***/local_data/silver/omie/pdvd/2025/02/20250201.parquet
[2026-01-22T19:42:49.930+0000] {database.py:186} INFO - Inserted 56389 rows into 'omie.pdvd'.
[2026-01-22T19:42:49.938+0000] {pdvd.py:125} INFO - Processed pdvd for 20250201
[2026-01-22T19:42:51.353+0000] {filesystem.py:48} INFO - Saved file to /opt/***/local_data/silver/omie/pdvd/2025/02/20250202.parquet
[2026-01-22T19:44:07.803+0000] {database.py:186} INFO - Inserted 55944 rows into 'omie.pdvd'.
[2026-01-22T19:44:07.805+0000] {pdvd.py:125} INFO - Processed pdvd for 20250202
[2026-01-22T19:44:08.861+0000] {filesystem.py:48} INFO - Saved file to /opt/***/local_data/silver/omie/pdvd/2025/02/20250203.parquet
[2026-01-22T19:46:27.558+0000] {database.py:186} INFO - Inserted 57142 rows into 'omie.pdvd'.
[2026-01-22T19:46:27.562+0000] {pdvd.py:125} INFO - Processed pdvd for 20250203
[2026-01-22T19:46:28.533+0000] {filesystem.py:48} INFO - Saved file to /opt/***/local_data/silver/omie/pdvd/2025/02/20250204.parquet
[2026-01-22T19:49:00.755+0000] {database.py:189} ERROR - Error during bulk insert into omie.pdvd: duplicate key value violates unique constraint "pdvd_pkey"
DETAIL:  Key (anio, mes, dia, periodo, codigo_uof)=(2025, 2, 4, 1, ABA1) already exists.
CONTEXT:  COPY pdvd, line 1

[2026-01-22T19:49:00.790+0000] {pdvd.py:127} ERROR - Error processing zip bronze/omie/pdvd/2025/pdvd_202502.zip: duplicate key value violates unique constraint "pdvd_pkey"
DETAIL:  Key (anio, mes, dia, periodo, codigo_uof)=(2025, 2, 4, 1, ABA1) already exists.
CONTEXT:  COPY pdvd, line 1

[2026-01-22T19:49:02.747+0000] {filesystem.py:48} INFO - Saved file to /opt/***/local_data/silver/omie/pdvd/2025/02/20250205.parquet
[2026-01-22T19:51:16.908+0000] {database.py:189} ERROR - Error during bulk insert into omie.pdvd: duplicate key value violates unique constraint "pdvd_pkey"
DETAIL:  Key (anio, mes, dia, periodo, codigo_uof)=(2025, 2, 5, 1, ABA1) already exists.
CONTEXT:  COPY pdvd, line 1

[2026-01-22T19:51:16.914+0000] {pdvd.py:127} ERROR - Error processing zip bronze/omie/pdvd/2025/pdvd_202502.zip: duplicate key value violates unique constraint "pdvd_pkey"
DETAIL:  Key (anio, mes, dia, periodo, codigo_uof)=(2025, 2, 5, 1, ABA1) already exists.
CONTEXT:  COPY pdvd, line 1

[2026-01-22T19:51:17.798+0000] {filesystem.py:48} INFO - Saved file to /opt/***/local_data/silver/omie/pdvd/2025/02/20250206.parquet
[2026-01-22T19:54:01.254+0000] {database.py:189} ERROR - Error during bulk insert into omie.pdvd: duplicate key value violates unique constraint "pdvd_pkey"
DETAIL:  Key (anio, mes, dia, periodo, codigo_uof)=(2025, 2, 6, 1, ABA1) already exists.
CONTEXT:  COPY pdvd, line 1

[2026-01-22T19:54:01.256+0000] {pdvd.py:127} ERROR - Error processing zip bronze/omie/pdvd/2025/pdvd_202502.zip: duplicate key value violates unique constraint "pdvd_pkey"
DETAIL:  Key (anio, mes, dia, periodo, codigo_uof)=(2025, 2, 6, 1, ABA1) already exists.
CONTEXT:  COPY pdvd, line 1

[2026-01-22T19:54:01.874+0000] {filesystem.py:48} INFO - Saved file to /opt/***/local_data/silver/omie/pdvd/2025/02/20250207.parquet
[2026-01-22T19:55:43.691+0000] {database.py:186} INFO - Inserted 56954 rows into 'omie.pdvd'.
[2026-01-22T19:55:43.702+0000] {pdvd.py:125} INFO - Processed pdvd for 20250207
[2026-01-22T19:55:46.198+0000] {filesystem.py:48} INFO - Saved file to /opt/***/local_data/silver/omie/pdvd/2025/02/20250208.parquet
[2026-01-22T19:57:25.519+0000] {database.py:186} INFO - Inserted 56806 rows into 'omie.pdvd'.
[2026-01-22T19:57:25.525+0000] {pdvd.py:125} INFO - Processed pdvd for 20250208
[2026-01-22T19:57:26.368+0000] {filesystem.py:48} INFO - Saved file to /opt/***/local_data/silver/omie/pdvd/2025/02/20250209.parquet
[2026-01-22T19:58:35.405+0000] {database.py:186} INFO - Inserted 56606 rows into 'omie.pdvd'.
[2026-01-22T19:58:35.407+0000] {pdvd.py:125} INFO - Processed pdvd for 20250209
[2026-01-22T19:58:36.535+0000] {filesystem.py:48} INFO - Saved file to /opt/***/local_data/silver/omie/pdvd/2025/02/20250210.parquet
[2026-01-22T20:00:19.653+0000] {database.py:186} INFO - Inserted 56901 rows into 'omie.pdvd'.
[2026-01-22T20:00:19.664+0000] {pdvd.py:125} INFO - Processed pdvd for 20250210
[2026-01-22T20:00:28.867+0000] {filesystem.py:48} INFO - Saved file to /opt/***/local_data/silver/omie/pdvd/2025/02/20250211.parquet
[2026-01-22T20:01:47.503+0000] {database.py:186} INFO - Inserted 57136 rows into 'omie.pdvd'.
[2026-01-22T20:01:47.506+0000] {pdvd.py:125} INFO - Processed pdvd for 20250211
[2026-01-22T20:01:48.109+0000] {filesystem.py:48} INFO - Saved file to /opt/***/local_data/silver/omie/pdvd/2025/02/20250212.parquet
[2026-01-22T20:03:47.772+0000] {database.py:189} ERROR - Error during bulk insert into omie.pdvd: duplicate key value violates unique constraint "pdvd_pkey"
DETAIL:  Key (anio, mes, dia, periodo, codigo_uof)=(2025, 2, 12, 1, ABOUC01) already exists.
CONTEXT:  COPY pdvd, line 1

[2026-01-22T20:03:47.783+0000] {pdvd.py:127} ERROR - Error processing zip bronze/omie/pdvd/2025/pdvd_202502.zip: duplicate key value violates unique constraint "pdvd_pkey"
DETAIL:  Key (anio, mes, dia, periodo, codigo_uof)=(2025, 2, 12, 1, ABOUC01) already exists.
CONTEXT:  COPY pdvd, line 1

[2026-01-22T20:03:48.377+0000] {filesystem.py:48} INFO - Saved file to /opt/***/local_data/silver/omie/pdvd/2025/02/20250213.parquet
[2026-01-22T20:04:52.367+0000] {database.py:189} ERROR - Error during bulk insert into omie.pdvd: duplicate key value violates unique constraint "pdvd_pkey"
DETAIL:  Key (anio, mes, dia, periodo, codigo_uof)=(2025, 2, 13, 1, ABA1) already exists.
CONTEXT:  COPY pdvd, line 1

[2026-01-22T20:04:52.371+0000] {pdvd.py:127} ERROR - Error processing zip bronze/omie/pdvd/2025/pdvd_202502.zip: duplicate key value violates unique constraint "pdvd_pkey"
DETAIL:  Key (anio, mes, dia, periodo, codigo_uof)=(2025, 2, 13, 1, ABA1) already exists.
CONTEXT:  COPY pdvd, line 1

[2026-01-22T20:04:52.938+0000] {filesystem.py:48} INFO - Saved file to /opt/***/local_data/silver/omie/pdvd/2025/02/20250214.parquet
[2026-01-22T20:06:08.277+0000] {database.py:189} ERROR - Error during bulk insert into omie.pdvd: duplicate key value violates unique constraint "pdvd_pkey"
DETAIL:  Key (anio, mes, dia, periodo, codigo_uof)=(2025, 2, 14, 1, ABA1) already exists.
CONTEXT:  COPY pdvd, line 1

[2026-01-22T20:06:08.279+0000] {pdvd.py:127} ERROR - Error processing zip bronze/omie/pdvd/2025/pdvd_202502.zip: duplicate key value violates unique constraint "pdvd_pkey"
DETAIL:  Key (anio, mes, dia, periodo, codigo_uof)=(2025, 2, 14, 1, ABA1) already exists.
CONTEXT:  COPY pdvd, line 1

[2026-01-22T20:06:08.924+0000] {filesystem.py:48} INFO - Saved file to /opt/***/local_data/silver/omie/pdvd/2025/02/20250215.parquet
[2026-01-22T20:06:56.546+0000] {database.py:186} INFO - Inserted 57541 rows into 'omie.pdvd'.
[2026-01-22T20:06:56.611+0000] {pdvd.py:125} INFO - Processed pdvd for 20250215
[2026-01-22T20:06:59.421+0000] {filesystem.py:48} INFO - Saved file to /opt/***/local_data/silver/omie/pdvd/2025/02/20250216.parquet
[2026-01-22T20:08:16.265+0000] {database.py:186} INFO - Inserted 57330 rows into 'omie.pdvd'.
[2026-01-22T20:08:16.267+0000] {pdvd.py:125} INFO - Processed pdvd for 20250216
[2026-01-22T20:08:16.778+0000] {filesystem.py:48} INFO - Saved file to /opt/***/local_data/silver/omie/pdvd/2025/02/20250217.parquet
[2026-01-22T20:09:17.527+0000] {database.py:186} INFO - Inserted 58274 rows into 'omie.pdvd'.
[2026-01-22T20:09:17.529+0000] {pdvd.py:125} INFO - Processed pdvd for 20250217
[2026-01-22T20:09:17.819+0000] {filesystem.py:48} INFO - Saved file to /opt/***/local_data/silver/omie/pdvd/2025/02/20250218.parquet
[2026-01-22T20:10:06.936+0000] {database.py:189} ERROR - Error during bulk insert into omie.pdvd: duplicate key value violates unique constraint "pdvd_pkey"
DETAIL:  Key (anio, mes, dia, periodo, codigo_uof)=(2025, 2, 18, 1, ABA1) already exists.
CONTEXT:  COPY pdvd, line 1

[2026-01-22T20:10:06.940+0000] {pdvd.py:127} ERROR - Error processing zip bronze/omie/pdvd/2025/pdvd_202502.zip: duplicate key value violates unique constraint "pdvd_pkey"
DETAIL:  Key (anio, mes, dia, periodo, codigo_uof)=(2025, 2, 18, 1, ABA1) already exists.
CONTEXT:  COPY pdvd, line 1

[2026-01-22T20:10:07.387+0000] {filesystem.py:48} INFO - Saved file to /opt/***/local_data/silver/omie/pdvd/2025/02/20250219.parquet
[2026-01-22T20:10:58.735+0000] {database.py:186} INFO - Inserted 58259 rows into 'omie.pdvd'.
[2026-01-22T20:10:58.740+0000] {pdvd.py:125} INFO - Processed pdvd for 20250219
[2026-01-22T20:10:59.720+0000] {filesystem.py:48} INFO - Saved file to /opt/***/local_data/silver/omie/pdvd/2025/02/20250220.parquet
[2026-01-22T20:12:14.019+0000] {database.py:189} ERROR - Error during bulk insert into omie.pdvd: duplicate key value violates unique constraint "pdvd_pkey"
DETAIL:  Key (anio, mes, dia, periodo, codigo_uof)=(2025, 2, 20, 1, ABA1) already exists.
CONTEXT:  COPY pdvd, line 1

[2026-01-22T20:12:14.021+0000] {pdvd.py:127} ERROR - Error processing zip bronze/omie/pdvd/2025/pdvd_202502.zip: duplicate key value violates unique constraint "pdvd_pkey"
DETAIL:  Key (anio, mes, dia, periodo, codigo_uof)=(2025, 2, 20, 1, ABA1) already exists.
CONTEXT:  COPY pdvd, line 1

[2026-01-22T20:12:14.537+0000] {filesystem.py:48} INFO - Saved file to /opt/***/local_data/silver/omie/pdvd/2025/02/20250221.parquet
[2026-01-22T20:13:33.282+0000] {database.py:189} ERROR - Error during bulk insert into omie.pdvd: duplicate key value violates unique constraint "pdvd_pkey"
DETAIL:  Key (anio, mes, dia, periodo, codigo_uof)=(2025, 2, 21, 1, ABA1) already exists.
CONTEXT:  COPY pdvd, line 1

[2026-01-22T20:13:33.284+0000] {pdvd.py:127} ERROR - Error processing zip bronze/omie/pdvd/2025/pdvd_202502.zip: duplicate key value violates unique constraint "pdvd_pkey"
DETAIL:  Key (anio, mes, dia, periodo, codigo_uof)=(2025, 2, 21, 1, ABA1) already exists.
CONTEXT:  COPY pdvd, line 1

[2026-01-22T20:13:33.690+0000] {filesystem.py:48} INFO - Saved file to /opt/***/local_data/silver/omie/pdvd/2025/02/20250222.parquet
[2026-01-22T20:14:15.959+0000] {database.py:186} INFO - Inserted 57521 rows into 'omie.pdvd'.
[2026-01-22T20:14:15.960+0000] {pdvd.py:125} INFO - Processed pdvd for 20250222
[2026-01-22T20:14:16.378+0000] {filesystem.py:48} INFO - Saved file to /opt/***/local_data/silver/omie/pdvd/2025/02/20250223.parquet
[2026-01-22T20:14:52.226+0000] {database.py:189} ERROR - Error during bulk insert into omie.pdvd: duplicate key value violates unique constraint "pdvd_pkey"
DETAIL:  Key (anio, mes, dia, periodo, codigo_uof)=(2025, 2, 23, 1, ABA1) already exists.
CONTEXT:  COPY pdvd, line 1

[2026-01-22T20:14:52.229+0000] {pdvd.py:127} ERROR - Error processing zip bronze/omie/pdvd/2025/pdvd_202502.zip: duplicate key value violates unique constraint "pdvd_pkey"
DETAIL:  Key (anio, mes, dia, periodo, codigo_uof)=(2025, 2, 23, 1, ABA1) already exists.
CONTEXT:  COPY pdvd, line 1

[2026-01-22T20:14:52.543+0000] {filesystem.py:48} INFO - Saved file to /opt/***/local_data/silver/omie/pdvd/2025/02/20250224.parquet
[2026-01-22T20:15:20.940+0000] {database.py:189} ERROR - Error during bulk insert into omie.pdvd: duplicate key value violates unique constraint "pdvd_pkey"
DETAIL:  Key (anio, mes, dia, periodo, codigo_uof)=(2025, 2, 24, 1, ABA1) already exists.
CONTEXT:  COPY pdvd, line 1

[2026-01-22T20:15:20.942+0000] {pdvd.py:127} ERROR - Error processing zip bronze/omie/pdvd/2025/pdvd_202502.zip: duplicate key value violates unique constraint "pdvd_pkey"
DETAIL:  Key (anio, mes, dia, periodo, codigo_uof)=(2025, 2, 24, 1, ABA1) already exists.
CONTEXT:  COPY pdvd, line 1

[2026-01-22T20:15:21.314+0000] {filesystem.py:48} INFO - Saved file to /opt/***/local_data/silver/omie/pdvd/2025/02/20250225.parquet
[2026-01-22T20:16:12.009+0000] {database.py:186} INFO - Inserted 58077 rows into 'omie.pdvd'.
[2026-01-22T20:16:12.010+0000] {pdvd.py:125} INFO - Processed pdvd for 20250225
[2026-01-22T20:16:12.464+0000] {filesystem.py:48} INFO - Saved file to /opt/***/local_data/silver/omie/pdvd/2025/02/20250226.parquet
[2026-01-22T20:16:50.715+0000] {database.py:186} INFO - Inserted 58768 rows into 'omie.pdvd'.
[2026-01-22T20:16:50.719+0000] {pdvd.py:125} INFO - Processed pdvd for 20250226
[2026-01-22T20:16:51.003+0000] {filesystem.py:48} INFO - Saved file to /opt/***/local_data/silver/omie/pdvd/2025/02/20250227.parquet
[2026-01-22T20:17:21.104+0000] {database.py:186} INFO - Inserted 58424 rows into 'omie.pdvd'.
[2026-01-22T20:17:21.106+0000] {pdvd.py:125} INFO - Processed pdvd for 20250227
[2026-01-22T20:17:21.534+0000] {filesystem.py:48} INFO - Saved file to /opt/***/local_data/silver/omie/pdvd/2025/02/20250228.parquet
[2026-01-22T20:17:45.380+0000] {database.py:189} ERROR - Error during bulk insert into omie.pdvd: duplicate key value violates unique constraint "pdvd_pkey"
DETAIL:  Key (anio, mes, dia, periodo, codigo_uof)=(2025, 2, 28, 1, ABA1) already exists.
CONTEXT:  COPY pdvd, line 1

[2026-01-22T20:17:45.381+0000] {pdvd.py:127} ERROR - Error processing zip bronze/omie/pdvd/2025/pdvd_202502.zip: duplicate key value violates unique constraint "pdvd_pkey"
DETAIL:  Key (anio, mes, dia, periodo, codigo_uof)=(2025, 2, 28, 1, ABA1) already exists.
CONTEXT:  COPY pdvd, line 1

[2026-01-22T20:17:45.770+0000] {filesystem.py:48} INFO - Saved file to /opt/***/local_data/silver/omie/pdvd/2025/03/20250301.parquet
[2026-01-22T20:18:49.798+0000] {database.py:186} INFO - Inserted 57803 rows into 'omie.pdvd'.
[2026-01-22T20:18:49.808+0000] {pdvd.py:125} INFO - Processed pdvd for 20250301
[2026-01-22T20:18:52.573+0000] {filesystem.py:48} INFO - Saved file to /opt/***/local_data/silver/omie/pdvd/2025/03/20250302.parquet
[2026-01-22T20:19:45.548+0000] {database.py:189} ERROR - Error during bulk insert into omie.pdvd: duplicate key value violates unique constraint "pdvd_pkey"
DETAIL:  Key (anio, mes, dia, periodo, codigo_uof)=(2025, 3, 2, 1, ABA1) already exists.
CONTEXT:  COPY pdvd, line 1

[2026-01-22T20:19:45.549+0000] {pdvd.py:127} ERROR - Error processing zip bronze/omie/pdvd/2025/pdvd_202503.zip: duplicate key value violates unique constraint "pdvd_pkey"
DETAIL:  Key (anio, mes, dia, periodo, codigo_uof)=(2025, 3, 2, 1, ABA1) already exists.
CONTEXT:  COPY pdvd, line 1

[2026-01-22T20:19:45.869+0000] {filesystem.py:48} INFO - Saved file to /opt/***/local_data/silver/omie/pdvd/2025/03/20250303.parquet
[2026-01-22T20:20:32.673+0000] {database.py:186} INFO - Inserted 58376 rows into 'omie.pdvd'.
[2026-01-22T20:20:32.675+0000] {pdvd.py:125} INFO - Processed pdvd for 20250303
[2026-01-22T20:20:33.051+0000] {filesystem.py:48} INFO - Saved file to /opt/***/local_data/silver/omie/pdvd/2025/03/20250304.parquet
[2026-01-22T20:21:33.457+0000] {database.py:189} ERROR - Error during bulk insert into omie.pdvd: duplicate key value violates unique constraint "pdvd_pkey"
DETAIL:  Key (anio, mes, dia, periodo, codigo_uof)=(2025, 3, 4, 1, ABA1) already exists.
CONTEXT:  COPY pdvd, line 1

[2026-01-22T20:21:33.458+0000] {pdvd.py:127} ERROR - Error processing zip bronze/omie/pdvd/2025/pdvd_202503.zip: duplicate key value violates unique constraint "pdvd_pkey"
DETAIL:  Key (anio, mes, dia, periodo, codigo_uof)=(2025, 3, 4, 1, ABA1) already exists.
CONTEXT:  COPY pdvd, line 1

[2026-01-22T20:21:33.949+0000] {filesystem.py:48} INFO - Saved file to /opt/***/local_data/silver/omie/pdvd/2025/03/20250305.parquet
[2026-01-22T20:22:35.182+0000] {database.py:189} ERROR - Error during bulk insert into omie.pdvd: duplicate key value violates unique constraint "pdvd_pkey"
DETAIL:  Key (anio, mes, dia, periodo, codigo_uof)=(2025, 3, 5, 1, ABA1) already exists.
CONTEXT:  COPY pdvd, line 1

[2026-01-22T20:22:35.186+0000] {pdvd.py:127} ERROR - Error processing zip bronze/omie/pdvd/2025/pdvd_202503.zip: duplicate key value violates unique constraint "pdvd_pkey"
DETAIL:  Key (anio, mes, dia, periodo, codigo_uof)=(2025, 3, 5, 1, ABA1) already exists.
CONTEXT:  COPY pdvd, line 1

[2026-01-22T20:22:35.772+0000] {filesystem.py:48} INFO - Saved file to /opt/***/local_data/silver/omie/pdvd/2025/03/20250306.parquet
[2026-01-22T20:23:11.015+0000] {database.py:189} ERROR - Error during bulk insert into omie.pdvd: duplicate key value violates unique constraint "pdvd_pkey"
DETAIL:  Key (anio, mes, dia, periodo, codigo_uof)=(2025, 3, 6, 1, ABA1) already exists.
CONTEXT:  COPY pdvd, line 1

[2026-01-22T20:23:11.017+0000] {pdvd.py:127} ERROR - Error processing zip bronze/omie/pdvd/2025/pdvd_202503.zip: duplicate key value violates unique constraint "pdvd_pkey"
DETAIL:  Key (anio, mes, dia, periodo, codigo_uof)=(2025, 3, 6, 1, ABA1) already exists.
CONTEXT:  COPY pdvd, line 1

[2026-01-22T20:23:11.610+0000] {filesystem.py:48} INFO - Saved file to /opt/***/local_data/silver/omie/pdvd/2025/03/20250307.parquet
[2026-01-22T20:23:43.374+0000] {database.py:189} ERROR - Error during bulk insert into omie.pdvd: duplicate key value violates unique constraint "pdvd_pkey"
DETAIL:  Key (anio, mes, dia, periodo, codigo_uof)=(2025, 3, 7, 1, ABA1) already exists.
CONTEXT:  COPY pdvd, line 1

[2026-01-22T20:23:43.376+0000] {pdvd.py:127} ERROR - Error processing zip bronze/omie/pdvd/2025/pdvd_202503.zip: duplicate key value violates unique constraint "pdvd_pkey"
DETAIL:  Key (anio, mes, dia, periodo, codigo_uof)=(2025, 3, 7, 1, ABA1) already exists.
CONTEXT:  COPY pdvd, line 1

[2026-01-22T20:23:43.830+0000] {filesystem.py:48} INFO - Saved file to /opt/***/local_data/silver/omie/pdvd/2025/03/20250308.parquet
[2026-01-22T20:24:33.167+0000] {database.py:186} INFO - Inserted 57396 rows into 'omie.pdvd'.
[2026-01-22T20:24:33.168+0000] {pdvd.py:125} INFO - Processed pdvd for 20250308
[2026-01-22T20:24:33.536+0000] {filesystem.py:48} INFO - Saved file to /opt/***/local_data/silver/omie/pdvd/2025/03/20250309.parquet
[2026-01-22T20:25:02.335+0000] {database.py:186} INFO - Inserted 56951 rows into 'omie.pdvd'.
[2026-01-22T20:25:02.341+0000] {pdvd.py:125} INFO - Processed pdvd for 20250309
[2026-01-22T20:25:02.971+0000] {filesystem.py:48} INFO - Saved file to /opt/***/local_data/silver/omie/pdvd/2025/03/20250310.parquet
[2026-01-22T20:25:42.333+0000] {database.py:189} ERROR - Error during bulk insert into omie.pdvd: duplicate key value violates unique constraint "pdvd_pkey"
DETAIL:  Key (anio, mes, dia, periodo, codigo_uof)=(2025, 3, 10, 1, ABOUC01) already exists.
CONTEXT:  COPY pdvd, line 1

[2026-01-22T20:25:42.335+0000] {pdvd.py:127} ERROR - Error processing zip bronze/omie/pdvd/2025/pdvd_202503.zip: duplicate key value violates unique constraint "pdvd_pkey"
DETAIL:  Key (anio, mes, dia, periodo, codigo_uof)=(2025, 3, 10, 1, ABOUC01) already exists.
CONTEXT:  COPY pdvd, line 1

[2026-01-22T20:25:42.759+0000] {filesystem.py:48} INFO - Saved file to /opt/***/local_data/silver/omie/pdvd/2025/03/20250311.parquet
[2026-01-22T20:26:13.132+0000] {database.py:189} ERROR - Error during bulk insert into omie.pdvd: duplicate key value violates unique constraint "pdvd_pkey"
DETAIL:  Key (anio, mes, dia, periodo, codigo_uof)=(2025, 3, 11, 1, ABA1) already exists.
CONTEXT:  COPY pdvd, line 1

[2026-01-22T20:26:13.133+0000] {pdvd.py:127} ERROR - Error processing zip bronze/omie/pdvd/2025/pdvd_202503.zip: duplicate key value violates unique constraint "pdvd_pkey"
DETAIL:  Key (anio, mes, dia, periodo, codigo_uof)=(2025, 3, 11, 1, ABA1) already exists.
CONTEXT:  COPY pdvd, line 1

[2026-01-22T20:26:13.452+0000] {filesystem.py:48} INFO - Saved file to /opt/***/local_data/silver/omie/pdvd/2025/03/20250312.parquet
[2026-01-22T20:27:00.125+0000] {database.py:189} ERROR - Error during bulk insert into omie.pdvd: duplicate key value violates unique constraint "pdvd_pkey"
DETAIL:  Key (anio, mes, dia, periodo, codigo_uof)=(2025, 3, 12, 1, ABA1) already exists.
CONTEXT:  COPY pdvd, line 1

[2026-01-22T20:27:00.128+0000] {pdvd.py:127} ERROR - Error processing zip bronze/omie/pdvd/2025/pdvd_202503.zip: duplicate key value violates unique constraint "pdvd_pkey"
DETAIL:  Key (anio, mes, dia, periodo, codigo_uof)=(2025, 3, 12, 1, ABA1) already exists.
CONTEXT:  COPY pdvd, line 1

[2026-01-22T20:27:00.656+0000] {filesystem.py:48} INFO - Saved file to /opt/***/local_data/silver/omie/pdvd/2025/03/20250313.parquet
[2026-01-22T20:27:23.219+0000] {database.py:186} INFO - Inserted 58624 rows into 'omie.pdvd'.
[2026-01-22T20:27:23.221+0000] {pdvd.py:125} INFO - Processed pdvd for 20250313
[2026-01-22T20:27:23.655+0000] {filesystem.py:48} INFO - Saved file to /opt/***/local_data/silver/omie/pdvd/2025/03/20250314.parquet
[2026-01-22T20:28:17.880+0000] {database.py:189} ERROR - Error during bulk insert into omie.pdvd: duplicate key value violates unique constraint "pdvd_pkey"
DETAIL:  Key (anio, mes, dia, periodo, codigo_uof)=(2025, 3, 14, 1, ABA1) already exists.
CONTEXT:  COPY pdvd, line 1

[2026-01-22T20:28:17.881+0000] {pdvd.py:127} ERROR - Error processing zip bronze/omie/pdvd/2025/pdvd_202503.zip: duplicate key value violates unique constraint "pdvd_pkey"
DETAIL:  Key (anio, mes, dia, periodo, codigo_uof)=(2025, 3, 14, 1, ABA1) already exists.
CONTEXT:  COPY pdvd, line 1

[2026-01-22T20:28:18.206+0000] {filesystem.py:48} INFO - Saved file to /opt/***/local_data/silver/omie/pdvd/2025/03/20250315.parquet
[2026-01-22T20:28:40.004+0000] {database.py:189} ERROR - Error during bulk insert into omie.pdvd: duplicate key value violates unique constraint "pdvd_pkey"
DETAIL:  Key (anio, mes, dia, periodo, codigo_uof)=(2025, 3, 15, 1, ABA1) already exists.
CONTEXT:  COPY pdvd, line 1

[2026-01-22T20:28:40.006+0000] {pdvd.py:127} ERROR - Error processing zip bronze/omie/pdvd/2025/pdvd_202503.zip: duplicate key value violates unique constraint "pdvd_pkey"
DETAIL:  Key (anio, mes, dia, periodo, codigo_uof)=(2025, 3, 15, 1, ABA1) already exists.
CONTEXT:  COPY pdvd, line 1

[2026-01-22T20:28:40.490+0000] {filesystem.py:48} INFO - Saved file to /opt/***/local_data/silver/omie/pdvd/2025/03/20250316.parquet
[2026-01-22T20:29:05.267+0000] {database.py:189} ERROR - Error during bulk insert into omie.pdvd: duplicate key value violates unique constraint "pdvd_pkey"
DETAIL:  Key (anio, mes, dia, periodo, codigo_uof)=(2025, 3, 16, 1, ABA1) already exists.
CONTEXT:  COPY pdvd, line 1

[2026-01-22T20:29:05.268+0000] {pdvd.py:127} ERROR - Error processing zip bronze/omie/pdvd/2025/pdvd_202503.zip: duplicate key value violates unique constraint "pdvd_pkey"
DETAIL:  Key (anio, mes, dia, periodo, codigo_uof)=(2025, 3, 16, 1, ABA1) already exists.
CONTEXT:  COPY pdvd, line 1

[2026-01-22T20:29:05.643+0000] {filesystem.py:48} INFO - Saved file to /opt/***/local_data/silver/omie/pdvd/2025/03/20250317.parquet
[2026-01-22T20:29:42.332+0000] {database.py:189} ERROR - Error during bulk insert into omie.pdvd: duplicate key value violates unique constraint "pdvd_pkey"
DETAIL:  Key (anio, mes, dia, periodo, codigo_uof)=(2025, 3, 17, 1, ABA1) already exists.
CONTEXT:  COPY pdvd, line 1

[2026-01-22T20:29:42.334+0000] {pdvd.py:127} ERROR - Error processing zip bronze/omie/pdvd/2025/pdvd_202503.zip: duplicate key value violates unique constraint "pdvd_pkey"
DETAIL:  Key (anio, mes, dia, periodo, codigo_uof)=(2025, 3, 17, 1, ABA1) already exists.
CONTEXT:  COPY pdvd, line 1

[2026-01-22T20:29:42.857+0000] {filesystem.py:48} INFO - Saved file to /opt/***/local_data/silver/omie/pdvd/2025/03/20250318.parquet
[2026-01-22T20:30:15.225+0000] {database.py:189} ERROR - Error during bulk insert into omie.pdvd: duplicate key value violates unique constraint "pdvd_pkey"
DETAIL:  Key (anio, mes, dia, periodo, codigo_uof)=(2025, 3, 18, 1, ABA1) already exists.
CONTEXT:  COPY pdvd, line 1

[2026-01-22T20:30:15.226+0000] {pdvd.py:127} ERROR - Error processing zip bronze/omie/pdvd/2025/pdvd_202503.zip: duplicate key value violates unique constraint "pdvd_pkey"
DETAIL:  Key (anio, mes, dia, periodo, codigo_uof)=(2025, 3, 18, 1, ABA1) already exists.
CONTEXT:  COPY pdvd, line 1

[2026-01-22T20:30:19.843+0000] {filesystem.py:48} INFO - Saved file to /opt/***/local_data/silver/omie/pdvd/2025/03/20250319.parquet
[2026-01-22T20:31:01.942+0000] {database.py:189} ERROR - Error during bulk insert into omie.pdvd: duplicate key value violates unique constraint "pdvd_pkey"
DETAIL:  Key (anio, mes, dia, periodo, codigo_uof)=(2025, 3, 19, 1, ABA1) already exists.
CONTEXT:  COPY pdvd, line 1

[2026-01-22T20:31:01.943+0000] {pdvd.py:127} ERROR - Error processing zip bronze/omie/pdvd/2025/pdvd_202503.zip: duplicate key value violates unique constraint "pdvd_pkey"
DETAIL:  Key (anio, mes, dia, periodo, codigo_uof)=(2025, 3, 19, 1, ABA1) already exists.
CONTEXT:  COPY pdvd, line 1

[2026-01-22T20:31:02.973+0000] {filesystem.py:48} INFO - Saved file to /opt/***/local_data/silver/omie/pdvd/2025/03/20250320.parquet
[2026-01-22T20:31:33.814+0000] {database.py:189} ERROR - Error during bulk insert into omie.pdvd: duplicate key value violates unique constraint "pdvd_pkey"
DETAIL:  Key (anio, mes, dia, periodo, codigo_uof)=(2025, 3, 20, 1, ABA1) already exists.
CONTEXT:  COPY pdvd, line 1

[2026-01-22T20:31:33.816+0000] {pdvd.py:127} ERROR - Error processing zip bronze/omie/pdvd/2025/pdvd_202503.zip: duplicate key value violates unique constraint "pdvd_pkey"
DETAIL:  Key (anio, mes, dia, periodo, codigo_uof)=(2025, 3, 20, 1, ABA1) already exists.
CONTEXT:  COPY pdvd, line 1

[2026-01-22T20:31:34.991+0000] {filesystem.py:48} INFO - Saved file to /opt/***/local_data/silver/omie/pdvd/2025/03/20250321.parquet
[2026-01-22T20:32:20.542+0000] {database.py:189} ERROR - Error during bulk insert into omie.pdvd: duplicate key value violates unique constraint "pdvd_pkey"
DETAIL:  Key (anio, mes, dia, periodo, codigo_uof)=(2025, 3, 21, 1, ABA1) already exists.
CONTEXT:  COPY pdvd, line 1

[2026-01-22T20:32:20.544+0000] {pdvd.py:127} ERROR - Error processing zip bronze/omie/pdvd/2025/pdvd_202503.zip: duplicate key value violates unique constraint "pdvd_pkey"
DETAIL:  Key (anio, mes, dia, periodo, codigo_uof)=(2025, 3, 21, 1, ABA1) already exists.
CONTEXT:  COPY pdvd, line 1

[2026-01-22T20:32:22.146+0000] {filesystem.py:48} INFO - Saved file to /opt/***/local_data/silver/omie/pdvd/2025/03/20250322.parquet
[2026-01-22T20:32:53.279+0000] {database.py:189} ERROR - Error during bulk insert into omie.pdvd: duplicate key value violates unique constraint "pdvd_pkey"
DETAIL:  Key (anio, mes, dia, periodo, codigo_uof)=(2025, 3, 22, 1, ABOUC01) already exists.
CONTEXT:  COPY pdvd, line 1

[2026-01-22T20:32:53.280+0000] {pdvd.py:127} ERROR - Error processing zip bronze/omie/pdvd/2025/pdvd_202503.zip: duplicate key value violates unique constraint "pdvd_pkey"
DETAIL:  Key (anio, mes, dia, periodo, codigo_uof)=(2025, 3, 22, 1, ABOUC01) already exists.
CONTEXT:  COPY pdvd, line 1

[2026-01-22T20:32:54.209+0000] {filesystem.py:48} INFO - Saved file to /opt/***/local_data/silver/omie/pdvd/2025/03/20250323.parquet
[2026-01-22T20:33:25.323+0000] {database.py:189} ERROR - Error during bulk insert into omie.pdvd: duplicate key value violates unique constraint "pdvd_pkey"
DETAIL:  Key (anio, mes, dia, periodo, codigo_uof)=(2025, 3, 23, 1, ABOUC01) already exists.
CONTEXT:  COPY pdvd, line 1

[2026-01-22T20:33:25.324+0000] {pdvd.py:127} ERROR - Error processing zip bronze/omie/pdvd/2025/pdvd_202503.zip: duplicate key value violates unique constraint "pdvd_pkey"
DETAIL:  Key (anio, mes, dia, periodo, codigo_uof)=(2025, 3, 23, 1, ABOUC01) already exists.
CONTEXT:  COPY pdvd, line 1

[2026-01-22T20:33:26.370+0000] {filesystem.py:48} INFO - Saved file to /opt/***/local_data/silver/omie/pdvd/2025/03/20250324.parquet
[2026-01-22T20:33:52.850+0000] {database.py:189} ERROR - Error during bulk insert into omie.pdvd: duplicate key value violates unique constraint "pdvd_pkey"
DETAIL:  Key (anio, mes, dia, periodo, codigo_uof)=(2025, 3, 24, 1, ABOUC01) already exists.
CONTEXT:  COPY pdvd, line 1

[2026-01-22T20:33:52.851+0000] {pdvd.py:127} ERROR - Error processing zip bronze/omie/pdvd/2025/pdvd_202503.zip: duplicate key value violates unique constraint "pdvd_pkey"
DETAIL:  Key (anio, mes, dia, periodo, codigo_uof)=(2025, 3, 24, 1, ABOUC01) already exists.
CONTEXT:  COPY pdvd, line 1

[2026-01-22T20:33:53.526+0000] {filesystem.py:48} INFO - Saved file to /opt/***/local_data/silver/omie/pdvd/2025/03/20250325.parquet
[2026-01-22T20:34:33.188+0000] {database.py:189} ERROR - Error during bulk insert into omie.pdvd: duplicate key value violates unique constraint "pdvd_pkey"
DETAIL:  Key (anio, mes, dia, periodo, codigo_uof)=(2025, 3, 25, 1, ABOUC01) already exists.
CONTEXT:  COPY pdvd, line 1

[2026-01-22T20:34:33.189+0000] {pdvd.py:127} ERROR - Error processing zip bronze/omie/pdvd/2025/pdvd_202503.zip: duplicate key value violates unique constraint "pdvd_pkey"
DETAIL:  Key (anio, mes, dia, periodo, codigo_uof)=(2025, 3, 25, 1, ABOUC01) already exists.
CONTEXT:  COPY pdvd, line 1

[2026-01-22T20:34:33.905+0000] {filesystem.py:48} INFO - Saved file to /opt/***/local_data/silver/omie/pdvd/2025/03/20250326.parquet
[2026-01-22T20:35:04.928+0000] {database.py:189} ERROR - Error during bulk insert into omie.pdvd: duplicate key value violates unique constraint "pdvd_pkey"
DETAIL:  Key (anio, mes, dia, periodo, codigo_uof)=(2025, 3, 26, 1, ABA1) already exists.
CONTEXT:  COPY pdvd, line 1

[2026-01-22T20:35:04.929+0000] {pdvd.py:127} ERROR - Error processing zip bronze/omie/pdvd/2025/pdvd_202503.zip: duplicate key value violates unique constraint "pdvd_pkey"
DETAIL:  Key (anio, mes, dia, periodo, codigo_uof)=(2025, 3, 26, 1, ABA1) already exists.
CONTEXT:  COPY pdvd, line 1

[2026-01-22T20:35:05.605+0000] {filesystem.py:48} INFO - Saved file to /opt/***/local_data/silver/omie/pdvd/2025/03/20250327.parquet
[2026-01-22T20:35:44.131+0000] {database.py:186} INFO - Inserted 233696 rows into 'omie.pdvd'.
[2026-01-22T20:35:44.141+0000] {pdvd.py:125} INFO - Processed pdvd for 20250327
[2026-01-22T20:35:45.421+0000] {filesystem.py:48} INFO - Saved file to /opt/***/local_data/silver/omie/pdvd/2025/03/20250328.parquet
[2026-01-22T20:36:45.379+0000] {database.py:189} ERROR - Error during bulk insert into omie.pdvd: duplicate key value violates unique constraint "pdvd_pkey"
DETAIL:  Key (anio, mes, dia, periodo, codigo_uof)=(2025, 3, 28, 1, ABA1) already exists.
CONTEXT:  COPY pdvd, line 1

[2026-01-22T20:36:45.380+0000] {pdvd.py:127} ERROR - Error processing zip bronze/omie/pdvd/2025/pdvd_202503.zip: duplicate key value violates unique constraint "pdvd_pkey"
DETAIL:  Key (anio, mes, dia, periodo, codigo_uof)=(2025, 3, 28, 1, ABA1) already exists.
CONTEXT:  COPY pdvd, line 1

[2026-01-22T20:36:53.656+0000] {filesystem.py:48} INFO - Saved file to /opt/***/local_data/silver/omie/pdvd/2025/03/20250329.parquet
[2026-01-22T20:37:22.625+0000] {database.py:189} ERROR - Error during bulk insert into omie.pdvd: duplicate key value violates unique constraint "pdvd_pkey"
DETAIL:  Key (anio, mes, dia, periodo, codigo_uof)=(2025, 3, 29, 1, ABA1) already exists.
CONTEXT:  COPY pdvd, line 1

[2026-01-22T20:37:22.626+0000] {pdvd.py:127} ERROR - Error processing zip bronze/omie/pdvd/2025/pdvd_202503.zip: duplicate key value violates unique constraint "pdvd_pkey"
DETAIL:  Key (anio, mes, dia, periodo, codigo_uof)=(2025, 3, 29, 1, ABA1) already exists.
CONTEXT:  COPY pdvd, line 1

[2026-01-22T20:37:23.491+0000] {filesystem.py:48} INFO - Saved file to /opt/***/local_data/silver/omie/pdvd/2025/03/20250330.parquet
[2026-01-22T20:37:53.730+0000] {database.py:186} INFO - Inserted 215288 rows into 'omie.pdvd'.
[2026-01-22T20:37:53.742+0000] {pdvd.py:125} INFO - Processed pdvd for 20250330
[2026-01-22T20:37:54.664+0000] {filesystem.py:48} INFO - Saved file to /opt/***/local_data/silver/omie/pdvd/2025/03/20250331.parquet
[2026-01-22T20:39:03.362+0000] {database.py:189} ERROR - Error during bulk insert into omie.pdvd: duplicate key value violates unique constraint "pdvd_pkey"
DETAIL:  Key (anio, mes, dia, periodo, codigo_uof)=(2025, 3, 31, 1, ABA1) already exists.
CONTEXT:  COPY pdvd, line 1

[2026-01-22T20:39:03.363+0000] {pdvd.py:127} ERROR - Error processing zip bronze/omie/pdvd/2025/pdvd_202503.zip: duplicate key value violates unique constraint "pdvd_pkey"
DETAIL:  Key (anio, mes, dia, periodo, codigo_uof)=(2025, 3, 31, 1, ABA1) already exists.
CONTEXT:  COPY pdvd, line 1

[2026-01-22T20:39:04.325+0000] {filesystem.py:48} INFO - Saved file to /opt/***/local_data/silver/omie/pdvd/2025/04/20250401.parquet
[2026-01-22T20:39:45.173+0000] {database.py:186} INFO - Inserted 233068 rows into 'omie.pdvd'.
[2026-01-22T20:39:45.178+0000] {pdvd.py:125} INFO - Processed pdvd for 20250401
[2026-01-22T20:39:45.809+0000] {filesystem.py:48} INFO - Saved file to /opt/***/local_data/silver/omie/pdvd/2025/04/20250402.parquet
[2026-01-22T20:40:34.162+0000] {database.py:189} ERROR - Error during bulk insert into omie.pdvd: duplicate key value violates unique constraint "pdvd_pkey"
DETAIL:  Key (anio, mes, dia, periodo, codigo_uof)=(2025, 4, 2, 1, ABA1) already exists.
CONTEXT:  COPY pdvd, line 1

[2026-01-22T20:40:34.163+0000] {pdvd.py:127} ERROR - Error processing zip bronze/omie/pdvd/2025/pdvd_202504.zip: duplicate key value violates unique constraint "pdvd_pkey"
DETAIL:  Key (anio, mes, dia, periodo, codigo_uof)=(2025, 4, 2, 1, ABA1) already exists.
CONTEXT:  COPY pdvd, line 1

[2026-01-22T20:40:35.139+0000] {filesystem.py:48} INFO - Saved file to /opt/***/local_data/silver/omie/pdvd/2025/04/20250403.parquet
[2026-01-22T20:41:30.809+0000] {database.py:189} ERROR - Error during bulk insert into omie.pdvd: duplicate key value violates unique constraint "pdvd_pkey"
DETAIL:  Key (anio, mes, dia, periodo, codigo_uof)=(2025, 4, 3, 1, ABA1) already exists.
CONTEXT:  COPY pdvd, line 1

[2026-01-22T20:41:30.811+0000] {pdvd.py:127} ERROR - Error processing zip bronze/omie/pdvd/2025/pdvd_202504.zip: duplicate key value violates unique constraint "pdvd_pkey"
DETAIL:  Key (anio, mes, dia, periodo, codigo_uof)=(2025, 4, 3, 1, ABA1) already exists.
CONTEXT:  COPY pdvd, line 1

[2026-01-22T20:41:31.499+0000] {filesystem.py:48} INFO - Saved file to /opt/***/local_data/silver/omie/pdvd/2025/04/20250404.parquet
[2026-01-22T20:42:21.570+0000] {database.py:189} ERROR - Error during bulk insert into omie.pdvd: duplicate key value violates unique constraint "pdvd_pkey"
DETAIL:  Key (anio, mes, dia, periodo, codigo_uof)=(2025, 4, 4, 1, ABA1) already exists.
CONTEXT:  COPY pdvd, line 1

[2026-01-22T20:42:21.596+0000] {pdvd.py:127} ERROR - Error processing zip bronze/omie/pdvd/2025/pdvd_202504.zip: duplicate key value violates unique constraint "pdvd_pkey"
DETAIL:  Key (anio, mes, dia, periodo, codigo_uof)=(2025, 4, 4, 1, ABA1) already exists.
CONTEXT:  COPY pdvd, line 1

[2026-01-22T20:42:22.888+0000] {filesystem.py:48} INFO - Saved file to /opt/***/local_data/silver/omie/pdvd/2025/04/20250405.parquet
[2026-01-22T20:43:18.936+0000] {database.py:186} INFO - Inserted 230888 rows into 'omie.pdvd'.
[2026-01-22T20:43:18.943+0000] {pdvd.py:125} INFO - Processed pdvd for 20250405
[2026-01-22T20:43:19.943+0000] {filesystem.py:48} INFO - Saved file to /opt/***/local_data/silver/omie/pdvd/2025/04/20250406.parquet
[2026-01-22T20:44:02.412+0000] {database.py:186} INFO - Inserted 230148 rows into 'omie.pdvd'.
[2026-01-22T20:44:02.419+0000] {pdvd.py:125} INFO - Processed pdvd for 20250406
[2026-01-22T20:44:03.588+0000] {filesystem.py:48} INFO - Saved file to /opt/***/local_data/silver/omie/pdvd/2025/04/20250407.parquet
[2026-01-22T20:44:58.003+0000] {database.py:189} ERROR - Error during bulk insert into omie.pdvd: duplicate key value violates unique constraint "pdvd_pkey"
DETAIL:  Key (anio, mes, dia, periodo, codigo_uof)=(2025, 4, 7, 1, ABOUC01) already exists.
CONTEXT:  COPY pdvd, line 1

[2026-01-22T20:44:58.004+0000] {pdvd.py:127} ERROR - Error processing zip bronze/omie/pdvd/2025/pdvd_202504.zip: duplicate key value violates unique constraint "pdvd_pkey"
DETAIL:  Key (anio, mes, dia, periodo, codigo_uof)=(2025, 4, 7, 1, ABOUC01) already exists.
CONTEXT:  COPY pdvd, line 1

[2026-01-22T20:44:58.591+0000] {filesystem.py:48} INFO - Saved file to /opt/***/local_data/silver/omie/pdvd/2025/04/20250408.parquet
[2026-01-22T20:45:43.269+0000] {database.py:186} INFO - Inserted 233168 rows into 'omie.pdvd'.
[2026-01-22T20:45:43.276+0000] {pdvd.py:125} INFO - Processed pdvd for 20250408
[2026-01-22T20:45:43.940+0000] {filesystem.py:48} INFO - Saved file to /opt/***/local_data/silver/omie/pdvd/2025/04/20250409.parquet
[2026-01-22T20:46:55.685+0000] {database.py:189} ERROR - Error during bulk insert into omie.pdvd: duplicate key value violates unique constraint "pdvd_pkey"
DETAIL:  Key (anio, mes, dia, periodo, codigo_uof)=(2025, 4, 9, 1, ABOUC01) already exists.
CONTEXT:  COPY pdvd, line 1

[2026-01-22T20:46:55.686+0000] {pdvd.py:127} ERROR - Error processing zip bronze/omie/pdvd/2025/pdvd_202504.zip: duplicate key value violates unique constraint "pdvd_pkey"
DETAIL:  Key (anio, mes, dia, periodo, codigo_uof)=(2025, 4, 9, 1, ABOUC01) already exists.
CONTEXT:  COPY pdvd, line 1

[2026-01-22T20:46:56.326+0000] {filesystem.py:48} INFO - Saved file to /opt/***/local_data/silver/omie/pdvd/2025/04/20250410.parquet
[2026-01-22T20:47:42.437+0000] {database.py:186} INFO - Inserted 234920 rows into 'omie.pdvd'.
[2026-01-22T20:47:42.444+0000] {pdvd.py:125} INFO - Processed pdvd for 20250410
[2026-01-22T20:47:43.398+0000] {filesystem.py:48} INFO - Saved file to /opt/***/local_data/silver/omie/pdvd/2025/04/20250411.parquet
[2026-01-22T20:48:40.735+0000] {database.py:189} ERROR - Error during bulk insert into omie.pdvd: duplicate key value violates unique constraint "pdvd_pkey"
DETAIL:  Key (anio, mes, dia, periodo, codigo_uof)=(2025, 4, 11, 1, ABOUC01) already exists.
CONTEXT:  COPY pdvd, line 1

[2026-01-22T20:48:40.737+0000] {pdvd.py:127} ERROR - Error processing zip bronze/omie/pdvd/2025/pdvd_202504.zip: duplicate key value violates unique constraint "pdvd_pkey"
DETAIL:  Key (anio, mes, dia, periodo, codigo_uof)=(2025, 4, 11, 1, ABOUC01) already exists.
CONTEXT:  COPY pdvd, line 1

[2026-01-22T20:48:42.039+0000] {filesystem.py:48} INFO - Saved file to /opt/***/local_data/silver/omie/pdvd/2025/04/20250412.parquet
[2026-01-22T20:49:13.922+0000] {database.py:189} ERROR - Error during bulk insert into omie.pdvd: duplicate key value violates unique constraint "pdvd_pkey"
DETAIL:  Key (anio, mes, dia, periodo, codigo_uof)=(2025, 4, 12, 1, ABA1) already exists.
CONTEXT:  COPY pdvd, line 1

[2026-01-22T20:49:13.924+0000] {pdvd.py:127} ERROR - Error processing zip bronze/omie/pdvd/2025/pdvd_202504.zip: duplicate key value violates unique constraint "pdvd_pkey"
DETAIL:  Key (anio, mes, dia, periodo, codigo_uof)=(2025, 4, 12, 1, ABA1) already exists.
CONTEXT:  COPY pdvd, line 1

[2026-01-22T20:49:14.858+0000] {filesystem.py:48} INFO - Saved file to /opt/***/local_data/silver/omie/pdvd/2025/04/20250413.parquet
[2026-01-22T20:49:56.764+0000] {database.py:186} INFO - Inserted 231524 rows into 'omie.pdvd'.
[2026-01-22T20:49:56.771+0000] {pdvd.py:125} INFO - Processed pdvd for 20250413
[2026-01-22T20:49:58.069+0000] {filesystem.py:48} INFO - Saved file to /opt/***/local_data/silver/omie/pdvd/2025/04/20250414.parquet
[2026-01-22T20:50:58.952+0000] {database.py:189} ERROR - Error during bulk insert into omie.pdvd: duplicate key value violates unique constraint "pdvd_pkey"
DETAIL:  Key (anio, mes, dia, periodo, codigo_uof)=(2025, 4, 14, 1, ABA1) already exists.
CONTEXT:  COPY pdvd, line 1

[2026-01-22T20:50:58.953+0000] {pdvd.py:127} ERROR - Error processing zip bronze/omie/pdvd/2025/pdvd_202504.zip: duplicate key value violates unique constraint "pdvd_pkey"
DETAIL:  Key (anio, mes, dia, periodo, codigo_uof)=(2025, 4, 14, 1, ABA1) already exists.
CONTEXT:  COPY pdvd, line 1

[2026-01-22T20:50:59.858+0000] {filesystem.py:48} INFO - Saved file to /opt/***/local_data/silver/omie/pdvd/2025/04/20250415.parquet
[2026-01-22T20:51:27.536+0000] {database.py:189} ERROR - Error during bulk insert into omie.pdvd: duplicate key value violates unique constraint "pdvd_pkey"
DETAIL:  Key (anio, mes, dia, periodo, codigo_uof)=(2025, 4, 15, 1, ABA1) already exists.
CONTEXT:  COPY pdvd, line 1

[2026-01-22T20:51:27.537+0000] {pdvd.py:127} ERROR - Error processing zip bronze/omie/pdvd/2025/pdvd_202504.zip: duplicate key value violates unique constraint "pdvd_pkey"
DETAIL:  Key (anio, mes, dia, periodo, codigo_uof)=(2025, 4, 15, 1, ABA1) already exists.
CONTEXT:  COPY pdvd, line 1

[2026-01-22T20:51:28.442+0000] {filesystem.py:48} INFO - Saved file to /opt/***/local_data/silver/omie/pdvd/2025/04/20250416.parquet
[2026-01-22T20:52:18.236+0000] {database.py:186} INFO - Inserted 234172 rows into 'omie.pdvd'.
[2026-01-22T20:52:18.241+0000] {pdvd.py:125} INFO - Processed pdvd for 20250416
[2026-01-22T20:52:18.888+0000] {filesystem.py:48} INFO - Saved file to /opt/***/local_data/silver/omie/pdvd/2025/04/20250417.parquet
[2026-01-22T20:52:50.423+0000] {database.py:186} INFO - Inserted 232836 rows into 'omie.pdvd'.
[2026-01-22T20:52:50.430+0000] {pdvd.py:125} INFO - Processed pdvd for 20250417
[2026-01-22T20:52:51.224+0000] {filesystem.py:48} INFO - Saved file to /opt/***/local_data/silver/omie/pdvd/2025/04/20250418.parquet
[2026-01-22T20:53:39.388+0000] {database.py:189} ERROR - Error during bulk insert into omie.pdvd: duplicate key value violates unique constraint "pdvd_pkey"
DETAIL:  Key (anio, mes, dia, periodo, codigo_uof)=(2025, 4, 18, 1, ABA1) already exists.
CONTEXT:  COPY pdvd, line 1

[2026-01-22T20:53:39.390+0000] {pdvd.py:127} ERROR - Error processing zip bronze/omie/pdvd/2025/pdvd_202504.zip: duplicate key value violates unique constraint "pdvd_pkey"
DETAIL:  Key (anio, mes, dia, periodo, codigo_uof)=(2025, 4, 18, 1, ABA1) already exists.
CONTEXT:  COPY pdvd, line 1

[2026-01-22T20:53:40.252+0000] {filesystem.py:48} INFO - Saved file to /opt/***/local_data/silver/omie/pdvd/2025/04/20250419.parquet
[2026-01-22T20:54:12.645+0000] {database.py:186} INFO - Inserted 227956 rows into 'omie.pdvd'.
[2026-01-22T20:54:12.652+0000] {pdvd.py:125} INFO - Processed pdvd for 20250419
[2026-01-22T20:54:13.591+0000] {filesystem.py:48} INFO - Saved file to /opt/***/local_data/silver/omie/pdvd/2025/04/20250420.parquet
[2026-01-22T20:54:43.999+0000] {database.py:189} ERROR - Error during bulk insert into omie.pdvd: duplicate key value violates unique constraint "pdvd_pkey"
DETAIL:  Key (anio, mes, dia, periodo, codigo_uof)=(2025, 4, 20, 1, ABA1) already exists.
CONTEXT:  COPY pdvd, line 1

[2026-01-22T20:54:44.000+0000] {pdvd.py:127} ERROR - Error processing zip bronze/omie/pdvd/2025/pdvd_202504.zip: duplicate key value violates unique constraint "pdvd_pkey"
DETAIL:  Key (anio, mes, dia, periodo, codigo_uof)=(2025, 4, 20, 1, ABA1) already exists.
CONTEXT:  COPY pdvd, line 1

[2026-01-22T20:54:45.100+0000] {filesystem.py:48} INFO - Saved file to /opt/***/local_data/silver/omie/pdvd/2025/04/20250421.parquet
[2026-01-22T20:55:20.037+0000] {database.py:189} ERROR - Error during bulk insert into omie.pdvd: duplicate key value violates unique constraint "pdvd_pkey"
DETAIL:  Key (anio, mes, dia, periodo, codigo_uof)=(2025, 4, 21, 1, ABA1) already exists.
CONTEXT:  COPY pdvd, line 1

[2026-01-22T20:55:20.038+0000] {pdvd.py:127} ERROR - Error processing zip bronze/omie/pdvd/2025/pdvd_202504.zip: duplicate key value violates unique constraint "pdvd_pkey"
DETAIL:  Key (anio, mes, dia, periodo, codigo_uof)=(2025, 4, 21, 1, ABA1) already exists.
CONTEXT:  COPY pdvd, line 1

[2026-01-22T20:55:20.946+0000] {filesystem.py:48} INFO - Saved file to /opt/***/local_data/silver/omie/pdvd/2025/04/20250422.parquet
[2026-01-22T20:55:53.299+0000] {database.py:186} INFO - Inserted 234860 rows into 'omie.pdvd'.
[2026-01-22T20:55:53.307+0000] {pdvd.py:125} INFO - Processed pdvd for 20250422
[2026-01-22T20:55:54.236+0000] {filesystem.py:48} INFO - Saved file to /opt/***/local_data/silver/omie/pdvd/2025/04/20250423.parquet
[2026-01-22T20:56:38.410+0000] {database.py:189} ERROR - Error during bulk insert into omie.pdvd: duplicate key value violates unique constraint "pdvd_pkey"
DETAIL:  Key (anio, mes, dia, periodo, codigo_uof)=(2025, 4, 23, 1, ABA1) already exists.
CONTEXT:  COPY pdvd, line 1

[2026-01-22T20:56:38.412+0000] {pdvd.py:127} ERROR - Error processing zip bronze/omie/pdvd/2025/pdvd_202504.zip: duplicate key value violates unique constraint "pdvd_pkey"
DETAIL:  Key (anio, mes, dia, periodo, codigo_uof)=(2025, 4, 23, 1, ABA1) already exists.
CONTEXT:  COPY pdvd, line 1

[2026-01-22T20:56:41.740+0000] {filesystem.py:48} INFO - Saved file to /opt/***/local_data/silver/omie/pdvd/2025/04/20250424.parquet
