[2026-01-23T16:09:45.903+0000] {local_task_job_runner.py:120} INFO - ::group::Pre task execution logs
[2026-01-23T16:09:46.150+0000] {taskinstance.py:2076} INFO - Dependencies all met for dep_context=non-requeueable deps ti=<TaskInstance: omie_pipeline.process_pdvd manual__2026-01-22T18:29:12.380731+00:00 [queued]>
[2026-01-23T16:09:46.208+0000] {taskinstance.py:2076} INFO - Dependencies all met for dep_context=requeueable deps ti=<TaskInstance: omie_pipeline.process_pdvd manual__2026-01-22T18:29:12.380731+00:00 [queued]>
[2026-01-23T16:09:46.217+0000] {taskinstance.py:2306} INFO - Starting attempt 2 of 2
[2026-01-23T16:09:46.291+0000] {taskinstance.py:2330} INFO - Executing <Task(PythonOperator): process_pdvd> on 2026-01-22 18:29:12.380731+00:00
[2026-01-23T16:09:46.316+0000] {standard_task_runner.py:63} INFO - Started process 265 to run task
[2026-01-23T16:09:46.362+0000] {standard_task_runner.py:90} INFO - Running: ['***', 'tasks', 'run', 'omie_pipeline', 'process_pdvd', 'manual__2026-01-22T18:29:12.380731+00:00', '--job-id', '180', '--raw', '--subdir', 'DAGS_FOLDER/omie_dag.py', '--cfg-path', '/tmp/tmp7fowelue']
[2026-01-23T16:09:46.386+0000] {standard_task_runner.py:91} INFO - Job 180: Subtask process_pdvd
[2026-01-23T16:09:46.763+0000] {task_command.py:426} INFO - Running <TaskInstance: omie_pipeline.process_pdvd manual__2026-01-22T18:29:12.380731+00:00 [running]> on host 2aff4151de2d
[2026-01-23T16:09:47.541+0000] {taskinstance.py:2648} INFO - Exporting env vars: AIRFLOW_CTX_DAG_OWNER='***' AIRFLOW_CTX_DAG_ID='omie_pipeline' AIRFLOW_CTX_TASK_ID='process_pdvd' AIRFLOW_CTX_EXECUTION_DATE='2026-01-22T18:29:12.380731+00:00' AIRFLOW_CTX_TRY_NUMBER='2' AIRFLOW_CTX_DAG_RUN_ID='manual__2026-01-22T18:29:12.380731+00:00'
[2026-01-23T16:09:47.548+0000] {taskinstance.py:430} INFO - ::endgroup::
[2026-01-23T16:09:47.644+0000] {logging_mixin.py:188} INFO - Processing process_pdvd for 2025-01-01 00:00:00 - 2026-01-22 00:00:00
[2026-01-23T16:11:03.740+0000] {filesystem.py:48} INFO - Saved file to /opt/***/local_data/silver/omie/pdvd/2025/01/20250101.parquet
[2026-01-23T16:12:03.287+0000] {database.py:186} INFO - Inserted 54033 rows into 'omie.pdvd'.
[2026-01-23T16:12:03.292+0000] {pdvd.py:125} INFO - Processed pdvd for 20250101
[2026-01-23T16:12:03.624+0000] {filesystem.py:48} INFO - Saved file to /opt/***/local_data/silver/omie/pdvd/2025/01/20250102.parquet
[2026-01-23T16:13:14.561+0000] {database.py:189} ERROR - Error during bulk insert into omie.pdvd: duplicate key value violates unique constraint "pdvd_pkey"
DETAIL:  Key (anio, mes, dia, periodo, codigo_uof)=(2025, 1, 2, 1, ABA1) already exists.
CONTEXT:  COPY pdvd, line 1

[2026-01-23T16:13:14.563+0000] {pdvd.py:127} ERROR - Error processing zip bronze/omie/pdvd/2025/pdvd_202501.zip: duplicate key value violates unique constraint "pdvd_pkey"
DETAIL:  Key (anio, mes, dia, periodo, codigo_uof)=(2025, 1, 2, 1, ABA1) already exists.
CONTEXT:  COPY pdvd, line 1

[2026-01-23T16:13:15.002+0000] {filesystem.py:48} INFO - Saved file to /opt/***/local_data/silver/omie/pdvd/2025/01/20250103.parquet
[2026-01-23T16:14:16.954+0000] {database.py:189} ERROR - Error during bulk insert into omie.pdvd: duplicate key value violates unique constraint "pdvd_pkey"
DETAIL:  Key (anio, mes, dia, periodo, codigo_uof)=(2025, 1, 3, 1, ABA1) already exists.
CONTEXT:  COPY pdvd, line 1

[2026-01-23T16:14:16.959+0000] {pdvd.py:127} ERROR - Error processing zip bronze/omie/pdvd/2025/pdvd_202501.zip: duplicate key value violates unique constraint "pdvd_pkey"
DETAIL:  Key (anio, mes, dia, periodo, codigo_uof)=(2025, 1, 3, 1, ABA1) already exists.
CONTEXT:  COPY pdvd, line 1

[2026-01-23T16:14:17.936+0000] {filesystem.py:48} INFO - Saved file to /opt/***/local_data/silver/omie/pdvd/2025/01/20250104.parquet
[2026-01-23T16:15:30.516+0000] {database.py:189} ERROR - Error during bulk insert into omie.pdvd: duplicate key value violates unique constraint "pdvd_pkey"
DETAIL:  Key (anio, mes, dia, periodo, codigo_uof)=(2025, 1, 4, 1, ABA1) already exists.
CONTEXT:  COPY pdvd, line 1

[2026-01-23T16:15:30.520+0000] {pdvd.py:127} ERROR - Error processing zip bronze/omie/pdvd/2025/pdvd_202501.zip: duplicate key value violates unique constraint "pdvd_pkey"
DETAIL:  Key (anio, mes, dia, periodo, codigo_uof)=(2025, 1, 4, 1, ABA1) already exists.
CONTEXT:  COPY pdvd, line 1

[2026-01-23T16:15:30.951+0000] {filesystem.py:48} INFO - Saved file to /opt/***/local_data/silver/omie/pdvd/2025/01/20250105.parquet
[2026-01-23T16:17:40.972+0000] {database.py:189} ERROR - Error during bulk insert into omie.pdvd: duplicate key value violates unique constraint "pdvd_pkey"
DETAIL:  Key (anio, mes, dia, periodo, codigo_uof)=(2025, 1, 5, 1, ABA1) already exists.
CONTEXT:  COPY pdvd, line 1

[2026-01-23T16:17:40.991+0000] {pdvd.py:127} ERROR - Error processing zip bronze/omie/pdvd/2025/pdvd_202501.zip: duplicate key value violates unique constraint "pdvd_pkey"
DETAIL:  Key (anio, mes, dia, periodo, codigo_uof)=(2025, 1, 5, 1, ABA1) already exists.
CONTEXT:  COPY pdvd, line 1

[2026-01-23T16:17:42.634+0000] {filesystem.py:48} INFO - Saved file to /opt/***/local_data/silver/omie/pdvd/2025/01/20250106.parquet
[2026-01-23T16:18:57.376+0000] {database.py:189} ERROR - Error during bulk insert into omie.pdvd: duplicate key value violates unique constraint "pdvd_pkey"
DETAIL:  Key (anio, mes, dia, periodo, codigo_uof)=(2025, 1, 6, 1, ABA1) already exists.
CONTEXT:  COPY pdvd, line 1

[2026-01-23T16:18:57.394+0000] {pdvd.py:127} ERROR - Error processing zip bronze/omie/pdvd/2025/pdvd_202501.zip: duplicate key value violates unique constraint "pdvd_pkey"
DETAIL:  Key (anio, mes, dia, periodo, codigo_uof)=(2025, 1, 6, 1, ABA1) already exists.
CONTEXT:  COPY pdvd, line 1

[2026-01-23T16:18:58.163+0000] {filesystem.py:48} INFO - Saved file to /opt/***/local_data/silver/omie/pdvd/2025/01/20250107.parquet
[2026-01-23T16:19:52.022+0000] {database.py:189} ERROR - Error during bulk insert into omie.pdvd: duplicate key value violates unique constraint "pdvd_pkey"
DETAIL:  Key (anio, mes, dia, periodo, codigo_uof)=(2025, 1, 7, 1, ABA1) already exists.
CONTEXT:  COPY pdvd, line 1

[2026-01-23T16:19:52.025+0000] {pdvd.py:127} ERROR - Error processing zip bronze/omie/pdvd/2025/pdvd_202501.zip: duplicate key value violates unique constraint "pdvd_pkey"
DETAIL:  Key (anio, mes, dia, periodo, codigo_uof)=(2025, 1, 7, 1, ABA1) already exists.
CONTEXT:  COPY pdvd, line 1

[2026-01-23T16:19:53.413+0000] {filesystem.py:48} INFO - Saved file to /opt/***/local_data/silver/omie/pdvd/2025/01/20250108.parquet
[2026-01-23T16:20:52.967+0000] {database.py:189} ERROR - Error during bulk insert into omie.pdvd: duplicate key value violates unique constraint "pdvd_pkey"
DETAIL:  Key (anio, mes, dia, periodo, codigo_uof)=(2025, 1, 8, 1, ABOUC01) already exists.
CONTEXT:  COPY pdvd, line 1

[2026-01-23T16:20:52.972+0000] {pdvd.py:127} ERROR - Error processing zip bronze/omie/pdvd/2025/pdvd_202501.zip: duplicate key value violates unique constraint "pdvd_pkey"
DETAIL:  Key (anio, mes, dia, periodo, codigo_uof)=(2025, 1, 8, 1, ABOUC01) already exists.
CONTEXT:  COPY pdvd, line 1

[2026-01-23T16:20:53.443+0000] {filesystem.py:48} INFO - Saved file to /opt/***/local_data/silver/omie/pdvd/2025/01/20250109.parquet
[2026-01-23T16:21:44.127+0000] {database.py:189} ERROR - Error during bulk insert into omie.pdvd: duplicate key value violates unique constraint "pdvd_pkey"
DETAIL:  Key (anio, mes, dia, periodo, codigo_uof)=(2025, 1, 9, 1, ABA1) already exists.
CONTEXT:  COPY pdvd, line 1

[2026-01-23T16:21:44.129+0000] {pdvd.py:127} ERROR - Error processing zip bronze/omie/pdvd/2025/pdvd_202501.zip: duplicate key value violates unique constraint "pdvd_pkey"
DETAIL:  Key (anio, mes, dia, periodo, codigo_uof)=(2025, 1, 9, 1, ABA1) already exists.
CONTEXT:  COPY pdvd, line 1

[2026-01-23T16:21:44.518+0000] {filesystem.py:48} INFO - Saved file to /opt/***/local_data/silver/omie/pdvd/2025/01/20250110.parquet
[2026-01-23T16:22:46.004+0000] {database.py:189} ERROR - Error during bulk insert into omie.pdvd: duplicate key value violates unique constraint "pdvd_pkey"
DETAIL:  Key (anio, mes, dia, periodo, codigo_uof)=(2025, 1, 10, 1, ABA1) already exists.
CONTEXT:  COPY pdvd, line 1

[2026-01-23T16:22:46.007+0000] {pdvd.py:127} ERROR - Error processing zip bronze/omie/pdvd/2025/pdvd_202501.zip: duplicate key value violates unique constraint "pdvd_pkey"
DETAIL:  Key (anio, mes, dia, periodo, codigo_uof)=(2025, 1, 10, 1, ABA1) already exists.
CONTEXT:  COPY pdvd, line 1

[2026-01-23T16:22:46.390+0000] {filesystem.py:48} INFO - Saved file to /opt/***/local_data/silver/omie/pdvd/2025/01/20250111.parquet
[2026-01-23T16:23:33.820+0000] {database.py:186} INFO - Inserted 55788 rows into 'omie.pdvd'.
[2026-01-23T16:23:33.823+0000] {pdvd.py:125} INFO - Processed pdvd for 20250111
[2026-01-23T16:23:34.469+0000] {filesystem.py:48} INFO - Saved file to /opt/***/local_data/silver/omie/pdvd/2025/01/20250112.parquet
[2026-01-23T16:24:59.394+0000] {database.py:189} ERROR - Error during bulk insert into omie.pdvd: duplicate key value violates unique constraint "pdvd_pkey"
DETAIL:  Key (anio, mes, dia, periodo, codigo_uof)=(2025, 1, 12, 1, ABA1) already exists.
CONTEXT:  COPY pdvd, line 1

[2026-01-23T16:24:59.587+0000] {pdvd.py:127} ERROR - Error processing zip bronze/omie/pdvd/2025/pdvd_202501.zip: duplicate key value violates unique constraint "pdvd_pkey"
DETAIL:  Key (anio, mes, dia, periodo, codigo_uof)=(2025, 1, 12, 1, ABA1) already exists.
CONTEXT:  COPY pdvd, line 1

[2026-01-23T16:25:01.832+0000] {filesystem.py:48} INFO - Saved file to /opt/***/local_data/silver/omie/pdvd/2025/01/20250113.parquet
[2026-01-23T16:25:56.503+0000] {database.py:189} ERROR - Error during bulk insert into omie.pdvd: duplicate key value violates unique constraint "pdvd_pkey"
DETAIL:  Key (anio, mes, dia, periodo, codigo_uof)=(2025, 1, 13, 1, ABA1) already exists.
CONTEXT:  COPY pdvd, line 1

[2026-01-23T16:25:56.505+0000] {pdvd.py:127} ERROR - Error processing zip bronze/omie/pdvd/2025/pdvd_202501.zip: duplicate key value violates unique constraint "pdvd_pkey"
DETAIL:  Key (anio, mes, dia, periodo, codigo_uof)=(2025, 1, 13, 1, ABA1) already exists.
CONTEXT:  COPY pdvd, line 1

[2026-01-23T16:25:57.277+0000] {filesystem.py:48} INFO - Saved file to /opt/***/local_data/silver/omie/pdvd/2025/01/20250114.parquet
[2026-01-23T16:27:03.000+0000] {database.py:189} ERROR - Error during bulk insert into omie.pdvd: duplicate key value violates unique constraint "pdvd_pkey"
DETAIL:  Key (anio, mes, dia, periodo, codigo_uof)=(2025, 1, 14, 1, ABA1) already exists.
CONTEXT:  COPY pdvd, line 1

[2026-01-23T16:27:03.001+0000] {pdvd.py:127} ERROR - Error processing zip bronze/omie/pdvd/2025/pdvd_202501.zip: duplicate key value violates unique constraint "pdvd_pkey"
DETAIL:  Key (anio, mes, dia, periodo, codigo_uof)=(2025, 1, 14, 1, ABA1) already exists.
CONTEXT:  COPY pdvd, line 1

[2026-01-23T16:27:03.359+0000] {filesystem.py:48} INFO - Saved file to /opt/***/local_data/silver/omie/pdvd/2025/01/20250115.parquet
[2026-01-23T16:27:56.458+0000] {database.py:189} ERROR - Error during bulk insert into omie.pdvd: duplicate key value violates unique constraint "pdvd_pkey"
DETAIL:  Key (anio, mes, dia, periodo, codigo_uof)=(2025, 1, 15, 1, ABA1) already exists.
CONTEXT:  COPY pdvd, line 1

[2026-01-23T16:27:56.462+0000] {pdvd.py:127} ERROR - Error processing zip bronze/omie/pdvd/2025/pdvd_202501.zip: duplicate key value violates unique constraint "pdvd_pkey"
DETAIL:  Key (anio, mes, dia, periodo, codigo_uof)=(2025, 1, 15, 1, ABA1) already exists.
CONTEXT:  COPY pdvd, line 1

[2026-01-23T16:27:56.890+0000] {filesystem.py:48} INFO - Saved file to /opt/***/local_data/silver/omie/pdvd/2025/01/20250116.parquet
[2026-01-23T16:28:45.296+0000] {database.py:189} ERROR - Error during bulk insert into omie.pdvd: duplicate key value violates unique constraint "pdvd_pkey"
DETAIL:  Key (anio, mes, dia, periodo, codigo_uof)=(2025, 1, 16, 1, ABOUC01) already exists.
CONTEXT:  COPY pdvd, line 1

[2026-01-23T16:28:45.299+0000] {pdvd.py:127} ERROR - Error processing zip bronze/omie/pdvd/2025/pdvd_202501.zip: duplicate key value violates unique constraint "pdvd_pkey"
DETAIL:  Key (anio, mes, dia, periodo, codigo_uof)=(2025, 1, 16, 1, ABOUC01) already exists.
CONTEXT:  COPY pdvd, line 1

[2026-01-23T16:28:46.108+0000] {filesystem.py:48} INFO - Saved file to /opt/***/local_data/silver/omie/pdvd/2025/01/20250117.parquet
[2026-01-23T16:29:36.520+0000] {database.py:186} INFO - Inserted 56509 rows into 'omie.pdvd'.
[2026-01-23T16:29:36.536+0000] {pdvd.py:125} INFO - Processed pdvd for 20250117
[2026-01-23T16:29:39.182+0000] {filesystem.py:48} INFO - Saved file to /opt/***/local_data/silver/omie/pdvd/2025/01/20250118.parquet
[2026-01-23T16:31:06.479+0000] {database.py:189} ERROR - Error during bulk insert into omie.pdvd: duplicate key value violates unique constraint "pdvd_pkey"
DETAIL:  Key (anio, mes, dia, periodo, codigo_uof)=(2025, 1, 18, 1, ABA1) already exists.
CONTEXT:  COPY pdvd, line 1

[2026-01-23T16:31:06.485+0000] {pdvd.py:127} ERROR - Error processing zip bronze/omie/pdvd/2025/pdvd_202501.zip: duplicate key value violates unique constraint "pdvd_pkey"
DETAIL:  Key (anio, mes, dia, periodo, codigo_uof)=(2025, 1, 18, 1, ABA1) already exists.
CONTEXT:  COPY pdvd, line 1

[2026-01-23T16:31:07.162+0000] {filesystem.py:48} INFO - Saved file to /opt/***/local_data/silver/omie/pdvd/2025/01/20250119.parquet
[2026-01-23T16:32:18.026+0000] {database.py:189} ERROR - Error during bulk insert into omie.pdvd: duplicate key value violates unique constraint "pdvd_pkey"
DETAIL:  Key (anio, mes, dia, periodo, codigo_uof)=(2025, 1, 19, 1, ABA1) already exists.
CONTEXT:  COPY pdvd, line 1

[2026-01-23T16:32:18.056+0000] {pdvd.py:127} ERROR - Error processing zip bronze/omie/pdvd/2025/pdvd_202501.zip: duplicate key value violates unique constraint "pdvd_pkey"
DETAIL:  Key (anio, mes, dia, periodo, codigo_uof)=(2025, 1, 19, 1, ABA1) already exists.
CONTEXT:  COPY pdvd, line 1

[2026-01-23T16:32:20.888+0000] {filesystem.py:48} INFO - Saved file to /opt/***/local_data/silver/omie/pdvd/2025/01/20250120.parquet
[2026-01-23T16:33:16.854+0000] {database.py:186} INFO - Inserted 56192 rows into 'omie.pdvd'.
[2026-01-23T16:33:16.856+0000] {pdvd.py:125} INFO - Processed pdvd for 20250120
[2026-01-23T16:33:17.396+0000] {filesystem.py:48} INFO - Saved file to /opt/***/local_data/silver/omie/pdvd/2025/01/20250121.parquet
[2026-01-23T16:34:04.281+0000] {database.py:189} ERROR - Error during bulk insert into omie.pdvd: duplicate key value violates unique constraint "pdvd_pkey"
DETAIL:  Key (anio, mes, dia, periodo, codigo_uof)=(2025, 1, 21, 1, ABA1) already exists.
CONTEXT:  COPY pdvd, line 1

[2026-01-23T16:34:04.296+0000] {pdvd.py:127} ERROR - Error processing zip bronze/omie/pdvd/2025/pdvd_202501.zip: duplicate key value violates unique constraint "pdvd_pkey"
DETAIL:  Key (anio, mes, dia, periodo, codigo_uof)=(2025, 1, 21, 1, ABA1) already exists.
CONTEXT:  COPY pdvd, line 1

[2026-01-23T16:34:05.612+0000] {filesystem.py:48} INFO - Saved file to /opt/***/local_data/silver/omie/pdvd/2025/01/20250122.parquet
[2026-01-23T16:35:04.334+0000] {database.py:186} INFO - Inserted 56136 rows into 'omie.pdvd'.
[2026-01-23T16:35:04.338+0000] {pdvd.py:125} INFO - Processed pdvd for 20250122
[2026-01-23T16:35:04.967+0000] {filesystem.py:48} INFO - Saved file to /opt/***/local_data/silver/omie/pdvd/2025/01/20250123.parquet
[2026-01-23T16:36:11.540+0000] {database.py:189} ERROR - Error during bulk insert into omie.pdvd: duplicate key value violates unique constraint "pdvd_pkey"
DETAIL:  Key (anio, mes, dia, periodo, codigo_uof)=(2025, 1, 23, 1, ABA1) already exists.
CONTEXT:  COPY pdvd, line 1

[2026-01-23T16:36:11.544+0000] {pdvd.py:127} ERROR - Error processing zip bronze/omie/pdvd/2025/pdvd_202501.zip: duplicate key value violates unique constraint "pdvd_pkey"
DETAIL:  Key (anio, mes, dia, periodo, codigo_uof)=(2025, 1, 23, 1, ABA1) already exists.
CONTEXT:  COPY pdvd, line 1

[2026-01-23T16:36:12.069+0000] {filesystem.py:48} INFO - Saved file to /opt/***/local_data/silver/omie/pdvd/2025/01/20250124.parquet
[2026-01-23T16:36:56.191+0000] {database.py:189} ERROR - Error during bulk insert into omie.pdvd: duplicate key value violates unique constraint "pdvd_pkey"
DETAIL:  Key (anio, mes, dia, periodo, codigo_uof)=(2025, 1, 24, 1, ABA1) already exists.
CONTEXT:  COPY pdvd, line 1

[2026-01-23T16:36:56.197+0000] {pdvd.py:127} ERROR - Error processing zip bronze/omie/pdvd/2025/pdvd_202501.zip: duplicate key value violates unique constraint "pdvd_pkey"
DETAIL:  Key (anio, mes, dia, periodo, codigo_uof)=(2025, 1, 24, 1, ABA1) already exists.
CONTEXT:  COPY pdvd, line 1

[2026-01-23T16:36:56.547+0000] {filesystem.py:48} INFO - Saved file to /opt/***/local_data/silver/omie/pdvd/2025/01/20250125.parquet
[2026-01-23T16:37:33.518+0000] {database.py:189} ERROR - Error during bulk insert into omie.pdvd: duplicate key value violates unique constraint "pdvd_pkey"
DETAIL:  Key (anio, mes, dia, periodo, codigo_uof)=(2025, 1, 25, 1, ABA1) already exists.
CONTEXT:  COPY pdvd, line 1

[2026-01-23T16:37:33.525+0000] {pdvd.py:127} ERROR - Error processing zip bronze/omie/pdvd/2025/pdvd_202501.zip: duplicate key value violates unique constraint "pdvd_pkey"
DETAIL:  Key (anio, mes, dia, periodo, codigo_uof)=(2025, 1, 25, 1, ABA1) already exists.
CONTEXT:  COPY pdvd, line 1

[2026-01-23T16:37:33.993+0000] {filesystem.py:48} INFO - Saved file to /opt/***/local_data/silver/omie/pdvd/2025/01/20250126.parquet
[2026-01-23T16:38:01.305+0000] {database.py:186} INFO - Inserted 54716 rows into 'omie.pdvd'.
[2026-01-23T16:38:01.307+0000] {pdvd.py:125} INFO - Processed pdvd for 20250126
[2026-01-23T16:38:01.776+0000] {filesystem.py:48} INFO - Saved file to /opt/***/local_data/silver/omie/pdvd/2025/01/20250127.parquet
[2026-01-23T16:38:25.116+0000] {database.py:186} INFO - Inserted 55532 rows into 'omie.pdvd'.
[2026-01-23T16:38:25.119+0000] {pdvd.py:125} INFO - Processed pdvd for 20250127
[2026-01-23T16:38:25.536+0000] {filesystem.py:48} INFO - Saved file to /opt/***/local_data/silver/omie/pdvd/2025/01/20250128.parquet
[2026-01-23T16:38:58.048+0000] {database.py:186} INFO - Inserted 55496 rows into 'omie.pdvd'.
[2026-01-23T16:38:58.049+0000] {pdvd.py:125} INFO - Processed pdvd for 20250128
[2026-01-23T16:38:58.567+0000] {filesystem.py:48} INFO - Saved file to /opt/***/local_data/silver/omie/pdvd/2025/01/20250129.parquet
[2026-01-23T16:39:28.224+0000] {database.py:189} ERROR - Error during bulk insert into omie.pdvd: duplicate key value violates unique constraint "pdvd_pkey"
DETAIL:  Key (anio, mes, dia, periodo, codigo_uof)=(2025, 1, 29, 1, ABA1) already exists.
CONTEXT:  COPY pdvd, line 1

[2026-01-23T16:39:28.226+0000] {pdvd.py:127} ERROR - Error processing zip bronze/omie/pdvd/2025/pdvd_202501.zip: duplicate key value violates unique constraint "pdvd_pkey"
DETAIL:  Key (anio, mes, dia, periodo, codigo_uof)=(2025, 1, 29, 1, ABA1) already exists.
CONTEXT:  COPY pdvd, line 1

[2026-01-23T16:39:28.672+0000] {filesystem.py:48} INFO - Saved file to /opt/***/local_data/silver/omie/pdvd/2025/01/20250130.parquet
[2026-01-23T16:39:53.810+0000] {database.py:186} INFO - Inserted 56598 rows into 'omie.pdvd'.
[2026-01-23T16:39:53.812+0000] {pdvd.py:125} INFO - Processed pdvd for 20250130
[2026-01-23T16:39:54.255+0000] {filesystem.py:48} INFO - Saved file to /opt/***/local_data/silver/omie/pdvd/2025/01/20250131.parquet
[2026-01-23T16:40:20.946+0000] {database.py:189} ERROR - Error during bulk insert into omie.pdvd: duplicate key value violates unique constraint "pdvd_pkey"
DETAIL:  Key (anio, mes, dia, periodo, codigo_uof)=(2025, 1, 31, 1, ABA1) already exists.
CONTEXT:  COPY pdvd, line 1

[2026-01-23T16:40:20.947+0000] {pdvd.py:127} ERROR - Error processing zip bronze/omie/pdvd/2025/pdvd_202501.zip: duplicate key value violates unique constraint "pdvd_pkey"
DETAIL:  Key (anio, mes, dia, periodo, codigo_uof)=(2025, 1, 31, 1, ABA1) already exists.
CONTEXT:  COPY pdvd, line 1

[2026-01-23T16:40:21.260+0000] {filesystem.py:48} INFO - Saved file to /opt/***/local_data/silver/omie/pdvd/2025/02/20250201.parquet
[2026-01-23T16:40:46.783+0000] {database.py:189} ERROR - Error during bulk insert into omie.pdvd: duplicate key value violates unique constraint "pdvd_pkey"
DETAIL:  Key (anio, mes, dia, periodo, codigo_uof)=(2025, 2, 1, 1, ABA1) already exists.
CONTEXT:  COPY pdvd, line 1

[2026-01-23T16:40:46.785+0000] {pdvd.py:127} ERROR - Error processing zip bronze/omie/pdvd/2025/pdvd_202502.zip: duplicate key value violates unique constraint "pdvd_pkey"
DETAIL:  Key (anio, mes, dia, periodo, codigo_uof)=(2025, 2, 1, 1, ABA1) already exists.
CONTEXT:  COPY pdvd, line 1

[2026-01-23T16:40:47.200+0000] {filesystem.py:48} INFO - Saved file to /opt/***/local_data/silver/omie/pdvd/2025/02/20250202.parquet
[2026-01-23T16:41:13.416+0000] {database.py:186} INFO - Inserted 55944 rows into 'omie.pdvd'.
[2026-01-23T16:41:13.418+0000] {pdvd.py:125} INFO - Processed pdvd for 20250202
[2026-01-23T16:41:13.902+0000] {filesystem.py:48} INFO - Saved file to /opt/***/local_data/silver/omie/pdvd/2025/02/20250203.parquet
[2026-01-23T16:41:41.636+0000] {database.py:189} ERROR - Error during bulk insert into omie.pdvd: duplicate key value violates unique constraint "pdvd_pkey"
DETAIL:  Key (anio, mes, dia, periodo, codigo_uof)=(2025, 2, 3, 1, ABA1) already exists.
CONTEXT:  COPY pdvd, line 1

[2026-01-23T16:41:41.646+0000] {pdvd.py:127} ERROR - Error processing zip bronze/omie/pdvd/2025/pdvd_202502.zip: duplicate key value violates unique constraint "pdvd_pkey"
DETAIL:  Key (anio, mes, dia, periodo, codigo_uof)=(2025, 2, 3, 1, ABA1) already exists.
CONTEXT:  COPY pdvd, line 1

[2026-01-23T16:41:42.074+0000] {filesystem.py:48} INFO - Saved file to /opt/***/local_data/silver/omie/pdvd/2025/02/20250204.parquet
[2026-01-23T16:42:14.307+0000] {database.py:186} INFO - Inserted 57187 rows into 'omie.pdvd'.
[2026-01-23T16:42:14.308+0000] {pdvd.py:125} INFO - Processed pdvd for 20250204
[2026-01-23T16:42:14.664+0000] {filesystem.py:48} INFO - Saved file to /opt/***/local_data/silver/omie/pdvd/2025/02/20250205.parquet
[2026-01-23T16:42:50.567+0000] {database.py:189} ERROR - Error during bulk insert into omie.pdvd: duplicate key value violates unique constraint "pdvd_pkey"
DETAIL:  Key (anio, mes, dia, periodo, codigo_uof)=(2025, 2, 5, 1, ABA1) already exists.
CONTEXT:  COPY pdvd, line 1

[2026-01-23T16:42:50.568+0000] {pdvd.py:127} ERROR - Error processing zip bronze/omie/pdvd/2025/pdvd_202502.zip: duplicate key value violates unique constraint "pdvd_pkey"
DETAIL:  Key (anio, mes, dia, periodo, codigo_uof)=(2025, 2, 5, 1, ABA1) already exists.
CONTEXT:  COPY pdvd, line 1

[2026-01-23T16:42:50.840+0000] {filesystem.py:48} INFO - Saved file to /opt/***/local_data/silver/omie/pdvd/2025/02/20250206.parquet
[2026-01-23T16:43:22.094+0000] {database.py:186} INFO - Inserted 57376 rows into 'omie.pdvd'.
[2026-01-23T16:43:22.102+0000] {pdvd.py:125} INFO - Processed pdvd for 20250206
[2026-01-23T16:43:23.310+0000] {filesystem.py:48} INFO - Saved file to /opt/***/local_data/silver/omie/pdvd/2025/02/20250207.parquet
[2026-01-23T16:43:50.855+0000] {database.py:189} ERROR - Error during bulk insert into omie.pdvd: duplicate key value violates unique constraint "pdvd_pkey"
DETAIL:  Key (anio, mes, dia, periodo, codigo_uof)=(2025, 2, 7, 1, ABA1) already exists.
CONTEXT:  COPY pdvd, line 1

[2026-01-23T16:43:50.856+0000] {pdvd.py:127} ERROR - Error processing zip bronze/omie/pdvd/2025/pdvd_202502.zip: duplicate key value violates unique constraint "pdvd_pkey"
DETAIL:  Key (anio, mes, dia, periodo, codigo_uof)=(2025, 2, 7, 1, ABA1) already exists.
CONTEXT:  COPY pdvd, line 1

[2026-01-23T16:43:51.280+0000] {filesystem.py:48} INFO - Saved file to /opt/***/local_data/silver/omie/pdvd/2025/02/20250208.parquet
[2026-01-23T16:44:21.007+0000] {database.py:186} INFO - Inserted 56806 rows into 'omie.pdvd'.
[2026-01-23T16:44:21.008+0000] {pdvd.py:125} INFO - Processed pdvd for 20250208
[2026-01-23T16:44:21.269+0000] {filesystem.py:48} INFO - Saved file to /opt/***/local_data/silver/omie/pdvd/2025/02/20250209.parquet
[2026-01-23T16:45:01.208+0000] {database.py:189} ERROR - Error during bulk insert into omie.pdvd: duplicate key value violates unique constraint "pdvd_pkey"
DETAIL:  Key (anio, mes, dia, periodo, codigo_uof)=(2025, 2, 9, 1, ABA1) already exists.
CONTEXT:  COPY pdvd, line 1

[2026-01-23T16:45:01.210+0000] {pdvd.py:127} ERROR - Error processing zip bronze/omie/pdvd/2025/pdvd_202502.zip: duplicate key value violates unique constraint "pdvd_pkey"
DETAIL:  Key (anio, mes, dia, periodo, codigo_uof)=(2025, 2, 9, 1, ABA1) already exists.
CONTEXT:  COPY pdvd, line 1

[2026-01-23T16:45:01.708+0000] {filesystem.py:48} INFO - Saved file to /opt/***/local_data/silver/omie/pdvd/2025/02/20250210.parquet
[2026-01-23T16:45:37.444+0000] {database.py:189} ERROR - Error during bulk insert into omie.pdvd: duplicate key value violates unique constraint "pdvd_pkey"
DETAIL:  Key (anio, mes, dia, periodo, codigo_uof)=(2025, 2, 10, 1, ABA1) already exists.
CONTEXT:  COPY pdvd, line 1

[2026-01-23T16:45:37.446+0000] {pdvd.py:127} ERROR - Error processing zip bronze/omie/pdvd/2025/pdvd_202502.zip: duplicate key value violates unique constraint "pdvd_pkey"
DETAIL:  Key (anio, mes, dia, periodo, codigo_uof)=(2025, 2, 10, 1, ABA1) already exists.
CONTEXT:  COPY pdvd, line 1

[2026-01-23T16:45:37.812+0000] {filesystem.py:48} INFO - Saved file to /opt/***/local_data/silver/omie/pdvd/2025/02/20250211.parquet
[2026-01-23T16:46:00.050+0000] {database.py:186} INFO - Inserted 57136 rows into 'omie.pdvd'.
[2026-01-23T16:46:00.052+0000] {pdvd.py:125} INFO - Processed pdvd for 20250211
[2026-01-23T16:46:00.417+0000] {filesystem.py:48} INFO - Saved file to /opt/***/local_data/silver/omie/pdvd/2025/02/20250212.parquet
[2026-01-23T16:46:23.848+0000] {database.py:189} ERROR - Error during bulk insert into omie.pdvd: duplicate key value violates unique constraint "pdvd_pkey"
DETAIL:  Key (anio, mes, dia, periodo, codigo_uof)=(2025, 2, 12, 1, ABOUC01) already exists.
CONTEXT:  COPY pdvd, line 1

[2026-01-23T16:46:23.849+0000] {pdvd.py:127} ERROR - Error processing zip bronze/omie/pdvd/2025/pdvd_202502.zip: duplicate key value violates unique constraint "pdvd_pkey"
DETAIL:  Key (anio, mes, dia, periodo, codigo_uof)=(2025, 2, 12, 1, ABOUC01) already exists.
CONTEXT:  COPY pdvd, line 1

[2026-01-23T16:46:24.211+0000] {filesystem.py:48} INFO - Saved file to /opt/***/local_data/silver/omie/pdvd/2025/02/20250213.parquet
[2026-01-23T16:46:49.382+0000] {database.py:189} ERROR - Error during bulk insert into omie.pdvd: duplicate key value violates unique constraint "pdvd_pkey"
DETAIL:  Key (anio, mes, dia, periodo, codigo_uof)=(2025, 2, 13, 1, ABA1) already exists.
CONTEXT:  COPY pdvd, line 1

[2026-01-23T16:46:49.386+0000] {pdvd.py:127} ERROR - Error processing zip bronze/omie/pdvd/2025/pdvd_202502.zip: duplicate key value violates unique constraint "pdvd_pkey"
DETAIL:  Key (anio, mes, dia, periodo, codigo_uof)=(2025, 2, 13, 1, ABA1) already exists.
CONTEXT:  COPY pdvd, line 1

[2026-01-23T16:46:49.725+0000] {filesystem.py:48} INFO - Saved file to /opt/***/local_data/silver/omie/pdvd/2025/02/20250214.parquet
[2026-01-23T16:47:17.823+0000] {database.py:189} ERROR - Error during bulk insert into omie.pdvd: duplicate key value violates unique constraint "pdvd_pkey"
DETAIL:  Key (anio, mes, dia, periodo, codigo_uof)=(2025, 2, 14, 1, ABA1) already exists.
CONTEXT:  COPY pdvd, line 1

[2026-01-23T16:47:17.824+0000] {pdvd.py:127} ERROR - Error processing zip bronze/omie/pdvd/2025/pdvd_202502.zip: duplicate key value violates unique constraint "pdvd_pkey"
DETAIL:  Key (anio, mes, dia, periodo, codigo_uof)=(2025, 2, 14, 1, ABA1) already exists.
CONTEXT:  COPY pdvd, line 1

[2026-01-23T16:47:18.098+0000] {filesystem.py:48} INFO - Saved file to /opt/***/local_data/silver/omie/pdvd/2025/02/20250215.parquet
[2026-01-23T16:47:53.812+0000] {database.py:189} ERROR - Error during bulk insert into omie.pdvd: duplicate key value violates unique constraint "pdvd_pkey"
DETAIL:  Key (anio, mes, dia, periodo, codigo_uof)=(2025, 2, 15, 1, ABA1) already exists.
CONTEXT:  COPY pdvd, line 1

[2026-01-23T16:47:53.822+0000] {pdvd.py:127} ERROR - Error processing zip bronze/omie/pdvd/2025/pdvd_202502.zip: duplicate key value violates unique constraint "pdvd_pkey"
DETAIL:  Key (anio, mes, dia, periodo, codigo_uof)=(2025, 2, 15, 1, ABA1) already exists.
CONTEXT:  COPY pdvd, line 1

[2026-01-23T16:47:54.427+0000] {filesystem.py:48} INFO - Saved file to /opt/***/local_data/silver/omie/pdvd/2025/02/20250216.parquet
