[2026-01-22T19:13:11.226+0000] {local_task_job_runner.py:120} INFO - ::group::Pre task execution logs
[2026-01-22T19:13:11.670+0000] {taskinstance.py:2076} INFO - Dependencies all met for dep_context=non-requeueable deps ti=<TaskInstance: omie_pipeline.download_pdbc manual__2026-01-22T19:12:31.807662+00:00 [queued]>
[2026-01-22T19:13:11.834+0000] {taskinstance.py:2076} INFO - Dependencies all met for dep_context=requeueable deps ti=<TaskInstance: omie_pipeline.download_pdbc manual__2026-01-22T19:12:31.807662+00:00 [queued]>
[2026-01-22T19:13:11.851+0000] {taskinstance.py:2306} INFO - Starting attempt 1 of 2
[2026-01-22T19:13:11.955+0000] {taskinstance.py:2330} INFO - Executing <Task(PythonOperator): download_pdbc> on 2026-01-22 19:12:31.807662+00:00
[2026-01-22T19:13:12.004+0000] {standard_task_runner.py:63} INFO - Started process 4852 to run task
[2026-01-22T19:13:12.050+0000] {standard_task_runner.py:90} INFO - Running: ['***', 'tasks', 'run', 'omie_pipeline', 'download_pdbc', 'manual__2026-01-22T19:12:31.807662+00:00', '--job-id', '150', '--raw', '--subdir', 'DAGS_FOLDER/omie_dag.py', '--cfg-path', '/tmp/tmp7nad4dlj']
[2026-01-22T19:13:12.074+0000] {standard_task_runner.py:91} INFO - Job 150: Subtask download_pdbc
[2026-01-22T19:13:12.785+0000] {task_command.py:426} INFO - Running <TaskInstance: omie_pipeline.download_pdbc manual__2026-01-22T19:12:31.807662+00:00 [running]> on host 2aff4151de2d
[2026-01-22T19:13:14.209+0000] {taskinstance.py:2648} INFO - Exporting env vars: AIRFLOW_CTX_DAG_OWNER='***' AIRFLOW_CTX_DAG_ID='omie_pipeline' AIRFLOW_CTX_TASK_ID='download_pdbc' AIRFLOW_CTX_EXECUTION_DATE='2026-01-22T19:12:31.807662+00:00' AIRFLOW_CTX_TRY_NUMBER='1' AIRFLOW_CTX_DAG_RUN_ID='manual__2026-01-22T19:12:31.807662+00:00'
[2026-01-22T19:13:14.239+0000] {taskinstance.py:430} INFO - ::endgroup::
[2026-01-22T19:13:14.441+0000] {logging_mixin.py:188} INFO - Downloading download_pdbc from 2026-01-22 19:12:31.807662 to 2026-01-22 19:12:31.807662
[2026-01-22T19:13:14.481+0000] {pdbc.py:48} INFO - File bronze/omie/pdbc/2025/pdbc_202501.zip already exists (past month). Skipping.
[2026-01-22T19:13:14.577+0000] {pdbc.py:48} INFO - File bronze/omie/pdbc/2025/pdbc_202502.zip already exists (past month). Skipping.
[2026-01-22T19:13:14.680+0000] {pdbc.py:48} INFO - File bronze/omie/pdbc/2025/pdbc_202503.zip already exists (past month). Skipping.
[2026-01-22T19:13:14.708+0000] {pdbc.py:48} INFO - File bronze/omie/pdbc/2025/pdbc_202504.zip already exists (past month). Skipping.
[2026-01-22T19:13:14.739+0000] {pdbc.py:48} INFO - File bronze/omie/pdbc/2025/pdbc_202505.zip already exists (past month). Skipping.
[2026-01-22T19:13:14.774+0000] {pdbc.py:48} INFO - File bronze/omie/pdbc/2025/pdbc_202506.zip already exists (past month). Skipping.
[2026-01-22T19:13:14.813+0000] {pdbc.py:48} INFO - File bronze/omie/pdbc/2025/pdbc_202507.zip already exists (past month). Skipping.
[2026-01-22T19:13:14.828+0000] {pdbc.py:48} INFO - File bronze/omie/pdbc/2025/pdbc_202508.zip already exists (past month). Skipping.
[2026-01-22T19:13:14.865+0000] {pdbc.py:48} INFO - File bronze/omie/pdbc/2025/pdbc_202509.zip already exists (past month). Skipping.
[2026-01-22T19:13:14.904+0000] {pdbc.py:48} INFO - File bronze/omie/pdbc/2025/pdbc_202510.zip already exists (past month). Skipping.
[2026-01-22T19:13:14.920+0000] {omie_client.py:64} INFO - Downloading pdbc_202511.zip from OMIE...
[2026-01-22T19:13:15.939+0000] {omie_client.py:68} INFO - File pdbc_202511.zip not found (404).
[2026-01-22T19:13:15.948+0000] {pdbc.py:56} WARNING - Failed to download pdbc_202511.zip
[2026-01-22T19:13:15.974+0000] {omie_client.py:64} INFO - Downloading pdbc_202512.zip from OMIE...
[2026-01-22T19:13:16.797+0000] {omie_client.py:68} INFO - File pdbc_202512.zip not found (404).
[2026-01-22T19:13:16.803+0000] {pdbc.py:56} WARNING - Failed to download pdbc_202512.zip
[2026-01-22T19:13:16.827+0000] {omie_client.py:64} INFO - Downloading pdbc_202601.zip from OMIE...
[2026-01-22T19:13:17.828+0000] {omie_client.py:68} INFO - File pdbc_202601.zip not found (404).
[2026-01-22T19:13:17.847+0000] {pdbc.py:56} WARNING - Failed to download pdbc_202601.zip
[2026-01-22T19:13:17.855+0000] {python.py:237} INFO - Done. Returned value was: {'start': '2025-01-01', 'end': '2026-01-22'}
[2026-01-22T19:13:17.859+0000] {taskinstance.py:441} INFO - ::group::Post task execution logs
[2026-01-22T19:13:18.098+0000] {taskinstance.py:1206} INFO - Marking task as SUCCESS. dag_id=omie_pipeline, task_id=download_pdbc, run_id=manual__2026-01-22T19:12:31.807662+00:00, execution_date=20260122T191231, start_date=20260122T191311, end_date=20260122T191318
[2026-01-22T19:13:18.248+0000] {local_task_job_runner.py:240} INFO - Task exited with return code 0
[2026-01-22T19:13:18.304+0000] {local_task_job_runner.py:222} INFO - ::endgroup::
