[2026-01-23T16:09:44.985+0000] {local_task_job_runner.py:120} INFO - ::group::Pre task execution logs
[2026-01-23T16:09:45.213+0000] {taskinstance.py:2076} INFO - Dependencies all met for dep_context=non-requeueable deps ti=<TaskInstance: omie_pipeline.download_marginal_pdbc scheduled__2026-01-22T08:30:00+00:00 [queued]>
[2026-01-23T16:09:45.242+0000] {taskinstance.py:2076} INFO - Dependencies all met for dep_context=requeueable deps ti=<TaskInstance: omie_pipeline.download_marginal_pdbc scheduled__2026-01-22T08:30:00+00:00 [queued]>
[2026-01-23T16:09:45.267+0000] {taskinstance.py:2306} INFO - Starting attempt 1 of 2
[2026-01-23T16:09:45.379+0000] {taskinstance.py:2330} INFO - Executing <Task(PythonOperator): download_marginal_pdbc> on 2026-01-22 08:30:00+00:00
[2026-01-23T16:09:45.684+0000] {standard_task_runner.py:63} INFO - Started process 260 to run task
[2026-01-23T16:09:45.704+0000] {standard_task_runner.py:90} INFO - Running: ['***', 'tasks', 'run', 'omie_pipeline', 'download_marginal_pdbc', 'scheduled__2026-01-22T08:30:00+00:00', '--job-id', '176', '--raw', '--subdir', 'DAGS_FOLDER/omie_dag.py', '--cfg-path', '/tmp/tmpihuz4et2']
[2026-01-23T16:09:45.767+0000] {standard_task_runner.py:91} INFO - Job 176: Subtask download_marginal_pdbc
[2026-01-23T16:09:46.408+0000] {task_command.py:426} INFO - Running <TaskInstance: omie_pipeline.download_marginal_pdbc scheduled__2026-01-22T08:30:00+00:00 [running]> on host 2aff4151de2d
[2026-01-23T16:09:47.124+0000] {taskinstance.py:2648} INFO - Exporting env vars: AIRFLOW_CTX_DAG_OWNER='***' AIRFLOW_CTX_DAG_ID='omie_pipeline' AIRFLOW_CTX_TASK_ID='download_marginal_pdbc' AIRFLOW_CTX_EXECUTION_DATE='2026-01-22T08:30:00+00:00' AIRFLOW_CTX_TRY_NUMBER='1' AIRFLOW_CTX_DAG_RUN_ID='scheduled__2026-01-22T08:30:00+00:00'
[2026-01-23T16:09:47.139+0000] {taskinstance.py:430} INFO - ::endgroup::
[2026-01-23T16:09:47.174+0000] {logging_mixin.py:188} INFO - Downloading download_marginalpdbc from 2026-01-22 08:30:00 to 2026-01-22 08:30:00
[2026-01-23T16:09:47.189+0000] {marginalpdbc.py:65} INFO - File bronze/omie/marginalpdbc/2025/01/marginalpdbc_20250101.1 already exists. Skipping download.
[2026-01-23T16:09:47.215+0000] {marginalpdbc.py:65} INFO - File bronze/omie/marginalpdbc/2025/01/marginalpdbc_20250102.1 already exists. Skipping download.
[2026-01-23T16:09:47.246+0000] {marginalpdbc.py:65} INFO - File bronze/omie/marginalpdbc/2025/01/marginalpdbc_20250103.1 already exists. Skipping download.
[2026-01-23T16:09:47.278+0000] {marginalpdbc.py:65} INFO - File bronze/omie/marginalpdbc/2025/01/marginalpdbc_20250104.1 already exists. Skipping download.
[2026-01-23T16:09:47.292+0000] {marginalpdbc.py:65} INFO - File bronze/omie/marginalpdbc/2025/01/marginalpdbc_20250105.1 already exists. Skipping download.
[2026-01-23T16:09:47.301+0000] {marginalpdbc.py:65} INFO - File bronze/omie/marginalpdbc/2025/01/marginalpdbc_20250106.1 already exists. Skipping download.
[2026-01-23T16:09:47.318+0000] {marginalpdbc.py:65} INFO - File bronze/omie/marginalpdbc/2025/01/marginalpdbc_20250107.1 already exists. Skipping download.
[2026-01-23T16:09:47.334+0000] {marginalpdbc.py:65} INFO - File bronze/omie/marginalpdbc/2025/01/marginalpdbc_20250108.1 already exists. Skipping download.
[2026-01-23T16:09:47.380+0000] {marginalpdbc.py:65} INFO - File bronze/omie/marginalpdbc/2025/01/marginalpdbc_20250109.1 already exists. Skipping download.
[2026-01-23T16:09:47.412+0000] {marginalpdbc.py:65} INFO - File bronze/omie/marginalpdbc/2025/01/marginalpdbc_20250110.1 already exists. Skipping download.
[2026-01-23T16:09:47.450+0000] {marginalpdbc.py:65} INFO - File bronze/omie/marginalpdbc/2025/01/marginalpdbc_20250111.1 already exists. Skipping download.
[2026-01-23T16:09:47.477+0000] {marginalpdbc.py:65} INFO - File bronze/omie/marginalpdbc/2025/01/marginalpdbc_20250112.1 already exists. Skipping download.
[2026-01-23T16:09:47.518+0000] {marginalpdbc.py:65} INFO - File bronze/omie/marginalpdbc/2025/01/marginalpdbc_20250113.1 already exists. Skipping download.
[2026-01-23T16:09:47.543+0000] {marginalpdbc.py:65} INFO - File bronze/omie/marginalpdbc/2025/01/marginalpdbc_20250114.1 already exists. Skipping download.
[2026-01-23T16:09:47.597+0000] {marginalpdbc.py:65} INFO - File bronze/omie/marginalpdbc/2025/01/marginalpdbc_20250115.1 already exists. Skipping download.
[2026-01-23T16:09:47.621+0000] {marginalpdbc.py:65} INFO - File bronze/omie/marginalpdbc/2025/01/marginalpdbc_20250116.1 already exists. Skipping download.
[2026-01-23T16:09:47.632+0000] {marginalpdbc.py:65} INFO - File bronze/omie/marginalpdbc/2025/01/marginalpdbc_20250117.1 already exists. Skipping download.
[2026-01-23T16:09:47.659+0000] {marginalpdbc.py:65} INFO - File bronze/omie/marginalpdbc/2025/01/marginalpdbc_20250118.1 already exists. Skipping download.
[2026-01-23T16:09:47.677+0000] {marginalpdbc.py:65} INFO - File bronze/omie/marginalpdbc/2025/01/marginalpdbc_20250119.1 already exists. Skipping download.
[2026-01-23T16:09:47.683+0000] {marginalpdbc.py:65} INFO - File bronze/omie/marginalpdbc/2025/01/marginalpdbc_20250120.1 already exists. Skipping download.
[2026-01-23T16:09:47.690+0000] {marginalpdbc.py:65} INFO - File bronze/omie/marginalpdbc/2025/01/marginalpdbc_20250121.1 already exists. Skipping download.
[2026-01-23T16:09:47.705+0000] {marginalpdbc.py:65} INFO - File bronze/omie/marginalpdbc/2025/01/marginalpdbc_20250122.1 already exists. Skipping download.
[2026-01-23T16:09:47.719+0000] {marginalpdbc.py:65} INFO - File bronze/omie/marginalpdbc/2025/01/marginalpdbc_20250123.1 already exists. Skipping download.
[2026-01-23T16:09:47.727+0000] {marginalpdbc.py:65} INFO - File bronze/omie/marginalpdbc/2025/01/marginalpdbc_20250124.1 already exists. Skipping download.
[2026-01-23T16:09:47.734+0000] {marginalpdbc.py:65} INFO - File bronze/omie/marginalpdbc/2025/01/marginalpdbc_20250125.1 already exists. Skipping download.
[2026-01-23T16:09:47.744+0000] {marginalpdbc.py:65} INFO - File bronze/omie/marginalpdbc/2025/01/marginalpdbc_20250126.1 already exists. Skipping download.
[2026-01-23T16:09:47.759+0000] {marginalpdbc.py:65} INFO - File bronze/omie/marginalpdbc/2025/01/marginalpdbc_20250127.1 already exists. Skipping download.
[2026-01-23T16:09:47.765+0000] {marginalpdbc.py:65} INFO - File bronze/omie/marginalpdbc/2025/01/marginalpdbc_20250128.1 already exists. Skipping download.
[2026-01-23T16:09:47.772+0000] {marginalpdbc.py:65} INFO - File bronze/omie/marginalpdbc/2025/01/marginalpdbc_20250129.1 already exists. Skipping download.
[2026-01-23T16:09:47.777+0000] {marginalpdbc.py:65} INFO - File bronze/omie/marginalpdbc/2025/01/marginalpdbc_20250130.1 already exists. Skipping download.
[2026-01-23T16:09:47.786+0000] {marginalpdbc.py:65} INFO - File bronze/omie/marginalpdbc/2025/01/marginalpdbc_20250131.1 already exists. Skipping download.
[2026-01-23T16:09:47.792+0000] {marginalpdbc.py:65} INFO - File bronze/omie/marginalpdbc/2025/02/marginalpdbc_20250201.1 already exists. Skipping download.
[2026-01-23T16:09:47.797+0000] {marginalpdbc.py:65} INFO - File bronze/omie/marginalpdbc/2025/02/marginalpdbc_20250202.1 already exists. Skipping download.
[2026-01-23T16:09:47.803+0000] {marginalpdbc.py:65} INFO - File bronze/omie/marginalpdbc/2025/02/marginalpdbc_20250203.1 already exists. Skipping download.
[2026-01-23T16:09:47.808+0000] {marginalpdbc.py:65} INFO - File bronze/omie/marginalpdbc/2025/02/marginalpdbc_20250204.1 already exists. Skipping download.
[2026-01-23T16:09:47.820+0000] {marginalpdbc.py:65} INFO - File bronze/omie/marginalpdbc/2025/02/marginalpdbc_20250205.1 already exists. Skipping download.
[2026-01-23T16:09:47.828+0000] {marginalpdbc.py:65} INFO - File bronze/omie/marginalpdbc/2025/02/marginalpdbc_20250206.1 already exists. Skipping download.
[2026-01-23T16:09:47.841+0000] {marginalpdbc.py:65} INFO - File bronze/omie/marginalpdbc/2025/02/marginalpdbc_20250207.1 already exists. Skipping download.
[2026-01-23T16:09:47.852+0000] {marginalpdbc.py:65} INFO - File bronze/omie/marginalpdbc/2025/02/marginalpdbc_20250208.1 already exists. Skipping download.
[2026-01-23T16:09:47.896+0000] {marginalpdbc.py:65} INFO - File bronze/omie/marginalpdbc/2025/02/marginalpdbc_20250209.1 already exists. Skipping download.
[2026-01-23T16:09:47.938+0000] {marginalpdbc.py:65} INFO - File bronze/omie/marginalpdbc/2025/02/marginalpdbc_20250210.1 already exists. Skipping download.
[2026-01-23T16:09:47.969+0000] {marginalpdbc.py:65} INFO - File bronze/omie/marginalpdbc/2025/02/marginalpdbc_20250211.1 already exists. Skipping download.
[2026-01-23T16:09:48.000+0000] {marginalpdbc.py:65} INFO - File bronze/omie/marginalpdbc/2025/02/marginalpdbc_20250212.1 already exists. Skipping download.
[2026-01-23T16:09:48.082+0000] {marginalpdbc.py:65} INFO - File bronze/omie/marginalpdbc/2025/02/marginalpdbc_20250213.1 already exists. Skipping download.
[2026-01-23T16:09:48.122+0000] {marginalpdbc.py:65} INFO - File bronze/omie/marginalpdbc/2025/02/marginalpdbc_20250214.1 already exists. Skipping download.
[2026-01-23T16:09:48.135+0000] {marginalpdbc.py:65} INFO - File bronze/omie/marginalpdbc/2025/02/marginalpdbc_20250215.1 already exists. Skipping download.
[2026-01-23T16:09:48.143+0000] {marginalpdbc.py:65} INFO - File bronze/omie/marginalpdbc/2025/02/marginalpdbc_20250216.1 already exists. Skipping download.
[2026-01-23T16:09:48.152+0000] {marginalpdbc.py:65} INFO - File bronze/omie/marginalpdbc/2025/02/marginalpdbc_20250217.1 already exists. Skipping download.
[2026-01-23T16:09:48.183+0000] {marginalpdbc.py:65} INFO - File bronze/omie/marginalpdbc/2025/02/marginalpdbc_20250218.1 already exists. Skipping download.
[2026-01-23T16:09:48.231+0000] {marginalpdbc.py:65} INFO - File bronze/omie/marginalpdbc/2025/02/marginalpdbc_20250219.1 already exists. Skipping download.
[2026-01-23T16:09:48.268+0000] {marginalpdbc.py:65} INFO - File bronze/omie/marginalpdbc/2025/02/marginalpdbc_20250220.1 already exists. Skipping download.
[2026-01-23T16:09:48.309+0000] {marginalpdbc.py:65} INFO - File bronze/omie/marginalpdbc/2025/02/marginalpdbc_20250221.1 already exists. Skipping download.
[2026-01-23T16:09:48.340+0000] {marginalpdbc.py:65} INFO - File bronze/omie/marginalpdbc/2025/02/marginalpdbc_20250222.1 already exists. Skipping download.
[2026-01-23T16:09:48.352+0000] {marginalpdbc.py:65} INFO - File bronze/omie/marginalpdbc/2025/02/marginalpdbc_20250223.1 already exists. Skipping download.
[2026-01-23T16:09:48.374+0000] {marginalpdbc.py:65} INFO - File bronze/omie/marginalpdbc/2025/02/marginalpdbc_20250224.1 already exists. Skipping download.
[2026-01-23T16:09:48.405+0000] {marginalpdbc.py:65} INFO - File bronze/omie/marginalpdbc/2025/02/marginalpdbc_20250225.1 already exists. Skipping download.
[2026-01-23T16:09:48.426+0000] {marginalpdbc.py:65} INFO - File bronze/omie/marginalpdbc/2025/02/marginalpdbc_20250226.1 already exists. Skipping download.
[2026-01-23T16:09:48.437+0000] {marginalpdbc.py:65} INFO - File bronze/omie/marginalpdbc/2025/02/marginalpdbc_20250227.1 already exists. Skipping download.
[2026-01-23T16:09:48.444+0000] {marginalpdbc.py:65} INFO - File bronze/omie/marginalpdbc/2025/02/marginalpdbc_20250228.1 already exists. Skipping download.
[2026-01-23T16:09:48.449+0000] {marginalpdbc.py:65} INFO - File bronze/omie/marginalpdbc/2025/03/marginalpdbc_20250301.1 already exists. Skipping download.
[2026-01-23T16:09:48.455+0000] {marginalpdbc.py:65} INFO - File bronze/omie/marginalpdbc/2025/03/marginalpdbc_20250302.1 already exists. Skipping download.
[2026-01-23T16:09:48.461+0000] {marginalpdbc.py:65} INFO - File bronze/omie/marginalpdbc/2025/03/marginalpdbc_20250303.1 already exists. Skipping download.
[2026-01-23T16:09:48.466+0000] {marginalpdbc.py:65} INFO - File bronze/omie/marginalpdbc/2025/03/marginalpdbc_20250304.1 already exists. Skipping download.
[2026-01-23T16:09:48.471+0000] {marginalpdbc.py:65} INFO - File bronze/omie/marginalpdbc/2025/03/marginalpdbc_20250305.1 already exists. Skipping download.
[2026-01-23T16:09:48.477+0000] {marginalpdbc.py:65} INFO - File bronze/omie/marginalpdbc/2025/03/marginalpdbc_20250306.1 already exists. Skipping download.
[2026-01-23T16:09:48.482+0000] {marginalpdbc.py:65} INFO - File bronze/omie/marginalpdbc/2025/03/marginalpdbc_20250307.1 already exists. Skipping download.
[2026-01-23T16:09:48.488+0000] {marginalpdbc.py:65} INFO - File bronze/omie/marginalpdbc/2025/03/marginalpdbc_20250308.1 already exists. Skipping download.
[2026-01-23T16:09:48.497+0000] {marginalpdbc.py:65} INFO - File bronze/omie/marginalpdbc/2025/03/marginalpdbc_20250309.1 already exists. Skipping download.
[2026-01-23T16:09:48.503+0000] {marginalpdbc.py:65} INFO - File bronze/omie/marginalpdbc/2025/03/marginalpdbc_20250310.1 already exists. Skipping download.
[2026-01-23T16:09:48.507+0000] {marginalpdbc.py:65} INFO - File bronze/omie/marginalpdbc/2025/03/marginalpdbc_20250311.1 already exists. Skipping download.
[2026-01-23T16:09:48.517+0000] {marginalpdbc.py:65} INFO - File bronze/omie/marginalpdbc/2025/03/marginalpdbc_20250312.1 already exists. Skipping download.
[2026-01-23T16:09:48.523+0000] {marginalpdbc.py:65} INFO - File bronze/omie/marginalpdbc/2025/03/marginalpdbc_20250313.1 already exists. Skipping download.
[2026-01-23T16:09:48.529+0000] {marginalpdbc.py:65} INFO - File bronze/omie/marginalpdbc/2025/03/marginalpdbc_20250314.1 already exists. Skipping download.
[2026-01-23T16:09:48.535+0000] {marginalpdbc.py:65} INFO - File bronze/omie/marginalpdbc/2025/03/marginalpdbc_20250315.1 already exists. Skipping download.
[2026-01-23T16:09:48.542+0000] {marginalpdbc.py:65} INFO - File bronze/omie/marginalpdbc/2025/03/marginalpdbc_20250316.1 already exists. Skipping download.
[2026-01-23T16:09:48.551+0000] {marginalpdbc.py:65} INFO - File bronze/omie/marginalpdbc/2025/03/marginalpdbc_20250317.1 already exists. Skipping download.
[2026-01-23T16:09:48.560+0000] {marginalpdbc.py:65} INFO - File bronze/omie/marginalpdbc/2025/03/marginalpdbc_20250318.1 already exists. Skipping download.
[2026-01-23T16:09:48.575+0000] {marginalpdbc.py:65} INFO - File bronze/omie/marginalpdbc/2025/03/marginalpdbc_20250319.1 already exists. Skipping download.
[2026-01-23T16:09:48.599+0000] {marginalpdbc.py:65} INFO - File bronze/omie/marginalpdbc/2025/03/marginalpdbc_20250320.1 already exists. Skipping download.
[2026-01-23T16:09:48.607+0000] {marginalpdbc.py:65} INFO - File bronze/omie/marginalpdbc/2025/03/marginalpdbc_20250321.1 already exists. Skipping download.
[2026-01-23T16:09:48.618+0000] {marginalpdbc.py:65} INFO - File bronze/omie/marginalpdbc/2025/03/marginalpdbc_20250322.1 already exists. Skipping download.
[2026-01-23T16:09:48.629+0000] {marginalpdbc.py:65} INFO - File bronze/omie/marginalpdbc/2025/03/marginalpdbc_20250323.1 already exists. Skipping download.
[2026-01-23T16:09:48.635+0000] {marginalpdbc.py:65} INFO - File bronze/omie/marginalpdbc/2025/03/marginalpdbc_20250324.1 already exists. Skipping download.
[2026-01-23T16:09:48.642+0000] {marginalpdbc.py:65} INFO - File bronze/omie/marginalpdbc/2025/03/marginalpdbc_20250325.1 already exists. Skipping download.
[2026-01-23T16:09:48.649+0000] {marginalpdbc.py:65} INFO - File bronze/omie/marginalpdbc/2025/03/marginalpdbc_20250326.1 already exists. Skipping download.
[2026-01-23T16:09:48.654+0000] {marginalpdbc.py:65} INFO - File bronze/omie/marginalpdbc/2025/03/marginalpdbc_20250327.1 already exists. Skipping download.
[2026-01-23T16:09:48.667+0000] {marginalpdbc.py:65} INFO - File bronze/omie/marginalpdbc/2025/03/marginalpdbc_20250328.1 already exists. Skipping download.
[2026-01-23T16:09:48.673+0000] {marginalpdbc.py:65} INFO - File bronze/omie/marginalpdbc/2025/03/marginalpdbc_20250329.1 already exists. Skipping download.
[2026-01-23T16:09:48.682+0000] {marginalpdbc.py:65} INFO - File bronze/omie/marginalpdbc/2025/03/marginalpdbc_20250330.1 already exists. Skipping download.
[2026-01-23T16:09:48.698+0000] {marginalpdbc.py:65} INFO - File bronze/omie/marginalpdbc/2025/03/marginalpdbc_20250331.1 already exists. Skipping download.
[2026-01-23T16:09:48.705+0000] {marginalpdbc.py:65} INFO - File bronze/omie/marginalpdbc/2025/04/marginalpdbc_20250401.1 already exists. Skipping download.
[2026-01-23T16:09:48.712+0000] {marginalpdbc.py:65} INFO - File bronze/omie/marginalpdbc/2025/04/marginalpdbc_20250402.1 already exists. Skipping download.
[2026-01-23T16:09:48.719+0000] {marginalpdbc.py:65} INFO - File bronze/omie/marginalpdbc/2025/04/marginalpdbc_20250403.1 already exists. Skipping download.
[2026-01-23T16:09:48.724+0000] {marginalpdbc.py:65} INFO - File bronze/omie/marginalpdbc/2025/04/marginalpdbc_20250404.1 already exists. Skipping download.
[2026-01-23T16:09:48.731+0000] {marginalpdbc.py:65} INFO - File bronze/omie/marginalpdbc/2025/04/marginalpdbc_20250405.1 already exists. Skipping download.
[2026-01-23T16:09:48.737+0000] {marginalpdbc.py:65} INFO - File bronze/omie/marginalpdbc/2025/04/marginalpdbc_20250406.1 already exists. Skipping download.
[2026-01-23T16:09:48.744+0000] {marginalpdbc.py:65} INFO - File bronze/omie/marginalpdbc/2025/04/marginalpdbc_20250407.1 already exists. Skipping download.
[2026-01-23T16:09:48.752+0000] {marginalpdbc.py:65} INFO - File bronze/omie/marginalpdbc/2025/04/marginalpdbc_20250408.1 already exists. Skipping download.
[2026-01-23T16:09:48.766+0000] {marginalpdbc.py:65} INFO - File bronze/omie/marginalpdbc/2025/04/marginalpdbc_20250409.1 already exists. Skipping download.
[2026-01-23T16:09:48.773+0000] {marginalpdbc.py:65} INFO - File bronze/omie/marginalpdbc/2025/04/marginalpdbc_20250410.1 already exists. Skipping download.
[2026-01-23T16:09:48.794+0000] {marginalpdbc.py:65} INFO - File bronze/omie/marginalpdbc/2025/04/marginalpdbc_20250411.1 already exists. Skipping download.
[2026-01-23T16:09:48.807+0000] {marginalpdbc.py:65} INFO - File bronze/omie/marginalpdbc/2025/04/marginalpdbc_20250412.1 already exists. Skipping download.
[2026-01-23T16:09:48.831+0000] {marginalpdbc.py:65} INFO - File bronze/omie/marginalpdbc/2025/04/marginalpdbc_20250413.1 already exists. Skipping download.
[2026-01-23T16:09:48.843+0000] {marginalpdbc.py:65} INFO - File bronze/omie/marginalpdbc/2025/04/marginalpdbc_20250414.1 already exists. Skipping download.
[2026-01-23T16:09:48.855+0000] {marginalpdbc.py:65} INFO - File bronze/omie/marginalpdbc/2025/04/marginalpdbc_20250415.1 already exists. Skipping download.
[2026-01-23T16:09:48.864+0000] {marginalpdbc.py:65} INFO - File bronze/omie/marginalpdbc/2025/04/marginalpdbc_20250416.1 already exists. Skipping download.
[2026-01-23T16:09:48.870+0000] {marginalpdbc.py:65} INFO - File bronze/omie/marginalpdbc/2025/04/marginalpdbc_20250417.1 already exists. Skipping download.
[2026-01-23T16:09:48.876+0000] {marginalpdbc.py:65} INFO - File bronze/omie/marginalpdbc/2025/04/marginalpdbc_20250418.1 already exists. Skipping download.
[2026-01-23T16:09:48.882+0000] {marginalpdbc.py:65} INFO - File bronze/omie/marginalpdbc/2025/04/marginalpdbc_20250419.1 already exists. Skipping download.
[2026-01-23T16:09:48.886+0000] {marginalpdbc.py:65} INFO - File bronze/omie/marginalpdbc/2025/04/marginalpdbc_20250420.1 already exists. Skipping download.
[2026-01-23T16:09:48.892+0000] {marginalpdbc.py:65} INFO - File bronze/omie/marginalpdbc/2025/04/marginalpdbc_20250421.1 already exists. Skipping download.
[2026-01-23T16:09:48.898+0000] {marginalpdbc.py:65} INFO - File bronze/omie/marginalpdbc/2025/04/marginalpdbc_20250422.1 already exists. Skipping download.
[2026-01-23T16:09:48.903+0000] {marginalpdbc.py:65} INFO - File bronze/omie/marginalpdbc/2025/04/marginalpdbc_20250423.1 already exists. Skipping download.
[2026-01-23T16:09:48.909+0000] {marginalpdbc.py:65} INFO - File bronze/omie/marginalpdbc/2025/04/marginalpdbc_20250424.1 already exists. Skipping download.
[2026-01-23T16:09:48.914+0000] {marginalpdbc.py:65} INFO - File bronze/omie/marginalpdbc/2025/04/marginalpdbc_20250425.1 already exists. Skipping download.
[2026-01-23T16:09:48.921+0000] {marginalpdbc.py:65} INFO - File bronze/omie/marginalpdbc/2025/04/marginalpdbc_20250426.1 already exists. Skipping download.
[2026-01-23T16:09:48.934+0000] {marginalpdbc.py:65} INFO - File bronze/omie/marginalpdbc/2025/04/marginalpdbc_20250427.1 already exists. Skipping download.
[2026-01-23T16:09:48.942+0000] {marginalpdbc.py:65} INFO - File bronze/omie/marginalpdbc/2025/04/marginalpdbc_20250428.1 already exists. Skipping download.
[2026-01-23T16:09:48.949+0000] {marginalpdbc.py:65} INFO - File bronze/omie/marginalpdbc/2025/04/marginalpdbc_20250429.1 already exists. Skipping download.
[2026-01-23T16:09:48.957+0000] {marginalpdbc.py:65} INFO - File bronze/omie/marginalpdbc/2025/04/marginalpdbc_20250430.1 already exists. Skipping download.
[2026-01-23T16:09:48.967+0000] {marginalpdbc.py:65} INFO - File bronze/omie/marginalpdbc/2025/05/marginalpdbc_20250501.1 already exists. Skipping download.
[2026-01-23T16:09:48.981+0000] {marginalpdbc.py:65} INFO - File bronze/omie/marginalpdbc/2025/05/marginalpdbc_20250502.1 already exists. Skipping download.
[2026-01-23T16:09:48.988+0000] {marginalpdbc.py:65} INFO - File bronze/omie/marginalpdbc/2025/05/marginalpdbc_20250503.1 already exists. Skipping download.
[2026-01-23T16:09:49.003+0000] {marginalpdbc.py:65} INFO - File bronze/omie/marginalpdbc/2025/05/marginalpdbc_20250504.1 already exists. Skipping download.
[2026-01-23T16:09:49.013+0000] {marginalpdbc.py:65} INFO - File bronze/omie/marginalpdbc/2025/05/marginalpdbc_20250505.1 already exists. Skipping download.
[2026-01-23T16:09:49.029+0000] {marginalpdbc.py:65} INFO - File bronze/omie/marginalpdbc/2025/05/marginalpdbc_20250506.1 already exists. Skipping download.
[2026-01-23T16:09:49.038+0000] {marginalpdbc.py:65} INFO - File bronze/omie/marginalpdbc/2025/05/marginalpdbc_20250507.1 already exists. Skipping download.
[2026-01-23T16:09:49.043+0000] {marginalpdbc.py:65} INFO - File bronze/omie/marginalpdbc/2025/05/marginalpdbc_20250508.1 already exists. Skipping download.
[2026-01-23T16:09:49.049+0000] {marginalpdbc.py:65} INFO - File bronze/omie/marginalpdbc/2025/05/marginalpdbc_20250509.1 already exists. Skipping download.
[2026-01-23T16:09:49.059+0000] {marginalpdbc.py:65} INFO - File bronze/omie/marginalpdbc/2025/05/marginalpdbc_20250510.1 already exists. Skipping download.
[2026-01-23T16:09:49.065+0000] {marginalpdbc.py:65} INFO - File bronze/omie/marginalpdbc/2025/05/marginalpdbc_20250511.1 already exists. Skipping download.
[2026-01-23T16:09:49.079+0000] {marginalpdbc.py:65} INFO - File bronze/omie/marginalpdbc/2025/05/marginalpdbc_20250512.1 already exists. Skipping download.
[2026-01-23T16:09:49.094+0000] {marginalpdbc.py:65} INFO - File bronze/omie/marginalpdbc/2025/05/marginalpdbc_20250513.1 already exists. Skipping download.
[2026-01-23T16:09:49.161+0000] {marginalpdbc.py:65} INFO - File bronze/omie/marginalpdbc/2025/05/marginalpdbc_20250514.1 already exists. Skipping download.
[2026-01-23T16:09:49.223+0000] {marginalpdbc.py:65} INFO - File bronze/omie/marginalpdbc/2025/05/marginalpdbc_20250515.1 already exists. Skipping download.
[2026-01-23T16:09:49.246+0000] {marginalpdbc.py:65} INFO - File bronze/omie/marginalpdbc/2025/05/marginalpdbc_20250516.1 already exists. Skipping download.
[2026-01-23T16:09:49.333+0000] {marginalpdbc.py:65} INFO - File bronze/omie/marginalpdbc/2025/05/marginalpdbc_20250517.1 already exists. Skipping download.
[2026-01-23T16:09:49.382+0000] {marginalpdbc.py:65} INFO - File bronze/omie/marginalpdbc/2025/05/marginalpdbc_20250518.1 already exists. Skipping download.
[2026-01-23T16:09:49.412+0000] {marginalpdbc.py:65} INFO - File bronze/omie/marginalpdbc/2025/05/marginalpdbc_20250519.1 already exists. Skipping download.
[2026-01-23T16:09:49.452+0000] {marginalpdbc.py:65} INFO - File bronze/omie/marginalpdbc/2025/05/marginalpdbc_20250520.1 already exists. Skipping download.
[2026-01-23T16:09:49.491+0000] {marginalpdbc.py:65} INFO - File bronze/omie/marginalpdbc/2025/05/marginalpdbc_20250521.1 already exists. Skipping download.
[2026-01-23T16:09:49.504+0000] {marginalpdbc.py:65} INFO - File bronze/omie/marginalpdbc/2025/05/marginalpdbc_20250522.1 already exists. Skipping download.
[2026-01-23T16:09:49.515+0000] {marginalpdbc.py:65} INFO - File bronze/omie/marginalpdbc/2025/05/marginalpdbc_20250523.1 already exists. Skipping download.
[2026-01-23T16:09:49.550+0000] {marginalpdbc.py:65} INFO - File bronze/omie/marginalpdbc/2025/05/marginalpdbc_20250524.1 already exists. Skipping download.
[2026-01-23T16:09:49.595+0000] {marginalpdbc.py:65} INFO - File bronze/omie/marginalpdbc/2025/05/marginalpdbc_20250525.1 already exists. Skipping download.
[2026-01-23T16:09:49.615+0000] {marginalpdbc.py:65} INFO - File bronze/omie/marginalpdbc/2025/05/marginalpdbc_20250526.1 already exists. Skipping download.
[2026-01-23T16:09:49.633+0000] {marginalpdbc.py:65} INFO - File bronze/omie/marginalpdbc/2025/05/marginalpdbc_20250527.1 already exists. Skipping download.
[2026-01-23T16:09:49.649+0000] {marginalpdbc.py:65} INFO - File bronze/omie/marginalpdbc/2025/05/marginalpdbc_20250528.1 already exists. Skipping download.
[2026-01-23T16:09:49.673+0000] {marginalpdbc.py:65} INFO - File bronze/omie/marginalpdbc/2025/05/marginalpdbc_20250529.1 already exists. Skipping download.
[2026-01-23T16:09:49.699+0000] {marginalpdbc.py:65} INFO - File bronze/omie/marginalpdbc/2025/05/marginalpdbc_20250530.1 already exists. Skipping download.
[2026-01-23T16:09:49.722+0000] {marginalpdbc.py:65} INFO - File bronze/omie/marginalpdbc/2025/05/marginalpdbc_20250531.1 already exists. Skipping download.
[2026-01-23T16:09:49.734+0000] {marginalpdbc.py:65} INFO - File bronze/omie/marginalpdbc/2025/06/marginalpdbc_20250601.1 already exists. Skipping download.
[2026-01-23T16:09:49.744+0000] {marginalpdbc.py:65} INFO - File bronze/omie/marginalpdbc/2025/06/marginalpdbc_20250602.1 already exists. Skipping download.
[2026-01-23T16:09:49.751+0000] {marginalpdbc.py:65} INFO - File bronze/omie/marginalpdbc/2025/06/marginalpdbc_20250603.1 already exists. Skipping download.
[2026-01-23T16:09:49.757+0000] {marginalpdbc.py:65} INFO - File bronze/omie/marginalpdbc/2025/06/marginalpdbc_20250604.1 already exists. Skipping download.
[2026-01-23T16:09:49.777+0000] {marginalpdbc.py:65} INFO - File bronze/omie/marginalpdbc/2025/06/marginalpdbc_20250605.1 already exists. Skipping download.
[2026-01-23T16:09:49.789+0000] {marginalpdbc.py:65} INFO - File bronze/omie/marginalpdbc/2025/06/marginalpdbc_20250606.1 already exists. Skipping download.
[2026-01-23T16:09:49.804+0000] {marginalpdbc.py:65} INFO - File bronze/omie/marginalpdbc/2025/06/marginalpdbc_20250607.1 already exists. Skipping download.
[2026-01-23T16:09:49.812+0000] {marginalpdbc.py:65} INFO - File bronze/omie/marginalpdbc/2025/06/marginalpdbc_20250608.1 already exists. Skipping download.
[2026-01-23T16:09:49.820+0000] {marginalpdbc.py:65} INFO - File bronze/omie/marginalpdbc/2025/06/marginalpdbc_20250609.1 already exists. Skipping download.
[2026-01-23T16:09:49.843+0000] {marginalpdbc.py:65} INFO - File bronze/omie/marginalpdbc/2025/06/marginalpdbc_20250610.1 already exists. Skipping download.
[2026-01-23T16:09:49.852+0000] {marginalpdbc.py:65} INFO - File bronze/omie/marginalpdbc/2025/06/marginalpdbc_20250611.1 already exists. Skipping download.
[2026-01-23T16:09:49.864+0000] {marginalpdbc.py:65} INFO - File bronze/omie/marginalpdbc/2025/06/marginalpdbc_20250612.1 already exists. Skipping download.
[2026-01-23T16:09:49.872+0000] {marginalpdbc.py:65} INFO - File bronze/omie/marginalpdbc/2025/06/marginalpdbc_20250613.1 already exists. Skipping download.
[2026-01-23T16:09:49.882+0000] {marginalpdbc.py:65} INFO - File bronze/omie/marginalpdbc/2025/06/marginalpdbc_20250614.1 already exists. Skipping download.
[2026-01-23T16:09:49.888+0000] {marginalpdbc.py:65} INFO - File bronze/omie/marginalpdbc/2025/06/marginalpdbc_20250615.1 already exists. Skipping download.
[2026-01-23T16:09:49.901+0000] {marginalpdbc.py:65} INFO - File bronze/omie/marginalpdbc/2025/06/marginalpdbc_20250616.1 already exists. Skipping download.
[2026-01-23T16:09:49.908+0000] {marginalpdbc.py:65} INFO - File bronze/omie/marginalpdbc/2025/06/marginalpdbc_20250617.1 already exists. Skipping download.
[2026-01-23T16:09:49.914+0000] {marginalpdbc.py:65} INFO - File bronze/omie/marginalpdbc/2025/06/marginalpdbc_20250618.1 already exists. Skipping download.
[2026-01-23T16:09:49.920+0000] {marginalpdbc.py:65} INFO - File bronze/omie/marginalpdbc/2025/06/marginalpdbc_20250619.1 already exists. Skipping download.
[2026-01-23T16:09:49.931+0000] {marginalpdbc.py:65} INFO - File bronze/omie/marginalpdbc/2025/06/marginalpdbc_20250620.1 already exists. Skipping download.
[2026-01-23T16:09:49.941+0000] {marginalpdbc.py:65} INFO - File bronze/omie/marginalpdbc/2025/06/marginalpdbc_20250621.1 already exists. Skipping download.
[2026-01-23T16:09:49.952+0000] {marginalpdbc.py:65} INFO - File bronze/omie/marginalpdbc/2025/06/marginalpdbc_20250622.1 already exists. Skipping download.
[2026-01-23T16:09:49.958+0000] {marginalpdbc.py:65} INFO - File bronze/omie/marginalpdbc/2025/06/marginalpdbc_20250623.1 already exists. Skipping download.
[2026-01-23T16:09:49.964+0000] {marginalpdbc.py:65} INFO - File bronze/omie/marginalpdbc/2025/06/marginalpdbc_20250624.1 already exists. Skipping download.
[2026-01-23T16:09:49.969+0000] {marginalpdbc.py:65} INFO - File bronze/omie/marginalpdbc/2025/06/marginalpdbc_20250625.1 already exists. Skipping download.
[2026-01-23T16:09:49.974+0000] {marginalpdbc.py:65} INFO - File bronze/omie/marginalpdbc/2025/06/marginalpdbc_20250626.1 already exists. Skipping download.
[2026-01-23T16:09:49.983+0000] {marginalpdbc.py:65} INFO - File bronze/omie/marginalpdbc/2025/06/marginalpdbc_20250627.1 already exists. Skipping download.
[2026-01-23T16:09:49.988+0000] {marginalpdbc.py:65} INFO - File bronze/omie/marginalpdbc/2025/06/marginalpdbc_20250628.1 already exists. Skipping download.
[2026-01-23T16:09:49.993+0000] {marginalpdbc.py:65} INFO - File bronze/omie/marginalpdbc/2025/06/marginalpdbc_20250629.1 already exists. Skipping download.
[2026-01-23T16:09:49.998+0000] {marginalpdbc.py:65} INFO - File bronze/omie/marginalpdbc/2025/06/marginalpdbc_20250630.1 already exists. Skipping download.
[2026-01-23T16:09:50.003+0000] {marginalpdbc.py:65} INFO - File bronze/omie/marginalpdbc/2025/07/marginalpdbc_20250701.1 already exists. Skipping download.
[2026-01-23T16:09:50.009+0000] {marginalpdbc.py:65} INFO - File bronze/omie/marginalpdbc/2025/07/marginalpdbc_20250702.1 already exists. Skipping download.
[2026-01-23T16:09:50.014+0000] {marginalpdbc.py:65} INFO - File bronze/omie/marginalpdbc/2025/07/marginalpdbc_20250703.1 already exists. Skipping download.
[2026-01-23T16:09:50.021+0000] {marginalpdbc.py:65} INFO - File bronze/omie/marginalpdbc/2025/07/marginalpdbc_20250704.1 already exists. Skipping download.
[2026-01-23T16:09:50.029+0000] {marginalpdbc.py:65} INFO - File bronze/omie/marginalpdbc/2025/07/marginalpdbc_20250705.1 already exists. Skipping download.
[2026-01-23T16:09:50.036+0000] {marginalpdbc.py:65} INFO - File bronze/omie/marginalpdbc/2025/07/marginalpdbc_20250706.1 already exists. Skipping download.
[2026-01-23T16:09:50.050+0000] {marginalpdbc.py:65} INFO - File bronze/omie/marginalpdbc/2025/07/marginalpdbc_20250707.1 already exists. Skipping download.
[2026-01-23T16:09:50.060+0000] {marginalpdbc.py:65} INFO - File bronze/omie/marginalpdbc/2025/07/marginalpdbc_20250708.1 already exists. Skipping download.
[2026-01-23T16:09:50.069+0000] {marginalpdbc.py:65} INFO - File bronze/omie/marginalpdbc/2025/07/marginalpdbc_20250709.1 already exists. Skipping download.
[2026-01-23T16:09:50.076+0000] {marginalpdbc.py:65} INFO - File bronze/omie/marginalpdbc/2025/07/marginalpdbc_20250710.1 already exists. Skipping download.
[2026-01-23T16:09:50.084+0000] {marginalpdbc.py:65} INFO - File bronze/omie/marginalpdbc/2025/07/marginalpdbc_20250711.1 already exists. Skipping download.
[2026-01-23T16:09:50.119+0000] {marginalpdbc.py:65} INFO - File bronze/omie/marginalpdbc/2025/07/marginalpdbc_20250712.1 already exists. Skipping download.
[2026-01-23T16:09:50.163+0000] {marginalpdbc.py:65} INFO - File bronze/omie/marginalpdbc/2025/07/marginalpdbc_20250713.1 already exists. Skipping download.
[2026-01-23T16:09:50.191+0000] {marginalpdbc.py:65} INFO - File bronze/omie/marginalpdbc/2025/07/marginalpdbc_20250714.1 already exists. Skipping download.
[2026-01-23T16:09:50.212+0000] {marginalpdbc.py:65} INFO - File bronze/omie/marginalpdbc/2025/07/marginalpdbc_20250715.1 already exists. Skipping download.
[2026-01-23T16:09:50.220+0000] {marginalpdbc.py:65} INFO - File bronze/omie/marginalpdbc/2025/07/marginalpdbc_20250716.1 already exists. Skipping download.
[2026-01-23T16:09:50.233+0000] {marginalpdbc.py:65} INFO - File bronze/omie/marginalpdbc/2025/07/marginalpdbc_20250717.1 already exists. Skipping download.
[2026-01-23T16:09:50.245+0000] {marginalpdbc.py:65} INFO - File bronze/omie/marginalpdbc/2025/07/marginalpdbc_20250718.1 already exists. Skipping download.
[2026-01-23T16:09:50.251+0000] {marginalpdbc.py:65} INFO - File bronze/omie/marginalpdbc/2025/07/marginalpdbc_20250719.1 already exists. Skipping download.
[2026-01-23T16:09:50.256+0000] {marginalpdbc.py:65} INFO - File bronze/omie/marginalpdbc/2025/07/marginalpdbc_20250720.1 already exists. Skipping download.
[2026-01-23T16:09:50.263+0000] {marginalpdbc.py:65} INFO - File bronze/omie/marginalpdbc/2025/07/marginalpdbc_20250721.1 already exists. Skipping download.
[2026-01-23T16:09:50.268+0000] {marginalpdbc.py:65} INFO - File bronze/omie/marginalpdbc/2025/07/marginalpdbc_20250722.1 already exists. Skipping download.
[2026-01-23T16:09:50.274+0000] {marginalpdbc.py:65} INFO - File bronze/omie/marginalpdbc/2025/07/marginalpdbc_20250723.1 already exists. Skipping download.
[2026-01-23T16:09:50.279+0000] {marginalpdbc.py:65} INFO - File bronze/omie/marginalpdbc/2025/07/marginalpdbc_20250724.1 already exists. Skipping download.
[2026-01-23T16:09:50.284+0000] {marginalpdbc.py:65} INFO - File bronze/omie/marginalpdbc/2025/07/marginalpdbc_20250725.1 already exists. Skipping download.
[2026-01-23T16:09:50.293+0000] {marginalpdbc.py:65} INFO - File bronze/omie/marginalpdbc/2025/07/marginalpdbc_20250726.1 already exists. Skipping download.
[2026-01-23T16:09:50.298+0000] {marginalpdbc.py:65} INFO - File bronze/omie/marginalpdbc/2025/07/marginalpdbc_20250727.1 already exists. Skipping download.
[2026-01-23T16:09:50.303+0000] {marginalpdbc.py:65} INFO - File bronze/omie/marginalpdbc/2025/07/marginalpdbc_20250728.1 already exists. Skipping download.
[2026-01-23T16:09:50.324+0000] {marginalpdbc.py:65} INFO - File bronze/omie/marginalpdbc/2025/07/marginalpdbc_20250729.1 already exists. Skipping download.
[2026-01-23T16:09:50.329+0000] {marginalpdbc.py:65} INFO - File bronze/omie/marginalpdbc/2025/07/marginalpdbc_20250730.1 already exists. Skipping download.
[2026-01-23T16:09:50.334+0000] {marginalpdbc.py:65} INFO - File bronze/omie/marginalpdbc/2025/07/marginalpdbc_20250731.1 already exists. Skipping download.
[2026-01-23T16:09:50.344+0000] {marginalpdbc.py:65} INFO - File bronze/omie/marginalpdbc/2025/08/marginalpdbc_20250801.1 already exists. Skipping download.
[2026-01-23T16:09:50.350+0000] {marginalpdbc.py:65} INFO - File bronze/omie/marginalpdbc/2025/08/marginalpdbc_20250802.1 already exists. Skipping download.
[2026-01-23T16:09:50.354+0000] {marginalpdbc.py:65} INFO - File bronze/omie/marginalpdbc/2025/08/marginalpdbc_20250803.1 already exists. Skipping download.
[2026-01-23T16:09:50.363+0000] {marginalpdbc.py:65} INFO - File bronze/omie/marginalpdbc/2025/08/marginalpdbc_20250804.1 already exists. Skipping download.
[2026-01-23T16:09:50.371+0000] {marginalpdbc.py:65} INFO - File bronze/omie/marginalpdbc/2025/08/marginalpdbc_20250805.1 already exists. Skipping download.
[2026-01-23T16:09:50.384+0000] {marginalpdbc.py:65} INFO - File bronze/omie/marginalpdbc/2025/08/marginalpdbc_20250806.1 already exists. Skipping download.
[2026-01-23T16:09:50.393+0000] {marginalpdbc.py:65} INFO - File bronze/omie/marginalpdbc/2025/08/marginalpdbc_20250807.1 already exists. Skipping download.
[2026-01-23T16:09:50.398+0000] {marginalpdbc.py:65} INFO - File bronze/omie/marginalpdbc/2025/08/marginalpdbc_20250808.1 already exists. Skipping download.
[2026-01-23T16:09:50.403+0000] {marginalpdbc.py:65} INFO - File bronze/omie/marginalpdbc/2025/08/marginalpdbc_20250809.1 already exists. Skipping download.
[2026-01-23T16:09:50.410+0000] {marginalpdbc.py:65} INFO - File bronze/omie/marginalpdbc/2025/08/marginalpdbc_20250810.1 already exists. Skipping download.
[2026-01-23T16:09:50.415+0000] {marginalpdbc.py:65} INFO - File bronze/omie/marginalpdbc/2025/08/marginalpdbc_20250811.1 already exists. Skipping download.
[2026-01-23T16:09:50.419+0000] {marginalpdbc.py:65} INFO - File bronze/omie/marginalpdbc/2025/08/marginalpdbc_20250812.1 already exists. Skipping download.
[2026-01-23T16:09:50.424+0000] {marginalpdbc.py:65} INFO - File bronze/omie/marginalpdbc/2025/08/marginalpdbc_20250813.1 already exists. Skipping download.
[2026-01-23T16:09:50.429+0000] {marginalpdbc.py:65} INFO - File bronze/omie/marginalpdbc/2025/08/marginalpdbc_20250814.1 already exists. Skipping download.
[2026-01-23T16:09:50.433+0000] {marginalpdbc.py:65} INFO - File bronze/omie/marginalpdbc/2025/08/marginalpdbc_20250815.1 already exists. Skipping download.
[2026-01-23T16:09:50.437+0000] {marginalpdbc.py:65} INFO - File bronze/omie/marginalpdbc/2025/08/marginalpdbc_20250816.1 already exists. Skipping download.
[2026-01-23T16:09:50.445+0000] {marginalpdbc.py:65} INFO - File bronze/omie/marginalpdbc/2025/08/marginalpdbc_20250817.1 already exists. Skipping download.
[2026-01-23T16:09:50.453+0000] {marginalpdbc.py:65} INFO - File bronze/omie/marginalpdbc/2025/08/marginalpdbc_20250818.1 already exists. Skipping download.
[2026-01-23T16:09:50.458+0000] {marginalpdbc.py:65} INFO - File bronze/omie/marginalpdbc/2025/08/marginalpdbc_20250819.1 already exists. Skipping download.
[2026-01-23T16:09:50.466+0000] {marginalpdbc.py:65} INFO - File bronze/omie/marginalpdbc/2025/08/marginalpdbc_20250820.1 already exists. Skipping download.
[2026-01-23T16:09:50.477+0000] {marginalpdbc.py:65} INFO - File bronze/omie/marginalpdbc/2025/08/marginalpdbc_20250821.1 already exists. Skipping download.
[2026-01-23T16:09:50.484+0000] {marginalpdbc.py:65} INFO - File bronze/omie/marginalpdbc/2025/08/marginalpdbc_20250822.1 already exists. Skipping download.
[2026-01-23T16:09:50.492+0000] {marginalpdbc.py:65} INFO - File bronze/omie/marginalpdbc/2025/08/marginalpdbc_20250823.1 already exists. Skipping download.
[2026-01-23T16:09:50.507+0000] {marginalpdbc.py:65} INFO - File bronze/omie/marginalpdbc/2025/08/marginalpdbc_20250824.1 already exists. Skipping download.
[2026-01-23T16:09:50.521+0000] {marginalpdbc.py:65} INFO - File bronze/omie/marginalpdbc/2025/08/marginalpdbc_20250825.1 already exists. Skipping download.
[2026-01-23T16:09:50.528+0000] {marginalpdbc.py:65} INFO - File bronze/omie/marginalpdbc/2025/08/marginalpdbc_20250826.1 already exists. Skipping download.
[2026-01-23T16:09:50.538+0000] {marginalpdbc.py:65} INFO - File bronze/omie/marginalpdbc/2025/08/marginalpdbc_20250827.1 already exists. Skipping download.
[2026-01-23T16:09:50.549+0000] {marginalpdbc.py:65} INFO - File bronze/omie/marginalpdbc/2025/08/marginalpdbc_20250828.1 already exists. Skipping download.
[2026-01-23T16:09:50.556+0000] {marginalpdbc.py:65} INFO - File bronze/omie/marginalpdbc/2025/08/marginalpdbc_20250829.1 already exists. Skipping download.
[2026-01-23T16:09:50.565+0000] {marginalpdbc.py:65} INFO - File bronze/omie/marginalpdbc/2025/08/marginalpdbc_20250830.1 already exists. Skipping download.
[2026-01-23T16:09:50.578+0000] {marginalpdbc.py:65} INFO - File bronze/omie/marginalpdbc/2025/08/marginalpdbc_20250831.1 already exists. Skipping download.
[2026-01-23T16:09:50.583+0000] {marginalpdbc.py:65} INFO - File bronze/omie/marginalpdbc/2025/09/marginalpdbc_20250901.1 already exists. Skipping download.
[2026-01-23T16:09:50.590+0000] {marginalpdbc.py:65} INFO - File bronze/omie/marginalpdbc/2025/09/marginalpdbc_20250902.1 already exists. Skipping download.
[2026-01-23T16:09:50.603+0000] {marginalpdbc.py:65} INFO - File bronze/omie/marginalpdbc/2025/09/marginalpdbc_20250903.1 already exists. Skipping download.
[2026-01-23T16:09:50.625+0000] {marginalpdbc.py:65} INFO - File bronze/omie/marginalpdbc/2025/09/marginalpdbc_20250904.1 already exists. Skipping download.
[2026-01-23T16:09:50.643+0000] {marginalpdbc.py:65} INFO - File bronze/omie/marginalpdbc/2025/09/marginalpdbc_20250905.1 already exists. Skipping download.
[2026-01-23T16:09:50.658+0000] {marginalpdbc.py:65} INFO - File bronze/omie/marginalpdbc/2025/09/marginalpdbc_20250906.1 already exists. Skipping download.
[2026-01-23T16:09:50.762+0000] {marginalpdbc.py:65} INFO - File bronze/omie/marginalpdbc/2025/09/marginalpdbc_20250907.1 already exists. Skipping download.
[2026-01-23T16:09:50.769+0000] {marginalpdbc.py:65} INFO - File bronze/omie/marginalpdbc/2025/09/marginalpdbc_20250908.1 already exists. Skipping download.
[2026-01-23T16:09:50.813+0000] {marginalpdbc.py:65} INFO - File bronze/omie/marginalpdbc/2025/09/marginalpdbc_20250909.1 already exists. Skipping download.
[2026-01-23T16:09:50.884+0000] {marginalpdbc.py:65} INFO - File bronze/omie/marginalpdbc/2025/09/marginalpdbc_20250910.1 already exists. Skipping download.
[2026-01-23T16:09:50.910+0000] {marginalpdbc.py:65} INFO - File bronze/omie/marginalpdbc/2025/09/marginalpdbc_20250911.1 already exists. Skipping download.
[2026-01-23T16:09:50.964+0000] {marginalpdbc.py:65} INFO - File bronze/omie/marginalpdbc/2025/09/marginalpdbc_20250912.1 already exists. Skipping download.
[2026-01-23T16:09:51.136+0000] {marginalpdbc.py:65} INFO - File bronze/omie/marginalpdbc/2025/09/marginalpdbc_20250913.1 already exists. Skipping download.
[2026-01-23T16:09:51.247+0000] {marginalpdbc.py:65} INFO - File bronze/omie/marginalpdbc/2025/09/marginalpdbc_20250914.1 already exists. Skipping download.
[2026-01-23T16:09:51.277+0000] {marginalpdbc.py:65} INFO - File bronze/omie/marginalpdbc/2025/09/marginalpdbc_20250915.1 already exists. Skipping download.
[2026-01-23T16:09:51.299+0000] {marginalpdbc.py:65} INFO - File bronze/omie/marginalpdbc/2025/09/marginalpdbc_20250916.1 already exists. Skipping download.
[2026-01-23T16:09:51.322+0000] {marginalpdbc.py:65} INFO - File bronze/omie/marginalpdbc/2025/09/marginalpdbc_20250917.1 already exists. Skipping download.
[2026-01-23T16:09:51.337+0000] {marginalpdbc.py:65} INFO - File bronze/omie/marginalpdbc/2025/09/marginalpdbc_20250918.1 already exists. Skipping download.
[2026-01-23T16:09:51.361+0000] {marginalpdbc.py:65} INFO - File bronze/omie/marginalpdbc/2025/09/marginalpdbc_20250919.1 already exists. Skipping download.
[2026-01-23T16:09:51.371+0000] {marginalpdbc.py:65} INFO - File bronze/omie/marginalpdbc/2025/09/marginalpdbc_20250920.1 already exists. Skipping download.
[2026-01-23T16:09:51.396+0000] {marginalpdbc.py:65} INFO - File bronze/omie/marginalpdbc/2025/09/marginalpdbc_20250921.1 already exists. Skipping download.
[2026-01-23T16:09:51.577+0000] {marginalpdbc.py:65} INFO - File bronze/omie/marginalpdbc/2025/09/marginalpdbc_20250922.1 already exists. Skipping download.
[2026-01-23T16:09:51.602+0000] {marginalpdbc.py:65} INFO - File bronze/omie/marginalpdbc/2025/09/marginalpdbc_20250923.1 already exists. Skipping download.
[2026-01-23T16:09:51.654+0000] {marginalpdbc.py:65} INFO - File bronze/omie/marginalpdbc/2025/09/marginalpdbc_20250924.1 already exists. Skipping download.
[2026-01-23T16:09:51.670+0000] {marginalpdbc.py:65} INFO - File bronze/omie/marginalpdbc/2025/09/marginalpdbc_20250925.1 already exists. Skipping download.
[2026-01-23T16:09:51.690+0000] {marginalpdbc.py:65} INFO - File bronze/omie/marginalpdbc/2025/09/marginalpdbc_20250926.1 already exists. Skipping download.
[2026-01-23T16:09:51.712+0000] {marginalpdbc.py:65} INFO - File bronze/omie/marginalpdbc/2025/09/marginalpdbc_20250927.1 already exists. Skipping download.
[2026-01-23T16:09:51.750+0000] {marginalpdbc.py:65} INFO - File bronze/omie/marginalpdbc/2025/09/marginalpdbc_20250928.1 already exists. Skipping download.
[2026-01-23T16:09:51.769+0000] {marginalpdbc.py:65} INFO - File bronze/omie/marginalpdbc/2025/09/marginalpdbc_20250929.1 already exists. Skipping download.
[2026-01-23T16:09:51.782+0000] {marginalpdbc.py:65} INFO - File bronze/omie/marginalpdbc/2025/09/marginalpdbc_20250930.1 already exists. Skipping download.
[2026-01-23T16:09:51.793+0000] {marginalpdbc.py:65} INFO - File bronze/omie/marginalpdbc/2025/10/marginalpdbc_20251001.1 already exists. Skipping download.
[2026-01-23T16:09:51.807+0000] {marginalpdbc.py:65} INFO - File bronze/omie/marginalpdbc/2025/10/marginalpdbc_20251002.1 already exists. Skipping download.
[2026-01-23T16:09:51.813+0000] {marginalpdbc.py:65} INFO - File bronze/omie/marginalpdbc/2025/10/marginalpdbc_20251003.1 already exists. Skipping download.
[2026-01-23T16:09:51.834+0000] {marginalpdbc.py:65} INFO - File bronze/omie/marginalpdbc/2025/10/marginalpdbc_20251004.1 already exists. Skipping download.
[2026-01-23T16:09:51.848+0000] {marginalpdbc.py:65} INFO - File bronze/omie/marginalpdbc/2025/10/marginalpdbc_20251005.1 already exists. Skipping download.
[2026-01-23T16:09:51.857+0000] {marginalpdbc.py:65} INFO - File bronze/omie/marginalpdbc/2025/10/marginalpdbc_20251006.1 already exists. Skipping download.
[2026-01-23T16:09:51.867+0000] {marginalpdbc.py:65} INFO - File bronze/omie/marginalpdbc/2025/10/marginalpdbc_20251007.1 already exists. Skipping download.
[2026-01-23T16:09:51.876+0000] {marginalpdbc.py:65} INFO - File bronze/omie/marginalpdbc/2025/10/marginalpdbc_20251008.1 already exists. Skipping download.
[2026-01-23T16:09:51.895+0000] {marginalpdbc.py:65} INFO - File bronze/omie/marginalpdbc/2025/10/marginalpdbc_20251009.1 already exists. Skipping download.
[2026-01-23T16:09:51.919+0000] {marginalpdbc.py:65} INFO - File bronze/omie/marginalpdbc/2025/10/marginalpdbc_20251010.1 already exists. Skipping download.
[2026-01-23T16:09:51.948+0000] {marginalpdbc.py:65} INFO - File bronze/omie/marginalpdbc/2025/10/marginalpdbc_20251011.1 already exists. Skipping download.
[2026-01-23T16:09:52.008+0000] {marginalpdbc.py:65} INFO - File bronze/omie/marginalpdbc/2025/10/marginalpdbc_20251012.1 already exists. Skipping download.
[2026-01-23T16:09:52.037+0000] {marginalpdbc.py:65} INFO - File bronze/omie/marginalpdbc/2025/10/marginalpdbc_20251013.1 already exists. Skipping download.
[2026-01-23T16:09:52.061+0000] {marginalpdbc.py:65} INFO - File bronze/omie/marginalpdbc/2025/10/marginalpdbc_20251014.1 already exists. Skipping download.
[2026-01-23T16:09:52.103+0000] {marginalpdbc.py:65} INFO - File bronze/omie/marginalpdbc/2025/10/marginalpdbc_20251015.1 already exists. Skipping download.
[2026-01-23T16:09:52.138+0000] {marginalpdbc.py:65} INFO - File bronze/omie/marginalpdbc/2025/10/marginalpdbc_20251016.1 already exists. Skipping download.
[2026-01-23T16:09:52.210+0000] {marginalpdbc.py:65} INFO - File bronze/omie/marginalpdbc/2025/10/marginalpdbc_20251017.1 already exists. Skipping download.
[2026-01-23T16:09:52.247+0000] {marginalpdbc.py:65} INFO - File bronze/omie/marginalpdbc/2025/10/marginalpdbc_20251018.1 already exists. Skipping download.
[2026-01-23T16:09:52.262+0000] {marginalpdbc.py:65} INFO - File bronze/omie/marginalpdbc/2025/10/marginalpdbc_20251019.1 already exists. Skipping download.
[2026-01-23T16:09:52.279+0000] {marginalpdbc.py:65} INFO - File bronze/omie/marginalpdbc/2025/10/marginalpdbc_20251020.1 already exists. Skipping download.
[2026-01-23T16:09:52.412+0000] {marginalpdbc.py:65} INFO - File bronze/omie/marginalpdbc/2025/10/marginalpdbc_20251021.1 already exists. Skipping download.
[2026-01-23T16:09:52.428+0000] {marginalpdbc.py:65} INFO - File bronze/omie/marginalpdbc/2025/10/marginalpdbc_20251022.1 already exists. Skipping download.
[2026-01-23T16:09:52.449+0000] {marginalpdbc.py:65} INFO - File bronze/omie/marginalpdbc/2025/10/marginalpdbc_20251023.1 already exists. Skipping download.
[2026-01-23T16:09:52.474+0000] {marginalpdbc.py:65} INFO - File bronze/omie/marginalpdbc/2025/10/marginalpdbc_20251024.1 already exists. Skipping download.
[2026-01-23T16:09:52.487+0000] {marginalpdbc.py:65} INFO - File bronze/omie/marginalpdbc/2025/10/marginalpdbc_20251025.1 already exists. Skipping download.
[2026-01-23T16:09:52.499+0000] {marginalpdbc.py:65} INFO - File bronze/omie/marginalpdbc/2025/10/marginalpdbc_20251026.1 already exists. Skipping download.
[2026-01-23T16:09:52.504+0000] {marginalpdbc.py:65} INFO - File bronze/omie/marginalpdbc/2025/10/marginalpdbc_20251027.1 already exists. Skipping download.
[2026-01-23T16:09:52.519+0000] {marginalpdbc.py:65} INFO - File bronze/omie/marginalpdbc/2025/10/marginalpdbc_20251028.1 already exists. Skipping download.
[2026-01-23T16:09:52.540+0000] {marginalpdbc.py:65} INFO - File bronze/omie/marginalpdbc/2025/10/marginalpdbc_20251029.1 already exists. Skipping download.
[2026-01-23T16:09:52.542+0000] {omie_client.py:64} INFO - Downloading marginalpdbc_20251030.1 from OMIE...
[2026-01-23T16:09:53.210+0000] {omie_client.py:68} INFO - File marginalpdbc_20251030.1 not found (404).
[2026-01-23T16:09:53.220+0000] {marginalpdbc.py:71} WARNING - Failed to download marginalpdbc_20251030.1
[2026-01-23T16:09:53.259+0000] {marginalpdbc.py:65} INFO - File bronze/omie/marginalpdbc/2025/10/marginalpdbc_20251031.1 already exists. Skipping download.
[2026-01-23T16:09:53.284+0000] {marginalpdbc.py:65} INFO - File bronze/omie/marginalpdbc/2025/11/marginalpdbc_20251101.1 already exists. Skipping download.
[2026-01-23T16:09:53.334+0000] {marginalpdbc.py:65} INFO - File bronze/omie/marginalpdbc/2025/11/marginalpdbc_20251102.1 already exists. Skipping download.
[2026-01-23T16:09:53.381+0000] {marginalpdbc.py:65} INFO - File bronze/omie/marginalpdbc/2025/11/marginalpdbc_20251103.1 already exists. Skipping download.
[2026-01-23T16:09:53.396+0000] {marginalpdbc.py:65} INFO - File bronze/omie/marginalpdbc/2025/11/marginalpdbc_20251104.1 already exists. Skipping download.
[2026-01-23T16:09:53.447+0000] {marginalpdbc.py:65} INFO - File bronze/omie/marginalpdbc/2025/11/marginalpdbc_20251105.1 already exists. Skipping download.
[2026-01-23T16:09:53.469+0000] {marginalpdbc.py:65} INFO - File bronze/omie/marginalpdbc/2025/11/marginalpdbc_20251106.1 already exists. Skipping download.
[2026-01-23T16:09:53.486+0000] {marginalpdbc.py:65} INFO - File bronze/omie/marginalpdbc/2025/11/marginalpdbc_20251107.1 already exists. Skipping download.
[2026-01-23T16:09:53.537+0000] {marginalpdbc.py:65} INFO - File bronze/omie/marginalpdbc/2025/11/marginalpdbc_20251108.1 already exists. Skipping download.
[2026-01-23T16:09:53.567+0000] {marginalpdbc.py:65} INFO - File bronze/omie/marginalpdbc/2025/11/marginalpdbc_20251109.1 already exists. Skipping download.
[2026-01-23T16:09:53.633+0000] {marginalpdbc.py:65} INFO - File bronze/omie/marginalpdbc/2025/11/marginalpdbc_20251110.1 already exists. Skipping download.
[2026-01-23T16:09:53.661+0000] {marginalpdbc.py:65} INFO - File bronze/omie/marginalpdbc/2025/11/marginalpdbc_20251111.1 already exists. Skipping download.
[2026-01-23T16:09:53.695+0000] {marginalpdbc.py:65} INFO - File bronze/omie/marginalpdbc/2025/11/marginalpdbc_20251112.1 already exists. Skipping download.
[2026-01-23T16:09:53.708+0000] {marginalpdbc.py:65} INFO - File bronze/omie/marginalpdbc/2025/11/marginalpdbc_20251113.1 already exists. Skipping download.
[2026-01-23T16:09:53.765+0000] {marginalpdbc.py:65} INFO - File bronze/omie/marginalpdbc/2025/11/marginalpdbc_20251114.1 already exists. Skipping download.
[2026-01-23T16:09:53.791+0000] {marginalpdbc.py:65} INFO - File bronze/omie/marginalpdbc/2025/11/marginalpdbc_20251115.1 already exists. Skipping download.
[2026-01-23T16:09:53.798+0000] {marginalpdbc.py:65} INFO - File bronze/omie/marginalpdbc/2025/11/marginalpdbc_20251116.1 already exists. Skipping download.
[2026-01-23T16:09:53.822+0000] {marginalpdbc.py:65} INFO - File bronze/omie/marginalpdbc/2025/11/marginalpdbc_20251117.1 already exists. Skipping download.
[2026-01-23T16:09:53.891+0000] {marginalpdbc.py:65} INFO - File bronze/omie/marginalpdbc/2025/11/marginalpdbc_20251118.1 already exists. Skipping download.
[2026-01-23T16:09:53.931+0000] {marginalpdbc.py:65} INFO - File bronze/omie/marginalpdbc/2025/11/marginalpdbc_20251119.1 already exists. Skipping download.
[2026-01-23T16:09:53.948+0000] {marginalpdbc.py:65} INFO - File bronze/omie/marginalpdbc/2025/11/marginalpdbc_20251120.1 already exists. Skipping download.
[2026-01-23T16:09:54.014+0000] {marginalpdbc.py:65} INFO - File bronze/omie/marginalpdbc/2025/11/marginalpdbc_20251121.1 already exists. Skipping download.
[2026-01-23T16:09:54.021+0000] {marginalpdbc.py:65} INFO - File bronze/omie/marginalpdbc/2025/11/marginalpdbc_20251122.1 already exists. Skipping download.
[2026-01-23T16:09:54.032+0000] {marginalpdbc.py:65} INFO - File bronze/omie/marginalpdbc/2025/11/marginalpdbc_20251123.1 already exists. Skipping download.
[2026-01-23T16:09:54.048+0000] {marginalpdbc.py:65} INFO - File bronze/omie/marginalpdbc/2025/11/marginalpdbc_20251124.1 already exists. Skipping download.
[2026-01-23T16:09:54.125+0000] {marginalpdbc.py:65} INFO - File bronze/omie/marginalpdbc/2025/11/marginalpdbc_20251125.1 already exists. Skipping download.
[2026-01-23T16:09:54.183+0000] {marginalpdbc.py:65} INFO - File bronze/omie/marginalpdbc/2025/11/marginalpdbc_20251126.1 already exists. Skipping download.
[2026-01-23T16:09:54.204+0000] {omie_client.py:64} INFO - Downloading marginalpdbc_20251127.1 from OMIE...
[2026-01-23T16:09:54.891+0000] {omie_client.py:68} INFO - File marginalpdbc_20251127.1 not found (404).
[2026-01-23T16:09:54.894+0000] {marginalpdbc.py:71} WARNING - Failed to download marginalpdbc_20251127.1
[2026-01-23T16:09:54.914+0000] {marginalpdbc.py:65} INFO - File bronze/omie/marginalpdbc/2025/11/marginalpdbc_20251128.1 already exists. Skipping download.
[2026-01-23T16:09:54.924+0000] {marginalpdbc.py:65} INFO - File bronze/omie/marginalpdbc/2025/11/marginalpdbc_20251129.1 already exists. Skipping download.
[2026-01-23T16:09:54.947+0000] {marginalpdbc.py:65} INFO - File bronze/omie/marginalpdbc/2025/11/marginalpdbc_20251130.1 already exists. Skipping download.
[2026-01-23T16:09:55.008+0000] {marginalpdbc.py:65} INFO - File bronze/omie/marginalpdbc/2025/12/marginalpdbc_20251201.1 already exists. Skipping download.
[2026-01-23T16:09:55.023+0000] {marginalpdbc.py:65} INFO - File bronze/omie/marginalpdbc/2025/12/marginalpdbc_20251202.1 already exists. Skipping download.
[2026-01-23T16:09:55.051+0000] {marginalpdbc.py:65} INFO - File bronze/omie/marginalpdbc/2025/12/marginalpdbc_20251203.1 already exists. Skipping download.
[2026-01-23T16:09:55.074+0000] {marginalpdbc.py:65} INFO - File bronze/omie/marginalpdbc/2025/12/marginalpdbc_20251204.1 already exists. Skipping download.
[2026-01-23T16:09:55.094+0000] {marginalpdbc.py:65} INFO - File bronze/omie/marginalpdbc/2025/12/marginalpdbc_20251205.1 already exists. Skipping download.
[2026-01-23T16:09:55.128+0000] {marginalpdbc.py:65} INFO - File bronze/omie/marginalpdbc/2025/12/marginalpdbc_20251206.1 already exists. Skipping download.
[2026-01-23T16:09:55.176+0000] {marginalpdbc.py:65} INFO - File bronze/omie/marginalpdbc/2025/12/marginalpdbc_20251207.1 already exists. Skipping download.
[2026-01-23T16:09:55.201+0000] {marginalpdbc.py:65} INFO - File bronze/omie/marginalpdbc/2025/12/marginalpdbc_20251208.1 already exists. Skipping download.
[2026-01-23T16:09:55.240+0000] {marginalpdbc.py:65} INFO - File bronze/omie/marginalpdbc/2025/12/marginalpdbc_20251209.1 already exists. Skipping download.
[2026-01-23T16:09:55.262+0000] {marginalpdbc.py:65} INFO - File bronze/omie/marginalpdbc/2025/12/marginalpdbc_20251210.1 already exists. Skipping download.
[2026-01-23T16:09:55.276+0000] {marginalpdbc.py:65} INFO - File bronze/omie/marginalpdbc/2025/12/marginalpdbc_20251211.1 already exists. Skipping download.
[2026-01-23T16:09:55.296+0000] {marginalpdbc.py:65} INFO - File bronze/omie/marginalpdbc/2025/12/marginalpdbc_20251212.1 already exists. Skipping download.
[2026-01-23T16:09:55.309+0000] {marginalpdbc.py:65} INFO - File bronze/omie/marginalpdbc/2025/12/marginalpdbc_20251213.1 already exists. Skipping download.
[2026-01-23T16:09:55.317+0000] {marginalpdbc.py:65} INFO - File bronze/omie/marginalpdbc/2025/12/marginalpdbc_20251214.1 already exists. Skipping download.
[2026-01-23T16:09:55.325+0000] {marginalpdbc.py:65} INFO - File bronze/omie/marginalpdbc/2025/12/marginalpdbc_20251215.1 already exists. Skipping download.
[2026-01-23T16:09:55.345+0000] {marginalpdbc.py:65} INFO - File bronze/omie/marginalpdbc/2025/12/marginalpdbc_20251216.1 already exists. Skipping download.
[2026-01-23T16:09:55.358+0000] {marginalpdbc.py:65} INFO - File bronze/omie/marginalpdbc/2025/12/marginalpdbc_20251217.1 already exists. Skipping download.
[2026-01-23T16:09:55.377+0000] {marginalpdbc.py:65} INFO - File bronze/omie/marginalpdbc/2025/12/marginalpdbc_20251218.1 already exists. Skipping download.
[2026-01-23T16:09:55.390+0000] {marginalpdbc.py:65} INFO - File bronze/omie/marginalpdbc/2025/12/marginalpdbc_20251219.1 already exists. Skipping download.
[2026-01-23T16:09:55.401+0000] {marginalpdbc.py:65} INFO - File bronze/omie/marginalpdbc/2025/12/marginalpdbc_20251220.1 already exists. Skipping download.
[2026-01-23T16:09:55.416+0000] {marginalpdbc.py:65} INFO - File bronze/omie/marginalpdbc/2025/12/marginalpdbc_20251221.1 already exists. Skipping download.
[2026-01-23T16:09:55.501+0000] {marginalpdbc.py:65} INFO - File bronze/omie/marginalpdbc/2025/12/marginalpdbc_20251222.1 already exists. Skipping download.
[2026-01-23T16:09:55.505+0000] {marginalpdbc.py:65} INFO - File bronze/omie/marginalpdbc/2025/12/marginalpdbc_20251223.1 already exists. Skipping download.
[2026-01-23T16:09:55.509+0000] {marginalpdbc.py:65} INFO - File bronze/omie/marginalpdbc/2025/12/marginalpdbc_20251224.1 already exists. Skipping download.
[2026-01-23T16:09:55.526+0000] {marginalpdbc.py:65} INFO - File bronze/omie/marginalpdbc/2025/12/marginalpdbc_20251225.1 already exists. Skipping download.
[2026-01-23T16:09:55.544+0000] {marginalpdbc.py:65} INFO - File bronze/omie/marginalpdbc/2025/12/marginalpdbc_20251226.1 already exists. Skipping download.
[2026-01-23T16:09:55.564+0000] {marginalpdbc.py:65} INFO - File bronze/omie/marginalpdbc/2025/12/marginalpdbc_20251227.1 already exists. Skipping download.
[2026-01-23T16:09:55.583+0000] {marginalpdbc.py:65} INFO - File bronze/omie/marginalpdbc/2025/12/marginalpdbc_20251228.1 already exists. Skipping download.
[2026-01-23T16:09:55.596+0000] {marginalpdbc.py:65} INFO - File bronze/omie/marginalpdbc/2025/12/marginalpdbc_20251229.1 already exists. Skipping download.
[2026-01-23T16:09:55.602+0000] {marginalpdbc.py:65} INFO - File bronze/omie/marginalpdbc/2025/12/marginalpdbc_20251230.1 already exists. Skipping download.
[2026-01-23T16:09:55.610+0000] {marginalpdbc.py:65} INFO - File bronze/omie/marginalpdbc/2025/12/marginalpdbc_20251231.1 already exists. Skipping download.
[2026-01-23T16:09:55.627+0000] {marginalpdbc.py:65} INFO - File bronze/omie/marginalpdbc/2026/01/marginalpdbc_20260101.1 already exists. Skipping download.
[2026-01-23T16:09:55.642+0000] {marginalpdbc.py:65} INFO - File bronze/omie/marginalpdbc/2026/01/marginalpdbc_20260102.1 already exists. Skipping download.
[2026-01-23T16:09:55.662+0000] {marginalpdbc.py:65} INFO - File bronze/omie/marginalpdbc/2026/01/marginalpdbc_20260103.1 already exists. Skipping download.
[2026-01-23T16:09:55.669+0000] {marginalpdbc.py:65} INFO - File bronze/omie/marginalpdbc/2026/01/marginalpdbc_20260104.1 already exists. Skipping download.
[2026-01-23T16:09:55.688+0000] {marginalpdbc.py:65} INFO - File bronze/omie/marginalpdbc/2026/01/marginalpdbc_20260105.1 already exists. Skipping download.
[2026-01-23T16:09:55.709+0000] {marginalpdbc.py:65} INFO - File bronze/omie/marginalpdbc/2026/01/marginalpdbc_20260106.1 already exists. Skipping download.
[2026-01-23T16:09:55.719+0000] {marginalpdbc.py:65} INFO - File bronze/omie/marginalpdbc/2026/01/marginalpdbc_20260107.1 already exists. Skipping download.
[2026-01-23T16:09:55.783+0000] {marginalpdbc.py:65} INFO - File bronze/omie/marginalpdbc/2026/01/marginalpdbc_20260108.1 already exists. Skipping download.
[2026-01-23T16:09:55.798+0000] {marginalpdbc.py:65} INFO - File bronze/omie/marginalpdbc/2026/01/marginalpdbc_20260109.1 already exists. Skipping download.
[2026-01-23T16:09:55.832+0000] {marginalpdbc.py:65} INFO - File bronze/omie/marginalpdbc/2026/01/marginalpdbc_20260110.1 already exists. Skipping download.
[2026-01-23T16:09:55.869+0000] {marginalpdbc.py:65} INFO - File bronze/omie/marginalpdbc/2026/01/marginalpdbc_20260111.1 already exists. Skipping download.
[2026-01-23T16:09:55.887+0000] {marginalpdbc.py:65} INFO - File bronze/omie/marginalpdbc/2026/01/marginalpdbc_20260112.1 already exists. Skipping download.
[2026-01-23T16:09:55.900+0000] {marginalpdbc.py:65} INFO - File bronze/omie/marginalpdbc/2026/01/marginalpdbc_20260113.1 already exists. Skipping download.
[2026-01-23T16:09:55.917+0000] {marginalpdbc.py:65} INFO - File bronze/omie/marginalpdbc/2026/01/marginalpdbc_20260114.1 already exists. Skipping download.
[2026-01-23T16:09:55.946+0000] {marginalpdbc.py:65} INFO - File bronze/omie/marginalpdbc/2026/01/marginalpdbc_20260115.1 already exists. Skipping download.
[2026-01-23T16:09:55.961+0000] {marginalpdbc.py:65} INFO - File bronze/omie/marginalpdbc/2026/01/marginalpdbc_20260116.1 already exists. Skipping download.
[2026-01-23T16:09:55.969+0000] {marginalpdbc.py:65} INFO - File bronze/omie/marginalpdbc/2026/01/marginalpdbc_20260117.1 already exists. Skipping download.
[2026-01-23T16:09:55.996+0000] {marginalpdbc.py:65} INFO - File bronze/omie/marginalpdbc/2026/01/marginalpdbc_20260118.1 already exists. Skipping download.
[2026-01-23T16:09:56.016+0000] {marginalpdbc.py:65} INFO - File bronze/omie/marginalpdbc/2026/01/marginalpdbc_20260119.1 already exists. Skipping download.
[2026-01-23T16:09:56.041+0000] {marginalpdbc.py:65} INFO - File bronze/omie/marginalpdbc/2026/01/marginalpdbc_20260120.1 already exists. Skipping download.
[2026-01-23T16:09:56.067+0000] {marginalpdbc.py:65} INFO - File bronze/omie/marginalpdbc/2026/01/marginalpdbc_20260121.1 already exists. Skipping download.
[2026-01-23T16:09:56.090+0000] {marginalpdbc.py:65} INFO - File bronze/omie/marginalpdbc/2026/01/marginalpdbc_20260122.1 already exists. Skipping download.
[2026-01-23T16:09:56.093+0000] {python.py:237} INFO - Done. Returned value was: {'start': '2025-01-01', 'end': '2026-01-22'}
[2026-01-23T16:09:56.094+0000] {taskinstance.py:441} INFO - ::group::Post task execution logs
[2026-01-23T16:09:56.175+0000] {taskinstance.py:1206} INFO - Marking task as SUCCESS. dag_id=omie_pipeline, task_id=download_marginal_pdbc, run_id=scheduled__2026-01-22T08:30:00+00:00, execution_date=20260122T083000, start_date=20260123T160945, end_date=20260123T160956
[2026-01-23T16:09:56.361+0000] {local_task_job_runner.py:240} INFO - Task exited with return code 0
[2026-01-23T16:09:56.441+0000] {taskinstance.py:3503} INFO - 1 downstream tasks scheduled from follow-on schedule check
[2026-01-23T16:09:56.452+0000] {local_task_job_runner.py:222} INFO - ::endgroup::
