[2026-01-20T18:58:26.900+0000] {local_task_job_runner.py:120} INFO - ::group::Pre task execution logs
[2026-01-20T18:58:26.946+0000] {taskinstance.py:2076} INFO - Dependencies all met for dep_context=non-requeueable deps ti=<TaskInstance: esios_liquicomun_pipeline.ingest_silver scheduled__2026-01-16T08:00:00+00:00 [queued]>
[2026-01-20T18:58:26.962+0000] {taskinstance.py:2076} INFO - Dependencies all met for dep_context=requeueable deps ti=<TaskInstance: esios_liquicomun_pipeline.ingest_silver scheduled__2026-01-16T08:00:00+00:00 [queued]>
[2026-01-20T18:58:26.967+0000] {taskinstance.py:2306} INFO - Starting attempt 1 of 2
[2026-01-20T18:58:26.989+0000] {taskinstance.py:2330} INFO - Executing <Task(PythonOperator): ingest_silver> on 2026-01-16 08:00:00+00:00
[2026-01-20T18:58:26.997+0000] {standard_task_runner.py:63} INFO - Started process 892 to run task
[2026-01-20T18:58:27.003+0000] {standard_task_runner.py:90} INFO - Running: ['***', 'tasks', 'run', 'esios_liquicomun_pipeline', 'ingest_silver', 'scheduled__2026-01-16T08:00:00+00:00', '--job-id', '26', '--raw', '--subdir', 'DAGS_FOLDER/esios_dag.py', '--cfg-path', '/tmp/tmp2_gkoml8']
[2026-01-20T18:58:27.007+0000] {standard_task_runner.py:91} INFO - Job 26: Subtask ingest_silver
[2026-01-20T18:58:27.136+0000] {task_command.py:426} INFO - Running <TaskInstance: esios_liquicomun_pipeline.ingest_silver scheduled__2026-01-16T08:00:00+00:00 [running]> on host d1a9e72e2525
[2026-01-20T18:58:27.257+0000] {taskinstance.py:2648} INFO - Exporting env vars: AIRFLOW_CTX_DAG_OWNER='***' AIRFLOW_CTX_DAG_ID='esios_liquicomun_pipeline' AIRFLOW_CTX_TASK_ID='ingest_silver' AIRFLOW_CTX_EXECUTION_DATE='2026-01-16T08:00:00+00:00' AIRFLOW_CTX_TRY_NUMBER='1' AIRFLOW_CTX_DAG_RUN_ID='scheduled__2026-01-16T08:00:00+00:00'
[2026-01-20T18:58:27.259+0000] {taskinstance.py:430} INFO - ::endgroup::
[2026-01-20T18:58:27.296+0000] {logging_mixin.py:188} INFO - Ingesting Silver for 2026-01-16 00:00:00 - 2026-01-16 00:00:00
[2026-01-20T18:58:27.320+0000] {liquicomun_parquet.py:46} INFO - Ingesting bronze/liquicomun/2026/01/esios_2_20260116.zip to Parquet...
[2026-01-20T18:58:27.502+0000] {liquicomun_parquet.py:73} INFO -   Processing A1_enrttrba_20260101_20260131 -> enrttrba
[2026-01-20T18:58:27.527+0000] {liquicomun_parquet.py:104} WARNING -     Column mismatch: Found 4, expected 7
[2026-01-20T18:58:27.607+0000] {filesystem.py:48} INFO - Saved file to /opt/***/local_data/silver/liquicomun/2026/01/A1_enrttrba_20260101_20260131.parquet
[2026-01-20T18:58:27.608+0000] {liquicomun_parquet.py:164} INFO -     Saved Parquet: silver/liquicomun/2026/01/A1_enrttrba_20260101_20260131.parquet
[2026-01-20T18:58:27.608+0000] {liquicomun_parquet.py:73} INFO -   Processing A1_enrttrsu_20260101_20260131 -> enrttrsu
[2026-01-20T18:58:27.617+0000] {liquicomun_parquet.py:104} WARNING -     Column mismatch: Found 4, expected 7
[2026-01-20T18:58:27.681+0000] {filesystem.py:48} INFO - Saved file to /opt/***/local_data/silver/liquicomun/2026/01/A1_enrttrsu_20260101_20260131.parquet
[2026-01-20T18:58:27.682+0000] {liquicomun_parquet.py:164} INFO -     Saved Parquet: silver/liquicomun/2026/01/A1_enrttrsu_20260101_20260131.parquet
[2026-01-20T18:58:27.683+0000] {liquicomun_parquet.py:73} INFO -   Processing A1_ensecqhba_20260101_20260131 -> ensecqhba
[2026-01-20T18:58:27.703+0000] {liquicomun_parquet.py:104} WARNING -     Column mismatch: Found 4, expected 7
[2026-01-20T18:58:27.780+0000] {filesystem.py:48} INFO - Saved file to /opt/***/local_data/silver/liquicomun/2026/01/A1_ensecqhba_20260101_20260131.parquet
[2026-01-20T18:58:27.781+0000] {liquicomun_parquet.py:164} INFO -     Saved Parquet: silver/liquicomun/2026/01/A1_ensecqhba_20260101_20260131.parquet
[2026-01-20T18:58:27.782+0000] {liquicomun_parquet.py:73} INFO -   Processing A1_ensecqhsu_20260101_20260131 -> ensecqhsu
[2026-01-20T18:58:27.789+0000] {liquicomun_parquet.py:104} WARNING -     Column mismatch: Found 4, expected 7
[2026-01-20T18:58:27.869+0000] {filesystem.py:48} INFO - Saved file to /opt/***/local_data/silver/liquicomun/2026/01/A1_ensecqhsu_20260101_20260131.parquet
[2026-01-20T18:58:27.870+0000] {liquicomun_parquet.py:164} INFO -     Saved Parquet: silver/liquicomun/2026/01/A1_ensecqhsu_20260101_20260131.parquet
[2026-01-20T18:58:27.871+0000] {liquicomun_parquet.py:73} INFO -   Processing A1_enterqhba_20260101_20260131 -> enterqhba
[2026-01-20T18:58:27.879+0000] {liquicomun_parquet.py:104} WARNING -     Column mismatch: Found 4, expected 7
[2026-01-20T18:58:27.960+0000] {filesystem.py:48} INFO - Saved file to /opt/***/local_data/silver/liquicomun/2026/01/A1_enterqhba_20260101_20260131.parquet
[2026-01-20T18:58:27.961+0000] {liquicomun_parquet.py:164} INFO -     Saved Parquet: silver/liquicomun/2026/01/A1_enterqhba_20260101_20260131.parquet
[2026-01-20T18:58:27.962+0000] {liquicomun_parquet.py:73} INFO -   Processing A1_enterqhsu_20260101_20260131 -> enterqhsu
[2026-01-20T18:58:27.970+0000] {liquicomun_parquet.py:104} WARNING -     Column mismatch: Found 4, expected 7
[2026-01-20T18:58:28.161+0000] {filesystem.py:48} INFO - Saved file to /opt/***/local_data/silver/liquicomun/2026/01/A1_enterqhsu_20260101_20260131.parquet
[2026-01-20T18:58:28.162+0000] {liquicomun_parquet.py:164} INFO -     Saved Parquet: silver/liquicomun/2026/01/A1_enterqhsu_20260101_20260131.parquet
[2026-01-20T18:58:28.163+0000] {liquicomun_parquet.py:73} INFO -   Processing A1_prdvbaqh_20260101_20260131 -> prdvbaqh
[2026-01-20T18:58:28.175+0000] {liquicomun_parquet.py:104} WARNING -     Column mismatch: Found 4, expected 7
[2026-01-20T18:58:28.293+0000] {filesystem.py:48} INFO - Saved file to /opt/***/local_data/silver/liquicomun/2026/01/A1_prdvbaqh_20260101_20260131.parquet
[2026-01-20T18:58:28.294+0000] {liquicomun_parquet.py:164} INFO -     Saved Parquet: silver/liquicomun/2026/01/A1_prdvbaqh_20260101_20260131.parquet
[2026-01-20T18:58:28.294+0000] {liquicomun_parquet.py:73} INFO -   Processing A1_prdvdatos_20260101_20260131 -> prdvdatos
[2026-01-20T18:58:28.313+0000] {liquicomun_parquet.py:104} WARNING -     Column mismatch: Found 15, expected 18
[2026-01-20T18:58:28.380+0000] {filesystem.py:48} INFO - Saved file to /opt/***/local_data/silver/liquicomun/2026/01/A1_prdvdatos_20260101_20260131.parquet
[2026-01-20T18:58:28.381+0000] {liquicomun_parquet.py:164} INFO -     Saved Parquet: silver/liquicomun/2026/01/A1_prdvdatos_20260101_20260131.parquet
[2026-01-20T18:58:28.382+0000] {liquicomun_parquet.py:73} INFO -   Processing A1_prdvsuqh_20260101_20260131 -> prdvsuqh
[2026-01-20T18:58:28.393+0000] {liquicomun_parquet.py:104} WARNING -     Column mismatch: Found 4, expected 7
[2026-01-20T18:58:28.456+0000] {filesystem.py:48} INFO - Saved file to /opt/***/local_data/silver/liquicomun/2026/01/A1_prdvsuqh_20260101_20260131.parquet
[2026-01-20T18:58:28.457+0000] {liquicomun_parquet.py:164} INFO -     Saved Parquet: silver/liquicomun/2026/01/A1_prdvsuqh_20260101_20260131.parquet
[2026-01-20T18:58:28.458+0000] {liquicomun_parquet.py:46} INFO - Ingesting bronze/liquicomun/2026/01/esios_3_20260116.zip to Parquet...
[2026-01-20T18:58:28.568+0000] {python.py:237} INFO - Done. Returned value was: {'start': '2026-01-16', 'end': '2026-01-16'}
[2026-01-20T18:58:28.571+0000] {taskinstance.py:441} INFO - ::group::Post task execution logs
[2026-01-20T18:58:28.674+0000] {taskinstance.py:1206} INFO - Marking task as SUCCESS. dag_id=esios_liquicomun_pipeline, task_id=ingest_silver, run_id=scheduled__2026-01-16T08:00:00+00:00, execution_date=20260116T080000, start_date=20260120T185826, end_date=20260120T185828
[2026-01-20T18:58:28.885+0000] {local_task_job_runner.py:240} INFO - Task exited with return code 0
[2026-01-20T18:58:28.951+0000] {taskinstance.py:3503} INFO - 1 downstream tasks scheduled from follow-on schedule check
[2026-01-20T18:58:28.963+0000] {local_task_job_runner.py:222} INFO - ::endgroup::
