[2026-01-22T19:13:26.522+0000] {local_task_job_runner.py:120} INFO - ::group::Pre task execution logs
[2026-01-22T19:13:26.790+0000] {taskinstance.py:2076} INFO - Dependencies all met for dep_context=non-requeueable deps ti=<TaskInstance: omie_pipeline.process_pdbf manual__2026-01-22T19:12:31.807662+00:00 [queued]>
[2026-01-22T19:13:26.918+0000] {taskinstance.py:2076} INFO - Dependencies all met for dep_context=requeueable deps ti=<TaskInstance: omie_pipeline.process_pdbf manual__2026-01-22T19:12:31.807662+00:00 [queued]>
[2026-01-22T19:13:26.930+0000] {taskinstance.py:2306} INFO - Starting attempt 1 of 2
[2026-01-22T19:13:27.065+0000] {taskinstance.py:2330} INFO - Executing <Task(PythonOperator): process_pdbf> on 2026-01-22 19:12:31.807662+00:00
[2026-01-22T19:13:27.188+0000] {standard_task_runner.py:63} INFO - Started process 4891 to run task
[2026-01-22T19:13:27.252+0000] {standard_task_runner.py:90} INFO - Running: ['***', 'tasks', 'run', 'omie_pipeline', 'process_pdbf', 'manual__2026-01-22T19:12:31.807662+00:00', '--job-id', '156', '--raw', '--subdir', 'DAGS_FOLDER/omie_dag.py', '--cfg-path', '/tmp/tmp1v9rm0cl']
[2026-01-22T19:13:27.300+0000] {standard_task_runner.py:91} INFO - Job 156: Subtask process_pdbf
[2026-01-22T19:13:28.096+0000] {task_command.py:426} INFO - Running <TaskInstance: omie_pipeline.process_pdbf manual__2026-01-22T19:12:31.807662+00:00 [running]> on host 2aff4151de2d
[2026-01-22T19:13:28.983+0000] {taskinstance.py:2648} INFO - Exporting env vars: AIRFLOW_CTX_DAG_OWNER='***' AIRFLOW_CTX_DAG_ID='omie_pipeline' AIRFLOW_CTX_TASK_ID='process_pdbf' AIRFLOW_CTX_EXECUTION_DATE='2026-01-22T19:12:31.807662+00:00' AIRFLOW_CTX_TRY_NUMBER='1' AIRFLOW_CTX_DAG_RUN_ID='manual__2026-01-22T19:12:31.807662+00:00'
[2026-01-22T19:13:29.000+0000] {taskinstance.py:430} INFO - ::endgroup::
[2026-01-22T19:13:29.250+0000] {logging_mixin.py:188} INFO - Processing process_pdbf for 2025-01-01 00:00:00 - 2026-01-22 00:00:00
[2026-01-22T19:16:11.454+0000] {filesystem.py:48} INFO - Saved file to /opt/***/local_data/silver/omie/pdbf/2025/01/20250101.parquet
[2026-01-22T19:18:21.096+0000] {database.py:186} INFO - Inserted 43631 rows into 'omie.pdbf'.
[2026-01-22T19:18:21.107+0000] {pdbf.py:132} INFO - Processed pdbf for 20250101
[2026-01-22T19:18:22.656+0000] {filesystem.py:48} INFO - Saved file to /opt/***/local_data/silver/omie/pdbf/2025/01/20250102.parquet
[2026-01-22T19:20:33.410+0000] {database.py:186} INFO - Inserted 47170 rows into 'omie.pdbf'.
[2026-01-22T19:20:33.416+0000] {pdbf.py:132} INFO - Processed pdbf for 20250102
[2026-01-22T19:20:34.806+0000] {filesystem.py:48} INFO - Saved file to /opt/***/local_data/silver/omie/pdbf/2025/01/20250103.parquet
[2026-01-22T19:22:54.327+0000] {database.py:186} INFO - Inserted 47631 rows into 'omie.pdbf'.
[2026-01-22T19:22:54.342+0000] {pdbf.py:132} INFO - Processed pdbf for 20250103
[2026-01-22T19:22:56.580+0000] {filesystem.py:48} INFO - Saved file to /opt/***/local_data/silver/omie/pdbf/2025/01/20250104.parquet
[2026-01-22T19:25:45.877+0000] {database.py:186} INFO - Inserted 47013 rows into 'omie.pdbf'.
[2026-01-22T19:25:45.883+0000] {pdbf.py:132} INFO - Processed pdbf for 20250104
[2026-01-22T19:25:46.950+0000] {filesystem.py:48} INFO - Saved file to /opt/***/local_data/silver/omie/pdbf/2025/01/20250105.parquet
[2026-01-22T19:27:50.256+0000] {database.py:186} INFO - Inserted 47211 rows into 'omie.pdbf'.
[2026-01-22T19:27:50.272+0000] {pdbf.py:132} INFO - Processed pdbf for 20250105
[2026-01-22T19:28:00.438+0000] {filesystem.py:48} INFO - Saved file to /opt/***/local_data/silver/omie/pdbf/2025/01/20250106.parquet
[2026-01-22T19:30:05.377+0000] {database.py:186} INFO - Inserted 47029 rows into 'omie.pdbf'.
[2026-01-22T19:30:05.382+0000] {pdbf.py:132} INFO - Processed pdbf for 20250106
[2026-01-22T19:30:06.628+0000] {filesystem.py:48} INFO - Saved file to /opt/***/local_data/silver/omie/pdbf/2025/01/20250107.parquet
[2026-01-22T19:31:42.307+0000] {database.py:186} INFO - Inserted 48733 rows into 'omie.pdbf'.
[2026-01-22T19:31:42.310+0000] {pdbf.py:132} INFO - Processed pdbf for 20250107
[2026-01-22T19:31:43.466+0000] {filesystem.py:48} INFO - Saved file to /opt/***/local_data/silver/omie/pdbf/2025/01/20250108.parquet
[2026-01-22T19:33:34.934+0000] {database.py:186} INFO - Inserted 49425 rows into 'omie.pdbf'.
[2026-01-22T19:33:34.947+0000] {pdbf.py:132} INFO - Processed pdbf for 20250108
[2026-01-22T19:33:36.082+0000] {filesystem.py:48} INFO - Saved file to /opt/***/local_data/silver/omie/pdbf/2025/01/20250109.parquet
[2026-01-22T19:35:04.327+0000] {database.py:186} INFO - Inserted 49797 rows into 'omie.pdbf'.
[2026-01-22T19:35:04.330+0000] {pdbf.py:132} INFO - Processed pdbf for 20250109
[2026-01-22T19:35:05.246+0000] {filesystem.py:48} INFO - Saved file to /opt/***/local_data/silver/omie/pdbf/2025/01/20250110.parquet
[2026-01-22T19:36:42.193+0000] {database.py:186} INFO - Inserted 49543 rows into 'omie.pdbf'.
[2026-01-22T19:36:42.198+0000] {pdbf.py:132} INFO - Processed pdbf for 20250110
[2026-01-22T19:36:43.250+0000] {filesystem.py:48} INFO - Saved file to /opt/***/local_data/silver/omie/pdbf/2025/01/20250111.parquet
[2026-01-22T19:38:37.404+0000] {database.py:186} INFO - Inserted 48391 rows into 'omie.pdbf'.
[2026-01-22T19:38:37.407+0000] {pdbf.py:132} INFO - Processed pdbf for 20250111
[2026-01-22T19:38:38.312+0000] {filesystem.py:48} INFO - Saved file to /opt/***/local_data/silver/omie/pdbf/2025/01/20250112.parquet
[2026-01-22T19:39:45.099+0000] {database.py:186} INFO - Inserted 48297 rows into 'omie.pdbf'.
[2026-01-22T19:39:45.108+0000] {pdbf.py:132} INFO - Processed pdbf for 20250112
[2026-01-22T19:39:46.190+0000] {filesystem.py:48} INFO - Saved file to /opt/***/local_data/silver/omie/pdbf/2025/01/20250113.parquet
[2026-01-22T19:40:51.671+0000] {database.py:186} INFO - Inserted 49861 rows into 'omie.pdbf'.
[2026-01-22T19:40:51.687+0000] {pdbf.py:132} INFO - Processed pdbf for 20250113
[2026-01-22T19:40:52.583+0000] {filesystem.py:48} INFO - Saved file to /opt/***/local_data/silver/omie/pdbf/2025/01/20250114.parquet
[2026-01-22T19:43:04.412+0000] {database.py:186} INFO - Inserted 49974 rows into 'omie.pdbf'.
[2026-01-22T19:43:04.417+0000] {pdbf.py:132} INFO - Processed pdbf for 20250114
[2026-01-22T19:43:05.480+0000] {filesystem.py:48} INFO - Saved file to /opt/***/local_data/silver/omie/pdbf/2025/01/20250115.parquet
[2026-01-22T19:44:45.696+0000] {database.py:186} INFO - Inserted 49633 rows into 'omie.pdbf'.
[2026-01-22T19:44:45.764+0000] {pdbf.py:132} INFO - Processed pdbf for 20250115
[2026-01-22T19:44:58.566+0000] {filesystem.py:48} INFO - Saved file to /opt/***/local_data/silver/omie/pdbf/2025/01/20250116.parquet
[2026-01-22T19:47:11.587+0000] {database.py:186} INFO - Inserted 50094 rows into 'omie.pdbf'.
[2026-01-22T19:47:11.595+0000] {pdbf.py:132} INFO - Processed pdbf for 20250116
[2026-01-22T19:47:12.707+0000] {filesystem.py:48} INFO - Saved file to /opt/***/local_data/silver/omie/pdbf/2025/01/20250117.parquet
[2026-01-22T19:49:00.352+0000] {database.py:186} INFO - Inserted 49642 rows into 'omie.pdbf'.
[2026-01-22T19:49:00.355+0000] {pdbf.py:132} INFO - Processed pdbf for 20250117
[2026-01-22T19:49:02.720+0000] {filesystem.py:48} INFO - Saved file to /opt/***/local_data/silver/omie/pdbf/2025/01/20250118.parquet
[2026-01-22T19:50:43.384+0000] {database.py:186} INFO - Inserted 47765 rows into 'omie.pdbf'.
[2026-01-22T19:50:43.434+0000] {pdbf.py:132} INFO - Processed pdbf for 20250118
[2026-01-22T19:50:45.418+0000] {filesystem.py:48} INFO - Saved file to /opt/***/local_data/silver/omie/pdbf/2025/01/20250119.parquet
[2026-01-22T19:53:07.593+0000] {database.py:186} INFO - Inserted 47352 rows into 'omie.pdbf'.
[2026-01-22T19:53:07.624+0000] {pdbf.py:132} INFO - Processed pdbf for 20250119
[2026-01-22T19:53:16.398+0000] {filesystem.py:48} INFO - Saved file to /opt/***/local_data/silver/omie/pdbf/2025/01/20250120.parquet
[2026-01-22T19:54:34.159+0000] {database.py:186} INFO - Inserted 49332 rows into 'omie.pdbf'.
[2026-01-22T19:54:34.162+0000] {pdbf.py:132} INFO - Processed pdbf for 20250120
[2026-01-22T19:54:35.153+0000] {filesystem.py:48} INFO - Saved file to /opt/***/local_data/silver/omie/pdbf/2025/01/20250121.parquet
[2026-01-22T19:56:49.878+0000] {database.py:186} INFO - Inserted 49582 rows into 'omie.pdbf'.
[2026-01-22T19:56:49.899+0000] {pdbf.py:132} INFO - Processed pdbf for 20250121
[2026-01-22T19:56:51.345+0000] {filesystem.py:48} INFO - Saved file to /opt/***/local_data/silver/omie/pdbf/2025/01/20250122.parquet
[2026-01-22T19:57:54.688+0000] {database.py:186} INFO - Inserted 49613 rows into 'omie.pdbf'.
[2026-01-22T19:57:54.692+0000] {pdbf.py:132} INFO - Processed pdbf for 20250122
[2026-01-22T19:57:55.624+0000] {filesystem.py:48} INFO - Saved file to /opt/***/local_data/silver/omie/pdbf/2025/01/20250123.parquet
[2026-01-22T19:59:42.267+0000] {database.py:186} INFO - Inserted 50157 rows into 'omie.pdbf'.
[2026-01-22T19:59:42.276+0000] {pdbf.py:132} INFO - Processed pdbf for 20250123
[2026-01-22T19:59:43.653+0000] {filesystem.py:48} INFO - Saved file to /opt/***/local_data/silver/omie/pdbf/2025/01/20250124.parquet
[2026-01-22T20:01:13.155+0000] {database.py:186} INFO - Inserted 50360 rows into 'omie.pdbf'.
[2026-01-22T20:01:13.158+0000] {pdbf.py:132} INFO - Processed pdbf for 20250124
[2026-01-22T20:01:13.892+0000] {filesystem.py:48} INFO - Saved file to /opt/***/local_data/silver/omie/pdbf/2025/01/20250125.parquet
[2026-01-22T20:02:18.857+0000] {database.py:186} INFO - Inserted 49175 rows into 'omie.pdbf'.
[2026-01-22T20:02:18.924+0000] {pdbf.py:132} INFO - Processed pdbf for 20250125
[2026-01-22T20:02:47.606+0000] {filesystem.py:48} INFO - Saved file to /opt/***/local_data/silver/omie/pdbf/2025/01/20250126.parquet
[2026-01-22T20:03:38.872+0000] {database.py:186} INFO - Inserted 48069 rows into 'omie.pdbf'.
[2026-01-22T20:03:38.876+0000] {pdbf.py:132} INFO - Processed pdbf for 20250126
[2026-01-22T20:03:39.382+0000] {filesystem.py:48} INFO - Saved file to /opt/***/local_data/silver/omie/pdbf/2025/01/20250127.parquet
[2026-01-22T20:04:48.294+0000] {database.py:186} INFO - Inserted 49073 rows into 'omie.pdbf'.
[2026-01-22T20:04:48.298+0000] {pdbf.py:132} INFO - Processed pdbf for 20250127
[2026-01-22T20:04:48.884+0000] {filesystem.py:48} INFO - Saved file to /opt/***/local_data/silver/omie/pdbf/2025/01/20250128.parquet
[2026-01-22T20:06:06.070+0000] {database.py:186} INFO - Inserted 48470 rows into 'omie.pdbf'.
[2026-01-22T20:06:06.073+0000] {pdbf.py:132} INFO - Processed pdbf for 20250128
[2026-01-22T20:06:06.674+0000] {filesystem.py:48} INFO - Saved file to /opt/***/local_data/silver/omie/pdbf/2025/01/20250129.parquet
[2026-01-22T20:06:55.206+0000] {database.py:186} INFO - Inserted 49044 rows into 'omie.pdbf'.
[2026-01-22T20:06:55.252+0000] {pdbf.py:132} INFO - Processed pdbf for 20250129
[2026-01-22T20:06:58.066+0000] {filesystem.py:48} INFO - Saved file to /opt/***/local_data/silver/omie/pdbf/2025/01/20250130.parquet
[2026-01-22T20:08:16.257+0000] {database.py:186} INFO - Inserted 49420 rows into 'omie.pdbf'.
[2026-01-22T20:08:16.260+0000] {pdbf.py:132} INFO - Processed pdbf for 20250130
[2026-01-22T20:08:16.864+0000] {filesystem.py:48} INFO - Saved file to /opt/***/local_data/silver/omie/pdbf/2025/01/20250131.parquet
[2026-01-22T20:09:18.215+0000] {database.py:186} INFO - Inserted 49438 rows into 'omie.pdbf'.
[2026-01-22T20:09:18.217+0000] {pdbf.py:132} INFO - Processed pdbf for 20250131
[2026-01-22T20:09:18.500+0000] {filesystem.py:48} INFO - Saved file to /opt/***/local_data/silver/omie/pdbf/2025/02/20250201.parquet
[2026-01-22T20:10:02.934+0000] {database.py:186} INFO - Inserted 48933 rows into 'omie.pdbf'.
[2026-01-22T20:10:02.936+0000] {pdbf.py:132} INFO - Processed pdbf for 20250201
[2026-01-22T20:10:03.408+0000] {filesystem.py:48} INFO - Saved file to /opt/***/local_data/silver/omie/pdbf/2025/02/20250202.parquet
[2026-01-22T20:10:56.963+0000] {database.py:186} INFO - Inserted 48150 rows into 'omie.pdbf'.
[2026-01-22T20:10:56.971+0000] {pdbf.py:132} INFO - Processed pdbf for 20250202
[2026-01-22T20:10:58.041+0000] {filesystem.py:48} INFO - Saved file to /opt/***/local_data/silver/omie/pdbf/2025/02/20250203.parquet
[2026-01-22T20:12:12.251+0000] {database.py:186} INFO - Inserted 50190 rows into 'omie.pdbf'.
[2026-01-22T20:12:12.252+0000] {pdbf.py:132} INFO - Processed pdbf for 20250203
[2026-01-22T20:12:12.675+0000] {filesystem.py:48} INFO - Saved file to /opt/***/local_data/silver/omie/pdbf/2025/02/20250204.parquet
[2026-01-22T20:13:30.897+0000] {database.py:186} INFO - Inserted 49183 rows into 'omie.pdbf'.
[2026-01-22T20:13:30.906+0000] {pdbf.py:132} INFO - Processed pdbf for 20250204
[2026-01-22T20:13:31.696+0000] {filesystem.py:48} INFO - Saved file to /opt/***/local_data/silver/omie/pdbf/2025/02/20250205.parquet
[2026-01-22T20:14:14.153+0000] {database.py:186} INFO - Inserted 50752 rows into 'omie.pdbf'.
[2026-01-22T20:14:14.155+0000] {pdbf.py:132} INFO - Processed pdbf for 20250205
[2026-01-22T20:14:14.594+0000] {filesystem.py:48} INFO - Saved file to /opt/***/local_data/silver/omie/pdbf/2025/02/20250206.parquet
[2026-01-22T20:14:55.897+0000] {database.py:186} INFO - Inserted 49362 rows into 'omie.pdbf'.
[2026-01-22T20:14:55.907+0000] {pdbf.py:132} INFO - Processed pdbf for 20250206
[2026-01-22T20:14:56.307+0000] {filesystem.py:48} INFO - Saved file to /opt/***/local_data/silver/omie/pdbf/2025/02/20250207.parquet
[2026-01-22T20:15:23.514+0000] {database.py:186} INFO - Inserted 50646 rows into 'omie.pdbf'.
[2026-01-22T20:15:23.515+0000] {pdbf.py:132} INFO - Processed pdbf for 20250207
[2026-01-22T20:15:23.831+0000] {filesystem.py:48} INFO - Saved file to /opt/***/local_data/silver/omie/pdbf/2025/02/20250208.parquet
[2026-01-22T20:16:15.795+0000] {database.py:186} INFO - Inserted 49509 rows into 'omie.pdbf'.
[2026-01-22T20:16:15.797+0000] {pdbf.py:132} INFO - Processed pdbf for 20250208
[2026-01-22T20:16:16.222+0000] {filesystem.py:48} INFO - Saved file to /opt/***/local_data/silver/omie/pdbf/2025/02/20250209.parquet
[2026-01-22T20:16:57.383+0000] {database.py:186} INFO - Inserted 48421 rows into 'omie.pdbf'.
[2026-01-22T20:16:57.384+0000] {pdbf.py:132} INFO - Processed pdbf for 20250209
[2026-01-22T20:16:57.691+0000] {filesystem.py:48} INFO - Saved file to /opt/***/local_data/silver/omie/pdbf/2025/02/20250210.parquet
[2026-01-22T20:17:26.201+0000] {database.py:186} INFO - Inserted 49629 rows into 'omie.pdbf'.
[2026-01-22T20:17:26.202+0000] {pdbf.py:132} INFO - Processed pdbf for 20250210
[2026-01-22T20:17:26.554+0000] {filesystem.py:48} INFO - Saved file to /opt/***/local_data/silver/omie/pdbf/2025/02/20250211.parquet
[2026-01-22T20:18:08.064+0000] {database.py:186} INFO - Inserted 50823 rows into 'omie.pdbf'.
[2026-01-22T20:18:08.071+0000] {pdbf.py:132} INFO - Processed pdbf for 20250211
[2026-01-22T20:18:08.542+0000] {filesystem.py:48} INFO - Saved file to /opt/***/local_data/silver/omie/pdbf/2025/02/20250212.parquet
[2026-01-22T20:19:17.757+0000] {database.py:186} INFO - Inserted 51459 rows into 'omie.pdbf'.
[2026-01-22T20:19:17.759+0000] {pdbf.py:132} INFO - Processed pdbf for 20250212
[2026-01-22T20:19:18.439+0000] {filesystem.py:48} INFO - Saved file to /opt/***/local_data/silver/omie/pdbf/2025/02/20250213.parquet
[2026-01-22T20:19:50.480+0000] {database.py:186} INFO - Inserted 51337 rows into 'omie.pdbf'.
[2026-01-22T20:19:50.480+0000] {pdbf.py:132} INFO - Processed pdbf for 20250213
[2026-01-22T20:19:50.833+0000] {filesystem.py:48} INFO - Saved file to /opt/***/local_data/silver/omie/pdbf/2025/02/20250214.parquet
[2026-01-22T20:20:44.744+0000] {database.py:186} INFO - Inserted 51355 rows into 'omie.pdbf'.
[2026-01-22T20:20:44.748+0000] {pdbf.py:132} INFO - Processed pdbf for 20250214
[2026-01-22T20:20:44.963+0000] {filesystem.py:48} INFO - Saved file to /opt/***/local_data/silver/omie/pdbf/2025/02/20250215.parquet
[2026-01-22T20:21:34.549+0000] {database.py:186} INFO - Inserted 50498 rows into 'omie.pdbf'.
[2026-01-22T20:21:34.551+0000] {pdbf.py:132} INFO - Processed pdbf for 20250215
[2026-01-22T20:21:34.903+0000] {filesystem.py:48} INFO - Saved file to /opt/***/local_data/silver/omie/pdbf/2025/02/20250216.parquet
[2026-01-22T20:22:09.842+0000] {database.py:186} INFO - Inserted 49616 rows into 'omie.pdbf'.
[2026-01-22T20:22:09.844+0000] {pdbf.py:132} INFO - Processed pdbf for 20250216
[2026-01-22T20:22:10.202+0000] {filesystem.py:48} INFO - Saved file to /opt/***/local_data/silver/omie/pdbf/2025/02/20250217.parquet
[2026-01-22T20:22:45.360+0000] {database.py:186} INFO - Inserted 50275 rows into 'omie.pdbf'.
[2026-01-22T20:22:45.361+0000] {pdbf.py:132} INFO - Processed pdbf for 20250217
[2026-01-22T20:22:45.675+0000] {filesystem.py:48} INFO - Saved file to /opt/***/local_data/silver/omie/pdbf/2025/02/20250218.parquet
[2026-01-22T20:23:27.342+0000] {database.py:186} INFO - Inserted 51835 rows into 'omie.pdbf'.
[2026-01-22T20:23:27.347+0000] {pdbf.py:132} INFO - Processed pdbf for 20250218
[2026-01-22T20:23:27.931+0000] {filesystem.py:48} INFO - Saved file to /opt/***/local_data/silver/omie/pdbf/2025/02/20250219.parquet
[2026-01-22T20:23:55.359+0000] {database.py:186} INFO - Inserted 51472 rows into 'omie.pdbf'.
[2026-01-22T20:23:55.361+0000] {pdbf.py:132} INFO - Processed pdbf for 20250219
[2026-01-22T20:23:55.645+0000] {filesystem.py:48} INFO - Saved file to /opt/***/local_data/silver/omie/pdbf/2025/02/20250220.parquet
[2026-01-22T20:24:38.772+0000] {database.py:186} INFO - Inserted 51663 rows into 'omie.pdbf'.
[2026-01-22T20:24:38.775+0000] {pdbf.py:132} INFO - Processed pdbf for 20250220
[2026-01-22T20:24:39.184+0000] {filesystem.py:48} INFO - Saved file to /opt/***/local_data/silver/omie/pdbf/2025/02/20250221.parquet
[2026-01-22T20:25:07.489+0000] {database.py:186} INFO - Inserted 51873 rows into 'omie.pdbf'.
[2026-01-22T20:25:07.491+0000] {pdbf.py:132} INFO - Processed pdbf for 20250221
[2026-01-22T20:25:07.929+0000] {filesystem.py:48} INFO - Saved file to /opt/***/local_data/silver/omie/pdbf/2025/02/20250222.parquet
[2026-01-22T20:25:38.044+0000] {database.py:186} INFO - Inserted 50463 rows into 'omie.pdbf'.
[2026-01-22T20:25:38.045+0000] {pdbf.py:132} INFO - Processed pdbf for 20250222
[2026-01-22T20:25:38.335+0000] {filesystem.py:48} INFO - Saved file to /opt/***/local_data/silver/omie/pdbf/2025/02/20250223.parquet
[2026-01-22T20:26:10.916+0000] {database.py:186} INFO - Inserted 49435 rows into 'omie.pdbf'.
[2026-01-22T20:26:10.917+0000] {pdbf.py:132} INFO - Processed pdbf for 20250223
[2026-01-22T20:26:11.299+0000] {filesystem.py:48} INFO - Saved file to /opt/***/local_data/silver/omie/pdbf/2025/02/20250224.parquet
[2026-01-22T20:27:03.455+0000] {database.py:186} INFO - Inserted 51801 rows into 'omie.pdbf'.
[2026-01-22T20:27:03.457+0000] {pdbf.py:132} INFO - Processed pdbf for 20250224
[2026-01-22T20:27:03.693+0000] {filesystem.py:48} INFO - Saved file to /opt/***/local_data/silver/omie/pdbf/2025/02/20250225.parquet
[2026-01-22T20:27:30.923+0000] {database.py:186} INFO - Inserted 52089 rows into 'omie.pdbf'.
[2026-01-22T20:27:30.924+0000] {pdbf.py:132} INFO - Processed pdbf for 20250225
[2026-01-22T20:27:31.325+0000] {filesystem.py:48} INFO - Saved file to /opt/***/local_data/silver/omie/pdbf/2025/02/20250226.parquet
[2026-01-22T20:28:14.099+0000] {database.py:186} INFO - Inserted 52201 rows into 'omie.pdbf'.
[2026-01-22T20:28:14.107+0000] {pdbf.py:132} INFO - Processed pdbf for 20250226
[2026-01-22T20:28:14.570+0000] {filesystem.py:48} INFO - Saved file to /opt/***/local_data/silver/omie/pdbf/2025/02/20250227.parquet
[2026-01-22T20:28:47.284+0000] {database.py:186} INFO - Inserted 51095 rows into 'omie.pdbf'.
[2026-01-22T20:28:47.286+0000] {pdbf.py:132} INFO - Processed pdbf for 20250227
[2026-01-22T20:28:47.746+0000] {filesystem.py:48} INFO - Saved file to /opt/***/local_data/silver/omie/pdbf/2025/02/20250228.parquet
[2026-01-22T20:29:26.548+0000] {database.py:186} INFO - Inserted 51794 rows into 'omie.pdbf'.
[2026-01-22T20:29:26.550+0000] {pdbf.py:132} INFO - Processed pdbf for 20250228
[2026-01-22T20:29:27.072+0000] {filesystem.py:48} INFO - Saved file to /opt/***/local_data/silver/omie/pdbf/2025/03/20250301.parquet
[2026-01-22T20:29:57.901+0000] {database.py:186} INFO - Inserted 51069 rows into 'omie.pdbf'.
[2026-01-22T20:29:57.903+0000] {pdbf.py:132} INFO - Processed pdbf for 20250301
[2026-01-22T20:29:58.583+0000] {filesystem.py:48} INFO - Saved file to /opt/***/local_data/silver/omie/pdbf/2025/03/20250302.parquet
[2026-01-22T20:30:46.956+0000] {database.py:186} INFO - Inserted 50306 rows into 'omie.pdbf'.
[2026-01-22T20:30:46.958+0000] {pdbf.py:132} INFO - Processed pdbf for 20250302
[2026-01-22T20:30:47.378+0000] {filesystem.py:48} INFO - Saved file to /opt/***/local_data/silver/omie/pdbf/2025/03/20250303.parquet
[2026-01-22T20:31:17.704+0000] {database.py:186} INFO - Inserted 51525 rows into 'omie.pdbf'.
[2026-01-22T20:31:17.705+0000] {pdbf.py:132} INFO - Processed pdbf for 20250303
[2026-01-22T20:31:18.346+0000] {filesystem.py:48} INFO - Saved file to /opt/***/local_data/silver/omie/pdbf/2025/03/20250304.parquet
[2026-01-22T20:31:53.452+0000] {database.py:186} INFO - Inserted 52510 rows into 'omie.pdbf'.
[2026-01-22T20:31:53.455+0000] {pdbf.py:132} INFO - Processed pdbf for 20250304
[2026-01-22T20:31:54.720+0000] {filesystem.py:48} INFO - Saved file to /opt/***/local_data/silver/omie/pdbf/2025/03/20250305.parquet
[2026-01-22T20:32:25.902+0000] {database.py:186} INFO - Inserted 52341 rows into 'omie.pdbf'.
[2026-01-22T20:32:25.903+0000] {pdbf.py:132} INFO - Processed pdbf for 20250305
[2026-01-22T20:32:26.280+0000] {filesystem.py:48} INFO - Saved file to /opt/***/local_data/silver/omie/pdbf/2025/03/20250306.parquet
[2026-01-22T20:33:00.600+0000] {database.py:186} INFO - Inserted 52627 rows into 'omie.pdbf'.
[2026-01-22T20:33:00.602+0000] {pdbf.py:132} INFO - Processed pdbf for 20250306
[2026-01-22T20:33:01.063+0000] {filesystem.py:48} INFO - Saved file to /opt/***/local_data/silver/omie/pdbf/2025/03/20250307.parquet
[2026-01-22T20:33:22.546+0000] {database.py:186} INFO - Inserted 52647 rows into 'omie.pdbf'.
[2026-01-22T20:33:22.548+0000] {pdbf.py:132} INFO - Processed pdbf for 20250307
[2026-01-22T20:33:23.029+0000] {filesystem.py:48} INFO - Saved file to /opt/***/local_data/silver/omie/pdbf/2025/03/20250308.parquet
[2026-01-22T20:33:44.018+0000] {database.py:186} INFO - Inserted 50470 rows into 'omie.pdbf'.
[2026-01-22T20:33:44.019+0000] {pdbf.py:132} INFO - Processed pdbf for 20250308
[2026-01-22T20:33:44.447+0000] {filesystem.py:48} INFO - Saved file to /opt/***/local_data/silver/omie/pdbf/2025/03/20250309.parquet
[2026-01-22T20:34:17.601+0000] {database.py:186} INFO - Inserted 50290 rows into 'omie.pdbf'.
[2026-01-22T20:34:17.602+0000] {pdbf.py:132} INFO - Processed pdbf for 20250309
[2026-01-22T20:34:17.894+0000] {filesystem.py:48} INFO - Saved file to /opt/***/local_data/silver/omie/pdbf/2025/03/20250310.parquet
[2026-01-22T20:34:51.366+0000] {database.py:186} INFO - Inserted 51994 rows into 'omie.pdbf'.
[2026-01-22T20:34:51.368+0000] {pdbf.py:132} INFO - Processed pdbf for 20250310
[2026-01-22T20:34:52.017+0000] {filesystem.py:48} INFO - Saved file to /opt/***/local_data/silver/omie/pdbf/2025/03/20250311.parquet
[2026-01-22T20:35:20.503+0000] {database.py:186} INFO - Inserted 52375 rows into 'omie.pdbf'.
[2026-01-22T20:35:20.505+0000] {pdbf.py:132} INFO - Processed pdbf for 20250311
[2026-01-22T20:35:20.821+0000] {filesystem.py:48} INFO - Saved file to /opt/***/local_data/silver/omie/pdbf/2025/03/20250312.parquet
[2026-01-22T20:36:14.340+0000] {database.py:186} INFO - Inserted 52997 rows into 'omie.pdbf'.
[2026-01-22T20:36:14.341+0000] {pdbf.py:132} INFO - Processed pdbf for 20250312
[2026-01-22T20:36:15.068+0000] {filesystem.py:48} INFO - Saved file to /opt/***/local_data/silver/omie/pdbf/2025/03/20250313.parquet
[2026-01-22T20:37:03.893+0000] {database.py:186} INFO - Inserted 52932 rows into 'omie.pdbf'.
[2026-01-22T20:37:03.894+0000] {pdbf.py:132} INFO - Processed pdbf for 20250313
[2026-01-22T20:37:04.179+0000] {filesystem.py:48} INFO - Saved file to /opt/***/local_data/silver/omie/pdbf/2025/03/20250314.parquet
[2026-01-22T20:37:30.386+0000] {database.py:186} INFO - Inserted 53509 rows into 'omie.pdbf'.
[2026-01-22T20:37:30.387+0000] {pdbf.py:132} INFO - Processed pdbf for 20250314
[2026-01-22T20:37:30.889+0000] {filesystem.py:48} INFO - Saved file to /opt/***/local_data/silver/omie/pdbf/2025/03/20250315.parquet
[2026-01-22T20:37:56.296+0000] {database.py:186} INFO - Inserted 51339 rows into 'omie.pdbf'.
[2026-01-22T20:37:56.297+0000] {pdbf.py:132} INFO - Processed pdbf for 20250315
[2026-01-22T20:37:56.666+0000] {filesystem.py:48} INFO - Saved file to /opt/***/local_data/silver/omie/pdbf/2025/03/20250316.parquet
[2026-01-22T20:38:37.187+0000] {database.py:186} INFO - Inserted 50936 rows into 'omie.pdbf'.
[2026-01-22T20:38:37.206+0000] {pdbf.py:132} INFO - Processed pdbf for 20250316
[2026-01-22T20:38:37.482+0000] {filesystem.py:48} INFO - Saved file to /opt/***/local_data/silver/omie/pdbf/2025/03/20250317.parquet
[2026-01-22T20:39:24.849+0000] {database.py:186} INFO - Inserted 52612 rows into 'omie.pdbf'.
[2026-01-22T20:39:24.850+0000] {pdbf.py:132} INFO - Processed pdbf for 20250317
[2026-01-22T20:39:25.145+0000] {filesystem.py:48} INFO - Saved file to /opt/***/local_data/silver/omie/pdbf/2025/03/20250318.parquet
[2026-01-22T20:40:07.586+0000] {database.py:186} INFO - Inserted 53330 rows into 'omie.pdbf'.
[2026-01-22T20:40:07.587+0000] {pdbf.py:132} INFO - Processed pdbf for 20250318
[2026-01-22T20:40:08.463+0000] {filesystem.py:48} INFO - Saved file to /opt/***/local_data/silver/omie/pdbf/2025/03/20250319.parquet
[2026-01-22T20:40:44.898+0000] {database.py:186} INFO - Inserted 208304 rows into 'omie.pdbf'.
[2026-01-22T20:40:44.913+0000] {pdbf.py:132} INFO - Processed pdbf for 20250319
[2026-01-22T20:40:45.640+0000] {filesystem.py:48} INFO - Saved file to /opt/***/local_data/silver/omie/pdbf/2025/03/20250320.parquet
[2026-01-22T20:41:23.335+0000] {database.py:186} INFO - Inserted 202328 rows into 'omie.pdbf'.
[2026-01-22T20:41:23.343+0000] {pdbf.py:132} INFO - Processed pdbf for 20250320
[2026-01-22T20:41:24.061+0000] {filesystem.py:48} INFO - Saved file to /opt/***/local_data/silver/omie/pdbf/2025/03/20250321.parquet
[2026-01-22T20:42:16.586+0000] {database.py:186} INFO - Inserted 203884 rows into 'omie.pdbf'.
[2026-01-22T20:42:16.597+0000] {pdbf.py:132} INFO - Processed pdbf for 20250321
[2026-01-22T20:42:17.553+0000] {filesystem.py:48} INFO - Saved file to /opt/***/local_data/silver/omie/pdbf/2025/03/20250322.parquet
[2026-01-22T20:43:15.862+0000] {database.py:186} INFO - Inserted 193048 rows into 'omie.pdbf'.
[2026-01-22T20:43:15.870+0000] {pdbf.py:132} INFO - Processed pdbf for 20250322
[2026-01-22T20:43:16.885+0000] {filesystem.py:48} INFO - Saved file to /opt/***/local_data/silver/omie/pdbf/2025/03/20250323.parquet
[2026-01-22T20:43:58.811+0000] {database.py:186} INFO - Inserted 196024 rows into 'omie.pdbf'.
[2026-01-22T20:43:58.820+0000] {pdbf.py:132} INFO - Processed pdbf for 20250323
[2026-01-22T20:43:59.794+0000] {filesystem.py:48} INFO - Saved file to /opt/***/local_data/silver/omie/pdbf/2025/03/20250324.parquet
[2026-01-22T20:44:45.948+0000] {database.py:186} INFO - Inserted 207552 rows into 'omie.pdbf'.
[2026-01-22T20:44:45.956+0000] {pdbf.py:132} INFO - Processed pdbf for 20250324
[2026-01-22T20:44:46.643+0000] {filesystem.py:48} INFO - Saved file to /opt/***/local_data/silver/omie/pdbf/2025/03/20250325.parquet
[2026-01-22T20:45:33.770+0000] {database.py:186} INFO - Inserted 208484 rows into 'omie.pdbf'.
[2026-01-22T20:45:33.777+0000] {pdbf.py:132} INFO - Processed pdbf for 20250325
[2026-01-22T20:45:34.243+0000] {filesystem.py:48} INFO - Saved file to /opt/***/local_data/silver/omie/pdbf/2025/03/20250326.parquet
[2026-01-22T20:46:25.404+0000] {database.py:186} INFO - Inserted 198660 rows into 'omie.pdbf'.
[2026-01-22T20:46:25.409+0000] {pdbf.py:132} INFO - Processed pdbf for 20250326
[2026-01-22T20:46:26.392+0000] {filesystem.py:48} INFO - Saved file to /opt/***/local_data/silver/omie/pdbf/2025/03/20250327.parquet
[2026-01-22T20:47:24.845+0000] {database.py:186} INFO - Inserted 203680 rows into 'omie.pdbf'.
[2026-01-22T20:47:24.866+0000] {pdbf.py:132} INFO - Processed pdbf for 20250327
[2026-01-22T20:47:26.234+0000] {filesystem.py:48} INFO - Saved file to /opt/***/local_data/silver/omie/pdbf/2025/03/20250328.parquet
[2026-01-22T20:48:01.085+0000] {database.py:186} INFO - Inserted 195896 rows into 'omie.pdbf'.
[2026-01-22T20:48:01.086+0000] {pdbf.py:132} INFO - Processed pdbf for 20250328
[2026-01-22T20:48:02.001+0000] {filesystem.py:48} INFO - Saved file to /opt/***/local_data/silver/omie/pdbf/2025/03/20250329.parquet
[2026-01-22T20:48:38.595+0000] {database.py:186} INFO - Inserted 183292 rows into 'omie.pdbf'.
[2026-01-22T20:48:38.600+0000] {pdbf.py:132} INFO - Processed pdbf for 20250329
[2026-01-22T20:48:39.234+0000] {filesystem.py:48} INFO - Saved file to /opt/***/local_data/silver/omie/pdbf/2025/03/20250330.parquet
[2026-01-22T20:49:12.440+0000] {database.py:186} INFO - Inserted 168572 rows into 'omie.pdbf'.
[2026-01-22T20:49:12.452+0000] {pdbf.py:132} INFO - Processed pdbf for 20250330
[2026-01-22T20:49:13.444+0000] {filesystem.py:48} INFO - Saved file to /opt/***/local_data/silver/omie/pdbf/2025/03/20250331.parquet
[2026-01-22T20:49:53.625+0000] {database.py:186} INFO - Inserted 193408 rows into 'omie.pdbf'.
[2026-01-22T20:49:53.633+0000] {pdbf.py:132} INFO - Processed pdbf for 20250331
[2026-01-22T20:49:54.992+0000] {filesystem.py:48} INFO - Saved file to /opt/***/local_data/silver/omie/pdbf/2025/04/20250401.parquet
[2026-01-22T20:50:30.190+0000] {database.py:186} INFO - Inserted 203552 rows into 'omie.pdbf'.
[2026-01-22T20:50:30.203+0000] {pdbf.py:132} INFO - Processed pdbf for 20250401
[2026-01-22T20:50:30.907+0000] {filesystem.py:48} INFO - Saved file to /opt/***/local_data/silver/omie/pdbf/2025/04/20250402.parquet
[2026-01-22T20:51:12.301+0000] {database.py:186} INFO - Inserted 207864 rows into 'omie.pdbf'.
[2026-01-22T20:51:12.310+0000] {pdbf.py:132} INFO - Processed pdbf for 20250402
[2026-01-22T20:51:13.292+0000] {filesystem.py:48} INFO - Saved file to /opt/***/local_data/silver/omie/pdbf/2025/04/20250403.parquet
[2026-01-22T20:52:04.998+0000] {database.py:186} INFO - Inserted 211840 rows into 'omie.pdbf'.
[2026-01-22T20:52:05.007+0000] {pdbf.py:132} INFO - Processed pdbf for 20250403
[2026-01-22T20:52:05.698+0000] {filesystem.py:48} INFO - Saved file to /opt/***/local_data/silver/omie/pdbf/2025/04/20250404.parquet
[2026-01-22T20:52:37.211+0000] {database.py:186} INFO - Inserted 207072 rows into 'omie.pdbf'.
[2026-01-22T20:52:37.228+0000] {pdbf.py:132} INFO - Processed pdbf for 20250404
[2026-01-22T20:52:38.696+0000] {filesystem.py:48} INFO - Saved file to /opt/***/local_data/silver/omie/pdbf/2025/04/20250405.parquet
[2026-01-22T20:53:08.540+0000] {database.py:186} INFO - Inserted 197164 rows into 'omie.pdbf'.
[2026-01-22T20:53:08.547+0000] {pdbf.py:132} INFO - Processed pdbf for 20250405
[2026-01-22T20:53:09.398+0000] {filesystem.py:48} INFO - Saved file to /opt/***/local_data/silver/omie/pdbf/2025/04/20250406.parquet
[2026-01-22T20:53:44.684+0000] {database.py:186} INFO - Inserted 189220 rows into 'omie.pdbf'.
[2026-01-22T20:53:44.685+0000] {pdbf.py:132} INFO - Processed pdbf for 20250406
[2026-01-22T20:53:45.626+0000] {filesystem.py:48} INFO - Saved file to /opt/***/local_data/silver/omie/pdbf/2025/04/20250407.parquet
[2026-01-22T20:54:18.071+0000] {database.py:186} INFO - Inserted 207760 rows into 'omie.pdbf'.
[2026-01-22T20:54:18.085+0000] {pdbf.py:132} INFO - Processed pdbf for 20250407
[2026-01-22T20:54:19.286+0000] {filesystem.py:48} INFO - Saved file to /opt/***/local_data/silver/omie/pdbf/2025/04/20250408.parquet
[2026-01-22T20:54:55.453+0000] {database.py:186} INFO - Inserted 198920 rows into 'omie.pdbf'.
[2026-01-22T20:54:55.461+0000] {pdbf.py:132} INFO - Processed pdbf for 20250408
[2026-01-22T20:54:56.236+0000] {filesystem.py:48} INFO - Saved file to /opt/***/local_data/silver/omie/pdbf/2025/04/20250409.parquet
[2026-01-22T20:55:33.122+0000] {database.py:186} INFO - Inserted 204956 rows into 'omie.pdbf'.
[2026-01-22T20:55:33.130+0000] {pdbf.py:132} INFO - Processed pdbf for 20250409
[2026-01-22T20:55:34.042+0000] {filesystem.py:48} INFO - Saved file to /opt/***/local_data/silver/omie/pdbf/2025/04/20250410.parquet
[2026-01-22T20:56:16.294+0000] {database.py:186} INFO - Inserted 210068 rows into 'omie.pdbf'.
[2026-01-22T20:56:16.302+0000] {pdbf.py:132} INFO - Processed pdbf for 20250410
[2026-01-22T20:56:17.098+0000] {filesystem.py:48} INFO - Saved file to /opt/***/local_data/silver/omie/pdbf/2025/04/20250411.parquet
[2026-01-22T20:57:05.734+0000] {database.py:186} INFO - Inserted 211172 rows into 'omie.pdbf'.
[2026-01-22T20:57:05.743+0000] {pdbf.py:132} INFO - Processed pdbf for 20250411
[2026-01-22T20:57:06.613+0000] {filesystem.py:48} INFO - Saved file to /opt/***/local_data/silver/omie/pdbf/2025/04/20250412.parquet
