[2026-01-20T21:00:09.302+0000] {local_task_job_runner.py:120} INFO - ::group::Pre task execution logs
[2026-01-20T21:00:09.338+0000] {taskinstance.py:2076} INFO - Dependencies all met for dep_context=non-requeueable deps ti=<TaskInstance: omie_pipeline.download_pdbc manual__2026-01-20T21:00:07.280516+00:00 [queued]>
[2026-01-20T21:00:09.349+0000] {taskinstance.py:2076} INFO - Dependencies all met for dep_context=requeueable deps ti=<TaskInstance: omie_pipeline.download_pdbc manual__2026-01-20T21:00:07.280516+00:00 [queued]>
[2026-01-20T21:00:09.350+0000] {taskinstance.py:2306} INFO - Starting attempt 1 of 2
[2026-01-20T21:00:09.368+0000] {taskinstance.py:2330} INFO - Executing <Task(PythonOperator): download_pdbc> on 2026-01-20 21:00:07.280516+00:00
[2026-01-20T21:00:09.376+0000] {standard_task_runner.py:63} INFO - Started process 3142 to run task
[2026-01-20T21:00:09.385+0000] {standard_task_runner.py:90} INFO - Running: ['***', 'tasks', 'run', 'omie_pipeline', 'download_pdbc', 'manual__2026-01-20T21:00:07.280516+00:00', '--job-id', '107', '--raw', '--subdir', 'DAGS_FOLDER/omie_dag.py', '--cfg-path', '/tmp/tmpjb7huww5']
[2026-01-20T21:00:09.389+0000] {standard_task_runner.py:91} INFO - Job 107: Subtask download_pdbc
[2026-01-20T21:00:09.493+0000] {task_command.py:426} INFO - Running <TaskInstance: omie_pipeline.download_pdbc manual__2026-01-20T21:00:07.280516+00:00 [running]> on host 2aff4151de2d
[2026-01-20T21:00:09.626+0000] {taskinstance.py:2648} INFO - Exporting env vars: AIRFLOW_CTX_DAG_OWNER='***' AIRFLOW_CTX_DAG_ID='omie_pipeline' AIRFLOW_CTX_TASK_ID='download_pdbc' AIRFLOW_CTX_EXECUTION_DATE='2026-01-20T21:00:07.280516+00:00' AIRFLOW_CTX_TRY_NUMBER='1' AIRFLOW_CTX_DAG_RUN_ID='manual__2026-01-20T21:00:07.280516+00:00'
[2026-01-20T21:00:09.628+0000] {taskinstance.py:430} INFO - ::endgroup::
[2026-01-20T21:00:09.651+0000] {logging_mixin.py:188} INFO - Downloading download_pdbc from 2026-01-20 21:00:07.280516 to 2026-01-20 21:00:07.280516
[2026-01-20T21:00:09.656+0000] {pdbc.py:48} INFO - File bronze/omie/pdbc/2025/pdbc_202501.zip already exists (past month). Skipping.
[2026-01-20T21:00:09.661+0000] {pdbc.py:48} INFO - File bronze/omie/pdbc/2025/pdbc_202502.zip already exists (past month). Skipping.
[2026-01-20T21:00:09.667+0000] {pdbc.py:48} INFO - File bronze/omie/pdbc/2025/pdbc_202503.zip already exists (past month). Skipping.
[2026-01-20T21:00:09.671+0000] {pdbc.py:48} INFO - File bronze/omie/pdbc/2025/pdbc_202504.zip already exists (past month). Skipping.
[2026-01-20T21:00:09.675+0000] {pdbc.py:48} INFO - File bronze/omie/pdbc/2025/pdbc_202505.zip already exists (past month). Skipping.
[2026-01-20T21:00:09.679+0000] {pdbc.py:48} INFO - File bronze/omie/pdbc/2025/pdbc_202506.zip already exists (past month). Skipping.
[2026-01-20T21:00:09.683+0000] {pdbc.py:48} INFO - File bronze/omie/pdbc/2025/pdbc_202507.zip already exists (past month). Skipping.
[2026-01-20T21:00:09.687+0000] {pdbc.py:48} INFO - File bronze/omie/pdbc/2025/pdbc_202508.zip already exists (past month). Skipping.
[2026-01-20T21:00:09.691+0000] {pdbc.py:48} INFO - File bronze/omie/pdbc/2025/pdbc_202509.zip already exists (past month). Skipping.
[2026-01-20T21:00:09.694+0000] {pdbc.py:48} INFO - File bronze/omie/pdbc/2025/pdbc_202510.zip already exists (past month). Skipping.
[2026-01-20T21:00:09.701+0000] {omie_client.py:64} INFO - Downloading pdbc_202511.zip from OMIE...
[2026-01-20T21:00:10.190+0000] {omie_client.py:68} INFO - File pdbc_202511.zip not found (404).
[2026-01-20T21:00:10.193+0000] {pdbc.py:56} WARNING - Failed to download pdbc_202511.zip
[2026-01-20T21:00:10.196+0000] {omie_client.py:64} INFO - Downloading pdbc_202512.zip from OMIE...
[2026-01-20T21:00:10.614+0000] {omie_client.py:68} INFO - File pdbc_202512.zip not found (404).
[2026-01-20T21:00:10.615+0000] {pdbc.py:56} WARNING - Failed to download pdbc_202512.zip
[2026-01-20T21:00:10.617+0000] {omie_client.py:64} INFO - Downloading pdbc_202601.zip from OMIE...
[2026-01-20T21:00:11.065+0000] {omie_client.py:68} INFO - File pdbc_202601.zip not found (404).
[2026-01-20T21:00:11.066+0000] {pdbc.py:56} WARNING - Failed to download pdbc_202601.zip
[2026-01-20T21:00:11.068+0000] {python.py:237} INFO - Done. Returned value was: {'start': '2025-01-01', 'end': '2026-01-20'}
[2026-01-20T21:00:11.068+0000] {taskinstance.py:441} INFO - ::group::Post task execution logs
[2026-01-20T21:00:11.092+0000] {taskinstance.py:1206} INFO - Marking task as SUCCESS. dag_id=omie_pipeline, task_id=download_pdbc, run_id=manual__2026-01-20T21:00:07.280516+00:00, execution_date=20260120T210007, start_date=20260120T210009, end_date=20260120T210011
[2026-01-20T21:00:11.166+0000] {local_task_job_runner.py:240} INFO - Task exited with return code 0
[2026-01-20T21:00:11.179+0000] {local_task_job_runner.py:222} INFO - ::endgroup::
