2026-01-18 17:58:42,876 - numexpr.utils - INFO - NumExpr defaulting to 8 threads.
2026-01-18 17:58:44,119 - src.bronze.omie.trades - INFO - File bronze/omie/trades/2025/trades_202510.zip already exists. Skipping.
2026-01-18 17:58:44,486 - src.silver.omie.trades - INFO - Extracting trades_20251001.1 from trades_202510.zip
2026-01-18 17:58:45,429 - src.silver.omie.trades - INFO - Parsed DataFrame shape: (35820, 13)
2026-01-18 17:58:45,880 - src.common.filesystem - INFO - Saved file to C:\Users\janvi\Documents\ProyectoWEB\local_data\silver/omie/trades/2025/10/20251001.parquet
2026-01-18 17:58:46,786 - src.common.database - ERROR - Error during bulk insert into omie.trades: no existe la columna «fecha_str» en la relación «trades»

2026-01-18 17:58:46,789 - src.silver.omie.trades - ERROR - Error processing bronze/omie/trades/2025/trades_202510.zip: no existe la columna «fecha_str» en la relación «trades»

2026-01-18 17:59:18,633 - numexpr.utils - INFO - NumExpr defaulting to 8 threads.
2026-01-18 17:59:20,154 - src.bronze.omie.trades - INFO - File bronze/omie/trades/2025/trades_202510.zip already exists. Skipping.
2026-01-18 17:59:20,446 - src.silver.omie.trades - INFO - Extracting trades_20251001.1 from trades_202510.zip
2026-01-18 17:59:20,796 - src.silver.omie.trades - INFO - Parsed DataFrame shape: (35820, 13)
2026-01-18 17:59:21,011 - src.common.filesystem - INFO - Saved file to C:\Users\janvi\Documents\ProyectoWEB\local_data\silver/omie/trades/2025/10/20251001.parquet
2026-01-18 17:59:21,621 - src.common.database - ERROR - Error during bulk insert into omie.trades: no existe la columna «fecha_str» en la relación «trades»

2026-01-18 17:59:21,621 - src.silver.omie.trades - ERROR - Error processing bronze/omie/trades/2025/trades_202510.zip: no existe la columna «fecha_str» en la relación «trades»

2026-01-18 17:59:54,677 - numexpr.utils - INFO - NumExpr defaulting to 8 threads.
2026-01-18 17:59:55,775 - src.bronze.omie.trades - INFO - File bronze/omie/trades/2025/trades_202510.zip already exists. Skipping.
2026-01-18 17:59:56,098 - src.silver.omie.trades - INFO - Extracting trades_20251001.1 from trades_202510.zip
2026-01-18 17:59:56,614 - src.silver.omie.trades - INFO - Parsed DataFrame shape: (35820, 12)
2026-01-18 17:59:56,804 - src.common.filesystem - INFO - Saved file to C:\Users\janvi\Documents\ProyectoWEB\local_data\silver/omie/trades/2025/10/20251001.parquet
2026-01-18 17:59:57,764 - src.common.database - INFO - Inserted 27951 rows into 'omie.trades'.
2026-01-18 17:59:57,766 - src.silver.omie.trades - INFO - Processed trades for 20251001
2026-01-18 18:03:09,821 - numexpr.utils - INFO - NumExpr defaulting to 8 threads.
2026-01-18 18:03:10,977 - src.bronze.omie.trades - INFO - File bronze/omie/trades/2025/trades_202510.zip already exists. Skipping.
2026-01-18 18:03:11,233 - src.silver.omie.trades - INFO - Extracting trades_20251001.1 from trades_202510.zip
2026-01-18 18:03:11,365 - src.silver.omie.trades - INFO - Normalized columns: ['fecha', 'contrato', 'agente_compra', 'unidad_compra', 'zona_compra', 'agente_venta', 'unidad_venta', 'zona_venta', 'precio', 'cantidad', 'momento_casación', 'unnamed:_11']
2026-01-18 18:03:11,962 - src.silver.omie.trades - INFO - Parsed DataFrame shape: (35820, 12)
2026-01-18 18:03:12,144 - src.common.filesystem - INFO - Saved file to C:\Users\janvi\Documents\ProyectoWEB\local_data\silver/omie/trades/2025/10/20251001.parquet
2026-01-18 18:03:13,626 - src.common.database - INFO - Inserted 27951 rows into 'omie.trades'.
2026-01-18 18:03:13,631 - src.silver.omie.trades - INFO - Processed trades for 20251001
2026-01-18 18:03:52,026 - numexpr.utils - INFO - NumExpr defaulting to 8 threads.
2026-01-18 18:03:53,286 - src.bronze.omie.trades - INFO - File bronze/omie/trades/2025/trades_202510.zip already exists. Skipping.
2026-01-18 18:03:53,617 - src.silver.omie.trades - INFO - Extracting trades_20251001.1 from trades_202510.zip
2026-01-18 18:03:53,835 - src.silver.omie.trades - INFO - Normalized columns: ['fecha', 'contrato', 'agente_compra', 'unidad_compra', 'zona_compra', 'agente_venta', 'unidad_venta', 'zona_venta', 'precio', 'cantidad', 'momento_casación', 'unnamed:_11']
2026-01-18 18:03:53,846 - src.silver.omie.trades - INFO - First row raw:         fecha                       contrato agente_compra unidad_compra       zona_compra agente_venta unidad_venta zona_venta  precio cantidad     momento_casación  unnamed:_11
0  01/10/2025  20251001 00:00-20251001 00:15         GRTEN       GRTEC01  10YES-REE------0          NaN          NaN        NaN  104,01     0,50  30/09/2025 22:22:29          NaN
2026-01-18 18:03:54,271 - src.silver.omie.trades - INFO - Parsed DataFrame shape: (35820, 12)
2026-01-18 18:03:54,607 - src.common.filesystem - INFO - Saved file to C:\Users\janvi\Documents\ProyectoWEB\local_data\silver/omie/trades/2025/10/20251001.parquet
2026-01-18 18:04:00,656 - src.common.database - INFO - Inserted 27951 rows into 'omie.trades'.
2026-01-18 18:04:00,658 - src.silver.omie.trades - INFO - Processed trades for 20251001
2026-01-18 18:05:47,211 - numexpr.utils - INFO - NumExpr defaulting to 8 threads.
2026-01-18 18:05:48,709 - src.bronze.omie.trades - INFO - File bronze/omie/trades/2025/trades_202510.zip already exists. Skipping.
2026-01-18 18:05:49,018 - src.silver.omie.trades - INFO - Extracting trades_20251001.1 from trades_202510.zip
2026-01-18 18:05:49,661 - src.common.filesystem - INFO - Saved file to C:\Users\janvi\Documents\ProyectoWEB\local_data\silver/omie/trades/2025/10/20251001.parquet
2026-01-18 18:05:51,627 - src.common.database - INFO - Inserted 30129 rows into 'omie.trades'.
2026-01-18 18:05:51,631 - src.silver.omie.trades - INFO - Processed trades for 20251001
