[2026-01-22T18:27:44.420+0000] {local_task_job_runner.py:120} INFO - ::group::Pre task execution logs
[2026-01-22T18:27:44.669+0000] {taskinstance.py:2076} INFO - Dependencies all met for dep_context=non-requeueable deps ti=<TaskInstance: esios_liquicomun_pipeline.download_bronze scheduled__2026-01-21T08:00:00+00:00 [queued]>
[2026-01-22T18:27:44.725+0000] {taskinstance.py:2076} INFO - Dependencies all met for dep_context=requeueable deps ti=<TaskInstance: esios_liquicomun_pipeline.download_bronze scheduled__2026-01-21T08:00:00+00:00 [queued]>
[2026-01-22T18:27:44.731+0000] {taskinstance.py:2306} INFO - Starting attempt 1 of 2
[2026-01-22T18:27:44.815+0000] {taskinstance.py:2330} INFO - Executing <Task(PythonOperator): download_bronze> on 2026-01-21 08:00:00+00:00
[2026-01-22T18:27:44.857+0000] {standard_task_runner.py:63} INFO - Started process 206 to run task
[2026-01-22T18:27:44.880+0000] {standard_task_runner.py:90} INFO - Running: ['***', 'tasks', 'run', 'esios_liquicomun_pipeline', 'download_bronze', 'scheduled__2026-01-21T08:00:00+00:00', '--job-id', '125', '--raw', '--subdir', 'DAGS_FOLDER/esios_dag.py', '--cfg-path', '/tmp/tmp09s_0y7y']
[2026-01-22T18:27:44.898+0000] {standard_task_runner.py:91} INFO - Job 125: Subtask download_bronze
[2026-01-22T18:27:45.367+0000] {task_command.py:426} INFO - Running <TaskInstance: esios_liquicomun_pipeline.download_bronze scheduled__2026-01-21T08:00:00+00:00 [running]> on host 2aff4151de2d
[2026-01-22T18:27:45.976+0000] {taskinstance.py:2648} INFO - Exporting env vars: AIRFLOW_CTX_DAG_OWNER='***' AIRFLOW_CTX_DAG_ID='esios_liquicomun_pipeline' AIRFLOW_CTX_TASK_ID='download_bronze' AIRFLOW_CTX_EXECUTION_DATE='2026-01-21T08:00:00+00:00' AIRFLOW_CTX_TRY_NUMBER='1' AIRFLOW_CTX_DAG_RUN_ID='scheduled__2026-01-21T08:00:00+00:00'
[2026-01-22T18:27:45.985+0000] {taskinstance.py:430} INFO - ::endgroup::
[2026-01-22T18:27:46.052+0000] {logging_mixin.py:188} INFO - Downloading from 2026-01-21 08:00:00+00:00 to 2026-01-21 08:00:00+00:00
[2026-01-22T18:27:46.056+0000] {liquicomun.py:44} INFO - Checking/Downloading Liquicomun ID 2 for 2026-01-21...
[2026-01-22T18:27:46.649+0000] {client.py:62} INFO - Archive 2 for 2026-01-21 08:00:00+00:00 seems empty (50 bytes).
[2026-01-22T18:27:46.661+0000] {liquicomun.py:44} INFO - Checking/Downloading Liquicomun ID 3 for 2026-01-21...
[2026-01-22T18:27:49.511+0000] {filesystem.py:48} INFO - Saved file to /opt/***/local_data/bronze/liquicomun/2026/01/esios_3_20260121.zip
[2026-01-22T18:27:49.521+0000] {liquicomun.py:59} INFO - Stored: bronze/liquicomun/2026/01/esios_3_20260121.zip
[2026-01-22T18:27:49.532+0000] {liquicomun.py:44} INFO - Checking/Downloading Liquicomun ID 4 for 2026-01-21...
[2026-01-22T18:27:50.019+0000] {client.py:62} INFO - Archive 4 for 2026-01-21 08:00:00+00:00 seems empty (50 bytes).
[2026-01-22T18:27:50.044+0000] {liquicomun.py:44} INFO - Checking/Downloading Liquicomun ID 5 for 2026-01-21...
[2026-01-22T18:27:50.586+0000] {client.py:62} INFO - Archive 5 for 2026-01-21 08:00:00+00:00 seems empty (50 bytes).
[2026-01-22T18:27:50.604+0000] {liquicomun.py:44} INFO - Checking/Downloading Liquicomun ID 6 for 2026-01-21...
[2026-01-22T18:27:51.148+0000] {client.py:62} INFO - Archive 6 for 2026-01-21 08:00:00+00:00 seems empty (50 bytes).
[2026-01-22T18:27:51.166+0000] {liquicomun.py:44} INFO - Checking/Downloading Liquicomun ID 7 for 2026-01-21...
[2026-01-22T18:27:51.863+0000] {client.py:62} INFO - Archive 7 for 2026-01-21 08:00:00+00:00 seems empty (50 bytes).
[2026-01-22T18:27:51.885+0000] {liquicomun.py:44} INFO - Checking/Downloading Liquicomun ID 8 for 2026-01-21...
[2026-01-22T18:27:52.364+0000] {client.py:62} INFO - Archive 8 for 2026-01-21 08:00:00+00:00 seems empty (50 bytes).
[2026-01-22T18:27:52.401+0000] {liquicomun.py:44} INFO - Checking/Downloading Liquicomun ID 9 for 2026-01-21...
[2026-01-22T18:27:52.887+0000] {client.py:62} INFO - Archive 9 for 2026-01-21 08:00:00+00:00 seems empty (50 bytes).
[2026-01-22T18:27:52.903+0000] {liquicomun.py:44} INFO - Checking/Downloading Liquicomun ID 10 for 2026-01-21...
[2026-01-22T18:27:53.507+0000] {client.py:62} INFO - Archive 10 for 2026-01-21 08:00:00+00:00 seems empty (50 bytes).
[2026-01-22T18:27:53.537+0000] {liquicomun.py:44} INFO - Checking/Downloading Liquicomun ID 11 for 2026-01-21...
[2026-01-22T18:27:54.222+0000] {client.py:62} INFO - Archive 11 for 2026-01-21 08:00:00+00:00 seems empty (50 bytes).
[2026-01-22T18:27:54.327+0000] {python.py:237} INFO - Done. Returned value was: {'start': '2026-01-21', 'end': '2026-01-21'}
[2026-01-22T18:27:54.330+0000] {taskinstance.py:441} INFO - ::group::Post task execution logs
[2026-01-22T18:27:54.438+0000] {taskinstance.py:1206} INFO - Marking task as SUCCESS. dag_id=esios_liquicomun_pipeline, task_id=download_bronze, run_id=scheduled__2026-01-21T08:00:00+00:00, execution_date=20260121T080000, start_date=20260122T182744, end_date=20260122T182754
[2026-01-22T18:27:54.569+0000] {local_task_job_runner.py:240} INFO - Task exited with return code 0
[2026-01-22T18:27:54.673+0000] {taskinstance.py:3503} INFO - 1 downstream tasks scheduled from follow-on schedule check
[2026-01-22T18:27:54.679+0000] {local_task_job_runner.py:222} INFO - ::endgroup::
