[2026-01-23T16:09:57.122+0000] {local_task_job_runner.py:120} INFO - ::group::Pre task execution logs
[2026-01-23T16:09:57.298+0000] {taskinstance.py:2076} INFO - Dependencies all met for dep_context=non-requeueable deps ti=<TaskInstance: esios_liquicomun_pipeline.ingest_silver scheduled__2026-01-22T08:00:00+00:00 [queued]>
[2026-01-23T16:09:57.338+0000] {taskinstance.py:2076} INFO - Dependencies all met for dep_context=requeueable deps ti=<TaskInstance: esios_liquicomun_pipeline.ingest_silver scheduled__2026-01-22T08:00:00+00:00 [queued]>
[2026-01-23T16:09:57.345+0000] {taskinstance.py:2306} INFO - Starting attempt 1 of 2
[2026-01-23T16:09:57.436+0000] {taskinstance.py:2330} INFO - Executing <Task(PythonOperator): ingest_silver> on 2026-01-22 08:00:00+00:00
[2026-01-23T16:09:57.448+0000] {standard_task_runner.py:63} INFO - Started process 280 to run task
[2026-01-23T16:09:57.493+0000] {standard_task_runner.py:90} INFO - Running: ['***', 'tasks', 'run', 'esios_liquicomun_pipeline', 'ingest_silver', 'scheduled__2026-01-22T08:00:00+00:00', '--job-id', '185', '--raw', '--subdir', 'DAGS_FOLDER/esios_dag.py', '--cfg-path', '/tmp/tmpmti_xwic']
[2026-01-23T16:09:57.523+0000] {standard_task_runner.py:91} INFO - Job 185: Subtask ingest_silver
[2026-01-23T16:09:57.975+0000] {task_command.py:426} INFO - Running <TaskInstance: esios_liquicomun_pipeline.ingest_silver scheduled__2026-01-22T08:00:00+00:00 [running]> on host 2aff4151de2d
[2026-01-23T16:09:58.579+0000] {taskinstance.py:2648} INFO - Exporting env vars: AIRFLOW_CTX_DAG_OWNER='***' AIRFLOW_CTX_DAG_ID='esios_liquicomun_pipeline' AIRFLOW_CTX_TASK_ID='ingest_silver' AIRFLOW_CTX_EXECUTION_DATE='2026-01-22T08:00:00+00:00' AIRFLOW_CTX_TRY_NUMBER='1' AIRFLOW_CTX_DAG_RUN_ID='scheduled__2026-01-22T08:00:00+00:00'
[2026-01-23T16:09:58.583+0000] {taskinstance.py:430} INFO - ::endgroup::
[2026-01-23T16:09:58.817+0000] {logging_mixin.py:188} INFO - Ingesting Silver for 2026-01-22 00:00:00 - 2026-01-22 00:00:00
[2026-01-23T16:09:58.839+0000] {liquicomun_parquet.py:46} INFO - Ingesting bronze/liquicomun/2026/01/esios_3_20260122.zip to Parquet...
[2026-01-23T16:09:59.807+0000] {liquicomun_parquet.py:73} INFO -   Processing A2_enrttrba_20260101_20260131 -> enrttrba
[2026-01-23T16:10:00.475+0000] {filesystem.py:48} INFO - Saved file to /opt/***/local_data/silver/liquicomun/2026/01/A2_enrttrba_20260101_20260131.parquet
[2026-01-23T16:10:00.477+0000] {liquicomun_parquet.py:150} INFO -     Saved Parquet: silver/liquicomun/2026/01/A2_enrttrba_20260101_20260131.parquet
[2026-01-23T16:10:00.481+0000] {liquicomun_parquet.py:73} INFO -   Processing A2_enrttrsu_20260101_20260131 -> enrttrsu
[2026-01-23T16:10:00.719+0000] {filesystem.py:48} INFO - Saved file to /opt/***/local_data/silver/liquicomun/2026/01/A2_enrttrsu_20260101_20260131.parquet
[2026-01-23T16:10:00.723+0000] {liquicomun_parquet.py:150} INFO -     Saved Parquet: silver/liquicomun/2026/01/A2_enrttrsu_20260101_20260131.parquet
[2026-01-23T16:10:00.725+0000] {liquicomun_parquet.py:73} INFO -   Processing A2_ensecqhba_20260101_20260131 -> ensecqhba
[2026-01-23T16:10:01.110+0000] {filesystem.py:48} INFO - Saved file to /opt/***/local_data/silver/liquicomun/2026/01/A2_ensecqhba_20260101_20260131.parquet
[2026-01-23T16:10:01.111+0000] {liquicomun_parquet.py:150} INFO -     Saved Parquet: silver/liquicomun/2026/01/A2_ensecqhba_20260101_20260131.parquet
[2026-01-23T16:10:01.116+0000] {liquicomun_parquet.py:73} INFO -   Processing A2_ensecqhsu_20260101_20260131 -> ensecqhsu
[2026-01-23T16:10:01.238+0000] {filesystem.py:48} INFO - Saved file to /opt/***/local_data/silver/liquicomun/2026/01/A2_ensecqhsu_20260101_20260131.parquet
[2026-01-23T16:10:01.239+0000] {liquicomun_parquet.py:150} INFO -     Saved Parquet: silver/liquicomun/2026/01/A2_ensecqhsu_20260101_20260131.parquet
[2026-01-23T16:10:01.241+0000] {liquicomun_parquet.py:73} INFO -   Processing A2_enterqhba_20260101_20260131 -> enterqhba
[2026-01-23T16:10:01.365+0000] {filesystem.py:48} INFO - Saved file to /opt/***/local_data/silver/liquicomun/2026/01/A2_enterqhba_20260101_20260131.parquet
[2026-01-23T16:10:01.367+0000] {liquicomun_parquet.py:150} INFO -     Saved Parquet: silver/liquicomun/2026/01/A2_enterqhba_20260101_20260131.parquet
[2026-01-23T16:10:01.370+0000] {liquicomun_parquet.py:73} INFO -   Processing A2_enterqhsu_20260101_20260131 -> enterqhsu
[2026-01-23T16:10:01.456+0000] {filesystem.py:48} INFO - Saved file to /opt/***/local_data/silver/liquicomun/2026/01/A2_enterqhsu_20260101_20260131.parquet
[2026-01-23T16:10:01.458+0000] {liquicomun_parquet.py:150} INFO -     Saved Parquet: silver/liquicomun/2026/01/A2_enterqhsu_20260101_20260131.parquet
[2026-01-23T16:10:01.460+0000] {liquicomun_parquet.py:73} INFO -   Processing A2_prdvbaqh_20260101_20260131 -> prdvbaqh
[2026-01-23T16:10:01.555+0000] {filesystem.py:48} INFO - Saved file to /opt/***/local_data/silver/liquicomun/2026/01/A2_prdvbaqh_20260101_20260131.parquet
[2026-01-23T16:10:01.564+0000] {liquicomun_parquet.py:150} INFO -     Saved Parquet: silver/liquicomun/2026/01/A2_prdvbaqh_20260101_20260131.parquet
[2026-01-23T16:10:01.565+0000] {liquicomun_parquet.py:73} INFO -   Processing A2_prdvdatos_20260101_20260131 -> prdvdatos
[2026-01-23T16:10:01.828+0000] {filesystem.py:48} INFO - Saved file to /opt/***/local_data/silver/liquicomun/2026/01/A2_prdvdatos_20260101_20260131.parquet
[2026-01-23T16:10:01.829+0000] {liquicomun_parquet.py:150} INFO -     Saved Parquet: silver/liquicomun/2026/01/A2_prdvdatos_20260101_20260131.parquet
[2026-01-23T16:10:01.830+0000] {liquicomun_parquet.py:73} INFO -   Processing A2_prdvsuqh_20260101_20260131 -> prdvsuqh
[2026-01-23T16:10:01.942+0000] {filesystem.py:48} INFO - Saved file to /opt/***/local_data/silver/liquicomun/2026/01/A2_prdvsuqh_20260101_20260131.parquet
[2026-01-23T16:10:01.945+0000] {liquicomun_parquet.py:150} INFO -     Saved Parquet: silver/liquicomun/2026/01/A2_prdvsuqh_20260101_20260131.parquet
[2026-01-23T16:10:01.955+0000] {python.py:237} INFO - Done. Returned value was: {'start': '2026-01-22', 'end': '2026-01-22'}
[2026-01-23T16:10:01.957+0000] {taskinstance.py:441} INFO - ::group::Post task execution logs
[2026-01-23T16:10:02.065+0000] {taskinstance.py:1206} INFO - Marking task as SUCCESS. dag_id=esios_liquicomun_pipeline, task_id=ingest_silver, run_id=scheduled__2026-01-22T08:00:00+00:00, execution_date=20260122T080000, start_date=20260123T160957, end_date=20260123T161002
[2026-01-23T16:10:02.281+0000] {local_task_job_runner.py:240} INFO - Task exited with return code 0
[2026-01-23T16:10:02.339+0000] {taskinstance.py:3503} INFO - 1 downstream tasks scheduled from follow-on schedule check
[2026-01-23T16:10:02.347+0000] {local_task_job_runner.py:222} INFO - ::endgroup::
