[2026-01-20T20:26:24.513+0000] {local_task_job_runner.py:120} INFO - ::group::Pre task execution logs
[2026-01-20T20:26:24.543+0000] {taskinstance.py:2076} INFO - Dependencies all met for dep_context=non-requeueable deps ti=<TaskInstance: esios_liquicomun_pipeline.download_bronze manual__2026-01-20T20:26:23.439457+00:00 [queued]>
[2026-01-20T20:26:24.552+0000] {taskinstance.py:2076} INFO - Dependencies all met for dep_context=requeueable deps ti=<TaskInstance: esios_liquicomun_pipeline.download_bronze manual__2026-01-20T20:26:23.439457+00:00 [queued]>
[2026-01-20T20:26:24.554+0000] {taskinstance.py:2306} INFO - Starting attempt 1 of 2
[2026-01-20T20:26:24.567+0000] {taskinstance.py:2330} INFO - Executing <Task(PythonOperator): download_bronze> on 2026-01-20 20:26:23.439457+00:00
[2026-01-20T20:26:24.573+0000] {standard_task_runner.py:63} INFO - Started process 202 to run task
[2026-01-20T20:26:24.577+0000] {standard_task_runner.py:90} INFO - Running: ['***', 'tasks', 'run', 'esios_liquicomun_pipeline', 'download_bronze', 'manual__2026-01-20T20:26:23.439457+00:00', '--job-id', '77', '--raw', '--subdir', 'DAGS_FOLDER/esios_dag.py', '--cfg-path', '/tmp/tmp6jn6tng2']
[2026-01-20T20:26:24.580+0000] {standard_task_runner.py:91} INFO - Job 77: Subtask download_bronze
[2026-01-20T20:26:24.665+0000] {task_command.py:426} INFO - Running <TaskInstance: esios_liquicomun_pipeline.download_bronze manual__2026-01-20T20:26:23.439457+00:00 [running]> on host 2aff4151de2d
[2026-01-20T20:26:24.767+0000] {taskinstance.py:2648} INFO - Exporting env vars: AIRFLOW_CTX_DAG_OWNER='***' AIRFLOW_CTX_DAG_ID='esios_liquicomun_pipeline' AIRFLOW_CTX_TASK_ID='download_bronze' AIRFLOW_CTX_EXECUTION_DATE='2026-01-20T20:26:23.439457+00:00' AIRFLOW_CTX_TRY_NUMBER='1' AIRFLOW_CTX_DAG_RUN_ID='manual__2026-01-20T20:26:23.439457+00:00'
[2026-01-20T20:26:24.769+0000] {taskinstance.py:430} INFO - ::endgroup::
[2026-01-20T20:26:24.807+0000] {logging_mixin.py:188} INFO - Downloading from 2026-01-20 20:26:23.439457+00:00 to 2026-01-20 20:26:23.439457+00:00
[2026-01-20T20:26:24.808+0000] {liquicomun.py:44} INFO - Checking/Downloading Liquicomun ID 2 for 2026-01-20...
[2026-01-20T20:26:25.115+0000] {client.py:62} INFO - Archive 2 for 2026-01-20 20:26:23.439457+00:00 seems empty (50 bytes).
[2026-01-20T20:26:25.117+0000] {liquicomun.py:44} INFO - Checking/Downloading Liquicomun ID 3 for 2026-01-20...
[2026-01-20T20:26:26.148+0000] {filesystem.py:48} INFO - Saved file to /opt/***/local_data/bronze/liquicomun/2026/01/esios_3_20260120.zip
[2026-01-20T20:26:26.148+0000] {liquicomun.py:59} INFO - Stored: bronze/liquicomun/2026/01/esios_3_20260120.zip
[2026-01-20T20:26:26.152+0000] {liquicomun.py:44} INFO - Checking/Downloading Liquicomun ID 4 for 2026-01-20...
[2026-01-20T20:26:26.428+0000] {client.py:62} INFO - Archive 4 for 2026-01-20 20:26:23.439457+00:00 seems empty (50 bytes).
[2026-01-20T20:26:26.434+0000] {liquicomun.py:44} INFO - Checking/Downloading Liquicomun ID 5 for 2026-01-20...
[2026-01-20T20:26:26.689+0000] {client.py:62} INFO - Archive 5 for 2026-01-20 20:26:23.439457+00:00 seems empty (50 bytes).
[2026-01-20T20:26:26.714+0000] {liquicomun.py:44} INFO - Checking/Downloading Liquicomun ID 6 for 2026-01-20...
[2026-01-20T20:26:27.010+0000] {client.py:62} INFO - Archive 6 for 2026-01-20 20:26:23.439457+00:00 seems empty (50 bytes).
[2026-01-20T20:26:27.019+0000] {liquicomun.py:44} INFO - Checking/Downloading Liquicomun ID 7 for 2026-01-20...
[2026-01-20T20:26:27.353+0000] {client.py:62} INFO - Archive 7 for 2026-01-20 20:26:23.439457+00:00 seems empty (50 bytes).
[2026-01-20T20:26:27.377+0000] {liquicomun.py:44} INFO - Checking/Downloading Liquicomun ID 8 for 2026-01-20...
[2026-01-20T20:26:27.666+0000] {client.py:62} INFO - Archive 8 for 2026-01-20 20:26:23.439457+00:00 seems empty (50 bytes).
[2026-01-20T20:26:27.674+0000] {liquicomun.py:44} INFO - Checking/Downloading Liquicomun ID 9 for 2026-01-20...
[2026-01-20T20:26:27.925+0000] {client.py:62} INFO - Archive 9 for 2026-01-20 20:26:23.439457+00:00 seems empty (50 bytes).
[2026-01-20T20:26:27.930+0000] {liquicomun.py:44} INFO - Checking/Downloading Liquicomun ID 10 for 2026-01-20...
[2026-01-20T20:26:28.245+0000] {client.py:62} INFO - Archive 10 for 2026-01-20 20:26:23.439457+00:00 seems empty (50 bytes).
[2026-01-20T20:26:28.252+0000] {liquicomun.py:44} INFO - Checking/Downloading Liquicomun ID 11 for 2026-01-20...
[2026-01-20T20:26:28.490+0000] {client.py:62} INFO - Archive 11 for 2026-01-20 20:26:23.439457+00:00 seems empty (50 bytes).
[2026-01-20T20:26:28.535+0000] {python.py:237} INFO - Done. Returned value was: {'start': '2026-01-20', 'end': '2026-01-20'}
[2026-01-20T20:26:28.536+0000] {taskinstance.py:441} INFO - ::group::Post task execution logs
[2026-01-20T20:26:28.560+0000] {taskinstance.py:1206} INFO - Marking task as SUCCESS. dag_id=esios_liquicomun_pipeline, task_id=download_bronze, run_id=manual__2026-01-20T20:26:23.439457+00:00, execution_date=20260120T202623, start_date=20260120T202624, end_date=20260120T202628
[2026-01-20T20:26:28.626+0000] {local_task_job_runner.py:240} INFO - Task exited with return code 0
[2026-01-20T20:26:28.649+0000] {taskinstance.py:3503} INFO - 1 downstream tasks scheduled from follow-on schedule check
[2026-01-20T20:26:28.652+0000] {local_task_job_runner.py:222} INFO - ::endgroup::
