[2026-01-20T18:55:07.946+0000] {local_task_job_runner.py:120} INFO - ::group::Pre task execution logs
[2026-01-20T18:55:07.974+0000] {taskinstance.py:2076} INFO - Dependencies all met for dep_context=non-requeueable deps ti=<TaskInstance: trades_pipeline.process_trades scheduled__2026-01-19T10:00:00+00:00 [queued]>
[2026-01-20T18:55:07.982+0000] {taskinstance.py:2076} INFO - Dependencies all met for dep_context=requeueable deps ti=<TaskInstance: trades_pipeline.process_trades scheduled__2026-01-19T10:00:00+00:00 [queued]>
[2026-01-20T18:55:07.984+0000] {taskinstance.py:2306} INFO - Starting attempt 1 of 2
[2026-01-20T18:55:07.994+0000] {taskinstance.py:2330} INFO - Executing <Task(PythonOperator): process_trades> on 2026-01-19 10:00:00+00:00
[2026-01-20T18:55:07.999+0000] {standard_task_runner.py:63} INFO - Started process 757 to run task
[2026-01-20T18:55:08.002+0000] {standard_task_runner.py:90} INFO - Running: ['***', 'tasks', 'run', 'trades_pipeline', 'process_trades', 'scheduled__2026-01-19T10:00:00+00:00', '--job-id', '25', '--raw', '--subdir', 'DAGS_FOLDER/trades_dag.py', '--cfg-path', '/tmp/tmp173a8b73']
[2026-01-20T18:55:08.005+0000] {standard_task_runner.py:91} INFO - Job 25: Subtask process_trades
[2026-01-20T18:55:08.082+0000] {task_command.py:426} INFO - Running <TaskInstance: trades_pipeline.process_trades scheduled__2026-01-19T10:00:00+00:00 [running]> on host d1a9e72e2525
[2026-01-20T18:55:08.157+0000] {taskinstance.py:2648} INFO - Exporting env vars: AIRFLOW_CTX_DAG_OWNER='***' AIRFLOW_CTX_DAG_ID='trades_pipeline' AIRFLOW_CTX_TASK_ID='process_trades' AIRFLOW_CTX_EXECUTION_DATE='2026-01-19T10:00:00+00:00' AIRFLOW_CTX_TRY_NUMBER='1' AIRFLOW_CTX_DAG_RUN_ID='scheduled__2026-01-19T10:00:00+00:00'
[2026-01-20T18:55:08.159+0000] {taskinstance.py:430} INFO - ::endgroup::
[2026-01-20T18:55:08.169+0000] {trades.py:132} ERROR - Error creating table: (psycopg2.OperationalError) connection to server at "localhost" (::1), port 5432 failed: Connection refused
	Is the server running on that host and accepting TCP/IP connections?
connection to server at "localhost" (127.0.0.1), port 5432 failed: Connection refused
	Is the server running on that host and accepting TCP/IP connections?

(Background on this error at: https://sqlalche.me/e/14/e3q8)
[2026-01-20T18:55:08.234+0000] {python.py:237} INFO - Done. Returned value was: None
[2026-01-20T18:55:08.235+0000] {taskinstance.py:441} INFO - ::group::Post task execution logs
[2026-01-20T18:55:08.246+0000] {taskinstance.py:1206} INFO - Marking task as SUCCESS. dag_id=trades_pipeline, task_id=process_trades, run_id=scheduled__2026-01-19T10:00:00+00:00, execution_date=20260119T100000, start_date=20260120T185507, end_date=20260120T185508
[2026-01-20T18:55:08.296+0000] {local_task_job_runner.py:240} INFO - Task exited with return code 0
[2026-01-20T18:55:08.315+0000] {taskinstance.py:3503} INFO - 0 downstream tasks scheduled from follow-on schedule check
[2026-01-20T18:55:08.331+0000] {local_task_job_runner.py:222} INFO - ::endgroup::
