[2026-01-22T18:27:38.612+0000] {local_task_job_runner.py:120} INFO - ::group::Pre task execution logs
[2026-01-22T18:27:39.089+0000] {taskinstance.py:2076} INFO - Dependencies all met for dep_context=non-requeueable deps ti=<TaskInstance: omie_pipeline.download_pdbc scheduled__2026-01-21T08:30:00+00:00 [queued]>
[2026-01-22T18:27:39.185+0000] {taskinstance.py:2076} INFO - Dependencies all met for dep_context=requeueable deps ti=<TaskInstance: omie_pipeline.download_pdbc scheduled__2026-01-21T08:30:00+00:00 [queued]>
[2026-01-22T18:27:39.199+0000] {taskinstance.py:2306} INFO - Starting attempt 1 of 2
[2026-01-22T18:27:39.338+0000] {taskinstance.py:2330} INFO - Executing <Task(PythonOperator): download_pdbc> on 2026-01-21 08:30:00+00:00
[2026-01-22T18:27:39.397+0000] {standard_task_runner.py:63} INFO - Started process 200 to run task
[2026-01-22T18:27:39.455+0000] {standard_task_runner.py:90} INFO - Running: ['***', 'tasks', 'run', 'omie_pipeline', 'download_pdbc', 'scheduled__2026-01-21T08:30:00+00:00', '--job-id', '124', '--raw', '--subdir', 'DAGS_FOLDER/omie_dag.py', '--cfg-path', '/tmp/tmp1011ef8s']
[2026-01-22T18:27:39.484+0000] {standard_task_runner.py:91} INFO - Job 124: Subtask download_pdbc
[2026-01-22T18:27:39.989+0000] {task_command.py:426} INFO - Running <TaskInstance: omie_pipeline.download_pdbc scheduled__2026-01-21T08:30:00+00:00 [running]> on host 2aff4151de2d
[2026-01-22T18:27:40.922+0000] {taskinstance.py:2648} INFO - Exporting env vars: AIRFLOW_CTX_DAG_OWNER='***' AIRFLOW_CTX_DAG_ID='omie_pipeline' AIRFLOW_CTX_TASK_ID='download_pdbc' AIRFLOW_CTX_EXECUTION_DATE='2026-01-21T08:30:00+00:00' AIRFLOW_CTX_TRY_NUMBER='1' AIRFLOW_CTX_DAG_RUN_ID='scheduled__2026-01-21T08:30:00+00:00'
[2026-01-22T18:27:40.926+0000] {taskinstance.py:430} INFO - ::endgroup::
[2026-01-22T18:27:41.015+0000] {logging_mixin.py:188} INFO - Downloading download_pdbc from 2026-01-21 08:30:00 to 2026-01-21 08:30:00
[2026-01-22T18:27:41.028+0000] {pdbc.py:48} INFO - File bronze/omie/pdbc/2025/pdbc_202501.zip already exists (past month). Skipping.
[2026-01-22T18:27:41.040+0000] {pdbc.py:48} INFO - File bronze/omie/pdbc/2025/pdbc_202502.zip already exists (past month). Skipping.
[2026-01-22T18:27:41.047+0000] {pdbc.py:48} INFO - File bronze/omie/pdbc/2025/pdbc_202503.zip already exists (past month). Skipping.
[2026-01-22T18:27:41.057+0000] {pdbc.py:48} INFO - File bronze/omie/pdbc/2025/pdbc_202504.zip already exists (past month). Skipping.
[2026-01-22T18:27:41.065+0000] {pdbc.py:48} INFO - File bronze/omie/pdbc/2025/pdbc_202505.zip already exists (past month). Skipping.
[2026-01-22T18:27:41.073+0000] {pdbc.py:48} INFO - File bronze/omie/pdbc/2025/pdbc_202506.zip already exists (past month). Skipping.
[2026-01-22T18:27:41.080+0000] {pdbc.py:48} INFO - File bronze/omie/pdbc/2025/pdbc_202507.zip already exists (past month). Skipping.
[2026-01-22T18:27:41.090+0000] {pdbc.py:48} INFO - File bronze/omie/pdbc/2025/pdbc_202508.zip already exists (past month). Skipping.
[2026-01-22T18:27:41.101+0000] {pdbc.py:48} INFO - File bronze/omie/pdbc/2025/pdbc_202509.zip already exists (past month). Skipping.
[2026-01-22T18:27:41.121+0000] {pdbc.py:48} INFO - File bronze/omie/pdbc/2025/pdbc_202510.zip already exists (past month). Skipping.
[2026-01-22T18:27:41.139+0000] {omie_client.py:64} INFO - Downloading pdbc_202511.zip from OMIE...
[2026-01-22T18:27:41.871+0000] {omie_client.py:68} INFO - File pdbc_202511.zip not found (404).
[2026-01-22T18:27:41.887+0000] {pdbc.py:56} WARNING - Failed to download pdbc_202511.zip
[2026-01-22T18:27:41.926+0000] {omie_client.py:64} INFO - Downloading pdbc_202512.zip from OMIE...
[2026-01-22T18:27:42.708+0000] {omie_client.py:68} INFO - File pdbc_202512.zip not found (404).
[2026-01-22T18:27:42.718+0000] {pdbc.py:56} WARNING - Failed to download pdbc_202512.zip
[2026-01-22T18:27:42.743+0000] {omie_client.py:64} INFO - Downloading pdbc_202601.zip from OMIE...
[2026-01-22T18:27:43.481+0000] {omie_client.py:68} INFO - File pdbc_202601.zip not found (404).
[2026-01-22T18:27:43.485+0000] {pdbc.py:56} WARNING - Failed to download pdbc_202601.zip
[2026-01-22T18:27:43.498+0000] {python.py:237} INFO - Done. Returned value was: {'start': '2025-01-01', 'end': '2026-01-21'}
[2026-01-22T18:27:43.500+0000] {taskinstance.py:441} INFO - ::group::Post task execution logs
[2026-01-22T18:27:43.644+0000] {taskinstance.py:1206} INFO - Marking task as SUCCESS. dag_id=omie_pipeline, task_id=download_pdbc, run_id=scheduled__2026-01-21T08:30:00+00:00, execution_date=20260121T083000, start_date=20260122T182739, end_date=20260122T182743
[2026-01-22T18:27:43.851+0000] {local_task_job_runner.py:240} INFO - Task exited with return code 0
[2026-01-22T18:27:43.916+0000] {local_task_job_runner.py:222} INFO - ::endgroup::
