[2026-01-22T18:30:01.860+0000] {local_task_job_runner.py:120} INFO - ::group::Pre task execution logs
[2026-01-22T18:30:02.117+0000] {taskinstance.py:2076} INFO - Dependencies all met for dep_context=non-requeueable deps ti=<TaskInstance: esios_liquicomun_pipeline.ingest_silver manual__2026-01-22T18:29:09.021444+00:00 [queued]>
[2026-01-22T18:30:02.196+0000] {taskinstance.py:2076} INFO - Dependencies all met for dep_context=requeueable deps ti=<TaskInstance: esios_liquicomun_pipeline.ingest_silver manual__2026-01-22T18:29:09.021444+00:00 [queued]>
[2026-01-22T18:30:02.217+0000] {taskinstance.py:2306} INFO - Starting attempt 1 of 2
[2026-01-22T18:30:02.628+0000] {taskinstance.py:2330} INFO - Executing <Task(PythonOperator): ingest_silver> on 2026-01-22 18:29:09.021444+00:00
[2026-01-22T18:30:02.691+0000] {standard_task_runner.py:63} INFO - Started process 435 to run task
[2026-01-22T18:30:02.723+0000] {standard_task_runner.py:90} INFO - Running: ['***', 'tasks', 'run', 'esios_liquicomun_pipeline', 'ingest_silver', 'manual__2026-01-22T18:29:09.021444+00:00', '--job-id', '145', '--raw', '--subdir', 'DAGS_FOLDER/esios_dag.py', '--cfg-path', '/tmp/tmp8qpq90ft']
[2026-01-22T18:30:02.808+0000] {standard_task_runner.py:91} INFO - Job 145: Subtask ingest_silver
[2026-01-22T18:30:03.423+0000] {task_command.py:426} INFO - Running <TaskInstance: esios_liquicomun_pipeline.ingest_silver manual__2026-01-22T18:29:09.021444+00:00 [running]> on host 2aff4151de2d
[2026-01-22T18:30:04.354+0000] {taskinstance.py:2648} INFO - Exporting env vars: AIRFLOW_CTX_DAG_OWNER='***' AIRFLOW_CTX_DAG_ID='esios_liquicomun_pipeline' AIRFLOW_CTX_TASK_ID='ingest_silver' AIRFLOW_CTX_EXECUTION_DATE='2026-01-22T18:29:09.021444+00:00' AIRFLOW_CTX_TRY_NUMBER='1' AIRFLOW_CTX_DAG_RUN_ID='manual__2026-01-22T18:29:09.021444+00:00'
[2026-01-22T18:30:04.362+0000] {taskinstance.py:430} INFO - ::endgroup::
[2026-01-22T18:30:04.612+0000] {logging_mixin.py:188} INFO - Ingesting Silver for 2026-01-22 00:00:00 - 2026-01-22 00:00:00
[2026-01-22T18:30:04.701+0000] {liquicomun_parquet.py:46} INFO - Ingesting bronze/liquicomun/2026/01/esios_3_20260122.zip to Parquet...
[2026-01-22T18:30:05.747+0000] {liquicomun_parquet.py:73} INFO -   Processing A2_enrttrba_20260101_20260131 -> enrttrba
[2026-01-22T18:30:05.847+0000] {liquicomun_parquet.py:104} WARNING -     Column mismatch: Found 4, expected 7
[2026-01-22T18:30:06.176+0000] {filesystem.py:48} INFO - Saved file to /opt/***/local_data/silver/liquicomun/2026/01/A2_enrttrba_20260101_20260131.parquet
[2026-01-22T18:30:06.179+0000] {liquicomun_parquet.py:164} INFO -     Saved Parquet: silver/liquicomun/2026/01/A2_enrttrba_20260101_20260131.parquet
[2026-01-22T18:30:06.181+0000] {liquicomun_parquet.py:73} INFO -   Processing A2_enrttrsu_20260101_20260131 -> enrttrsu
[2026-01-22T18:30:06.258+0000] {liquicomun_parquet.py:104} WARNING -     Column mismatch: Found 4, expected 7
[2026-01-22T18:30:06.583+0000] {filesystem.py:48} INFO - Saved file to /opt/***/local_data/silver/liquicomun/2026/01/A2_enrttrsu_20260101_20260131.parquet
[2026-01-22T18:30:06.585+0000] {liquicomun_parquet.py:164} INFO -     Saved Parquet: silver/liquicomun/2026/01/A2_enrttrsu_20260101_20260131.parquet
[2026-01-22T18:30:06.604+0000] {liquicomun_parquet.py:73} INFO -   Processing A2_ensecqhba_20260101_20260131 -> ensecqhba
[2026-01-22T18:30:06.666+0000] {liquicomun_parquet.py:104} WARNING -     Column mismatch: Found 4, expected 7
[2026-01-22T18:30:07.215+0000] {filesystem.py:48} INFO - Saved file to /opt/***/local_data/silver/liquicomun/2026/01/A2_ensecqhba_20260101_20260131.parquet
[2026-01-22T18:30:07.217+0000] {liquicomun_parquet.py:164} INFO -     Saved Parquet: silver/liquicomun/2026/01/A2_ensecqhba_20260101_20260131.parquet
[2026-01-22T18:30:07.218+0000] {liquicomun_parquet.py:73} INFO -   Processing A2_ensecqhsu_20260101_20260131 -> ensecqhsu
[2026-01-22T18:30:07.264+0000] {liquicomun_parquet.py:104} WARNING -     Column mismatch: Found 4, expected 7
[2026-01-22T18:30:07.460+0000] {filesystem.py:48} INFO - Saved file to /opt/***/local_data/silver/liquicomun/2026/01/A2_ensecqhsu_20260101_20260131.parquet
[2026-01-22T18:30:07.463+0000] {liquicomun_parquet.py:164} INFO -     Saved Parquet: silver/liquicomun/2026/01/A2_ensecqhsu_20260101_20260131.parquet
[2026-01-22T18:30:07.465+0000] {liquicomun_parquet.py:73} INFO -   Processing A2_enterqhba_20260101_20260131 -> enterqhba
[2026-01-22T18:30:07.538+0000] {liquicomun_parquet.py:104} WARNING -     Column mismatch: Found 4, expected 7
[2026-01-22T18:30:07.814+0000] {filesystem.py:48} INFO - Saved file to /opt/***/local_data/silver/liquicomun/2026/01/A2_enterqhba_20260101_20260131.parquet
[2026-01-22T18:30:07.822+0000] {liquicomun_parquet.py:164} INFO -     Saved Parquet: silver/liquicomun/2026/01/A2_enterqhba_20260101_20260131.parquet
[2026-01-22T18:30:07.832+0000] {liquicomun_parquet.py:73} INFO -   Processing A2_enterqhsu_20260101_20260131 -> enterqhsu
[2026-01-22T18:30:07.946+0000] {liquicomun_parquet.py:104} WARNING -     Column mismatch: Found 4, expected 7
[2026-01-22T18:30:08.150+0000] {filesystem.py:48} INFO - Saved file to /opt/***/local_data/silver/liquicomun/2026/01/A2_enterqhsu_20260101_20260131.parquet
[2026-01-22T18:30:08.152+0000] {liquicomun_parquet.py:164} INFO -     Saved Parquet: silver/liquicomun/2026/01/A2_enterqhsu_20260101_20260131.parquet
[2026-01-22T18:30:08.161+0000] {liquicomun_parquet.py:73} INFO -   Processing A2_prdvbaqh_20260101_20260131 -> prdvbaqh
[2026-01-22T18:30:08.248+0000] {liquicomun_parquet.py:104} WARNING -     Column mismatch: Found 4, expected 7
[2026-01-22T18:30:08.433+0000] {filesystem.py:48} INFO - Saved file to /opt/***/local_data/silver/liquicomun/2026/01/A2_prdvbaqh_20260101_20260131.parquet
[2026-01-22T18:30:08.441+0000] {liquicomun_parquet.py:164} INFO -     Saved Parquet: silver/liquicomun/2026/01/A2_prdvbaqh_20260101_20260131.parquet
[2026-01-22T18:30:08.443+0000] {liquicomun_parquet.py:73} INFO -   Processing A2_prdvdatos_20260101_20260131 -> prdvdatos
[2026-01-22T18:30:09.974+0000] {liquicomun_parquet.py:104} WARNING -     Column mismatch: Found 15, expected 18
[2026-01-22T18:30:10.303+0000] {filesystem.py:48} INFO - Saved file to /opt/***/local_data/silver/liquicomun/2026/01/A2_prdvdatos_20260101_20260131.parquet
[2026-01-22T18:30:10.305+0000] {liquicomun_parquet.py:164} INFO -     Saved Parquet: silver/liquicomun/2026/01/A2_prdvdatos_20260101_20260131.parquet
[2026-01-22T18:30:10.314+0000] {liquicomun_parquet.py:73} INFO -   Processing A2_prdvsuqh_20260101_20260131 -> prdvsuqh
[2026-01-22T18:30:10.469+0000] {liquicomun_parquet.py:104} WARNING -     Column mismatch: Found 4, expected 7
[2026-01-22T18:30:10.733+0000] {filesystem.py:48} INFO - Saved file to /opt/***/local_data/silver/liquicomun/2026/01/A2_prdvsuqh_20260101_20260131.parquet
[2026-01-22T18:30:10.748+0000] {liquicomun_parquet.py:164} INFO -     Saved Parquet: silver/liquicomun/2026/01/A2_prdvsuqh_20260101_20260131.parquet
[2026-01-22T18:30:10.757+0000] {python.py:237} INFO - Done. Returned value was: {'start': '2026-01-22', 'end': '2026-01-22'}
[2026-01-22T18:30:10.764+0000] {taskinstance.py:441} INFO - ::group::Post task execution logs
[2026-01-22T18:30:10.976+0000] {taskinstance.py:1206} INFO - Marking task as SUCCESS. dag_id=esios_liquicomun_pipeline, task_id=ingest_silver, run_id=manual__2026-01-22T18:29:09.021444+00:00, execution_date=20260122T182909, start_date=20260122T183002, end_date=20260122T183010
[2026-01-22T18:30:11.178+0000] {local_task_job_runner.py:240} INFO - Task exited with return code 0
[2026-01-22T18:30:11.345+0000] {taskinstance.py:3503} INFO - 1 downstream tasks scheduled from follow-on schedule check
[2026-01-22T18:30:11.378+0000] {local_task_job_runner.py:222} INFO - ::endgroup::
