[2026-01-20T19:47:18.906+0000] {local_task_job_runner.py:120} INFO - ::group::Pre task execution logs
[2026-01-20T19:47:18.936+0000] {taskinstance.py:2076} INFO - Dependencies all met for dep_context=non-requeueable deps ti=<TaskInstance: esios_liquicomun_pipeline.download_bronze manual__2026-01-20T19:47:17.252920+00:00 [queued]>
[2026-01-20T19:47:18.945+0000] {taskinstance.py:2076} INFO - Dependencies all met for dep_context=requeueable deps ti=<TaskInstance: esios_liquicomun_pipeline.download_bronze manual__2026-01-20T19:47:17.252920+00:00 [queued]>
[2026-01-20T19:47:18.947+0000] {taskinstance.py:2306} INFO - Starting attempt 1 of 2
[2026-01-20T19:47:18.964+0000] {taskinstance.py:2330} INFO - Executing <Task(PythonOperator): download_bronze> on 2026-01-20 19:47:17.252920+00:00
[2026-01-20T19:47:18.973+0000] {standard_task_runner.py:63} INFO - Started process 2863 to run task
[2026-01-20T19:47:18.978+0000] {standard_task_runner.py:90} INFO - Running: ['***', 'tasks', 'run', 'esios_liquicomun_pipeline', 'download_bronze', 'manual__2026-01-20T19:47:17.252920+00:00', '--job-id', '61', '--raw', '--subdir', 'DAGS_FOLDER/esios_dag.py', '--cfg-path', '/tmp/tmpybkwcgf5']
[2026-01-20T19:47:18.981+0000] {standard_task_runner.py:91} INFO - Job 61: Subtask download_bronze
[2026-01-20T19:47:19.079+0000] {task_command.py:426} INFO - Running <TaskInstance: esios_liquicomun_pipeline.download_bronze manual__2026-01-20T19:47:17.252920+00:00 [running]> on host d1a9e72e2525
[2026-01-20T19:47:19.205+0000] {taskinstance.py:2648} INFO - Exporting env vars: AIRFLOW_CTX_DAG_OWNER='***' AIRFLOW_CTX_DAG_ID='esios_liquicomun_pipeline' AIRFLOW_CTX_TASK_ID='download_bronze' AIRFLOW_CTX_EXECUTION_DATE='2026-01-20T19:47:17.252920+00:00' AIRFLOW_CTX_TRY_NUMBER='1' AIRFLOW_CTX_DAG_RUN_ID='manual__2026-01-20T19:47:17.252920+00:00'
[2026-01-20T19:47:19.208+0000] {taskinstance.py:430} INFO - ::endgroup::
[2026-01-20T19:47:19.225+0000] {logging_mixin.py:188} INFO - Downloading from 2026-01-20 19:47:17.252920+00:00 to 2026-01-20 19:47:17.252920+00:00
[2026-01-20T19:47:19.226+0000] {liquicomun.py:44} INFO - Checking/Downloading Liquicomun ID 2 for 2026-01-20...
[2026-01-20T19:47:19.618+0000] {client.py:62} INFO - Archive 2 for 2026-01-20 19:47:17.252920+00:00 seems empty (50 bytes).
[2026-01-20T19:47:19.621+0000] {liquicomun.py:44} INFO - Checking/Downloading Liquicomun ID 3 for 2026-01-20...
[2026-01-20T19:47:21.553+0000] {filesystem.py:48} INFO - Saved file to /opt/***/local_data/bronze/liquicomun/2026/01/esios_3_20260120.zip
[2026-01-20T19:47:21.554+0000] {liquicomun.py:59} INFO - Stored: bronze/liquicomun/2026/01/esios_3_20260120.zip
[2026-01-20T19:47:21.559+0000] {liquicomun.py:44} INFO - Checking/Downloading Liquicomun ID 4 for 2026-01-20...
[2026-01-20T19:47:21.839+0000] {client.py:62} INFO - Archive 4 for 2026-01-20 19:47:17.252920+00:00 seems empty (50 bytes).
[2026-01-20T19:47:21.848+0000] {liquicomun.py:44} INFO - Checking/Downloading Liquicomun ID 5 for 2026-01-20...
[2026-01-20T19:47:22.146+0000] {client.py:62} INFO - Archive 5 for 2026-01-20 19:47:17.252920+00:00 seems empty (50 bytes).
[2026-01-20T19:47:22.151+0000] {liquicomun.py:44} INFO - Checking/Downloading Liquicomun ID 6 for 2026-01-20...
[2026-01-20T19:47:22.454+0000] {client.py:62} INFO - Archive 6 for 2026-01-20 19:47:17.252920+00:00 seems empty (50 bytes).
[2026-01-20T19:47:22.462+0000] {liquicomun.py:44} INFO - Checking/Downloading Liquicomun ID 7 for 2026-01-20...
[2026-01-20T19:47:22.868+0000] {client.py:62} INFO - Archive 7 for 2026-01-20 19:47:17.252920+00:00 seems empty (50 bytes).
[2026-01-20T19:47:22.879+0000] {liquicomun.py:44} INFO - Checking/Downloading Liquicomun ID 8 for 2026-01-20...
[2026-01-20T19:47:23.275+0000] {client.py:62} INFO - Archive 8 for 2026-01-20 19:47:17.252920+00:00 seems empty (50 bytes).
[2026-01-20T19:47:23.283+0000] {liquicomun.py:44} INFO - Checking/Downloading Liquicomun ID 9 for 2026-01-20...
[2026-01-20T19:47:23.581+0000] {client.py:62} INFO - Archive 9 for 2026-01-20 19:47:17.252920+00:00 seems empty (50 bytes).
[2026-01-20T19:47:23.589+0000] {liquicomun.py:44} INFO - Checking/Downloading Liquicomun ID 10 for 2026-01-20...
[2026-01-20T19:47:23.990+0000] {client.py:62} INFO - Archive 10 for 2026-01-20 19:47:17.252920+00:00 seems empty (50 bytes).
[2026-01-20T19:47:23.998+0000] {liquicomun.py:44} INFO - Checking/Downloading Liquicomun ID 11 for 2026-01-20...
[2026-01-20T19:47:24.399+0000] {client.py:62} INFO - Archive 11 for 2026-01-20 19:47:17.252920+00:00 seems empty (50 bytes).
[2026-01-20T19:47:24.407+0000] {python.py:237} INFO - Done. Returned value was: {'start': '2026-01-20', 'end': '2026-01-20'}
[2026-01-20T19:47:24.408+0000] {taskinstance.py:441} INFO - ::group::Post task execution logs
[2026-01-20T19:47:24.431+0000] {taskinstance.py:1206} INFO - Marking task as SUCCESS. dag_id=esios_liquicomun_pipeline, task_id=download_bronze, run_id=manual__2026-01-20T19:47:17.252920+00:00, execution_date=20260120T194717, start_date=20260120T194718, end_date=20260120T194724
[2026-01-20T19:47:24.489+0000] {local_task_job_runner.py:240} INFO - Task exited with return code 0
[2026-01-20T19:47:24.513+0000] {taskinstance.py:3503} INFO - 1 downstream tasks scheduled from follow-on schedule check
[2026-01-20T19:47:24.518+0000] {local_task_job_runner.py:222} INFO - ::endgroup::
