[2026-01-20T21:00:12.414+0000] {local_task_job_runner.py:120} INFO - ::group::Pre task execution logs
[2026-01-20T21:00:12.448+0000] {taskinstance.py:2076} INFO - Dependencies all met for dep_context=non-requeueable deps ti=<TaskInstance: omie_pipeline.process_pdbc manual__2026-01-20T21:00:07.280516+00:00 [queued]>
[2026-01-20T21:00:12.457+0000] {taskinstance.py:2076} INFO - Dependencies all met for dep_context=requeueable deps ti=<TaskInstance: omie_pipeline.process_pdbc manual__2026-01-20T21:00:07.280516+00:00 [queued]>
[2026-01-20T21:00:12.458+0000] {taskinstance.py:2306} INFO - Starting attempt 1 of 2
[2026-01-20T21:00:12.472+0000] {taskinstance.py:2330} INFO - Executing <Task(PythonOperator): process_pdbc> on 2026-01-20 21:00:07.280516+00:00
[2026-01-20T21:00:12.478+0000] {standard_task_runner.py:63} INFO - Started process 3154 to run task
[2026-01-20T21:00:12.481+0000] {standard_task_runner.py:90} INFO - Running: ['***', 'tasks', 'run', 'omie_pipeline', 'process_pdbc', 'manual__2026-01-20T21:00:07.280516+00:00', '--job-id', '110', '--raw', '--subdir', 'DAGS_FOLDER/omie_dag.py', '--cfg-path', '/tmp/tmpw61fh0u_']
[2026-01-20T21:00:12.484+0000] {standard_task_runner.py:91} INFO - Job 110: Subtask process_pdbc
[2026-01-20T21:00:12.563+0000] {task_command.py:426} INFO - Running <TaskInstance: omie_pipeline.process_pdbc manual__2026-01-20T21:00:07.280516+00:00 [running]> on host 2aff4151de2d
[2026-01-20T21:00:12.666+0000] {taskinstance.py:2648} INFO - Exporting env vars: AIRFLOW_CTX_DAG_OWNER='***' AIRFLOW_CTX_DAG_ID='omie_pipeline' AIRFLOW_CTX_TASK_ID='process_pdbc' AIRFLOW_CTX_EXECUTION_DATE='2026-01-20T21:00:07.280516+00:00' AIRFLOW_CTX_TRY_NUMBER='1' AIRFLOW_CTX_DAG_RUN_ID='manual__2026-01-20T21:00:07.280516+00:00'
[2026-01-20T21:00:12.668+0000] {taskinstance.py:430} INFO - ::endgroup::
[2026-01-20T21:00:12.696+0000] {logging_mixin.py:188} INFO - Processing process_pdbc for 2025-01-01 00:00:00 - 2026-01-20 00:00:00
[2026-01-20T21:00:16.784+0000] {filesystem.py:48} INFO - Saved file to /opt/***/local_data/silver/omie/pdbc/2025/01/20250101.parquet
[2026-01-20T21:00:18.813+0000] {database.py:186} INFO - Inserted 31756 rows into 'omie.pdbc'.
[2026-01-20T21:00:18.817+0000] {pdbc.py:160} INFO - Processed pdbc for 20250101
[2026-01-20T21:00:19.003+0000] {filesystem.py:48} INFO - Saved file to /opt/***/local_data/silver/omie/pdbc/2025/01/20250102.parquet
[2026-01-20T21:00:21.075+0000] {database.py:186} INFO - Inserted 33789 rows into 'omie.pdbc'.
[2026-01-20T21:00:21.076+0000] {pdbc.py:160} INFO - Processed pdbc for 20250102
[2026-01-20T21:00:21.258+0000] {filesystem.py:48} INFO - Saved file to /opt/***/local_data/silver/omie/pdbc/2025/01/20250103.parquet
[2026-01-20T21:00:23.820+0000] {database.py:186} INFO - Inserted 34353 rows into 'omie.pdbc'.
[2026-01-20T21:00:23.820+0000] {pdbc.py:160} INFO - Processed pdbc for 20250103
[2026-01-20T21:00:23.988+0000] {filesystem.py:48} INFO - Saved file to /opt/***/local_data/silver/omie/pdbc/2025/01/20250104.parquet
[2026-01-20T21:00:26.329+0000] {database.py:186} INFO - Inserted 33917 rows into 'omie.pdbc'.
[2026-01-20T21:00:26.330+0000] {pdbc.py:160} INFO - Processed pdbc for 20250104
[2026-01-20T21:00:26.495+0000] {filesystem.py:48} INFO - Saved file to /opt/***/local_data/silver/omie/pdbc/2025/01/20250105.parquet
[2026-01-20T21:00:29.166+0000] {database.py:186} INFO - Inserted 34355 rows into 'omie.pdbc'.
[2026-01-20T21:00:29.167+0000] {pdbc.py:160} INFO - Processed pdbc for 20250105
[2026-01-20T21:00:29.488+0000] {filesystem.py:48} INFO - Saved file to /opt/***/local_data/silver/omie/pdbc/2025/01/20250106.parquet
[2026-01-20T21:00:33.241+0000] {database.py:186} INFO - Inserted 34266 rows into 'omie.pdbc'.
[2026-01-20T21:00:33.242+0000] {pdbc.py:160} INFO - Processed pdbc for 20250106
[2026-01-20T21:00:33.490+0000] {filesystem.py:48} INFO - Saved file to /opt/***/local_data/silver/omie/pdbc/2025/01/20250107.parquet
[2026-01-20T21:00:36.559+0000] {database.py:186} INFO - Inserted 35598 rows into 'omie.pdbc'.
[2026-01-20T21:00:36.560+0000] {pdbc.py:160} INFO - Processed pdbc for 20250107
[2026-01-20T21:00:36.788+0000] {filesystem.py:48} INFO - Saved file to /opt/***/local_data/silver/omie/pdbc/2025/01/20250108.parquet
[2026-01-20T21:00:40.139+0000] {database.py:186} INFO - Inserted 35745 rows into 'omie.pdbc'.
[2026-01-20T21:00:40.140+0000] {pdbc.py:160} INFO - Processed pdbc for 20250108
[2026-01-20T21:00:40.368+0000] {filesystem.py:48} INFO - Saved file to /opt/***/local_data/silver/omie/pdbc/2025/01/20250109.parquet
[2026-01-20T21:00:43.480+0000] {database.py:186} INFO - Inserted 36252 rows into 'omie.pdbc'.
[2026-01-20T21:00:43.481+0000] {pdbc.py:160} INFO - Processed pdbc for 20250109
[2026-01-20T21:00:43.734+0000] {filesystem.py:48} INFO - Saved file to /opt/***/local_data/silver/omie/pdbc/2025/01/20250110.parquet
[2026-01-20T21:00:46.799+0000] {database.py:186} INFO - Inserted 35950 rows into 'omie.pdbc'.
[2026-01-20T21:00:46.802+0000] {pdbc.py:160} INFO - Processed pdbc for 20250110
[2026-01-20T21:00:47.050+0000] {filesystem.py:48} INFO - Saved file to /opt/***/local_data/silver/omie/pdbc/2025/01/20250111.parquet
[2026-01-20T21:00:50.384+0000] {database.py:186} INFO - Inserted 35193 rows into 'omie.pdbc'.
[2026-01-20T21:00:50.386+0000] {pdbc.py:160} INFO - Processed pdbc for 20250111
[2026-01-20T21:00:50.604+0000] {filesystem.py:48} INFO - Saved file to /opt/***/local_data/silver/omie/pdbc/2025/01/20250112.parquet
[2026-01-20T21:00:54.739+0000] {database.py:186} INFO - Inserted 35378 rows into 'omie.pdbc'.
[2026-01-20T21:00:54.740+0000] {pdbc.py:160} INFO - Processed pdbc for 20250112
[2026-01-20T21:00:54.938+0000] {filesystem.py:48} INFO - Saved file to /opt/***/local_data/silver/omie/pdbc/2025/01/20250113.parquet
[2026-01-20T21:00:57.930+0000] {database.py:186} INFO - Inserted 36281 rows into 'omie.pdbc'.
[2026-01-20T21:00:57.932+0000] {pdbc.py:160} INFO - Processed pdbc for 20250113
[2026-01-20T21:00:58.937+0000] {filesystem.py:48} INFO - Saved file to /opt/***/local_data/silver/omie/pdbc/2025/01/20250114.parquet
[2026-01-20T21:01:02.364+0000] {database.py:186} INFO - Inserted 36592 rows into 'omie.pdbc'.
[2026-01-20T21:01:02.366+0000] {pdbc.py:160} INFO - Processed pdbc for 20250114
[2026-01-20T21:01:02.532+0000] {filesystem.py:48} INFO - Saved file to /opt/***/local_data/silver/omie/pdbc/2025/01/20250115.parquet
[2026-01-20T21:01:05.571+0000] {database.py:186} INFO - Inserted 36378 rows into 'omie.pdbc'.
[2026-01-20T21:01:05.573+0000] {pdbc.py:160} INFO - Processed pdbc for 20250115
[2026-01-20T21:01:05.851+0000] {filesystem.py:48} INFO - Saved file to /opt/***/local_data/silver/omie/pdbc/2025/01/20250116.parquet
[2026-01-20T21:01:09.611+0000] {database.py:186} INFO - Inserted 36613 rows into 'omie.pdbc'.
[2026-01-20T21:01:09.613+0000] {pdbc.py:160} INFO - Processed pdbc for 20250116
[2026-01-20T21:01:09.873+0000] {filesystem.py:48} INFO - Saved file to /opt/***/local_data/silver/omie/pdbc/2025/01/20250117.parquet
[2026-01-20T21:01:13.356+0000] {database.py:186} INFO - Inserted 36320 rows into 'omie.pdbc'.
[2026-01-20T21:01:13.358+0000] {pdbc.py:160} INFO - Processed pdbc for 20250117
[2026-01-20T21:01:13.567+0000] {filesystem.py:48} INFO - Saved file to /opt/***/local_data/silver/omie/pdbc/2025/01/20250118.parquet
[2026-01-20T21:01:17.838+0000] {database.py:186} INFO - Inserted 35257 rows into 'omie.pdbc'.
[2026-01-20T21:01:17.843+0000] {pdbc.py:160} INFO - Processed pdbc for 20250118
[2026-01-20T21:01:17.980+0000] {filesystem.py:48} INFO - Saved file to /opt/***/local_data/silver/omie/pdbc/2025/01/20250119.parquet
[2026-01-20T21:01:21.662+0000] {database.py:186} INFO - Inserted 34705 rows into 'omie.pdbc'.
[2026-01-20T21:01:21.663+0000] {pdbc.py:160} INFO - Processed pdbc for 20250119
[2026-01-20T21:01:21.866+0000] {filesystem.py:48} INFO - Saved file to /opt/***/local_data/silver/omie/pdbc/2025/01/20250120.parquet
[2026-01-20T21:01:31.667+0000] {database.py:186} INFO - Inserted 35740 rows into 'omie.pdbc'.
[2026-01-20T21:01:31.672+0000] {pdbc.py:160} INFO - Processed pdbc for 20250120
[2026-01-20T21:01:31.806+0000] {filesystem.py:48} INFO - Saved file to /opt/***/local_data/silver/omie/pdbc/2025/01/20250121.parquet
[2026-01-20T21:01:43.556+0000] {database.py:186} INFO - Inserted 36096 rows into 'omie.pdbc'.
[2026-01-20T21:01:43.737+0000] {pdbc.py:160} INFO - Processed pdbc for 20250121
[2026-01-20T21:01:44.063+0000] {filesystem.py:48} INFO - Saved file to /opt/***/local_data/silver/omie/pdbc/2025/01/20250122.parquet
[2026-01-20T21:01:52.364+0000] {database.py:186} INFO - Inserted 36086 rows into 'omie.pdbc'.
[2026-01-20T21:01:52.365+0000] {pdbc.py:160} INFO - Processed pdbc for 20250122
[2026-01-20T21:01:52.642+0000] {filesystem.py:48} INFO - Saved file to /opt/***/local_data/silver/omie/pdbc/2025/01/20250123.parquet
[2026-01-20T21:01:55.281+0000] {database.py:186} INFO - Inserted 36804 rows into 'omie.pdbc'.
[2026-01-20T21:01:55.282+0000] {pdbc.py:160} INFO - Processed pdbc for 20250123
[2026-01-20T21:01:55.461+0000] {filesystem.py:48} INFO - Saved file to /opt/***/local_data/silver/omie/pdbc/2025/01/20250124.parquet
[2026-01-20T21:01:57.586+0000] {database.py:186} INFO - Inserted 36714 rows into 'omie.pdbc'.
[2026-01-20T21:01:57.586+0000] {pdbc.py:160} INFO - Processed pdbc for 20250124
[2026-01-20T21:01:57.736+0000] {filesystem.py:48} INFO - Saved file to /opt/***/local_data/silver/omie/pdbc/2025/01/20250125.parquet
[2026-01-20T21:02:00.023+0000] {database.py:186} INFO - Inserted 35984 rows into 'omie.pdbc'.
[2026-01-20T21:02:00.025+0000] {pdbc.py:160} INFO - Processed pdbc for 20250125
[2026-01-20T21:02:00.235+0000] {filesystem.py:48} INFO - Saved file to /opt/***/local_data/silver/omie/pdbc/2025/01/20250126.parquet
[2026-01-20T21:02:03.209+0000] {database.py:186} INFO - Inserted 35474 rows into 'omie.pdbc'.
[2026-01-20T21:02:03.210+0000] {pdbc.py:160} INFO - Processed pdbc for 20250126
[2026-01-20T21:02:03.441+0000] {filesystem.py:48} INFO - Saved file to /opt/***/local_data/silver/omie/pdbc/2025/01/20250127.parquet
[2026-01-20T21:02:06.435+0000] {database.py:186} INFO - Inserted 36034 rows into 'omie.pdbc'.
[2026-01-20T21:02:06.436+0000] {pdbc.py:160} INFO - Processed pdbc for 20250127
[2026-01-20T21:02:06.675+0000] {filesystem.py:48} INFO - Saved file to /opt/***/local_data/silver/omie/pdbc/2025/01/20250128.parquet
[2026-01-20T21:02:09.518+0000] {database.py:186} INFO - Inserted 35803 rows into 'omie.pdbc'.
[2026-01-20T21:02:09.519+0000] {pdbc.py:160} INFO - Processed pdbc for 20250128
[2026-01-20T21:02:09.749+0000] {filesystem.py:48} INFO - Saved file to /opt/***/local_data/silver/omie/pdbc/2025/01/20250129.parquet
[2026-01-20T21:02:12.835+0000] {database.py:186} INFO - Inserted 36349 rows into 'omie.pdbc'.
[2026-01-20T21:02:12.837+0000] {pdbc.py:160} INFO - Processed pdbc for 20250129
[2026-01-20T21:02:13.089+0000] {filesystem.py:48} INFO - Saved file to /opt/***/local_data/silver/omie/pdbc/2025/01/20250130.parquet
[2026-01-20T21:02:15.884+0000] {database.py:186} INFO - Inserted 36638 rows into 'omie.pdbc'.
[2026-01-20T21:02:15.885+0000] {pdbc.py:160} INFO - Processed pdbc for 20250130
[2026-01-20T21:02:16.123+0000] {filesystem.py:48} INFO - Saved file to /opt/***/local_data/silver/omie/pdbc/2025/01/20250131.parquet
[2026-01-20T21:02:18.753+0000] {database.py:186} INFO - Inserted 36980 rows into 'omie.pdbc'.
[2026-01-20T21:02:18.756+0000] {pdbc.py:160} INFO - Processed pdbc for 20250131
[2026-01-20T21:02:19.767+0000] {filesystem.py:48} INFO - Saved file to /opt/***/local_data/silver/omie/pdbc/2025/02/20250201.parquet
[2026-01-20T21:02:22.569+0000] {database.py:186} INFO - Inserted 36045 rows into 'omie.pdbc'.
[2026-01-20T21:02:22.570+0000] {pdbc.py:160} INFO - Processed pdbc for 20250201
[2026-01-20T21:02:22.952+0000] {filesystem.py:48} INFO - Saved file to /opt/***/local_data/silver/omie/pdbc/2025/02/20250202.parquet
[2026-01-20T21:02:28.938+0000] {database.py:186} INFO - Inserted 35451 rows into 'omie.pdbc'.
[2026-01-20T21:02:28.955+0000] {pdbc.py:160} INFO - Processed pdbc for 20250202
[2026-01-20T21:02:29.194+0000] {filesystem.py:48} INFO - Saved file to /opt/***/local_data/silver/omie/pdbc/2025/02/20250203.parquet
[2026-01-20T21:02:31.985+0000] {database.py:186} INFO - Inserted 36930 rows into 'omie.pdbc'.
[2026-01-20T21:02:31.986+0000] {pdbc.py:160} INFO - Processed pdbc for 20250203
[2026-01-20T21:02:32.193+0000] {filesystem.py:48} INFO - Saved file to /opt/***/local_data/silver/omie/pdbc/2025/02/20250204.parquet
[2026-01-20T21:02:35.270+0000] {database.py:186} INFO - Inserted 36575 rows into 'omie.pdbc'.
[2026-01-20T21:02:35.271+0000] {pdbc.py:160} INFO - Processed pdbc for 20250204
[2026-01-20T21:02:35.564+0000] {filesystem.py:48} INFO - Saved file to /opt/***/local_data/silver/omie/pdbc/2025/02/20250205.parquet
[2026-01-20T21:02:38.834+0000] {database.py:186} INFO - Inserted 37173 rows into 'omie.pdbc'.
[2026-01-20T21:02:38.835+0000] {pdbc.py:160} INFO - Processed pdbc for 20250205
[2026-01-20T21:02:39.110+0000] {filesystem.py:48} INFO - Saved file to /opt/***/local_data/silver/omie/pdbc/2025/02/20250206.parquet
[2026-01-20T21:02:42.218+0000] {database.py:186} INFO - Inserted 36497 rows into 'omie.pdbc'.
[2026-01-20T21:02:42.219+0000] {pdbc.py:160} INFO - Processed pdbc for 20250206
[2026-01-20T21:02:42.435+0000] {filesystem.py:48} INFO - Saved file to /opt/***/local_data/silver/omie/pdbc/2025/02/20250207.parquet
[2026-01-20T21:02:45.485+0000] {database.py:186} INFO - Inserted 37104 rows into 'omie.pdbc'.
[2026-01-20T21:02:45.486+0000] {pdbc.py:160} INFO - Processed pdbc for 20250207
[2026-01-20T21:02:45.721+0000] {filesystem.py:48} INFO - Saved file to /opt/***/local_data/silver/omie/pdbc/2025/02/20250208.parquet
[2026-01-20T21:02:48.576+0000] {database.py:186} INFO - Inserted 36867 rows into 'omie.pdbc'.
[2026-01-20T21:02:48.577+0000] {pdbc.py:160} INFO - Processed pdbc for 20250208
[2026-01-20T21:02:48.812+0000] {filesystem.py:48} INFO - Saved file to /opt/***/local_data/silver/omie/pdbc/2025/02/20250209.parquet
[2026-01-20T21:02:51.956+0000] {database.py:186} INFO - Inserted 35863 rows into 'omie.pdbc'.
[2026-01-20T21:02:51.957+0000] {pdbc.py:160} INFO - Processed pdbc for 20250209
[2026-01-20T21:02:52.204+0000] {filesystem.py:48} INFO - Saved file to /opt/***/local_data/silver/omie/pdbc/2025/02/20250210.parquet
[2026-01-20T21:02:57.966+0000] {database.py:186} INFO - Inserted 36642 rows into 'omie.pdbc'.
[2026-01-20T21:02:57.967+0000] {pdbc.py:160} INFO - Processed pdbc for 20250210
[2026-01-20T21:02:58.819+0000] {filesystem.py:48} INFO - Saved file to /opt/***/local_data/silver/omie/pdbc/2025/02/20250211.parquet
[2026-01-20T21:03:04.228+0000] {database.py:186} INFO - Inserted 37310 rows into 'omie.pdbc'.
[2026-01-20T21:03:04.230+0000] {pdbc.py:160} INFO - Processed pdbc for 20250211
[2026-01-20T21:03:04.446+0000] {filesystem.py:48} INFO - Saved file to /opt/***/local_data/silver/omie/pdbc/2025/02/20250212.parquet
[2026-01-20T21:03:08.996+0000] {database.py:186} INFO - Inserted 37816 rows into 'omie.pdbc'.
[2026-01-20T21:03:08.999+0000] {pdbc.py:160} INFO - Processed pdbc for 20250212
[2026-01-20T21:03:09.294+0000] {filesystem.py:48} INFO - Saved file to /opt/***/local_data/silver/omie/pdbc/2025/02/20250213.parquet
[2026-01-20T21:03:12.727+0000] {database.py:186} INFO - Inserted 37900 rows into 'omie.pdbc'.
[2026-01-20T21:03:12.728+0000] {pdbc.py:160} INFO - Processed pdbc for 20250213
[2026-01-20T21:03:12.998+0000] {filesystem.py:48} INFO - Saved file to /opt/***/local_data/silver/omie/pdbc/2025/02/20250214.parquet
[2026-01-20T21:03:16.612+0000] {database.py:186} INFO - Inserted 38036 rows into 'omie.pdbc'.
[2026-01-20T21:03:16.615+0000] {pdbc.py:160} INFO - Processed pdbc for 20250214
[2026-01-20T21:03:16.862+0000] {filesystem.py:48} INFO - Saved file to /opt/***/local_data/silver/omie/pdbc/2025/02/20250215.parquet
[2026-01-20T21:03:20.418+0000] {database.py:186} INFO - Inserted 37413 rows into 'omie.pdbc'.
[2026-01-20T21:03:20.419+0000] {pdbc.py:160} INFO - Processed pdbc for 20250215
[2026-01-20T21:03:20.655+0000] {filesystem.py:48} INFO - Saved file to /opt/***/local_data/silver/omie/pdbc/2025/02/20250216.parquet
[2026-01-20T21:03:24.342+0000] {database.py:186} INFO - Inserted 36784 rows into 'omie.pdbc'.
[2026-01-20T21:03:24.343+0000] {pdbc.py:160} INFO - Processed pdbc for 20250216
[2026-01-20T21:03:24.547+0000] {filesystem.py:48} INFO - Saved file to /opt/***/local_data/silver/omie/pdbc/2025/02/20250217.parquet
[2026-01-20T21:03:27.535+0000] {database.py:186} INFO - Inserted 37171 rows into 'omie.pdbc'.
[2026-01-20T21:03:27.537+0000] {pdbc.py:160} INFO - Processed pdbc for 20250217
[2026-01-20T21:03:27.760+0000] {filesystem.py:48} INFO - Saved file to /opt/***/local_data/silver/omie/pdbc/2025/02/20250218.parquet
[2026-01-20T21:03:31.765+0000] {database.py:186} INFO - Inserted 38244 rows into 'omie.pdbc'.
[2026-01-20T21:03:31.768+0000] {pdbc.py:160} INFO - Processed pdbc for 20250218
[2026-01-20T21:03:32.086+0000] {filesystem.py:48} INFO - Saved file to /opt/***/local_data/silver/omie/pdbc/2025/02/20250219.parquet
[2026-01-20T21:03:34.843+0000] {database.py:186} INFO - Inserted 37745 rows into 'omie.pdbc'.
[2026-01-20T21:03:34.844+0000] {pdbc.py:160} INFO - Processed pdbc for 20250219
[2026-01-20T21:03:35.110+0000] {filesystem.py:48} INFO - Saved file to /opt/***/local_data/silver/omie/pdbc/2025/02/20250220.parquet
[2026-01-20T21:03:40.364+0000] {database.py:186} INFO - Inserted 38097 rows into 'omie.pdbc'.
[2026-01-20T21:03:40.365+0000] {pdbc.py:160} INFO - Processed pdbc for 20250220
[2026-01-20T21:03:40.523+0000] {filesystem.py:48} INFO - Saved file to /opt/***/local_data/silver/omie/pdbc/2025/02/20250221.parquet
[2026-01-20T21:03:44.182+0000] {database.py:186} INFO - Inserted 38299 rows into 'omie.pdbc'.
[2026-01-20T21:03:44.184+0000] {pdbc.py:160} INFO - Processed pdbc for 20250221
[2026-01-20T21:03:44.423+0000] {filesystem.py:48} INFO - Saved file to /opt/***/local_data/silver/omie/pdbc/2025/02/20250222.parquet
[2026-01-20T21:04:00.499+0000] {database.py:186} INFO - Inserted 37348 rows into 'omie.pdbc'.
[2026-01-20T21:04:00.505+0000] {pdbc.py:160} INFO - Processed pdbc for 20250222
[2026-01-20T21:04:01.451+0000] {filesystem.py:48} INFO - Saved file to /opt/***/local_data/silver/omie/pdbc/2025/02/20250223.parquet
[2026-01-20T21:04:08.889+0000] {database.py:186} INFO - Inserted 36822 rows into 'omie.pdbc'.
[2026-01-20T21:04:08.889+0000] {pdbc.py:160} INFO - Processed pdbc for 20250223
[2026-01-20T21:04:09.049+0000] {filesystem.py:48} INFO - Saved file to /opt/***/local_data/silver/omie/pdbc/2025/02/20250224.parquet
[2026-01-20T21:04:11.608+0000] {database.py:186} INFO - Inserted 37924 rows into 'omie.pdbc'.
[2026-01-20T21:04:11.610+0000] {pdbc.py:160} INFO - Processed pdbc for 20250224
[2026-01-20T21:04:11.797+0000] {filesystem.py:48} INFO - Saved file to /opt/***/local_data/silver/omie/pdbc/2025/02/20250225.parquet
[2026-01-20T21:04:14.623+0000] {database.py:186} INFO - Inserted 38162 rows into 'omie.pdbc'.
[2026-01-20T21:04:14.625+0000] {pdbc.py:160} INFO - Processed pdbc for 20250225
[2026-01-20T21:04:14.878+0000] {filesystem.py:48} INFO - Saved file to /opt/***/local_data/silver/omie/pdbc/2025/02/20250226.parquet
[2026-01-20T21:04:18.487+0000] {database.py:186} INFO - Inserted 38563 rows into 'omie.pdbc'.
[2026-01-20T21:04:18.490+0000] {pdbc.py:160} INFO - Processed pdbc for 20250226
[2026-01-20T21:04:18.761+0000] {filesystem.py:48} INFO - Saved file to /opt/***/local_data/silver/omie/pdbc/2025/02/20250227.parquet
[2026-01-20T21:04:22.290+0000] {database.py:186} INFO - Inserted 37458 rows into 'omie.pdbc'.
[2026-01-20T21:04:22.292+0000] {pdbc.py:160} INFO - Processed pdbc for 20250227
[2026-01-20T21:04:22.489+0000] {filesystem.py:48} INFO - Saved file to /opt/***/local_data/silver/omie/pdbc/2025/02/20250228.parquet
[2026-01-20T21:04:25.825+0000] {database.py:186} INFO - Inserted 37681 rows into 'omie.pdbc'.
[2026-01-20T21:04:25.826+0000] {pdbc.py:160} INFO - Processed pdbc for 20250228
[2026-01-20T21:04:26.109+0000] {filesystem.py:48} INFO - Saved file to /opt/***/local_data/silver/omie/pdbc/2025/03/20250301.parquet
[2026-01-20T21:04:28.915+0000] {database.py:186} INFO - Inserted 37665 rows into 'omie.pdbc'.
[2026-01-20T21:04:28.919+0000] {pdbc.py:160} INFO - Processed pdbc for 20250301
[2026-01-20T21:04:29.169+0000] {filesystem.py:48} INFO - Saved file to /opt/***/local_data/silver/omie/pdbc/2025/03/20250302.parquet
[2026-01-20T21:04:32.298+0000] {database.py:186} INFO - Inserted 36988 rows into 'omie.pdbc'.
[2026-01-20T21:04:32.299+0000] {pdbc.py:160} INFO - Processed pdbc for 20250302
[2026-01-20T21:04:32.549+0000] {filesystem.py:48} INFO - Saved file to /opt/***/local_data/silver/omie/pdbc/2025/03/20250303.parquet
[2026-01-20T21:04:36.008+0000] {database.py:186} INFO - Inserted 37778 rows into 'omie.pdbc'.
[2026-01-20T21:04:36.009+0000] {pdbc.py:160} INFO - Processed pdbc for 20250303
[2026-01-20T21:04:36.272+0000] {filesystem.py:48} INFO - Saved file to /opt/***/local_data/silver/omie/pdbc/2025/03/20250304.parquet
[2026-01-20T21:04:40.786+0000] {database.py:186} INFO - Inserted 38579 rows into 'omie.pdbc'.
[2026-01-20T21:04:40.787+0000] {pdbc.py:160} INFO - Processed pdbc for 20250304
[2026-01-20T21:04:41.886+0000] {filesystem.py:48} INFO - Saved file to /opt/***/local_data/silver/omie/pdbc/2025/03/20250305.parquet
[2026-01-20T21:04:47.280+0000] {database.py:186} INFO - Inserted 38354 rows into 'omie.pdbc'.
[2026-01-20T21:04:47.281+0000] {pdbc.py:160} INFO - Processed pdbc for 20250305
[2026-01-20T21:04:47.484+0000] {filesystem.py:48} INFO - Saved file to /opt/***/local_data/silver/omie/pdbc/2025/03/20250306.parquet
[2026-01-20T21:04:50.476+0000] {database.py:186} INFO - Inserted 38677 rows into 'omie.pdbc'.
[2026-01-20T21:04:50.477+0000] {pdbc.py:160} INFO - Processed pdbc for 20250306
[2026-01-20T21:04:50.724+0000] {filesystem.py:48} INFO - Saved file to /opt/***/local_data/silver/omie/pdbc/2025/03/20250307.parquet
[2026-01-20T21:04:53.839+0000] {database.py:186} INFO - Inserted 38680 rows into 'omie.pdbc'.
[2026-01-20T21:04:53.841+0000] {pdbc.py:160} INFO - Processed pdbc for 20250307
[2026-01-20T21:04:54.112+0000] {filesystem.py:48} INFO - Saved file to /opt/***/local_data/silver/omie/pdbc/2025/03/20250308.parquet
[2026-01-20T21:04:57.045+0000] {database.py:186} INFO - Inserted 37191 rows into 'omie.pdbc'.
[2026-01-20T21:04:57.047+0000] {pdbc.py:160} INFO - Processed pdbc for 20250308
[2026-01-20T21:04:57.328+0000] {filesystem.py:48} INFO - Saved file to /opt/***/local_data/silver/omie/pdbc/2025/03/20250309.parquet
[2026-01-20T21:05:00.208+0000] {database.py:186} INFO - Inserted 37026 rows into 'omie.pdbc'.
[2026-01-20T21:05:00.209+0000] {pdbc.py:160} INFO - Processed pdbc for 20250309
[2026-01-20T21:05:00.465+0000] {filesystem.py:48} INFO - Saved file to /opt/***/local_data/silver/omie/pdbc/2025/03/20250310.parquet
[2026-01-20T21:05:04.150+0000] {database.py:186} INFO - Inserted 38048 rows into 'omie.pdbc'.
[2026-01-20T21:05:04.152+0000] {pdbc.py:160} INFO - Processed pdbc for 20250310
[2026-01-20T21:05:04.401+0000] {filesystem.py:48} INFO - Saved file to /opt/***/local_data/silver/omie/pdbc/2025/03/20250311.parquet
[2026-01-20T21:05:08.625+0000] {database.py:186} INFO - Inserted 38550 rows into 'omie.pdbc'.
[2026-01-20T21:05:08.627+0000] {pdbc.py:160} INFO - Processed pdbc for 20250311
[2026-01-20T21:05:08.916+0000] {filesystem.py:48} INFO - Saved file to /opt/***/local_data/silver/omie/pdbc/2025/03/20250312.parquet
[2026-01-20T21:05:16.424+0000] {database.py:186} INFO - Inserted 38960 rows into 'omie.pdbc'.
[2026-01-20T21:05:16.425+0000] {pdbc.py:160} INFO - Processed pdbc for 20250312
[2026-01-20T21:05:16.564+0000] {filesystem.py:48} INFO - Saved file to /opt/***/local_data/silver/omie/pdbc/2025/03/20250313.parquet
[2026-01-20T21:05:18.994+0000] {database.py:186} INFO - Inserted 38859 rows into 'omie.pdbc'.
[2026-01-20T21:05:18.997+0000] {pdbc.py:160} INFO - Processed pdbc for 20250313
[2026-01-20T21:05:19.172+0000] {filesystem.py:48} INFO - Saved file to /opt/***/local_data/silver/omie/pdbc/2025/03/20250314.parquet
[2026-01-20T21:05:23.997+0000] {database.py:186} INFO - Inserted 39370 rows into 'omie.pdbc'.
[2026-01-20T21:05:24.000+0000] {pdbc.py:160} INFO - Processed pdbc for 20250314
[2026-01-20T21:05:24.379+0000] {filesystem.py:48} INFO - Saved file to /opt/***/local_data/silver/omie/pdbc/2025/03/20250315.parquet
[2026-01-20T21:05:27.670+0000] {database.py:186} INFO - Inserted 38180 rows into 'omie.pdbc'.
[2026-01-20T21:05:27.671+0000] {pdbc.py:160} INFO - Processed pdbc for 20250315
[2026-01-20T21:05:27.954+0000] {filesystem.py:48} INFO - Saved file to /opt/***/local_data/silver/omie/pdbc/2025/03/20250316.parquet
[2026-01-20T21:05:32.770+0000] {database.py:186} INFO - Inserted 37813 rows into 'omie.pdbc'.
[2026-01-20T21:05:32.771+0000] {pdbc.py:160} INFO - Processed pdbc for 20250316
[2026-01-20T21:05:32.956+0000] {filesystem.py:48} INFO - Saved file to /opt/***/local_data/silver/omie/pdbc/2025/03/20250317.parquet
[2026-01-20T21:05:36.199+0000] {database.py:186} INFO - Inserted 38356 rows into 'omie.pdbc'.
[2026-01-20T21:05:36.200+0000] {pdbc.py:160} INFO - Processed pdbc for 20250317
[2026-01-20T21:05:36.446+0000] {filesystem.py:48} INFO - Saved file to /opt/***/local_data/silver/omie/pdbc/2025/03/20250318.parquet
[2026-01-20T21:05:42.526+0000] {database.py:186} INFO - Inserted 39249 rows into 'omie.pdbc'.
[2026-01-20T21:05:42.528+0000] {pdbc.py:160} INFO - Processed pdbc for 20250318
[2026-01-20T21:05:42.843+0000] {filesystem.py:48} INFO - Saved file to /opt/***/local_data/silver/omie/pdbc/2025/03/20250319.parquet
[2026-01-20T21:05:47.933+0000] {database.py:186} INFO - Inserted 39202 rows into 'omie.pdbc'.
[2026-01-20T21:05:47.935+0000] {pdbc.py:160} INFO - Processed pdbc for 20250319
[2026-01-20T21:05:48.167+0000] {filesystem.py:48} INFO - Saved file to /opt/***/local_data/silver/omie/pdbc/2025/03/20250320.parquet
[2026-01-20T21:05:59.983+0000] {database.py:186} INFO - Inserted 37065 rows into 'omie.pdbc'.
[2026-01-20T21:05:59.985+0000] {pdbc.py:160} INFO - Processed pdbc for 20250320
[2026-01-20T21:06:00.153+0000] {filesystem.py:48} INFO - Saved file to /opt/***/local_data/silver/omie/pdbc/2025/03/20250321.parquet
[2026-01-20T21:06:14.930+0000] {database.py:186} INFO - Inserted 37750 rows into 'omie.pdbc'.
[2026-01-20T21:06:14.932+0000] {pdbc.py:160} INFO - Processed pdbc for 20250321
[2026-01-20T21:06:15.148+0000] {filesystem.py:48} INFO - Saved file to /opt/***/local_data/silver/omie/pdbc/2025/03/20250322.parquet
[2026-01-20T21:06:17.630+0000] {database.py:186} INFO - Inserted 35359 rows into 'omie.pdbc'.
[2026-01-20T21:06:17.631+0000] {pdbc.py:160} INFO - Processed pdbc for 20250322
[2026-01-20T21:06:17.791+0000] {filesystem.py:48} INFO - Saved file to /opt/***/local_data/silver/omie/pdbc/2025/03/20250323.parquet
[2026-01-20T21:06:19.803+0000] {database.py:186} INFO - Inserted 36060 rows into 'omie.pdbc'.
[2026-01-20T21:06:19.804+0000] {pdbc.py:160} INFO - Processed pdbc for 20250323
[2026-01-20T21:06:20.001+0000] {filesystem.py:48} INFO - Saved file to /opt/***/local_data/silver/omie/pdbc/2025/03/20250324.parquet
[2026-01-20T21:06:23.223+0000] {database.py:186} INFO - Inserted 38771 rows into 'omie.pdbc'.
[2026-01-20T21:06:23.224+0000] {pdbc.py:160} INFO - Processed pdbc for 20250324
[2026-01-20T21:06:23.466+0000] {filesystem.py:48} INFO - Saved file to /opt/***/local_data/silver/omie/pdbc/2025/03/20250325.parquet
[2026-01-20T21:06:26.735+0000] {database.py:186} INFO - Inserted 39053 rows into 'omie.pdbc'.
[2026-01-20T21:06:26.736+0000] {pdbc.py:160} INFO - Processed pdbc for 20250325
[2026-01-20T21:06:26.981+0000] {filesystem.py:48} INFO - Saved file to /opt/***/local_data/silver/omie/pdbc/2025/03/20250326.parquet
[2026-01-20T21:06:30.331+0000] {database.py:186} INFO - Inserted 36740 rows into 'omie.pdbc'.
[2026-01-20T21:06:30.332+0000] {pdbc.py:160} INFO - Processed pdbc for 20250326
[2026-01-20T21:06:30.601+0000] {filesystem.py:48} INFO - Saved file to /opt/***/local_data/silver/omie/pdbc/2025/03/20250327.parquet
[2026-01-20T21:06:33.499+0000] {database.py:186} INFO - Inserted 37739 rows into 'omie.pdbc'.
[2026-01-20T21:06:33.501+0000] {pdbc.py:160} INFO - Processed pdbc for 20250327
[2026-01-20T21:06:33.757+0000] {filesystem.py:48} INFO - Saved file to /opt/***/local_data/silver/omie/pdbc/2025/03/20250328.parquet
[2026-01-20T21:06:41.216+0000] {database.py:186} INFO - Inserted 36062 rows into 'omie.pdbc'.
[2026-01-20T21:06:41.218+0000] {pdbc.py:160} INFO - Processed pdbc for 20250328
[2026-01-20T21:06:41.407+0000] {filesystem.py:48} INFO - Saved file to /opt/***/local_data/silver/omie/pdbc/2025/03/20250329.parquet
[2026-01-20T21:06:45.023+0000] {database.py:186} INFO - Inserted 33454 rows into 'omie.pdbc'.
[2026-01-20T21:06:45.024+0000] {pdbc.py:160} INFO - Processed pdbc for 20250329
[2026-01-20T21:06:45.238+0000] {filesystem.py:48} INFO - Saved file to /opt/***/local_data/silver/omie/pdbc/2025/03/20250330.parquet
[2026-01-20T21:06:49.312+0000] {database.py:186} INFO - Inserted 30042 rows into 'omie.pdbc'.
[2026-01-20T21:06:49.313+0000] {pdbc.py:160} INFO - Processed pdbc for 20250330
[2026-01-20T21:06:49.578+0000] {filesystem.py:48} INFO - Saved file to /opt/***/local_data/silver/omie/pdbc/2025/03/20250331.parquet
[2026-01-20T21:06:53.013+0000] {database.py:186} INFO - Inserted 35848 rows into 'omie.pdbc'.
[2026-01-20T21:06:53.014+0000] {pdbc.py:160} INFO - Processed pdbc for 20250331
[2026-01-20T21:06:53.362+0000] {filesystem.py:48} INFO - Saved file to /opt/***/local_data/silver/omie/pdbc/2025/04/20250401.parquet
[2026-01-20T21:06:56.168+0000] {database.py:186} INFO - Inserted 37120 rows into 'omie.pdbc'.
[2026-01-20T21:06:56.170+0000] {pdbc.py:160} INFO - Processed pdbc for 20250401
[2026-01-20T21:06:56.477+0000] {filesystem.py:48} INFO - Saved file to /opt/***/local_data/silver/omie/pdbc/2025/04/20250402.parquet
[2026-01-20T21:07:00.003+0000] {database.py:186} INFO - Inserted 38068 rows into 'omie.pdbc'.
[2026-01-20T21:07:00.006+0000] {pdbc.py:160} INFO - Processed pdbc for 20250402
[2026-01-20T21:07:00.249+0000] {filesystem.py:48} INFO - Saved file to /opt/***/local_data/silver/omie/pdbc/2025/04/20250403.parquet
[2026-01-20T21:07:03.729+0000] {database.py:186} INFO - Inserted 39099 rows into 'omie.pdbc'.
[2026-01-20T21:07:03.734+0000] {pdbc.py:160} INFO - Processed pdbc for 20250403
[2026-01-20T21:07:03.964+0000] {filesystem.py:48} INFO - Saved file to /opt/***/local_data/silver/omie/pdbc/2025/04/20250404.parquet
[2026-01-20T21:07:10.647+0000] {database.py:186} INFO - Inserted 38124 rows into 'omie.pdbc'.
[2026-01-20T21:07:10.649+0000] {pdbc.py:160} INFO - Processed pdbc for 20250404
[2026-01-20T21:07:10.917+0000] {filesystem.py:48} INFO - Saved file to /opt/***/local_data/silver/omie/pdbc/2025/04/20250405.parquet
[2026-01-20T21:07:14.994+0000] {database.py:186} INFO - Inserted 35901 rows into 'omie.pdbc'.
[2026-01-20T21:07:14.996+0000] {pdbc.py:160} INFO - Processed pdbc for 20250405
[2026-01-20T21:07:15.260+0000] {filesystem.py:48} INFO - Saved file to /opt/***/local_data/silver/omie/pdbc/2025/04/20250406.parquet
[2026-01-20T21:07:18.945+0000] {database.py:186} INFO - Inserted 34469 rows into 'omie.pdbc'.
[2026-01-20T21:07:18.947+0000] {pdbc.py:160} INFO - Processed pdbc for 20250406
[2026-01-20T21:07:19.141+0000] {filesystem.py:48} INFO - Saved file to /opt/***/local_data/silver/omie/pdbc/2025/04/20250407.parquet
[2026-01-20T21:07:24.930+0000] {database.py:186} INFO - Inserted 38648 rows into 'omie.pdbc'.
[2026-01-20T21:07:24.932+0000] {pdbc.py:160} INFO - Processed pdbc for 20250407
[2026-01-20T21:07:25.215+0000] {filesystem.py:48} INFO - Saved file to /opt/***/local_data/silver/omie/pdbc/2025/04/20250408.parquet
[2026-01-20T21:07:31.909+0000] {database.py:186} INFO - Inserted 36270 rows into 'omie.pdbc'.
[2026-01-20T21:07:31.910+0000] {pdbc.py:160} INFO - Processed pdbc for 20250408
[2026-01-20T21:07:32.102+0000] {filesystem.py:48} INFO - Saved file to /opt/***/local_data/silver/omie/pdbc/2025/04/20250409.parquet
[2026-01-20T21:07:34.499+0000] {database.py:186} INFO - Inserted 37650 rows into 'omie.pdbc'.
[2026-01-20T21:07:34.500+0000] {pdbc.py:160} INFO - Processed pdbc for 20250409
[2026-01-20T21:07:34.843+0000] {filesystem.py:48} INFO - Saved file to /opt/***/local_data/silver/omie/pdbc/2025/04/20250410.parquet
[2026-01-20T21:07:38.274+0000] {database.py:186} INFO - Inserted 38840 rows into 'omie.pdbc'.
[2026-01-20T21:07:38.275+0000] {pdbc.py:160} INFO - Processed pdbc for 20250410
[2026-01-20T21:07:38.599+0000] {filesystem.py:48} INFO - Saved file to /opt/***/local_data/silver/omie/pdbc/2025/04/20250411.parquet
[2026-01-20T21:07:43.887+0000] {database.py:186} INFO - Inserted 39031 rows into 'omie.pdbc'.
[2026-01-20T21:07:43.889+0000] {pdbc.py:160} INFO - Processed pdbc for 20250411
[2026-01-20T21:07:44.037+0000] {filesystem.py:48} INFO - Saved file to /opt/***/local_data/silver/omie/pdbc/2025/04/20250412.parquet
[2026-01-20T21:08:07.010+0000] {database.py:186} INFO - Inserted 37940 rows into 'omie.pdbc'.
[2026-01-20T21:08:07.012+0000] {pdbc.py:160} INFO - Processed pdbc for 20250412
[2026-01-20T21:08:07.277+0000] {filesystem.py:48} INFO - Saved file to /opt/***/local_data/silver/omie/pdbc/2025/04/20250413.parquet
[2026-01-20T21:08:09.807+0000] {database.py:186} INFO - Inserted 36813 rows into 'omie.pdbc'.
[2026-01-20T21:08:09.808+0000] {pdbc.py:160} INFO - Processed pdbc for 20250413
[2026-01-20T21:08:09.979+0000] {filesystem.py:48} INFO - Saved file to /opt/***/local_data/silver/omie/pdbc/2025/04/20250414.parquet
[2026-01-20T21:08:12.281+0000] {database.py:186} INFO - Inserted 39208 rows into 'omie.pdbc'.
[2026-01-20T21:08:12.282+0000] {pdbc.py:160} INFO - Processed pdbc for 20250414
[2026-01-20T21:08:12.534+0000] {filesystem.py:48} INFO - Saved file to /opt/***/local_data/silver/omie/pdbc/2025/04/20250415.parquet
[2026-01-20T21:08:16.634+0000] {database.py:186} INFO - Inserted 38712 rows into 'omie.pdbc'.
[2026-01-20T21:08:16.635+0000] {pdbc.py:160} INFO - Processed pdbc for 20250415
[2026-01-20T21:08:16.944+0000] {filesystem.py:48} INFO - Saved file to /opt/***/local_data/silver/omie/pdbc/2025/04/20250416.parquet
[2026-01-20T21:08:24.684+0000] {database.py:186} INFO - Inserted 38949 rows into 'omie.pdbc'.
[2026-01-20T21:08:24.685+0000] {pdbc.py:160} INFO - Processed pdbc for 20250416
[2026-01-20T21:08:24.939+0000] {filesystem.py:48} INFO - Saved file to /opt/***/local_data/silver/omie/pdbc/2025/04/20250417.parquet
[2026-01-20T21:08:27.273+0000] {database.py:186} INFO - Inserted 38696 rows into 'omie.pdbc'.
[2026-01-20T21:08:27.274+0000] {pdbc.py:160} INFO - Processed pdbc for 20250417
[2026-01-20T21:08:27.498+0000] {filesystem.py:48} INFO - Saved file to /opt/***/local_data/silver/omie/pdbc/2025/04/20250418.parquet
[2026-01-20T21:08:32.508+0000] {database.py:186} INFO - Inserted 36113 rows into 'omie.pdbc'.
[2026-01-20T21:08:32.510+0000] {pdbc.py:160} INFO - Processed pdbc for 20250418
[2026-01-20T21:08:32.804+0000] {filesystem.py:48} INFO - Saved file to /opt/***/local_data/silver/omie/pdbc/2025/04/20250419.parquet
[2026-01-20T21:08:36.988+0000] {database.py:186} INFO - Inserted 33867 rows into 'omie.pdbc'.
[2026-01-20T21:08:36.989+0000] {pdbc.py:160} INFO - Processed pdbc for 20250419
[2026-01-20T21:08:37.270+0000] {filesystem.py:48} INFO - Saved file to /opt/***/local_data/silver/omie/pdbc/2025/04/20250420.parquet
[2026-01-20T21:08:46.086+0000] {database.py:186} INFO - Inserted 34348 rows into 'omie.pdbc'.
[2026-01-20T21:08:46.087+0000] {pdbc.py:160} INFO - Processed pdbc for 20250420
[2026-01-20T21:08:46.267+0000] {filesystem.py:48} INFO - Saved file to /opt/***/local_data/silver/omie/pdbc/2025/04/20250421.parquet
[2026-01-20T21:08:48.457+0000] {database.py:186} INFO - Inserted 38703 rows into 'omie.pdbc'.
[2026-01-20T21:08:48.458+0000] {pdbc.py:160} INFO - Processed pdbc for 20250421
[2026-01-20T21:08:48.723+0000] {filesystem.py:48} INFO - Saved file to /opt/***/local_data/silver/omie/pdbc/2025/04/20250422.parquet
[2026-01-20T21:08:53.322+0000] {database.py:186} INFO - Inserted 39604 rows into 'omie.pdbc'.
[2026-01-20T21:08:53.324+0000] {pdbc.py:160} INFO - Processed pdbc for 20250422
[2026-01-20T21:08:53.680+0000] {filesystem.py:48} INFO - Saved file to /opt/***/local_data/silver/omie/pdbc/2025/04/20250423.parquet
[2026-01-20T21:09:01.708+0000] {database.py:186} INFO - Inserted 40145 rows into 'omie.pdbc'.
[2026-01-20T21:09:01.709+0000] {pdbc.py:160} INFO - Processed pdbc for 20250423
[2026-01-20T21:09:01.857+0000] {filesystem.py:48} INFO - Saved file to /opt/***/local_data/silver/omie/pdbc/2025/04/20250424.parquet
[2026-01-20T21:09:19.673+0000] {database.py:186} INFO - Inserted 38900 rows into 'omie.pdbc'.
[2026-01-20T21:09:19.679+0000] {pdbc.py:160} INFO - Processed pdbc for 20250424
[2026-01-20T21:09:19.911+0000] {filesystem.py:48} INFO - Saved file to /opt/***/local_data/silver/omie/pdbc/2025/04/20250425.parquet
[2026-01-20T21:09:22.307+0000] {database.py:186} INFO - Inserted 38881 rows into 'omie.pdbc'.
[2026-01-20T21:09:22.308+0000] {pdbc.py:160} INFO - Processed pdbc for 20250425
[2026-01-20T21:09:22.450+0000] {filesystem.py:48} INFO - Saved file to /opt/***/local_data/silver/omie/pdbc/2025/04/20250426.parquet
[2026-01-20T21:09:25.205+0000] {database.py:186} INFO - Inserted 35133 rows into 'omie.pdbc'.
[2026-01-20T21:09:25.206+0000] {pdbc.py:160} INFO - Processed pdbc for 20250426
[2026-01-20T21:09:25.474+0000] {filesystem.py:48} INFO - Saved file to /opt/***/local_data/silver/omie/pdbc/2025/04/20250427.parquet
[2026-01-20T21:09:29.334+0000] {database.py:186} INFO - Inserted 33079 rows into 'omie.pdbc'.
[2026-01-20T21:09:29.336+0000] {pdbc.py:160} INFO - Processed pdbc for 20250427
[2026-01-20T21:09:29.561+0000] {filesystem.py:48} INFO - Saved file to /opt/***/local_data/silver/omie/pdbc/2025/04/20250428.parquet
[2026-01-20T21:09:34.523+0000] {database.py:186} INFO - Inserted 37077 rows into 'omie.pdbc'.
[2026-01-20T21:09:34.529+0000] {pdbc.py:160} INFO - Processed pdbc for 20250428
[2026-01-20T21:09:34.704+0000] {filesystem.py:48} INFO - Saved file to /opt/***/local_data/silver/omie/pdbc/2025/04/20250429.parquet
[2026-01-20T21:09:38.883+0000] {database.py:186} INFO - Inserted 37027 rows into 'omie.pdbc'.
[2026-01-20T21:09:38.884+0000] {pdbc.py:160} INFO - Processed pdbc for 20250429
[2026-01-20T21:09:39.068+0000] {filesystem.py:48} INFO - Saved file to /opt/***/local_data/silver/omie/pdbc/2025/04/20250430.parquet
[2026-01-20T21:09:44.175+0000] {database.py:186} INFO - Inserted 38362 rows into 'omie.pdbc'.
[2026-01-20T21:09:44.176+0000] {pdbc.py:160} INFO - Processed pdbc for 20250430
[2026-01-20T21:09:44.382+0000] {filesystem.py:48} INFO - Saved file to /opt/***/local_data/silver/omie/pdbc/2025/05/20250501.parquet
[2026-01-20T21:09:47.149+0000] {database.py:186} INFO - Inserted 33520 rows into 'omie.pdbc'.
[2026-01-20T21:09:47.150+0000] {pdbc.py:160} INFO - Processed pdbc for 20250501
[2026-01-20T21:09:47.369+0000] {filesystem.py:48} INFO - Saved file to /opt/***/local_data/silver/omie/pdbc/2025/05/20250502.parquet
[2026-01-20T21:09:51.879+0000] {database.py:186} INFO - Inserted 36220 rows into 'omie.pdbc'.
[2026-01-20T21:09:51.890+0000] {pdbc.py:160} INFO - Processed pdbc for 20250502
[2026-01-20T21:09:52.053+0000] {filesystem.py:48} INFO - Saved file to /opt/***/local_data/silver/omie/pdbc/2025/05/20250503.parquet
[2026-01-20T21:09:58.493+0000] {database.py:186} INFO - Inserted 35908 rows into 'omie.pdbc'.
[2026-01-20T21:09:58.495+0000] {pdbc.py:160} INFO - Processed pdbc for 20250503
[2026-01-20T21:09:58.757+0000] {filesystem.py:48} INFO - Saved file to /opt/***/local_data/silver/omie/pdbc/2025/05/20250504.parquet
[2026-01-20T21:10:01.675+0000] {database.py:186} INFO - Inserted 34806 rows into 'omie.pdbc'.
[2026-01-20T21:10:01.676+0000] {pdbc.py:160} INFO - Processed pdbc for 20250504
[2026-01-20T21:10:01.928+0000] {filesystem.py:48} INFO - Saved file to /opt/***/local_data/silver/omie/pdbc/2025/05/20250505.parquet
[2026-01-20T21:10:05.086+0000] {database.py:186} INFO - Inserted 36269 rows into 'omie.pdbc'.
[2026-01-20T21:10:05.088+0000] {pdbc.py:160} INFO - Processed pdbc for 20250505
[2026-01-20T21:10:05.363+0000] {filesystem.py:48} INFO - Saved file to /opt/***/local_data/silver/omie/pdbc/2025/05/20250506.parquet
[2026-01-20T21:10:34.097+0000] {database.py:186} INFO - Inserted 36129 rows into 'omie.pdbc'.
[2026-01-20T21:10:34.145+0000] {pdbc.py:160} INFO - Processed pdbc for 20250506
[2026-01-20T21:10:34.516+0000] {filesystem.py:48} INFO - Saved file to /opt/***/local_data/silver/omie/pdbc/2025/05/20250507.parquet
[2026-01-20T21:10:37.504+0000] {database.py:186} INFO - Inserted 38830 rows into 'omie.pdbc'.
[2026-01-20T21:10:37.507+0000] {pdbc.py:160} INFO - Processed pdbc for 20250507
[2026-01-20T21:10:37.665+0000] {filesystem.py:48} INFO - Saved file to /opt/***/local_data/silver/omie/pdbc/2025/05/20250508.parquet
[2026-01-20T21:10:39.877+0000] {database.py:186} INFO - Inserted 39167 rows into 'omie.pdbc'.
[2026-01-20T21:10:39.878+0000] {pdbc.py:160} INFO - Processed pdbc for 20250508
[2026-01-20T21:10:40.117+0000] {filesystem.py:48} INFO - Saved file to /opt/***/local_data/silver/omie/pdbc/2025/05/20250509.parquet
[2026-01-20T21:10:42.902+0000] {database.py:186} INFO - Inserted 39931 rows into 'omie.pdbc'.
[2026-01-20T21:10:42.904+0000] {pdbc.py:160} INFO - Processed pdbc for 20250509
[2026-01-20T21:10:43.190+0000] {filesystem.py:48} INFO - Saved file to /opt/***/local_data/silver/omie/pdbc/2025/05/20250510.parquet
[2026-01-20T21:10:50.210+0000] {database.py:186} INFO - Inserted 35666 rows into 'omie.pdbc'.
[2026-01-20T21:10:50.211+0000] {pdbc.py:160} INFO - Processed pdbc for 20250510
[2026-01-20T21:10:50.376+0000] {filesystem.py:48} INFO - Saved file to /opt/***/local_data/silver/omie/pdbc/2025/05/20250511.parquet
[2026-01-20T21:10:53.073+0000] {database.py:186} INFO - Inserted 32612 rows into 'omie.pdbc'.
[2026-01-20T21:10:53.074+0000] {pdbc.py:160} INFO - Processed pdbc for 20250511
[2026-01-20T21:10:53.216+0000] {filesystem.py:48} INFO - Saved file to /opt/***/local_data/silver/omie/pdbc/2025/05/20250512.parquet
[2026-01-20T21:10:56.754+0000] {database.py:186} INFO - Inserted 37080 rows into 'omie.pdbc'.
[2026-01-20T21:10:56.755+0000] {pdbc.py:160} INFO - Processed pdbc for 20250512
[2026-01-20T21:10:57.037+0000] {filesystem.py:48} INFO - Saved file to /opt/***/local_data/silver/omie/pdbc/2025/05/20250513.parquet
[2026-01-20T21:11:01.063+0000] {database.py:186} INFO - Inserted 38615 rows into 'omie.pdbc'.
[2026-01-20T21:11:01.063+0000] {pdbc.py:160} INFO - Processed pdbc for 20250513
[2026-01-20T21:11:01.233+0000] {filesystem.py:48} INFO - Saved file to /opt/***/local_data/silver/omie/pdbc/2025/05/20250514.parquet
[2026-01-20T21:11:04.415+0000] {database.py:186} INFO - Inserted 37675 rows into 'omie.pdbc'.
[2026-01-20T21:11:04.417+0000] {pdbc.py:160} INFO - Processed pdbc for 20250514
[2026-01-20T21:11:04.685+0000] {filesystem.py:48} INFO - Saved file to /opt/***/local_data/silver/omie/pdbc/2025/05/20250515.parquet
[2026-01-20T21:11:09.416+0000] {database.py:186} INFO - Inserted 37254 rows into 'omie.pdbc'.
[2026-01-20T21:11:09.417+0000] {pdbc.py:160} INFO - Processed pdbc for 20250515
[2026-01-20T21:11:09.642+0000] {filesystem.py:48} INFO - Saved file to /opt/***/local_data/silver/omie/pdbc/2025/05/20250516.parquet
[2026-01-20T21:11:12.715+0000] {database.py:186} INFO - Inserted 35651 rows into 'omie.pdbc'.
[2026-01-20T21:11:12.719+0000] {pdbc.py:160} INFO - Processed pdbc for 20250516
[2026-01-20T21:11:12.950+0000] {filesystem.py:48} INFO - Saved file to /opt/***/local_data/silver/omie/pdbc/2025/05/20250517.parquet
[2026-01-20T21:11:15.860+0000] {database.py:186} INFO - Inserted 34659 rows into 'omie.pdbc'.
[2026-01-20T21:11:15.862+0000] {pdbc.py:160} INFO - Processed pdbc for 20250517
[2026-01-20T21:11:16.045+0000] {filesystem.py:48} INFO - Saved file to /opt/***/local_data/silver/omie/pdbc/2025/05/20250518.parquet
[2026-01-20T21:11:18.854+0000] {database.py:186} INFO - Inserted 33458 rows into 'omie.pdbc'.
[2026-01-20T21:11:18.855+0000] {pdbc.py:160} INFO - Processed pdbc for 20250518
[2026-01-20T21:11:19.075+0000] {filesystem.py:48} INFO - Saved file to /opt/***/local_data/silver/omie/pdbc/2025/05/20250519.parquet
[2026-01-20T21:11:22.527+0000] {database.py:186} INFO - Inserted 37532 rows into 'omie.pdbc'.
[2026-01-20T21:11:22.531+0000] {pdbc.py:160} INFO - Processed pdbc for 20250519
[2026-01-20T21:11:22.755+0000] {filesystem.py:48} INFO - Saved file to /opt/***/local_data/silver/omie/pdbc/2025/05/20250520.parquet
[2026-01-20T21:11:25.289+0000] {database.py:186} INFO - Inserted 37058 rows into 'omie.pdbc'.
[2026-01-20T21:11:25.290+0000] {pdbc.py:160} INFO - Processed pdbc for 20250520
[2026-01-20T21:11:25.573+0000] {filesystem.py:48} INFO - Saved file to /opt/***/local_data/silver/omie/pdbc/2025/05/20250521.parquet
[2026-01-20T21:11:29.013+0000] {database.py:186} INFO - Inserted 38241 rows into 'omie.pdbc'.
[2026-01-20T21:11:29.014+0000] {pdbc.py:160} INFO - Processed pdbc for 20250521
[2026-01-20T21:11:29.242+0000] {filesystem.py:48} INFO - Saved file to /opt/***/local_data/silver/omie/pdbc/2025/05/20250522.parquet
[2026-01-20T21:11:34.496+0000] {database.py:186} INFO - Inserted 36627 rows into 'omie.pdbc'.
[2026-01-20T21:11:34.497+0000] {pdbc.py:160} INFO - Processed pdbc for 20250522
[2026-01-20T21:11:34.762+0000] {filesystem.py:48} INFO - Saved file to /opt/***/local_data/silver/omie/pdbc/2025/05/20250523.parquet
[2026-01-20T21:11:38.450+0000] {database.py:186} INFO - Inserted 37810 rows into 'omie.pdbc'.
[2026-01-20T21:11:38.451+0000] {pdbc.py:160} INFO - Processed pdbc for 20250523
[2026-01-20T21:11:38.640+0000] {filesystem.py:48} INFO - Saved file to /opt/***/local_data/silver/omie/pdbc/2025/05/20250524.parquet
[2026-01-20T21:11:41.524+0000] {database.py:186} INFO - Inserted 34057 rows into 'omie.pdbc'.
[2026-01-20T21:11:41.527+0000] {pdbc.py:160} INFO - Processed pdbc for 20250524
[2026-01-20T21:11:41.734+0000] {filesystem.py:48} INFO - Saved file to /opt/***/local_data/silver/omie/pdbc/2025/05/20250525.parquet
[2026-01-20T21:11:45.927+0000] {database.py:186} INFO - Inserted 33256 rows into 'omie.pdbc'.
[2026-01-20T21:11:45.929+0000] {pdbc.py:160} INFO - Processed pdbc for 20250525
[2026-01-20T21:11:46.128+0000] {filesystem.py:48} INFO - Saved file to /opt/***/local_data/silver/omie/pdbc/2025/05/20250526.parquet
[2026-01-20T21:11:49.118+0000] {database.py:186} INFO - Inserted 38249 rows into 'omie.pdbc'.
[2026-01-20T21:11:49.119+0000] {pdbc.py:160} INFO - Processed pdbc for 20250526
[2026-01-20T21:11:49.457+0000] {filesystem.py:48} INFO - Saved file to /opt/***/local_data/silver/omie/pdbc/2025/05/20250527.parquet
[2026-01-20T21:11:53.674+0000] {database.py:186} INFO - Inserted 38814 rows into 'omie.pdbc'.
[2026-01-20T21:11:53.676+0000] {pdbc.py:160} INFO - Processed pdbc for 20250527
[2026-01-20T21:11:53.934+0000] {filesystem.py:48} INFO - Saved file to /opt/***/local_data/silver/omie/pdbc/2025/05/20250528.parquet
[2026-01-20T21:11:57.922+0000] {database.py:186} INFO - Inserted 38898 rows into 'omie.pdbc'.
[2026-01-20T21:11:57.923+0000] {pdbc.py:160} INFO - Processed pdbc for 20250528
[2026-01-20T21:11:58.295+0000] {filesystem.py:48} INFO - Saved file to /opt/***/local_data/silver/omie/pdbc/2025/05/20250529.parquet
[2026-01-20T21:12:02.113+0000] {database.py:186} INFO - Inserted 39343 rows into 'omie.pdbc'.
[2026-01-20T21:12:02.114+0000] {pdbc.py:160} INFO - Processed pdbc for 20250529
[2026-01-20T21:12:03.430+0000] {filesystem.py:48} INFO - Saved file to /opt/***/local_data/silver/omie/pdbc/2025/05/20250530.parquet
[2026-01-20T21:12:12.632+0000] {database.py:186} INFO - Inserted 39322 rows into 'omie.pdbc'.
[2026-01-20T21:12:12.633+0000] {pdbc.py:160} INFO - Processed pdbc for 20250530
[2026-01-20T21:12:12.871+0000] {filesystem.py:48} INFO - Saved file to /opt/***/local_data/silver/omie/pdbc/2025/05/20250531.parquet
[2026-01-20T21:12:26.297+0000] {database.py:186} INFO - Inserted 36884 rows into 'omie.pdbc'.
[2026-01-20T21:12:26.300+0000] {pdbc.py:160} INFO - Processed pdbc for 20250531
[2026-01-20T21:12:26.576+0000] {filesystem.py:48} INFO - Saved file to /opt/***/local_data/silver/omie/pdbc/2025/06/20250601.parquet
[2026-01-20T21:12:28.671+0000] {database.py:186} INFO - Inserted 35873 rows into 'omie.pdbc'.
[2026-01-20T21:12:28.671+0000] {pdbc.py:160} INFO - Processed pdbc for 20250601
[2026-01-20T21:12:28.861+0000] {filesystem.py:48} INFO - Saved file to /opt/***/local_data/silver/omie/pdbc/2025/06/20250602.parquet
[2026-01-20T21:12:30.978+0000] {database.py:186} INFO - Inserted 40906 rows into 'omie.pdbc'.
[2026-01-20T21:12:30.980+0000] {pdbc.py:160} INFO - Processed pdbc for 20250602
[2026-01-20T21:12:31.153+0000] {filesystem.py:48} INFO - Saved file to /opt/***/local_data/silver/omie/pdbc/2025/06/20250603.parquet
[2026-01-20T21:12:33.251+0000] {database.py:186} INFO - Inserted 41123 rows into 'omie.pdbc'.
[2026-01-20T21:12:33.252+0000] {pdbc.py:160} INFO - Processed pdbc for 20250603
[2026-01-20T21:12:33.474+0000] {filesystem.py:48} INFO - Saved file to /opt/***/local_data/silver/omie/pdbc/2025/06/20250604.parquet
[2026-01-20T21:12:36.200+0000] {database.py:186} INFO - Inserted 41829 rows into 'omie.pdbc'.
[2026-01-20T21:12:36.203+0000] {pdbc.py:160} INFO - Processed pdbc for 20250604
[2026-01-20T21:12:36.481+0000] {filesystem.py:48} INFO - Saved file to /opt/***/local_data/silver/omie/pdbc/2025/06/20250605.parquet
[2026-01-20T21:12:39.672+0000] {database.py:186} INFO - Inserted 40034 rows into 'omie.pdbc'.
[2026-01-20T21:12:39.674+0000] {pdbc.py:160} INFO - Processed pdbc for 20250605
[2026-01-20T21:12:39.935+0000] {filesystem.py:48} INFO - Saved file to /opt/***/local_data/silver/omie/pdbc/2025/06/20250606.parquet
[2026-01-20T21:12:42.890+0000] {database.py:186} INFO - Inserted 40899 rows into 'omie.pdbc'.
[2026-01-20T21:12:42.891+0000] {pdbc.py:160} INFO - Processed pdbc for 20250606
[2026-01-20T21:12:43.094+0000] {filesystem.py:48} INFO - Saved file to /opt/***/local_data/silver/omie/pdbc/2025/06/20250607.parquet
[2026-01-20T21:12:45.916+0000] {database.py:186} INFO - Inserted 38223 rows into 'omie.pdbc'.
[2026-01-20T21:12:45.919+0000] {pdbc.py:160} INFO - Processed pdbc for 20250607
[2026-01-20T21:12:46.134+0000] {filesystem.py:48} INFO - Saved file to /opt/***/local_data/silver/omie/pdbc/2025/06/20250608.parquet
[2026-01-20T21:12:53.358+0000] {database.py:186} INFO - Inserted 36293 rows into 'omie.pdbc'.
[2026-01-20T21:12:53.359+0000] {pdbc.py:160} INFO - Processed pdbc for 20250608
[2026-01-20T21:12:53.501+0000] {filesystem.py:48} INFO - Saved file to /opt/***/local_data/silver/omie/pdbc/2025/06/20250609.parquet
[2026-01-20T21:12:55.503+0000] {database.py:186} INFO - Inserted 41419 rows into 'omie.pdbc'.
[2026-01-20T21:12:55.506+0000] {pdbc.py:160} INFO - Processed pdbc for 20250609
[2026-01-20T21:12:55.734+0000] {filesystem.py:48} INFO - Saved file to /opt/***/local_data/silver/omie/pdbc/2025/06/20250610.parquet
[2026-01-20T21:12:58.480+0000] {database.py:186} INFO - Inserted 41775 rows into 'omie.pdbc'.
[2026-01-20T21:12:58.481+0000] {pdbc.py:160} INFO - Processed pdbc for 20250610
[2026-01-20T21:12:58.723+0000] {filesystem.py:48} INFO - Saved file to /opt/***/local_data/silver/omie/pdbc/2025/06/20250611.parquet
[2026-01-20T21:13:02.005+0000] {database.py:186} INFO - Inserted 42266 rows into 'omie.pdbc'.
[2026-01-20T21:13:02.008+0000] {pdbc.py:160} INFO - Processed pdbc for 20250611
[2026-01-20T21:13:02.280+0000] {filesystem.py:48} INFO - Saved file to /opt/***/local_data/silver/omie/pdbc/2025/06/20250612.parquet
[2026-01-20T21:13:05.468+0000] {database.py:186} INFO - Inserted 41444 rows into 'omie.pdbc'.
[2026-01-20T21:13:05.470+0000] {pdbc.py:160} INFO - Processed pdbc for 20250612
[2026-01-20T21:13:05.723+0000] {filesystem.py:48} INFO - Saved file to /opt/***/local_data/silver/omie/pdbc/2025/06/20250613.parquet
[2026-01-20T21:13:08.245+0000] {database.py:186} INFO - Inserted 41938 rows into 'omie.pdbc'.
[2026-01-20T21:13:08.246+0000] {pdbc.py:160} INFO - Processed pdbc for 20250613
[2026-01-20T21:13:08.406+0000] {filesystem.py:48} INFO - Saved file to /opt/***/local_data/silver/omie/pdbc/2025/06/20250614.parquet
[2026-01-20T21:13:13.046+0000] {database.py:186} INFO - Inserted 38868 rows into 'omie.pdbc'.
[2026-01-20T21:13:13.048+0000] {pdbc.py:160} INFO - Processed pdbc for 20250614
[2026-01-20T21:13:13.407+0000] {filesystem.py:48} INFO - Saved file to /opt/***/local_data/silver/omie/pdbc/2025/06/20250615.parquet
[2026-01-20T21:13:15.455+0000] {database.py:186} INFO - Inserted 37771 rows into 'omie.pdbc'.
[2026-01-20T21:13:15.456+0000] {pdbc.py:160} INFO - Processed pdbc for 20250615
[2026-01-20T21:13:15.644+0000] {filesystem.py:48} INFO - Saved file to /opt/***/local_data/silver/omie/pdbc/2025/06/20250616.parquet
[2026-01-20T21:13:19.786+0000] {database.py:186} INFO - Inserted 42384 rows into 'omie.pdbc'.
[2026-01-20T21:13:19.788+0000] {pdbc.py:160} INFO - Processed pdbc for 20250616
[2026-01-20T21:13:19.965+0000] {filesystem.py:48} INFO - Saved file to /opt/***/local_data/silver/omie/pdbc/2025/06/20250617.parquet
[2026-01-20T21:13:23.371+0000] {database.py:186} INFO - Inserted 42341 rows into 'omie.pdbc'.
[2026-01-20T21:13:23.372+0000] {pdbc.py:160} INFO - Processed pdbc for 20250617
[2026-01-20T21:13:23.580+0000] {filesystem.py:48} INFO - Saved file to /opt/***/local_data/silver/omie/pdbc/2025/06/20250618.parquet
[2026-01-20T21:13:25.816+0000] {database.py:186} INFO - Inserted 42003 rows into 'omie.pdbc'.
[2026-01-20T21:13:25.817+0000] {pdbc.py:160} INFO - Processed pdbc for 20250618
[2026-01-20T21:13:26.008+0000] {filesystem.py:48} INFO - Saved file to /opt/***/local_data/silver/omie/pdbc/2025/06/20250619.parquet
[2026-01-20T21:13:28.785+0000] {database.py:186} INFO - Inserted 42291 rows into 'omie.pdbc'.
[2026-01-20T21:13:28.786+0000] {pdbc.py:160} INFO - Processed pdbc for 20250619
[2026-01-20T21:13:29.013+0000] {filesystem.py:48} INFO - Saved file to /opt/***/local_data/silver/omie/pdbc/2025/06/20250620.parquet
[2026-01-20T21:13:31.975+0000] {database.py:186} INFO - Inserted 42339 rows into 'omie.pdbc'.
[2026-01-20T21:13:31.976+0000] {pdbc.py:160} INFO - Processed pdbc for 20250620
[2026-01-20T21:13:32.369+0000] {filesystem.py:48} INFO - Saved file to /opt/***/local_data/silver/omie/pdbc/2025/06/20250621.parquet
[2026-01-20T21:13:35.434+0000] {database.py:186} INFO - Inserted 40391 rows into 'omie.pdbc'.
[2026-01-20T21:13:35.435+0000] {pdbc.py:160} INFO - Processed pdbc for 20250621
[2026-01-20T21:13:35.680+0000] {filesystem.py:48} INFO - Saved file to /opt/***/local_data/silver/omie/pdbc/2025/06/20250622.parquet
[2026-01-20T21:13:40.466+0000] {database.py:186} INFO - Inserted 37426 rows into 'omie.pdbc'.
[2026-01-20T21:13:40.468+0000] {pdbc.py:160} INFO - Processed pdbc for 20250622
[2026-01-20T21:13:40.659+0000] {filesystem.py:48} INFO - Saved file to /opt/***/local_data/silver/omie/pdbc/2025/06/20250623.parquet
[2026-01-20T21:13:46.075+0000] {database.py:186} INFO - Inserted 41571 rows into 'omie.pdbc'.
[2026-01-20T21:13:46.076+0000] {pdbc.py:160} INFO - Processed pdbc for 20250623
[2026-01-20T21:13:46.554+0000] {filesystem.py:48} INFO - Saved file to /opt/***/local_data/silver/omie/pdbc/2025/06/20250624.parquet
[2026-01-20T21:14:05.818+0000] {database.py:186} INFO - Inserted 41609 rows into 'omie.pdbc'.
[2026-01-20T21:14:05.819+0000] {pdbc.py:160} INFO - Processed pdbc for 20250624
[2026-01-20T21:14:06.142+0000] {filesystem.py:48} INFO - Saved file to /opt/***/local_data/silver/omie/pdbc/2025/06/20250625.parquet
[2026-01-20T21:14:08.168+0000] {database.py:186} INFO - Inserted 42526 rows into 'omie.pdbc'.
[2026-01-20T21:14:08.170+0000] {pdbc.py:160} INFO - Processed pdbc for 20250625
[2026-01-20T21:14:08.385+0000] {filesystem.py:48} INFO - Saved file to /opt/***/local_data/silver/omie/pdbc/2025/06/20250626.parquet
[2026-01-20T21:14:10.299+0000] {database.py:186} INFO - Inserted 42378 rows into 'omie.pdbc'.
[2026-01-20T21:14:10.300+0000] {pdbc.py:160} INFO - Processed pdbc for 20250626
[2026-01-20T21:14:10.484+0000] {filesystem.py:48} INFO - Saved file to /opt/***/local_data/silver/omie/pdbc/2025/06/20250627.parquet
[2026-01-20T21:14:12.299+0000] {database.py:186} INFO - Inserted 42253 rows into 'omie.pdbc'.
[2026-01-20T21:14:12.300+0000] {pdbc.py:160} INFO - Processed pdbc for 20250627
[2026-01-20T21:14:12.458+0000] {filesystem.py:48} INFO - Saved file to /opt/***/local_data/silver/omie/pdbc/2025/06/20250628.parquet
[2026-01-20T21:14:14.984+0000] {database.py:186} INFO - Inserted 41118 rows into 'omie.pdbc'.
[2026-01-20T21:14:14.986+0000] {pdbc.py:160} INFO - Processed pdbc for 20250628
[2026-01-20T21:14:15.212+0000] {filesystem.py:48} INFO - Saved file to /opt/***/local_data/silver/omie/pdbc/2025/06/20250629.parquet
[2026-01-20T21:14:19.335+0000] {database.py:186} INFO - Inserted 40864 rows into 'omie.pdbc'.
[2026-01-20T21:14:19.336+0000] {pdbc.py:160} INFO - Processed pdbc for 20250629
[2026-01-20T21:14:19.493+0000] {filesystem.py:48} INFO - Saved file to /opt/***/local_data/silver/omie/pdbc/2025/06/20250630.parquet
[2026-01-20T21:14:22.092+0000] {database.py:186} INFO - Inserted 41703 rows into 'omie.pdbc'.
[2026-01-20T21:14:22.094+0000] {pdbc.py:160} INFO - Processed pdbc for 20250630
[2026-01-20T21:14:22.786+0000] {filesystem.py:48} INFO - Saved file to /opt/***/local_data/silver/omie/pdbc/2025/07/20250701.parquet
[2026-01-20T21:14:27.958+0000] {database.py:186} INFO - Inserted 42277 rows into 'omie.pdbc'.
[2026-01-20T21:14:27.960+0000] {pdbc.py:160} INFO - Processed pdbc for 20250701
[2026-01-20T21:14:28.150+0000] {filesystem.py:48} INFO - Saved file to /opt/***/local_data/silver/omie/pdbc/2025/07/20250702.parquet
[2026-01-20T21:14:30.306+0000] {database.py:186} INFO - Inserted 43122 rows into 'omie.pdbc'.
[2026-01-20T21:14:30.307+0000] {pdbc.py:160} INFO - Processed pdbc for 20250702
[2026-01-20T21:14:30.542+0000] {filesystem.py:48} INFO - Saved file to /opt/***/local_data/silver/omie/pdbc/2025/07/20250703.parquet
[2026-01-20T21:14:34.169+0000] {database.py:186} INFO - Inserted 43552 rows into 'omie.pdbc'.
[2026-01-20T21:14:34.171+0000] {pdbc.py:160} INFO - Processed pdbc for 20250703
[2026-01-20T21:14:34.368+0000] {filesystem.py:48} INFO - Saved file to /opt/***/local_data/silver/omie/pdbc/2025/07/20250704.parquet
[2026-01-20T21:14:37.109+0000] {database.py:186} INFO - Inserted 43442 rows into 'omie.pdbc'.
[2026-01-20T21:14:37.110+0000] {pdbc.py:160} INFO - Processed pdbc for 20250704
[2026-01-20T21:14:37.399+0000] {filesystem.py:48} INFO - Saved file to /opt/***/local_data/silver/omie/pdbc/2025/07/20250705.parquet
[2026-01-20T21:14:40.777+0000] {database.py:186} INFO - Inserted 42416 rows into 'omie.pdbc'.
[2026-01-20T21:14:40.778+0000] {pdbc.py:160} INFO - Processed pdbc for 20250705
[2026-01-20T21:14:41.047+0000] {filesystem.py:48} INFO - Saved file to /opt/***/local_data/silver/omie/pdbc/2025/07/20250706.parquet
[2026-01-20T21:14:44.280+0000] {database.py:186} INFO - Inserted 40869 rows into 'omie.pdbc'.
[2026-01-20T21:14:44.281+0000] {pdbc.py:160} INFO - Processed pdbc for 20250706
[2026-01-20T21:14:44.517+0000] {filesystem.py:48} INFO - Saved file to /opt/***/local_data/silver/omie/pdbc/2025/07/20250707.parquet
[2026-01-20T21:14:47.401+0000] {database.py:186} INFO - Inserted 42977 rows into 'omie.pdbc'.
[2026-01-20T21:14:47.402+0000] {pdbc.py:160} INFO - Processed pdbc for 20250707
[2026-01-20T21:14:47.607+0000] {filesystem.py:48} INFO - Saved file to /opt/***/local_data/silver/omie/pdbc/2025/07/20250708.parquet
[2026-01-20T21:14:49.877+0000] {database.py:186} INFO - Inserted 42966 rows into 'omie.pdbc'.
[2026-01-20T21:14:49.878+0000] {pdbc.py:160} INFO - Processed pdbc for 20250708
[2026-01-20T21:14:50.080+0000] {filesystem.py:48} INFO - Saved file to /opt/***/local_data/silver/omie/pdbc/2025/07/20250709.parquet
[2026-01-20T21:14:55.495+0000] {database.py:186} INFO - Inserted 42902 rows into 'omie.pdbc'.
[2026-01-20T21:14:55.496+0000] {pdbc.py:160} INFO - Processed pdbc for 20250709
[2026-01-20T21:14:55.705+0000] {filesystem.py:48} INFO - Saved file to /opt/***/local_data/silver/omie/pdbc/2025/07/20250710.parquet
[2026-01-20T21:14:57.680+0000] {database.py:186} INFO - Inserted 42744 rows into 'omie.pdbc'.
[2026-01-20T21:14:57.681+0000] {pdbc.py:160} INFO - Processed pdbc for 20250710
[2026-01-20T21:14:57.828+0000] {filesystem.py:48} INFO - Saved file to /opt/***/local_data/silver/omie/pdbc/2025/07/20250711.parquet
[2026-01-20T21:15:00.287+0000] {database.py:186} INFO - Inserted 43424 rows into 'omie.pdbc'.
[2026-01-20T21:15:00.288+0000] {pdbc.py:160} INFO - Processed pdbc for 20250711
[2026-01-20T21:15:00.517+0000] {filesystem.py:48} INFO - Saved file to /opt/***/local_data/silver/omie/pdbc/2025/07/20250712.parquet
[2026-01-20T21:15:04.544+0000] {database.py:186} INFO - Inserted 41957 rows into 'omie.pdbc'.
[2026-01-20T21:15:04.545+0000] {pdbc.py:160} INFO - Processed pdbc for 20250712
[2026-01-20T21:15:04.698+0000] {filesystem.py:48} INFO - Saved file to /opt/***/local_data/silver/omie/pdbc/2025/07/20250713.parquet
[2026-01-20T21:15:08.292+0000] {database.py:186} INFO - Inserted 40106 rows into 'omie.pdbc'.
[2026-01-20T21:15:08.294+0000] {pdbc.py:160} INFO - Processed pdbc for 20250713
[2026-01-20T21:15:08.628+0000] {filesystem.py:48} INFO - Saved file to /opt/***/local_data/silver/omie/pdbc/2025/07/20250714.parquet
[2026-01-20T21:15:19.450+0000] {database.py:186} INFO - Inserted 42579 rows into 'omie.pdbc'.
[2026-01-20T21:15:19.453+0000] {pdbc.py:160} INFO - Processed pdbc for 20250714
[2026-01-20T21:15:19.998+0000] {filesystem.py:48} INFO - Saved file to /opt/***/local_data/silver/omie/pdbc/2025/07/20250715.parquet
[2026-01-20T21:15:34.943+0000] {database.py:186} INFO - Inserted 42615 rows into 'omie.pdbc'.
[2026-01-20T21:15:34.944+0000] {pdbc.py:160} INFO - Processed pdbc for 20250715
[2026-01-20T21:15:35.121+0000] {filesystem.py:48} INFO - Saved file to /opt/***/local_data/silver/omie/pdbc/2025/07/20250716.parquet
[2026-01-20T21:15:37.414+0000] {database.py:186} INFO - Inserted 42679 rows into 'omie.pdbc'.
[2026-01-20T21:15:37.416+0000] {pdbc.py:160} INFO - Processed pdbc for 20250716
[2026-01-20T21:15:37.586+0000] {filesystem.py:48} INFO - Saved file to /opt/***/local_data/silver/omie/pdbc/2025/07/20250717.parquet
[2026-01-20T21:15:39.770+0000] {database.py:186} INFO - Inserted 42714 rows into 'omie.pdbc'.
[2026-01-20T21:15:39.771+0000] {pdbc.py:160} INFO - Processed pdbc for 20250717
[2026-01-20T21:15:39.964+0000] {filesystem.py:48} INFO - Saved file to /opt/***/local_data/silver/omie/pdbc/2025/07/20250718.parquet
[2026-01-20T21:15:43.379+0000] {database.py:186} INFO - Inserted 43092 rows into 'omie.pdbc'.
[2026-01-20T21:15:43.381+0000] {pdbc.py:160} INFO - Processed pdbc for 20250718
[2026-01-20T21:15:43.626+0000] {filesystem.py:48} INFO - Saved file to /opt/***/local_data/silver/omie/pdbc/2025/07/20250719.parquet
[2026-01-20T21:15:46.643+0000] {database.py:186} INFO - Inserted 41428 rows into 'omie.pdbc'.
[2026-01-20T21:15:46.644+0000] {pdbc.py:160} INFO - Processed pdbc for 20250719
[2026-01-20T21:15:46.866+0000] {filesystem.py:48} INFO - Saved file to /opt/***/local_data/silver/omie/pdbc/2025/07/20250720.parquet
[2026-01-20T21:15:49.728+0000] {database.py:186} INFO - Inserted 38865 rows into 'omie.pdbc'.
[2026-01-20T21:15:49.730+0000] {pdbc.py:160} INFO - Processed pdbc for 20250720
[2026-01-20T21:15:50.049+0000] {filesystem.py:48} INFO - Saved file to /opt/***/local_data/silver/omie/pdbc/2025/07/20250721.parquet
[2026-01-20T21:15:52.782+0000] {database.py:186} INFO - Inserted 43143 rows into 'omie.pdbc'.
[2026-01-20T21:15:52.785+0000] {pdbc.py:160} INFO - Processed pdbc for 20250721
[2026-01-20T21:15:53.054+0000] {filesystem.py:48} INFO - Saved file to /opt/***/local_data/silver/omie/pdbc/2025/07/20250722.parquet
[2026-01-20T21:15:55.921+0000] {database.py:186} INFO - Inserted 42825 rows into 'omie.pdbc'.
[2026-01-20T21:15:55.923+0000] {pdbc.py:160} INFO - Processed pdbc for 20250722
[2026-01-20T21:15:56.109+0000] {filesystem.py:48} INFO - Saved file to /opt/***/local_data/silver/omie/pdbc/2025/07/20250723.parquet
[2026-01-20T21:15:58.977+0000] {database.py:186} INFO - Inserted 42956 rows into 'omie.pdbc'.
[2026-01-20T21:15:58.979+0000] {pdbc.py:160} INFO - Processed pdbc for 20250723
[2026-01-20T21:15:59.146+0000] {filesystem.py:48} INFO - Saved file to /opt/***/local_data/silver/omie/pdbc/2025/07/20250724.parquet
[2026-01-20T21:16:02.438+0000] {database.py:186} INFO - Inserted 43325 rows into 'omie.pdbc'.
[2026-01-20T21:16:02.442+0000] {pdbc.py:160} INFO - Processed pdbc for 20250724
[2026-01-20T21:16:02.629+0000] {filesystem.py:48} INFO - Saved file to /opt/***/local_data/silver/omie/pdbc/2025/07/20250725.parquet
[2026-01-20T21:16:06.367+0000] {database.py:186} INFO - Inserted 42361 rows into 'omie.pdbc'.
[2026-01-20T21:16:06.368+0000] {pdbc.py:160} INFO - Processed pdbc for 20250725
[2026-01-20T21:16:06.633+0000] {filesystem.py:48} INFO - Saved file to /opt/***/local_data/silver/omie/pdbc/2025/07/20250726.parquet
[2026-01-20T21:16:10.000+0000] {database.py:186} INFO - Inserted 40502 rows into 'omie.pdbc'.
[2026-01-20T21:16:10.004+0000] {pdbc.py:160} INFO - Processed pdbc for 20250726
[2026-01-20T21:16:10.273+0000] {filesystem.py:48} INFO - Saved file to /opt/***/local_data/silver/omie/pdbc/2025/07/20250727.parquet
[2026-01-20T21:16:16.521+0000] {database.py:186} INFO - Inserted 38203 rows into 'omie.pdbc'.
[2026-01-20T21:16:16.522+0000] {pdbc.py:160} INFO - Processed pdbc for 20250727
[2026-01-20T21:16:16.743+0000] {filesystem.py:48} INFO - Saved file to /opt/***/local_data/silver/omie/pdbc/2025/07/20250728.parquet
[2026-01-20T21:16:19.437+0000] {database.py:186} INFO - Inserted 42212 rows into 'omie.pdbc'.
[2026-01-20T21:16:19.439+0000] {pdbc.py:160} INFO - Processed pdbc for 20250728
[2026-01-20T21:16:19.861+0000] {filesystem.py:48} INFO - Saved file to /opt/***/local_data/silver/omie/pdbc/2025/07/20250729.parquet
[2026-01-20T21:16:23.084+0000] {database.py:186} INFO - Inserted 41996 rows into 'omie.pdbc'.
[2026-01-20T21:16:23.085+0000] {pdbc.py:160} INFO - Processed pdbc for 20250729
[2026-01-20T21:16:23.279+0000] {filesystem.py:48} INFO - Saved file to /opt/***/local_data/silver/omie/pdbc/2025/07/20250730.parquet
[2026-01-20T21:16:26.640+0000] {database.py:186} INFO - Inserted 42573 rows into 'omie.pdbc'.
[2026-01-20T21:16:26.641+0000] {pdbc.py:160} INFO - Processed pdbc for 20250730
[2026-01-20T21:16:26.909+0000] {filesystem.py:48} INFO - Saved file to /opt/***/local_data/silver/omie/pdbc/2025/07/20250731.parquet
[2026-01-20T21:16:29.970+0000] {database.py:186} INFO - Inserted 42191 rows into 'omie.pdbc'.
[2026-01-20T21:16:29.972+0000] {pdbc.py:160} INFO - Processed pdbc for 20250731
[2026-01-20T21:16:31.179+0000] {filesystem.py:48} INFO - Saved file to /opt/***/local_data/silver/omie/pdbc/2025/08/20250801.parquet
[2026-01-20T21:16:34.490+0000] {database.py:186} INFO - Inserted 42231 rows into 'omie.pdbc'.
[2026-01-20T21:16:34.491+0000] {pdbc.py:160} INFO - Processed pdbc for 20250801
[2026-01-20T21:16:34.712+0000] {filesystem.py:48} INFO - Saved file to /opt/***/local_data/silver/omie/pdbc/2025/08/20250802.parquet
[2026-01-20T21:16:37.972+0000] {database.py:186} INFO - Inserted 40296 rows into 'omie.pdbc'.
[2026-01-20T21:16:37.973+0000] {pdbc.py:160} INFO - Processed pdbc for 20250802
[2026-01-20T21:16:38.197+0000] {filesystem.py:48} INFO - Saved file to /opt/***/local_data/silver/omie/pdbc/2025/08/20250803.parquet
[2026-01-20T21:16:40.926+0000] {database.py:186} INFO - Inserted 36188 rows into 'omie.pdbc'.
[2026-01-20T21:16:40.927+0000] {pdbc.py:160} INFO - Processed pdbc for 20250803
[2026-01-20T21:16:41.128+0000] {filesystem.py:48} INFO - Saved file to /opt/***/local_data/silver/omie/pdbc/2025/08/20250804.parquet
[2026-01-20T21:16:44.286+0000] {database.py:186} INFO - Inserted 40972 rows into 'omie.pdbc'.
[2026-01-20T21:16:44.288+0000] {pdbc.py:160} INFO - Processed pdbc for 20250804
[2026-01-20T21:16:44.486+0000] {filesystem.py:48} INFO - Saved file to /opt/***/local_data/silver/omie/pdbc/2025/08/20250805.parquet
[2026-01-20T21:16:47.323+0000] {database.py:186} INFO - Inserted 41098 rows into 'omie.pdbc'.
[2026-01-20T21:16:47.324+0000] {pdbc.py:160} INFO - Processed pdbc for 20250805
[2026-01-20T21:16:47.649+0000] {filesystem.py:48} INFO - Saved file to /opt/***/local_data/silver/omie/pdbc/2025/08/20250806.parquet
[2026-01-20T21:16:59.992+0000] {database.py:186} INFO - Inserted 41763 rows into 'omie.pdbc'.
[2026-01-20T21:17:00.001+0000] {pdbc.py:160} INFO - Processed pdbc for 20250806
[2026-01-20T21:17:00.599+0000] {filesystem.py:48} INFO - Saved file to /opt/***/local_data/silver/omie/pdbc/2025/08/20250807.parquet
[2026-01-20T21:17:08.778+0000] {database.py:186} INFO - Inserted 41599 rows into 'omie.pdbc'.
[2026-01-20T21:17:08.780+0000] {pdbc.py:160} INFO - Processed pdbc for 20250807
[2026-01-20T21:17:09.022+0000] {filesystem.py:48} INFO - Saved file to /opt/***/local_data/silver/omie/pdbc/2025/08/20250808.parquet
[2026-01-20T21:17:14.114+0000] {database.py:186} INFO - Inserted 41706 rows into 'omie.pdbc'.
[2026-01-20T21:17:14.116+0000] {pdbc.py:160} INFO - Processed pdbc for 20250808
[2026-01-20T21:17:14.304+0000] {filesystem.py:48} INFO - Saved file to /opt/***/local_data/silver/omie/pdbc/2025/08/20250809.parquet
[2026-01-20T21:17:16.145+0000] {database.py:186} INFO - Inserted 39175 rows into 'omie.pdbc'.
[2026-01-20T21:17:16.146+0000] {pdbc.py:160} INFO - Processed pdbc for 20250809
[2026-01-20T21:17:16.310+0000] {filesystem.py:48} INFO - Saved file to /opt/***/local_data/silver/omie/pdbc/2025/08/20250810.parquet
[2026-01-20T21:17:18.434+0000] {database.py:186} INFO - Inserted 37160 rows into 'omie.pdbc'.
[2026-01-20T21:17:18.435+0000] {pdbc.py:160} INFO - Processed pdbc for 20250810
[2026-01-20T21:17:18.615+0000] {filesystem.py:48} INFO - Saved file to /opt/***/local_data/silver/omie/pdbc/2025/08/20250811.parquet
[2026-01-20T21:17:21.407+0000] {database.py:186} INFO - Inserted 40832 rows into 'omie.pdbc'.
[2026-01-20T21:17:21.408+0000] {pdbc.py:160} INFO - Processed pdbc for 20250811
[2026-01-20T21:17:21.699+0000] {filesystem.py:48} INFO - Saved file to /opt/***/local_data/silver/omie/pdbc/2025/08/20250812.parquet
[2026-01-20T21:17:24.782+0000] {database.py:186} INFO - Inserted 41131 rows into 'omie.pdbc'.
[2026-01-20T21:17:24.783+0000] {pdbc.py:160} INFO - Processed pdbc for 20250812
[2026-01-20T21:17:25.051+0000] {filesystem.py:48} INFO - Saved file to /opt/***/local_data/silver/omie/pdbc/2025/08/20250813.parquet
[2026-01-20T21:17:27.810+0000] {database.py:186} INFO - Inserted 40986 rows into 'omie.pdbc'.
[2026-01-20T21:17:27.811+0000] {pdbc.py:160} INFO - Processed pdbc for 20250813
[2026-01-20T21:17:28.309+0000] {filesystem.py:48} INFO - Saved file to /opt/***/local_data/silver/omie/pdbc/2025/08/20250814.parquet
[2026-01-20T21:17:31.047+0000] {database.py:186} INFO - Inserted 41310 rows into 'omie.pdbc'.
[2026-01-20T21:17:31.048+0000] {pdbc.py:160} INFO - Processed pdbc for 20250814
[2026-01-20T21:17:31.259+0000] {filesystem.py:48} INFO - Saved file to /opt/***/local_data/silver/omie/pdbc/2025/08/20250815.parquet
[2026-01-20T21:17:34.044+0000] {database.py:186} INFO - Inserted 39623 rows into 'omie.pdbc'.
[2026-01-20T21:17:34.047+0000] {pdbc.py:160} INFO - Processed pdbc for 20250815
[2026-01-20T21:17:34.258+0000] {filesystem.py:48} INFO - Saved file to /opt/***/local_data/silver/omie/pdbc/2025/08/20250816.parquet
[2026-01-20T21:17:37.114+0000] {database.py:186} INFO - Inserted 38758 rows into 'omie.pdbc'.
[2026-01-20T21:17:37.115+0000] {pdbc.py:160} INFO - Processed pdbc for 20250816
[2026-01-20T21:17:37.376+0000] {filesystem.py:48} INFO - Saved file to /opt/***/local_data/silver/omie/pdbc/2025/08/20250817.parquet
[2026-01-20T21:17:40.173+0000] {database.py:186} INFO - Inserted 38794 rows into 'omie.pdbc'.
[2026-01-20T21:17:40.173+0000] {pdbc.py:160} INFO - Processed pdbc for 20250817
[2026-01-20T21:17:40.343+0000] {filesystem.py:48} INFO - Saved file to /opt/***/local_data/silver/omie/pdbc/2025/08/20250818.parquet
[2026-01-20T21:17:42.832+0000] {database.py:186} INFO - Inserted 40070 rows into 'omie.pdbc'.
[2026-01-20T21:17:42.835+0000] {pdbc.py:160} INFO - Processed pdbc for 20250818
[2026-01-20T21:17:43.037+0000] {filesystem.py:48} INFO - Saved file to /opt/***/local_data/silver/omie/pdbc/2025/08/20250819.parquet
[2026-01-20T21:17:45.712+0000] {database.py:186} INFO - Inserted 41285 rows into 'omie.pdbc'.
[2026-01-20T21:17:45.713+0000] {pdbc.py:160} INFO - Processed pdbc for 20250819
[2026-01-20T21:17:45.865+0000] {filesystem.py:48} INFO - Saved file to /opt/***/local_data/silver/omie/pdbc/2025/08/20250820.parquet
[2026-01-20T21:17:49.084+0000] {database.py:186} INFO - Inserted 41437 rows into 'omie.pdbc'.
[2026-01-20T21:17:49.085+0000] {pdbc.py:160} INFO - Processed pdbc for 20250820
[2026-01-20T21:17:49.300+0000] {filesystem.py:48} INFO - Saved file to /opt/***/local_data/silver/omie/pdbc/2025/08/20250821.parquet
[2026-01-20T21:17:52.560+0000] {database.py:186} INFO - Inserted 41039 rows into 'omie.pdbc'.
[2026-01-20T21:17:52.563+0000] {pdbc.py:160} INFO - Processed pdbc for 20250821
[2026-01-20T21:17:52.892+0000] {filesystem.py:48} INFO - Saved file to /opt/***/local_data/silver/omie/pdbc/2025/08/20250822.parquet
[2026-01-20T21:17:56.105+0000] {database.py:186} INFO - Inserted 41175 rows into 'omie.pdbc'.
[2026-01-20T21:17:56.106+0000] {pdbc.py:160} INFO - Processed pdbc for 20250822
[2026-01-20T21:17:56.919+0000] {filesystem.py:48} INFO - Saved file to /opt/***/local_data/silver/omie/pdbc/2025/08/20250823.parquet
[2026-01-20T21:18:01.045+0000] {database.py:186} INFO - Inserted 38950 rows into 'omie.pdbc'.
[2026-01-20T21:18:01.046+0000] {pdbc.py:160} INFO - Processed pdbc for 20250823
[2026-01-20T21:18:01.304+0000] {filesystem.py:48} INFO - Saved file to /opt/***/local_data/silver/omie/pdbc/2025/08/20250824.parquet
[2026-01-20T21:18:04.481+0000] {database.py:186} INFO - Inserted 36624 rows into 'omie.pdbc'.
[2026-01-20T21:18:04.485+0000] {pdbc.py:160} INFO - Processed pdbc for 20250824
[2026-01-20T21:18:04.712+0000] {filesystem.py:48} INFO - Saved file to /opt/***/local_data/silver/omie/pdbc/2025/08/20250825.parquet
[2026-01-20T21:18:07.446+0000] {database.py:186} INFO - Inserted 40185 rows into 'omie.pdbc'.
[2026-01-20T21:18:07.447+0000] {pdbc.py:160} INFO - Processed pdbc for 20250825
[2026-01-20T21:18:07.655+0000] {filesystem.py:48} INFO - Saved file to /opt/***/local_data/silver/omie/pdbc/2025/08/20250826.parquet
[2026-01-20T21:18:10.401+0000] {database.py:186} INFO - Inserted 40893 rows into 'omie.pdbc'.
[2026-01-20T21:18:10.402+0000] {pdbc.py:160} INFO - Processed pdbc for 20250826
[2026-01-20T21:18:10.634+0000] {filesystem.py:48} INFO - Saved file to /opt/***/local_data/silver/omie/pdbc/2025/08/20250827.parquet
[2026-01-20T21:18:14.157+0000] {database.py:186} INFO - Inserted 41555 rows into 'omie.pdbc'.
[2026-01-20T21:18:14.158+0000] {pdbc.py:160} INFO - Processed pdbc for 20250827
[2026-01-20T21:18:14.371+0000] {filesystem.py:48} INFO - Saved file to /opt/***/local_data/silver/omie/pdbc/2025/08/20250828.parquet
[2026-01-20T21:18:19.135+0000] {database.py:186} INFO - Inserted 40738 rows into 'omie.pdbc'.
[2026-01-20T21:18:19.136+0000] {pdbc.py:160} INFO - Processed pdbc for 20250828
[2026-01-20T21:18:19.353+0000] {filesystem.py:48} INFO - Saved file to /opt/***/local_data/silver/omie/pdbc/2025/08/20250829.parquet
[2026-01-20T21:18:22.266+0000] {database.py:186} INFO - Inserted 40668 rows into 'omie.pdbc'.
[2026-01-20T21:18:22.267+0000] {pdbc.py:160} INFO - Processed pdbc for 20250829
[2026-01-20T21:18:22.558+0000] {filesystem.py:48} INFO - Saved file to /opt/***/local_data/silver/omie/pdbc/2025/08/20250830.parquet
[2026-01-20T21:18:24.985+0000] {database.py:186} INFO - Inserted 38482 rows into 'omie.pdbc'.
[2026-01-20T21:18:24.986+0000] {pdbc.py:160} INFO - Processed pdbc for 20250830
[2026-01-20T21:18:25.160+0000] {filesystem.py:48} INFO - Saved file to /opt/***/local_data/silver/omie/pdbc/2025/08/20250831.parquet
[2026-01-20T21:18:28.222+0000] {database.py:186} INFO - Inserted 37021 rows into 'omie.pdbc'.
[2026-01-20T21:18:28.228+0000] {pdbc.py:160} INFO - Processed pdbc for 20250831
[2026-01-20T21:18:28.737+0000] {filesystem.py:48} INFO - Saved file to /opt/***/local_data/silver/omie/pdbc/2025/09/20250901.parquet
[2026-01-20T21:18:32.637+0000] {database.py:186} INFO - Inserted 40195 rows into 'omie.pdbc'.
[2026-01-20T21:18:32.638+0000] {pdbc.py:160} INFO - Processed pdbc for 20250901
[2026-01-20T21:18:32.881+0000] {filesystem.py:48} INFO - Saved file to /opt/***/local_data/silver/omie/pdbc/2025/09/20250902.parquet
[2026-01-20T21:18:36.015+0000] {database.py:186} INFO - Inserted 40438 rows into 'omie.pdbc'.
[2026-01-20T21:18:36.016+0000] {pdbc.py:160} INFO - Processed pdbc for 20250902
[2026-01-20T21:18:36.273+0000] {filesystem.py:48} INFO - Saved file to /opt/***/local_data/silver/omie/pdbc/2025/09/20250903.parquet
[2026-01-20T21:18:39.727+0000] {database.py:186} INFO - Inserted 38836 rows into 'omie.pdbc'.
[2026-01-20T21:18:39.728+0000] {pdbc.py:160} INFO - Processed pdbc for 20250903
[2026-01-20T21:18:40.057+0000] {filesystem.py:48} INFO - Saved file to /opt/***/local_data/silver/omie/pdbc/2025/09/20250904.parquet
[2026-01-20T21:18:43.644+0000] {database.py:186} INFO - Inserted 40805 rows into 'omie.pdbc'.
[2026-01-20T21:18:43.645+0000] {pdbc.py:160} INFO - Processed pdbc for 20250904
[2026-01-20T21:18:43.873+0000] {filesystem.py:48} INFO - Saved file to /opt/***/local_data/silver/omie/pdbc/2025/09/20250905.parquet
[2026-01-20T21:18:47.276+0000] {database.py:186} INFO - Inserted 41010 rows into 'omie.pdbc'.
[2026-01-20T21:18:47.278+0000] {pdbc.py:160} INFO - Processed pdbc for 20250905
[2026-01-20T21:18:47.448+0000] {filesystem.py:48} INFO - Saved file to /opt/***/local_data/silver/omie/pdbc/2025/09/20250906.parquet
[2026-01-20T21:18:51.412+0000] {database.py:186} INFO - Inserted 38118 rows into 'omie.pdbc'.
[2026-01-20T21:18:51.414+0000] {pdbc.py:160} INFO - Processed pdbc for 20250906
[2026-01-20T21:18:51.616+0000] {filesystem.py:48} INFO - Saved file to /opt/***/local_data/silver/omie/pdbc/2025/09/20250907.parquet
[2026-01-20T21:19:04.387+0000] {database.py:186} INFO - Inserted 39036 rows into 'omie.pdbc'.
[2026-01-20T21:19:04.388+0000] {pdbc.py:160} INFO - Processed pdbc for 20250907
[2026-01-20T21:19:04.996+0000] {filesystem.py:48} INFO - Saved file to /opt/***/local_data/silver/omie/pdbc/2025/09/20250908.parquet
[2026-01-20T21:19:10.285+0000] {database.py:186} INFO - Inserted 39974 rows into 'omie.pdbc'.
[2026-01-20T21:19:09.867+0000] {pdbc.py:160} INFO - Processed pdbc for 20250908
[2026-01-20T21:19:10.302+0000] {filesystem.py:48} INFO - Saved file to /opt/***/local_data/silver/omie/pdbc/2025/09/20250909.parquet
[2026-01-20T21:19:13.264+0000] {database.py:186} INFO - Inserted 41109 rows into 'omie.pdbc'.
[2026-01-20T21:19:13.265+0000] {pdbc.py:160} INFO - Processed pdbc for 20250909
[2026-01-20T21:19:13.428+0000] {filesystem.py:48} INFO - Saved file to /opt/***/local_data/silver/omie/pdbc/2025/09/20250910.parquet
[2026-01-20T21:19:15.607+0000] {database.py:186} INFO - Inserted 39295 rows into 'omie.pdbc'.
[2026-01-20T21:19:15.609+0000] {pdbc.py:160} INFO - Processed pdbc for 20250910
[2026-01-20T21:19:15.804+0000] {filesystem.py:48} INFO - Saved file to /opt/***/local_data/silver/omie/pdbc/2025/09/20250911.parquet
[2026-01-20T21:19:17.921+0000] {database.py:186} INFO - Inserted 38901 rows into 'omie.pdbc'.
[2026-01-20T21:19:17.922+0000] {pdbc.py:160} INFO - Processed pdbc for 20250911
[2026-01-20T21:19:18.117+0000] {filesystem.py:48} INFO - Saved file to /opt/***/local_data/silver/omie/pdbc/2025/09/20250912.parquet
[2026-01-20T21:19:21.246+0000] {database.py:186} INFO - Inserted 40326 rows into 'omie.pdbc'.
[2026-01-20T21:19:21.247+0000] {pdbc.py:160} INFO - Processed pdbc for 20250912
[2026-01-20T21:19:21.494+0000] {filesystem.py:48} INFO - Saved file to /opt/***/local_data/silver/omie/pdbc/2025/09/20250913.parquet
[2026-01-20T21:19:25.966+0000] {database.py:186} INFO - Inserted 38113 rows into 'omie.pdbc'.
[2026-01-20T21:19:25.967+0000] {pdbc.py:160} INFO - Processed pdbc for 20250913
[2026-01-20T21:19:26.188+0000] {filesystem.py:48} INFO - Saved file to /opt/***/local_data/silver/omie/pdbc/2025/09/20250914.parquet
[2026-01-20T21:19:29.100+0000] {database.py:186} INFO - Inserted 37002 rows into 'omie.pdbc'.
[2026-01-20T21:19:29.101+0000] {pdbc.py:160} INFO - Processed pdbc for 20250914
[2026-01-20T21:19:29.306+0000] {filesystem.py:48} INFO - Saved file to /opt/***/local_data/silver/omie/pdbc/2025/09/20250915.parquet
[2026-01-20T21:19:31.835+0000] {database.py:186} INFO - Inserted 40129 rows into 'omie.pdbc'.
[2026-01-20T21:19:31.836+0000] {pdbc.py:160} INFO - Processed pdbc for 20250915
[2026-01-20T21:19:32.438+0000] {filesystem.py:48} INFO - Saved file to /opt/***/local_data/silver/omie/pdbc/2025/09/20250916.parquet
[2026-01-20T21:19:35.331+0000] {database.py:186} INFO - Inserted 40222 rows into 'omie.pdbc'.
[2026-01-20T21:19:35.333+0000] {pdbc.py:160} INFO - Processed pdbc for 20250916
[2026-01-20T21:19:35.577+0000] {filesystem.py:48} INFO - Saved file to /opt/***/local_data/silver/omie/pdbc/2025/09/20250917.parquet
[2026-01-20T21:19:39.124+0000] {database.py:186} INFO - Inserted 40005 rows into 'omie.pdbc'.
[2026-01-20T21:19:39.125+0000] {pdbc.py:160} INFO - Processed pdbc for 20250917
[2026-01-20T21:19:39.326+0000] {filesystem.py:48} INFO - Saved file to /opt/***/local_data/silver/omie/pdbc/2025/09/20250918.parquet
[2026-01-20T21:19:42.229+0000] {database.py:186} INFO - Inserted 41051 rows into 'omie.pdbc'.
[2026-01-20T21:19:42.230+0000] {pdbc.py:160} INFO - Processed pdbc for 20250918
[2026-01-20T21:19:42.461+0000] {filesystem.py:48} INFO - Saved file to /opt/***/local_data/silver/omie/pdbc/2025/09/20250919.parquet
[2026-01-20T21:19:45.260+0000] {database.py:186} INFO - Inserted 41587 rows into 'omie.pdbc'.
[2026-01-20T21:19:45.261+0000] {pdbc.py:160} INFO - Processed pdbc for 20250919
[2026-01-20T21:19:45.496+0000] {filesystem.py:48} INFO - Saved file to /opt/***/local_data/silver/omie/pdbc/2025/09/20250920.parquet
[2026-01-20T21:19:51.252+0000] {database.py:186} INFO - Inserted 39499 rows into 'omie.pdbc'.
[2026-01-20T21:19:51.254+0000] {pdbc.py:160} INFO - Processed pdbc for 20250920
[2026-01-20T21:19:51.788+0000] {filesystem.py:48} INFO - Saved file to /opt/***/local_data/silver/omie/pdbc/2025/09/20250921.parquet
[2026-01-20T21:19:55.391+0000] {database.py:186} INFO - Inserted 37844 rows into 'omie.pdbc'.
[2026-01-20T21:19:55.392+0000] {pdbc.py:160} INFO - Processed pdbc for 20250921
[2026-01-20T21:19:55.796+0000] {filesystem.py:48} INFO - Saved file to /opt/***/local_data/silver/omie/pdbc/2025/09/20250922.parquet
[2026-01-20T21:19:58.868+0000] {database.py:186} INFO - Inserted 39155 rows into 'omie.pdbc'.
[2026-01-20T21:19:58.868+0000] {pdbc.py:160} INFO - Processed pdbc for 20250922
[2026-01-20T21:19:59.037+0000] {filesystem.py:48} INFO - Saved file to /opt/***/local_data/silver/omie/pdbc/2025/09/20250923.parquet
[2026-01-20T21:20:02.034+0000] {database.py:186} INFO - Inserted 39900 rows into 'omie.pdbc'.
[2026-01-20T21:20:02.036+0000] {pdbc.py:160} INFO - Processed pdbc for 20250923
[2026-01-20T21:20:02.467+0000] {filesystem.py:48} INFO - Saved file to /opt/***/local_data/silver/omie/pdbc/2025/09/20250924.parquet
[2026-01-20T21:20:06.167+0000] {database.py:186} INFO - Inserted 40616 rows into 'omie.pdbc'.
[2026-01-20T21:20:06.168+0000] {pdbc.py:160} INFO - Processed pdbc for 20250924
[2026-01-20T21:20:06.467+0000] {filesystem.py:48} INFO - Saved file to /opt/***/local_data/silver/omie/pdbc/2025/09/20250925.parquet
[2026-01-20T21:20:09.723+0000] {database.py:186} INFO - Inserted 40567 rows into 'omie.pdbc'.
[2026-01-20T21:20:09.725+0000] {pdbc.py:160} INFO - Processed pdbc for 20250925
[2026-01-20T21:20:09.970+0000] {filesystem.py:48} INFO - Saved file to /opt/***/local_data/silver/omie/pdbc/2025/09/20250926.parquet
[2026-01-20T21:20:13.017+0000] {database.py:186} INFO - Inserted 40676 rows into 'omie.pdbc'.
[2026-01-20T21:20:13.018+0000] {pdbc.py:160} INFO - Processed pdbc for 20250926
[2026-01-20T21:20:13.228+0000] {filesystem.py:48} INFO - Saved file to /opt/***/local_data/silver/omie/pdbc/2025/09/20250927.parquet
[2026-01-20T21:20:16.931+0000] {database.py:186} INFO - Inserted 39279 rows into 'omie.pdbc'.
[2026-01-20T21:20:16.933+0000] {pdbc.py:160} INFO - Processed pdbc for 20250927
[2026-01-20T21:20:17.319+0000] {filesystem.py:48} INFO - Saved file to /opt/***/local_data/silver/omie/pdbc/2025/09/20250928.parquet
[2026-01-20T21:20:26.917+0000] {database.py:186} INFO - Inserted 39495 rows into 'omie.pdbc'.
[2026-01-20T21:20:26.942+0000] {pdbc.py:160} INFO - Processed pdbc for 20250928
[2026-01-20T21:20:30.179+0000] {filesystem.py:48} INFO - Saved file to /opt/***/local_data/silver/omie/pdbc/2025/09/20250929.parquet
[2026-01-20T21:20:39.301+0000] {database.py:186} INFO - Inserted 40454 rows into 'omie.pdbc'.
[2026-01-20T21:20:39.306+0000] {pdbc.py:160} INFO - Processed pdbc for 20250929
[2026-01-20T21:20:41.703+0000] {filesystem.py:48} INFO - Saved file to /opt/***/local_data/silver/omie/pdbc/2025/09/20250930.parquet
[2026-01-20T21:20:49.156+0000] {database.py:186} INFO - Inserted 40027 rows into 'omie.pdbc'.
[2026-01-20T21:20:49.157+0000] {pdbc.py:160} INFO - Processed pdbc for 20250930
[2026-01-20T21:20:50.268+0000] {filesystem.py:48} INFO - Saved file to /opt/***/local_data/silver/omie/pdbc/2025/10/20251001.parquet
[2026-01-20T21:20:59.850+0000] {database.py:186} INFO - Inserted 159077 rows into 'omie.pdbc'.
[2026-01-20T21:20:59.857+0000] {pdbc.py:160} INFO - Processed pdbc for 20251001
[2026-01-20T21:21:01.233+0000] {filesystem.py:48} INFO - Saved file to /opt/***/local_data/silver/omie/pdbc/2025/10/20251002.parquet
[2026-01-20T21:21:08.293+0000] {database.py:186} INFO - Inserted 158356 rows into 'omie.pdbc'.
[2026-01-20T21:21:08.299+0000] {pdbc.py:160} INFO - Processed pdbc for 20251002
[2026-01-20T21:21:09.070+0000] {filesystem.py:48} INFO - Saved file to /opt/***/local_data/silver/omie/pdbc/2025/10/20251003.parquet
[2026-01-20T21:21:15.519+0000] {database.py:186} INFO - Inserted 160607 rows into 'omie.pdbc'.
[2026-01-20T21:21:15.530+0000] {pdbc.py:160} INFO - Processed pdbc for 20251003
[2026-01-20T21:21:15.995+0000] {filesystem.py:48} INFO - Saved file to /opt/***/local_data/silver/omie/pdbc/2025/10/20251004.parquet
[2026-01-20T21:21:22.332+0000] {database.py:186} INFO - Inserted 150543 rows into 'omie.pdbc'.
[2026-01-20T21:21:22.337+0000] {pdbc.py:160} INFO - Processed pdbc for 20251004
[2026-01-20T21:21:23.039+0000] {filesystem.py:48} INFO - Saved file to /opt/***/local_data/silver/omie/pdbc/2025/10/20251005.parquet
[2026-01-20T21:21:28.081+0000] {database.py:186} INFO - Inserted 143629 rows into 'omie.pdbc'.
[2026-01-20T21:21:28.087+0000] {pdbc.py:160} INFO - Processed pdbc for 20251005
[2026-01-20T21:21:28.827+0000] {filesystem.py:48} INFO - Saved file to /opt/***/local_data/silver/omie/pdbc/2025/10/20251006.parquet
[2026-01-20T21:21:33.628+0000] {database.py:186} INFO - Inserted 155489 rows into 'omie.pdbc'.
[2026-01-20T21:21:33.633+0000] {pdbc.py:160} INFO - Processed pdbc for 20251006
[2026-01-20T21:21:34.193+0000] {filesystem.py:48} INFO - Saved file to /opt/***/local_data/silver/omie/pdbc/2025/10/20251007.parquet
[2026-01-20T21:21:46.529+0000] {database.py:186} INFO - Inserted 154594 rows into 'omie.pdbc'.
[2026-01-20T21:21:46.535+0000] {pdbc.py:160} INFO - Processed pdbc for 20251007
[2026-01-20T21:21:47.884+0000] {filesystem.py:48} INFO - Saved file to /opt/***/local_data/silver/omie/pdbc/2025/10/20251008.parquet
[2026-01-20T21:22:09.698+0000] {database.py:186} INFO - Inserted 158255 rows into 'omie.pdbc'.
[2026-01-20T21:22:09.704+0000] {pdbc.py:160} INFO - Processed pdbc for 20251008
[2026-01-20T21:22:10.164+0000] {filesystem.py:48} INFO - Saved file to /opt/***/local_data/silver/omie/pdbc/2025/10/20251009.parquet
[2026-01-20T21:22:13.982+0000] {database.py:186} INFO - Inserted 160685 rows into 'omie.pdbc'.
[2026-01-20T21:22:13.988+0000] {pdbc.py:160} INFO - Processed pdbc for 20251009
[2026-01-20T21:22:14.433+0000] {filesystem.py:48} INFO - Saved file to /opt/***/local_data/silver/omie/pdbc/2025/10/20251010.parquet
[2026-01-20T21:22:19.263+0000] {database.py:186} INFO - Inserted 159105 rows into 'omie.pdbc'.
[2026-01-20T21:22:19.269+0000] {pdbc.py:160} INFO - Processed pdbc for 20251010
[2026-01-20T21:22:19.775+0000] {filesystem.py:48} INFO - Saved file to /opt/***/local_data/silver/omie/pdbc/2025/10/20251011.parquet
[2026-01-20T21:22:24.416+0000] {database.py:186} INFO - Inserted 152427 rows into 'omie.pdbc'.
[2026-01-20T21:22:24.422+0000] {pdbc.py:160} INFO - Processed pdbc for 20251011
[2026-01-20T21:22:25.128+0000] {filesystem.py:48} INFO - Saved file to /opt/***/local_data/silver/omie/pdbc/2025/10/20251012.parquet
[2026-01-20T21:22:31.023+0000] {database.py:186} INFO - Inserted 148844 rows into 'omie.pdbc'.
[2026-01-20T21:22:31.024+0000] {pdbc.py:160} INFO - Processed pdbc for 20251012
[2026-01-20T21:22:31.633+0000] {filesystem.py:48} INFO - Saved file to /opt/***/local_data/silver/omie/pdbc/2025/10/20251013.parquet
[2026-01-20T21:22:43.103+0000] {database.py:186} INFO - Inserted 155074 rows into 'omie.pdbc'.
[2026-01-20T21:22:43.114+0000] {pdbc.py:160} INFO - Processed pdbc for 20251013
[2026-01-20T21:22:43.581+0000] {filesystem.py:48} INFO - Saved file to /opt/***/local_data/silver/omie/pdbc/2025/10/20251014.parquet
[2026-01-20T21:22:54.333+0000] {database.py:186} INFO - Inserted 154997 rows into 'omie.pdbc'.
[2026-01-20T21:22:54.334+0000] {pdbc.py:160} INFO - Processed pdbc for 20251014
[2026-01-20T21:22:54.870+0000] {filesystem.py:48} INFO - Saved file to /opt/***/local_data/silver/omie/pdbc/2025/10/20251015.parquet
[2026-01-20T21:23:00.243+0000] {database.py:186} INFO - Inserted 155355 rows into 'omie.pdbc'.
[2026-01-20T21:23:00.248+0000] {pdbc.py:160} INFO - Processed pdbc for 20251015
[2026-01-20T21:23:03.347+0000] {python.py:237} INFO - Done. Returned value was: None
[2026-01-20T21:23:03.364+0000] {taskinstance.py:441} INFO - ::group::Post task execution logs
[2026-01-20T21:23:03.970+0000] {taskinstance.py:1206} INFO - Marking task as SUCCESS. dag_id=omie_pipeline, task_id=process_pdbc, run_id=manual__2026-01-20T21:00:07.280516+00:00, execution_date=20260120T210007, start_date=20260120T210012, end_date=20260120T212303
[2026-01-20T21:23:04.563+0000] {local_task_job_runner.py:240} INFO - Task exited with return code 0
[2026-01-20T21:23:05.063+0000] {taskinstance.py:3503} INFO - 0 downstream tasks scheduled from follow-on schedule check
[2026-01-20T21:23:05.068+0000] {local_task_job_runner.py:222} INFO - ::endgroup::
