[2026-01-20T19:33:32.891+0000] {local_task_job_runner.py:120} INFO - ::group::Pre task execution logs
[2026-01-20T19:33:32.944+0000] {taskinstance.py:2076} INFO - Dependencies all met for dep_context=non-requeueable deps ti=<TaskInstance: esios_liquicomun_pipeline.download_bronze manual__2026-01-20T19:33:31.432342+00:00 [queued]>
[2026-01-20T19:33:32.956+0000] {taskinstance.py:2076} INFO - Dependencies all met for dep_context=requeueable deps ti=<TaskInstance: esios_liquicomun_pipeline.download_bronze manual__2026-01-20T19:33:31.432342+00:00 [queued]>
[2026-01-20T19:33:32.958+0000] {taskinstance.py:2306} INFO - Starting attempt 1 of 2
[2026-01-20T19:33:32.978+0000] {taskinstance.py:2330} INFO - Executing <Task(PythonOperator): download_bronze> on 2026-01-20 19:33:31.432342+00:00
[2026-01-20T19:33:32.986+0000] {standard_task_runner.py:63} INFO - Started process 2315 to run task
[2026-01-20T19:33:32.993+0000] {standard_task_runner.py:90} INFO - Running: ['***', 'tasks', 'run', 'esios_liquicomun_pipeline', 'download_bronze', 'manual__2026-01-20T19:33:31.432342+00:00', '--job-id', '46', '--raw', '--subdir', 'DAGS_FOLDER/esios_dag.py', '--cfg-path', '/tmp/tmpxe2n96bg']
[2026-01-20T19:33:32.998+0000] {standard_task_runner.py:91} INFO - Job 46: Subtask download_bronze
[2026-01-20T19:33:33.137+0000] {task_command.py:426} INFO - Running <TaskInstance: esios_liquicomun_pipeline.download_bronze manual__2026-01-20T19:33:31.432342+00:00 [running]> on host d1a9e72e2525
[2026-01-20T19:33:33.293+0000] {taskinstance.py:2648} INFO - Exporting env vars: AIRFLOW_CTX_DAG_OWNER='***' AIRFLOW_CTX_DAG_ID='esios_liquicomun_pipeline' AIRFLOW_CTX_TASK_ID='download_bronze' AIRFLOW_CTX_EXECUTION_DATE='2026-01-20T19:33:31.432342+00:00' AIRFLOW_CTX_TRY_NUMBER='1' AIRFLOW_CTX_DAG_RUN_ID='manual__2026-01-20T19:33:31.432342+00:00'
[2026-01-20T19:33:33.295+0000] {taskinstance.py:430} INFO - ::endgroup::
[2026-01-20T19:33:33.314+0000] {logging_mixin.py:188} INFO - Downloading from 2026-01-20 19:33:31.432342+00:00 to 2026-01-20 19:33:31.432342+00:00
[2026-01-20T19:33:33.315+0000] {liquicomun.py:36} INFO - Checking/Downloading Liquicomun ID 2 for 2026-01-20...
[2026-01-20T19:33:33.645+0000] {client.py:62} INFO - Archive 2 for 2026-01-20 19:33:31.432342+00:00 seems empty (50 bytes).
[2026-01-20T19:33:33.649+0000] {liquicomun.py:36} INFO - Checking/Downloading Liquicomun ID 3 for 2026-01-20...
[2026-01-20T19:33:34.911+0000] {filesystem.py:48} INFO - Saved file to /opt/***/local_data/bronze/liquicomun/2026/01/esios_3_20260120.zip
[2026-01-20T19:33:34.911+0000] {liquicomun.py:51} INFO - Stored: bronze/liquicomun/2026/01/esios_3_20260120.zip
[2026-01-20T19:33:34.919+0000] {liquicomun.py:36} INFO - Checking/Downloading Liquicomun ID 4 for 2026-01-20...
[2026-01-20T19:33:35.286+0000] {client.py:62} INFO - Archive 4 for 2026-01-20 19:33:31.432342+00:00 seems empty (50 bytes).
[2026-01-20T19:33:35.293+0000] {liquicomun.py:36} INFO - Checking/Downloading Liquicomun ID 5 for 2026-01-20...
[2026-01-20T19:33:35.692+0000] {client.py:62} INFO - Archive 5 for 2026-01-20 19:33:31.432342+00:00 seems empty (50 bytes).
[2026-01-20T19:33:35.697+0000] {liquicomun.py:36} INFO - Checking/Downloading Liquicomun ID 6 for 2026-01-20...
[2026-01-20T19:33:35.952+0000] {client.py:62} INFO - Archive 6 for 2026-01-20 19:33:31.432342+00:00 seems empty (50 bytes).
[2026-01-20T19:33:35.957+0000] {liquicomun.py:36} INFO - Checking/Downloading Liquicomun ID 7 for 2026-01-20...
[2026-01-20T19:33:36.207+0000] {client.py:62} INFO - Archive 7 for 2026-01-20 19:33:31.432342+00:00 seems empty (50 bytes).
[2026-01-20T19:33:36.216+0000] {liquicomun.py:36} INFO - Checking/Downloading Liquicomun ID 8 for 2026-01-20...
[2026-01-20T19:33:36.513+0000] {client.py:62} INFO - Archive 8 for 2026-01-20 19:33:31.432342+00:00 seems empty (50 bytes).
[2026-01-20T19:33:36.523+0000] {liquicomun.py:36} INFO - Checking/Downloading Liquicomun ID 9 for 2026-01-20...
[2026-01-20T19:33:36.823+0000] {client.py:62} INFO - Archive 9 for 2026-01-20 19:33:31.432342+00:00 seems empty (50 bytes).
[2026-01-20T19:33:36.833+0000] {liquicomun.py:36} INFO - Checking/Downloading Liquicomun ID 10 for 2026-01-20...
[2026-01-20T19:33:37.130+0000] {client.py:62} INFO - Archive 10 for 2026-01-20 19:33:31.432342+00:00 seems empty (50 bytes).
[2026-01-20T19:33:37.139+0000] {liquicomun.py:36} INFO - Checking/Downloading Liquicomun ID 11 for 2026-01-20...
[2026-01-20T19:33:37.538+0000] {client.py:62} INFO - Archive 11 for 2026-01-20 19:33:31.432342+00:00 seems empty (50 bytes).
[2026-01-20T19:33:37.555+0000] {python.py:237} INFO - Done. Returned value was: {'start': '2026-01-20', 'end': '2026-01-20'}
[2026-01-20T19:33:37.556+0000] {taskinstance.py:441} INFO - ::group::Post task execution logs
[2026-01-20T19:33:37.589+0000] {taskinstance.py:1206} INFO - Marking task as SUCCESS. dag_id=esios_liquicomun_pipeline, task_id=download_bronze, run_id=manual__2026-01-20T19:33:31.432342+00:00, execution_date=20260120T193331, start_date=20260120T193332, end_date=20260120T193337
[2026-01-20T19:33:37.646+0000] {local_task_job_runner.py:240} INFO - Task exited with return code 0
[2026-01-20T19:33:37.686+0000] {taskinstance.py:3503} INFO - 1 downstream tasks scheduled from follow-on schedule check
[2026-01-20T19:33:37.690+0000] {local_task_job_runner.py:222} INFO - ::endgroup::
