[2026-01-20T20:41:37.232+0000] {local_task_job_runner.py:120} INFO - ::group::Pre task execution logs
[2026-01-20T20:41:37.281+0000] {taskinstance.py:2076} INFO - Dependencies all met for dep_context=non-requeueable deps ti=<TaskInstance: omie_pipeline.download_pdvd manual__2026-01-20T20:41:35.484859+00:00 [queued]>
[2026-01-20T20:41:37.301+0000] {taskinstance.py:2076} INFO - Dependencies all met for dep_context=requeueable deps ti=<TaskInstance: omie_pipeline.download_pdvd manual__2026-01-20T20:41:35.484859+00:00 [queued]>
[2026-01-20T20:41:37.304+0000] {taskinstance.py:2306} INFO - Starting attempt 1 of 2
[2026-01-20T20:41:37.328+0000] {taskinstance.py:2330} INFO - Executing <Task(PythonOperator): download_pdvd> on 2026-01-20 20:41:35.484859+00:00
[2026-01-20T20:41:37.339+0000] {standard_task_runner.py:63} INFO - Started process 2052 to run task
[2026-01-20T20:41:37.346+0000] {standard_task_runner.py:90} INFO - Running: ['***', 'tasks', 'run', 'omie_pipeline', 'download_pdvd', 'manual__2026-01-20T20:41:35.484859+00:00', '--job-id', '96', '--raw', '--subdir', 'DAGS_FOLDER/omie_dag.py', '--cfg-path', '/tmp/tmp6lnuulwr']
[2026-01-20T20:41:37.352+0000] {standard_task_runner.py:91} INFO - Job 96: Subtask download_pdvd
[2026-01-20T20:41:37.477+0000] {task_command.py:426} INFO - Running <TaskInstance: omie_pipeline.download_pdvd manual__2026-01-20T20:41:35.484859+00:00 [running]> on host 2aff4151de2d
[2026-01-20T20:41:37.662+0000] {taskinstance.py:2648} INFO - Exporting env vars: AIRFLOW_CTX_DAG_OWNER='***' AIRFLOW_CTX_DAG_ID='omie_pipeline' AIRFLOW_CTX_TASK_ID='download_pdvd' AIRFLOW_CTX_EXECUTION_DATE='2026-01-20T20:41:35.484859+00:00' AIRFLOW_CTX_TRY_NUMBER='1' AIRFLOW_CTX_DAG_RUN_ID='manual__2026-01-20T20:41:35.484859+00:00'
[2026-01-20T20:41:37.664+0000] {taskinstance.py:430} INFO - ::endgroup::
[2026-01-20T20:41:37.693+0000] {logging_mixin.py:188} INFO - Downloading download_pdvd from 2026-01-20 20:41:35.484859+00:00 to 2026-01-20 20:41:35.484859+00:00
[2026-01-20T20:41:37.695+0000] {taskinstance.py:441} INFO - ::group::Post task execution logs
[2026-01-20T20:41:37.698+0000] {taskinstance.py:2905} ERROR - Task failed with exception
Traceback (most recent call last):
  File "/home/airflow/.local/lib/python3.10/site-packages/airflow/models/taskinstance.py", line 465, in _execute_task
    result = _execute_callable(context=context, **execute_callable_kwargs)
  File "/home/airflow/.local/lib/python3.10/site-packages/airflow/models/taskinstance.py", line 432, in _execute_callable
    return execute_callable(context=context, **execute_callable_kwargs)
  File "/home/airflow/.local/lib/python3.10/site-packages/airflow/models/baseoperator.py", line 401, in wrapper
    return func(self, *args, **kwargs)
  File "/home/airflow/.local/lib/python3.10/site-packages/airflow/operators/python.py", line 235, in execute
    return_value = self.execute_callable()
  File "/home/airflow/.local/lib/python3.10/site-packages/airflow/operators/python.py", line 252, in execute_callable
    return self.python_callable(*self.op_args, **self.op_kwargs)
  File "/opt/airflow/dags/omie_dag.py", line 83, in _download_task
    download_func(s_date, e_date)
  File "/opt/airflow/src/bronze/omie/pdvd.py", line 19, in download_pdvd
    while current_date <= end_date:
TypeError: can't compare offset-naive and offset-aware datetimes
[2026-01-20T20:41:37.755+0000] {taskinstance.py:1206} INFO - Marking task as UP_FOR_RETRY. dag_id=omie_pipeline, task_id=download_pdvd, run_id=manual__2026-01-20T20:41:35.484859+00:00, execution_date=20260120T204135, start_date=20260120T204137, end_date=20260120T204137
[2026-01-20T20:41:37.816+0000] {standard_task_runner.py:110} ERROR - Failed to execute job 96 for task download_pdvd (can't compare offset-naive and offset-aware datetimes; 2052)
[2026-01-20T20:41:37.887+0000] {local_task_job_runner.py:240} INFO - Task exited with return code 1
[2026-01-20T20:41:37.914+0000] {taskinstance.py:3503} INFO - 0 downstream tasks scheduled from follow-on schedule check
[2026-01-20T20:41:37.937+0000] {local_task_job_runner.py:222} INFO - ::endgroup::
