[2026-01-20T21:00:12.416+0000] {local_task_job_runner.py:120} INFO - ::group::Pre task execution logs
[2026-01-20T21:00:12.448+0000] {taskinstance.py:2076} INFO - Dependencies all met for dep_context=non-requeueable deps ti=<TaskInstance: omie_pipeline.process_pdbf manual__2026-01-20T21:00:07.280516+00:00 [queued]>
[2026-01-20T21:00:12.457+0000] {taskinstance.py:2076} INFO - Dependencies all met for dep_context=requeueable deps ti=<TaskInstance: omie_pipeline.process_pdbf manual__2026-01-20T21:00:07.280516+00:00 [queued]>
[2026-01-20T21:00:12.458+0000] {taskinstance.py:2306} INFO - Starting attempt 1 of 2
[2026-01-20T21:00:12.471+0000] {taskinstance.py:2330} INFO - Executing <Task(PythonOperator): process_pdbf> on 2026-01-20 21:00:07.280516+00:00
[2026-01-20T21:00:12.478+0000] {standard_task_runner.py:63} INFO - Started process 3155 to run task
[2026-01-20T21:00:12.482+0000] {standard_task_runner.py:90} INFO - Running: ['***', 'tasks', 'run', 'omie_pipeline', 'process_pdbf', 'manual__2026-01-20T21:00:07.280516+00:00', '--job-id', '111', '--raw', '--subdir', 'DAGS_FOLDER/omie_dag.py', '--cfg-path', '/tmp/tmpofv03csz']
[2026-01-20T21:00:12.485+0000] {standard_task_runner.py:91} INFO - Job 111: Subtask process_pdbf
[2026-01-20T21:00:12.562+0000] {task_command.py:426} INFO - Running <TaskInstance: omie_pipeline.process_pdbf manual__2026-01-20T21:00:07.280516+00:00 [running]> on host 2aff4151de2d
[2026-01-20T21:00:12.664+0000] {taskinstance.py:2648} INFO - Exporting env vars: AIRFLOW_CTX_DAG_OWNER='***' AIRFLOW_CTX_DAG_ID='omie_pipeline' AIRFLOW_CTX_TASK_ID='process_pdbf' AIRFLOW_CTX_EXECUTION_DATE='2026-01-20T21:00:07.280516+00:00' AIRFLOW_CTX_TRY_NUMBER='1' AIRFLOW_CTX_DAG_RUN_ID='manual__2026-01-20T21:00:07.280516+00:00'
[2026-01-20T21:00:12.666+0000] {taskinstance.py:430} INFO - ::endgroup::
[2026-01-20T21:00:12.693+0000] {logging_mixin.py:188} INFO - Processing process_pdbf for 2025-01-01 00:00:00 - 2026-01-20 00:00:00
[2026-01-20T21:00:12.997+0000] {filesystem.py:48} INFO - Saved file to /opt/***/local_data/silver/omie/pdbf/2025/01/20250101.parquet
[2026-01-20T21:00:13.888+0000] {database.py:186} INFO - Inserted 43631 rows into 'omie.pdbf'.
[2026-01-20T21:00:13.890+0000] {pdbf.py:132} INFO - Processed pdbf for 20250101
[2026-01-20T21:00:14.104+0000] {filesystem.py:48} INFO - Saved file to /opt/***/local_data/silver/omie/pdbf/2025/01/20250102.parquet
[2026-01-20T21:00:15.062+0000] {database.py:186} INFO - Inserted 47170 rows into 'omie.pdbf'.
[2026-01-20T21:00:15.064+0000] {pdbf.py:132} INFO - Processed pdbf for 20250102
[2026-01-20T21:00:15.346+0000] {filesystem.py:48} INFO - Saved file to /opt/***/local_data/silver/omie/pdbf/2025/01/20250103.parquet
[2026-01-20T21:00:16.006+0000] {database.py:186} INFO - Inserted 47631 rows into 'omie.pdbf'.
[2026-01-20T21:00:16.008+0000] {pdbf.py:132} INFO - Processed pdbf for 20250103
[2026-01-20T21:00:16.433+0000] {filesystem.py:48} INFO - Saved file to /opt/***/local_data/silver/omie/pdbf/2025/01/20250104.parquet
[2026-01-20T21:00:17.021+0000] {database.py:186} INFO - Inserted 47013 rows into 'omie.pdbf'.
[2026-01-20T21:00:17.021+0000] {pdbf.py:132} INFO - Processed pdbf for 20250104
[2026-01-20T21:00:17.236+0000] {filesystem.py:48} INFO - Saved file to /opt/***/local_data/silver/omie/pdbf/2025/01/20250105.parquet
[2026-01-20T21:00:17.795+0000] {database.py:186} INFO - Inserted 47211 rows into 'omie.pdbf'.
[2026-01-20T21:00:17.796+0000] {pdbf.py:132} INFO - Processed pdbf for 20250105
[2026-01-20T21:00:18.038+0000] {filesystem.py:48} INFO - Saved file to /opt/***/local_data/silver/omie/pdbf/2025/01/20250106.parquet
[2026-01-20T21:00:18.561+0000] {database.py:186} INFO - Inserted 47029 rows into 'omie.pdbf'.
[2026-01-20T21:00:18.562+0000] {pdbf.py:132} INFO - Processed pdbf for 20250106
[2026-01-20T21:00:18.841+0000] {filesystem.py:48} INFO - Saved file to /opt/***/local_data/silver/omie/pdbf/2025/01/20250107.parquet
[2026-01-20T21:00:19.458+0000] {database.py:186} INFO - Inserted 48733 rows into 'omie.pdbf'.
[2026-01-20T21:00:19.459+0000] {pdbf.py:132} INFO - Processed pdbf for 20250107
[2026-01-20T21:00:19.692+0000] {filesystem.py:48} INFO - Saved file to /opt/***/local_data/silver/omie/pdbf/2025/01/20250108.parquet
[2026-01-20T21:00:20.358+0000] {database.py:186} INFO - Inserted 49425 rows into 'omie.pdbf'.
[2026-01-20T21:00:20.359+0000] {pdbf.py:132} INFO - Processed pdbf for 20250108
[2026-01-20T21:00:20.594+0000] {filesystem.py:48} INFO - Saved file to /opt/***/local_data/silver/omie/pdbf/2025/01/20250109.parquet
[2026-01-20T21:00:21.266+0000] {database.py:186} INFO - Inserted 49797 rows into 'omie.pdbf'.
[2026-01-20T21:00:21.268+0000] {pdbf.py:132} INFO - Processed pdbf for 20250109
[2026-01-20T21:00:21.529+0000] {filesystem.py:48} INFO - Saved file to /opt/***/local_data/silver/omie/pdbf/2025/01/20250110.parquet
[2026-01-20T21:00:22.363+0000] {database.py:186} INFO - Inserted 49543 rows into 'omie.pdbf'.
[2026-01-20T21:00:22.364+0000] {pdbf.py:132} INFO - Processed pdbf for 20250110
[2026-01-20T21:00:22.643+0000] {filesystem.py:48} INFO - Saved file to /opt/***/local_data/silver/omie/pdbf/2025/01/20250111.parquet
[2026-01-20T21:00:23.399+0000] {database.py:186} INFO - Inserted 48391 rows into 'omie.pdbf'.
[2026-01-20T21:00:23.400+0000] {pdbf.py:132} INFO - Processed pdbf for 20250111
[2026-01-20T21:00:23.704+0000] {filesystem.py:48} INFO - Saved file to /opt/***/local_data/silver/omie/pdbf/2025/01/20250112.parquet
[2026-01-20T21:00:24.391+0000] {database.py:186} INFO - Inserted 48297 rows into 'omie.pdbf'.
[2026-01-20T21:00:24.392+0000] {pdbf.py:132} INFO - Processed pdbf for 20250112
[2026-01-20T21:00:24.648+0000] {filesystem.py:48} INFO - Saved file to /opt/***/local_data/silver/omie/pdbf/2025/01/20250113.parquet
[2026-01-20T21:00:25.345+0000] {database.py:186} INFO - Inserted 49861 rows into 'omie.pdbf'.
[2026-01-20T21:00:25.347+0000] {pdbf.py:132} INFO - Processed pdbf for 20250113
[2026-01-20T21:00:25.627+0000] {filesystem.py:48} INFO - Saved file to /opt/***/local_data/silver/omie/pdbf/2025/01/20250114.parquet
[2026-01-20T21:00:26.377+0000] {database.py:186} INFO - Inserted 49974 rows into 'omie.pdbf'.
[2026-01-20T21:00:26.378+0000] {pdbf.py:132} INFO - Processed pdbf for 20250114
[2026-01-20T21:00:26.611+0000] {filesystem.py:48} INFO - Saved file to /opt/***/local_data/silver/omie/pdbf/2025/01/20250115.parquet
[2026-01-20T21:00:27.326+0000] {database.py:186} INFO - Inserted 49633 rows into 'omie.pdbf'.
[2026-01-20T21:00:27.327+0000] {pdbf.py:132} INFO - Processed pdbf for 20250115
[2026-01-20T21:00:27.605+0000] {filesystem.py:48} INFO - Saved file to /opt/***/local_data/silver/omie/pdbf/2025/01/20250116.parquet
[2026-01-20T21:00:28.488+0000] {database.py:186} INFO - Inserted 50094 rows into 'omie.pdbf'.
[2026-01-20T21:00:28.492+0000] {pdbf.py:132} INFO - Processed pdbf for 20250116
[2026-01-20T21:00:28.856+0000] {filesystem.py:48} INFO - Saved file to /opt/***/local_data/silver/omie/pdbf/2025/01/20250117.parquet
[2026-01-20T21:00:30.033+0000] {database.py:186} INFO - Inserted 49642 rows into 'omie.pdbf'.
[2026-01-20T21:00:30.035+0000] {pdbf.py:132} INFO - Processed pdbf for 20250117
[2026-01-20T21:00:30.442+0000] {filesystem.py:48} INFO - Saved file to /opt/***/local_data/silver/omie/pdbf/2025/01/20250118.parquet
[2026-01-20T21:00:31.837+0000] {database.py:186} INFO - Inserted 47765 rows into 'omie.pdbf'.
[2026-01-20T21:00:31.839+0000] {pdbf.py:132} INFO - Processed pdbf for 20250118
[2026-01-20T21:00:32.220+0000] {filesystem.py:48} INFO - Saved file to /opt/***/local_data/silver/omie/pdbf/2025/01/20250119.parquet
[2026-01-20T21:00:33.240+0000] {database.py:186} INFO - Inserted 47352 rows into 'omie.pdbf'.
[2026-01-20T21:00:33.241+0000] {pdbf.py:132} INFO - Processed pdbf for 20250119
[2026-01-20T21:00:33.605+0000] {filesystem.py:48} INFO - Saved file to /opt/***/local_data/silver/omie/pdbf/2025/01/20250120.parquet
[2026-01-20T21:00:34.614+0000] {database.py:186} INFO - Inserted 49332 rows into 'omie.pdbf'.
[2026-01-20T21:00:34.616+0000] {pdbf.py:132} INFO - Processed pdbf for 20250120
[2026-01-20T21:00:34.949+0000] {filesystem.py:48} INFO - Saved file to /opt/***/local_data/silver/omie/pdbf/2025/01/20250121.parquet
[2026-01-20T21:00:35.964+0000] {database.py:186} INFO - Inserted 49582 rows into 'omie.pdbf'.
[2026-01-20T21:00:35.969+0000] {pdbf.py:132} INFO - Processed pdbf for 20250121
[2026-01-20T21:00:36.331+0000] {filesystem.py:48} INFO - Saved file to /opt/***/local_data/silver/omie/pdbf/2025/01/20250122.parquet
[2026-01-20T21:00:37.482+0000] {database.py:186} INFO - Inserted 49613 rows into 'omie.pdbf'.
[2026-01-20T21:00:37.483+0000] {pdbf.py:132} INFO - Processed pdbf for 20250122
[2026-01-20T21:00:37.890+0000] {filesystem.py:48} INFO - Saved file to /opt/***/local_data/silver/omie/pdbf/2025/01/20250123.parquet
[2026-01-20T21:00:38.906+0000] {database.py:186} INFO - Inserted 50157 rows into 'omie.pdbf'.
[2026-01-20T21:00:38.907+0000] {pdbf.py:132} INFO - Processed pdbf for 20250123
[2026-01-20T21:00:39.290+0000] {filesystem.py:48} INFO - Saved file to /opt/***/local_data/silver/omie/pdbf/2025/01/20250124.parquet
[2026-01-20T21:00:40.384+0000] {database.py:186} INFO - Inserted 50360 rows into 'omie.pdbf'.
[2026-01-20T21:00:40.388+0000] {pdbf.py:132} INFO - Processed pdbf for 20250124
[2026-01-20T21:00:40.791+0000] {filesystem.py:48} INFO - Saved file to /opt/***/local_data/silver/omie/pdbf/2025/01/20250125.parquet
[2026-01-20T21:00:41.885+0000] {database.py:186} INFO - Inserted 49175 rows into 'omie.pdbf'.
[2026-01-20T21:00:41.886+0000] {pdbf.py:132} INFO - Processed pdbf for 20250125
[2026-01-20T21:00:42.206+0000] {filesystem.py:48} INFO - Saved file to /opt/***/local_data/silver/omie/pdbf/2025/01/20250126.parquet
[2026-01-20T21:00:43.230+0000] {database.py:186} INFO - Inserted 48069 rows into 'omie.pdbf'.
[2026-01-20T21:00:43.231+0000] {pdbf.py:132} INFO - Processed pdbf for 20250126
[2026-01-20T21:00:43.543+0000] {filesystem.py:48} INFO - Saved file to /opt/***/local_data/silver/omie/pdbf/2025/01/20250127.parquet
[2026-01-20T21:00:44.588+0000] {database.py:186} INFO - Inserted 49073 rows into 'omie.pdbf'.
[2026-01-20T21:00:44.589+0000] {pdbf.py:132} INFO - Processed pdbf for 20250127
[2026-01-20T21:00:44.903+0000] {filesystem.py:48} INFO - Saved file to /opt/***/local_data/silver/omie/pdbf/2025/01/20250128.parquet
[2026-01-20T21:00:45.972+0000] {database.py:186} INFO - Inserted 48470 rows into 'omie.pdbf'.
[2026-01-20T21:00:45.973+0000] {pdbf.py:132} INFO - Processed pdbf for 20250128
[2026-01-20T21:00:46.333+0000] {filesystem.py:48} INFO - Saved file to /opt/***/local_data/silver/omie/pdbf/2025/01/20250129.parquet
[2026-01-20T21:00:47.517+0000] {database.py:186} INFO - Inserted 49044 rows into 'omie.pdbf'.
[2026-01-20T21:00:47.522+0000] {pdbf.py:132} INFO - Processed pdbf for 20250129
[2026-01-20T21:00:48.042+0000] {filesystem.py:48} INFO - Saved file to /opt/***/local_data/silver/omie/pdbf/2025/01/20250130.parquet
[2026-01-20T21:00:49.272+0000] {database.py:186} INFO - Inserted 49420 rows into 'omie.pdbf'.
[2026-01-20T21:00:49.273+0000] {pdbf.py:132} INFO - Processed pdbf for 20250130
[2026-01-20T21:00:49.594+0000] {filesystem.py:48} INFO - Saved file to /opt/***/local_data/silver/omie/pdbf/2025/01/20250131.parquet
[2026-01-20T21:00:53.744+0000] {database.py:186} INFO - Inserted 49438 rows into 'omie.pdbf'.
[2026-01-20T21:00:53.747+0000] {pdbf.py:132} INFO - Processed pdbf for 20250131
[2026-01-20T21:00:54.975+0000] {filesystem.py:48} INFO - Saved file to /opt/***/local_data/silver/omie/pdbf/2025/02/20250201.parquet
[2026-01-20T21:00:56.134+0000] {database.py:186} INFO - Inserted 48933 rows into 'omie.pdbf'.
[2026-01-20T21:00:56.135+0000] {pdbf.py:132} INFO - Processed pdbf for 20250201
[2026-01-20T21:00:56.377+0000] {filesystem.py:48} INFO - Saved file to /opt/***/local_data/silver/omie/pdbf/2025/02/20250202.parquet
[2026-01-20T21:00:58.977+0000] {database.py:186} INFO - Inserted 48150 rows into 'omie.pdbf'.
[2026-01-20T21:00:58.981+0000] {pdbf.py:132} INFO - Processed pdbf for 20250202
[2026-01-20T21:00:59.447+0000] {filesystem.py:48} INFO - Saved file to /opt/***/local_data/silver/omie/pdbf/2025/02/20250203.parquet
[2026-01-20T21:01:02.075+0000] {database.py:186} INFO - Inserted 50190 rows into 'omie.pdbf'.
[2026-01-20T21:01:02.076+0000] {pdbf.py:132} INFO - Processed pdbf for 20250203
[2026-01-20T21:01:02.356+0000] {filesystem.py:48} INFO - Saved file to /opt/***/local_data/silver/omie/pdbf/2025/02/20250204.parquet
[2026-01-20T21:01:03.737+0000] {database.py:186} INFO - Inserted 49183 rows into 'omie.pdbf'.
[2026-01-20T21:01:03.738+0000] {pdbf.py:132} INFO - Processed pdbf for 20250204
[2026-01-20T21:01:04.071+0000] {filesystem.py:48} INFO - Saved file to /opt/***/local_data/silver/omie/pdbf/2025/02/20250205.parquet
[2026-01-20T21:01:05.450+0000] {database.py:186} INFO - Inserted 50752 rows into 'omie.pdbf'.
[2026-01-20T21:01:05.453+0000] {pdbf.py:132} INFO - Processed pdbf for 20250205
[2026-01-20T21:01:05.752+0000] {filesystem.py:48} INFO - Saved file to /opt/***/local_data/silver/omie/pdbf/2025/02/20250206.parquet
[2026-01-20T21:01:06.911+0000] {database.py:186} INFO - Inserted 49362 rows into 'omie.pdbf'.
[2026-01-20T21:01:06.913+0000] {pdbf.py:132} INFO - Processed pdbf for 20250206
[2026-01-20T21:01:07.246+0000] {filesystem.py:48} INFO - Saved file to /opt/***/local_data/silver/omie/pdbf/2025/02/20250207.parquet
[2026-01-20T21:01:08.781+0000] {database.py:186} INFO - Inserted 50646 rows into 'omie.pdbf'.
[2026-01-20T21:01:08.801+0000] {pdbf.py:132} INFO - Processed pdbf for 20250207
[2026-01-20T21:01:09.256+0000] {filesystem.py:48} INFO - Saved file to /opt/***/local_data/silver/omie/pdbf/2025/02/20250208.parquet
[2026-01-20T21:01:10.769+0000] {database.py:186} INFO - Inserted 49509 rows into 'omie.pdbf'.
[2026-01-20T21:01:10.770+0000] {pdbf.py:132} INFO - Processed pdbf for 20250208
[2026-01-20T21:01:11.090+0000] {filesystem.py:48} INFO - Saved file to /opt/***/local_data/silver/omie/pdbf/2025/02/20250209.parquet
[2026-01-20T21:01:12.641+0000] {database.py:186} INFO - Inserted 48421 rows into 'omie.pdbf'.
[2026-01-20T21:01:12.644+0000] {pdbf.py:132} INFO - Processed pdbf for 20250209
[2026-01-20T21:01:13.147+0000] {filesystem.py:48} INFO - Saved file to /opt/***/local_data/silver/omie/pdbf/2025/02/20250210.parquet
[2026-01-20T21:01:14.179+0000] {database.py:186} INFO - Inserted 49629 rows into 'omie.pdbf'.
[2026-01-20T21:01:14.181+0000] {pdbf.py:132} INFO - Processed pdbf for 20250210
[2026-01-20T21:01:14.475+0000] {filesystem.py:48} INFO - Saved file to /opt/***/local_data/silver/omie/pdbf/2025/02/20250211.parquet
[2026-01-20T21:01:16.483+0000] {database.py:186} INFO - Inserted 50823 rows into 'omie.pdbf'.
[2026-01-20T21:01:16.484+0000] {pdbf.py:132} INFO - Processed pdbf for 20250211
[2026-01-20T21:01:16.767+0000] {filesystem.py:48} INFO - Saved file to /opt/***/local_data/silver/omie/pdbf/2025/02/20250212.parquet
[2026-01-20T21:01:19.429+0000] {database.py:186} INFO - Inserted 51459 rows into 'omie.pdbf'.
[2026-01-20T21:01:19.434+0000] {pdbf.py:132} INFO - Processed pdbf for 20250212
[2026-01-20T21:01:19.737+0000] {filesystem.py:48} INFO - Saved file to /opt/***/local_data/silver/omie/pdbf/2025/02/20250213.parquet
[2026-01-20T21:01:20.878+0000] {database.py:186} INFO - Inserted 51337 rows into 'omie.pdbf'.
[2026-01-20T21:01:20.879+0000] {pdbf.py:132} INFO - Processed pdbf for 20250213
[2026-01-20T21:01:21.227+0000] {filesystem.py:48} INFO - Saved file to /opt/***/local_data/silver/omie/pdbf/2025/02/20250214.parquet
[2026-01-20T21:01:23.987+0000] {database.py:186} INFO - Inserted 51355 rows into 'omie.pdbf'.
[2026-01-20T21:01:23.989+0000] {pdbf.py:132} INFO - Processed pdbf for 20250214
[2026-01-20T21:01:24.320+0000] {filesystem.py:48} INFO - Saved file to /opt/***/local_data/silver/omie/pdbf/2025/02/20250215.parquet
[2026-01-20T21:01:26.267+0000] {database.py:186} INFO - Inserted 50498 rows into 'omie.pdbf'.
[2026-01-20T21:01:26.268+0000] {pdbf.py:132} INFO - Processed pdbf for 20250215
[2026-01-20T21:01:28.173+0000] {filesystem.py:48} INFO - Saved file to /opt/***/local_data/silver/omie/pdbf/2025/02/20250216.parquet
[2026-01-20T21:01:33.819+0000] {database.py:186} INFO - Inserted 49616 rows into 'omie.pdbf'.
[2026-01-20T21:01:33.820+0000] {pdbf.py:132} INFO - Processed pdbf for 20250216
[2026-01-20T21:01:34.921+0000] {filesystem.py:48} INFO - Saved file to /opt/***/local_data/silver/omie/pdbf/2025/02/20250217.parquet
[2026-01-20T21:01:40.577+0000] {database.py:186} INFO - Inserted 50275 rows into 'omie.pdbf'.
[2026-01-20T21:01:40.579+0000] {pdbf.py:132} INFO - Processed pdbf for 20250217
[2026-01-20T21:01:41.235+0000] {filesystem.py:48} INFO - Saved file to /opt/***/local_data/silver/omie/pdbf/2025/02/20250218.parquet
[2026-01-20T21:01:51.594+0000] {database.py:186} INFO - Inserted 51835 rows into 'omie.pdbf'.
[2026-01-20T21:01:51.596+0000] {pdbf.py:132} INFO - Processed pdbf for 20250218
[2026-01-20T21:01:52.287+0000] {filesystem.py:48} INFO - Saved file to /opt/***/local_data/silver/omie/pdbf/2025/02/20250219.parquet
[2026-01-20T21:01:53.457+0000] {database.py:186} INFO - Inserted 51472 rows into 'omie.pdbf'.
[2026-01-20T21:01:53.457+0000] {pdbf.py:132} INFO - Processed pdbf for 20250219
[2026-01-20T21:01:53.725+0000] {filesystem.py:48} INFO - Saved file to /opt/***/local_data/silver/omie/pdbf/2025/02/20250220.parquet
[2026-01-20T21:01:54.823+0000] {database.py:186} INFO - Inserted 51663 rows into 'omie.pdbf'.
[2026-01-20T21:01:54.824+0000] {pdbf.py:132} INFO - Processed pdbf for 20250220
[2026-01-20T21:01:55.116+0000] {filesystem.py:48} INFO - Saved file to /opt/***/local_data/silver/omie/pdbf/2025/02/20250221.parquet
[2026-01-20T21:01:56.044+0000] {database.py:186} INFO - Inserted 51873 rows into 'omie.pdbf'.
[2026-01-20T21:01:56.047+0000] {pdbf.py:132} INFO - Processed pdbf for 20250221
[2026-01-20T21:01:56.262+0000] {filesystem.py:48} INFO - Saved file to /opt/***/local_data/silver/omie/pdbf/2025/02/20250222.parquet
[2026-01-20T21:01:57.187+0000] {database.py:186} INFO - Inserted 50463 rows into 'omie.pdbf'.
[2026-01-20T21:01:57.188+0000] {pdbf.py:132} INFO - Processed pdbf for 20250222
[2026-01-20T21:01:57.431+0000] {filesystem.py:48} INFO - Saved file to /opt/***/local_data/silver/omie/pdbf/2025/02/20250223.parquet
[2026-01-20T21:01:58.353+0000] {database.py:186} INFO - Inserted 49435 rows into 'omie.pdbf'.
[2026-01-20T21:01:58.354+0000] {pdbf.py:132} INFO - Processed pdbf for 20250223
[2026-01-20T21:01:58.595+0000] {filesystem.py:48} INFO - Saved file to /opt/***/local_data/silver/omie/pdbf/2025/02/20250224.parquet
[2026-01-20T21:01:59.634+0000] {database.py:186} INFO - Inserted 51801 rows into 'omie.pdbf'.
[2026-01-20T21:01:59.635+0000] {pdbf.py:132} INFO - Processed pdbf for 20250224
[2026-01-20T21:01:59.957+0000] {filesystem.py:48} INFO - Saved file to /opt/***/local_data/silver/omie/pdbf/2025/02/20250225.parquet
[2026-01-20T21:02:01.281+0000] {database.py:186} INFO - Inserted 52089 rows into 'omie.pdbf'.
[2026-01-20T21:02:01.283+0000] {pdbf.py:132} INFO - Processed pdbf for 20250225
[2026-01-20T21:02:01.608+0000] {filesystem.py:48} INFO - Saved file to /opt/***/local_data/silver/omie/pdbf/2025/02/20250226.parquet
[2026-01-20T21:02:02.964+0000] {database.py:186} INFO - Inserted 52201 rows into 'omie.pdbf'.
[2026-01-20T21:02:02.967+0000] {pdbf.py:132} INFO - Processed pdbf for 20250226
[2026-01-20T21:02:03.457+0000] {filesystem.py:48} INFO - Saved file to /opt/***/local_data/silver/omie/pdbf/2025/02/20250227.parquet
[2026-01-20T21:02:04.795+0000] {database.py:186} INFO - Inserted 51095 rows into 'omie.pdbf'.
[2026-01-20T21:02:04.797+0000] {pdbf.py:132} INFO - Processed pdbf for 20250227
[2026-01-20T21:02:05.135+0000] {filesystem.py:48} INFO - Saved file to /opt/***/local_data/silver/omie/pdbf/2025/02/20250228.parquet
[2026-01-20T21:02:06.575+0000] {database.py:186} INFO - Inserted 51794 rows into 'omie.pdbf'.
[2026-01-20T21:02:06.576+0000] {pdbf.py:132} INFO - Processed pdbf for 20250228
[2026-01-20T21:02:07.182+0000] {filesystem.py:48} INFO - Saved file to /opt/***/local_data/silver/omie/pdbf/2025/03/20250301.parquet
[2026-01-20T21:02:08.445+0000] {database.py:186} INFO - Inserted 51069 rows into 'omie.pdbf'.
[2026-01-20T21:02:08.446+0000] {pdbf.py:132} INFO - Processed pdbf for 20250301
[2026-01-20T21:02:08.980+0000] {filesystem.py:48} INFO - Saved file to /opt/***/local_data/silver/omie/pdbf/2025/03/20250302.parquet
[2026-01-20T21:02:10.496+0000] {database.py:186} INFO - Inserted 50306 rows into 'omie.pdbf'.
[2026-01-20T21:02:10.497+0000] {pdbf.py:132} INFO - Processed pdbf for 20250302
[2026-01-20T21:02:10.955+0000] {filesystem.py:48} INFO - Saved file to /opt/***/local_data/silver/omie/pdbf/2025/03/20250303.parquet
[2026-01-20T21:02:12.281+0000] {database.py:186} INFO - Inserted 51525 rows into 'omie.pdbf'.
[2026-01-20T21:02:12.282+0000] {pdbf.py:132} INFO - Processed pdbf for 20250303
[2026-01-20T21:02:13.700+0000] {filesystem.py:48} INFO - Saved file to /opt/***/local_data/silver/omie/pdbf/2025/03/20250304.parquet
[2026-01-20T21:02:15.346+0000] {database.py:186} INFO - Inserted 52510 rows into 'omie.pdbf'.
[2026-01-20T21:02:15.347+0000] {pdbf.py:132} INFO - Processed pdbf for 20250304
[2026-01-20T21:02:15.957+0000] {filesystem.py:48} INFO - Saved file to /opt/***/local_data/silver/omie/pdbf/2025/03/20250305.parquet
[2026-01-20T21:02:17.429+0000] {database.py:186} INFO - Inserted 52341 rows into 'omie.pdbf'.
[2026-01-20T21:02:17.430+0000] {pdbf.py:132} INFO - Processed pdbf for 20250305
[2026-01-20T21:02:17.920+0000] {filesystem.py:48} INFO - Saved file to /opt/***/local_data/silver/omie/pdbf/2025/03/20250306.parquet
[2026-01-20T21:02:19.417+0000] {database.py:186} INFO - Inserted 52627 rows into 'omie.pdbf'.
[2026-01-20T21:02:19.418+0000] {pdbf.py:132} INFO - Processed pdbf for 20250306
[2026-01-20T21:02:19.964+0000] {filesystem.py:48} INFO - Saved file to /opt/***/local_data/silver/omie/pdbf/2025/03/20250307.parquet
[2026-01-20T21:02:21.606+0000] {database.py:186} INFO - Inserted 52647 rows into 'omie.pdbf'.
[2026-01-20T21:02:21.607+0000] {pdbf.py:132} INFO - Processed pdbf for 20250307
[2026-01-20T21:02:22.648+0000] {filesystem.py:48} INFO - Saved file to /opt/***/local_data/silver/omie/pdbf/2025/03/20250308.parquet
[2026-01-20T21:02:24.388+0000] {database.py:186} INFO - Inserted 50470 rows into 'omie.pdbf'.
[2026-01-20T21:02:24.394+0000] {pdbf.py:132} INFO - Processed pdbf for 20250308
[2026-01-20T21:02:24.880+0000] {filesystem.py:48} INFO - Saved file to /opt/***/local_data/silver/omie/pdbf/2025/03/20250309.parquet
[2026-01-20T21:02:29.765+0000] {database.py:186} INFO - Inserted 50290 rows into 'omie.pdbf'.
[2026-01-20T21:02:29.801+0000] {pdbf.py:132} INFO - Processed pdbf for 20250309
[2026-01-20T21:02:30.438+0000] {filesystem.py:48} INFO - Saved file to /opt/***/local_data/silver/omie/pdbf/2025/03/20250310.parquet
[2026-01-20T21:02:31.970+0000] {database.py:186} INFO - Inserted 51994 rows into 'omie.pdbf'.
[2026-01-20T21:02:31.971+0000] {pdbf.py:132} INFO - Processed pdbf for 20250310
[2026-01-20T21:02:32.334+0000] {filesystem.py:48} INFO - Saved file to /opt/***/local_data/silver/omie/pdbf/2025/03/20250311.parquet
[2026-01-20T21:02:33.719+0000] {database.py:186} INFO - Inserted 52375 rows into 'omie.pdbf'.
[2026-01-20T21:02:33.721+0000] {pdbf.py:132} INFO - Processed pdbf for 20250311
[2026-01-20T21:02:34.220+0000] {filesystem.py:48} INFO - Saved file to /opt/***/local_data/silver/omie/pdbf/2025/03/20250312.parquet
[2026-01-20T21:02:35.966+0000] {database.py:186} INFO - Inserted 52997 rows into 'omie.pdbf'.
[2026-01-20T21:02:35.967+0000] {pdbf.py:132} INFO - Processed pdbf for 20250312
[2026-01-20T21:02:36.535+0000] {filesystem.py:48} INFO - Saved file to /opt/***/local_data/silver/omie/pdbf/2025/03/20250313.parquet
[2026-01-20T21:02:38.108+0000] {database.py:186} INFO - Inserted 52932 rows into 'omie.pdbf'.
[2026-01-20T21:02:38.110+0000] {pdbf.py:132} INFO - Processed pdbf for 20250313
[2026-01-20T21:02:38.553+0000] {filesystem.py:48} INFO - Saved file to /opt/***/local_data/silver/omie/pdbf/2025/03/20250314.parquet
[2026-01-20T21:02:40.196+0000] {database.py:186} INFO - Inserted 53509 rows into 'omie.pdbf'.
[2026-01-20T21:02:40.198+0000] {pdbf.py:132} INFO - Processed pdbf for 20250314
[2026-01-20T21:02:40.633+0000] {filesystem.py:48} INFO - Saved file to /opt/***/local_data/silver/omie/pdbf/2025/03/20250315.parquet
[2026-01-20T21:02:42.167+0000] {database.py:186} INFO - Inserted 51339 rows into 'omie.pdbf'.
[2026-01-20T21:02:42.168+0000] {pdbf.py:132} INFO - Processed pdbf for 20250315
[2026-01-20T21:02:42.617+0000] {filesystem.py:48} INFO - Saved file to /opt/***/local_data/silver/omie/pdbf/2025/03/20250316.parquet
[2026-01-20T21:02:44.067+0000] {database.py:186} INFO - Inserted 50936 rows into 'omie.pdbf'.
[2026-01-20T21:02:44.068+0000] {pdbf.py:132} INFO - Processed pdbf for 20250316
[2026-01-20T21:02:44.528+0000] {filesystem.py:48} INFO - Saved file to /opt/***/local_data/silver/omie/pdbf/2025/03/20250317.parquet
[2026-01-20T21:02:46.079+0000] {database.py:186} INFO - Inserted 52612 rows into 'omie.pdbf'.
[2026-01-20T21:02:46.080+0000] {pdbf.py:132} INFO - Processed pdbf for 20250317
[2026-01-20T21:02:46.526+0000] {filesystem.py:48} INFO - Saved file to /opt/***/local_data/silver/omie/pdbf/2025/03/20250318.parquet
[2026-01-20T21:02:47.921+0000] {database.py:186} INFO - Inserted 53330 rows into 'omie.pdbf'.
[2026-01-20T21:02:47.922+0000] {pdbf.py:132} INFO - Processed pdbf for 20250318
[2026-01-20T21:02:48.986+0000] {filesystem.py:48} INFO - Saved file to /opt/***/local_data/silver/omie/pdbf/2025/03/20250319.parquet
[2026-01-20T21:02:57.569+0000] {database.py:186} INFO - Inserted 208304 rows into 'omie.pdbf'.
[2026-01-20T21:02:57.579+0000] {pdbf.py:132} INFO - Processed pdbf for 20250319
[2026-01-20T21:02:59.638+0000] {filesystem.py:48} INFO - Saved file to /opt/***/local_data/silver/omie/pdbf/2025/03/20250320.parquet
[2026-01-20T21:03:05.195+0000] {database.py:186} INFO - Inserted 202328 rows into 'omie.pdbf'.
[2026-01-20T21:03:05.205+0000] {pdbf.py:132} INFO - Processed pdbf for 20250320
[2026-01-20T21:03:06.144+0000] {filesystem.py:48} INFO - Saved file to /opt/***/local_data/silver/omie/pdbf/2025/03/20250321.parquet
[2026-01-20T21:03:10.249+0000] {database.py:186} INFO - Inserted 203884 rows into 'omie.pdbf'.
[2026-01-20T21:03:10.256+0000] {pdbf.py:132} INFO - Processed pdbf for 20250321
[2026-01-20T21:03:11.249+0000] {filesystem.py:48} INFO - Saved file to /opt/***/local_data/silver/omie/pdbf/2025/03/20250322.parquet
[2026-01-20T21:03:15.481+0000] {database.py:186} INFO - Inserted 193048 rows into 'omie.pdbf'.
[2026-01-20T21:03:15.489+0000] {pdbf.py:132} INFO - Processed pdbf for 20250322
[2026-01-20T21:03:16.484+0000] {filesystem.py:48} INFO - Saved file to /opt/***/local_data/silver/omie/pdbf/2025/03/20250323.parquet
[2026-01-20T21:03:20.875+0000] {database.py:186} INFO - Inserted 196024 rows into 'omie.pdbf'.
[2026-01-20T21:03:20.880+0000] {pdbf.py:132} INFO - Processed pdbf for 20250323
[2026-01-20T21:03:22.042+0000] {filesystem.py:48} INFO - Saved file to /opt/***/local_data/silver/omie/pdbf/2025/03/20250324.parquet
[2026-01-20T21:03:27.638+0000] {database.py:186} INFO - Inserted 207552 rows into 'omie.pdbf'.
[2026-01-20T21:03:27.644+0000] {pdbf.py:132} INFO - Processed pdbf for 20250324
[2026-01-20T21:03:28.479+0000] {filesystem.py:48} INFO - Saved file to /opt/***/local_data/silver/omie/pdbf/2025/03/20250325.parquet
[2026-01-20T21:03:33.855+0000] {database.py:186} INFO - Inserted 208484 rows into 'omie.pdbf'.
[2026-01-20T21:03:33.863+0000] {pdbf.py:132} INFO - Processed pdbf for 20250325
[2026-01-20T21:03:34.722+0000] {filesystem.py:48} INFO - Saved file to /opt/***/local_data/silver/omie/pdbf/2025/03/20250326.parquet
[2026-01-20T21:03:41.560+0000] {database.py:186} INFO - Inserted 198660 rows into 'omie.pdbf'.
[2026-01-20T21:03:41.562+0000] {pdbf.py:132} INFO - Processed pdbf for 20250326
[2026-01-20T21:03:42.543+0000] {filesystem.py:48} INFO - Saved file to /opt/***/local_data/silver/omie/pdbf/2025/03/20250327.parquet
[2026-01-20T21:04:05.094+0000] {database.py:186} INFO - Inserted 203680 rows into 'omie.pdbf'.
[2026-01-20T21:04:05.101+0000] {pdbf.py:132} INFO - Processed pdbf for 20250327
[2026-01-20T21:04:06.733+0000] {filesystem.py:48} INFO - Saved file to /opt/***/local_data/silver/omie/pdbf/2025/03/20250328.parquet
[2026-01-20T21:04:11.282+0000] {database.py:186} INFO - Inserted 195896 rows into 'omie.pdbf'.
[2026-01-20T21:04:11.286+0000] {pdbf.py:132} INFO - Processed pdbf for 20250328
[2026-01-20T21:04:11.880+0000] {filesystem.py:48} INFO - Saved file to /opt/***/local_data/silver/omie/pdbf/2025/03/20250329.parquet
[2026-01-20T21:04:15.374+0000] {database.py:186} INFO - Inserted 183292 rows into 'omie.pdbf'.
[2026-01-20T21:04:15.381+0000] {pdbf.py:132} INFO - Processed pdbf for 20250329
[2026-01-20T21:04:16.233+0000] {filesystem.py:48} INFO - Saved file to /opt/***/local_data/silver/omie/pdbf/2025/03/20250330.parquet
[2026-01-20T21:04:20.323+0000] {database.py:186} INFO - Inserted 168572 rows into 'omie.pdbf'.
[2026-01-20T21:04:20.329+0000] {pdbf.py:132} INFO - Processed pdbf for 20250330
[2026-01-20T21:04:21.147+0000] {filesystem.py:48} INFO - Saved file to /opt/***/local_data/silver/omie/pdbf/2025/03/20250331.parquet
[2026-01-20T21:04:25.236+0000] {database.py:186} INFO - Inserted 193408 rows into 'omie.pdbf'.
[2026-01-20T21:04:25.241+0000] {pdbf.py:132} INFO - Processed pdbf for 20250331
[2026-01-20T21:04:26.567+0000] {filesystem.py:48} INFO - Saved file to /opt/***/local_data/silver/omie/pdbf/2025/04/20250401.parquet
[2026-01-20T21:04:30.902+0000] {database.py:186} INFO - Inserted 203552 rows into 'omie.pdbf'.
[2026-01-20T21:04:30.912+0000] {pdbf.py:132} INFO - Processed pdbf for 20250401
[2026-01-20T21:04:31.948+0000] {filesystem.py:48} INFO - Saved file to /opt/***/local_data/silver/omie/pdbf/2025/04/20250402.parquet
[2026-01-20T21:04:38.950+0000] {database.py:186} INFO - Inserted 207864 rows into 'omie.pdbf'.
[2026-01-20T21:04:38.956+0000] {pdbf.py:132} INFO - Processed pdbf for 20250402
[2026-01-20T21:04:39.690+0000] {filesystem.py:48} INFO - Saved file to /opt/***/local_data/silver/omie/pdbf/2025/04/20250403.parquet
[2026-01-20T21:04:48.024+0000] {database.py:186} INFO - Inserted 211840 rows into 'omie.pdbf'.
[2026-01-20T21:04:48.031+0000] {pdbf.py:132} INFO - Processed pdbf for 20250403
[2026-01-20T21:04:49.038+0000] {filesystem.py:48} INFO - Saved file to /opt/***/local_data/silver/omie/pdbf/2025/04/20250404.parquet
[2026-01-20T21:04:53.493+0000] {database.py:186} INFO - Inserted 207072 rows into 'omie.pdbf'.
[2026-01-20T21:04:53.500+0000] {pdbf.py:132} INFO - Processed pdbf for 20250404
[2026-01-20T21:04:54.507+0000] {filesystem.py:48} INFO - Saved file to /opt/***/local_data/silver/omie/pdbf/2025/04/20250405.parquet
[2026-01-20T21:04:59.070+0000] {database.py:186} INFO - Inserted 197164 rows into 'omie.pdbf'.
[2026-01-20T21:04:59.072+0000] {pdbf.py:132} INFO - Processed pdbf for 20250405
[2026-01-20T21:05:00.062+0000] {filesystem.py:48} INFO - Saved file to /opt/***/local_data/silver/omie/pdbf/2025/04/20250406.parquet
[2026-01-20T21:05:04.845+0000] {database.py:186} INFO - Inserted 189220 rows into 'omie.pdbf'.
[2026-01-20T21:05:04.846+0000] {pdbf.py:132} INFO - Processed pdbf for 20250406
[2026-01-20T21:05:06.165+0000] {filesystem.py:48} INFO - Saved file to /opt/***/local_data/silver/omie/pdbf/2025/04/20250407.parquet
[2026-01-20T21:05:17.873+0000] {database.py:186} INFO - Inserted 207760 rows into 'omie.pdbf'.
[2026-01-20T21:05:17.881+0000] {pdbf.py:132} INFO - Processed pdbf for 20250407
[2026-01-20T21:05:18.753+0000] {filesystem.py:48} INFO - Saved file to /opt/***/local_data/silver/omie/pdbf/2025/04/20250408.parquet
[2026-01-20T21:05:25.163+0000] {database.py:186} INFO - Inserted 198920 rows into 'omie.pdbf'.
[2026-01-20T21:05:25.173+0000] {pdbf.py:132} INFO - Processed pdbf for 20250408
[2026-01-20T21:05:26.394+0000] {filesystem.py:48} INFO - Saved file to /opt/***/local_data/silver/omie/pdbf/2025/04/20250409.parquet
[2026-01-20T21:05:32.581+0000] {database.py:186} INFO - Inserted 204956 rows into 'omie.pdbf'.
[2026-01-20T21:05:32.588+0000] {pdbf.py:132} INFO - Processed pdbf for 20250409
[2026-01-20T21:05:33.529+0000] {filesystem.py:48} INFO - Saved file to /opt/***/local_data/silver/omie/pdbf/2025/04/20250410.parquet
[2026-01-20T21:05:44.478+0000] {database.py:186} INFO - Inserted 210068 rows into 'omie.pdbf'.
[2026-01-20T21:05:44.524+0000] {pdbf.py:132} INFO - Processed pdbf for 20250410
[2026-01-20T21:05:46.268+0000] {filesystem.py:48} INFO - Saved file to /opt/***/local_data/silver/omie/pdbf/2025/04/20250411.parquet
[2026-01-20T21:06:13.634+0000] {database.py:186} INFO - Inserted 211172 rows into 'omie.pdbf'.
[2026-01-20T21:06:13.639+0000] {pdbf.py:132} INFO - Processed pdbf for 20250411
[2026-01-20T21:06:14.820+0000] {filesystem.py:48} INFO - Saved file to /opt/***/local_data/silver/omie/pdbf/2025/04/20250412.parquet
[2026-01-20T21:06:18.568+0000] {database.py:186} INFO - Inserted 206224 rows into 'omie.pdbf'.
[2026-01-20T21:06:18.575+0000] {pdbf.py:132} INFO - Processed pdbf for 20250412
[2026-01-20T21:06:19.320+0000] {filesystem.py:48} INFO - Saved file to /opt/***/local_data/silver/omie/pdbf/2025/04/20250413.parquet
[2026-01-20T21:06:23.436+0000] {database.py:186} INFO - Inserted 200040 rows into 'omie.pdbf'.
[2026-01-20T21:06:23.444+0000] {pdbf.py:132} INFO - Processed pdbf for 20250413
[2026-01-20T21:06:24.698+0000] {filesystem.py:48} INFO - Saved file to /opt/***/local_data/silver/omie/pdbf/2025/04/20250414.parquet
[2026-01-20T21:06:29.861+0000] {database.py:186} INFO - Inserted 210912 rows into 'omie.pdbf'.
[2026-01-20T21:06:29.867+0000] {pdbf.py:132} INFO - Processed pdbf for 20250414
[2026-01-20T21:06:31.012+0000] {filesystem.py:48} INFO - Saved file to /opt/***/local_data/silver/omie/pdbf/2025/04/20250415.parquet
[2026-01-20T21:06:40.857+0000] {database.py:186} INFO - Inserted 208560 rows into 'omie.pdbf'.
[2026-01-20T21:06:40.865+0000] {pdbf.py:132} INFO - Processed pdbf for 20250415
[2026-01-20T21:06:41.746+0000] {filesystem.py:48} INFO - Saved file to /opt/***/local_data/silver/omie/pdbf/2025/04/20250416.parquet
[2026-01-20T21:06:45.686+0000] {database.py:186} INFO - Inserted 209364 rows into 'omie.pdbf'.
[2026-01-20T21:06:45.694+0000] {pdbf.py:132} INFO - Processed pdbf for 20250416
[2026-01-20T21:06:47.241+0000] {filesystem.py:48} INFO - Saved file to /opt/***/local_data/silver/omie/pdbf/2025/04/20250417.parquet
[2026-01-20T21:06:53.045+0000] {database.py:186} INFO - Inserted 208692 rows into 'omie.pdbf'.
[2026-01-20T21:06:53.052+0000] {pdbf.py:132} INFO - Processed pdbf for 20250417
[2026-01-20T21:06:54.702+0000] {filesystem.py:48} INFO - Saved file to /opt/***/local_data/silver/omie/pdbf/2025/04/20250418.parquet
[2026-01-20T21:07:01.143+0000] {database.py:186} INFO - Inserted 197200 rows into 'omie.pdbf'.
[2026-01-20T21:07:01.150+0000] {pdbf.py:132} INFO - Processed pdbf for 20250418
[2026-01-20T21:07:02.145+0000] {filesystem.py:48} INFO - Saved file to /opt/***/local_data/silver/omie/pdbf/2025/04/20250419.parquet
[2026-01-20T21:07:11.305+0000] {database.py:186} INFO - Inserted 187996 rows into 'omie.pdbf'.
[2026-01-20T21:07:11.314+0000] {pdbf.py:132} INFO - Processed pdbf for 20250419
[2026-01-20T21:07:12.305+0000] {filesystem.py:48} INFO - Saved file to /opt/***/local_data/silver/omie/pdbf/2025/04/20250420.parquet
[2026-01-20T21:07:23.391+0000] {database.py:186} INFO - Inserted 189684 rows into 'omie.pdbf'.
[2026-01-20T21:07:23.395+0000] {pdbf.py:132} INFO - Processed pdbf for 20250420
[2026-01-20T21:07:24.461+0000] {filesystem.py:48} INFO - Saved file to /opt/***/local_data/silver/omie/pdbf/2025/04/20250421.parquet
[2026-01-20T21:07:32.422+0000] {database.py:186} INFO - Inserted 208312 rows into 'omie.pdbf'.
[2026-01-20T21:07:32.431+0000] {pdbf.py:132} INFO - Processed pdbf for 20250421
[2026-01-20T21:07:33.100+0000] {filesystem.py:48} INFO - Saved file to /opt/***/local_data/silver/omie/pdbf/2025/04/20250422.parquet
[2026-01-20T21:07:38.586+0000] {database.py:186} INFO - Inserted 211924 rows into 'omie.pdbf'.
[2026-01-20T21:07:38.596+0000] {pdbf.py:132} INFO - Processed pdbf for 20250422
[2026-01-20T21:07:39.609+0000] {filesystem.py:48} INFO - Saved file to /opt/***/local_data/silver/omie/pdbf/2025/04/20250423.parquet
[2026-01-20T21:08:07.967+0000] {database.py:186} INFO - Inserted 213792 rows into 'omie.pdbf'.
[2026-01-20T21:08:07.978+0000] {pdbf.py:132} INFO - Processed pdbf for 20250423
[2026-01-20T21:08:08.892+0000] {filesystem.py:48} INFO - Saved file to /opt/***/local_data/silver/omie/pdbf/2025/04/20250424.parquet
[2026-01-20T21:08:12.648+0000] {database.py:186} INFO - Inserted 210664 rows into 'omie.pdbf'.
[2026-01-20T21:08:12.659+0000] {pdbf.py:132} INFO - Processed pdbf for 20250424
[2026-01-20T21:08:13.902+0000] {filesystem.py:48} INFO - Saved file to /opt/***/local_data/silver/omie/pdbf/2025/04/20250425.parquet
[2026-01-20T21:08:26.082+0000] {database.py:186} INFO - Inserted 210268 rows into 'omie.pdbf'.
[2026-01-20T21:08:26.090+0000] {pdbf.py:132} INFO - Processed pdbf for 20250425
[2026-01-20T21:08:26.759+0000] {filesystem.py:48} INFO - Saved file to /opt/***/local_data/silver/omie/pdbf/2025/04/20250426.parquet
[2026-01-20T21:08:33.064+0000] {database.py:186} INFO - Inserted 194120 rows into 'omie.pdbf'.
[2026-01-20T21:08:33.079+0000] {pdbf.py:132} INFO - Processed pdbf for 20250426
[2026-01-20T21:08:34.547+0000] {filesystem.py:48} INFO - Saved file to /opt/***/local_data/silver/omie/pdbf/2025/04/20250427.parquet
[2026-01-20T21:08:47.154+0000] {database.py:186} INFO - Inserted 186512 rows into 'omie.pdbf'.
[2026-01-20T21:08:47.160+0000] {pdbf.py:132} INFO - Processed pdbf for 20250427
[2026-01-20T21:08:47.869+0000] {filesystem.py:48} INFO - Saved file to /opt/***/local_data/silver/omie/pdbf/2025/04/20250428.parquet
[2026-01-20T21:08:55.142+0000] {database.py:186} INFO - Inserted 202260 rows into 'omie.pdbf'.
[2026-01-20T21:08:55.148+0000] {pdbf.py:132} INFO - Processed pdbf for 20250428
[2026-01-20T21:08:56.680+0000] {filesystem.py:48} INFO - Saved file to /opt/***/local_data/silver/omie/pdbf/2025/04/20250429.parquet
[2026-01-20T21:09:19.964+0000] {database.py:186} INFO - Inserted 202288 rows into 'omie.pdbf'.
[2026-01-20T21:09:19.970+0000] {pdbf.py:132} INFO - Processed pdbf for 20250429
[2026-01-20T21:09:20.894+0000] {filesystem.py:48} INFO - Saved file to /opt/***/local_data/silver/omie/pdbf/2025/04/20250430.parquet
[2026-01-20T21:09:25.237+0000] {database.py:186} INFO - Inserted 206992 rows into 'omie.pdbf'.
[2026-01-20T21:09:25.247+0000] {pdbf.py:132} INFO - Processed pdbf for 20250430
[2026-01-20T21:09:27.024+0000] {filesystem.py:48} INFO - Saved file to /opt/***/local_data/silver/omie/pdbf/2025/05/20250501.parquet
[2026-01-20T21:09:38.301+0000] {database.py:186} INFO - Inserted 187828 rows into 'omie.pdbf'.
[2026-01-20T21:09:38.307+0000] {pdbf.py:132} INFO - Processed pdbf for 20250501
[2026-01-20T21:09:38.937+0000] {filesystem.py:48} INFO - Saved file to /opt/***/local_data/silver/omie/pdbf/2025/05/20250502.parquet
[2026-01-20T21:09:45.070+0000] {database.py:186} INFO - Inserted 197132 rows into 'omie.pdbf'.
[2026-01-20T21:09:45.077+0000] {pdbf.py:132} INFO - Processed pdbf for 20250502
[2026-01-20T21:09:46.143+0000] {filesystem.py:48} INFO - Saved file to /opt/***/local_data/silver/omie/pdbf/2025/05/20250503.parquet
[2026-01-20T21:09:58.621+0000] {database.py:186} INFO - Inserted 196688 rows into 'omie.pdbf'.
[2026-01-20T21:09:58.629+0000] {pdbf.py:132} INFO - Processed pdbf for 20250503
[2026-01-20T21:09:59.303+0000] {filesystem.py:48} INFO - Saved file to /opt/***/local_data/silver/omie/pdbf/2025/05/20250504.parquet
[2026-01-20T21:10:04.297+0000] {database.py:186} INFO - Inserted 191348 rows into 'omie.pdbf'.
[2026-01-20T21:10:04.307+0000] {pdbf.py:132} INFO - Processed pdbf for 20250504
[2026-01-20T21:10:05.334+0000] {filesystem.py:48} INFO - Saved file to /opt/***/local_data/silver/omie/pdbf/2025/05/20250505.parquet
[2026-01-20T21:10:36.159+0000] {database.py:186} INFO - Inserted 197916 rows into 'omie.pdbf'.
[2026-01-20T21:10:36.164+0000] {pdbf.py:132} INFO - Processed pdbf for 20250505
[2026-01-20T21:10:36.945+0000] {filesystem.py:48} INFO - Saved file to /opt/***/local_data/silver/omie/pdbf/2025/05/20250506.parquet
[2026-01-20T21:10:40.724+0000] {database.py:186} INFO - Inserted 197824 rows into 'omie.pdbf'.
[2026-01-20T21:10:40.731+0000] {pdbf.py:132} INFO - Processed pdbf for 20250506
[2026-01-20T21:10:41.514+0000] {filesystem.py:48} INFO - Saved file to /opt/***/local_data/silver/omie/pdbf/2025/05/20250507.parquet
[2026-01-20T21:10:52.905+0000] {database.py:186} INFO - Inserted 207476 rows into 'omie.pdbf'.
[2026-01-20T21:10:52.913+0000] {pdbf.py:132} INFO - Processed pdbf for 20250507
[2026-01-20T21:10:53.694+0000] {filesystem.py:48} INFO - Saved file to /opt/***/local_data/silver/omie/pdbf/2025/05/20250508.parquet
[2026-01-20T21:11:01.525+0000] {database.py:186} INFO - Inserted 209872 rows into 'omie.pdbf'.
[2026-01-20T21:11:01.534+0000] {pdbf.py:132} INFO - Processed pdbf for 20250508
[2026-01-20T21:11:02.567+0000] {filesystem.py:48} INFO - Saved file to /opt/***/local_data/silver/omie/pdbf/2025/05/20250509.parquet
[2026-01-20T21:11:11.057+0000] {database.py:186} INFO - Inserted 213344 rows into 'omie.pdbf'.
[2026-01-20T21:11:11.067+0000] {pdbf.py:132} INFO - Processed pdbf for 20250509
[2026-01-20T21:11:12.214+0000] {filesystem.py:48} INFO - Saved file to /opt/***/local_data/silver/omie/pdbf/2025/05/20250510.parquet
[2026-01-20T21:11:29.195+0000] {database.py:186} INFO - Inserted 195956 rows into 'omie.pdbf'.
[2026-01-20T21:11:29.202+0000] {pdbf.py:132} INFO - Processed pdbf for 20250510
[2026-01-20T21:11:30.187+0000] {filesystem.py:48} INFO - Saved file to /opt/***/local_data/silver/omie/pdbf/2025/05/20250511.parquet
[2026-01-20T21:11:45.861+0000] {database.py:186} INFO - Inserted 183236 rows into 'omie.pdbf'.
[2026-01-20T21:11:45.868+0000] {pdbf.py:132} INFO - Processed pdbf for 20250511
[2026-01-20T21:11:46.776+0000] {filesystem.py:48} INFO - Saved file to /opt/***/local_data/silver/omie/pdbf/2025/05/20250512.parquet
[2026-01-20T21:11:54.375+0000] {database.py:186} INFO - Inserted 202616 rows into 'omie.pdbf'.
[2026-01-20T21:11:54.382+0000] {pdbf.py:132} INFO - Processed pdbf for 20250512
[2026-01-20T21:11:55.652+0000] {filesystem.py:48} INFO - Saved file to /opt/***/local_data/silver/omie/pdbf/2025/05/20250513.parquet
[2026-01-20T21:12:12.036+0000] {database.py:186} INFO - Inserted 208848 rows into 'omie.pdbf'.
[2026-01-20T21:12:12.044+0000] {pdbf.py:132} INFO - Processed pdbf for 20250513
[2026-01-20T21:12:12.826+0000] {filesystem.py:48} INFO - Saved file to /opt/***/local_data/silver/omie/pdbf/2025/05/20250514.parquet
[2026-01-20T21:12:27.225+0000] {database.py:186} INFO - Inserted 204844 rows into 'omie.pdbf'.
[2026-01-20T21:12:27.229+0000] {pdbf.py:132} INFO - Processed pdbf for 20250514
[2026-01-20T21:12:28.044+0000] {filesystem.py:48} INFO - Saved file to /opt/***/local_data/silver/omie/pdbf/2025/05/20250515.parquet
[2026-01-20T21:12:31.787+0000] {database.py:186} INFO - Inserted 203596 rows into 'omie.pdbf'.
[2026-01-20T21:12:31.792+0000] {pdbf.py:132} INFO - Processed pdbf for 20250515
[2026-01-20T21:12:32.364+0000] {filesystem.py:48} INFO - Saved file to /opt/***/local_data/silver/omie/pdbf/2025/05/20250516.parquet
[2026-01-20T21:12:37.243+0000] {database.py:186} INFO - Inserted 197052 rows into 'omie.pdbf'.
[2026-01-20T21:12:37.249+0000] {pdbf.py:132} INFO - Processed pdbf for 20250516
[2026-01-20T21:12:38.365+0000] {filesystem.py:48} INFO - Saved file to /opt/***/local_data/silver/omie/pdbf/2025/05/20250517.parquet
[2026-01-20T21:12:43.891+0000] {database.py:186} INFO - Inserted 192136 rows into 'omie.pdbf'.
[2026-01-20T21:12:43.896+0000] {pdbf.py:132} INFO - Processed pdbf for 20250517
[2026-01-20T21:12:44.929+0000] {filesystem.py:48} INFO - Saved file to /opt/***/local_data/silver/omie/pdbf/2025/05/20250518.parquet
[2026-01-20T21:12:53.594+0000] {database.py:186} INFO - Inserted 186780 rows into 'omie.pdbf'.
[2026-01-20T21:12:53.600+0000] {pdbf.py:132} INFO - Processed pdbf for 20250518
[2026-01-20T21:12:54.201+0000] {filesystem.py:48} INFO - Saved file to /opt/***/local_data/silver/omie/pdbf/2025/05/20250519.parquet
[2026-01-20T21:12:58.834+0000] {database.py:186} INFO - Inserted 203660 rows into 'omie.pdbf'.
[2026-01-20T21:12:58.840+0000] {pdbf.py:132} INFO - Processed pdbf for 20250519
[2026-01-20T21:12:59.850+0000] {filesystem.py:48} INFO - Saved file to /opt/***/local_data/silver/omie/pdbf/2025/05/20250520.parquet
[2026-01-20T21:13:05.743+0000] {database.py:186} INFO - Inserted 200880 rows into 'omie.pdbf'.
[2026-01-20T21:13:05.750+0000] {pdbf.py:132} INFO - Processed pdbf for 20250520
[2026-01-20T21:13:06.699+0000] {filesystem.py:48} INFO - Saved file to /opt/***/local_data/silver/omie/pdbf/2025/05/20250521.parquet
[2026-01-20T21:13:13.758+0000] {database.py:186} INFO - Inserted 206664 rows into 'omie.pdbf'.
[2026-01-20T21:13:13.766+0000] {pdbf.py:132} INFO - Processed pdbf for 20250521
[2026-01-20T21:13:14.537+0000] {filesystem.py:48} INFO - Saved file to /opt/***/local_data/silver/omie/pdbf/2025/05/20250522.parquet
[2026-01-20T21:13:23.280+0000] {database.py:186} INFO - Inserted 199520 rows into 'omie.pdbf'.
[2026-01-20T21:13:23.285+0000] {pdbf.py:132} INFO - Processed pdbf for 20250522
[2026-01-20T21:13:23.992+0000] {filesystem.py:48} INFO - Saved file to /opt/***/local_data/silver/omie/pdbf/2025/05/20250523.parquet
[2026-01-20T21:13:28.866+0000] {database.py:186} INFO - Inserted 205928 rows into 'omie.pdbf'.
[2026-01-20T21:13:28.873+0000] {pdbf.py:132} INFO - Processed pdbf for 20250523
[2026-01-20T21:13:29.808+0000] {filesystem.py:48} INFO - Saved file to /opt/***/local_data/silver/omie/pdbf/2025/05/20250524.parquet
[2026-01-20T21:13:35.764+0000] {database.py:186} INFO - Inserted 189480 rows into 'omie.pdbf'.
[2026-01-20T21:13:35.772+0000] {pdbf.py:132} INFO - Processed pdbf for 20250524
[2026-01-20T21:13:36.777+0000] {filesystem.py:48} INFO - Saved file to /opt/***/local_data/silver/omie/pdbf/2025/05/20250525.parquet
[2026-01-20T21:14:05.846+0000] {database.py:186} INFO - Inserted 186520 rows into 'omie.pdbf'.
[2026-01-20T21:14:05.858+0000] {pdbf.py:132} INFO - Processed pdbf for 20250525
[2026-01-20T21:14:06.871+0000] {filesystem.py:48} INFO - Saved file to /opt/***/local_data/silver/omie/pdbf/2025/05/20250526.parquet
[2026-01-20T21:14:11.151+0000] {database.py:186} INFO - Inserted 206684 rows into 'omie.pdbf'.
[2026-01-20T21:14:11.156+0000] {pdbf.py:132} INFO - Processed pdbf for 20250526
[2026-01-20T21:14:11.749+0000] {filesystem.py:48} INFO - Saved file to /opt/***/local_data/silver/omie/pdbf/2025/05/20250527.parquet
[2026-01-20T21:14:18.929+0000] {database.py:186} INFO - Inserted 208464 rows into 'omie.pdbf'.
[2026-01-20T21:14:18.937+0000] {pdbf.py:132} INFO - Processed pdbf for 20250527
[2026-01-20T21:14:19.679+0000] {filesystem.py:48} INFO - Saved file to /opt/***/local_data/silver/omie/pdbf/2025/05/20250528.parquet
[2026-01-20T21:14:28.106+0000] {database.py:186} INFO - Inserted 208912 rows into 'omie.pdbf'.
[2026-01-20T21:14:28.112+0000] {pdbf.py:132} INFO - Processed pdbf for 20250528
[2026-01-20T21:14:28.811+0000] {filesystem.py:48} INFO - Saved file to /opt/***/local_data/silver/omie/pdbf/2025/05/20250529.parquet
[2026-01-20T21:14:34.433+0000] {database.py:186} INFO - Inserted 210816 rows into 'omie.pdbf'.
[2026-01-20T21:14:34.442+0000] {pdbf.py:132} INFO - Processed pdbf for 20250529
[2026-01-20T21:14:35.391+0000] {filesystem.py:48} INFO - Saved file to /opt/***/local_data/silver/omie/pdbf/2025/05/20250530.parquet
[2026-01-20T21:14:44.722+0000] {database.py:186} INFO - Inserted 212296 rows into 'omie.pdbf'.
[2026-01-20T21:14:44.732+0000] {pdbf.py:132} INFO - Processed pdbf for 20250530
[2026-01-20T21:14:45.763+0000] {filesystem.py:48} INFO - Saved file to /opt/***/local_data/silver/omie/pdbf/2025/05/20250531.parquet
[2026-01-20T21:14:55.543+0000] {database.py:186} INFO - Inserted 202068 rows into 'omie.pdbf'.
[2026-01-20T21:14:55.551+0000] {pdbf.py:132} INFO - Processed pdbf for 20250531
[2026-01-20T21:14:56.925+0000] {filesystem.py:48} INFO - Saved file to /opt/***/local_data/silver/omie/pdbf/2025/06/20250601.parquet
[2026-01-20T21:15:04.043+0000] {database.py:186} INFO - Inserted 199128 rows into 'omie.pdbf'.
[2026-01-20T21:15:04.047+0000] {pdbf.py:132} INFO - Processed pdbf for 20250601
[2026-01-20T21:15:04.757+0000] {filesystem.py:48} INFO - Saved file to /opt/***/local_data/silver/omie/pdbf/2025/06/20250602.parquet
[2026-01-20T21:15:19.967+0000] {database.py:186} INFO - Inserted 220168 rows into 'omie.pdbf'.
[2026-01-20T21:15:19.975+0000] {pdbf.py:132} INFO - Processed pdbf for 20250602
[2026-01-20T21:15:34.901+0000] {filesystem.py:48} INFO - Saved file to /opt/***/local_data/silver/omie/pdbf/2025/06/20250603.parquet
[2026-01-20T21:15:45.526+0000] {database.py:186} INFO - Inserted 221432 rows into 'omie.pdbf'.
[2026-01-20T21:15:45.549+0000] {pdbf.py:132} INFO - Processed pdbf for 20250603
[2026-01-20T21:15:47.077+0000] {filesystem.py:48} INFO - Saved file to /opt/***/local_data/silver/omie/pdbf/2025/06/20250604.parquet
[2026-01-20T21:15:54.706+0000] {database.py:186} INFO - Inserted 225028 rows into 'omie.pdbf'.
[2026-01-20T21:15:54.712+0000] {pdbf.py:132} INFO - Processed pdbf for 20250604
[2026-01-20T21:15:55.883+0000] {filesystem.py:48} INFO - Saved file to /opt/***/local_data/silver/omie/pdbf/2025/06/20250605.parquet
[2026-01-20T21:16:02.719+0000] {database.py:186} INFO - Inserted 217516 rows into 'omie.pdbf'.
[2026-01-20T21:16:02.725+0000] {pdbf.py:132} INFO - Processed pdbf for 20250605
[2026-01-20T21:16:04.080+0000] {filesystem.py:48} INFO - Saved file to /opt/***/local_data/silver/omie/pdbf/2025/06/20250606.parquet
[2026-01-20T21:16:10.738+0000] {database.py:186} INFO - Inserted 220732 rows into 'omie.pdbf'.
[2026-01-20T21:16:10.746+0000] {pdbf.py:132} INFO - Processed pdbf for 20250606
[2026-01-20T21:16:16.039+0000] {filesystem.py:48} INFO - Saved file to /opt/***/local_data/silver/omie/pdbf/2025/06/20250607.parquet
[2026-01-20T21:16:21.995+0000] {database.py:186} INFO - Inserted 209924 rows into 'omie.pdbf'.
[2026-01-20T21:16:22.007+0000] {pdbf.py:132} INFO - Processed pdbf for 20250607
[2026-01-20T21:16:23.200+0000] {filesystem.py:48} INFO - Saved file to /opt/***/local_data/silver/omie/pdbf/2025/06/20250608.parquet
[2026-01-20T21:16:31.153+0000] {database.py:186} INFO - Inserted 201372 rows into 'omie.pdbf'.
[2026-01-20T21:16:31.158+0000] {pdbf.py:132} INFO - Processed pdbf for 20250608
[2026-01-20T21:16:32.147+0000] {filesystem.py:48} INFO - Saved file to /opt/***/local_data/silver/omie/pdbf/2025/06/20250609.parquet
[2026-01-20T21:16:38.071+0000] {database.py:186} INFO - Inserted 223584 rows into 'omie.pdbf'.
[2026-01-20T21:16:38.077+0000] {pdbf.py:132} INFO - Processed pdbf for 20250609
[2026-01-20T21:16:39.372+0000] {filesystem.py:48} INFO - Saved file to /opt/***/local_data/silver/omie/pdbf/2025/06/20250610.parquet
[2026-01-20T21:16:43.646+0000] {database.py:186} INFO - Inserted 226464 rows into 'omie.pdbf'.
[2026-01-20T21:16:43.654+0000] {pdbf.py:132} INFO - Processed pdbf for 20250610
[2026-01-20T21:16:44.554+0000] {filesystem.py:48} INFO - Saved file to /opt/***/local_data/silver/omie/pdbf/2025/06/20250611.parquet
[2026-01-20T21:17:02.791+0000] {database.py:186} INFO - Inserted 228320 rows into 'omie.pdbf'.
[2026-01-20T21:17:02.802+0000] {pdbf.py:132} INFO - Processed pdbf for 20250611
[2026-01-20T21:17:03.741+0000] {filesystem.py:48} INFO - Saved file to /opt/***/local_data/silver/omie/pdbf/2025/06/20250612.parquet
[2026-01-20T21:17:19.760+0000] {database.py:186} INFO - Inserted 224288 rows into 'omie.pdbf'.
[2026-01-20T21:17:19.773+0000] {pdbf.py:132} INFO - Processed pdbf for 20250612
[2026-01-20T21:17:21.322+0000] {filesystem.py:48} INFO - Saved file to /opt/***/local_data/silver/omie/pdbf/2025/06/20250613.parquet
[2026-01-20T21:17:30.892+0000] {database.py:186} INFO - Inserted 226264 rows into 'omie.pdbf'.
[2026-01-20T21:17:30.899+0000] {pdbf.py:132} INFO - Processed pdbf for 20250613
[2026-01-20T21:17:31.943+0000] {filesystem.py:48} INFO - Saved file to /opt/***/local_data/silver/omie/pdbf/2025/06/20250614.parquet
[2026-01-20T21:17:38.177+0000] {database.py:186} INFO - Inserted 213428 rows into 'omie.pdbf'.
[2026-01-20T21:17:38.187+0000] {pdbf.py:132} INFO - Processed pdbf for 20250614
[2026-01-20T21:17:39.175+0000] {filesystem.py:48} INFO - Saved file to /opt/***/local_data/silver/omie/pdbf/2025/06/20250615.parquet
[2026-01-20T21:17:48.875+0000] {database.py:186} INFO - Inserted 208612 rows into 'omie.pdbf'.
[2026-01-20T21:17:48.881+0000] {pdbf.py:132} INFO - Processed pdbf for 20250615
[2026-01-20T21:17:49.947+0000] {filesystem.py:48} INFO - Saved file to /opt/***/local_data/silver/omie/pdbf/2025/06/20250616.parquet
[2026-01-20T21:18:06.983+0000] {database.py:186} INFO - Inserted 228032 rows into 'omie.pdbf'.
[2026-01-20T21:18:07.027+0000] {pdbf.py:132} INFO - Processed pdbf for 20250616
[2026-01-20T21:18:08.499+0000] {filesystem.py:48} INFO - Saved file to /opt/***/local_data/silver/omie/pdbf/2025/06/20250617.parquet
[2026-01-20T21:18:19.054+0000] {database.py:186} INFO - Inserted 228428 rows into 'omie.pdbf'.
[2026-01-20T21:18:19.062+0000] {pdbf.py:132} INFO - Processed pdbf for 20250617
[2026-01-20T21:18:20.257+0000] {filesystem.py:48} INFO - Saved file to /opt/***/local_data/silver/omie/pdbf/2025/06/20250618.parquet
[2026-01-20T21:18:35.934+0000] {database.py:186} INFO - Inserted 227472 rows into 'omie.pdbf'.
[2026-01-20T21:18:35.943+0000] {pdbf.py:132} INFO - Processed pdbf for 20250618
[2026-01-20T21:18:37.944+0000] {filesystem.py:48} INFO - Saved file to /opt/***/local_data/silver/omie/pdbf/2025/06/20250619.parquet
[2026-01-20T21:19:15.981+0000] {database.py:186} INFO - Inserted 228868 rows into 'omie.pdbf'.
[2026-01-20T21:19:16.031+0000] {pdbf.py:132} INFO - Processed pdbf for 20250619
[2026-01-20T21:19:17.984+0000] {filesystem.py:48} INFO - Saved file to /opt/***/local_data/silver/omie/pdbf/2025/06/20250620.parquet
[2026-01-20T21:19:28.771+0000] {database.py:186} INFO - Inserted 229140 rows into 'omie.pdbf'.
[2026-01-20T21:19:28.781+0000] {pdbf.py:132} INFO - Processed pdbf for 20250620
[2026-01-20T21:19:29.906+0000] {filesystem.py:48} INFO - Saved file to /opt/***/local_data/silver/omie/pdbf/2025/06/20250621.parquet
[2026-01-20T21:19:39.863+0000] {database.py:186} INFO - Inserted 220092 rows into 'omie.pdbf'.
[2026-01-20T21:19:39.870+0000] {pdbf.py:132} INFO - Processed pdbf for 20250621
[2026-01-20T21:19:41.254+0000] {filesystem.py:48} INFO - Saved file to /opt/***/local_data/silver/omie/pdbf/2025/06/20250622.parquet
[2026-01-20T21:19:56.422+0000] {database.py:186} INFO - Inserted 207592 rows into 'omie.pdbf'.
[2026-01-20T21:19:56.435+0000] {pdbf.py:132} INFO - Processed pdbf for 20250622
[2026-01-20T21:19:59.059+0000] {filesystem.py:48} INFO - Saved file to /opt/***/local_data/silver/omie/pdbf/2025/06/20250623.parquet
[2026-01-20T21:20:27.240+0000] {database.py:186} INFO - Inserted 225960 rows into 'omie.pdbf'.
[2026-01-20T21:20:27.291+0000] {pdbf.py:132} INFO - Processed pdbf for 20250623
[2026-01-20T21:20:36.735+0000] {filesystem.py:48} INFO - Saved file to /opt/***/local_data/silver/omie/pdbf/2025/06/20250624.parquet
[2026-01-20T21:20:56.571+0000] {database.py:186} INFO - Inserted 225160 rows into 'omie.pdbf'.
[2026-01-20T21:20:56.590+0000] {pdbf.py:132} INFO - Processed pdbf for 20250624
[2026-01-20T21:20:59.857+0000] {filesystem.py:48} INFO - Saved file to /opt/***/local_data/silver/omie/pdbf/2025/06/20250625.parquet
[2026-01-20T21:21:24.498+0000] {database.py:186} INFO - Inserted 228644 rows into 'omie.pdbf'.
[2026-01-20T21:21:24.539+0000] {pdbf.py:132} INFO - Processed pdbf for 20250625
[2026-01-20T21:21:26.188+0000] {filesystem.py:48} INFO - Saved file to /opt/***/local_data/silver/omie/pdbf/2025/06/20250626.parquet
[2026-01-20T21:21:39.669+0000] {database.py:186} INFO - Inserted 227848 rows into 'omie.pdbf'.
[2026-01-20T21:21:39.683+0000] {pdbf.py:132} INFO - Processed pdbf for 20250626
[2026-01-20T21:21:44.413+0000] {filesystem.py:48} INFO - Saved file to /opt/***/local_data/silver/omie/pdbf/2025/06/20250627.parquet
[2026-01-20T21:22:22.419+0000] {database.py:186} INFO - Inserted 227676 rows into 'omie.pdbf'.
[2026-01-20T21:22:22.498+0000] {pdbf.py:132} INFO - Processed pdbf for 20250627
[2026-01-20T21:22:24.599+0000] {filesystem.py:48} INFO - Saved file to /opt/***/local_data/silver/omie/pdbf/2025/06/20250628.parquet
[2026-01-20T21:22:37.414+0000] {database.py:186} INFO - Inserted 223252 rows into 'omie.pdbf'.
[2026-01-20T21:22:37.426+0000] {pdbf.py:132} INFO - Processed pdbf for 20250628
[2026-01-20T21:22:45.327+0000] {filesystem.py:48} INFO - Saved file to /opt/***/local_data/silver/omie/pdbf/2025/06/20250629.parquet
[2026-01-20T21:23:08.122+0000] {database.py:186} INFO - Inserted 221596 rows into 'omie.pdbf'.
[2026-01-20T21:23:08.189+0000] {pdbf.py:132} INFO - Processed pdbf for 20250629
[2026-01-20T21:23:10.599+0000] {filesystem.py:48} INFO - Saved file to /opt/***/local_data/silver/omie/pdbf/2025/06/20250630.parquet
[2026-01-20T21:23:20.028+0000] {database.py:186} INFO - Inserted 225944 rows into 'omie.pdbf'.
[2026-01-20T21:23:20.035+0000] {pdbf.py:132} INFO - Processed pdbf for 20250630
[2026-01-20T21:23:21.329+0000] {filesystem.py:48} INFO - Saved file to /opt/***/local_data/silver/omie/pdbf/2025/07/20250701.parquet
[2026-01-20T21:23:26.042+0000] {database.py:186} INFO - Inserted 227652 rows into 'omie.pdbf'.
[2026-01-20T21:23:26.048+0000] {pdbf.py:132} INFO - Processed pdbf for 20250701
[2026-01-20T21:23:26.918+0000] {filesystem.py:48} INFO - Saved file to /opt/***/local_data/silver/omie/pdbf/2025/07/20250702.parquet
[2026-01-20T21:23:32.250+0000] {database.py:186} INFO - Inserted 232232 rows into 'omie.pdbf'.
[2026-01-20T21:23:32.260+0000] {pdbf.py:132} INFO - Processed pdbf for 20250702
[2026-01-20T21:23:33.330+0000] {filesystem.py:48} INFO - Saved file to /opt/***/local_data/silver/omie/pdbf/2025/07/20250703.parquet
[2026-01-20T21:23:44.417+0000] {database.py:186} INFO - Inserted 231612 rows into 'omie.pdbf'.
[2026-01-20T21:23:44.424+0000] {pdbf.py:132} INFO - Processed pdbf for 20250703
[2026-01-20T21:23:46.076+0000] {filesystem.py:48} INFO - Saved file to /opt/***/local_data/silver/omie/pdbf/2025/07/20250704.parquet
[2026-01-20T21:23:51.325+0000] {database.py:186} INFO - Inserted 232812 rows into 'omie.pdbf'.
[2026-01-20T21:23:51.331+0000] {pdbf.py:132} INFO - Processed pdbf for 20250704
[2026-01-20T21:23:52.197+0000] {filesystem.py:48} INFO - Saved file to /opt/***/local_data/silver/omie/pdbf/2025/07/20250705.parquet
[2026-01-20T21:23:56.987+0000] {database.py:186} INFO - Inserted 228912 rows into 'omie.pdbf'.
[2026-01-20T21:23:56.993+0000] {pdbf.py:132} INFO - Processed pdbf for 20250705
[2026-01-20T21:23:57.909+0000] {filesystem.py:48} INFO - Saved file to /opt/***/local_data/silver/omie/pdbf/2025/07/20250706.parquet
[2026-01-20T21:24:02.363+0000] {database.py:186} INFO - Inserted 221972 rows into 'omie.pdbf'.
[2026-01-20T21:24:02.367+0000] {pdbf.py:132} INFO - Processed pdbf for 20250706
[2026-01-20T21:24:03.259+0000] {filesystem.py:48} INFO - Saved file to /opt/***/local_data/silver/omie/pdbf/2025/07/20250707.parquet
[2026-01-20T21:24:12.292+0000] {database.py:186} INFO - Inserted 231288 rows into 'omie.pdbf'.
[2026-01-20T21:24:12.300+0000] {pdbf.py:132} INFO - Processed pdbf for 20250707
[2026-01-20T21:24:12.993+0000] {filesystem.py:48} INFO - Saved file to /opt/***/local_data/silver/omie/pdbf/2025/07/20250708.parquet
[2026-01-20T21:24:35.494+0000] {database.py:186} INFO - Inserted 230680 rows into 'omie.pdbf'.
[2026-01-20T21:24:35.499+0000] {pdbf.py:132} INFO - Processed pdbf for 20250708
[2026-01-20T21:24:36.255+0000] {filesystem.py:48} INFO - Saved file to /opt/***/local_data/silver/omie/pdbf/2025/07/20250709.parquet
[2026-01-20T21:24:40.071+0000] {database.py:186} INFO - Inserted 230452 rows into 'omie.pdbf'.
[2026-01-20T21:24:40.078+0000] {pdbf.py:132} INFO - Processed pdbf for 20250709
[2026-01-20T21:24:40.745+0000] {filesystem.py:48} INFO - Saved file to /opt/***/local_data/silver/omie/pdbf/2025/07/20250710.parquet
[2026-01-20T21:24:44.460+0000] {database.py:186} INFO - Inserted 230036 rows into 'omie.pdbf'.
[2026-01-20T21:24:44.465+0000] {pdbf.py:132} INFO - Processed pdbf for 20250710
[2026-01-20T21:24:45.131+0000] {filesystem.py:48} INFO - Saved file to /opt/***/local_data/silver/omie/pdbf/2025/07/20250711.parquet
[2026-01-20T21:24:52.218+0000] {database.py:186} INFO - Inserted 233924 rows into 'omie.pdbf'.
[2026-01-20T21:24:52.225+0000] {pdbf.py:132} INFO - Processed pdbf for 20250711
[2026-01-20T21:24:52.870+0000] {filesystem.py:48} INFO - Saved file to /opt/***/local_data/silver/omie/pdbf/2025/07/20250712.parquet
[2026-01-20T21:25:00.622+0000] {database.py:186} INFO - Inserted 226400 rows into 'omie.pdbf'.
[2026-01-20T21:25:00.629+0000] {pdbf.py:132} INFO - Processed pdbf for 20250712
[2026-01-20T21:25:01.253+0000] {filesystem.py:48} INFO - Saved file to /opt/***/local_data/silver/omie/pdbf/2025/07/20250713.parquet
[2026-01-20T21:25:08.322+0000] {database.py:186} INFO - Inserted 218228 rows into 'omie.pdbf'.
[2026-01-20T21:25:08.328+0000] {pdbf.py:132} INFO - Processed pdbf for 20250713
[2026-01-20T21:25:09.123+0000] {filesystem.py:48} INFO - Saved file to /opt/***/local_data/silver/omie/pdbf/2025/07/20250714.parquet
[2026-01-20T21:25:19.146+0000] {database.py:186} INFO - Inserted 228928 rows into 'omie.pdbf'.
[2026-01-20T21:25:19.153+0000] {pdbf.py:132} INFO - Processed pdbf for 20250714
[2026-01-20T21:25:19.767+0000] {filesystem.py:48} INFO - Saved file to /opt/***/local_data/silver/omie/pdbf/2025/07/20250715.parquet
[2026-01-20T21:25:46.425+0000] {database.py:186} INFO - Inserted 229468 rows into 'omie.pdbf'.
[2026-01-20T21:25:46.431+0000] {pdbf.py:132} INFO - Processed pdbf for 20250715
[2026-01-20T21:25:47.117+0000] {filesystem.py:48} INFO - Saved file to /opt/***/local_data/silver/omie/pdbf/2025/07/20250716.parquet
[2026-01-20T21:25:51.297+0000] {database.py:186} INFO - Inserted 230192 rows into 'omie.pdbf'.
[2026-01-20T21:25:51.303+0000] {pdbf.py:132} INFO - Processed pdbf for 20250716
[2026-01-20T21:25:51.974+0000] {filesystem.py:48} INFO - Saved file to /opt/***/local_data/silver/omie/pdbf/2025/07/20250717.parquet
[2026-01-20T21:25:57.267+0000] {database.py:186} INFO - Inserted 230600 rows into 'omie.pdbf'.
[2026-01-20T21:25:57.274+0000] {pdbf.py:132} INFO - Processed pdbf for 20250717
[2026-01-20T21:25:58.155+0000] {filesystem.py:48} INFO - Saved file to /opt/***/local_data/silver/omie/pdbf/2025/07/20250718.parquet
[2026-01-20T21:26:07.706+0000] {database.py:186} INFO - Inserted 232988 rows into 'omie.pdbf'.
[2026-01-20T21:26:07.712+0000] {pdbf.py:132} INFO - Processed pdbf for 20250718
[2026-01-20T21:26:08.698+0000] {filesystem.py:48} INFO - Saved file to /opt/***/local_data/silver/omie/pdbf/2025/07/20250719.parquet
[2026-01-20T21:26:23.494+0000] {database.py:186} INFO - Inserted 224500 rows into 'omie.pdbf'.
[2026-01-20T21:26:23.501+0000] {pdbf.py:132} INFO - Processed pdbf for 20250719
[2026-01-20T21:26:24.310+0000] {filesystem.py:48} INFO - Saved file to /opt/***/local_data/silver/omie/pdbf/2025/07/20250720.parquet
[2026-01-20T21:26:35.642+0000] {database.py:186} INFO - Inserted 213048 rows into 'omie.pdbf'.
[2026-01-20T21:26:35.648+0000] {pdbf.py:132} INFO - Processed pdbf for 20250720
[2026-01-20T21:26:36.934+0000] {filesystem.py:48} INFO - Saved file to /opt/***/local_data/silver/omie/pdbf/2025/07/20250721.parquet
[2026-01-20T21:27:01.140+0000] {database.py:186} INFO - Inserted 230928 rows into 'omie.pdbf'.
[2026-01-20T21:27:01.151+0000] {pdbf.py:132} INFO - Processed pdbf for 20250721
[2026-01-20T21:27:03.899+0000] {filesystem.py:48} INFO - Saved file to /opt/***/local_data/silver/omie/pdbf/2025/07/20250722.parquet
[2026-01-20T21:27:14.142+0000] {database.py:186} INFO - Inserted 229960 rows into 'omie.pdbf'.
[2026-01-20T21:27:14.148+0000] {pdbf.py:132} INFO - Processed pdbf for 20250722
[2026-01-20T21:27:15.045+0000] {filesystem.py:48} INFO - Saved file to /opt/***/local_data/silver/omie/pdbf/2025/07/20250723.parquet
[2026-01-20T21:27:49.707+0000] {database.py:186} INFO - Inserted 230056 rows into 'omie.pdbf'.
[2026-01-20T21:27:49.716+0000] {pdbf.py:132} INFO - Processed pdbf for 20250723
[2026-01-20T21:27:51.225+0000] {filesystem.py:48} INFO - Saved file to /opt/***/local_data/silver/omie/pdbf/2025/07/20250724.parquet
[2026-01-20T21:28:06.867+0000] {database.py:186} INFO - Inserted 232436 rows into 'omie.pdbf'.
[2026-01-20T21:28:06.877+0000] {pdbf.py:132} INFO - Processed pdbf for 20250724
[2026-01-20T21:28:08.480+0000] {filesystem.py:48} INFO - Saved file to /opt/***/local_data/silver/omie/pdbf/2025/07/20250725.parquet
[2026-01-20T21:28:19.144+0000] {database.py:186} INFO - Inserted 228416 rows into 'omie.pdbf'.
[2026-01-20T21:28:19.150+0000] {pdbf.py:132} INFO - Processed pdbf for 20250725
[2026-01-20T21:28:19.990+0000] {filesystem.py:48} INFO - Saved file to /opt/***/local_data/silver/omie/pdbf/2025/07/20250726.parquet
[2026-01-20T21:28:36.837+0000] {database.py:186} INFO - Inserted 220384 rows into 'omie.pdbf'.
[2026-01-20T21:28:36.850+0000] {pdbf.py:132} INFO - Processed pdbf for 20250726
[2026-01-20T21:28:38.087+0000] {filesystem.py:48} INFO - Saved file to /opt/***/local_data/silver/omie/pdbf/2025/07/20250727.parquet
[2026-01-20T21:28:54.982+0000] {database.py:186} INFO - Inserted 210228 rows into 'omie.pdbf'.
[2026-01-20T21:28:55.061+0000] {pdbf.py:132} INFO - Processed pdbf for 20250727
[2026-01-20T21:28:57.019+0000] {filesystem.py:48} INFO - Saved file to /opt/***/local_data/silver/omie/pdbf/2025/07/20250728.parquet
[2026-01-20T21:29:03.795+0000] {database.py:186} INFO - Inserted 226992 rows into 'omie.pdbf'.
[2026-01-20T21:29:03.803+0000] {pdbf.py:132} INFO - Processed pdbf for 20250728
[2026-01-20T21:29:04.850+0000] {filesystem.py:48} INFO - Saved file to /opt/***/local_data/silver/omie/pdbf/2025/07/20250729.parquet
[2026-01-20T21:29:14.752+0000] {database.py:186} INFO - Inserted 226396 rows into 'omie.pdbf'.
[2026-01-20T21:29:14.763+0000] {pdbf.py:132} INFO - Processed pdbf for 20250729
[2026-01-20T21:29:15.715+0000] {filesystem.py:48} INFO - Saved file to /opt/***/local_data/silver/omie/pdbf/2025/07/20250730.parquet
[2026-01-20T21:29:34.546+0000] {database.py:186} INFO - Inserted 228672 rows into 'omie.pdbf'.
[2026-01-20T21:29:34.558+0000] {pdbf.py:132} INFO - Processed pdbf for 20250730
[2026-01-20T21:29:35.327+0000] {filesystem.py:48} INFO - Saved file to /opt/***/local_data/silver/omie/pdbf/2025/07/20250731.parquet
[2026-01-20T21:29:54.019+0000] {database.py:186} INFO - Inserted 227216 rows into 'omie.pdbf'.
[2026-01-20T21:29:54.037+0000] {pdbf.py:132} INFO - Processed pdbf for 20250731
[2026-01-20T21:29:56.227+0000] {filesystem.py:48} INFO - Saved file to /opt/***/local_data/silver/omie/pdbf/2025/08/20250801.parquet
[2026-01-20T21:30:16.773+0000] {database.py:186} INFO - Inserted 228164 rows into 'omie.pdbf'.
[2026-01-20T21:30:16.905+0000] {pdbf.py:132} INFO - Processed pdbf for 20250801
[2026-01-20T21:30:18.615+0000] {filesystem.py:48} INFO - Saved file to /opt/***/local_data/silver/omie/pdbf/2025/08/20250802.parquet
[2026-01-20T21:30:43.872+0000] {database.py:186} INFO - Inserted 219520 rows into 'omie.pdbf'.
[2026-01-20T21:30:43.965+0000] {pdbf.py:132} INFO - Processed pdbf for 20250802
[2026-01-20T21:30:45.969+0000] {filesystem.py:48} INFO - Saved file to /opt/***/local_data/silver/omie/pdbf/2025/08/20250803.parquet
[2026-01-20T21:30:56.571+0000] {database.py:186} INFO - Inserted 201632 rows into 'omie.pdbf'.
[2026-01-20T21:30:56.581+0000] {pdbf.py:132} INFO - Processed pdbf for 20250803
[2026-01-20T21:30:57.871+0000] {filesystem.py:48} INFO - Saved file to /opt/***/local_data/silver/omie/pdbf/2025/08/20250804.parquet
[2026-01-20T21:31:06.736+0000] {database.py:186} INFO - Inserted 221340 rows into 'omie.pdbf'.
[2026-01-20T21:31:06.743+0000] {pdbf.py:132} INFO - Processed pdbf for 20250804
[2026-01-20T21:31:07.633+0000] {filesystem.py:48} INFO - Saved file to /opt/***/local_data/silver/omie/pdbf/2025/08/20250805.parquet
[2026-01-20T21:31:16.527+0000] {database.py:186} INFO - Inserted 222464 rows into 'omie.pdbf'.
[2026-01-20T21:31:16.536+0000] {pdbf.py:132} INFO - Processed pdbf for 20250805
[2026-01-20T21:31:17.857+0000] {filesystem.py:48} INFO - Saved file to /opt/***/local_data/silver/omie/pdbf/2025/08/20250806.parquet
[2026-01-20T21:31:28.304+0000] {database.py:186} INFO - Inserted 225824 rows into 'omie.pdbf'.
[2026-01-20T21:31:28.323+0000] {pdbf.py:132} INFO - Processed pdbf for 20250806
[2026-01-20T21:31:29.467+0000] {filesystem.py:48} INFO - Saved file to /opt/***/local_data/silver/omie/pdbf/2025/08/20250807.parquet
[2026-01-20T21:31:41.511+0000] {database.py:186} INFO - Inserted 225352 rows into 'omie.pdbf'.
[2026-01-20T21:31:41.521+0000] {pdbf.py:132} INFO - Processed pdbf for 20250807
[2026-01-20T21:31:42.598+0000] {filesystem.py:48} INFO - Saved file to /opt/***/local_data/silver/omie/pdbf/2025/08/20250808.parquet
[2026-01-20T21:32:02.283+0000] {database.py:186} INFO - Inserted 225952 rows into 'omie.pdbf'.
[2026-01-20T21:32:02.342+0000] {pdbf.py:132} INFO - Processed pdbf for 20250808
[2026-01-20T21:32:04.377+0000] {filesystem.py:48} INFO - Saved file to /opt/***/local_data/silver/omie/pdbf/2025/08/20250809.parquet
[2026-01-20T21:32:18.980+0000] {database.py:186} INFO - Inserted 214484 rows into 'omie.pdbf'.
[2026-01-20T21:32:18.987+0000] {pdbf.py:132} INFO - Processed pdbf for 20250809
[2026-01-20T21:32:19.924+0000] {filesystem.py:48} INFO - Saved file to /opt/***/local_data/silver/omie/pdbf/2025/08/20250810.parquet
[2026-01-20T21:32:26.819+0000] {database.py:186} INFO - Inserted 205852 rows into 'omie.pdbf'.
[2026-01-20T21:32:26.820+0000] {pdbf.py:132} INFO - Processed pdbf for 20250810
[2026-01-20T21:32:28.869+0000] {filesystem.py:48} INFO - Saved file to /opt/***/local_data/silver/omie/pdbf/2025/08/20250811.parquet
[2026-01-20T21:32:38.174+0000] {database.py:186} INFO - Inserted 221988 rows into 'omie.pdbf'.
[2026-01-20T21:32:38.183+0000] {pdbf.py:132} INFO - Processed pdbf for 20250811
[2026-01-20T21:32:39.027+0000] {filesystem.py:48} INFO - Saved file to /opt/***/local_data/silver/omie/pdbf/2025/08/20250812.parquet
[2026-01-20T21:32:57.246+0000] {database.py:186} INFO - Inserted 223152 rows into 'omie.pdbf'.
[2026-01-20T21:32:57.263+0000] {pdbf.py:132} INFO - Processed pdbf for 20250812
[2026-01-20T21:32:59.397+0000] {filesystem.py:48} INFO - Saved file to /opt/***/local_data/silver/omie/pdbf/2025/08/20250813.parquet
[2026-01-20T21:33:22.535+0000] {database.py:186} INFO - Inserted 222716 rows into 'omie.pdbf'.
[2026-01-20T21:33:22.554+0000] {pdbf.py:132} INFO - Processed pdbf for 20250813
[2026-01-20T21:33:23.460+0000] {filesystem.py:48} INFO - Saved file to /opt/***/local_data/silver/omie/pdbf/2025/08/20250814.parquet
[2026-01-20T21:33:40.649+0000] {database.py:186} INFO - Inserted 224060 rows into 'omie.pdbf'.
[2026-01-20T21:33:40.699+0000] {pdbf.py:132} INFO - Processed pdbf for 20250814
[2026-01-20T21:33:43.585+0000] {filesystem.py:48} INFO - Saved file to /opt/***/local_data/silver/omie/pdbf/2025/08/20250815.parquet
[2026-01-20T21:33:58.070+0000] {database.py:186} INFO - Inserted 216760 rows into 'omie.pdbf'.
[2026-01-20T21:33:58.080+0000] {pdbf.py:132} INFO - Processed pdbf for 20250815
[2026-01-20T21:34:26.115+0000] {filesystem.py:48} INFO - Saved file to /opt/***/local_data/silver/omie/pdbf/2025/08/20250816.parquet
[2026-01-20T21:34:41.570+0000] {database.py:186} INFO - Inserted 212860 rows into 'omie.pdbf'.
[2026-01-20T21:34:41.577+0000] {pdbf.py:132} INFO - Processed pdbf for 20250816
[2026-01-20T21:34:44.055+0000] {filesystem.py:48} INFO - Saved file to /opt/***/local_data/silver/omie/pdbf/2025/08/20250817.parquet
[2026-01-20T21:34:54.139+0000] {database.py:186} INFO - Inserted 213008 rows into 'omie.pdbf'.
[2026-01-20T21:34:54.146+0000] {pdbf.py:132} INFO - Processed pdbf for 20250817
[2026-01-20T21:34:55.409+0000] {filesystem.py:48} INFO - Saved file to /opt/***/local_data/silver/omie/pdbf/2025/08/20250818.parquet
[2026-01-20T21:35:05.723+0000] {database.py:186} INFO - Inserted 219144 rows into 'omie.pdbf'.
[2026-01-20T21:35:05.734+0000] {pdbf.py:132} INFO - Processed pdbf for 20250818
[2026-01-20T21:35:06.754+0000] {filesystem.py:48} INFO - Saved file to /opt/***/local_data/silver/omie/pdbf/2025/08/20250819.parquet
[2026-01-20T21:35:30.459+0000] {database.py:186} INFO - Inserted 223244 rows into 'omie.pdbf'.
[2026-01-20T21:35:30.468+0000] {pdbf.py:132} INFO - Processed pdbf for 20250819
[2026-01-20T21:35:32.199+0000] {filesystem.py:48} INFO - Saved file to /opt/***/local_data/silver/omie/pdbf/2025/08/20250820.parquet
[2026-01-20T21:35:43.405+0000] {database.py:186} INFO - Inserted 224048 rows into 'omie.pdbf'.
[2026-01-20T21:35:43.413+0000] {pdbf.py:132} INFO - Processed pdbf for 20250820
[2026-01-20T21:35:44.487+0000] {filesystem.py:48} INFO - Saved file to /opt/***/local_data/silver/omie/pdbf/2025/08/20250821.parquet
[2026-01-20T21:35:57.456+0000] {database.py:186} INFO - Inserted 222024 rows into 'omie.pdbf'.
[2026-01-20T21:35:57.475+0000] {pdbf.py:132} INFO - Processed pdbf for 20250821
[2026-01-20T21:35:58.708+0000] {filesystem.py:48} INFO - Saved file to /opt/***/local_data/silver/omie/pdbf/2025/08/20250822.parquet
[2026-01-20T21:36:12.379+0000] {database.py:186} INFO - Inserted 222736 rows into 'omie.pdbf'.
[2026-01-20T21:36:12.388+0000] {pdbf.py:132} INFO - Processed pdbf for 20250822
[2026-01-20T21:36:13.390+0000] {filesystem.py:48} INFO - Saved file to /opt/***/local_data/silver/omie/pdbf/2025/08/20250823.parquet
[2026-01-20T21:36:50.053+0000] {database.py:186} INFO - Inserted 212892 rows into 'omie.pdbf'.
[2026-01-20T21:36:50.062+0000] {pdbf.py:132} INFO - Processed pdbf for 20250823
[2026-01-20T21:36:51.737+0000] {filesystem.py:48} INFO - Saved file to /opt/***/local_data/silver/omie/pdbf/2025/08/20250824.parquet
[2026-01-20T21:37:07.150+0000] {database.py:186} INFO - Inserted 203836 rows into 'omie.pdbf'.
[2026-01-20T21:37:07.163+0000] {pdbf.py:132} INFO - Processed pdbf for 20250824
[2026-01-20T21:37:08.340+0000] {filesystem.py:48} INFO - Saved file to /opt/***/local_data/silver/omie/pdbf/2025/08/20250825.parquet
[2026-01-20T21:37:24.804+0000] {database.py:186} INFO - Inserted 219060 rows into 'omie.pdbf'.
[2026-01-20T21:37:24.815+0000] {pdbf.py:132} INFO - Processed pdbf for 20250825
[2026-01-20T21:37:26.371+0000] {filesystem.py:48} INFO - Saved file to /opt/***/local_data/silver/omie/pdbf/2025/08/20250826.parquet
[2026-01-20T21:37:41.969+0000] {database.py:186} INFO - Inserted 221408 rows into 'omie.pdbf'.
[2026-01-20T21:37:41.977+0000] {pdbf.py:132} INFO - Processed pdbf for 20250826
[2026-01-20T21:37:42.958+0000] {filesystem.py:48} INFO - Saved file to /opt/***/local_data/silver/omie/pdbf/2025/08/20250827.parquet
[2026-01-20T21:38:00.466+0000] {database.py:186} INFO - Inserted 224504 rows into 'omie.pdbf'.
[2026-01-20T21:38:00.492+0000] {pdbf.py:132} INFO - Processed pdbf for 20250827
[2026-01-20T21:38:01.543+0000] {filesystem.py:48} INFO - Saved file to /opt/***/local_data/silver/omie/pdbf/2025/08/20250828.parquet
[2026-01-20T21:38:26.395+0000] {database.py:186} INFO - Inserted 220940 rows into 'omie.pdbf'.
[2026-01-20T21:38:26.446+0000] {pdbf.py:132} INFO - Processed pdbf for 20250828
[2026-01-20T21:38:28.078+0000] {filesystem.py:48} INFO - Saved file to /opt/***/local_data/silver/omie/pdbf/2025/08/20250829.parquet
[2026-01-20T21:38:45.355+0000] {database.py:186} INFO - Inserted 220156 rows into 'omie.pdbf'.
[2026-01-20T21:38:45.366+0000] {pdbf.py:132} INFO - Processed pdbf for 20250829
[2026-01-20T21:38:46.447+0000] {filesystem.py:48} INFO - Saved file to /opt/***/local_data/silver/omie/pdbf/2025/08/20250830.parquet
[2026-01-20T21:39:05.341+0000] {database.py:186} INFO - Inserted 211760 rows into 'omie.pdbf'.
[2026-01-20T21:39:05.378+0000] {pdbf.py:132} INFO - Processed pdbf for 20250830
[2026-01-20T21:39:06.865+0000] {filesystem.py:48} INFO - Saved file to /opt/***/local_data/silver/omie/pdbf/2025/08/20250831.parquet
[2026-01-20T21:39:27.353+0000] {database.py:186} INFO - Inserted 205020 rows into 'omie.pdbf'.
[2026-01-20T21:39:27.360+0000] {pdbf.py:132} INFO - Processed pdbf for 20250831
[2026-01-20T21:39:29.413+0000] {filesystem.py:48} INFO - Saved file to /opt/***/local_data/silver/omie/pdbf/2025/09/20250901.parquet
[2026-01-20T21:39:54.103+0000] {database.py:186} INFO - Inserted 218204 rows into 'omie.pdbf'.
[2026-01-20T21:39:54.147+0000] {pdbf.py:132} INFO - Processed pdbf for 20250901
[2026-01-20T21:39:55.403+0000] {filesystem.py:48} INFO - Saved file to /opt/***/local_data/silver/omie/pdbf/2025/09/20250902.parquet
[2026-01-20T21:40:37.525+0000] {database.py:186} INFO - Inserted 219324 rows into 'omie.pdbf'.
[2026-01-20T21:40:37.532+0000] {pdbf.py:132} INFO - Processed pdbf for 20250902
[2026-01-20T21:40:38.668+0000] {filesystem.py:48} INFO - Saved file to /opt/***/local_data/silver/omie/pdbf/2025/09/20250903.parquet
[2026-01-20T21:40:54.417+0000] {database.py:186} INFO - Inserted 214336 rows into 'omie.pdbf'.
[2026-01-20T21:40:54.425+0000] {pdbf.py:132} INFO - Processed pdbf for 20250903
[2026-01-20T21:40:55.413+0000] {filesystem.py:48} INFO - Saved file to /opt/***/local_data/silver/omie/pdbf/2025/09/20250904.parquet
[2026-01-20T21:41:09.476+0000] {database.py:186} INFO - Inserted 221668 rows into 'omie.pdbf'.
[2026-01-20T21:41:09.485+0000] {pdbf.py:132} INFO - Processed pdbf for 20250904
[2026-01-20T21:41:10.466+0000] {filesystem.py:48} INFO - Saved file to /opt/***/local_data/silver/omie/pdbf/2025/09/20250905.parquet
[2026-01-20T21:41:28.976+0000] {database.py:186} INFO - Inserted 223000 rows into 'omie.pdbf'.
[2026-01-20T21:41:28.996+0000] {pdbf.py:132} INFO - Processed pdbf for 20250905
[2026-01-20T21:41:32.187+0000] {filesystem.py:48} INFO - Saved file to /opt/***/local_data/silver/omie/pdbf/2025/09/20250906.parquet
[2026-01-20T21:41:52.994+0000] {database.py:186} INFO - Inserted 209076 rows into 'omie.pdbf'.
[2026-01-20T21:41:53.001+0000] {pdbf.py:132} INFO - Processed pdbf for 20250906
[2026-01-20T21:41:53.829+0000] {filesystem.py:48} INFO - Saved file to /opt/***/local_data/silver/omie/pdbf/2025/09/20250907.parquet
[2026-01-20T21:42:15.111+0000] {database.py:186} INFO - Inserted 212448 rows into 'omie.pdbf'.
[2026-01-20T21:42:15.130+0000] {pdbf.py:132} INFO - Processed pdbf for 20250907
[2026-01-20T21:42:16.966+0000] {filesystem.py:48} INFO - Saved file to /opt/***/local_data/silver/omie/pdbf/2025/09/20250908.parquet
[2026-01-20T21:42:36.311+0000] {database.py:186} INFO - Inserted 217476 rows into 'omie.pdbf'.
[2026-01-20T21:42:36.319+0000] {pdbf.py:132} INFO - Processed pdbf for 20250908
[2026-01-20T21:42:37.586+0000] {filesystem.py:48} INFO - Saved file to /opt/***/local_data/silver/omie/pdbf/2025/09/20250909.parquet
[2026-01-20T21:42:54.977+0000] {database.py:186} INFO - Inserted 222552 rows into 'omie.pdbf'.
[2026-01-20T21:42:54.996+0000] {pdbf.py:132} INFO - Processed pdbf for 20250909
[2026-01-20T21:42:56.594+0000] {filesystem.py:48} INFO - Saved file to /opt/***/local_data/silver/omie/pdbf/2025/09/20250910.parquet
[2026-01-20T21:43:12.160+0000] {database.py:186} INFO - Inserted 214844 rows into 'omie.pdbf'.
[2026-01-20T21:43:12.169+0000] {pdbf.py:132} INFO - Processed pdbf for 20250910
[2026-01-20T21:43:13.212+0000] {filesystem.py:48} INFO - Saved file to /opt/***/local_data/silver/omie/pdbf/2025/09/20250911.parquet
[2026-01-20T21:43:32.496+0000] {database.py:186} INFO - Inserted 212220 rows into 'omie.pdbf'.
[2026-01-20T21:43:32.503+0000] {pdbf.py:132} INFO - Processed pdbf for 20250911
[2026-01-20T21:43:34.254+0000] {filesystem.py:48} INFO - Saved file to /opt/***/local_data/silver/omie/pdbf/2025/09/20250912.parquet
[2026-01-20T21:43:55.124+0000] {database.py:186} INFO - Inserted 218516 rows into 'omie.pdbf'.
[2026-01-20T21:43:55.132+0000] {pdbf.py:132} INFO - Processed pdbf for 20250912
[2026-01-20T21:43:56.120+0000] {filesystem.py:48} INFO - Saved file to /opt/***/local_data/silver/omie/pdbf/2025/09/20250913.parquet
[2026-01-20T21:44:15.258+0000] {database.py:186} INFO - Inserted 208752 rows into 'omie.pdbf'.
[2026-01-20T21:44:15.267+0000] {pdbf.py:132} INFO - Processed pdbf for 20250913
[2026-01-20T21:44:16.129+0000] {filesystem.py:48} INFO - Saved file to /opt/***/local_data/silver/omie/pdbf/2025/09/20250914.parquet
[2026-01-20T21:44:36.062+0000] {database.py:186} INFO - Inserted 204312 rows into 'omie.pdbf'.
[2026-01-20T21:44:36.064+0000] {pdbf.py:132} INFO - Processed pdbf for 20250914
[2026-01-20T21:44:37.950+0000] {filesystem.py:48} INFO - Saved file to /opt/***/local_data/silver/omie/pdbf/2025/09/20250915.parquet
[2026-01-20T21:45:18.659+0000] {database.py:186} INFO - Inserted 216544 rows into 'omie.pdbf'.
[2026-01-20T21:45:18.666+0000] {pdbf.py:132} INFO - Processed pdbf for 20250915
[2026-01-20T21:45:19.362+0000] {filesystem.py:48} INFO - Saved file to /opt/***/local_data/silver/omie/pdbf/2025/09/20250916.parquet
[2026-01-20T21:45:36.106+0000] {database.py:186} INFO - Inserted 217236 rows into 'omie.pdbf'.
[2026-01-20T21:45:36.113+0000] {pdbf.py:132} INFO - Processed pdbf for 20250916
[2026-01-20T21:45:36.853+0000] {filesystem.py:48} INFO - Saved file to /opt/***/local_data/silver/omie/pdbf/2025/09/20250917.parquet
[2026-01-20T21:45:53.075+0000] {database.py:186} INFO - Inserted 215288 rows into 'omie.pdbf'.
[2026-01-20T21:45:53.082+0000] {pdbf.py:132} INFO - Processed pdbf for 20250917
[2026-01-20T21:45:53.929+0000] {filesystem.py:48} INFO - Saved file to /opt/***/local_data/silver/omie/pdbf/2025/09/20250918.parquet
[2026-01-20T21:46:10.868+0000] {database.py:186} INFO - Inserted 220760 rows into 'omie.pdbf'.
[2026-01-20T21:46:10.875+0000] {pdbf.py:132} INFO - Processed pdbf for 20250918
[2026-01-20T21:46:11.682+0000] {filesystem.py:48} INFO - Saved file to /opt/***/local_data/silver/omie/pdbf/2025/09/20250919.parquet
[2026-01-20T21:46:28.646+0000] {database.py:186} INFO - Inserted 224084 rows into 'omie.pdbf'.
[2026-01-20T21:46:28.653+0000] {pdbf.py:132} INFO - Processed pdbf for 20250919
[2026-01-20T21:46:29.423+0000] {filesystem.py:48} INFO - Saved file to /opt/***/local_data/silver/omie/pdbf/2025/09/20250920.parquet
[2026-01-20T21:46:49.991+0000] {database.py:186} INFO - Inserted 215144 rows into 'omie.pdbf'.
[2026-01-20T21:46:49.999+0000] {pdbf.py:132} INFO - Processed pdbf for 20250920
[2026-01-20T21:46:50.807+0000] {filesystem.py:48} INFO - Saved file to /opt/***/local_data/silver/omie/pdbf/2025/09/20250921.parquet
[2026-01-20T21:47:20.673+0000] {database.py:186} INFO - Inserted 207476 rows into 'omie.pdbf'.
[2026-01-20T21:47:20.679+0000] {pdbf.py:132} INFO - Processed pdbf for 20250921
[2026-01-20T21:47:21.537+0000] {filesystem.py:48} INFO - Saved file to /opt/***/local_data/silver/omie/pdbf/2025/09/20250922.parquet
[2026-01-20T21:47:41.325+0000] {database.py:186} INFO - Inserted 211532 rows into 'omie.pdbf'.
[2026-01-20T21:47:41.335+0000] {pdbf.py:132} INFO - Processed pdbf for 20250922
[2026-01-20T21:47:42.286+0000] {filesystem.py:48} INFO - Saved file to /opt/***/local_data/silver/omie/pdbf/2025/09/20250923.parquet
[2026-01-20T21:47:59.509+0000] {database.py:186} INFO - Inserted 215336 rows into 'omie.pdbf'.
[2026-01-20T21:47:59.515+0000] {pdbf.py:132} INFO - Processed pdbf for 20250923
[2026-01-20T21:48:00.504+0000] {filesystem.py:48} INFO - Saved file to /opt/***/local_data/silver/omie/pdbf/2025/09/20250924.parquet
[2026-01-20T21:48:18.387+0000] {database.py:186} INFO - Inserted 218236 rows into 'omie.pdbf'.
[2026-01-20T21:48:18.394+0000] {pdbf.py:132} INFO - Processed pdbf for 20250924
[2026-01-20T21:48:19.209+0000] {filesystem.py:48} INFO - Saved file to /opt/***/local_data/silver/omie/pdbf/2025/09/20250925.parquet
[2026-01-20T21:48:37.394+0000] {database.py:186} INFO - Inserted 217172 rows into 'omie.pdbf'.
[2026-01-20T21:48:37.403+0000] {pdbf.py:132} INFO - Processed pdbf for 20250925
[2026-01-20T21:48:38.577+0000] {filesystem.py:48} INFO - Saved file to /opt/***/local_data/silver/omie/pdbf/2025/09/20250926.parquet
[2026-01-20T21:48:57.045+0000] {database.py:186} INFO - Inserted 217008 rows into 'omie.pdbf'.
[2026-01-20T21:48:57.052+0000] {pdbf.py:132} INFO - Processed pdbf for 20250926
[2026-01-20T21:48:57.993+0000] {filesystem.py:48} INFO - Saved file to /opt/***/local_data/silver/omie/pdbf/2025/09/20250927.parquet
[2026-01-20T21:49:20.898+0000] {database.py:186} INFO - Inserted 212436 rows into 'omie.pdbf'.
[2026-01-20T21:49:20.907+0000] {pdbf.py:132} INFO - Processed pdbf for 20250927
[2026-01-20T21:49:21.924+0000] {filesystem.py:48} INFO - Saved file to /opt/***/local_data/silver/omie/pdbf/2025/09/20250928.parquet
[2026-01-20T21:49:45.241+0000] {database.py:186} INFO - Inserted 213116 rows into 'omie.pdbf'.
[2026-01-20T21:49:45.247+0000] {pdbf.py:132} INFO - Processed pdbf for 20250928
[2026-01-20T21:49:46.081+0000] {filesystem.py:48} INFO - Saved file to /opt/***/local_data/silver/omie/pdbf/2025/09/20250929.parquet
[2026-01-20T21:50:06.248+0000] {database.py:186} INFO - Inserted 217812 rows into 'omie.pdbf'.
[2026-01-20T21:50:06.255+0000] {pdbf.py:132} INFO - Processed pdbf for 20250929
[2026-01-20T21:50:06.969+0000] {filesystem.py:48} INFO - Saved file to /opt/***/local_data/silver/omie/pdbf/2025/09/20250930.parquet
[2026-01-20T21:50:27.225+0000] {database.py:186} INFO - Inserted 216420 rows into 'omie.pdbf'.
[2026-01-20T21:50:27.230+0000] {pdbf.py:132} INFO - Processed pdbf for 20250930
[2026-01-20T21:50:27.759+0000] {filesystem.py:48} INFO - Saved file to /opt/***/local_data/silver/omie/pdbf/2025/10/20251001.parquet
[2026-01-20T21:50:31.819+0000] {database.py:186} INFO - Inserted 214611 rows into 'omie.pdbf'.
[2026-01-20T21:50:31.820+0000] {pdbf.py:132} INFO - Processed pdbf for 20251001
[2026-01-20T21:50:32.238+0000] {filesystem.py:48} INFO - Saved file to /opt/***/local_data/silver/omie/pdbf/2025/10/20251002.parquet
[2026-01-20T21:50:36.301+0000] {database.py:186} INFO - Inserted 213209 rows into 'omie.pdbf'.
[2026-01-20T21:50:36.305+0000] {pdbf.py:132} INFO - Processed pdbf for 20251002
[2026-01-20T21:50:36.740+0000] {filesystem.py:48} INFO - Saved file to /opt/***/local_data/silver/omie/pdbf/2025/10/20251003.parquet
[2026-01-20T21:50:40.934+0000] {database.py:186} INFO - Inserted 214866 rows into 'omie.pdbf'.
[2026-01-20T21:50:40.935+0000] {pdbf.py:132} INFO - Processed pdbf for 20251003
[2026-01-20T21:50:41.358+0000] {filesystem.py:48} INFO - Saved file to /opt/***/local_data/silver/omie/pdbf/2025/10/20251004.parquet
[2026-01-20T21:50:45.475+0000] {database.py:186} INFO - Inserted 205708 rows into 'omie.pdbf'.
[2026-01-20T21:50:45.480+0000] {pdbf.py:132} INFO - Processed pdbf for 20251004
[2026-01-20T21:50:45.910+0000] {filesystem.py:48} INFO - Saved file to /opt/***/local_data/silver/omie/pdbf/2025/10/20251005.parquet
[2026-01-20T21:50:49.900+0000] {database.py:186} INFO - Inserted 196896 rows into 'omie.pdbf'.
[2026-01-20T21:50:49.905+0000] {pdbf.py:132} INFO - Processed pdbf for 20251005
[2026-01-20T21:50:50.473+0000] {filesystem.py:48} INFO - Saved file to /opt/***/local_data/silver/omie/pdbf/2025/10/20251006.parquet
[2026-01-20T21:50:54.659+0000] {database.py:186} INFO - Inserted 208329 rows into 'omie.pdbf'.
[2026-01-20T21:50:54.664+0000] {pdbf.py:132} INFO - Processed pdbf for 20251006
[2026-01-20T21:50:55.230+0000] {filesystem.py:48} INFO - Saved file to /opt/***/local_data/silver/omie/pdbf/2025/10/20251007.parquet
[2026-01-20T21:51:02.746+0000] {database.py:186} INFO - Inserted 205406 rows into 'omie.pdbf'.
[2026-01-20T21:51:02.759+0000] {pdbf.py:132} INFO - Processed pdbf for 20251007
[2026-01-20T21:51:03.305+0000] {filesystem.py:48} INFO - Saved file to /opt/***/local_data/silver/omie/pdbf/2025/10/20251008.parquet
[2026-01-20T21:51:23.450+0000] {database.py:186} INFO - Inserted 213417 rows into 'omie.pdbf'.
[2026-01-20T21:51:23.458+0000] {pdbf.py:132} INFO - Processed pdbf for 20251008
[2026-01-20T21:51:24.101+0000] {filesystem.py:48} INFO - Saved file to /opt/***/local_data/silver/omie/pdbf/2025/10/20251009.parquet
[2026-01-20T21:51:29.697+0000] {database.py:186} INFO - Inserted 214852 rows into 'omie.pdbf'.
[2026-01-20T21:51:29.703+0000] {pdbf.py:132} INFO - Processed pdbf for 20251009
[2026-01-20T21:51:30.136+0000] {filesystem.py:48} INFO - Saved file to /opt/***/local_data/silver/omie/pdbf/2025/10/20251010.parquet
[2026-01-20T21:51:34.342+0000] {database.py:186} INFO - Inserted 214545 rows into 'omie.pdbf'.
[2026-01-20T21:51:34.350+0000] {pdbf.py:132} INFO - Processed pdbf for 20251010
[2026-01-20T21:51:34.851+0000] {filesystem.py:48} INFO - Saved file to /opt/***/local_data/silver/omie/pdbf/2025/10/20251011.parquet
[2026-01-20T21:51:40.977+0000] {database.py:186} INFO - Inserted 207308 rows into 'omie.pdbf'.
[2026-01-20T21:51:40.989+0000] {pdbf.py:132} INFO - Processed pdbf for 20251011
[2026-01-20T21:51:41.644+0000] {filesystem.py:48} INFO - Saved file to /opt/***/local_data/silver/omie/pdbf/2025/10/20251012.parquet
[2026-01-20T21:51:47.586+0000] {database.py:186} INFO - Inserted 203214 rows into 'omie.pdbf'.
[2026-01-20T21:51:47.593+0000] {pdbf.py:132} INFO - Processed pdbf for 20251012
[2026-01-20T21:51:48.388+0000] {filesystem.py:48} INFO - Saved file to /opt/***/local_data/silver/omie/pdbf/2025/10/20251013.parquet
[2026-01-20T21:51:53.714+0000] {database.py:186} INFO - Inserted 210284 rows into 'omie.pdbf'.
[2026-01-20T21:51:53.720+0000] {pdbf.py:132} INFO - Processed pdbf for 20251013
[2026-01-20T21:51:54.244+0000] {filesystem.py:48} INFO - Saved file to /opt/***/local_data/silver/omie/pdbf/2025/10/20251014.parquet
[2026-01-20T21:51:59.795+0000] {database.py:186} INFO - Inserted 209624 rows into 'omie.pdbf'.
[2026-01-20T21:51:59.801+0000] {pdbf.py:132} INFO - Processed pdbf for 20251014
[2026-01-20T21:52:00.324+0000] {filesystem.py:48} INFO - Saved file to /opt/***/local_data/silver/omie/pdbf/2025/10/20251015.parquet
[2026-01-20T21:52:05.025+0000] {database.py:186} INFO - Inserted 208807 rows into 'omie.pdbf'.
[2026-01-20T21:52:05.032+0000] {pdbf.py:132} INFO - Processed pdbf for 20251015
[2026-01-20T21:52:07.940+0000] {python.py:237} INFO - Done. Returned value was: None
[2026-01-20T21:52:07.948+0000] {taskinstance.py:441} INFO - ::group::Post task execution logs
[2026-01-20T21:52:08.314+0000] {taskinstance.py:1206} INFO - Marking task as SUCCESS. dag_id=omie_pipeline, task_id=process_pdbf, run_id=manual__2026-01-20T21:00:07.280516+00:00, execution_date=20260120T210007, start_date=20260120T210012, end_date=20260120T215208
[2026-01-20T21:52:08.684+0000] {local_task_job_runner.py:240} INFO - Task exited with return code 0
[2026-01-20T21:52:09.030+0000] {taskinstance.py:3503} INFO - 0 downstream tasks scheduled from follow-on schedule check
[2026-01-20T21:52:09.034+0000] {local_task_job_runner.py:222} INFO - ::endgroup::
