[2026-01-22T19:13:11.186+0000] {local_task_job_runner.py:120} INFO - ::group::Pre task execution logs
[2026-01-22T19:13:11.699+0000] {taskinstance.py:2076} INFO - Dependencies all met for dep_context=non-requeueable deps ti=<TaskInstance: omie_pipeline.download_marginal_pdbc manual__2026-01-22T19:12:31.807662+00:00 [queued]>
[2026-01-22T19:13:11.738+0000] {taskinstance.py:2076} INFO - Dependencies all met for dep_context=requeueable deps ti=<TaskInstance: omie_pipeline.download_marginal_pdbc manual__2026-01-22T19:12:31.807662+00:00 [queued]>
[2026-01-22T19:13:11.741+0000] {taskinstance.py:2306} INFO - Starting attempt 1 of 2
[2026-01-22T19:13:11.856+0000] {taskinstance.py:2330} INFO - Executing <Task(PythonOperator): download_marginal_pdbc> on 2026-01-22 19:12:31.807662+00:00
[2026-01-22T19:13:11.898+0000] {standard_task_runner.py:63} INFO - Started process 4848 to run task
[2026-01-22T19:13:11.950+0000] {standard_task_runner.py:90} INFO - Running: ['***', 'tasks', 'run', 'omie_pipeline', 'download_marginal_pdbc', 'manual__2026-01-22T19:12:31.807662+00:00', '--job-id', '149', '--raw', '--subdir', 'DAGS_FOLDER/omie_dag.py', '--cfg-path', '/tmp/tmphmd1fnlb']
[2026-01-22T19:13:11.980+0000] {standard_task_runner.py:91} INFO - Job 149: Subtask download_marginal_pdbc
[2026-01-22T19:13:12.598+0000] {task_command.py:426} INFO - Running <TaskInstance: omie_pipeline.download_marginal_pdbc manual__2026-01-22T19:12:31.807662+00:00 [running]> on host 2aff4151de2d
[2026-01-22T19:13:13.486+0000] {taskinstance.py:2648} INFO - Exporting env vars: AIRFLOW_CTX_DAG_OWNER='***' AIRFLOW_CTX_DAG_ID='omie_pipeline' AIRFLOW_CTX_TASK_ID='download_marginal_pdbc' AIRFLOW_CTX_EXECUTION_DATE='2026-01-22T19:12:31.807662+00:00' AIRFLOW_CTX_TRY_NUMBER='1' AIRFLOW_CTX_DAG_RUN_ID='manual__2026-01-22T19:12:31.807662+00:00'
[2026-01-22T19:13:13.514+0000] {taskinstance.py:430} INFO - ::endgroup::
[2026-01-22T19:13:13.764+0000] {logging_mixin.py:188} INFO - Downloading download_marginalpdbc from 2026-01-22 19:12:31.807662 to 2026-01-22 19:12:31.807662
[2026-01-22T19:13:13.844+0000] {marginalpdbc.py:65} INFO - File bronze/omie/marginalpdbc/2025/01/marginalpdbc_20250101.1 already exists. Skipping download.
[2026-01-22T19:13:13.873+0000] {marginalpdbc.py:65} INFO - File bronze/omie/marginalpdbc/2025/01/marginalpdbc_20250102.1 already exists. Skipping download.
[2026-01-22T19:13:13.917+0000] {marginalpdbc.py:65} INFO - File bronze/omie/marginalpdbc/2025/01/marginalpdbc_20250103.1 already exists. Skipping download.
[2026-01-22T19:13:13.943+0000] {marginalpdbc.py:65} INFO - File bronze/omie/marginalpdbc/2025/01/marginalpdbc_20250104.1 already exists. Skipping download.
[2026-01-22T19:13:13.970+0000] {marginalpdbc.py:65} INFO - File bronze/omie/marginalpdbc/2025/01/marginalpdbc_20250105.1 already exists. Skipping download.
[2026-01-22T19:13:14.003+0000] {marginalpdbc.py:65} INFO - File bronze/omie/marginalpdbc/2025/01/marginalpdbc_20250106.1 already exists. Skipping download.
[2026-01-22T19:13:14.045+0000] {marginalpdbc.py:65} INFO - File bronze/omie/marginalpdbc/2025/01/marginalpdbc_20250107.1 already exists. Skipping download.
[2026-01-22T19:13:14.080+0000] {marginalpdbc.py:65} INFO - File bronze/omie/marginalpdbc/2025/01/marginalpdbc_20250108.1 already exists. Skipping download.
[2026-01-22T19:13:14.090+0000] {marginalpdbc.py:65} INFO - File bronze/omie/marginalpdbc/2025/01/marginalpdbc_20250109.1 already exists. Skipping download.
[2026-01-22T19:13:14.117+0000] {marginalpdbc.py:65} INFO - File bronze/omie/marginalpdbc/2025/01/marginalpdbc_20250110.1 already exists. Skipping download.
[2026-01-22T19:13:14.186+0000] {marginalpdbc.py:65} INFO - File bronze/omie/marginalpdbc/2025/01/marginalpdbc_20250111.1 already exists. Skipping download.
[2026-01-22T19:13:14.203+0000] {marginalpdbc.py:65} INFO - File bronze/omie/marginalpdbc/2025/01/marginalpdbc_20250112.1 already exists. Skipping download.
[2026-01-22T19:13:14.244+0000] {marginalpdbc.py:65} INFO - File bronze/omie/marginalpdbc/2025/01/marginalpdbc_20250113.1 already exists. Skipping download.
[2026-01-22T19:13:14.267+0000] {marginalpdbc.py:65} INFO - File bronze/omie/marginalpdbc/2025/01/marginalpdbc_20250114.1 already exists. Skipping download.
[2026-01-22T19:13:14.295+0000] {marginalpdbc.py:65} INFO - File bronze/omie/marginalpdbc/2025/01/marginalpdbc_20250115.1 already exists. Skipping download.
[2026-01-22T19:13:14.311+0000] {marginalpdbc.py:65} INFO - File bronze/omie/marginalpdbc/2025/01/marginalpdbc_20250116.1 already exists. Skipping download.
[2026-01-22T19:13:14.335+0000] {marginalpdbc.py:65} INFO - File bronze/omie/marginalpdbc/2025/01/marginalpdbc_20250117.1 already exists. Skipping download.
[2026-01-22T19:13:14.376+0000] {marginalpdbc.py:65} INFO - File bronze/omie/marginalpdbc/2025/01/marginalpdbc_20250118.1 already exists. Skipping download.
[2026-01-22T19:13:14.450+0000] {marginalpdbc.py:65} INFO - File bronze/omie/marginalpdbc/2025/01/marginalpdbc_20250119.1 already exists. Skipping download.
[2026-01-22T19:13:14.523+0000] {marginalpdbc.py:65} INFO - File bronze/omie/marginalpdbc/2025/01/marginalpdbc_20250120.1 already exists. Skipping download.
[2026-01-22T19:13:14.559+0000] {marginalpdbc.py:65} INFO - File bronze/omie/marginalpdbc/2025/01/marginalpdbc_20250121.1 already exists. Skipping download.
[2026-01-22T19:13:14.630+0000] {marginalpdbc.py:65} INFO - File bronze/omie/marginalpdbc/2025/01/marginalpdbc_20250122.1 already exists. Skipping download.
[2026-01-22T19:13:14.662+0000] {marginalpdbc.py:65} INFO - File bronze/omie/marginalpdbc/2025/01/marginalpdbc_20250123.1 already exists. Skipping download.
[2026-01-22T19:13:14.704+0000] {marginalpdbc.py:65} INFO - File bronze/omie/marginalpdbc/2025/01/marginalpdbc_20250124.1 already exists. Skipping download.
[2026-01-22T19:13:14.745+0000] {marginalpdbc.py:65} INFO - File bronze/omie/marginalpdbc/2025/01/marginalpdbc_20250125.1 already exists. Skipping download.
[2026-01-22T19:13:14.782+0000] {marginalpdbc.py:65} INFO - File bronze/omie/marginalpdbc/2025/01/marginalpdbc_20250126.1 already exists. Skipping download.
[2026-01-22T19:13:14.814+0000] {marginalpdbc.py:65} INFO - File bronze/omie/marginalpdbc/2025/01/marginalpdbc_20250127.1 already exists. Skipping download.
[2026-01-22T19:13:14.835+0000] {marginalpdbc.py:65} INFO - File bronze/omie/marginalpdbc/2025/01/marginalpdbc_20250128.1 already exists. Skipping download.
[2026-01-22T19:13:14.866+0000] {marginalpdbc.py:65} INFO - File bronze/omie/marginalpdbc/2025/01/marginalpdbc_20250129.1 already exists. Skipping download.
[2026-01-22T19:13:14.908+0000] {marginalpdbc.py:65} INFO - File bronze/omie/marginalpdbc/2025/01/marginalpdbc_20250130.1 already exists. Skipping download.
[2026-01-22T19:13:14.937+0000] {marginalpdbc.py:65} INFO - File bronze/omie/marginalpdbc/2025/01/marginalpdbc_20250131.1 already exists. Skipping download.
[2026-01-22T19:13:14.967+0000] {marginalpdbc.py:65} INFO - File bronze/omie/marginalpdbc/2025/02/marginalpdbc_20250201.1 already exists. Skipping download.
[2026-01-22T19:13:15.005+0000] {marginalpdbc.py:65} INFO - File bronze/omie/marginalpdbc/2025/02/marginalpdbc_20250202.1 already exists. Skipping download.
[2026-01-22T19:13:15.044+0000] {marginalpdbc.py:65} INFO - File bronze/omie/marginalpdbc/2025/02/marginalpdbc_20250203.1 already exists. Skipping download.
[2026-01-22T19:13:15.084+0000] {marginalpdbc.py:65} INFO - File bronze/omie/marginalpdbc/2025/02/marginalpdbc_20250204.1 already exists. Skipping download.
[2026-01-22T19:13:15.111+0000] {marginalpdbc.py:65} INFO - File bronze/omie/marginalpdbc/2025/02/marginalpdbc_20250205.1 already exists. Skipping download.
[2026-01-22T19:13:15.133+0000] {marginalpdbc.py:65} INFO - File bronze/omie/marginalpdbc/2025/02/marginalpdbc_20250206.1 already exists. Skipping download.
[2026-01-22T19:13:15.160+0000] {marginalpdbc.py:65} INFO - File bronze/omie/marginalpdbc/2025/02/marginalpdbc_20250207.1 already exists. Skipping download.
[2026-01-22T19:13:15.187+0000] {marginalpdbc.py:65} INFO - File bronze/omie/marginalpdbc/2025/02/marginalpdbc_20250208.1 already exists. Skipping download.
[2026-01-22T19:13:15.213+0000] {marginalpdbc.py:65} INFO - File bronze/omie/marginalpdbc/2025/02/marginalpdbc_20250209.1 already exists. Skipping download.
[2026-01-22T19:13:15.271+0000] {marginalpdbc.py:65} INFO - File bronze/omie/marginalpdbc/2025/02/marginalpdbc_20250210.1 already exists. Skipping download.
[2026-01-22T19:13:15.286+0000] {marginalpdbc.py:65} INFO - File bronze/omie/marginalpdbc/2025/02/marginalpdbc_20250211.1 already exists. Skipping download.
[2026-01-22T19:13:15.305+0000] {marginalpdbc.py:65} INFO - File bronze/omie/marginalpdbc/2025/02/marginalpdbc_20250212.1 already exists. Skipping download.
[2026-01-22T19:13:15.342+0000] {marginalpdbc.py:65} INFO - File bronze/omie/marginalpdbc/2025/02/marginalpdbc_20250213.1 already exists. Skipping download.
[2026-01-22T19:13:15.367+0000] {marginalpdbc.py:65} INFO - File bronze/omie/marginalpdbc/2025/02/marginalpdbc_20250214.1 already exists. Skipping download.
[2026-01-22T19:13:15.393+0000] {marginalpdbc.py:65} INFO - File bronze/omie/marginalpdbc/2025/02/marginalpdbc_20250215.1 already exists. Skipping download.
[2026-01-22T19:13:15.428+0000] {marginalpdbc.py:65} INFO - File bronze/omie/marginalpdbc/2025/02/marginalpdbc_20250216.1 already exists. Skipping download.
[2026-01-22T19:13:15.444+0000] {marginalpdbc.py:65} INFO - File bronze/omie/marginalpdbc/2025/02/marginalpdbc_20250217.1 already exists. Skipping download.
[2026-01-22T19:13:15.462+0000] {marginalpdbc.py:65} INFO - File bronze/omie/marginalpdbc/2025/02/marginalpdbc_20250218.1 already exists. Skipping download.
[2026-01-22T19:13:15.492+0000] {marginalpdbc.py:65} INFO - File bronze/omie/marginalpdbc/2025/02/marginalpdbc_20250219.1 already exists. Skipping download.
[2026-01-22T19:13:15.523+0000] {marginalpdbc.py:65} INFO - File bronze/omie/marginalpdbc/2025/02/marginalpdbc_20250220.1 already exists. Skipping download.
[2026-01-22T19:13:15.564+0000] {marginalpdbc.py:65} INFO - File bronze/omie/marginalpdbc/2025/02/marginalpdbc_20250221.1 already exists. Skipping download.
[2026-01-22T19:13:15.593+0000] {marginalpdbc.py:65} INFO - File bronze/omie/marginalpdbc/2025/02/marginalpdbc_20250222.1 already exists. Skipping download.
[2026-01-22T19:13:15.631+0000] {marginalpdbc.py:65} INFO - File bronze/omie/marginalpdbc/2025/02/marginalpdbc_20250223.1 already exists. Skipping download.
[2026-01-22T19:13:15.645+0000] {marginalpdbc.py:65} INFO - File bronze/omie/marginalpdbc/2025/02/marginalpdbc_20250224.1 already exists. Skipping download.
[2026-01-22T19:13:15.678+0000] {marginalpdbc.py:65} INFO - File bronze/omie/marginalpdbc/2025/02/marginalpdbc_20250225.1 already exists. Skipping download.
[2026-01-22T19:13:15.711+0000] {marginalpdbc.py:65} INFO - File bronze/omie/marginalpdbc/2025/02/marginalpdbc_20250226.1 already exists. Skipping download.
[2026-01-22T19:13:15.734+0000] {marginalpdbc.py:65} INFO - File bronze/omie/marginalpdbc/2025/02/marginalpdbc_20250227.1 already exists. Skipping download.
[2026-01-22T19:13:15.761+0000] {marginalpdbc.py:65} INFO - File bronze/omie/marginalpdbc/2025/02/marginalpdbc_20250228.1 already exists. Skipping download.
[2026-01-22T19:13:15.778+0000] {marginalpdbc.py:65} INFO - File bronze/omie/marginalpdbc/2025/03/marginalpdbc_20250301.1 already exists. Skipping download.
[2026-01-22T19:13:15.794+0000] {marginalpdbc.py:65} INFO - File bronze/omie/marginalpdbc/2025/03/marginalpdbc_20250302.1 already exists. Skipping download.
[2026-01-22T19:13:15.812+0000] {marginalpdbc.py:65} INFO - File bronze/omie/marginalpdbc/2025/03/marginalpdbc_20250303.1 already exists. Skipping download.
[2026-01-22T19:13:15.829+0000] {marginalpdbc.py:65} INFO - File bronze/omie/marginalpdbc/2025/03/marginalpdbc_20250304.1 already exists. Skipping download.
[2026-01-22T19:13:15.853+0000] {marginalpdbc.py:65} INFO - File bronze/omie/marginalpdbc/2025/03/marginalpdbc_20250305.1 already exists. Skipping download.
[2026-01-22T19:13:15.869+0000] {marginalpdbc.py:65} INFO - File bronze/omie/marginalpdbc/2025/03/marginalpdbc_20250306.1 already exists. Skipping download.
[2026-01-22T19:13:15.880+0000] {marginalpdbc.py:65} INFO - File bronze/omie/marginalpdbc/2025/03/marginalpdbc_20250307.1 already exists. Skipping download.
[2026-01-22T19:13:15.921+0000] {marginalpdbc.py:65} INFO - File bronze/omie/marginalpdbc/2025/03/marginalpdbc_20250308.1 already exists. Skipping download.
[2026-01-22T19:13:15.962+0000] {marginalpdbc.py:65} INFO - File bronze/omie/marginalpdbc/2025/03/marginalpdbc_20250309.1 already exists. Skipping download.
[2026-01-22T19:13:15.977+0000] {marginalpdbc.py:65} INFO - File bronze/omie/marginalpdbc/2025/03/marginalpdbc_20250310.1 already exists. Skipping download.
[2026-01-22T19:13:16.002+0000] {marginalpdbc.py:65} INFO - File bronze/omie/marginalpdbc/2025/03/marginalpdbc_20250311.1 already exists. Skipping download.
[2026-01-22T19:13:16.021+0000] {marginalpdbc.py:65} INFO - File bronze/omie/marginalpdbc/2025/03/marginalpdbc_20250312.1 already exists. Skipping download.
[2026-01-22T19:13:16.044+0000] {marginalpdbc.py:65} INFO - File bronze/omie/marginalpdbc/2025/03/marginalpdbc_20250313.1 already exists. Skipping download.
[2026-01-22T19:13:16.067+0000] {marginalpdbc.py:65} INFO - File bronze/omie/marginalpdbc/2025/03/marginalpdbc_20250314.1 already exists. Skipping download.
[2026-01-22T19:13:16.089+0000] {marginalpdbc.py:65} INFO - File bronze/omie/marginalpdbc/2025/03/marginalpdbc_20250315.1 already exists. Skipping download.
[2026-01-22T19:13:16.111+0000] {marginalpdbc.py:65} INFO - File bronze/omie/marginalpdbc/2025/03/marginalpdbc_20250316.1 already exists. Skipping download.
[2026-01-22T19:13:16.132+0000] {marginalpdbc.py:65} INFO - File bronze/omie/marginalpdbc/2025/03/marginalpdbc_20250317.1 already exists. Skipping download.
[2026-01-22T19:13:16.152+0000] {marginalpdbc.py:65} INFO - File bronze/omie/marginalpdbc/2025/03/marginalpdbc_20250318.1 already exists. Skipping download.
[2026-01-22T19:13:16.168+0000] {marginalpdbc.py:65} INFO - File bronze/omie/marginalpdbc/2025/03/marginalpdbc_20250319.1 already exists. Skipping download.
[2026-01-22T19:13:16.190+0000] {marginalpdbc.py:65} INFO - File bronze/omie/marginalpdbc/2025/03/marginalpdbc_20250320.1 already exists. Skipping download.
[2026-01-22T19:13:16.208+0000] {marginalpdbc.py:65} INFO - File bronze/omie/marginalpdbc/2025/03/marginalpdbc_20250321.1 already exists. Skipping download.
[2026-01-22T19:13:16.229+0000] {marginalpdbc.py:65} INFO - File bronze/omie/marginalpdbc/2025/03/marginalpdbc_20250322.1 already exists. Skipping download.
[2026-01-22T19:13:16.258+0000] {marginalpdbc.py:65} INFO - File bronze/omie/marginalpdbc/2025/03/marginalpdbc_20250323.1 already exists. Skipping download.
[2026-01-22T19:13:16.296+0000] {marginalpdbc.py:65} INFO - File bronze/omie/marginalpdbc/2025/03/marginalpdbc_20250324.1 already exists. Skipping download.
[2026-01-22T19:13:16.342+0000] {marginalpdbc.py:65} INFO - File bronze/omie/marginalpdbc/2025/03/marginalpdbc_20250325.1 already exists. Skipping download.
[2026-01-22T19:13:16.361+0000] {marginalpdbc.py:65} INFO - File bronze/omie/marginalpdbc/2025/03/marginalpdbc_20250326.1 already exists. Skipping download.
[2026-01-22T19:13:16.392+0000] {marginalpdbc.py:65} INFO - File bronze/omie/marginalpdbc/2025/03/marginalpdbc_20250327.1 already exists. Skipping download.
[2026-01-22T19:13:16.414+0000] {marginalpdbc.py:65} INFO - File bronze/omie/marginalpdbc/2025/03/marginalpdbc_20250328.1 already exists. Skipping download.
[2026-01-22T19:13:16.444+0000] {marginalpdbc.py:65} INFO - File bronze/omie/marginalpdbc/2025/03/marginalpdbc_20250329.1 already exists. Skipping download.
[2026-01-22T19:13:16.454+0000] {marginalpdbc.py:65} INFO - File bronze/omie/marginalpdbc/2025/03/marginalpdbc_20250330.1 already exists. Skipping download.
[2026-01-22T19:13:16.476+0000] {marginalpdbc.py:65} INFO - File bronze/omie/marginalpdbc/2025/03/marginalpdbc_20250331.1 already exists. Skipping download.
[2026-01-22T19:13:16.505+0000] {marginalpdbc.py:65} INFO - File bronze/omie/marginalpdbc/2025/04/marginalpdbc_20250401.1 already exists. Skipping download.
[2026-01-22T19:13:16.543+0000] {marginalpdbc.py:65} INFO - File bronze/omie/marginalpdbc/2025/04/marginalpdbc_20250402.1 already exists. Skipping download.
[2026-01-22T19:13:16.575+0000] {marginalpdbc.py:65} INFO - File bronze/omie/marginalpdbc/2025/04/marginalpdbc_20250403.1 already exists. Skipping download.
[2026-01-22T19:13:16.598+0000] {marginalpdbc.py:65} INFO - File bronze/omie/marginalpdbc/2025/04/marginalpdbc_20250404.1 already exists. Skipping download.
[2026-01-22T19:13:16.630+0000] {marginalpdbc.py:65} INFO - File bronze/omie/marginalpdbc/2025/04/marginalpdbc_20250405.1 already exists. Skipping download.
[2026-01-22T19:13:16.660+0000] {marginalpdbc.py:65} INFO - File bronze/omie/marginalpdbc/2025/04/marginalpdbc_20250406.1 already exists. Skipping download.
[2026-01-22T19:13:16.680+0000] {marginalpdbc.py:65} INFO - File bronze/omie/marginalpdbc/2025/04/marginalpdbc_20250407.1 already exists. Skipping download.
[2026-01-22T19:13:16.712+0000] {marginalpdbc.py:65} INFO - File bronze/omie/marginalpdbc/2025/04/marginalpdbc_20250408.1 already exists. Skipping download.
[2026-01-22T19:13:16.729+0000] {marginalpdbc.py:65} INFO - File bronze/omie/marginalpdbc/2025/04/marginalpdbc_20250409.1 already exists. Skipping download.
[2026-01-22T19:13:16.761+0000] {marginalpdbc.py:65} INFO - File bronze/omie/marginalpdbc/2025/04/marginalpdbc_20250410.1 already exists. Skipping download.
[2026-01-22T19:13:16.811+0000] {marginalpdbc.py:65} INFO - File bronze/omie/marginalpdbc/2025/04/marginalpdbc_20250411.1 already exists. Skipping download.
[2026-01-22T19:13:16.828+0000] {marginalpdbc.py:65} INFO - File bronze/omie/marginalpdbc/2025/04/marginalpdbc_20250412.1 already exists. Skipping download.
[2026-01-22T19:13:16.892+0000] {marginalpdbc.py:65} INFO - File bronze/omie/marginalpdbc/2025/04/marginalpdbc_20250413.1 already exists. Skipping download.
[2026-01-22T19:13:16.934+0000] {marginalpdbc.py:65} INFO - File bronze/omie/marginalpdbc/2025/04/marginalpdbc_20250414.1 already exists. Skipping download.
[2026-01-22T19:13:16.958+0000] {marginalpdbc.py:65} INFO - File bronze/omie/marginalpdbc/2025/04/marginalpdbc_20250415.1 already exists. Skipping download.
[2026-01-22T19:13:16.984+0000] {marginalpdbc.py:65} INFO - File bronze/omie/marginalpdbc/2025/04/marginalpdbc_20250416.1 already exists. Skipping download.
[2026-01-22T19:13:17.017+0000] {marginalpdbc.py:65} INFO - File bronze/omie/marginalpdbc/2025/04/marginalpdbc_20250417.1 already exists. Skipping download.
[2026-01-22T19:13:17.075+0000] {marginalpdbc.py:65} INFO - File bronze/omie/marginalpdbc/2025/04/marginalpdbc_20250418.1 already exists. Skipping download.
[2026-01-22T19:13:17.116+0000] {marginalpdbc.py:65} INFO - File bronze/omie/marginalpdbc/2025/04/marginalpdbc_20250419.1 already exists. Skipping download.
[2026-01-22T19:13:17.147+0000] {marginalpdbc.py:65} INFO - File bronze/omie/marginalpdbc/2025/04/marginalpdbc_20250420.1 already exists. Skipping download.
[2026-01-22T19:13:17.177+0000] {marginalpdbc.py:65} INFO - File bronze/omie/marginalpdbc/2025/04/marginalpdbc_20250421.1 already exists. Skipping download.
[2026-01-22T19:13:17.241+0000] {marginalpdbc.py:65} INFO - File bronze/omie/marginalpdbc/2025/04/marginalpdbc_20250422.1 already exists. Skipping download.
[2026-01-22T19:13:17.296+0000] {marginalpdbc.py:65} INFO - File bronze/omie/marginalpdbc/2025/04/marginalpdbc_20250423.1 already exists. Skipping download.
[2026-01-22T19:13:17.359+0000] {marginalpdbc.py:65} INFO - File bronze/omie/marginalpdbc/2025/04/marginalpdbc_20250424.1 already exists. Skipping download.
[2026-01-22T19:13:17.414+0000] {marginalpdbc.py:65} INFO - File bronze/omie/marginalpdbc/2025/04/marginalpdbc_20250425.1 already exists. Skipping download.
[2026-01-22T19:13:17.453+0000] {marginalpdbc.py:65} INFO - File bronze/omie/marginalpdbc/2025/04/marginalpdbc_20250426.1 already exists. Skipping download.
[2026-01-22T19:13:17.493+0000] {marginalpdbc.py:65} INFO - File bronze/omie/marginalpdbc/2025/04/marginalpdbc_20250427.1 already exists. Skipping download.
[2026-01-22T19:13:17.557+0000] {marginalpdbc.py:65} INFO - File bronze/omie/marginalpdbc/2025/04/marginalpdbc_20250428.1 already exists. Skipping download.
[2026-01-22T19:13:17.667+0000] {marginalpdbc.py:65} INFO - File bronze/omie/marginalpdbc/2025/04/marginalpdbc_20250429.1 already exists. Skipping download.
[2026-01-22T19:13:17.696+0000] {marginalpdbc.py:65} INFO - File bronze/omie/marginalpdbc/2025/04/marginalpdbc_20250430.1 already exists. Skipping download.
[2026-01-22T19:13:17.739+0000] {marginalpdbc.py:65} INFO - File bronze/omie/marginalpdbc/2025/05/marginalpdbc_20250501.1 already exists. Skipping download.
[2026-01-22T19:13:17.785+0000] {marginalpdbc.py:65} INFO - File bronze/omie/marginalpdbc/2025/05/marginalpdbc_20250502.1 already exists. Skipping download.
[2026-01-22T19:13:17.809+0000] {marginalpdbc.py:65} INFO - File bronze/omie/marginalpdbc/2025/05/marginalpdbc_20250503.1 already exists. Skipping download.
[2026-01-22T19:13:17.829+0000] {marginalpdbc.py:65} INFO - File bronze/omie/marginalpdbc/2025/05/marginalpdbc_20250504.1 already exists. Skipping download.
[2026-01-22T19:13:17.867+0000] {marginalpdbc.py:65} INFO - File bronze/omie/marginalpdbc/2025/05/marginalpdbc_20250505.1 already exists. Skipping download.
[2026-01-22T19:13:17.896+0000] {marginalpdbc.py:65} INFO - File bronze/omie/marginalpdbc/2025/05/marginalpdbc_20250506.1 already exists. Skipping download.
[2026-01-22T19:13:17.925+0000] {marginalpdbc.py:65} INFO - File bronze/omie/marginalpdbc/2025/05/marginalpdbc_20250507.1 already exists. Skipping download.
[2026-01-22T19:13:17.963+0000] {marginalpdbc.py:65} INFO - File bronze/omie/marginalpdbc/2025/05/marginalpdbc_20250508.1 already exists. Skipping download.
[2026-01-22T19:13:18.034+0000] {marginalpdbc.py:65} INFO - File bronze/omie/marginalpdbc/2025/05/marginalpdbc_20250509.1 already exists. Skipping download.
[2026-01-22T19:13:18.070+0000] {marginalpdbc.py:65} INFO - File bronze/omie/marginalpdbc/2025/05/marginalpdbc_20250510.1 already exists. Skipping download.
[2026-01-22T19:13:18.096+0000] {marginalpdbc.py:65} INFO - File bronze/omie/marginalpdbc/2025/05/marginalpdbc_20250511.1 already exists. Skipping download.
[2026-01-22T19:13:18.135+0000] {marginalpdbc.py:65} INFO - File bronze/omie/marginalpdbc/2025/05/marginalpdbc_20250512.1 already exists. Skipping download.
[2026-01-22T19:13:18.182+0000] {marginalpdbc.py:65} INFO - File bronze/omie/marginalpdbc/2025/05/marginalpdbc_20250513.1 already exists. Skipping download.
[2026-01-22T19:13:18.221+0000] {marginalpdbc.py:65} INFO - File bronze/omie/marginalpdbc/2025/05/marginalpdbc_20250514.1 already exists. Skipping download.
[2026-01-22T19:13:18.259+0000] {marginalpdbc.py:65} INFO - File bronze/omie/marginalpdbc/2025/05/marginalpdbc_20250515.1 already exists. Skipping download.
[2026-01-22T19:13:18.322+0000] {marginalpdbc.py:65} INFO - File bronze/omie/marginalpdbc/2025/05/marginalpdbc_20250516.1 already exists. Skipping download.
[2026-01-22T19:13:18.411+0000] {marginalpdbc.py:65} INFO - File bronze/omie/marginalpdbc/2025/05/marginalpdbc_20250517.1 already exists. Skipping download.
[2026-01-22T19:13:18.459+0000] {marginalpdbc.py:65} INFO - File bronze/omie/marginalpdbc/2025/05/marginalpdbc_20250518.1 already exists. Skipping download.
[2026-01-22T19:13:18.495+0000] {marginalpdbc.py:65} INFO - File bronze/omie/marginalpdbc/2025/05/marginalpdbc_20250519.1 already exists. Skipping download.
[2026-01-22T19:13:18.536+0000] {marginalpdbc.py:65} INFO - File bronze/omie/marginalpdbc/2025/05/marginalpdbc_20250520.1 already exists. Skipping download.
[2026-01-22T19:13:18.569+0000] {marginalpdbc.py:65} INFO - File bronze/omie/marginalpdbc/2025/05/marginalpdbc_20250521.1 already exists. Skipping download.
[2026-01-22T19:13:18.586+0000] {marginalpdbc.py:65} INFO - File bronze/omie/marginalpdbc/2025/05/marginalpdbc_20250522.1 already exists. Skipping download.
[2026-01-22T19:13:18.604+0000] {marginalpdbc.py:65} INFO - File bronze/omie/marginalpdbc/2025/05/marginalpdbc_20250523.1 already exists. Skipping download.
[2026-01-22T19:13:18.623+0000] {marginalpdbc.py:65} INFO - File bronze/omie/marginalpdbc/2025/05/marginalpdbc_20250524.1 already exists. Skipping download.
[2026-01-22T19:13:18.647+0000] {marginalpdbc.py:65} INFO - File bronze/omie/marginalpdbc/2025/05/marginalpdbc_20250525.1 already exists. Skipping download.
[2026-01-22T19:13:18.669+0000] {marginalpdbc.py:65} INFO - File bronze/omie/marginalpdbc/2025/05/marginalpdbc_20250526.1 already exists. Skipping download.
[2026-01-22T19:13:18.692+0000] {marginalpdbc.py:65} INFO - File bronze/omie/marginalpdbc/2025/05/marginalpdbc_20250527.1 already exists. Skipping download.
[2026-01-22T19:13:18.713+0000] {marginalpdbc.py:65} INFO - File bronze/omie/marginalpdbc/2025/05/marginalpdbc_20250528.1 already exists. Skipping download.
[2026-01-22T19:13:18.729+0000] {marginalpdbc.py:65} INFO - File bronze/omie/marginalpdbc/2025/05/marginalpdbc_20250529.1 already exists. Skipping download.
[2026-01-22T19:13:18.751+0000] {marginalpdbc.py:65} INFO - File bronze/omie/marginalpdbc/2025/05/marginalpdbc_20250530.1 already exists. Skipping download.
[2026-01-22T19:13:18.770+0000] {marginalpdbc.py:65} INFO - File bronze/omie/marginalpdbc/2025/05/marginalpdbc_20250531.1 already exists. Skipping download.
[2026-01-22T19:13:18.792+0000] {marginalpdbc.py:65} INFO - File bronze/omie/marginalpdbc/2025/06/marginalpdbc_20250601.1 already exists. Skipping download.
[2026-01-22T19:13:18.808+0000] {marginalpdbc.py:65} INFO - File bronze/omie/marginalpdbc/2025/06/marginalpdbc_20250602.1 already exists. Skipping download.
[2026-01-22T19:13:18.825+0000] {marginalpdbc.py:65} INFO - File bronze/omie/marginalpdbc/2025/06/marginalpdbc_20250603.1 already exists. Skipping download.
[2026-01-22T19:13:18.841+0000] {marginalpdbc.py:65} INFO - File bronze/omie/marginalpdbc/2025/06/marginalpdbc_20250604.1 already exists. Skipping download.
[2026-01-22T19:13:18.879+0000] {marginalpdbc.py:65} INFO - File bronze/omie/marginalpdbc/2025/06/marginalpdbc_20250605.1 already exists. Skipping download.
[2026-01-22T19:13:18.900+0000] {marginalpdbc.py:65} INFO - File bronze/omie/marginalpdbc/2025/06/marginalpdbc_20250606.1 already exists. Skipping download.
[2026-01-22T19:13:18.958+0000] {marginalpdbc.py:65} INFO - File bronze/omie/marginalpdbc/2025/06/marginalpdbc_20250607.1 already exists. Skipping download.
[2026-01-22T19:13:18.977+0000] {marginalpdbc.py:65} INFO - File bronze/omie/marginalpdbc/2025/06/marginalpdbc_20250608.1 already exists. Skipping download.
[2026-01-22T19:13:18.998+0000] {marginalpdbc.py:65} INFO - File bronze/omie/marginalpdbc/2025/06/marginalpdbc_20250609.1 already exists. Skipping download.
[2026-01-22T19:13:19.023+0000] {marginalpdbc.py:65} INFO - File bronze/omie/marginalpdbc/2025/06/marginalpdbc_20250610.1 already exists. Skipping download.
[2026-01-22T19:13:19.047+0000] {marginalpdbc.py:65} INFO - File bronze/omie/marginalpdbc/2025/06/marginalpdbc_20250611.1 already exists. Skipping download.
[2026-01-22T19:13:19.070+0000] {marginalpdbc.py:65} INFO - File bronze/omie/marginalpdbc/2025/06/marginalpdbc_20250612.1 already exists. Skipping download.
[2026-01-22T19:13:19.084+0000] {marginalpdbc.py:65} INFO - File bronze/omie/marginalpdbc/2025/06/marginalpdbc_20250613.1 already exists. Skipping download.
[2026-01-22T19:13:19.120+0000] {marginalpdbc.py:65} INFO - File bronze/omie/marginalpdbc/2025/06/marginalpdbc_20250614.1 already exists. Skipping download.
[2026-01-22T19:13:19.139+0000] {marginalpdbc.py:65} INFO - File bronze/omie/marginalpdbc/2025/06/marginalpdbc_20250615.1 already exists. Skipping download.
[2026-01-22T19:13:19.169+0000] {marginalpdbc.py:65} INFO - File bronze/omie/marginalpdbc/2025/06/marginalpdbc_20250616.1 already exists. Skipping download.
[2026-01-22T19:13:19.197+0000] {marginalpdbc.py:65} INFO - File bronze/omie/marginalpdbc/2025/06/marginalpdbc_20250617.1 already exists. Skipping download.
[2026-01-22T19:13:19.226+0000] {marginalpdbc.py:65} INFO - File bronze/omie/marginalpdbc/2025/06/marginalpdbc_20250618.1 already exists. Skipping download.
[2026-01-22T19:13:19.242+0000] {marginalpdbc.py:65} INFO - File bronze/omie/marginalpdbc/2025/06/marginalpdbc_20250619.1 already exists. Skipping download.
[2026-01-22T19:13:19.268+0000] {marginalpdbc.py:65} INFO - File bronze/omie/marginalpdbc/2025/06/marginalpdbc_20250620.1 already exists. Skipping download.
[2026-01-22T19:13:19.290+0000] {marginalpdbc.py:65} INFO - File bronze/omie/marginalpdbc/2025/06/marginalpdbc_20250621.1 already exists. Skipping download.
[2026-01-22T19:13:19.310+0000] {marginalpdbc.py:65} INFO - File bronze/omie/marginalpdbc/2025/06/marginalpdbc_20250622.1 already exists. Skipping download.
[2026-01-22T19:13:19.362+0000] {marginalpdbc.py:65} INFO - File bronze/omie/marginalpdbc/2025/06/marginalpdbc_20250623.1 already exists. Skipping download.
[2026-01-22T19:13:19.390+0000] {marginalpdbc.py:65} INFO - File bronze/omie/marginalpdbc/2025/06/marginalpdbc_20250624.1 already exists. Skipping download.
[2026-01-22T19:13:19.416+0000] {marginalpdbc.py:65} INFO - File bronze/omie/marginalpdbc/2025/06/marginalpdbc_20250625.1 already exists. Skipping download.
[2026-01-22T19:13:19.442+0000] {marginalpdbc.py:65} INFO - File bronze/omie/marginalpdbc/2025/06/marginalpdbc_20250626.1 already exists. Skipping download.
[2026-01-22T19:13:19.463+0000] {marginalpdbc.py:65} INFO - File bronze/omie/marginalpdbc/2025/06/marginalpdbc_20250627.1 already exists. Skipping download.
[2026-01-22T19:13:19.488+0000] {marginalpdbc.py:65} INFO - File bronze/omie/marginalpdbc/2025/06/marginalpdbc_20250628.1 already exists. Skipping download.
[2026-01-22T19:13:19.509+0000] {marginalpdbc.py:65} INFO - File bronze/omie/marginalpdbc/2025/06/marginalpdbc_20250629.1 already exists. Skipping download.
[2026-01-22T19:13:19.544+0000] {marginalpdbc.py:65} INFO - File bronze/omie/marginalpdbc/2025/06/marginalpdbc_20250630.1 already exists. Skipping download.
[2026-01-22T19:13:19.557+0000] {marginalpdbc.py:65} INFO - File bronze/omie/marginalpdbc/2025/07/marginalpdbc_20250701.1 already exists. Skipping download.
[2026-01-22T19:13:19.574+0000] {marginalpdbc.py:65} INFO - File bronze/omie/marginalpdbc/2025/07/marginalpdbc_20250702.1 already exists. Skipping download.
[2026-01-22T19:13:19.588+0000] {marginalpdbc.py:65} INFO - File bronze/omie/marginalpdbc/2025/07/marginalpdbc_20250703.1 already exists. Skipping download.
[2026-01-22T19:13:19.606+0000] {marginalpdbc.py:65} INFO - File bronze/omie/marginalpdbc/2025/07/marginalpdbc_20250704.1 already exists. Skipping download.
[2026-01-22T19:13:19.632+0000] {marginalpdbc.py:65} INFO - File bronze/omie/marginalpdbc/2025/07/marginalpdbc_20250705.1 already exists. Skipping download.
[2026-01-22T19:13:19.649+0000] {marginalpdbc.py:65} INFO - File bronze/omie/marginalpdbc/2025/07/marginalpdbc_20250706.1 already exists. Skipping download.
[2026-01-22T19:13:19.672+0000] {marginalpdbc.py:65} INFO - File bronze/omie/marginalpdbc/2025/07/marginalpdbc_20250707.1 already exists. Skipping download.
[2026-01-22T19:13:19.694+0000] {marginalpdbc.py:65} INFO - File bronze/omie/marginalpdbc/2025/07/marginalpdbc_20250708.1 already exists. Skipping download.
[2026-01-22T19:13:19.712+0000] {marginalpdbc.py:65} INFO - File bronze/omie/marginalpdbc/2025/07/marginalpdbc_20250709.1 already exists. Skipping download.
[2026-01-22T19:13:19.757+0000] {marginalpdbc.py:65} INFO - File bronze/omie/marginalpdbc/2025/07/marginalpdbc_20250710.1 already exists. Skipping download.
[2026-01-22T19:13:19.790+0000] {marginalpdbc.py:65} INFO - File bronze/omie/marginalpdbc/2025/07/marginalpdbc_20250711.1 already exists. Skipping download.
[2026-01-22T19:13:19.833+0000] {marginalpdbc.py:65} INFO - File bronze/omie/marginalpdbc/2025/07/marginalpdbc_20250712.1 already exists. Skipping download.
[2026-01-22T19:13:19.852+0000] {marginalpdbc.py:65} INFO - File bronze/omie/marginalpdbc/2025/07/marginalpdbc_20250713.1 already exists. Skipping download.
[2026-01-22T19:13:19.886+0000] {marginalpdbc.py:65} INFO - File bronze/omie/marginalpdbc/2025/07/marginalpdbc_20250714.1 already exists. Skipping download.
[2026-01-22T19:13:19.898+0000] {marginalpdbc.py:65} INFO - File bronze/omie/marginalpdbc/2025/07/marginalpdbc_20250715.1 already exists. Skipping download.
[2026-01-22T19:13:19.925+0000] {marginalpdbc.py:65} INFO - File bronze/omie/marginalpdbc/2025/07/marginalpdbc_20250716.1 already exists. Skipping download.
[2026-01-22T19:13:19.951+0000] {marginalpdbc.py:65} INFO - File bronze/omie/marginalpdbc/2025/07/marginalpdbc_20250717.1 already exists. Skipping download.
[2026-01-22T19:13:19.981+0000] {marginalpdbc.py:65} INFO - File bronze/omie/marginalpdbc/2025/07/marginalpdbc_20250718.1 already exists. Skipping download.
[2026-01-22T19:13:20.006+0000] {marginalpdbc.py:65} INFO - File bronze/omie/marginalpdbc/2025/07/marginalpdbc_20250719.1 already exists. Skipping download.
[2026-01-22T19:13:20.035+0000] {marginalpdbc.py:65} INFO - File bronze/omie/marginalpdbc/2025/07/marginalpdbc_20250720.1 already exists. Skipping download.
[2026-01-22T19:13:20.053+0000] {marginalpdbc.py:65} INFO - File bronze/omie/marginalpdbc/2025/07/marginalpdbc_20250721.1 already exists. Skipping download.
[2026-01-22T19:13:20.070+0000] {marginalpdbc.py:65} INFO - File bronze/omie/marginalpdbc/2025/07/marginalpdbc_20250722.1 already exists. Skipping download.
[2026-01-22T19:13:20.089+0000] {marginalpdbc.py:65} INFO - File bronze/omie/marginalpdbc/2025/07/marginalpdbc_20250723.1 already exists. Skipping download.
[2026-01-22T19:13:20.104+0000] {marginalpdbc.py:65} INFO - File bronze/omie/marginalpdbc/2025/07/marginalpdbc_20250724.1 already exists. Skipping download.
[2026-01-22T19:13:20.126+0000] {marginalpdbc.py:65} INFO - File bronze/omie/marginalpdbc/2025/07/marginalpdbc_20250725.1 already exists. Skipping download.
[2026-01-22T19:13:20.152+0000] {marginalpdbc.py:65} INFO - File bronze/omie/marginalpdbc/2025/07/marginalpdbc_20250726.1 already exists. Skipping download.
[2026-01-22T19:13:20.187+0000] {marginalpdbc.py:65} INFO - File bronze/omie/marginalpdbc/2025/07/marginalpdbc_20250727.1 already exists. Skipping download.
[2026-01-22T19:13:20.204+0000] {marginalpdbc.py:65} INFO - File bronze/omie/marginalpdbc/2025/07/marginalpdbc_20250728.1 already exists. Skipping download.
[2026-01-22T19:13:20.223+0000] {marginalpdbc.py:65} INFO - File bronze/omie/marginalpdbc/2025/07/marginalpdbc_20250729.1 already exists. Skipping download.
[2026-01-22T19:13:20.262+0000] {marginalpdbc.py:65} INFO - File bronze/omie/marginalpdbc/2025/07/marginalpdbc_20250730.1 already exists. Skipping download.
[2026-01-22T19:13:20.301+0000] {marginalpdbc.py:65} INFO - File bronze/omie/marginalpdbc/2025/07/marginalpdbc_20250731.1 already exists. Skipping download.
[2026-01-22T19:13:20.334+0000] {marginalpdbc.py:65} INFO - File bronze/omie/marginalpdbc/2025/08/marginalpdbc_20250801.1 already exists. Skipping download.
[2026-01-22T19:13:20.379+0000] {marginalpdbc.py:65} INFO - File bronze/omie/marginalpdbc/2025/08/marginalpdbc_20250802.1 already exists. Skipping download.
[2026-01-22T19:13:20.397+0000] {marginalpdbc.py:65} INFO - File bronze/omie/marginalpdbc/2025/08/marginalpdbc_20250803.1 already exists. Skipping download.
[2026-01-22T19:13:20.439+0000] {marginalpdbc.py:65} INFO - File bronze/omie/marginalpdbc/2025/08/marginalpdbc_20250804.1 already exists. Skipping download.
[2026-01-22T19:13:20.487+0000] {marginalpdbc.py:65} INFO - File bronze/omie/marginalpdbc/2025/08/marginalpdbc_20250805.1 already exists. Skipping download.
[2026-01-22T19:13:20.569+0000] {marginalpdbc.py:65} INFO - File bronze/omie/marginalpdbc/2025/08/marginalpdbc_20250806.1 already exists. Skipping download.
[2026-01-22T19:13:20.642+0000] {marginalpdbc.py:65} INFO - File bronze/omie/marginalpdbc/2025/08/marginalpdbc_20250807.1 already exists. Skipping download.
[2026-01-22T19:13:20.704+0000] {marginalpdbc.py:65} INFO - File bronze/omie/marginalpdbc/2025/08/marginalpdbc_20250808.1 already exists. Skipping download.
[2026-01-22T19:13:20.750+0000] {marginalpdbc.py:65} INFO - File bronze/omie/marginalpdbc/2025/08/marginalpdbc_20250809.1 already exists. Skipping download.
[2026-01-22T19:13:20.806+0000] {marginalpdbc.py:65} INFO - File bronze/omie/marginalpdbc/2025/08/marginalpdbc_20250810.1 already exists. Skipping download.
[2026-01-22T19:13:20.838+0000] {marginalpdbc.py:65} INFO - File bronze/omie/marginalpdbc/2025/08/marginalpdbc_20250811.1 already exists. Skipping download.
[2026-01-22T19:13:20.876+0000] {marginalpdbc.py:65} INFO - File bronze/omie/marginalpdbc/2025/08/marginalpdbc_20250812.1 already exists. Skipping download.
[2026-01-22T19:13:20.921+0000] {marginalpdbc.py:65} INFO - File bronze/omie/marginalpdbc/2025/08/marginalpdbc_20250813.1 already exists. Skipping download.
[2026-01-22T19:13:20.951+0000] {marginalpdbc.py:65} INFO - File bronze/omie/marginalpdbc/2025/08/marginalpdbc_20250814.1 already exists. Skipping download.
[2026-01-22T19:13:21.039+0000] {marginalpdbc.py:65} INFO - File bronze/omie/marginalpdbc/2025/08/marginalpdbc_20250815.1 already exists. Skipping download.
[2026-01-22T19:13:21.073+0000] {marginalpdbc.py:65} INFO - File bronze/omie/marginalpdbc/2025/08/marginalpdbc_20250816.1 already exists. Skipping download.
[2026-01-22T19:13:21.132+0000] {marginalpdbc.py:65} INFO - File bronze/omie/marginalpdbc/2025/08/marginalpdbc_20250817.1 already exists. Skipping download.
[2026-01-22T19:13:21.161+0000] {marginalpdbc.py:65} INFO - File bronze/omie/marginalpdbc/2025/08/marginalpdbc_20250818.1 already exists. Skipping download.
[2026-01-22T19:13:21.192+0000] {marginalpdbc.py:65} INFO - File bronze/omie/marginalpdbc/2025/08/marginalpdbc_20250819.1 already exists. Skipping download.
[2026-01-22T19:13:21.240+0000] {marginalpdbc.py:65} INFO - File bronze/omie/marginalpdbc/2025/08/marginalpdbc_20250820.1 already exists. Skipping download.
[2026-01-22T19:13:21.284+0000] {marginalpdbc.py:65} INFO - File bronze/omie/marginalpdbc/2025/08/marginalpdbc_20250821.1 already exists. Skipping download.
[2026-01-22T19:13:21.320+0000] {marginalpdbc.py:65} INFO - File bronze/omie/marginalpdbc/2025/08/marginalpdbc_20250822.1 already exists. Skipping download.
[2026-01-22T19:13:21.370+0000] {marginalpdbc.py:65} INFO - File bronze/omie/marginalpdbc/2025/08/marginalpdbc_20250823.1 already exists. Skipping download.
[2026-01-22T19:13:21.431+0000] {marginalpdbc.py:65} INFO - File bronze/omie/marginalpdbc/2025/08/marginalpdbc_20250824.1 already exists. Skipping download.
[2026-01-22T19:13:21.471+0000] {marginalpdbc.py:65} INFO - File bronze/omie/marginalpdbc/2025/08/marginalpdbc_20250825.1 already exists. Skipping download.
[2026-01-22T19:13:21.508+0000] {marginalpdbc.py:65} INFO - File bronze/omie/marginalpdbc/2025/08/marginalpdbc_20250826.1 already exists. Skipping download.
[2026-01-22T19:13:21.543+0000] {marginalpdbc.py:65} INFO - File bronze/omie/marginalpdbc/2025/08/marginalpdbc_20250827.1 already exists. Skipping download.
[2026-01-22T19:13:21.598+0000] {marginalpdbc.py:65} INFO - File bronze/omie/marginalpdbc/2025/08/marginalpdbc_20250828.1 already exists. Skipping download.
[2026-01-22T19:13:21.660+0000] {marginalpdbc.py:65} INFO - File bronze/omie/marginalpdbc/2025/08/marginalpdbc_20250829.1 already exists. Skipping download.
[2026-01-22T19:13:21.686+0000] {marginalpdbc.py:65} INFO - File bronze/omie/marginalpdbc/2025/08/marginalpdbc_20250830.1 already exists. Skipping download.
[2026-01-22T19:13:21.718+0000] {marginalpdbc.py:65} INFO - File bronze/omie/marginalpdbc/2025/08/marginalpdbc_20250831.1 already exists. Skipping download.
[2026-01-22T19:13:21.755+0000] {marginalpdbc.py:65} INFO - File bronze/omie/marginalpdbc/2025/09/marginalpdbc_20250901.1 already exists. Skipping download.
[2026-01-22T19:13:21.800+0000] {marginalpdbc.py:65} INFO - File bronze/omie/marginalpdbc/2025/09/marginalpdbc_20250902.1 already exists. Skipping download.
[2026-01-22T19:13:21.840+0000] {marginalpdbc.py:65} INFO - File bronze/omie/marginalpdbc/2025/09/marginalpdbc_20250903.1 already exists. Skipping download.
[2026-01-22T19:13:21.866+0000] {marginalpdbc.py:65} INFO - File bronze/omie/marginalpdbc/2025/09/marginalpdbc_20250904.1 already exists. Skipping download.
[2026-01-22T19:13:21.882+0000] {marginalpdbc.py:65} INFO - File bronze/omie/marginalpdbc/2025/09/marginalpdbc_20250905.1 already exists. Skipping download.
[2026-01-22T19:13:21.914+0000] {marginalpdbc.py:65} INFO - File bronze/omie/marginalpdbc/2025/09/marginalpdbc_20250906.1 already exists. Skipping download.
[2026-01-22T19:13:21.937+0000] {marginalpdbc.py:65} INFO - File bronze/omie/marginalpdbc/2025/09/marginalpdbc_20250907.1 already exists. Skipping download.
[2026-01-22T19:13:21.949+0000] {marginalpdbc.py:65} INFO - File bronze/omie/marginalpdbc/2025/09/marginalpdbc_20250908.1 already exists. Skipping download.
[2026-01-22T19:13:21.972+0000] {marginalpdbc.py:65} INFO - File bronze/omie/marginalpdbc/2025/09/marginalpdbc_20250909.1 already exists. Skipping download.
[2026-01-22T19:13:22.007+0000] {marginalpdbc.py:65} INFO - File bronze/omie/marginalpdbc/2025/09/marginalpdbc_20250910.1 already exists. Skipping download.
[2026-01-22T19:13:22.051+0000] {marginalpdbc.py:65} INFO - File bronze/omie/marginalpdbc/2025/09/marginalpdbc_20250911.1 already exists. Skipping download.
[2026-01-22T19:13:22.097+0000] {marginalpdbc.py:65} INFO - File bronze/omie/marginalpdbc/2025/09/marginalpdbc_20250912.1 already exists. Skipping download.
[2026-01-22T19:13:22.126+0000] {marginalpdbc.py:65} INFO - File bronze/omie/marginalpdbc/2025/09/marginalpdbc_20250913.1 already exists. Skipping download.
[2026-01-22T19:13:22.165+0000] {marginalpdbc.py:65} INFO - File bronze/omie/marginalpdbc/2025/09/marginalpdbc_20250914.1 already exists. Skipping download.
[2026-01-22T19:13:22.193+0000] {marginalpdbc.py:65} INFO - File bronze/omie/marginalpdbc/2025/09/marginalpdbc_20250915.1 already exists. Skipping download.
[2026-01-22T19:13:22.221+0000] {marginalpdbc.py:65} INFO - File bronze/omie/marginalpdbc/2025/09/marginalpdbc_20250916.1 already exists. Skipping download.
[2026-01-22T19:13:22.292+0000] {marginalpdbc.py:65} INFO - File bronze/omie/marginalpdbc/2025/09/marginalpdbc_20250917.1 already exists. Skipping download.
[2026-01-22T19:13:22.343+0000] {marginalpdbc.py:65} INFO - File bronze/omie/marginalpdbc/2025/09/marginalpdbc_20250918.1 already exists. Skipping download.
[2026-01-22T19:13:22.407+0000] {marginalpdbc.py:65} INFO - File bronze/omie/marginalpdbc/2025/09/marginalpdbc_20250919.1 already exists. Skipping download.
[2026-01-22T19:13:22.441+0000] {marginalpdbc.py:65} INFO - File bronze/omie/marginalpdbc/2025/09/marginalpdbc_20250920.1 already exists. Skipping download.
[2026-01-22T19:13:22.469+0000] {marginalpdbc.py:65} INFO - File bronze/omie/marginalpdbc/2025/09/marginalpdbc_20250921.1 already exists. Skipping download.
[2026-01-22T19:13:22.495+0000] {marginalpdbc.py:65} INFO - File bronze/omie/marginalpdbc/2025/09/marginalpdbc_20250922.1 already exists. Skipping download.
[2026-01-22T19:13:22.521+0000] {marginalpdbc.py:65} INFO - File bronze/omie/marginalpdbc/2025/09/marginalpdbc_20250923.1 already exists. Skipping download.
[2026-01-22T19:13:22.554+0000] {marginalpdbc.py:65} INFO - File bronze/omie/marginalpdbc/2025/09/marginalpdbc_20250924.1 already exists. Skipping download.
[2026-01-22T19:13:22.584+0000] {marginalpdbc.py:65} INFO - File bronze/omie/marginalpdbc/2025/09/marginalpdbc_20250925.1 already exists. Skipping download.
[2026-01-22T19:13:22.610+0000] {marginalpdbc.py:65} INFO - File bronze/omie/marginalpdbc/2025/09/marginalpdbc_20250926.1 already exists. Skipping download.
[2026-01-22T19:13:22.625+0000] {marginalpdbc.py:65} INFO - File bronze/omie/marginalpdbc/2025/09/marginalpdbc_20250927.1 already exists. Skipping download.
[2026-01-22T19:13:22.653+0000] {marginalpdbc.py:65} INFO - File bronze/omie/marginalpdbc/2025/09/marginalpdbc_20250928.1 already exists. Skipping download.
[2026-01-22T19:13:22.683+0000] {marginalpdbc.py:65} INFO - File bronze/omie/marginalpdbc/2025/09/marginalpdbc_20250929.1 already exists. Skipping download.
[2026-01-22T19:13:22.708+0000] {marginalpdbc.py:65} INFO - File bronze/omie/marginalpdbc/2025/09/marginalpdbc_20250930.1 already exists. Skipping download.
[2026-01-22T19:13:22.749+0000] {marginalpdbc.py:65} INFO - File bronze/omie/marginalpdbc/2025/10/marginalpdbc_20251001.1 already exists. Skipping download.
[2026-01-22T19:13:22.805+0000] {marginalpdbc.py:65} INFO - File bronze/omie/marginalpdbc/2025/10/marginalpdbc_20251002.1 already exists. Skipping download.
[2026-01-22T19:13:22.847+0000] {marginalpdbc.py:65} INFO - File bronze/omie/marginalpdbc/2025/10/marginalpdbc_20251003.1 already exists. Skipping download.
[2026-01-22T19:13:22.881+0000] {marginalpdbc.py:65} INFO - File bronze/omie/marginalpdbc/2025/10/marginalpdbc_20251004.1 already exists. Skipping download.
[2026-01-22T19:13:22.921+0000] {marginalpdbc.py:65} INFO - File bronze/omie/marginalpdbc/2025/10/marginalpdbc_20251005.1 already exists. Skipping download.
[2026-01-22T19:13:22.998+0000] {marginalpdbc.py:65} INFO - File bronze/omie/marginalpdbc/2025/10/marginalpdbc_20251006.1 already exists. Skipping download.
[2026-01-22T19:13:23.021+0000] {marginalpdbc.py:65} INFO - File bronze/omie/marginalpdbc/2025/10/marginalpdbc_20251007.1 already exists. Skipping download.
[2026-01-22T19:13:23.053+0000] {marginalpdbc.py:65} INFO - File bronze/omie/marginalpdbc/2025/10/marginalpdbc_20251008.1 already exists. Skipping download.
[2026-01-22T19:13:23.074+0000] {marginalpdbc.py:65} INFO - File bronze/omie/marginalpdbc/2025/10/marginalpdbc_20251009.1 already exists. Skipping download.
[2026-01-22T19:13:23.100+0000] {marginalpdbc.py:65} INFO - File bronze/omie/marginalpdbc/2025/10/marginalpdbc_20251010.1 already exists. Skipping download.
[2026-01-22T19:13:23.112+0000] {marginalpdbc.py:65} INFO - File bronze/omie/marginalpdbc/2025/10/marginalpdbc_20251011.1 already exists. Skipping download.
[2026-01-22T19:13:23.142+0000] {marginalpdbc.py:65} INFO - File bronze/omie/marginalpdbc/2025/10/marginalpdbc_20251012.1 already exists. Skipping download.
[2026-01-22T19:13:23.166+0000] {marginalpdbc.py:65} INFO - File bronze/omie/marginalpdbc/2025/10/marginalpdbc_20251013.1 already exists. Skipping download.
[2026-01-22T19:13:23.190+0000] {marginalpdbc.py:65} INFO - File bronze/omie/marginalpdbc/2025/10/marginalpdbc_20251014.1 already exists. Skipping download.
[2026-01-22T19:13:23.226+0000] {marginalpdbc.py:65} INFO - File bronze/omie/marginalpdbc/2025/10/marginalpdbc_20251015.1 already exists. Skipping download.
[2026-01-22T19:13:23.294+0000] {marginalpdbc.py:65} INFO - File bronze/omie/marginalpdbc/2025/10/marginalpdbc_20251016.1 already exists. Skipping download.
[2026-01-22T19:13:23.369+0000] {marginalpdbc.py:65} INFO - File bronze/omie/marginalpdbc/2025/10/marginalpdbc_20251017.1 already exists. Skipping download.
[2026-01-22T19:13:23.407+0000] {marginalpdbc.py:65} INFO - File bronze/omie/marginalpdbc/2025/10/marginalpdbc_20251018.1 already exists. Skipping download.
[2026-01-22T19:13:23.427+0000] {marginalpdbc.py:65} INFO - File bronze/omie/marginalpdbc/2025/10/marginalpdbc_20251019.1 already exists. Skipping download.
[2026-01-22T19:13:23.460+0000] {marginalpdbc.py:65} INFO - File bronze/omie/marginalpdbc/2025/10/marginalpdbc_20251020.1 already exists. Skipping download.
[2026-01-22T19:13:23.480+0000] {marginalpdbc.py:65} INFO - File bronze/omie/marginalpdbc/2025/10/marginalpdbc_20251021.1 already exists. Skipping download.
[2026-01-22T19:13:23.492+0000] {marginalpdbc.py:65} INFO - File bronze/omie/marginalpdbc/2025/10/marginalpdbc_20251022.1 already exists. Skipping download.
[2026-01-22T19:13:23.570+0000] {marginalpdbc.py:65} INFO - File bronze/omie/marginalpdbc/2025/10/marginalpdbc_20251023.1 already exists. Skipping download.
[2026-01-22T19:13:23.598+0000] {marginalpdbc.py:65} INFO - File bronze/omie/marginalpdbc/2025/10/marginalpdbc_20251024.1 already exists. Skipping download.
[2026-01-22T19:13:23.618+0000] {marginalpdbc.py:65} INFO - File bronze/omie/marginalpdbc/2025/10/marginalpdbc_20251025.1 already exists. Skipping download.
[2026-01-22T19:13:23.640+0000] {marginalpdbc.py:65} INFO - File bronze/omie/marginalpdbc/2025/10/marginalpdbc_20251026.1 already exists. Skipping download.
[2026-01-22T19:13:23.656+0000] {marginalpdbc.py:65} INFO - File bronze/omie/marginalpdbc/2025/10/marginalpdbc_20251027.1 already exists. Skipping download.
[2026-01-22T19:13:23.679+0000] {marginalpdbc.py:65} INFO - File bronze/omie/marginalpdbc/2025/10/marginalpdbc_20251028.1 already exists. Skipping download.
[2026-01-22T19:13:23.698+0000] {marginalpdbc.py:65} INFO - File bronze/omie/marginalpdbc/2025/10/marginalpdbc_20251029.1 already exists. Skipping download.
[2026-01-22T19:13:23.720+0000] {omie_client.py:64} INFO - Downloading marginalpdbc_20251030.1 from OMIE...
[2026-01-22T19:13:25.100+0000] {omie_client.py:68} INFO - File marginalpdbc_20251030.1 not found (404).
[2026-01-22T19:13:25.106+0000] {marginalpdbc.py:71} WARNING - Failed to download marginalpdbc_20251030.1
[2026-01-22T19:13:25.172+0000] {marginalpdbc.py:65} INFO - File bronze/omie/marginalpdbc/2025/10/marginalpdbc_20251031.1 already exists. Skipping download.
[2026-01-22T19:13:25.237+0000] {marginalpdbc.py:65} INFO - File bronze/omie/marginalpdbc/2025/11/marginalpdbc_20251101.1 already exists. Skipping download.
[2026-01-22T19:13:25.288+0000] {marginalpdbc.py:65} INFO - File bronze/omie/marginalpdbc/2025/11/marginalpdbc_20251102.1 already exists. Skipping download.
[2026-01-22T19:13:25.308+0000] {marginalpdbc.py:65} INFO - File bronze/omie/marginalpdbc/2025/11/marginalpdbc_20251103.1 already exists. Skipping download.
[2026-01-22T19:13:25.330+0000] {marginalpdbc.py:65} INFO - File bronze/omie/marginalpdbc/2025/11/marginalpdbc_20251104.1 already exists. Skipping download.
[2026-01-22T19:13:25.354+0000] {marginalpdbc.py:65} INFO - File bronze/omie/marginalpdbc/2025/11/marginalpdbc_20251105.1 already exists. Skipping download.
[2026-01-22T19:13:25.387+0000] {marginalpdbc.py:65} INFO - File bronze/omie/marginalpdbc/2025/11/marginalpdbc_20251106.1 already exists. Skipping download.
[2026-01-22T19:13:25.406+0000] {marginalpdbc.py:65} INFO - File bronze/omie/marginalpdbc/2025/11/marginalpdbc_20251107.1 already exists. Skipping download.
[2026-01-22T19:13:25.422+0000] {marginalpdbc.py:65} INFO - File bronze/omie/marginalpdbc/2025/11/marginalpdbc_20251108.1 already exists. Skipping download.
[2026-01-22T19:13:25.430+0000] {marginalpdbc.py:65} INFO - File bronze/omie/marginalpdbc/2025/11/marginalpdbc_20251109.1 already exists. Skipping download.
[2026-01-22T19:13:25.470+0000] {marginalpdbc.py:65} INFO - File bronze/omie/marginalpdbc/2025/11/marginalpdbc_20251110.1 already exists. Skipping download.
[2026-01-22T19:13:25.517+0000] {marginalpdbc.py:65} INFO - File bronze/omie/marginalpdbc/2025/11/marginalpdbc_20251111.1 already exists. Skipping download.
[2026-01-22T19:13:25.560+0000] {marginalpdbc.py:65} INFO - File bronze/omie/marginalpdbc/2025/11/marginalpdbc_20251112.1 already exists. Skipping download.
[2026-01-22T19:13:25.591+0000] {marginalpdbc.py:65} INFO - File bronze/omie/marginalpdbc/2025/11/marginalpdbc_20251113.1 already exists. Skipping download.
[2026-01-22T19:13:25.622+0000] {marginalpdbc.py:65} INFO - File bronze/omie/marginalpdbc/2025/11/marginalpdbc_20251114.1 already exists. Skipping download.
[2026-01-22T19:13:25.658+0000] {marginalpdbc.py:65} INFO - File bronze/omie/marginalpdbc/2025/11/marginalpdbc_20251115.1 already exists. Skipping download.
[2026-01-22T19:13:25.697+0000] {marginalpdbc.py:65} INFO - File bronze/omie/marginalpdbc/2025/11/marginalpdbc_20251116.1 already exists. Skipping download.
[2026-01-22T19:13:25.718+0000] {marginalpdbc.py:65} INFO - File bronze/omie/marginalpdbc/2025/11/marginalpdbc_20251117.1 already exists. Skipping download.
[2026-01-22T19:13:25.739+0000] {marginalpdbc.py:65} INFO - File bronze/omie/marginalpdbc/2025/11/marginalpdbc_20251118.1 already exists. Skipping download.
[2026-01-22T19:13:25.754+0000] {marginalpdbc.py:65} INFO - File bronze/omie/marginalpdbc/2025/11/marginalpdbc_20251119.1 already exists. Skipping download.
[2026-01-22T19:13:25.784+0000] {marginalpdbc.py:65} INFO - File bronze/omie/marginalpdbc/2025/11/marginalpdbc_20251120.1 already exists. Skipping download.
[2026-01-22T19:13:25.810+0000] {marginalpdbc.py:65} INFO - File bronze/omie/marginalpdbc/2025/11/marginalpdbc_20251121.1 already exists. Skipping download.
[2026-01-22T19:13:25.845+0000] {marginalpdbc.py:65} INFO - File bronze/omie/marginalpdbc/2025/11/marginalpdbc_20251122.1 already exists. Skipping download.
[2026-01-22T19:13:25.858+0000] {marginalpdbc.py:65} INFO - File bronze/omie/marginalpdbc/2025/11/marginalpdbc_20251123.1 already exists. Skipping download.
[2026-01-22T19:13:25.883+0000] {marginalpdbc.py:65} INFO - File bronze/omie/marginalpdbc/2025/11/marginalpdbc_20251124.1 already exists. Skipping download.
[2026-01-22T19:13:25.927+0000] {marginalpdbc.py:65} INFO - File bronze/omie/marginalpdbc/2025/11/marginalpdbc_20251125.1 already exists. Skipping download.
[2026-01-22T19:13:25.957+0000] {marginalpdbc.py:65} INFO - File bronze/omie/marginalpdbc/2025/11/marginalpdbc_20251126.1 already exists. Skipping download.
[2026-01-22T19:13:25.979+0000] {omie_client.py:64} INFO - Downloading marginalpdbc_20251127.1 from OMIE...
[2026-01-22T19:13:26.912+0000] {omie_client.py:68} INFO - File marginalpdbc_20251127.1 not found (404).
[2026-01-22T19:13:26.918+0000] {marginalpdbc.py:71} WARNING - Failed to download marginalpdbc_20251127.1
[2026-01-22T19:13:26.934+0000] {marginalpdbc.py:65} INFO - File bronze/omie/marginalpdbc/2025/11/marginalpdbc_20251128.1 already exists. Skipping download.
[2026-01-22T19:13:26.970+0000] {marginalpdbc.py:65} INFO - File bronze/omie/marginalpdbc/2025/11/marginalpdbc_20251129.1 already exists. Skipping download.
[2026-01-22T19:13:26.984+0000] {marginalpdbc.py:65} INFO - File bronze/omie/marginalpdbc/2025/11/marginalpdbc_20251130.1 already exists. Skipping download.
[2026-01-22T19:13:27.020+0000] {marginalpdbc.py:65} INFO - File bronze/omie/marginalpdbc/2025/12/marginalpdbc_20251201.1 already exists. Skipping download.
[2026-01-22T19:13:27.057+0000] {marginalpdbc.py:65} INFO - File bronze/omie/marginalpdbc/2025/12/marginalpdbc_20251202.1 already exists. Skipping download.
[2026-01-22T19:13:27.111+0000] {marginalpdbc.py:65} INFO - File bronze/omie/marginalpdbc/2025/12/marginalpdbc_20251203.1 already exists. Skipping download.
[2026-01-22T19:13:27.153+0000] {marginalpdbc.py:65} INFO - File bronze/omie/marginalpdbc/2025/12/marginalpdbc_20251204.1 already exists. Skipping download.
[2026-01-22T19:13:27.193+0000] {marginalpdbc.py:65} INFO - File bronze/omie/marginalpdbc/2025/12/marginalpdbc_20251205.1 already exists. Skipping download.
[2026-01-22T19:13:27.230+0000] {marginalpdbc.py:65} INFO - File bronze/omie/marginalpdbc/2025/12/marginalpdbc_20251206.1 already exists. Skipping download.
[2026-01-22T19:13:27.251+0000] {marginalpdbc.py:65} INFO - File bronze/omie/marginalpdbc/2025/12/marginalpdbc_20251207.1 already exists. Skipping download.
[2026-01-22T19:13:27.281+0000] {marginalpdbc.py:65} INFO - File bronze/omie/marginalpdbc/2025/12/marginalpdbc_20251208.1 already exists. Skipping download.
[2026-01-22T19:13:27.332+0000] {marginalpdbc.py:65} INFO - File bronze/omie/marginalpdbc/2025/12/marginalpdbc_20251209.1 already exists. Skipping download.
[2026-01-22T19:13:27.369+0000] {marginalpdbc.py:65} INFO - File bronze/omie/marginalpdbc/2025/12/marginalpdbc_20251210.1 already exists. Skipping download.
[2026-01-22T19:13:27.386+0000] {marginalpdbc.py:65} INFO - File bronze/omie/marginalpdbc/2025/12/marginalpdbc_20251211.1 already exists. Skipping download.
[2026-01-22T19:13:27.479+0000] {marginalpdbc.py:65} INFO - File bronze/omie/marginalpdbc/2025/12/marginalpdbc_20251212.1 already exists. Skipping download.
[2026-01-22T19:13:27.536+0000] {marginalpdbc.py:65} INFO - File bronze/omie/marginalpdbc/2025/12/marginalpdbc_20251213.1 already exists. Skipping download.
[2026-01-22T19:13:27.582+0000] {marginalpdbc.py:65} INFO - File bronze/omie/marginalpdbc/2025/12/marginalpdbc_20251214.1 already exists. Skipping download.
[2026-01-22T19:13:27.636+0000] {marginalpdbc.py:65} INFO - File bronze/omie/marginalpdbc/2025/12/marginalpdbc_20251215.1 already exists. Skipping download.
[2026-01-22T19:13:27.668+0000] {marginalpdbc.py:65} INFO - File bronze/omie/marginalpdbc/2025/12/marginalpdbc_20251216.1 already exists. Skipping download.
[2026-01-22T19:13:27.697+0000] {marginalpdbc.py:65} INFO - File bronze/omie/marginalpdbc/2025/12/marginalpdbc_20251217.1 already exists. Skipping download.
[2026-01-22T19:13:27.717+0000] {marginalpdbc.py:65} INFO - File bronze/omie/marginalpdbc/2025/12/marginalpdbc_20251218.1 already exists. Skipping download.
[2026-01-22T19:13:27.750+0000] {marginalpdbc.py:65} INFO - File bronze/omie/marginalpdbc/2025/12/marginalpdbc_20251219.1 already exists. Skipping download.
[2026-01-22T19:13:27.776+0000] {marginalpdbc.py:65} INFO - File bronze/omie/marginalpdbc/2025/12/marginalpdbc_20251220.1 already exists. Skipping download.
[2026-01-22T19:13:27.804+0000] {marginalpdbc.py:65} INFO - File bronze/omie/marginalpdbc/2025/12/marginalpdbc_20251221.1 already exists. Skipping download.
[2026-01-22T19:13:27.821+0000] {marginalpdbc.py:65} INFO - File bronze/omie/marginalpdbc/2025/12/marginalpdbc_20251222.1 already exists. Skipping download.
[2026-01-22T19:13:27.849+0000] {marginalpdbc.py:65} INFO - File bronze/omie/marginalpdbc/2025/12/marginalpdbc_20251223.1 already exists. Skipping download.
[2026-01-22T19:13:27.873+0000] {marginalpdbc.py:65} INFO - File bronze/omie/marginalpdbc/2025/12/marginalpdbc_20251224.1 already exists. Skipping download.
[2026-01-22T19:13:27.899+0000] {marginalpdbc.py:65} INFO - File bronze/omie/marginalpdbc/2025/12/marginalpdbc_20251225.1 already exists. Skipping download.
[2026-01-22T19:13:27.918+0000] {marginalpdbc.py:65} INFO - File bronze/omie/marginalpdbc/2025/12/marginalpdbc_20251226.1 already exists. Skipping download.
[2026-01-22T19:13:27.939+0000] {marginalpdbc.py:65} INFO - File bronze/omie/marginalpdbc/2025/12/marginalpdbc_20251227.1 already exists. Skipping download.
[2026-01-22T19:13:27.968+0000] {marginalpdbc.py:65} INFO - File bronze/omie/marginalpdbc/2025/12/marginalpdbc_20251228.1 already exists. Skipping download.
[2026-01-22T19:13:28.014+0000] {marginalpdbc.py:65} INFO - File bronze/omie/marginalpdbc/2025/12/marginalpdbc_20251229.1 already exists. Skipping download.
[2026-01-22T19:13:28.044+0000] {marginalpdbc.py:65} INFO - File bronze/omie/marginalpdbc/2025/12/marginalpdbc_20251230.1 already exists. Skipping download.
[2026-01-22T19:13:28.066+0000] {marginalpdbc.py:65} INFO - File bronze/omie/marginalpdbc/2025/12/marginalpdbc_20251231.1 already exists. Skipping download.
[2026-01-22T19:13:28.111+0000] {marginalpdbc.py:65} INFO - File bronze/omie/marginalpdbc/2026/01/marginalpdbc_20260101.1 already exists. Skipping download.
[2026-01-22T19:13:28.132+0000] {marginalpdbc.py:65} INFO - File bronze/omie/marginalpdbc/2026/01/marginalpdbc_20260102.1 already exists. Skipping download.
[2026-01-22T19:13:28.152+0000] {marginalpdbc.py:65} INFO - File bronze/omie/marginalpdbc/2026/01/marginalpdbc_20260103.1 already exists. Skipping download.
[2026-01-22T19:13:28.169+0000] {marginalpdbc.py:65} INFO - File bronze/omie/marginalpdbc/2026/01/marginalpdbc_20260104.1 already exists. Skipping download.
[2026-01-22T19:13:28.212+0000] {marginalpdbc.py:65} INFO - File bronze/omie/marginalpdbc/2026/01/marginalpdbc_20260105.1 already exists. Skipping download.
[2026-01-22T19:13:28.247+0000] {marginalpdbc.py:65} INFO - File bronze/omie/marginalpdbc/2026/01/marginalpdbc_20260106.1 already exists. Skipping download.
[2026-01-22T19:13:28.313+0000] {marginalpdbc.py:65} INFO - File bronze/omie/marginalpdbc/2026/01/marginalpdbc_20260107.1 already exists. Skipping download.
[2026-01-22T19:13:28.338+0000] {marginalpdbc.py:65} INFO - File bronze/omie/marginalpdbc/2026/01/marginalpdbc_20260108.1 already exists. Skipping download.
[2026-01-22T19:13:28.372+0000] {marginalpdbc.py:65} INFO - File bronze/omie/marginalpdbc/2026/01/marginalpdbc_20260109.1 already exists. Skipping download.
[2026-01-22T19:13:28.436+0000] {marginalpdbc.py:65} INFO - File bronze/omie/marginalpdbc/2026/01/marginalpdbc_20260110.1 already exists. Skipping download.
[2026-01-22T19:13:28.473+0000] {marginalpdbc.py:65} INFO - File bronze/omie/marginalpdbc/2026/01/marginalpdbc_20260111.1 already exists. Skipping download.
[2026-01-22T19:13:28.486+0000] {marginalpdbc.py:65} INFO - File bronze/omie/marginalpdbc/2026/01/marginalpdbc_20260112.1 already exists. Skipping download.
[2026-01-22T19:13:28.504+0000] {marginalpdbc.py:65} INFO - File bronze/omie/marginalpdbc/2026/01/marginalpdbc_20260113.1 already exists. Skipping download.
[2026-01-22T19:13:28.519+0000] {marginalpdbc.py:65} INFO - File bronze/omie/marginalpdbc/2026/01/marginalpdbc_20260114.1 already exists. Skipping download.
[2026-01-22T19:13:28.531+0000] {marginalpdbc.py:65} INFO - File bronze/omie/marginalpdbc/2026/01/marginalpdbc_20260115.1 already exists. Skipping download.
[2026-01-22T19:13:28.563+0000] {marginalpdbc.py:65} INFO - File bronze/omie/marginalpdbc/2026/01/marginalpdbc_20260116.1 already exists. Skipping download.
[2026-01-22T19:13:28.582+0000] {marginalpdbc.py:65} INFO - File bronze/omie/marginalpdbc/2026/01/marginalpdbc_20260117.1 already exists. Skipping download.
[2026-01-22T19:13:28.609+0000] {marginalpdbc.py:65} INFO - File bronze/omie/marginalpdbc/2026/01/marginalpdbc_20260118.1 already exists. Skipping download.
[2026-01-22T19:13:28.645+0000] {marginalpdbc.py:65} INFO - File bronze/omie/marginalpdbc/2026/01/marginalpdbc_20260119.1 already exists. Skipping download.
[2026-01-22T19:13:28.670+0000] {marginalpdbc.py:65} INFO - File bronze/omie/marginalpdbc/2026/01/marginalpdbc_20260120.1 already exists. Skipping download.
[2026-01-22T19:13:28.686+0000] {marginalpdbc.py:65} INFO - File bronze/omie/marginalpdbc/2026/01/marginalpdbc_20260121.1 already exists. Skipping download.
[2026-01-22T19:13:28.711+0000] {marginalpdbc.py:65} INFO - File bronze/omie/marginalpdbc/2026/01/marginalpdbc_20260122.1 already exists. Skipping download.
[2026-01-22T19:13:28.713+0000] {python.py:237} INFO - Done. Returned value was: {'start': '2025-01-01', 'end': '2026-01-22'}
[2026-01-22T19:13:28.716+0000] {taskinstance.py:441} INFO - ::group::Post task execution logs
[2026-01-22T19:13:28.904+0000] {taskinstance.py:1206} INFO - Marking task as SUCCESS. dag_id=omie_pipeline, task_id=download_marginal_pdbc, run_id=manual__2026-01-22T19:12:31.807662+00:00, execution_date=20260122T191231, start_date=20260122T191311, end_date=20260122T191328
[2026-01-22T19:13:29.148+0000] {local_task_job_runner.py:240} INFO - Task exited with return code 0
[2026-01-22T19:13:29.457+0000] {taskinstance.py:3503} INFO - 1 downstream tasks scheduled from follow-on schedule check
[2026-01-22T19:13:29.472+0000] {local_task_job_runner.py:222} INFO - ::endgroup::
