[2026-01-20T18:54:59.915+0000] {local_task_job_runner.py:120} INFO - ::group::Pre task execution logs
[2026-01-20T18:55:00.000+0000] {taskinstance.py:2076} INFO - Dependencies all met for dep_context=non-requeueable deps ti=<TaskInstance: omie_pipeline.download_marginal_pibc scheduled__2026-01-19T08:30:00+00:00 [queued]>
[2026-01-20T18:55:00.030+0000] {taskinstance.py:2076} INFO - Dependencies all met for dep_context=requeueable deps ti=<TaskInstance: omie_pipeline.download_marginal_pibc scheduled__2026-01-19T08:30:00+00:00 [queued]>
[2026-01-20T18:55:00.036+0000] {taskinstance.py:2306} INFO - Starting attempt 1 of 2
[2026-01-20T18:55:00.073+0000] {taskinstance.py:2330} INFO - Executing <Task(PythonOperator): download_marginal_pibc> on 2026-01-19 08:30:00+00:00
[2026-01-20T18:55:00.117+0000] {standard_task_runner.py:90} INFO - Running: ['***', 'tasks', 'run', 'omie_pipeline', 'download_marginal_pibc', 'scheduled__2026-01-19T08:30:00+00:00', '--job-id', '15', '--raw', '--subdir', 'DAGS_FOLDER/omie_dag.py', '--cfg-path', '/tmp/tmpp2a4rvth']
[2026-01-20T18:55:00.114+0000] {standard_task_runner.py:63} INFO - Started process 725 to run task
[2026-01-20T18:55:00.123+0000] {standard_task_runner.py:91} INFO - Job 15: Subtask download_marginal_pibc
[2026-01-20T18:55:00.294+0000] {task_command.py:426} INFO - Running <TaskInstance: omie_pipeline.download_marginal_pibc scheduled__2026-01-19T08:30:00+00:00 [running]> on host d1a9e72e2525
[2026-01-20T18:55:00.535+0000] {taskinstance.py:2648} INFO - Exporting env vars: AIRFLOW_CTX_DAG_OWNER='***' AIRFLOW_CTX_DAG_ID='omie_pipeline' AIRFLOW_CTX_TASK_ID='download_marginal_pibc' AIRFLOW_CTX_EXECUTION_DATE='2026-01-19T08:30:00+00:00' AIRFLOW_CTX_TRY_NUMBER='1' AIRFLOW_CTX_DAG_RUN_ID='scheduled__2026-01-19T08:30:00+00:00'
[2026-01-20T18:55:00.541+0000] {taskinstance.py:430} INFO - ::endgroup::
[2026-01-20T18:55:00.566+0000] {logging_mixin.py:188} INFO - Downloading download_marginalpibc from 2026-01-19 08:30:00+00:00 to 2026-01-19 08:30:00+00:00
[2026-01-20T18:55:00.589+0000] {omie_client.py:64} INFO - Downloading marginalpibc_2026.zip from OMIE...
[2026-01-20T18:55:01.120+0000] {omie_client.py:68} INFO - File marginalpibc_2026.zip not found (404).
[2026-01-20T18:55:01.159+0000] {omie_client.py:64} INFO - Downloading marginalpibc_2026011901.1 from OMIE...
[2026-01-20T18:55:01.555+0000] {filesystem.py:48} INFO - Saved file to /opt/***/local_data/bronze/omie/marginalpibc/2026/01/marginalpibc_2026011901.1
[2026-01-20T18:55:01.560+0000] {omie_client.py:64} INFO - Downloading marginalpibc_2026011902.1 from OMIE...
[2026-01-20T18:55:02.054+0000] {filesystem.py:48} INFO - Saved file to /opt/***/local_data/bronze/omie/marginalpibc/2026/01/marginalpibc_2026011902.1
[2026-01-20T18:55:02.059+0000] {omie_client.py:64} INFO - Downloading marginalpibc_2026011903.1 from OMIE...
[2026-01-20T18:55:02.486+0000] {filesystem.py:48} INFO - Saved file to /opt/***/local_data/bronze/omie/marginalpibc/2026/01/marginalpibc_2026011903.1
[2026-01-20T18:55:02.529+0000] {python.py:237} INFO - Done. Returned value was: {'start': '2026-01-19', 'end': '2026-01-19'}
[2026-01-20T18:55:02.531+0000] {taskinstance.py:441} INFO - ::group::Post task execution logs
[2026-01-20T18:55:02.576+0000] {taskinstance.py:1206} INFO - Marking task as SUCCESS. dag_id=omie_pipeline, task_id=download_marginal_pibc, run_id=scheduled__2026-01-19T08:30:00+00:00, execution_date=20260119T083000, start_date=20260120T185500, end_date=20260120T185502
[2026-01-20T18:55:02.623+0000] {local_task_job_runner.py:240} INFO - Task exited with return code 0
[2026-01-20T18:55:02.689+0000] {taskinstance.py:3503} INFO - 1 downstream tasks scheduled from follow-on schedule check
[2026-01-20T18:55:02.694+0000] {local_task_job_runner.py:222} INFO - ::endgroup::
