[2026-01-20T18:58:30.583+0000] {local_task_job_runner.py:120} INFO - ::group::Pre task execution logs
[2026-01-20T18:58:30.652+0000] {taskinstance.py:2076} INFO - Dependencies all met for dep_context=non-requeueable deps ti=<TaskInstance: omie_pipeline.download_marginal_pdbc manual__2026-01-20T18:58:28.253663+00:00 [queued]>
[2026-01-20T18:58:30.675+0000] {taskinstance.py:2076} INFO - Dependencies all met for dep_context=requeueable deps ti=<TaskInstance: omie_pipeline.download_marginal_pdbc manual__2026-01-20T18:58:28.253663+00:00 [queued]>
[2026-01-20T18:58:30.677+0000] {taskinstance.py:2306} INFO - Starting attempt 1 of 2
[2026-01-20T18:58:30.713+0000] {taskinstance.py:2330} INFO - Executing <Task(PythonOperator): download_marginal_pdbc> on 2026-01-20 18:58:28.253663+00:00
[2026-01-20T18:58:30.725+0000] {standard_task_runner.py:63} INFO - Started process 943 to run task
[2026-01-20T18:58:30.732+0000] {standard_task_runner.py:90} INFO - Running: ['***', 'tasks', 'run', 'omie_pipeline', 'download_marginal_pdbc', 'manual__2026-01-20T18:58:28.253663+00:00', '--job-id', '32', '--raw', '--subdir', 'DAGS_FOLDER/omie_dag.py', '--cfg-path', '/tmp/tmpaj4yq87p']
[2026-01-20T18:58:30.736+0000] {standard_task_runner.py:91} INFO - Job 32: Subtask download_marginal_pdbc
[2026-01-20T18:58:30.842+0000] {task_command.py:426} INFO - Running <TaskInstance: omie_pipeline.download_marginal_pdbc manual__2026-01-20T18:58:28.253663+00:00 [running]> on host d1a9e72e2525
[2026-01-20T18:58:31.014+0000] {taskinstance.py:2648} INFO - Exporting env vars: AIRFLOW_CTX_DAG_OWNER='***' AIRFLOW_CTX_DAG_ID='omie_pipeline' AIRFLOW_CTX_TASK_ID='download_marginal_pdbc' AIRFLOW_CTX_EXECUTION_DATE='2026-01-20T18:58:28.253663+00:00' AIRFLOW_CTX_TRY_NUMBER='1' AIRFLOW_CTX_DAG_RUN_ID='manual__2026-01-20T18:58:28.253663+00:00'
[2026-01-20T18:58:31.016+0000] {taskinstance.py:430} INFO - ::endgroup::
[2026-01-20T18:58:31.039+0000] {logging_mixin.py:188} INFO - Downloading download_marginalpdbc from 2026-01-20 18:58:28.253663+00:00 to 2026-01-20 18:58:28.253663+00:00
[2026-01-20T18:58:31.047+0000] {omie_client.py:64} INFO - Downloading marginalpdbc_20260120.1 from OMIE...
[2026-01-20T18:58:31.417+0000] {filesystem.py:48} INFO - Saved file to /opt/***/local_data/bronze/omie/marginalpdbc/2026/01/marginalpdbc_20260120.1
[2026-01-20T18:58:31.428+0000] {python.py:237} INFO - Done. Returned value was: {'start': '2026-01-20', 'end': '2026-01-20'}
[2026-01-20T18:58:31.429+0000] {taskinstance.py:441} INFO - ::group::Post task execution logs
[2026-01-20T18:58:31.460+0000] {taskinstance.py:1206} INFO - Marking task as SUCCESS. dag_id=omie_pipeline, task_id=download_marginal_pdbc, run_id=manual__2026-01-20T18:58:28.253663+00:00, execution_date=20260120T185828, start_date=20260120T185830, end_date=20260120T185831
[2026-01-20T18:58:31.515+0000] {local_task_job_runner.py:240} INFO - Task exited with return code 0
[2026-01-20T18:58:31.546+0000] {taskinstance.py:3503} INFO - 1 downstream tasks scheduled from follow-on schedule check
[2026-01-20T18:58:31.549+0000] {local_task_job_runner.py:222} INFO - ::endgroup::
