[2026-01-20T19:47:20.226+0000] {local_task_job_runner.py:120} INFO - ::group::Pre task execution logs
[2026-01-20T19:47:20.282+0000] {taskinstance.py:2076} INFO - Dependencies all met for dep_context=non-requeueable deps ti=<TaskInstance: omie_pipeline.download_marginal_pdbc manual__2026-01-20T19:47:18.986030+00:00 [queued]>
[2026-01-20T19:47:20.296+0000] {taskinstance.py:2076} INFO - Dependencies all met for dep_context=requeueable deps ti=<TaskInstance: omie_pipeline.download_marginal_pdbc manual__2026-01-20T19:47:18.986030+00:00 [queued]>
[2026-01-20T19:47:20.298+0000] {taskinstance.py:2306} INFO - Starting attempt 1 of 2
[2026-01-20T19:47:20.317+0000] {taskinstance.py:2330} INFO - Executing <Task(PythonOperator): download_marginal_pdbc> on 2026-01-20 19:47:18.986030+00:00
[2026-01-20T19:47:20.331+0000] {standard_task_runner.py:63} INFO - Started process 2874 to run task
[2026-01-20T19:47:20.337+0000] {standard_task_runner.py:90} INFO - Running: ['***', 'tasks', 'run', 'omie_pipeline', 'download_marginal_pdbc', 'manual__2026-01-20T19:47:18.986030+00:00', '--job-id', '62', '--raw', '--subdir', 'DAGS_FOLDER/omie_dag.py', '--cfg-path', '/tmp/tmp58c9hlve']
[2026-01-20T19:47:20.342+0000] {standard_task_runner.py:91} INFO - Job 62: Subtask download_marginal_pdbc
[2026-01-20T19:47:20.465+0000] {task_command.py:426} INFO - Running <TaskInstance: omie_pipeline.download_marginal_pdbc manual__2026-01-20T19:47:18.986030+00:00 [running]> on host d1a9e72e2525
[2026-01-20T19:47:20.617+0000] {taskinstance.py:2648} INFO - Exporting env vars: AIRFLOW_CTX_DAG_OWNER='***' AIRFLOW_CTX_DAG_ID='omie_pipeline' AIRFLOW_CTX_TASK_ID='download_marginal_pdbc' AIRFLOW_CTX_EXECUTION_DATE='2026-01-20T19:47:18.986030+00:00' AIRFLOW_CTX_TRY_NUMBER='1' AIRFLOW_CTX_DAG_RUN_ID='manual__2026-01-20T19:47:18.986030+00:00'
[2026-01-20T19:47:20.619+0000] {taskinstance.py:430} INFO - ::endgroup::
[2026-01-20T19:47:20.644+0000] {logging_mixin.py:188} INFO - Downloading download_marginalpdbc from 2026-01-20 19:47:18.986030+00:00 to 2026-01-20 19:47:18.986030+00:00
[2026-01-20T19:47:20.648+0000] {taskinstance.py:441} INFO - ::group::Post task execution logs
[2026-01-20T19:47:20.649+0000] {taskinstance.py:2905} ERROR - Task failed with exception
Traceback (most recent call last):
  File "/home/airflow/.local/lib/python3.10/site-packages/airflow/models/taskinstance.py", line 465, in _execute_task
    result = _execute_callable(context=context, **execute_callable_kwargs)
  File "/home/airflow/.local/lib/python3.10/site-packages/airflow/models/taskinstance.py", line 432, in _execute_callable
    return execute_callable(context=context, **execute_callable_kwargs)
  File "/home/airflow/.local/lib/python3.10/site-packages/airflow/models/baseoperator.py", line 401, in wrapper
    return func(self, *args, **kwargs)
  File "/home/airflow/.local/lib/python3.10/site-packages/airflow/operators/python.py", line 235, in execute
    return_value = self.execute_callable()
  File "/home/airflow/.local/lib/python3.10/site-packages/airflow/operators/python.py", line 252, in execute_callable
    return self.python_callable(*self.op_args, **self.op_kwargs)
  File "/opt/airflow/dags/omie_dag.py", line 83, in _download_task
    download_func(s_date, e_date)
  File "/opt/airflow/src/bronze/omie/marginalpdbc.py", line 39, in download_marginalpdbc
    while current_date <= end_date:
TypeError: can't compare offset-naive and offset-aware datetimes
[2026-01-20T19:47:20.682+0000] {taskinstance.py:1206} INFO - Marking task as UP_FOR_RETRY. dag_id=omie_pipeline, task_id=download_marginal_pdbc, run_id=manual__2026-01-20T19:47:18.986030+00:00, execution_date=20260120T194718, start_date=20260120T194720, end_date=20260120T194720
[2026-01-20T19:47:20.704+0000] {standard_task_runner.py:110} ERROR - Failed to execute job 62 for task download_marginal_pdbc (can't compare offset-naive and offset-aware datetimes; 2874)
[2026-01-20T19:47:20.759+0000] {local_task_job_runner.py:240} INFO - Task exited with return code 1
[2026-01-20T19:47:20.803+0000] {taskinstance.py:3503} INFO - 0 downstream tasks scheduled from follow-on schedule check
[2026-01-20T19:47:20.808+0000] {local_task_job_runner.py:222} INFO - ::endgroup::
