[2026-01-23T16:09:45.003+0000] {local_task_job_runner.py:120} INFO - ::group::Pre task execution logs
[2026-01-23T16:09:45.492+0000] {taskinstance.py:2076} INFO - Dependencies all met for dep_context=non-requeueable deps ti=<TaskInstance: omie_pipeline.process_pdbf manual__2026-01-22T18:29:12.380731+00:00 [queued]>
[2026-01-23T16:09:45.670+0000] {taskinstance.py:2076} INFO - Dependencies all met for dep_context=requeueable deps ti=<TaskInstance: omie_pipeline.process_pdbf manual__2026-01-22T18:29:12.380731+00:00 [queued]>
[2026-01-23T16:09:45.673+0000] {taskinstance.py:2306} INFO - Starting attempt 2 of 2
[2026-01-23T16:09:45.933+0000] {taskinstance.py:2330} INFO - Executing <Task(PythonOperator): process_pdbf> on 2026-01-22 18:29:12.380731+00:00
[2026-01-23T16:09:45.992+0000] {standard_task_runner.py:63} INFO - Started process 264 to run task
[2026-01-23T16:09:46.004+0000] {standard_task_runner.py:90} INFO - Running: ['***', 'tasks', 'run', 'omie_pipeline', 'process_pdbf', 'manual__2026-01-22T18:29:12.380731+00:00', '--job-id', '178', '--raw', '--subdir', 'DAGS_FOLDER/omie_dag.py', '--cfg-path', '/tmp/tmpv9dznbt4']
[2026-01-23T16:09:46.020+0000] {standard_task_runner.py:91} INFO - Job 178: Subtask process_pdbf
[2026-01-23T16:09:46.587+0000] {task_command.py:426} INFO - Running <TaskInstance: omie_pipeline.process_pdbf manual__2026-01-22T18:29:12.380731+00:00 [running]> on host 2aff4151de2d
[2026-01-23T16:09:47.422+0000] {taskinstance.py:2648} INFO - Exporting env vars: AIRFLOW_CTX_DAG_OWNER='***' AIRFLOW_CTX_DAG_ID='omie_pipeline' AIRFLOW_CTX_TASK_ID='process_pdbf' AIRFLOW_CTX_EXECUTION_DATE='2026-01-22T18:29:12.380731+00:00' AIRFLOW_CTX_TRY_NUMBER='2' AIRFLOW_CTX_DAG_RUN_ID='manual__2026-01-22T18:29:12.380731+00:00'
[2026-01-23T16:09:47.429+0000] {taskinstance.py:430} INFO - ::endgroup::
[2026-01-23T16:09:47.497+0000] {logging_mixin.py:188} INFO - Processing process_pdbf for 2025-01-01 00:00:00 - 2026-01-22 00:00:00
[2026-01-23T16:11:04.603+0000] {filesystem.py:48} INFO - Saved file to /opt/***/local_data/silver/omie/pdbf/2025/01/20250101.parquet
[2026-01-23T16:12:07.518+0000] {database.py:186} INFO - Inserted 43631 rows into 'omie.pdbf'.
[2026-01-23T16:12:07.524+0000] {pdbf.py:132} INFO - Processed pdbf for 20250101
[2026-01-23T16:12:08.029+0000] {filesystem.py:48} INFO - Saved file to /opt/***/local_data/silver/omie/pdbf/2025/01/20250102.parquet
[2026-01-23T16:13:22.369+0000] {database.py:189} ERROR - Error during bulk insert into omie.pdbf: duplicate key value violates unique constraint "pdbf_pkey"
DETAIL:  Key (anio, mes, dia, periodo, codigo_uof, codigo_oferta)=(2025, 1, 2, 1, ABA1, 9333538) already exists.
CONTEXT:  COPY pdbf, line 1

[2026-01-23T16:13:22.371+0000] {pdbf.py:134} ERROR - Error processing zip bronze/omie/pdbf/2025/pdbf_202501.zip: duplicate key value violates unique constraint "pdbf_pkey"
DETAIL:  Key (anio, mes, dia, periodo, codigo_uof, codigo_oferta)=(2025, 1, 2, 1, ABA1, 9333538) already exists.
CONTEXT:  COPY pdbf, line 1

[2026-01-23T16:13:22.821+0000] {filesystem.py:48} INFO - Saved file to /opt/***/local_data/silver/omie/pdbf/2025/01/20250103.parquet
[2026-01-23T16:14:44.503+0000] {database.py:189} ERROR - Error during bulk insert into omie.pdbf: duplicate key value violates unique constraint "pdbf_pkey"
DETAIL:  Key (anio, mes, dia, periodo, codigo_uof, codigo_oferta)=(2025, 1, 3, 1, ABA1, 9334420) already exists.
CONTEXT:  COPY pdbf, line 1

[2026-01-23T16:14:44.505+0000] {pdbf.py:134} ERROR - Error processing zip bronze/omie/pdbf/2025/pdbf_202501.zip: duplicate key value violates unique constraint "pdbf_pkey"
DETAIL:  Key (anio, mes, dia, periodo, codigo_uof, codigo_oferta)=(2025, 1, 3, 1, ABA1, 9334420) already exists.
CONTEXT:  COPY pdbf, line 1

[2026-01-23T16:14:44.911+0000] {filesystem.py:48} INFO - Saved file to /opt/***/local_data/silver/omie/pdbf/2025/01/20250104.parquet
[2026-01-23T16:16:28.525+0000] {database.py:189} ERROR - Error during bulk insert into omie.pdbf: duplicate key value violates unique constraint "pdbf_pkey"
DETAIL:  Key (anio, mes, dia, periodo, codigo_uof, codigo_oferta)=(2025, 1, 4, 1, ABA1, 9334475) already exists.
CONTEXT:  COPY pdbf, line 1

[2026-01-23T16:16:29.247+0000] {pdbf.py:134} ERROR - Error processing zip bronze/omie/pdbf/2025/pdbf_202501.zip: duplicate key value violates unique constraint "pdbf_pkey"
DETAIL:  Key (anio, mes, dia, periodo, codigo_uof, codigo_oferta)=(2025, 1, 4, 1, ABA1, 9334475) already exists.
CONTEXT:  COPY pdbf, line 1

[2026-01-23T16:16:39.089+0000] {filesystem.py:48} INFO - Saved file to /opt/***/local_data/silver/omie/pdbf/2025/01/20250105.parquet
[2026-01-23T16:18:19.927+0000] {database.py:186} INFO - Inserted 47211 rows into 'omie.pdbf'.
[2026-01-23T16:18:19.956+0000] {pdbf.py:132} INFO - Processed pdbf for 20250105
[2026-01-23T16:18:23.030+0000] {filesystem.py:48} INFO - Saved file to /opt/***/local_data/silver/omie/pdbf/2025/01/20250106.parquet
[2026-01-23T16:19:28.023+0000] {database.py:189} ERROR - Error during bulk insert into omie.pdbf: duplicate key value violates unique constraint "pdbf_pkey"
DETAIL:  Key (anio, mes, dia, periodo, codigo_uof, codigo_oferta)=(2025, 1, 6, 1, ABA1, 9341643) already exists.
CONTEXT:  COPY pdbf, line 1

[2026-01-23T16:19:28.026+0000] {pdbf.py:134} ERROR - Error processing zip bronze/omie/pdbf/2025/pdbf_202501.zip: duplicate key value violates unique constraint "pdbf_pkey"
DETAIL:  Key (anio, mes, dia, periodo, codigo_uof, codigo_oferta)=(2025, 1, 6, 1, ABA1, 9341643) already exists.
CONTEXT:  COPY pdbf, line 1

[2026-01-23T16:19:28.543+0000] {filesystem.py:48} INFO - Saved file to /opt/***/local_data/silver/omie/pdbf/2025/01/20250107.parquet
