[2026-01-22T18:29:52.603+0000] {local_task_job_runner.py:120} INFO - ::group::Pre task execution logs
[2026-01-22T18:29:53.066+0000] {taskinstance.py:2076} INFO - Dependencies all met for dep_context=non-requeueable deps ti=<TaskInstance: omie_pipeline.process_pdbf manual__2026-01-22T18:29:12.380731+00:00 [queued]>
[2026-01-22T18:29:53.187+0000] {taskinstance.py:2076} INFO - Dependencies all met for dep_context=requeueable deps ti=<TaskInstance: omie_pipeline.process_pdbf manual__2026-01-22T18:29:12.380731+00:00 [queued]>
[2026-01-22T18:29:53.201+0000] {taskinstance.py:2306} INFO - Starting attempt 1 of 2
[2026-01-22T18:29:53.445+0000] {taskinstance.py:2330} INFO - Executing <Task(PythonOperator): process_pdbf> on 2026-01-22 18:29:12.380731+00:00
[2026-01-22T18:29:53.535+0000] {standard_task_runner.py:63} INFO - Started process 411 to run task
[2026-01-22T18:29:53.579+0000] {standard_task_runner.py:90} INFO - Running: ['***', 'tasks', 'run', 'omie_pipeline', 'process_pdbf', 'manual__2026-01-22T18:29:12.380731+00:00', '--job-id', '141', '--raw', '--subdir', 'DAGS_FOLDER/omie_dag.py', '--cfg-path', '/tmp/tmp5m7ecjwt']
[2026-01-22T18:29:53.613+0000] {standard_task_runner.py:91} INFO - Job 141: Subtask process_pdbf
[2026-01-22T18:29:54.276+0000] {task_command.py:426} INFO - Running <TaskInstance: omie_pipeline.process_pdbf manual__2026-01-22T18:29:12.380731+00:00 [running]> on host 2aff4151de2d
[2026-01-22T18:29:55.202+0000] {taskinstance.py:2648} INFO - Exporting env vars: AIRFLOW_CTX_DAG_OWNER='***' AIRFLOW_CTX_DAG_ID='omie_pipeline' AIRFLOW_CTX_TASK_ID='process_pdbf' AIRFLOW_CTX_EXECUTION_DATE='2026-01-22T18:29:12.380731+00:00' AIRFLOW_CTX_TRY_NUMBER='1' AIRFLOW_CTX_DAG_RUN_ID='manual__2026-01-22T18:29:12.380731+00:00'
[2026-01-22T18:29:55.217+0000] {taskinstance.py:430} INFO - ::endgroup::
[2026-01-22T18:29:55.414+0000] {logging_mixin.py:188} INFO - Processing process_pdbf for 2025-01-01 00:00:00 - 2026-01-22 00:00:00
[2026-01-22T18:33:06.142+0000] {filesystem.py:48} INFO - Saved file to /opt/***/local_data/silver/omie/pdbf/2025/01/20250101.parquet
[2026-01-22T18:34:40.789+0000] {database.py:186} INFO - Inserted 43631 rows into 'omie.pdbf'.
[2026-01-22T18:34:40.805+0000] {pdbf.py:132} INFO - Processed pdbf for 20250101
[2026-01-22T18:34:42.189+0000] {filesystem.py:48} INFO - Saved file to /opt/***/local_data/silver/omie/pdbf/2025/01/20250102.parquet
[2026-01-22T18:36:52.928+0000] {database.py:186} INFO - Inserted 47170 rows into 'omie.pdbf'.
[2026-01-22T18:36:52.946+0000] {pdbf.py:132} INFO - Processed pdbf for 20250102
[2026-01-22T18:36:55.854+0000] {filesystem.py:48} INFO - Saved file to /opt/***/local_data/silver/omie/pdbf/2025/01/20250103.parquet
[2026-01-22T18:38:33.876+0000] {database.py:186} INFO - Inserted 47631 rows into 'omie.pdbf'.
[2026-01-22T18:38:33.896+0000] {pdbf.py:132} INFO - Processed pdbf for 20250103
[2026-01-22T18:38:35.307+0000] {filesystem.py:48} INFO - Saved file to /opt/***/local_data/silver/omie/pdbf/2025/01/20250104.parquet
[2026-01-22T18:39:57.780+0000] {database.py:189} ERROR - Error during bulk insert into omie.pdbf: duplicate key value violates unique constraint "pdbf_pkey"
DETAIL:  Key (anio, mes, dia, periodo, codigo_uof, codigo_oferta)=(2025, 1, 4, 1, ABA1, 9334475) already exists.
CONTEXT:  COPY pdbf, line 1

[2026-01-22T18:39:57.790+0000] {pdbf.py:134} ERROR - Error processing zip bronze/omie/pdbf/2025/pdbf_202501.zip: duplicate key value violates unique constraint "pdbf_pkey"
DETAIL:  Key (anio, mes, dia, periodo, codigo_uof, codigo_oferta)=(2025, 1, 4, 1, ABA1, 9334475) already exists.
CONTEXT:  COPY pdbf, line 1

[2026-01-22T18:39:58.844+0000] {filesystem.py:48} INFO - Saved file to /opt/***/local_data/silver/omie/pdbf/2025/01/20250105.parquet
[2026-01-22T18:41:24.542+0000] {database.py:186} INFO - Inserted 47211 rows into 'omie.pdbf'.
[2026-01-22T18:41:24.550+0000] {pdbf.py:132} INFO - Processed pdbf for 20250105
[2026-01-22T18:41:26.099+0000] {filesystem.py:48} INFO - Saved file to /opt/***/local_data/silver/omie/pdbf/2025/01/20250106.parquet
[2026-01-22T18:42:50.321+0000] {database.py:189} ERROR - Error during bulk insert into omie.pdbf: duplicate key value violates unique constraint "pdbf_pkey"
DETAIL:  Key (anio, mes, dia, periodo, codigo_uof, codigo_oferta)=(2025, 1, 6, 1, ABA1, 9341643) already exists.
CONTEXT:  COPY pdbf, line 1

[2026-01-22T18:42:50.341+0000] {pdbf.py:134} ERROR - Error processing zip bronze/omie/pdbf/2025/pdbf_202501.zip: duplicate key value violates unique constraint "pdbf_pkey"
DETAIL:  Key (anio, mes, dia, periodo, codigo_uof, codigo_oferta)=(2025, 1, 6, 1, ABA1, 9341643) already exists.
CONTEXT:  COPY pdbf, line 1

[2026-01-22T18:42:52.581+0000] {filesystem.py:48} INFO - Saved file to /opt/***/local_data/silver/omie/pdbf/2025/01/20250107.parquet
[2026-01-22T18:44:06.238+0000] {database.py:189} ERROR - Error during bulk insert into omie.pdbf: duplicate key value violates unique constraint "pdbf_pkey"
DETAIL:  Key (anio, mes, dia, periodo, codigo_uof, codigo_oferta)=(2025, 1, 7, 1, ABA1, 9341701) already exists.
CONTEXT:  COPY pdbf, line 1

[2026-01-22T18:44:06.243+0000] {pdbf.py:134} ERROR - Error processing zip bronze/omie/pdbf/2025/pdbf_202501.zip: duplicate key value violates unique constraint "pdbf_pkey"
DETAIL:  Key (anio, mes, dia, periodo, codigo_uof, codigo_oferta)=(2025, 1, 7, 1, ABA1, 9341701) already exists.
CONTEXT:  COPY pdbf, line 1

[2026-01-22T18:44:07.824+0000] {filesystem.py:48} INFO - Saved file to /opt/***/local_data/silver/omie/pdbf/2025/01/20250108.parquet
[2026-01-22T18:46:11.944+0000] {database.py:186} INFO - Inserted 49425 rows into 'omie.pdbf'.
[2026-01-22T18:46:11.966+0000] {pdbf.py:132} INFO - Processed pdbf for 20250108
[2026-01-22T18:46:15.231+0000] {filesystem.py:48} INFO - Saved file to /opt/***/local_data/silver/omie/pdbf/2025/01/20250109.parquet
[2026-01-22T18:48:29.408+0000] {database.py:189} ERROR - Error during bulk insert into omie.pdbf: duplicate key value violates unique constraint "pdbf_pkey"
DETAIL:  Key (anio, mes, dia, periodo, codigo_uof, codigo_oferta)=(2025, 1, 9, 1, ABA1, 9345730) already exists.
CONTEXT:  COPY pdbf, line 1

[2026-01-22T18:48:29.411+0000] {pdbf.py:134} ERROR - Error processing zip bronze/omie/pdbf/2025/pdbf_202501.zip: duplicate key value violates unique constraint "pdbf_pkey"
DETAIL:  Key (anio, mes, dia, periodo, codigo_uof, codigo_oferta)=(2025, 1, 9, 1, ABA1, 9345730) already exists.
CONTEXT:  COPY pdbf, line 1

[2026-01-22T18:48:30.282+0000] {filesystem.py:48} INFO - Saved file to /opt/***/local_data/silver/omie/pdbf/2025/01/20250110.parquet
[2026-01-22T18:50:41.558+0000] {database.py:186} INFO - Inserted 49543 rows into 'omie.pdbf'.
[2026-01-22T18:50:41.565+0000] {pdbf.py:132} INFO - Processed pdbf for 20250110
[2026-01-22T18:50:42.529+0000] {filesystem.py:48} INFO - Saved file to /opt/***/local_data/silver/omie/pdbf/2025/01/20250111.parquet
[2026-01-22T18:53:59.975+0000] {database.py:189} ERROR - Error during bulk insert into omie.pdbf: duplicate key value violates unique constraint "pdbf_pkey"
DETAIL:  Key (anio, mes, dia, periodo, codigo_uof, codigo_oferta)=(2025, 1, 11, 1, ABA1, 9352529) already exists.
CONTEXT:  COPY pdbf, line 1

[2026-01-22T18:54:00.278+0000] {pdbf.py:134} ERROR - Error processing zip bronze/omie/pdbf/2025/pdbf_202501.zip: duplicate key value violates unique constraint "pdbf_pkey"
DETAIL:  Key (anio, mes, dia, periodo, codigo_uof, codigo_oferta)=(2025, 1, 11, 1, ABA1, 9352529) already exists.
CONTEXT:  COPY pdbf, line 1

[2026-01-22T18:54:09.940+0000] {filesystem.py:48} INFO - Saved file to /opt/***/local_data/silver/omie/pdbf/2025/01/20250112.parquet
[2026-01-22T18:56:40.656+0000] {database.py:189} ERROR - Error during bulk insert into omie.pdbf: duplicate key value violates unique constraint "pdbf_pkey"
DETAIL:  Key (anio, mes, dia, periodo, codigo_uof, codigo_oferta)=(2025, 1, 12, 1, ABA1, 9352553) already exists.
CONTEXT:  COPY pdbf, line 1

[2026-01-22T18:56:40.766+0000] {pdbf.py:134} ERROR - Error processing zip bronze/omie/pdbf/2025/pdbf_202501.zip: duplicate key value violates unique constraint "pdbf_pkey"
DETAIL:  Key (anio, mes, dia, periodo, codigo_uof, codigo_oferta)=(2025, 1, 12, 1, ABA1, 9352553) already exists.
CONTEXT:  COPY pdbf, line 1

[2026-01-22T18:56:44.059+0000] {filesystem.py:48} INFO - Saved file to /opt/***/local_data/silver/omie/pdbf/2025/01/20250113.parquet
[2026-01-22T18:59:31.876+0000] {database.py:189} ERROR - Error during bulk insert into omie.pdbf: duplicate key value violates unique constraint "pdbf_pkey"
DETAIL:  Key (anio, mes, dia, periodo, codigo_uof, codigo_oferta)=(2025, 1, 13, 1, ABA1, 9352614) already exists.
CONTEXT:  COPY pdbf, line 1

[2026-01-22T18:59:32.232+0000] {pdbf.py:134} ERROR - Error processing zip bronze/omie/pdbf/2025/pdbf_202501.zip: duplicate key value violates unique constraint "pdbf_pkey"
DETAIL:  Key (anio, mes, dia, periodo, codigo_uof, codigo_oferta)=(2025, 1, 13, 1, ABA1, 9352614) already exists.
CONTEXT:  COPY pdbf, line 1

[2026-01-22T18:59:42.971+0000] {filesystem.py:48} INFO - Saved file to /opt/***/local_data/silver/omie/pdbf/2025/01/20250114.parquet
[2026-01-22T19:04:37.250+0000] {database.py:189} ERROR - Error during bulk insert into omie.pdbf: duplicate key value violates unique constraint "pdbf_pkey"
DETAIL:  Key (anio, mes, dia, periodo, codigo_uof, codigo_oferta)=(2025, 1, 14, 1, ABA1, 9359216) already exists.
CONTEXT:  COPY pdbf, line 1

[2026-01-22T19:04:37.512+0000] {pdbf.py:134} ERROR - Error processing zip bronze/omie/pdbf/2025/pdbf_202501.zip: duplicate key value violates unique constraint "pdbf_pkey"
DETAIL:  Key (anio, mes, dia, periodo, codigo_uof, codigo_oferta)=(2025, 1, 14, 1, ABA1, 9359216) already exists.
CONTEXT:  COPY pdbf, line 1

[2026-01-22T19:04:46.258+0000] {filesystem.py:48} INFO - Saved file to /opt/***/local_data/silver/omie/pdbf/2025/01/20250115.parquet
[2026-01-22T19:07:57.485+0000] {database.py:186} INFO - Inserted 49633 rows into 'omie.pdbf'.
[2026-01-22T19:07:58.753+0000] {pdbf.py:132} INFO - Processed pdbf for 20250115
[2026-01-22T19:08:15.194+0000] {filesystem.py:48} INFO - Saved file to /opt/***/local_data/silver/omie/pdbf/2025/01/20250116.parquet
[2026-01-22T19:09:55.636+0000] {database.py:186} INFO - Inserted 50094 rows into 'omie.pdbf'.
[2026-01-22T19:09:55.660+0000] {pdbf.py:132} INFO - Processed pdbf for 20250116
[2026-01-22T19:10:00.175+0000] {filesystem.py:48} INFO - Saved file to /opt/***/local_data/silver/omie/pdbf/2025/01/20250117.parquet
[2026-01-22T19:11:48.117+0000] {database.py:186} INFO - Inserted 49642 rows into 'omie.pdbf'.
[2026-01-22T19:11:48.123+0000] {pdbf.py:132} INFO - Processed pdbf for 20250117
[2026-01-22T19:11:49.123+0000] {filesystem.py:48} INFO - Saved file to /opt/***/local_data/silver/omie/pdbf/2025/01/20250118.parquet
[2026-01-22T19:14:13.381+0000] {database.py:189} ERROR - Error during bulk insert into omie.pdbf: duplicate key value violates unique constraint "pdbf_pkey"
DETAIL:  Key (anio, mes, dia, periodo, codigo_uof, codigo_oferta)=(2025, 1, 18, 1, ABA1, 9368498) already exists.
CONTEXT:  COPY pdbf, line 1

[2026-01-22T19:14:13.389+0000] {pdbf.py:134} ERROR - Error processing zip bronze/omie/pdbf/2025/pdbf_202501.zip: duplicate key value violates unique constraint "pdbf_pkey"
DETAIL:  Key (anio, mes, dia, periodo, codigo_uof, codigo_oferta)=(2025, 1, 18, 1, ABA1, 9368498) already exists.
CONTEXT:  COPY pdbf, line 1

[2026-01-22T19:14:15.575+0000] {filesystem.py:48} INFO - Saved file to /opt/***/local_data/silver/omie/pdbf/2025/01/20250119.parquet
[2026-01-22T19:16:45.115+0000] {database.py:186} INFO - Inserted 47352 rows into 'omie.pdbf'.
[2026-01-22T19:16:45.131+0000] {pdbf.py:132} INFO - Processed pdbf for 20250119
[2026-01-22T19:16:46.453+0000] {filesystem.py:48} INFO - Saved file to /opt/***/local_data/silver/omie/pdbf/2025/01/20250120.parquet
[2026-01-22T19:18:52.848+0000] {database.py:189} ERROR - Error during bulk insert into omie.pdbf: duplicate key value violates unique constraint "pdbf_pkey"
DETAIL:  Key (anio, mes, dia, periodo, codigo_uof, codigo_oferta)=(2025, 1, 20, 1, ABA1, 9368520) already exists.
CONTEXT:  COPY pdbf, line 1

[2026-01-22T19:18:52.853+0000] {pdbf.py:134} ERROR - Error processing zip bronze/omie/pdbf/2025/pdbf_202501.zip: duplicate key value violates unique constraint "pdbf_pkey"
DETAIL:  Key (anio, mes, dia, periodo, codigo_uof, codigo_oferta)=(2025, 1, 20, 1, ABA1, 9368520) already exists.
CONTEXT:  COPY pdbf, line 1

[2026-01-22T19:18:54.180+0000] {filesystem.py:48} INFO - Saved file to /opt/***/local_data/silver/omie/pdbf/2025/01/20250121.parquet
[2026-01-22T19:21:02.226+0000] {database.py:186} INFO - Inserted 49582 rows into 'omie.pdbf'.
[2026-01-22T19:21:02.275+0000] {pdbf.py:132} INFO - Processed pdbf for 20250121
[2026-01-22T19:21:04.786+0000] {filesystem.py:48} INFO - Saved file to /opt/***/local_data/silver/omie/pdbf/2025/01/20250122.parquet
[2026-01-22T19:23:11.068+0000] {database.py:186} INFO - Inserted 49613 rows into 'omie.pdbf'.
[2026-01-22T19:23:11.088+0000] {pdbf.py:132} INFO - Processed pdbf for 20250122
[2026-01-22T19:23:13.542+0000] {filesystem.py:48} INFO - Saved file to /opt/***/local_data/silver/omie/pdbf/2025/01/20250123.parquet
[2026-01-22T19:26:05.102+0000] {database.py:186} INFO - Inserted 50157 rows into 'omie.pdbf'.
[2026-01-22T19:26:05.108+0000] {pdbf.py:132} INFO - Processed pdbf for 20250123
[2026-01-22T19:26:06.135+0000] {filesystem.py:48} INFO - Saved file to /opt/***/local_data/silver/omie/pdbf/2025/01/20250124.parquet
[2026-01-22T19:28:59.275+0000] {database.py:189} ERROR - Error during bulk insert into omie.pdbf: duplicate key value violates unique constraint "pdbf_pkey"
DETAIL:  Key (anio, mes, dia, periodo, codigo_uof, codigo_oferta)=(2025, 1, 24, 1, ABA1, 9377714) already exists.
CONTEXT:  COPY pdbf, line 1

[2026-01-22T19:28:59.278+0000] {pdbf.py:134} ERROR - Error processing zip bronze/omie/pdbf/2025/pdbf_202501.zip: duplicate key value violates unique constraint "pdbf_pkey"
DETAIL:  Key (anio, mes, dia, periodo, codigo_uof, codigo_oferta)=(2025, 1, 24, 1, ABA1, 9377714) already exists.
CONTEXT:  COPY pdbf, line 1

[2026-01-22T19:29:00.266+0000] {filesystem.py:48} INFO - Saved file to /opt/***/local_data/silver/omie/pdbf/2025/01/20250125.parquet
[2026-01-22T19:30:25.453+0000] {database.py:189} ERROR - Error during bulk insert into omie.pdbf: duplicate key value violates unique constraint "pdbf_pkey"
DETAIL:  Key (anio, mes, dia, periodo, codigo_uof, codigo_oferta)=(2025, 1, 25, 1, ABA1, 9382281) already exists.
CONTEXT:  COPY pdbf, line 1

[2026-01-22T19:30:25.461+0000] {pdbf.py:134} ERROR - Error processing zip bronze/omie/pdbf/2025/pdbf_202501.zip: duplicate key value violates unique constraint "pdbf_pkey"
DETAIL:  Key (anio, mes, dia, periodo, codigo_uof, codigo_oferta)=(2025, 1, 25, 1, ABA1, 9382281) already exists.
CONTEXT:  COPY pdbf, line 1

[2026-01-22T19:30:27.025+0000] {filesystem.py:48} INFO - Saved file to /opt/***/local_data/silver/omie/pdbf/2025/01/20250126.parquet
[2026-01-22T19:32:03.148+0000] {database.py:189} ERROR - Error during bulk insert into omie.pdbf: duplicate key value violates unique constraint "pdbf_pkey"
DETAIL:  Key (anio, mes, dia, periodo, codigo_uof, codigo_oferta)=(2025, 1, 26, 1, ABA1, 9382307) already exists.
CONTEXT:  COPY pdbf, line 1

[2026-01-22T19:32:03.151+0000] {pdbf.py:134} ERROR - Error processing zip bronze/omie/pdbf/2025/pdbf_202501.zip: duplicate key value violates unique constraint "pdbf_pkey"
DETAIL:  Key (anio, mes, dia, periodo, codigo_uof, codigo_oferta)=(2025, 1, 26, 1, ABA1, 9382307) already exists.
CONTEXT:  COPY pdbf, line 1

[2026-01-22T19:32:03.984+0000] {filesystem.py:48} INFO - Saved file to /opt/***/local_data/silver/omie/pdbf/2025/01/20250127.parquet
[2026-01-22T19:34:03.603+0000] {database.py:189} ERROR - Error during bulk insert into omie.pdbf: duplicate key value violates unique constraint "pdbf_pkey"
DETAIL:  Key (anio, mes, dia, periodo, codigo_uof, codigo_oferta)=(2025, 1, 27, 1, ABA1, 9384651) already exists.
CONTEXT:  COPY pdbf, line 1

[2026-01-22T19:34:03.727+0000] {pdbf.py:134} ERROR - Error processing zip bronze/omie/pdbf/2025/pdbf_202501.zip: duplicate key value violates unique constraint "pdbf_pkey"
DETAIL:  Key (anio, mes, dia, periodo, codigo_uof, codigo_oferta)=(2025, 1, 27, 1, ABA1, 9384651) already exists.
CONTEXT:  COPY pdbf, line 1

[2026-01-22T19:34:04.712+0000] {filesystem.py:48} INFO - Saved file to /opt/***/local_data/silver/omie/pdbf/2025/01/20250128.parquet
[2026-01-22T19:35:28.526+0000] {database.py:186} INFO - Inserted 48470 rows into 'omie.pdbf'.
[2026-01-22T19:35:28.529+0000] {pdbf.py:132} INFO - Processed pdbf for 20250128
[2026-01-22T19:35:29.624+0000] {filesystem.py:48} INFO - Saved file to /opt/***/local_data/silver/omie/pdbf/2025/01/20250129.parquet
[2026-01-22T19:37:15.024+0000] {database.py:186} INFO - Inserted 49044 rows into 'omie.pdbf'.
[2026-01-22T19:37:15.036+0000] {pdbf.py:132} INFO - Processed pdbf for 20250129
[2026-01-22T19:37:16.413+0000] {filesystem.py:48} INFO - Saved file to /opt/***/local_data/silver/omie/pdbf/2025/01/20250130.parquet
[2026-01-22T19:39:12.884+0000] {database.py:189} ERROR - Error during bulk insert into omie.pdbf: duplicate key value violates unique constraint "pdbf_pkey"
DETAIL:  Key (anio, mes, dia, periodo, codigo_uof, codigo_oferta)=(2025, 1, 30, 1, ABA1, 9393762) already exists.
CONTEXT:  COPY pdbf, line 1

[2026-01-22T19:39:12.885+0000] {pdbf.py:134} ERROR - Error processing zip bronze/omie/pdbf/2025/pdbf_202501.zip: duplicate key value violates unique constraint "pdbf_pkey"
DETAIL:  Key (anio, mes, dia, periodo, codigo_uof, codigo_oferta)=(2025, 1, 30, 1, ABA1, 9393762) already exists.
CONTEXT:  COPY pdbf, line 1

[2026-01-22T19:39:14.467+0000] {filesystem.py:48} INFO - Saved file to /opt/***/local_data/silver/omie/pdbf/2025/01/20250131.parquet
[2026-01-22T19:40:58.054+0000] {database.py:189} ERROR - Error during bulk insert into omie.pdbf: duplicate key value violates unique constraint "pdbf_pkey"
DETAIL:  Key (anio, mes, dia, periodo, codigo_uof, codigo_oferta)=(2025, 1, 31, 1, ABA1, 9393827) already exists.
CONTEXT:  COPY pdbf, line 1

[2026-01-22T19:40:58.056+0000] {pdbf.py:134} ERROR - Error processing zip bronze/omie/pdbf/2025/pdbf_202501.zip: duplicate key value violates unique constraint "pdbf_pkey"
DETAIL:  Key (anio, mes, dia, periodo, codigo_uof, codigo_oferta)=(2025, 1, 31, 1, ABA1, 9393827) already exists.
CONTEXT:  COPY pdbf, line 1

[2026-01-22T19:40:58.849+0000] {filesystem.py:48} INFO - Saved file to /opt/***/local_data/silver/omie/pdbf/2025/02/20250201.parquet
[2026-01-22T19:43:49.295+0000] {database.py:189} ERROR - Error during bulk insert into omie.pdbf: duplicate key value violates unique constraint "pdbf_pkey"
DETAIL:  Key (anio, mes, dia, periodo, codigo_uof, codigo_oferta)=(2025, 2, 1, 1, ABA1, 9396062) already exists.
CONTEXT:  COPY pdbf, line 1

[2026-01-22T19:43:49.299+0000] {pdbf.py:134} ERROR - Error processing zip bronze/omie/pdbf/2025/pdbf_202502.zip: duplicate key value violates unique constraint "pdbf_pkey"
DETAIL:  Key (anio, mes, dia, periodo, codigo_uof, codigo_oferta)=(2025, 2, 1, 1, ABA1, 9396062) already exists.
CONTEXT:  COPY pdbf, line 1

[2026-01-22T19:43:50.715+0000] {filesystem.py:48} INFO - Saved file to /opt/***/local_data/silver/omie/pdbf/2025/02/20250202.parquet
[2026-01-22T19:45:51.605+0000] {database.py:189} ERROR - Error during bulk insert into omie.pdbf: duplicate key value violates unique constraint "pdbf_pkey"
DETAIL:  Key (anio, mes, dia, periodo, codigo_uof, codigo_oferta)=(2025, 2, 2, 1, ABA1, 9398485) already exists.
CONTEXT:  COPY pdbf, line 1

[2026-01-22T19:45:51.621+0000] {pdbf.py:134} ERROR - Error processing zip bronze/omie/pdbf/2025/pdbf_202502.zip: duplicate key value violates unique constraint "pdbf_pkey"
DETAIL:  Key (anio, mes, dia, periodo, codigo_uof, codigo_oferta)=(2025, 2, 2, 1, ABA1, 9398485) already exists.
CONTEXT:  COPY pdbf, line 1

[2026-01-22T19:45:54.729+0000] {filesystem.py:48} INFO - Saved file to /opt/***/local_data/silver/omie/pdbf/2025/02/20250203.parquet
[2026-01-22T19:47:41.140+0000] {database.py:189} ERROR - Error during bulk insert into omie.pdbf: duplicate key value violates unique constraint "pdbf_pkey"
DETAIL:  Key (anio, mes, dia, periodo, codigo_uof, codigo_oferta)=(2025, 2, 3, 1, ABA1, 9400945) already exists.
CONTEXT:  COPY pdbf, line 1

[2026-01-22T19:47:41.144+0000] {pdbf.py:134} ERROR - Error processing zip bronze/omie/pdbf/2025/pdbf_202502.zip: duplicate key value violates unique constraint "pdbf_pkey"
DETAIL:  Key (anio, mes, dia, periodo, codigo_uof, codigo_oferta)=(2025, 2, 3, 1, ABA1, 9400945) already exists.
CONTEXT:  COPY pdbf, line 1

[2026-01-22T19:47:42.123+0000] {filesystem.py:48} INFO - Saved file to /opt/***/local_data/silver/omie/pdbf/2025/02/20250204.parquet
[2026-01-22T19:49:30.102+0000] {database.py:189} ERROR - Error during bulk insert into omie.pdbf: duplicate key value violates unique constraint "pdbf_pkey"
DETAIL:  Key (anio, mes, dia, periodo, codigo_uof, codigo_oferta)=(2025, 2, 4, 1, ABA1, 9404002) already exists.
CONTEXT:  COPY pdbf, line 1

[2026-01-22T19:49:30.107+0000] {pdbf.py:134} ERROR - Error processing zip bronze/omie/pdbf/2025/pdbf_202502.zip: duplicate key value violates unique constraint "pdbf_pkey"
DETAIL:  Key (anio, mes, dia, periodo, codigo_uof, codigo_oferta)=(2025, 2, 4, 1, ABA1, 9404002) already exists.
CONTEXT:  COPY pdbf, line 1

[2026-01-22T19:49:31.874+0000] {filesystem.py:48} INFO - Saved file to /opt/***/local_data/silver/omie/pdbf/2025/02/20250205.parquet
[2026-01-22T19:51:19.261+0000] {database.py:189} ERROR - Error during bulk insert into omie.pdbf: duplicate key value violates unique constraint "pdbf_pkey"
DETAIL:  Key (anio, mes, dia, periodo, codigo_uof, codigo_oferta)=(2025, 2, 5, 1, ABA1, 9408050) already exists.
CONTEXT:  COPY pdbf, line 1

[2026-01-22T19:51:19.269+0000] {pdbf.py:134} ERROR - Error processing zip bronze/omie/pdbf/2025/pdbf_202502.zip: duplicate key value violates unique constraint "pdbf_pkey"
DETAIL:  Key (anio, mes, dia, periodo, codigo_uof, codigo_oferta)=(2025, 2, 5, 1, ABA1, 9408050) already exists.
CONTEXT:  COPY pdbf, line 1

[2026-01-22T19:51:20.631+0000] {filesystem.py:48} INFO - Saved file to /opt/***/local_data/silver/omie/pdbf/2025/02/20250206.parquet
[2026-01-22T19:53:32.659+0000] {database.py:189} ERROR - Error during bulk insert into omie.pdbf: duplicate key value violates unique constraint "pdbf_pkey"
DETAIL:  Key (anio, mes, dia, periodo, codigo_uof, codigo_oferta)=(2025, 2, 6, 1, ABA1, 9408122) already exists.
CONTEXT:  COPY pdbf, line 1

[2026-01-22T19:53:32.663+0000] {pdbf.py:134} ERROR - Error processing zip bronze/omie/pdbf/2025/pdbf_202502.zip: duplicate key value violates unique constraint "pdbf_pkey"
DETAIL:  Key (anio, mes, dia, periodo, codigo_uof, codigo_oferta)=(2025, 2, 6, 1, ABA1, 9408122) already exists.
CONTEXT:  COPY pdbf, line 1

[2026-01-22T19:53:33.687+0000] {filesystem.py:48} INFO - Saved file to /opt/***/local_data/silver/omie/pdbf/2025/02/20250207.parquet
[2026-01-22T19:54:48.787+0000] {database.py:189} ERROR - Error during bulk insert into omie.pdbf: duplicate key value violates unique constraint "pdbf_pkey"
DETAIL:  Key (anio, mes, dia, periodo, codigo_uof, codigo_oferta)=(2025, 2, 7, 1, ABA1, 9410395) already exists.
CONTEXT:  COPY pdbf, line 1

[2026-01-22T19:54:48.790+0000] {pdbf.py:134} ERROR - Error processing zip bronze/omie/pdbf/2025/pdbf_202502.zip: duplicate key value violates unique constraint "pdbf_pkey"
DETAIL:  Key (anio, mes, dia, periodo, codigo_uof, codigo_oferta)=(2025, 2, 7, 1, ABA1, 9410395) already exists.
CONTEXT:  COPY pdbf, line 1

[2026-01-22T19:54:50.198+0000] {filesystem.py:48} INFO - Saved file to /opt/***/local_data/silver/omie/pdbf/2025/02/20250208.parquet
[2026-01-22T19:57:07.084+0000] {database.py:189} ERROR - Error during bulk insert into omie.pdbf: duplicate key value violates unique constraint "pdbf_pkey"
DETAIL:  Key (anio, mes, dia, periodo, codigo_uof, codigo_oferta)=(2025, 2, 8, 1, ABOUC01, 9414514) already exists.
CONTEXT:  COPY pdbf, line 1

[2026-01-22T19:57:07.092+0000] {pdbf.py:134} ERROR - Error processing zip bronze/omie/pdbf/2025/pdbf_202502.zip: duplicate key value violates unique constraint "pdbf_pkey"
DETAIL:  Key (anio, mes, dia, periodo, codigo_uof, codigo_oferta)=(2025, 2, 8, 1, ABOUC01, 9414514) already exists.
CONTEXT:  COPY pdbf, line 1

[2026-01-22T19:57:08.507+0000] {filesystem.py:48} INFO - Saved file to /opt/***/local_data/silver/omie/pdbf/2025/02/20250209.parquet
[2026-01-22T19:58:09.979+0000] {database.py:186} INFO - Inserted 48421 rows into 'omie.pdbf'.
[2026-01-22T19:58:09.986+0000] {pdbf.py:132} INFO - Processed pdbf for 20250209
[2026-01-22T19:58:10.959+0000] {filesystem.py:48} INFO - Saved file to /opt/***/local_data/silver/omie/pdbf/2025/02/20250210.parquet
[2026-01-22T19:59:59.412+0000] {database.py:186} INFO - Inserted 49629 rows into 'omie.pdbf'.
[2026-01-22T19:59:59.446+0000] {pdbf.py:132} INFO - Processed pdbf for 20250210
[2026-01-22T20:00:01.876+0000] {filesystem.py:48} INFO - Saved file to /opt/***/local_data/silver/omie/pdbf/2025/02/20250211.parquet
[2026-01-22T20:01:26.008+0000] {database.py:186} INFO - Inserted 50823 rows into 'omie.pdbf'.
[2026-01-22T20:01:26.011+0000] {pdbf.py:132} INFO - Processed pdbf for 20250211
[2026-01-22T20:01:27.344+0000] {filesystem.py:48} INFO - Saved file to /opt/***/local_data/silver/omie/pdbf/2025/02/20250212.parquet
[2026-01-22T20:02:56.423+0000] {database.py:189} ERROR - Error during bulk insert into omie.pdbf: duplicate key value violates unique constraint "pdbf_pkey"
DETAIL:  Key (anio, mes, dia, periodo, codigo_uof, codigo_oferta)=(2025, 2, 12, 1, ABOUC01, 9417346) already exists.
CONTEXT:  COPY pdbf, line 1

[2026-01-22T20:02:56.437+0000] {pdbf.py:134} ERROR - Error processing zip bronze/omie/pdbf/2025/pdbf_202502.zip: duplicate key value violates unique constraint "pdbf_pkey"
DETAIL:  Key (anio, mes, dia, periodo, codigo_uof, codigo_oferta)=(2025, 2, 12, 1, ABOUC01, 9417346) already exists.
CONTEXT:  COPY pdbf, line 1

[2026-01-22T20:02:57.908+0000] {filesystem.py:48} INFO - Saved file to /opt/***/local_data/silver/omie/pdbf/2025/02/20250213.parquet
[2026-01-22T20:03:57.396+0000] {database.py:189} ERROR - Error during bulk insert into omie.pdbf: duplicate key value violates unique constraint "pdbf_pkey"
DETAIL:  Key (anio, mes, dia, periodo, codigo_uof, codigo_oferta)=(2025, 2, 13, 1, ABA1, 9424286) already exists.
CONTEXT:  COPY pdbf, line 1

[2026-01-22T20:03:57.398+0000] {pdbf.py:134} ERROR - Error processing zip bronze/omie/pdbf/2025/pdbf_202502.zip: duplicate key value violates unique constraint "pdbf_pkey"
DETAIL:  Key (anio, mes, dia, periodo, codigo_uof, codigo_oferta)=(2025, 2, 13, 1, ABA1, 9424286) already exists.
CONTEXT:  COPY pdbf, line 1

[2026-01-22T20:03:57.964+0000] {filesystem.py:48} INFO - Saved file to /opt/***/local_data/silver/omie/pdbf/2025/02/20250214.parquet
[2026-01-22T20:05:19.201+0000] {database.py:189} ERROR - Error during bulk insert into omie.pdbf: duplicate key value violates unique constraint "pdbf_pkey"
DETAIL:  Key (anio, mes, dia, periodo, codigo_uof, codigo_oferta)=(2025, 2, 14, 1, ABA1, 9427081) already exists.
CONTEXT:  COPY pdbf, line 1

[2026-01-22T20:05:19.202+0000] {pdbf.py:134} ERROR - Error processing zip bronze/omie/pdbf/2025/pdbf_202502.zip: duplicate key value violates unique constraint "pdbf_pkey"
DETAIL:  Key (anio, mes, dia, periodo, codigo_uof, codigo_oferta)=(2025, 2, 14, 1, ABA1, 9427081) already exists.
CONTEXT:  COPY pdbf, line 1

[2026-01-22T20:05:19.785+0000] {filesystem.py:48} INFO - Saved file to /opt/***/local_data/silver/omie/pdbf/2025/02/20250215.parquet
[2026-01-22T20:06:41.690+0000] {database.py:189} ERROR - Error during bulk insert into omie.pdbf: duplicate key value violates unique constraint "pdbf_pkey"
DETAIL:  Key (anio, mes, dia, periodo, codigo_uof, codigo_oferta)=(2025, 2, 15, 1, ABA1, 9431594) already exists.
CONTEXT:  COPY pdbf, line 1

[2026-01-22T20:06:41.692+0000] {pdbf.py:134} ERROR - Error processing zip bronze/omie/pdbf/2025/pdbf_202502.zip: duplicate key value violates unique constraint "pdbf_pkey"
DETAIL:  Key (anio, mes, dia, periodo, codigo_uof, codigo_oferta)=(2025, 2, 15, 1, ABA1, 9431594) already exists.
CONTEXT:  COPY pdbf, line 1

[2026-01-22T20:06:42.331+0000] {filesystem.py:48} INFO - Saved file to /opt/***/local_data/silver/omie/pdbf/2025/02/20250216.parquet
[2026-01-22T20:08:08.455+0000] {database.py:189} ERROR - Error during bulk insert into omie.pdbf: duplicate key value violates unique constraint "pdbf_pkey"
DETAIL:  Key (anio, mes, dia, periodo, codigo_uof, codigo_oferta)=(2025, 2, 16, 1, ABA1, 9431618) already exists.
CONTEXT:  COPY pdbf, line 1

[2026-01-22T20:08:08.456+0000] {pdbf.py:134} ERROR - Error processing zip bronze/omie/pdbf/2025/pdbf_202502.zip: duplicate key value violates unique constraint "pdbf_pkey"
DETAIL:  Key (anio, mes, dia, periodo, codigo_uof, codigo_oferta)=(2025, 2, 16, 1, ABA1, 9431618) already exists.
CONTEXT:  COPY pdbf, line 1

[2026-01-22T20:08:08.737+0000] {filesystem.py:48} INFO - Saved file to /opt/***/local_data/silver/omie/pdbf/2025/02/20250217.parquet
[2026-01-22T20:09:04.381+0000] {database.py:189} ERROR - Error during bulk insert into omie.pdbf: duplicate key value violates unique constraint "pdbf_pkey"
DETAIL:  Key (anio, mes, dia, periodo, codigo_uof, codigo_oferta)=(2025, 2, 17, 1, ABA1, 9433860) already exists.
CONTEXT:  COPY pdbf, line 1

[2026-01-22T20:09:04.383+0000] {pdbf.py:134} ERROR - Error processing zip bronze/omie/pdbf/2025/pdbf_202502.zip: duplicate key value violates unique constraint "pdbf_pkey"
DETAIL:  Key (anio, mes, dia, periodo, codigo_uof, codigo_oferta)=(2025, 2, 17, 1, ABA1, 9433860) already exists.
CONTEXT:  COPY pdbf, line 1

[2026-01-22T20:09:04.860+0000] {filesystem.py:48} INFO - Saved file to /opt/***/local_data/silver/omie/pdbf/2025/02/20250218.parquet
[2026-01-22T20:09:52.352+0000] {database.py:189} ERROR - Error during bulk insert into omie.pdbf: duplicate key value violates unique constraint "pdbf_pkey"
DETAIL:  Key (anio, mes, dia, periodo, codigo_uof, codigo_oferta)=(2025, 2, 18, 1, ABA1, 9436647) already exists.
CONTEXT:  COPY pdbf, line 1

[2026-01-22T20:09:52.354+0000] {pdbf.py:134} ERROR - Error processing zip bronze/omie/pdbf/2025/pdbf_202502.zip: duplicate key value violates unique constraint "pdbf_pkey"
DETAIL:  Key (anio, mes, dia, periodo, codigo_uof, codigo_oferta)=(2025, 2, 18, 1, ABA1, 9436647) already exists.
CONTEXT:  COPY pdbf, line 1

[2026-01-22T20:09:52.886+0000] {filesystem.py:48} INFO - Saved file to /opt/***/local_data/silver/omie/pdbf/2025/02/20250219.parquet
[2026-01-22T20:10:49.389+0000] {database.py:189} ERROR - Error during bulk insert into omie.pdbf: duplicate key value violates unique constraint "pdbf_pkey"
DETAIL:  Key (anio, mes, dia, periodo, codigo_uof, codigo_oferta)=(2025, 2, 19, 1, ABA1, 9438804) already exists.
CONTEXT:  COPY pdbf, line 1

[2026-01-22T20:10:49.391+0000] {pdbf.py:134} ERROR - Error processing zip bronze/omie/pdbf/2025/pdbf_202502.zip: duplicate key value violates unique constraint "pdbf_pkey"
DETAIL:  Key (anio, mes, dia, periodo, codigo_uof, codigo_oferta)=(2025, 2, 19, 1, ABA1, 9438804) already exists.
CONTEXT:  COPY pdbf, line 1

[2026-01-22T20:10:49.647+0000] {filesystem.py:48} INFO - Saved file to /opt/***/local_data/silver/omie/pdbf/2025/02/20250220.parquet
[2026-01-22T20:11:37.978+0000] {database.py:189} ERROR - Error during bulk insert into omie.pdbf: duplicate key value violates unique constraint "pdbf_pkey"
DETAIL:  Key (anio, mes, dia, periodo, codigo_uof, codigo_oferta)=(2025, 2, 20, 1, ABA1, 9440635) already exists.
CONTEXT:  COPY pdbf, line 1

[2026-01-22T20:11:37.980+0000] {pdbf.py:134} ERROR - Error processing zip bronze/omie/pdbf/2025/pdbf_202502.zip: duplicate key value violates unique constraint "pdbf_pkey"
DETAIL:  Key (anio, mes, dia, periodo, codigo_uof, codigo_oferta)=(2025, 2, 20, 1, ABA1, 9440635) already exists.
CONTEXT:  COPY pdbf, line 1

[2026-01-22T20:11:38.423+0000] {filesystem.py:48} INFO - Saved file to /opt/***/local_data/silver/omie/pdbf/2025/02/20250221.parquet
[2026-01-22T20:13:19.976+0000] {database.py:189} ERROR - Error during bulk insert into omie.pdbf: duplicate key value violates unique constraint "pdbf_pkey"
DETAIL:  Key (anio, mes, dia, periodo, codigo_uof, codigo_oferta)=(2025, 2, 21, 1, ABA1, 9443191) already exists.
CONTEXT:  COPY pdbf, line 1

[2026-01-22T20:13:19.977+0000] {pdbf.py:134} ERROR - Error processing zip bronze/omie/pdbf/2025/pdbf_202502.zip: duplicate key value violates unique constraint "pdbf_pkey"
DETAIL:  Key (anio, mes, dia, periodo, codigo_uof, codigo_oferta)=(2025, 2, 21, 1, ABA1, 9443191) already exists.
CONTEXT:  COPY pdbf, line 1

[2026-01-22T20:13:24.683+0000] {filesystem.py:48} INFO - Saved file to /opt/***/local_data/silver/omie/pdbf/2025/02/20250222.parquet
[2026-01-22T20:14:04.804+0000] {database.py:189} ERROR - Error during bulk insert into omie.pdbf: duplicate key value violates unique constraint "pdbf_pkey"
DETAIL:  Key (anio, mes, dia, periodo, codigo_uof, codigo_oferta)=(2025, 2, 22, 1, ABA1, 9445435) already exists.
CONTEXT:  COPY pdbf, line 1

[2026-01-22T20:14:04.805+0000] {pdbf.py:134} ERROR - Error processing zip bronze/omie/pdbf/2025/pdbf_202502.zip: duplicate key value violates unique constraint "pdbf_pkey"
DETAIL:  Key (anio, mes, dia, periodo, codigo_uof, codigo_oferta)=(2025, 2, 22, 1, ABA1, 9445435) already exists.
CONTEXT:  COPY pdbf, line 1

[2026-01-22T20:14:05.319+0000] {filesystem.py:48} INFO - Saved file to /opt/***/local_data/silver/omie/pdbf/2025/02/20250223.parquet
[2026-01-22T20:14:45.613+0000] {database.py:189} ERROR - Error during bulk insert into omie.pdbf: duplicate key value violates unique constraint "pdbf_pkey"
DETAIL:  Key (anio, mes, dia, periodo, codigo_uof, codigo_oferta)=(2025, 2, 23, 1, ABA1, 9447804) already exists.
CONTEXT:  COPY pdbf, line 1

[2026-01-22T20:14:45.617+0000] {pdbf.py:134} ERROR - Error processing zip bronze/omie/pdbf/2025/pdbf_202502.zip: duplicate key value violates unique constraint "pdbf_pkey"
DETAIL:  Key (anio, mes, dia, periodo, codigo_uof, codigo_oferta)=(2025, 2, 23, 1, ABA1, 9447804) already exists.
CONTEXT:  COPY pdbf, line 1

[2026-01-22T20:14:45.948+0000] {filesystem.py:48} INFO - Saved file to /opt/***/local_data/silver/omie/pdbf/2025/02/20250224.parquet
[2026-01-22T20:15:15.713+0000] {database.py:189} ERROR - Error during bulk insert into omie.pdbf: duplicate key value violates unique constraint "pdbf_pkey"
DETAIL:  Key (anio, mes, dia, periodo, codigo_uof, codigo_oferta)=(2025, 2, 24, 1, ABA1, 9450284) already exists.
CONTEXT:  COPY pdbf, line 1

[2026-01-22T20:15:15.715+0000] {pdbf.py:134} ERROR - Error processing zip bronze/omie/pdbf/2025/pdbf_202502.zip: duplicate key value violates unique constraint "pdbf_pkey"
DETAIL:  Key (anio, mes, dia, periodo, codigo_uof, codigo_oferta)=(2025, 2, 24, 1, ABA1, 9450284) already exists.
CONTEXT:  COPY pdbf, line 1

[2026-01-22T20:15:16.016+0000] {filesystem.py:48} INFO - Saved file to /opt/***/local_data/silver/omie/pdbf/2025/02/20250225.parquet
[2026-01-22T20:16:05.645+0000] {database.py:189} ERROR - Error during bulk insert into omie.pdbf: duplicate key value violates unique constraint "pdbf_pkey"
DETAIL:  Key (anio, mes, dia, periodo, codigo_uof, codigo_oferta)=(2025, 2, 25, 1, ABA1, 9453163) already exists.
CONTEXT:  COPY pdbf, line 1

[2026-01-22T20:16:05.646+0000] {pdbf.py:134} ERROR - Error processing zip bronze/omie/pdbf/2025/pdbf_202502.zip: duplicate key value violates unique constraint "pdbf_pkey"
DETAIL:  Key (anio, mes, dia, periodo, codigo_uof, codigo_oferta)=(2025, 2, 25, 1, ABA1, 9453163) already exists.
CONTEXT:  COPY pdbf, line 1

[2026-01-22T20:16:05.953+0000] {filesystem.py:48} INFO - Saved file to /opt/***/local_data/silver/omie/pdbf/2025/02/20250226.parquet
[2026-01-22T20:16:43.905+0000] {database.py:189} ERROR - Error during bulk insert into omie.pdbf: duplicate key value violates unique constraint "pdbf_pkey"
DETAIL:  Key (anio, mes, dia, periodo, codigo_uof, codigo_oferta)=(2025, 2, 26, 1, ABA1, 9455254) already exists.
CONTEXT:  COPY pdbf, line 1

[2026-01-22T20:16:43.906+0000] {pdbf.py:134} ERROR - Error processing zip bronze/omie/pdbf/2025/pdbf_202502.zip: duplicate key value violates unique constraint "pdbf_pkey"
DETAIL:  Key (anio, mes, dia, periodo, codigo_uof, codigo_oferta)=(2025, 2, 26, 1, ABA1, 9455254) already exists.
CONTEXT:  COPY pdbf, line 1

[2026-01-22T20:16:44.248+0000] {filesystem.py:48} INFO - Saved file to /opt/***/local_data/silver/omie/pdbf/2025/02/20250227.parquet
[2026-01-22T20:17:17.163+0000] {database.py:186} INFO - Inserted 51095 rows into 'omie.pdbf'.
[2026-01-22T20:17:17.165+0000] {pdbf.py:132} INFO - Processed pdbf for 20250227
[2026-01-22T20:17:17.587+0000] {filesystem.py:48} INFO - Saved file to /opt/***/local_data/silver/omie/pdbf/2025/02/20250228.parquet
[2026-01-22T20:17:43.237+0000] {database.py:186} INFO - Inserted 51794 rows into 'omie.pdbf'.
[2026-01-22T20:17:43.238+0000] {pdbf.py:132} INFO - Processed pdbf for 20250228
[2026-01-22T20:17:44.446+0000] {filesystem.py:48} INFO - Saved file to /opt/***/local_data/silver/omie/pdbf/2025/03/20250301.parquet
[2026-01-22T20:18:42.774+0000] {database.py:186} INFO - Inserted 51069 rows into 'omie.pdbf'.
[2026-01-22T20:18:42.802+0000] {pdbf.py:132} INFO - Processed pdbf for 20250301
[2026-01-22T20:18:45.682+0000] {filesystem.py:48} INFO - Saved file to /opt/***/local_data/silver/omie/pdbf/2025/03/20250302.parquet
[2026-01-22T20:19:33.261+0000] {database.py:186} INFO - Inserted 50306 rows into 'omie.pdbf'.
[2026-01-22T20:19:33.263+0000] {pdbf.py:132} INFO - Processed pdbf for 20250302
[2026-01-22T20:19:33.822+0000] {filesystem.py:48} INFO - Saved file to /opt/***/local_data/silver/omie/pdbf/2025/03/20250303.parquet
[2026-01-22T20:21:05.232+0000] {database.py:189} ERROR - Error during bulk insert into omie.pdbf: duplicate key value violates unique constraint "pdbf_pkey"
DETAIL:  Key (anio, mes, dia, periodo, codigo_uof, codigo_oferta)=(2025, 3, 3, 1, ABA1, 9467051) already exists.
CONTEXT:  COPY pdbf, line 1

[2026-01-22T20:21:05.233+0000] {pdbf.py:134} ERROR - Error processing zip bronze/omie/pdbf/2025/pdbf_202503.zip: duplicate key value violates unique constraint "pdbf_pkey"
DETAIL:  Key (anio, mes, dia, periodo, codigo_uof, codigo_oferta)=(2025, 3, 3, 1, ABA1, 9467051) already exists.
CONTEXT:  COPY pdbf, line 1

[2026-01-22T20:21:05.612+0000] {filesystem.py:48} INFO - Saved file to /opt/***/local_data/silver/omie/pdbf/2025/03/20250304.parquet
[2026-01-22T20:21:38.747+0000] {database.py:189} ERROR - Error during bulk insert into omie.pdbf: duplicate key value violates unique constraint "pdbf_pkey"
DETAIL:  Key (anio, mes, dia, periodo, codigo_uof, codigo_oferta)=(2025, 3, 4, 1, ABA1, 9470421) already exists.
CONTEXT:  COPY pdbf, line 1

[2026-01-22T20:21:38.748+0000] {pdbf.py:134} ERROR - Error processing zip bronze/omie/pdbf/2025/pdbf_202503.zip: duplicate key value violates unique constraint "pdbf_pkey"
DETAIL:  Key (anio, mes, dia, periodo, codigo_uof, codigo_oferta)=(2025, 3, 4, 1, ABA1, 9470421) already exists.
CONTEXT:  COPY pdbf, line 1

[2026-01-22T20:21:39.180+0000] {filesystem.py:48} INFO - Saved file to /opt/***/local_data/silver/omie/pdbf/2025/03/20250305.parquet
[2026-01-22T20:22:15.926+0000] {database.py:189} ERROR - Error during bulk insert into omie.pdbf: duplicate key value violates unique constraint "pdbf_pkey"
DETAIL:  Key (anio, mes, dia, periodo, codigo_uof, codigo_oferta)=(2025, 3, 5, 1, ABA1, 9474483) already exists.
CONTEXT:  COPY pdbf, line 1

[2026-01-22T20:22:15.927+0000] {pdbf.py:134} ERROR - Error processing zip bronze/omie/pdbf/2025/pdbf_202503.zip: duplicate key value violates unique constraint "pdbf_pkey"
DETAIL:  Key (anio, mes, dia, periodo, codigo_uof, codigo_oferta)=(2025, 3, 5, 1, ABA1, 9474483) already exists.
CONTEXT:  COPY pdbf, line 1

[2026-01-22T20:22:16.319+0000] {filesystem.py:48} INFO - Saved file to /opt/***/local_data/silver/omie/pdbf/2025/03/20250306.parquet
[2026-01-22T20:22:49.014+0000] {database.py:189} ERROR - Error during bulk insert into omie.pdbf: duplicate key value violates unique constraint "pdbf_pkey"
DETAIL:  Key (anio, mes, dia, periodo, codigo_uof, codigo_oferta)=(2025, 3, 6, 1, ABA1, 9474562) already exists.
CONTEXT:  COPY pdbf, line 1

[2026-01-22T20:22:49.016+0000] {pdbf.py:134} ERROR - Error processing zip bronze/omie/pdbf/2025/pdbf_202503.zip: duplicate key value violates unique constraint "pdbf_pkey"
DETAIL:  Key (anio, mes, dia, periodo, codigo_uof, codigo_oferta)=(2025, 3, 6, 1, ABA1, 9474562) already exists.
CONTEXT:  COPY pdbf, line 1

[2026-01-22T20:22:49.662+0000] {filesystem.py:48} INFO - Saved file to /opt/***/local_data/silver/omie/pdbf/2025/03/20250307.parquet
[2026-01-22T20:23:30.683+0000] {database.py:189} ERROR - Error during bulk insert into omie.pdbf: duplicate key value violates unique constraint "pdbf_pkey"
DETAIL:  Key (anio, mes, dia, periodo, codigo_uof, codigo_oferta)=(2025, 3, 7, 1, ABA1, 9479198) already exists.
CONTEXT:  COPY pdbf, line 1

[2026-01-22T20:23:30.686+0000] {pdbf.py:134} ERROR - Error processing zip bronze/omie/pdbf/2025/pdbf_202503.zip: duplicate key value violates unique constraint "pdbf_pkey"
DETAIL:  Key (anio, mes, dia, periodo, codigo_uof, codigo_oferta)=(2025, 3, 7, 1, ABA1, 9479198) already exists.
CONTEXT:  COPY pdbf, line 1

[2026-01-22T20:23:31.233+0000] {filesystem.py:48} INFO - Saved file to /opt/***/local_data/silver/omie/pdbf/2025/03/20250308.parquet
[2026-01-22T20:23:59.803+0000] {database.py:189} ERROR - Error during bulk insert into omie.pdbf: duplicate key value violates unique constraint "pdbf_pkey"
DETAIL:  Key (anio, mes, dia, periodo, codigo_uof, codigo_oferta)=(2025, 3, 8, 1, ABA1, 9479330) already exists.
CONTEXT:  COPY pdbf, line 1

[2026-01-22T20:23:59.804+0000] {pdbf.py:134} ERROR - Error processing zip bronze/omie/pdbf/2025/pdbf_202503.zip: duplicate key value violates unique constraint "pdbf_pkey"
DETAIL:  Key (anio, mes, dia, periodo, codigo_uof, codigo_oferta)=(2025, 3, 8, 1, ABA1, 9479330) already exists.
CONTEXT:  COPY pdbf, line 1

[2026-01-22T20:24:00.730+0000] {filesystem.py:48} INFO - Saved file to /opt/***/local_data/silver/omie/pdbf/2025/03/20250309.parquet
[2026-01-22T20:24:42.144+0000] {database.py:189} ERROR - Error during bulk insert into omie.pdbf: duplicate key value violates unique constraint "pdbf_pkey"
DETAIL:  Key (anio, mes, dia, periodo, codigo_uof, codigo_oferta)=(2025, 3, 9, 1, ABOUC01, 9487385) already exists.
CONTEXT:  COPY pdbf, line 1

[2026-01-22T20:24:42.147+0000] {pdbf.py:134} ERROR - Error processing zip bronze/omie/pdbf/2025/pdbf_202503.zip: duplicate key value violates unique constraint "pdbf_pkey"
DETAIL:  Key (anio, mes, dia, periodo, codigo_uof, codigo_oferta)=(2025, 3, 9, 1, ABOUC01, 9487385) already exists.
CONTEXT:  COPY pdbf, line 1

[2026-01-22T20:24:42.579+0000] {filesystem.py:48} INFO - Saved file to /opt/***/local_data/silver/omie/pdbf/2025/03/20250310.parquet
[2026-01-22T20:25:11.515+0000] {database.py:186} INFO - Inserted 51994 rows into 'omie.pdbf'.
[2026-01-22T20:25:11.517+0000] {pdbf.py:132} INFO - Processed pdbf for 20250310
[2026-01-22T20:25:12.489+0000] {filesystem.py:48} INFO - Saved file to /opt/***/local_data/silver/omie/pdbf/2025/03/20250311.parquet
[2026-01-22T20:25:54.206+0000] {database.py:189} ERROR - Error during bulk insert into omie.pdbf: duplicate key value violates unique constraint "pdbf_pkey"
DETAIL:  Key (anio, mes, dia, periodo, codigo_uof, codigo_oferta)=(2025, 3, 11, 1, ABA1, 9486949) already exists.
CONTEXT:  COPY pdbf, line 1

[2026-01-22T20:25:54.207+0000] {pdbf.py:134} ERROR - Error processing zip bronze/omie/pdbf/2025/pdbf_202503.zip: duplicate key value violates unique constraint "pdbf_pkey"
DETAIL:  Key (anio, mes, dia, periodo, codigo_uof, codigo_oferta)=(2025, 3, 11, 1, ABA1, 9486949) already exists.
CONTEXT:  COPY pdbf, line 1

[2026-01-22T20:25:54.788+0000] {filesystem.py:48} INFO - Saved file to /opt/***/local_data/silver/omie/pdbf/2025/03/20250312.parquet
[2026-01-22T20:26:24.171+0000] {database.py:189} ERROR - Error during bulk insert into omie.pdbf: duplicate key value violates unique constraint "pdbf_pkey"
DETAIL:  Key (anio, mes, dia, periodo, codigo_uof, codigo_oferta)=(2025, 3, 12, 1, ABA1, 9494884) already exists.
CONTEXT:  COPY pdbf, line 1

[2026-01-22T20:26:24.172+0000] {pdbf.py:134} ERROR - Error processing zip bronze/omie/pdbf/2025/pdbf_202503.zip: duplicate key value violates unique constraint "pdbf_pkey"
DETAIL:  Key (anio, mes, dia, periodo, codigo_uof, codigo_oferta)=(2025, 3, 12, 1, ABA1, 9494884) already exists.
CONTEXT:  COPY pdbf, line 1

[2026-01-22T20:26:24.597+0000] {filesystem.py:48} INFO - Saved file to /opt/***/local_data/silver/omie/pdbf/2025/03/20250313.parquet
[2026-01-22T20:27:15.790+0000] {database.py:189} ERROR - Error during bulk insert into omie.pdbf: duplicate key value violates unique constraint "pdbf_pkey"
DETAIL:  Key (anio, mes, dia, periodo, codigo_uof, codigo_oferta)=(2025, 3, 13, 1, ABA1, 9495828) already exists.
CONTEXT:  COPY pdbf, line 1

[2026-01-22T20:27:15.793+0000] {pdbf.py:134} ERROR - Error processing zip bronze/omie/pdbf/2025/pdbf_202503.zip: duplicate key value violates unique constraint "pdbf_pkey"
DETAIL:  Key (anio, mes, dia, periodo, codigo_uof, codigo_oferta)=(2025, 3, 13, 1, ABA1, 9495828) already exists.
CONTEXT:  COPY pdbf, line 1

[2026-01-22T20:27:16.325+0000] {filesystem.py:48} INFO - Saved file to /opt/***/local_data/silver/omie/pdbf/2025/03/20250314.parquet
[2026-01-22T20:27:45.235+0000] {database.py:186} INFO - Inserted 53509 rows into 'omie.pdbf'.
[2026-01-22T20:27:45.238+0000] {pdbf.py:132} INFO - Processed pdbf for 20250314
[2026-01-22T20:27:45.714+0000] {filesystem.py:48} INFO - Saved file to /opt/***/local_data/silver/omie/pdbf/2025/03/20250315.parquet
[2026-01-22T20:28:26.698+0000] {database.py:186} INFO - Inserted 51339 rows into 'omie.pdbf'.
[2026-01-22T20:28:26.699+0000] {pdbf.py:132} INFO - Processed pdbf for 20250315
[2026-01-22T20:28:27.300+0000] {filesystem.py:48} INFO - Saved file to /opt/***/local_data/silver/omie/pdbf/2025/03/20250316.parquet
[2026-01-22T20:29:00.835+0000] {database.py:186} INFO - Inserted 50936 rows into 'omie.pdbf'.
[2026-01-22T20:29:00.836+0000] {pdbf.py:132} INFO - Processed pdbf for 20250316
[2026-01-22T20:29:01.265+0000] {filesystem.py:48} INFO - Saved file to /opt/***/local_data/silver/omie/pdbf/2025/03/20250317.parquet
[2026-01-22T20:29:55.611+0000] {database.py:189} ERROR - Error during bulk insert into omie.pdbf: duplicate key value violates unique constraint "pdbf_pkey"
DETAIL:  Key (anio, mes, dia, periodo, codigo_uof, codigo_oferta)=(2025, 3, 17, 1, ABA1, 9500678) already exists.
CONTEXT:  COPY pdbf, line 1

[2026-01-22T20:29:55.614+0000] {pdbf.py:134} ERROR - Error processing zip bronze/omie/pdbf/2025/pdbf_202503.zip: duplicate key value violates unique constraint "pdbf_pkey"
DETAIL:  Key (anio, mes, dia, periodo, codigo_uof, codigo_oferta)=(2025, 3, 17, 1, ABA1, 9500678) already exists.
CONTEXT:  COPY pdbf, line 1

[2026-01-22T20:29:56.363+0000] {filesystem.py:48} INFO - Saved file to /opt/***/local_data/silver/omie/pdbf/2025/03/20250318.parquet
[2026-01-22T20:30:42.118+0000] {database.py:186} INFO - Inserted 53330 rows into 'omie.pdbf'.
[2026-01-22T20:30:42.120+0000] {pdbf.py:132} INFO - Processed pdbf for 20250318
[2026-01-22T20:30:46.677+0000] {filesystem.py:48} INFO - Saved file to /opt/***/local_data/silver/omie/pdbf/2025/03/20250319.parquet
[2026-01-22T20:31:46.012+0000] {database.py:189} ERROR - Error during bulk insert into omie.pdbf: duplicate key value violates unique constraint "pdbf_pkey"
DETAIL:  Key (anio, mes, dia, periodo, codigo_uof, codigo_oferta)=(2025, 3, 19, 1, ABA1, 9510848) already exists.
CONTEXT:  COPY pdbf, line 1

[2026-01-22T20:31:46.014+0000] {pdbf.py:134} ERROR - Error processing zip bronze/omie/pdbf/2025/pdbf_202503.zip: duplicate key value violates unique constraint "pdbf_pkey"
DETAIL:  Key (anio, mes, dia, periodo, codigo_uof, codigo_oferta)=(2025, 3, 19, 1, ABA1, 9510848) already exists.
CONTEXT:  COPY pdbf, line 1

[2026-01-22T20:31:47.615+0000] {filesystem.py:48} INFO - Saved file to /opt/***/local_data/silver/omie/pdbf/2025/03/20250320.parquet
[2026-01-22T20:32:23.653+0000] {database.py:186} INFO - Inserted 202328 rows into 'omie.pdbf'.
[2026-01-22T20:32:23.670+0000] {pdbf.py:132} INFO - Processed pdbf for 20250320
[2026-01-22T20:32:24.469+0000] {filesystem.py:48} INFO - Saved file to /opt/***/local_data/silver/omie/pdbf/2025/03/20250321.parquet
[2026-01-22T20:33:00.603+0000] {database.py:186} INFO - Inserted 203884 rows into 'omie.pdbf'.
[2026-01-22T20:33:00.610+0000] {pdbf.py:132} INFO - Processed pdbf for 20250321
[2026-01-22T20:33:01.388+0000] {filesystem.py:48} INFO - Saved file to /opt/***/local_data/silver/omie/pdbf/2025/03/20250322.parquet
[2026-01-22T20:33:28.261+0000] {database.py:189} ERROR - Error during bulk insert into omie.pdbf: duplicate key value violates unique constraint "pdbf_pkey"
DETAIL:  Key (anio, mes, dia, periodo, codigo_uof, codigo_oferta)=(2025, 3, 22, 1, ABOUC01, 9512378) already exists.
CONTEXT:  COPY pdbf, line 1

[2026-01-22T20:33:28.263+0000] {pdbf.py:134} ERROR - Error processing zip bronze/omie/pdbf/2025/pdbf_202503.zip: duplicate key value violates unique constraint "pdbf_pkey"
DETAIL:  Key (anio, mes, dia, periodo, codigo_uof, codigo_oferta)=(2025, 3, 22, 1, ABOUC01, 9512378) already exists.
CONTEXT:  COPY pdbf, line 1

[2026-01-22T20:33:29.159+0000] {filesystem.py:48} INFO - Saved file to /opt/***/local_data/silver/omie/pdbf/2025/03/20250323.parquet
[2026-01-22T20:33:58.978+0000] {database.py:186} INFO - Inserted 196024 rows into 'omie.pdbf'.
[2026-01-22T20:33:58.995+0000] {pdbf.py:132} INFO - Processed pdbf for 20250323
[2026-01-22T20:33:59.780+0000] {filesystem.py:48} INFO - Saved file to /opt/***/local_data/silver/omie/pdbf/2025/03/20250324.parquet
[2026-01-22T20:34:49.455+0000] {database.py:189} ERROR - Error during bulk insert into omie.pdbf: duplicate key value violates unique constraint "pdbf_pkey"
DETAIL:  Key (anio, mes, dia, periodo, codigo_uof, codigo_oferta)=(2025, 3, 24, 1, ABOUC01, 9512378) already exists.
CONTEXT:  COPY pdbf, line 1

[2026-01-22T20:34:49.461+0000] {pdbf.py:134} ERROR - Error processing zip bronze/omie/pdbf/2025/pdbf_202503.zip: duplicate key value violates unique constraint "pdbf_pkey"
DETAIL:  Key (anio, mes, dia, periodo, codigo_uof, codigo_oferta)=(2025, 3, 24, 1, ABOUC01, 9512378) already exists.
CONTEXT:  COPY pdbf, line 1

[2026-01-22T20:34:50.518+0000] {filesystem.py:48} INFO - Saved file to /opt/***/local_data/silver/omie/pdbf/2025/03/20250325.parquet
[2026-01-22T20:35:36.958+0000] {database.py:189} ERROR - Error during bulk insert into omie.pdbf: duplicate key value violates unique constraint "pdbf_pkey"
DETAIL:  Key (anio, mes, dia, periodo, codigo_uof, codigo_oferta)=(2025, 3, 25, 1, ABOUC01, 9512378) already exists.
CONTEXT:  COPY pdbf, line 1

[2026-01-22T20:35:36.959+0000] {pdbf.py:134} ERROR - Error processing zip bronze/omie/pdbf/2025/pdbf_202503.zip: duplicate key value violates unique constraint "pdbf_pkey"
DETAIL:  Key (anio, mes, dia, periodo, codigo_uof, codigo_oferta)=(2025, 3, 25, 1, ABOUC01, 9512378) already exists.
CONTEXT:  COPY pdbf, line 1

[2026-01-22T20:35:37.516+0000] {filesystem.py:48} INFO - Saved file to /opt/***/local_data/silver/omie/pdbf/2025/03/20250326.parquet
[2026-01-22T20:36:31.286+0000] {database.py:186} INFO - Inserted 198660 rows into 'omie.pdbf'.
[2026-01-22T20:36:31.295+0000] {pdbf.py:132} INFO - Processed pdbf for 20250326
[2026-01-22T20:36:31.840+0000] {filesystem.py:48} INFO - Saved file to /opt/***/local_data/silver/omie/pdbf/2025/03/20250327.parquet
[2026-01-22T20:37:19.398+0000] {database.py:186} INFO - Inserted 203680 rows into 'omie.pdbf'.
[2026-01-22T20:37:19.410+0000] {pdbf.py:132} INFO - Processed pdbf for 20250327
[2026-01-22T20:37:20.298+0000] {filesystem.py:48} INFO - Saved file to /opt/***/local_data/silver/omie/pdbf/2025/03/20250328.parquet
[2026-01-22T20:37:49.178+0000] {database.py:186} INFO - Inserted 195896 rows into 'omie.pdbf'.
[2026-01-22T20:37:49.187+0000] {pdbf.py:132} INFO - Processed pdbf for 20250328
[2026-01-22T20:37:50.109+0000] {filesystem.py:48} INFO - Saved file to /opt/***/local_data/silver/omie/pdbf/2025/03/20250329.parquet
[2026-01-22T20:38:35.135+0000] {database.py:186} INFO - Inserted 183292 rows into 'omie.pdbf'.
[2026-01-22T20:38:35.158+0000] {pdbf.py:132} INFO - Processed pdbf for 20250329
[2026-01-22T20:38:36.025+0000] {filesystem.py:48} INFO - Saved file to /opt/***/local_data/silver/omie/pdbf/2025/03/20250330.parquet
[2026-01-22T20:39:25.223+0000] {database.py:186} INFO - Inserted 168572 rows into 'omie.pdbf'.
[2026-01-22T20:39:25.231+0000] {pdbf.py:132} INFO - Processed pdbf for 20250330
[2026-01-22T20:39:25.887+0000] {filesystem.py:48} INFO - Saved file to /opt/***/local_data/silver/omie/pdbf/2025/03/20250331.parquet
[2026-01-22T20:40:11.460+0000] {database.py:186} INFO - Inserted 193408 rows into 'omie.pdbf'.
[2026-01-22T20:40:11.469+0000] {pdbf.py:132} INFO - Processed pdbf for 20250331
[2026-01-22T20:40:14.816+0000] {filesystem.py:48} INFO - Saved file to /opt/***/local_data/silver/omie/pdbf/2025/04/20250401.parquet
[2026-01-22T20:40:50.622+0000] {database.py:186} INFO - Inserted 203552 rows into 'omie.pdbf'.
[2026-01-22T20:40:50.637+0000] {pdbf.py:132} INFO - Processed pdbf for 20250401
[2026-01-22T20:40:51.527+0000] {filesystem.py:48} INFO - Saved file to /opt/***/local_data/silver/omie/pdbf/2025/04/20250402.parquet
[2026-01-22T20:41:30.781+0000] {database.py:186} INFO - Inserted 207864 rows into 'omie.pdbf'.
[2026-01-22T20:41:30.790+0000] {pdbf.py:132} INFO - Processed pdbf for 20250402
[2026-01-22T20:41:31.692+0000] {filesystem.py:48} INFO - Saved file to /opt/***/local_data/silver/omie/pdbf/2025/04/20250403.parquet
[2026-01-22T20:42:22.008+0000] {database.py:186} INFO - Inserted 211840 rows into 'omie.pdbf'.
[2026-01-22T20:42:22.053+0000] {pdbf.py:132} INFO - Processed pdbf for 20250403
[2026-01-22T20:42:23.735+0000] {filesystem.py:48} INFO - Saved file to /opt/***/local_data/silver/omie/pdbf/2025/04/20250404.parquet
[2026-01-22T20:43:22.897+0000] {database.py:186} INFO - Inserted 207072 rows into 'omie.pdbf'.
[2026-01-22T20:43:22.903+0000] {pdbf.py:132} INFO - Processed pdbf for 20250404
[2026-01-22T20:43:23.599+0000] {filesystem.py:48} INFO - Saved file to /opt/***/local_data/silver/omie/pdbf/2025/04/20250405.parquet
[2026-01-22T20:44:05.554+0000] {database.py:186} INFO - Inserted 197164 rows into 'omie.pdbf'.
[2026-01-22T20:44:05.565+0000] {pdbf.py:132} INFO - Processed pdbf for 20250405
[2026-01-22T20:44:06.604+0000] {filesystem.py:48} INFO - Saved file to /opt/***/local_data/silver/omie/pdbf/2025/04/20250406.parquet
[2026-01-22T20:44:56.210+0000] {database.py:186} INFO - Inserted 189220 rows into 'omie.pdbf'.
[2026-01-22T20:44:56.216+0000] {pdbf.py:132} INFO - Processed pdbf for 20250406
[2026-01-22T20:44:56.891+0000] {filesystem.py:48} INFO - Saved file to /opt/***/local_data/silver/omie/pdbf/2025/04/20250407.parquet
[2026-01-22T20:46:00.202+0000] {database.py:189} ERROR - Error during bulk insert into omie.pdbf: duplicate key value violates unique constraint "pdbf_pkey"
DETAIL:  Key (anio, mes, dia, periodo, codigo_uof, codigo_oferta)=(2025, 4, 7, 1, ABOUC01, 9553184) already exists.
CONTEXT:  COPY pdbf, line 1

[2026-01-22T20:46:00.203+0000] {pdbf.py:134} ERROR - Error processing zip bronze/omie/pdbf/2025/pdbf_202504.zip: duplicate key value violates unique constraint "pdbf_pkey"
DETAIL:  Key (anio, mes, dia, periodo, codigo_uof, codigo_oferta)=(2025, 4, 7, 1, ABOUC01, 9553184) already exists.
CONTEXT:  COPY pdbf, line 1

[2026-01-22T20:46:01.319+0000] {filesystem.py:48} INFO - Saved file to /opt/***/local_data/silver/omie/pdbf/2025/04/20250408.parquet
[2026-01-22T20:47:28.870+0000] {database.py:189} ERROR - Error during bulk insert into omie.pdbf: duplicate key value violates unique constraint "pdbf_pkey"
DETAIL:  Key (anio, mes, dia, periodo, codigo_uof, codigo_oferta)=(2025, 4, 8, 1, ABOUC01, 9553185) already exists.
CONTEXT:  COPY pdbf, line 1

[2026-01-22T20:47:28.872+0000] {pdbf.py:134} ERROR - Error processing zip bronze/omie/pdbf/2025/pdbf_202504.zip: duplicate key value violates unique constraint "pdbf_pkey"
DETAIL:  Key (anio, mes, dia, periodo, codigo_uof, codigo_oferta)=(2025, 4, 8, 1, ABOUC01, 9553185) already exists.
CONTEXT:  COPY pdbf, line 1

[2026-01-22T20:47:29.661+0000] {filesystem.py:48} INFO - Saved file to /opt/***/local_data/silver/omie/pdbf/2025/04/20250409.parquet
[2026-01-22T20:48:04.761+0000] {database.py:186} INFO - Inserted 204956 rows into 'omie.pdbf'.
[2026-01-22T20:48:04.771+0000] {pdbf.py:132} INFO - Processed pdbf for 20250409
[2026-01-22T20:48:05.889+0000] {filesystem.py:48} INFO - Saved file to /opt/***/local_data/silver/omie/pdbf/2025/04/20250410.parquet
[2026-01-22T20:48:46.320+0000] {database.py:186} INFO - Inserted 210068 rows into 'omie.pdbf'.
[2026-01-22T20:48:46.333+0000] {pdbf.py:132} INFO - Processed pdbf for 20250410
[2026-01-22T20:48:47.550+0000] {filesystem.py:48} INFO - Saved file to /opt/***/local_data/silver/omie/pdbf/2025/04/20250411.parquet
[2026-01-22T20:49:23.056+0000] {database.py:186} INFO - Inserted 211172 rows into 'omie.pdbf'.
[2026-01-22T20:49:23.081+0000] {pdbf.py:132} INFO - Processed pdbf for 20250411
[2026-01-22T20:49:24.080+0000] {filesystem.py:48} INFO - Saved file to /opt/***/local_data/silver/omie/pdbf/2025/04/20250412.parquet
[2026-01-22T20:50:22.913+0000] {database.py:186} INFO - Inserted 206224 rows into 'omie.pdbf'.
[2026-01-22T20:50:22.927+0000] {pdbf.py:132} INFO - Processed pdbf for 20250412
[2026-01-22T20:50:24.066+0000] {filesystem.py:48} INFO - Saved file to /opt/***/local_data/silver/omie/pdbf/2025/04/20250413.parquet
[2026-01-22T20:51:06.768+0000] {database.py:186} INFO - Inserted 200040 rows into 'omie.pdbf'.
[2026-01-22T20:51:06.777+0000] {pdbf.py:132} INFO - Processed pdbf for 20250413
[2026-01-22T20:51:07.782+0000] {filesystem.py:48} INFO - Saved file to /opt/***/local_data/silver/omie/pdbf/2025/04/20250414.parquet
[2026-01-22T20:51:48.443+0000] {database.py:186} INFO - Inserted 210912 rows into 'omie.pdbf'.
[2026-01-22T20:51:48.451+0000] {pdbf.py:132} INFO - Processed pdbf for 20250414
[2026-01-22T20:51:49.327+0000] {filesystem.py:48} INFO - Saved file to /opt/***/local_data/silver/omie/pdbf/2025/04/20250415.parquet
[2026-01-22T20:52:47.850+0000] {database.py:189} ERROR - Error during bulk insert into omie.pdbf: duplicate key value violates unique constraint "pdbf_pkey"
DETAIL:  Key (anio, mes, dia, periodo, codigo_uof, codigo_oferta)=(2025, 4, 15, 1, ABA1, 9571545) already exists.
CONTEXT:  COPY pdbf, line 1

[2026-01-22T20:52:47.851+0000] {pdbf.py:134} ERROR - Error processing zip bronze/omie/pdbf/2025/pdbf_202504.zip: duplicate key value violates unique constraint "pdbf_pkey"
DETAIL:  Key (anio, mes, dia, periodo, codigo_uof, codigo_oferta)=(2025, 4, 15, 1, ABA1, 9571545) already exists.
CONTEXT:  COPY pdbf, line 1

[2026-01-22T20:52:48.987+0000] {filesystem.py:48} INFO - Saved file to /opt/***/local_data/silver/omie/pdbf/2025/04/20250416.parquet
[2026-01-22T20:53:48.627+0000] {database.py:189} ERROR - Error during bulk insert into omie.pdbf: duplicate key value violates unique constraint "pdbf_pkey"
DETAIL:  Key (anio, mes, dia, periodo, codigo_uof, codigo_oferta)=(2025, 4, 16, 1, ABOUC01, 9577123) already exists.
CONTEXT:  COPY pdbf, line 1

[2026-01-22T20:53:48.628+0000] {pdbf.py:134} ERROR - Error processing zip bronze/omie/pdbf/2025/pdbf_202504.zip: duplicate key value violates unique constraint "pdbf_pkey"
DETAIL:  Key (anio, mes, dia, periodo, codigo_uof, codigo_oferta)=(2025, 4, 16, 1, ABOUC01, 9577123) already exists.
CONTEXT:  COPY pdbf, line 1

[2026-01-22T20:53:49.443+0000] {filesystem.py:48} INFO - Saved file to /opt/***/local_data/silver/omie/pdbf/2025/04/20250417.parquet
[2026-01-22T20:54:20.047+0000] {database.py:189} ERROR - Error during bulk insert into omie.pdbf: duplicate key value violates unique constraint "pdbf_pkey"
DETAIL:  Key (anio, mes, dia, periodo, codigo_uof, codigo_oferta)=(2025, 4, 17, 1, ABA1, 9575496) already exists.
CONTEXT:  COPY pdbf, line 1

[2026-01-22T20:54:20.051+0000] {pdbf.py:134} ERROR - Error processing zip bronze/omie/pdbf/2025/pdbf_202504.zip: duplicate key value violates unique constraint "pdbf_pkey"
DETAIL:  Key (anio, mes, dia, periodo, codigo_uof, codigo_oferta)=(2025, 4, 17, 1, ABA1, 9575496) already exists.
CONTEXT:  COPY pdbf, line 1

[2026-01-22T20:54:21.601+0000] {filesystem.py:48} INFO - Saved file to /opt/***/local_data/silver/omie/pdbf/2025/04/20250418.parquet
[2026-01-22T20:54:55.200+0000] {database.py:189} ERROR - Error during bulk insert into omie.pdbf: duplicate key value violates unique constraint "pdbf_pkey"
DETAIL:  Key (anio, mes, dia, periodo, codigo_uof, codigo_oferta)=(2025, 4, 18, 1, ABA1, 9577913) already exists.
CONTEXT:  COPY pdbf, line 1

[2026-01-22T20:54:55.201+0000] {pdbf.py:134} ERROR - Error processing zip bronze/omie/pdbf/2025/pdbf_202504.zip: duplicate key value violates unique constraint "pdbf_pkey"
DETAIL:  Key (anio, mes, dia, periodo, codigo_uof, codigo_oferta)=(2025, 4, 18, 1, ABA1, 9577913) already exists.
CONTEXT:  COPY pdbf, line 1

[2026-01-22T20:54:56.244+0000] {filesystem.py:48} INFO - Saved file to /opt/***/local_data/silver/omie/pdbf/2025/04/20250419.parquet
[2026-01-22T20:55:27.426+0000] {database.py:189} ERROR - Error during bulk insert into omie.pdbf: duplicate key value violates unique constraint "pdbf_pkey"
DETAIL:  Key (anio, mes, dia, periodo, codigo_uof, codigo_oferta)=(2025, 4, 19, 1, ABA1, 9583175) already exists.
CONTEXT:  COPY pdbf, line 1

[2026-01-22T20:55:27.428+0000] {pdbf.py:134} ERROR - Error processing zip bronze/omie/pdbf/2025/pdbf_202504.zip: duplicate key value violates unique constraint "pdbf_pkey"
DETAIL:  Key (anio, mes, dia, periodo, codigo_uof, codigo_oferta)=(2025, 4, 19, 1, ABA1, 9583175) already exists.
CONTEXT:  COPY pdbf, line 1

[2026-01-22T20:55:29.098+0000] {filesystem.py:48} INFO - Saved file to /opt/***/local_data/silver/omie/pdbf/2025/04/20250420.parquet
[2026-01-22T20:56:06.900+0000] {database.py:189} ERROR - Error during bulk insert into omie.pdbf: duplicate key value violates unique constraint "pdbf_pkey"
DETAIL:  Key (anio, mes, dia, periodo, codigo_uof, codigo_oferta)=(2025, 4, 20, 1, ABA1, 9583180) already exists.
CONTEXT:  COPY pdbf, line 1

[2026-01-22T20:56:06.902+0000] {pdbf.py:134} ERROR - Error processing zip bronze/omie/pdbf/2025/pdbf_202504.zip: duplicate key value violates unique constraint "pdbf_pkey"
DETAIL:  Key (anio, mes, dia, periodo, codigo_uof, codigo_oferta)=(2025, 4, 20, 1, ABA1, 9583180) already exists.
CONTEXT:  COPY pdbf, line 1

[2026-01-22T20:56:07.784+0000] {filesystem.py:48} INFO - Saved file to /opt/***/local_data/silver/omie/pdbf/2025/04/20250421.parquet
[2026-01-22T20:56:55.138+0000] {database.py:189} ERROR - Error during bulk insert into omie.pdbf: duplicate key value violates unique constraint "pdbf_pkey"
DETAIL:  Key (anio, mes, dia, periodo, codigo_uof, codigo_oferta)=(2025, 4, 21, 1, ABA1, 9585716) already exists.
CONTEXT:  COPY pdbf, line 1

[2026-01-22T20:56:55.139+0000] {pdbf.py:134} ERROR - Error processing zip bronze/omie/pdbf/2025/pdbf_202504.zip: duplicate key value violates unique constraint "pdbf_pkey"
DETAIL:  Key (anio, mes, dia, periodo, codigo_uof, codigo_oferta)=(2025, 4, 21, 1, ABA1, 9585716) already exists.
CONTEXT:  COPY pdbf, line 1

[2026-01-22T20:56:56.274+0000] {filesystem.py:48} INFO - Saved file to /opt/***/local_data/silver/omie/pdbf/2025/04/20250422.parquet
