[2026-01-23T16:09:44.963+0000] {local_task_job_runner.py:120} INFO - ::group::Pre task execution logs
[2026-01-23T16:09:45.220+0000] {taskinstance.py:2076} INFO - Dependencies all met for dep_context=non-requeueable deps ti=<TaskInstance: esios_liquicomun_pipeline.download_bronze scheduled__2026-01-22T08:00:00+00:00 [queued]>
[2026-01-23T16:09:45.252+0000] {taskinstance.py:2076} INFO - Dependencies all met for dep_context=requeueable deps ti=<TaskInstance: esios_liquicomun_pipeline.download_bronze scheduled__2026-01-22T08:00:00+00:00 [queued]>
[2026-01-23T16:09:45.343+0000] {taskinstance.py:2306} INFO - Starting attempt 1 of 2
[2026-01-23T16:09:45.592+0000] {taskinstance.py:2330} INFO - Executing <Task(PythonOperator): download_bronze> on 2026-01-22 08:00:00+00:00
[2026-01-23T16:09:45.675+0000] {standard_task_runner.py:63} INFO - Started process 261 to run task
[2026-01-23T16:09:45.717+0000] {standard_task_runner.py:90} INFO - Running: ['***', 'tasks', 'run', 'esios_liquicomun_pipeline', 'download_bronze', 'scheduled__2026-01-22T08:00:00+00:00', '--job-id', '175', '--raw', '--subdir', 'DAGS_FOLDER/esios_dag.py', '--cfg-path', '/tmp/tmp0q8cr185']
[2026-01-23T16:09:45.762+0000] {standard_task_runner.py:91} INFO - Job 175: Subtask download_bronze
[2026-01-23T16:09:46.261+0000] {task_command.py:426} INFO - Running <TaskInstance: esios_liquicomun_pipeline.download_bronze scheduled__2026-01-22T08:00:00+00:00 [running]> on host 2aff4151de2d
[2026-01-23T16:09:47.027+0000] {taskinstance.py:2648} INFO - Exporting env vars: AIRFLOW_CTX_DAG_OWNER='***' AIRFLOW_CTX_DAG_ID='esios_liquicomun_pipeline' AIRFLOW_CTX_TASK_ID='download_bronze' AIRFLOW_CTX_EXECUTION_DATE='2026-01-22T08:00:00+00:00' AIRFLOW_CTX_TRY_NUMBER='1' AIRFLOW_CTX_DAG_RUN_ID='scheduled__2026-01-22T08:00:00+00:00'
[2026-01-23T16:09:47.041+0000] {taskinstance.py:430} INFO - ::endgroup::
[2026-01-23T16:09:47.138+0000] {logging_mixin.py:188} INFO - Downloading from 2026-01-22 08:00:00+00:00 to 2026-01-22 08:00:00+00:00
[2026-01-23T16:09:47.140+0000] {liquicomun.py:44} INFO - Checking/Downloading Liquicomun ID 2 for 2026-01-22...
[2026-01-23T16:09:47.597+0000] {client.py:62} INFO - Archive 2 for 2026-01-22 08:00:00+00:00 seems empty (50 bytes).
[2026-01-23T16:09:47.604+0000] {liquicomun.py:44} INFO - Checking/Downloading Liquicomun ID 3 for 2026-01-22...
[2026-01-23T16:09:50.079+0000] {filesystem.py:48} INFO - Saved file to /opt/***/local_data/bronze/liquicomun/2026/01/esios_3_20260122.zip
[2026-01-23T16:09:50.080+0000] {liquicomun.py:59} INFO - Stored: bronze/liquicomun/2026/01/esios_3_20260122.zip
[2026-01-23T16:09:50.087+0000] {liquicomun.py:44} INFO - Checking/Downloading Liquicomun ID 4 for 2026-01-22...
[2026-01-23T16:09:50.446+0000] {client.py:62} INFO - Archive 4 for 2026-01-22 08:00:00+00:00 seems empty (50 bytes).
[2026-01-23T16:09:50.454+0000] {liquicomun.py:44} INFO - Checking/Downloading Liquicomun ID 5 for 2026-01-22...
[2026-01-23T16:09:50.758+0000] {client.py:62} INFO - Archive 5 for 2026-01-22 08:00:00+00:00 seems empty (50 bytes).
[2026-01-23T16:09:50.798+0000] {liquicomun.py:44} INFO - Checking/Downloading Liquicomun ID 6 for 2026-01-22...
[2026-01-23T16:09:51.446+0000] {client.py:62} INFO - Archive 6 for 2026-01-22 08:00:00+00:00 seems empty (50 bytes).
[2026-01-23T16:09:51.586+0000] {liquicomun.py:44} INFO - Checking/Downloading Liquicomun ID 7 for 2026-01-22...
[2026-01-23T16:09:51.969+0000] {client.py:62} INFO - Archive 7 for 2026-01-22 08:00:00+00:00 seems empty (50 bytes).
[2026-01-23T16:09:52.008+0000] {liquicomun.py:44} INFO - Checking/Downloading Liquicomun ID 8 for 2026-01-22...
[2026-01-23T16:09:52.384+0000] {client.py:62} INFO - Archive 8 for 2026-01-22 08:00:00+00:00 seems empty (50 bytes).
[2026-01-23T16:09:52.417+0000] {liquicomun.py:44} INFO - Checking/Downloading Liquicomun ID 9 for 2026-01-22...
[2026-01-23T16:09:52.822+0000] {client.py:62} INFO - Archive 9 for 2026-01-22 08:00:00+00:00 seems empty (50 bytes).
[2026-01-23T16:09:52.843+0000] {liquicomun.py:44} INFO - Checking/Downloading Liquicomun ID 10 for 2026-01-22...
[2026-01-23T16:09:53.177+0000] {client.py:62} INFO - Archive 10 for 2026-01-22 08:00:00+00:00 seems empty (50 bytes).
[2026-01-23T16:09:53.239+0000] {liquicomun.py:44} INFO - Checking/Downloading Liquicomun ID 11 for 2026-01-22...
[2026-01-23T16:09:53.624+0000] {client.py:62} INFO - Archive 11 for 2026-01-22 08:00:00+00:00 seems empty (50 bytes).
[2026-01-23T16:09:53.672+0000] {python.py:237} INFO - Done. Returned value was: {'start': '2026-01-22', 'end': '2026-01-22'}
[2026-01-23T16:09:53.674+0000] {taskinstance.py:441} INFO - ::group::Post task execution logs
[2026-01-23T16:09:53.766+0000] {taskinstance.py:1206} INFO - Marking task as SUCCESS. dag_id=esios_liquicomun_pipeline, task_id=download_bronze, run_id=scheduled__2026-01-22T08:00:00+00:00, execution_date=20260122T080000, start_date=20260123T160945, end_date=20260123T160953
[2026-01-23T16:09:53.888+0000] {local_task_job_runner.py:240} INFO - Task exited with return code 0
[2026-01-23T16:09:54.030+0000] {taskinstance.py:3503} INFO - 1 downstream tasks scheduled from follow-on schedule check
[2026-01-23T16:09:54.039+0000] {local_task_job_runner.py:222} INFO - ::endgroup::
