[2026-01-22T19:13:49.633+0000] {local_task_job_runner.py:120} INFO - ::group::Pre task execution logs
[2026-01-22T19:13:49.869+0000] {taskinstance.py:2076} INFO - Dependencies all met for dep_context=non-requeueable deps ti=<TaskInstance: esios_liquicomun_pipeline.process_gold manual__2026-01-22T19:12:29.991422+00:00 [queued]>
[2026-01-22T19:13:49.920+0000] {taskinstance.py:2076} INFO - Dependencies all met for dep_context=requeueable deps ti=<TaskInstance: esios_liquicomun_pipeline.process_gold manual__2026-01-22T19:12:29.991422+00:00 [queued]>
[2026-01-22T19:13:49.929+0000] {taskinstance.py:2306} INFO - Starting attempt 1 of 2
[2026-01-22T19:13:50.006+0000] {taskinstance.py:2330} INFO - Executing <Task(PythonOperator): process_gold> on 2026-01-22 19:12:29.991422+00:00
[2026-01-22T19:13:50.049+0000] {standard_task_runner.py:63} INFO - Started process 4960 to run task
[2026-01-22T19:13:50.076+0000] {standard_task_runner.py:90} INFO - Running: ['***', 'tasks', 'run', 'esios_liquicomun_pipeline', 'process_gold', 'manual__2026-01-22T19:12:29.991422+00:00', '--job-id', '162', '--raw', '--subdir', 'DAGS_FOLDER/esios_dag.py', '--cfg-path', '/tmp/tmpj72zluay']
[2026-01-22T19:13:50.089+0000] {standard_task_runner.py:91} INFO - Job 162: Subtask process_gold
[2026-01-22T19:13:50.498+0000] {task_command.py:426} INFO - Running <TaskInstance: esios_liquicomun_pipeline.process_gold manual__2026-01-22T19:12:29.991422+00:00 [running]> on host 2aff4151de2d
[2026-01-22T19:13:51.297+0000] {taskinstance.py:2648} INFO - Exporting env vars: AIRFLOW_CTX_DAG_OWNER='***' AIRFLOW_CTX_DAG_ID='esios_liquicomun_pipeline' AIRFLOW_CTX_TASK_ID='process_gold' AIRFLOW_CTX_EXECUTION_DATE='2026-01-22T19:12:29.991422+00:00' AIRFLOW_CTX_TRY_NUMBER='1' AIRFLOW_CTX_DAG_RUN_ID='manual__2026-01-22T19:12:29.991422+00:00'
[2026-01-22T19:13:51.310+0000] {taskinstance.py:430} INFO - ::endgroup::
[2026-01-22T19:13:51.461+0000] {logging_mixin.py:188} INFO - Processing Gold for 2026-01-22 00:00:00 - 2026-01-22 00:00:00
[2026-01-22T19:13:51.519+0000] {liquicomun.py:56} INFO - Loading silver/liquicomun/2026/01/A1_enrttrba_20260101_20260131.parquet into liq_enrttrba...
[2026-01-22T19:13:52.318+0000] {database.py:108} INFO - Table liquicomun."liq_enrttrba" ensured.
[2026-01-22T19:13:52.373+0000] {database.py:208} INFO - Index 'idx_liq_enrttrba_source_file' checked/created on liquicomun."liq_enrttrba".
[2026-01-22T19:13:52.456+0000] {liquicomun.py:103} INFO -   Inserting 658 rows into liq_enrttrba
[2026-01-22T19:13:52.556+0000] {liquicomun.py:126} INFO -   Cleaned existing data for source_file: A1_enrttrba_20260101_20260131
[2026-01-22T19:13:52.831+0000] {database.py:186} INFO - Inserted 657 rows into 'liquicomun.liq_enrttrba'.
[2026-01-22T19:13:52.834+0000] {liquicomun.py:56} INFO - Loading silver/liquicomun/2026/01/A1_enrttrsu_20260101_20260131.parquet into liq_enrttrsu...
[2026-01-22T19:13:52.895+0000] {database.py:108} INFO - Table liquicomun."liq_enrttrsu" ensured.
[2026-01-22T19:13:52.900+0000] {database.py:208} INFO - Index 'idx_liq_enrttrsu_source_file' checked/created on liquicomun."liq_enrttrsu".
[2026-01-22T19:13:52.934+0000] {liquicomun.py:103} INFO -   Inserting 928 rows into liq_enrttrsu
[2026-01-22T19:13:53.741+0000] {liquicomun.py:126} INFO -   Cleaned existing data for source_file: A1_enrttrsu_20260101_20260131
[2026-01-22T19:13:54.454+0000] {database.py:186} INFO - Inserted 927 rows into 'liquicomun.liq_enrttrsu'.
[2026-01-22T19:13:54.462+0000] {liquicomun.py:56} INFO - Loading silver/liquicomun/2026/01/A1_ensecqhba_20260101_20260131.parquet into liq_ensecqhba...
[2026-01-22T19:13:54.616+0000] {database.py:108} INFO - Table liquicomun."liq_ensecqhba" ensured.
[2026-01-22T19:13:54.636+0000] {database.py:208} INFO - Index 'idx_liq_ensecqhba_source_file' checked/created on liquicomun."liq_ensecqhba".
[2026-01-22T19:13:54.658+0000] {liquicomun.py:103} INFO -   Inserting 1230 rows into liq_ensecqhba
[2026-01-22T19:13:54.734+0000] {liquicomun.py:126} INFO -   Cleaned existing data for source_file: A1_ensecqhba_20260101_20260131
[2026-01-22T19:13:55.201+0000] {database.py:186} INFO - Inserted 1229 rows into 'liquicomun.liq_ensecqhba'.
[2026-01-22T19:13:55.206+0000] {liquicomun.py:56} INFO - Loading silver/liquicomun/2026/01/A1_ensecqhsu_20260101_20260131.parquet into liq_ensecqhsu...
[2026-01-22T19:13:55.371+0000] {database.py:108} INFO - Table liquicomun."liq_ensecqhsu" ensured.
[2026-01-22T19:13:55.433+0000] {database.py:208} INFO - Index 'idx_liq_ensecqhsu_source_file' checked/created on liquicomun."liq_ensecqhsu".
[2026-01-22T19:13:55.526+0000] {liquicomun.py:103} INFO -   Inserting 1316 rows into liq_ensecqhsu
[2026-01-22T19:13:55.576+0000] {liquicomun.py:126} INFO -   Cleaned existing data for source_file: A1_ensecqhsu_20260101_20260131
[2026-01-22T19:13:55.995+0000] {database.py:186} INFO - Inserted 1315 rows into 'liquicomun.liq_ensecqhsu'.
[2026-01-22T19:13:56.001+0000] {liquicomun.py:56} INFO - Loading silver/liquicomun/2026/01/A1_enterqhba_20260101_20260131.parquet into liq_enterqhba...
[2026-01-22T19:13:56.090+0000] {database.py:108} INFO - Table liquicomun."liq_enterqhba" ensured.
[2026-01-22T19:13:56.103+0000] {database.py:208} INFO - Index 'idx_liq_enterqhba_source_file' checked/created on liquicomun."liq_enterqhba".
[2026-01-22T19:13:56.138+0000] {liquicomun.py:103} INFO -   Inserting 1335 rows into liq_enterqhba
[2026-01-22T19:13:56.221+0000] {liquicomun.py:126} INFO -   Cleaned existing data for source_file: A1_enterqhba_20260101_20260131
[2026-01-22T19:13:56.637+0000] {database.py:186} INFO - Inserted 1334 rows into 'liquicomun.liq_enterqhba'.
[2026-01-22T19:13:56.639+0000] {liquicomun.py:56} INFO - Loading silver/liquicomun/2026/01/A1_enterqhsu_20260101_20260131.parquet into liq_enterqhsu...
[2026-01-22T19:13:56.770+0000] {database.py:108} INFO - Table liquicomun."liq_enterqhsu" ensured.
[2026-01-22T19:13:56.779+0000] {database.py:208} INFO - Index 'idx_liq_enterqhsu_source_file' checked/created on liquicomun."liq_enterqhsu".
[2026-01-22T19:13:56.826+0000] {liquicomun.py:103} INFO -   Inserting 1382 rows into liq_enterqhsu
[2026-01-22T19:13:56.900+0000] {liquicomun.py:126} INFO -   Cleaned existing data for source_file: A1_enterqhsu_20260101_20260131
[2026-01-22T19:13:57.350+0000] {database.py:186} INFO - Inserted 1381 rows into 'liquicomun.liq_enterqhsu'.
[2026-01-22T19:13:57.373+0000] {liquicomun.py:56} INFO - Loading silver/liquicomun/2026/01/A1_prdvbaqh_20260101_20260131.parquet into liq_prdvbaqh...
[2026-01-22T19:13:57.529+0000] {database.py:108} INFO - Table liquicomun."liq_prdvbaqh" ensured.
[2026-01-22T19:13:57.555+0000] {database.py:208} INFO - Index 'idx_liq_prdvbaqh_source_file' checked/created on liquicomun."liq_prdvbaqh".
[2026-01-22T19:13:57.625+0000] {liquicomun.py:103} INFO -   Inserting 1457 rows into liq_prdvbaqh
[2026-01-22T19:13:57.736+0000] {liquicomun.py:126} INFO -   Cleaned existing data for source_file: A1_prdvbaqh_20260101_20260131
[2026-01-22T19:13:58.185+0000] {database.py:186} INFO - Inserted 1456 rows into 'liquicomun.liq_prdvbaqh'.
[2026-01-22T19:13:58.189+0000] {liquicomun.py:56} INFO - Loading silver/liquicomun/2026/01/A1_prdvdatos_20260101_20260131.parquet into liq_prdvdatos...
[2026-01-22T19:13:58.337+0000] {database.py:108} INFO - Table liquicomun."liq_prdvdatos" ensured.
[2026-01-22T19:13:58.354+0000] {database.py:208} INFO - Index 'idx_liq_prdvdatos_source_file' checked/created on liquicomun."liq_prdvdatos".
[2026-01-22T19:13:58.468+0000] {liquicomun.py:103} INFO -   Inserting 1441 rows into liq_prdvdatos
[2026-01-22T19:13:58.563+0000] {liquicomun.py:126} INFO -   Cleaned existing data for source_file: A1_prdvdatos_20260101_20260131
[2026-01-22T19:13:59.126+0000] {database.py:186} INFO - Inserted 1440 rows into 'liquicomun.liq_prdvdatos'.
[2026-01-22T19:13:59.131+0000] {liquicomun.py:56} INFO - Loading silver/liquicomun/2026/01/A1_prdvsuqh_20260101_20260131.parquet into liq_prdvsuqh...
[2026-01-22T19:13:59.224+0000] {database.py:108} INFO - Table liquicomun."liq_prdvsuqh" ensured.
[2026-01-22T19:13:59.228+0000] {database.py:208} INFO - Index 'idx_liq_prdvsuqh_source_file' checked/created on liquicomun."liq_prdvsuqh".
[2026-01-22T19:13:59.245+0000] {liquicomun.py:103} INFO -   Inserting 1457 rows into liq_prdvsuqh
[2026-01-22T19:13:59.360+0000] {liquicomun.py:126} INFO -   Cleaned existing data for source_file: A1_prdvsuqh_20260101_20260131
[2026-01-22T19:13:59.895+0000] {database.py:186} INFO - Inserted 1456 rows into 'liquicomun.liq_prdvsuqh'.
[2026-01-22T19:13:59.901+0000] {liquicomun.py:56} INFO - Loading silver/liquicomun/2026/01/A2_enrttrba_20260101_20260131.parquet into liq_enrttrba...
[2026-01-22T19:14:00.157+0000] {database.py:108} INFO - Table liquicomun."liq_enrttrba" ensured.
[2026-01-22T19:14:00.161+0000] {database.py:208} INFO - Index 'idx_liq_enrttrba_source_file' checked/created on liquicomun."liq_enrttrba".
[2026-01-22T19:14:00.235+0000] {liquicomun.py:103} INFO -   Inserting 795 rows into liq_enrttrba
[2026-01-22T19:14:00.366+0000] {liquicomun.py:126} INFO -   Cleaned existing data for source_file: A2_enrttrba_20260101_20260131
[2026-01-22T19:14:00.742+0000] {database.py:186} INFO - Inserted 794 rows into 'liquicomun.liq_enrttrba'.
[2026-01-22T19:14:00.744+0000] {liquicomun.py:56} INFO - Loading silver/liquicomun/2026/01/A2_enrttrsu_20260101_20260131.parquet into liq_enrttrsu...
[2026-01-22T19:14:00.854+0000] {database.py:108} INFO - Table liquicomun."liq_enrttrsu" ensured.
[2026-01-22T19:14:00.859+0000] {database.py:208} INFO - Index 'idx_liq_enrttrsu_source_file' checked/created on liquicomun."liq_enrttrsu".
[2026-01-22T19:14:00.925+0000] {liquicomun.py:103} INFO -   Inserting 1242 rows into liq_enrttrsu
[2026-01-22T19:14:01.077+0000] {liquicomun.py:126} INFO -   Cleaned existing data for source_file: A2_enrttrsu_20260101_20260131
[2026-01-22T19:14:01.444+0000] {database.py:186} INFO - Inserted 1241 rows into 'liquicomun.liq_enrttrsu'.
[2026-01-22T19:14:01.447+0000] {liquicomun.py:56} INFO - Loading silver/liquicomun/2026/01/A2_ensecqhba_20260101_20260131.parquet into liq_ensecqhba...
[2026-01-22T19:14:01.530+0000] {database.py:108} INFO - Table liquicomun."liq_ensecqhba" ensured.
[2026-01-22T19:14:01.551+0000] {database.py:208} INFO - Index 'idx_liq_ensecqhba_source_file' checked/created on liquicomun."liq_ensecqhba".
[2026-01-22T19:14:01.646+0000] {liquicomun.py:103} INFO -   Inserting 1729 rows into liq_ensecqhba
[2026-01-22T19:14:01.692+0000] {liquicomun.py:126} INFO -   Cleaned existing data for source_file: A2_ensecqhba_20260101_20260131
[2026-01-22T19:14:02.052+0000] {database.py:186} INFO - Inserted 1728 rows into 'liquicomun.liq_ensecqhba'.
[2026-01-22T19:14:02.054+0000] {liquicomun.py:56} INFO - Loading silver/liquicomun/2026/01/A2_ensecqhsu_20260101_20260131.parquet into liq_ensecqhsu...
[2026-01-22T19:14:02.180+0000] {database.py:108} INFO - Table liquicomun."liq_ensecqhsu" ensured.
[2026-01-22T19:14:02.184+0000] {database.py:208} INFO - Index 'idx_liq_ensecqhsu_source_file' checked/created on liquicomun."liq_ensecqhsu".
[2026-01-22T19:14:02.245+0000] {liquicomun.py:103} INFO -   Inserting 1833 rows into liq_ensecqhsu
[2026-01-22T19:14:02.347+0000] {liquicomun.py:126} INFO -   Cleaned existing data for source_file: A2_ensecqhsu_20260101_20260131
[2026-01-22T19:14:02.730+0000] {database.py:186} INFO - Inserted 1832 rows into 'liquicomun.liq_ensecqhsu'.
[2026-01-22T19:14:02.732+0000] {liquicomun.py:56} INFO - Loading silver/liquicomun/2026/01/A2_enterqhba_20260101_20260131.parquet into liq_enterqhba...
[2026-01-22T19:14:02.903+0000] {database.py:108} INFO - Table liquicomun."liq_enterqhba" ensured.
[2026-01-22T19:14:02.931+0000] {database.py:208} INFO - Index 'idx_liq_enterqhba_source_file' checked/created on liquicomun."liq_enterqhba".
[2026-01-22T19:14:02.965+0000] {liquicomun.py:103} INFO -   Inserting 1893 rows into liq_enterqhba
[2026-01-22T19:14:03.067+0000] {liquicomun.py:126} INFO -   Cleaned existing data for source_file: A2_enterqhba_20260101_20260131
[2026-01-22T19:14:03.392+0000] {database.py:186} INFO - Inserted 1892 rows into 'liquicomun.liq_enterqhba'.
[2026-01-22T19:14:03.396+0000] {liquicomun.py:56} INFO - Loading silver/liquicomun/2026/01/A2_enterqhsu_20260101_20260131.parquet into liq_enterqhsu...
[2026-01-22T19:14:03.595+0000] {database.py:108} INFO - Table liquicomun."liq_enterqhsu" ensured.
[2026-01-22T19:14:03.598+0000] {database.py:208} INFO - Index 'idx_liq_enterqhsu_source_file' checked/created on liquicomun."liq_enterqhsu".
[2026-01-22T19:14:03.665+0000] {liquicomun.py:103} INFO -   Inserting 1941 rows into liq_enterqhsu
[2026-01-22T19:14:03.783+0000] {liquicomun.py:126} INFO -   Cleaned existing data for source_file: A2_enterqhsu_20260101_20260131
[2026-01-22T19:14:04.205+0000] {database.py:186} INFO - Inserted 1940 rows into 'liquicomun.liq_enterqhsu'.
[2026-01-22T19:14:04.209+0000] {liquicomun.py:56} INFO - Loading silver/liquicomun/2026/01/A2_prdvbaqh_20260101_20260131.parquet into liq_prdvbaqh...
[2026-01-22T19:14:04.371+0000] {database.py:108} INFO - Table liquicomun."liq_prdvbaqh" ensured.
[2026-01-22T19:14:04.392+0000] {database.py:208} INFO - Index 'idx_liq_prdvbaqh_source_file' checked/created on liquicomun."liq_prdvbaqh".
[2026-01-22T19:14:04.455+0000] {liquicomun.py:103} INFO -   Inserting 2027 rows into liq_prdvbaqh
[2026-01-22T19:14:04.523+0000] {liquicomun.py:126} INFO -   Cleaned existing data for source_file: A2_prdvbaqh_20260101_20260131
[2026-01-22T19:14:04.977+0000] {database.py:186} INFO - Inserted 2026 rows into 'liquicomun.liq_prdvbaqh'.
[2026-01-22T19:14:04.981+0000] {liquicomun.py:56} INFO - Loading silver/liquicomun/2026/01/A2_prdvdatos_20260101_20260131.parquet into liq_prdvdatos...
[2026-01-22T19:14:05.141+0000] {database.py:108} INFO - Table liquicomun."liq_prdvdatos" ensured.
[2026-01-22T19:14:05.147+0000] {database.py:208} INFO - Index 'idx_liq_prdvdatos_source_file' checked/created on liquicomun."liq_prdvdatos".
[2026-01-22T19:14:05.300+0000] {liquicomun.py:103} INFO -   Inserting 2017 rows into liq_prdvdatos
[2026-01-22T19:14:05.365+0000] {liquicomun.py:126} INFO -   Cleaned existing data for source_file: A2_prdvdatos_20260101_20260131
[2026-01-22T19:14:05.863+0000] {database.py:186} INFO - Inserted 2016 rows into 'liquicomun.liq_prdvdatos'.
[2026-01-22T19:14:05.865+0000] {liquicomun.py:56} INFO - Loading silver/liquicomun/2026/01/A2_prdvsuqh_20260101_20260131.parquet into liq_prdvsuqh...
[2026-01-22T19:14:06.030+0000] {database.py:108} INFO - Table liquicomun."liq_prdvsuqh" ensured.
[2026-01-22T19:14:06.037+0000] {database.py:208} INFO - Index 'idx_liq_prdvsuqh_source_file' checked/created on liquicomun."liq_prdvsuqh".
[2026-01-22T19:14:06.065+0000] {liquicomun.py:103} INFO -   Inserting 2027 rows into liq_prdvsuqh
[2026-01-22T19:14:06.150+0000] {liquicomun.py:126} INFO -   Cleaned existing data for source_file: A2_prdvsuqh_20260101_20260131
[2026-01-22T19:14:06.759+0000] {database.py:186} INFO - Inserted 2026 rows into 'liquicomun.liq_prdvsuqh'.
[2026-01-22T19:14:06.766+0000] {python.py:237} INFO - Done. Returned value was: None
[2026-01-22T19:14:06.767+0000] {taskinstance.py:441} INFO - ::group::Post task execution logs
[2026-01-22T19:14:06.837+0000] {taskinstance.py:1206} INFO - Marking task as SUCCESS. dag_id=esios_liquicomun_pipeline, task_id=process_gold, run_id=manual__2026-01-22T19:12:29.991422+00:00, execution_date=20260122T191229, start_date=20260122T191349, end_date=20260122T191406
[2026-01-22T19:14:07.519+0000] {local_task_job_runner.py:240} INFO - Task exited with return code 0
[2026-01-22T19:14:07.661+0000] {taskinstance.py:3503} INFO - 0 downstream tasks scheduled from follow-on schedule check
[2026-01-22T19:14:07.703+0000] {local_task_job_runner.py:222} INFO - ::endgroup::
