[2026-01-20T18:58:33.710+0000] {local_task_job_runner.py:120} INFO - ::group::Pre task execution logs
[2026-01-20T18:58:33.773+0000] {taskinstance.py:2076} INFO - Dependencies all met for dep_context=non-requeueable deps ti=<TaskInstance: esios_liquicomun_pipeline.ingest_silver scheduled__2026-01-19T08:00:00+00:00 [queued]>
[2026-01-20T18:58:33.806+0000] {taskinstance.py:2076} INFO - Dependencies all met for dep_context=requeueable deps ti=<TaskInstance: esios_liquicomun_pipeline.ingest_silver scheduled__2026-01-19T08:00:00+00:00 [queued]>
[2026-01-20T18:58:33.807+0000] {taskinstance.py:2306} INFO - Starting attempt 1 of 2
[2026-01-20T18:58:33.831+0000] {taskinstance.py:2330} INFO - Executing <Task(PythonOperator): ingest_silver> on 2026-01-19 08:00:00+00:00
[2026-01-20T18:58:33.843+0000] {standard_task_runner.py:63} INFO - Started process 978 to run task
[2026-01-20T18:58:33.851+0000] {standard_task_runner.py:90} INFO - Running: ['***', 'tasks', 'run', 'esios_liquicomun_pipeline', 'ingest_silver', 'scheduled__2026-01-19T08:00:00+00:00', '--job-id', '42', '--raw', '--subdir', 'DAGS_FOLDER/esios_dag.py', '--cfg-path', '/tmp/tmpxrdtp6lf']
[2026-01-20T18:58:33.856+0000] {standard_task_runner.py:91} INFO - Job 42: Subtask ingest_silver
[2026-01-20T18:58:33.994+0000] {task_command.py:426} INFO - Running <TaskInstance: esios_liquicomun_pipeline.ingest_silver scheduled__2026-01-19T08:00:00+00:00 [running]> on host d1a9e72e2525
[2026-01-20T18:58:34.141+0000] {taskinstance.py:2648} INFO - Exporting env vars: AIRFLOW_CTX_DAG_OWNER='***' AIRFLOW_CTX_DAG_ID='esios_liquicomun_pipeline' AIRFLOW_CTX_TASK_ID='ingest_silver' AIRFLOW_CTX_EXECUTION_DATE='2026-01-19T08:00:00+00:00' AIRFLOW_CTX_TRY_NUMBER='1' AIRFLOW_CTX_DAG_RUN_ID='scheduled__2026-01-19T08:00:00+00:00'
[2026-01-20T18:58:34.143+0000] {taskinstance.py:430} INFO - ::endgroup::
[2026-01-20T18:58:34.176+0000] {logging_mixin.py:188} INFO - Ingesting Silver for 2026-01-19 00:00:00 - 2026-01-19 00:00:00
[2026-01-20T18:58:34.187+0000] {liquicomun_parquet.py:46} INFO - Ingesting bronze/liquicomun/2026/01/esios_3_20260119.zip to Parquet...
[2026-01-20T18:58:34.325+0000] {liquicomun_parquet.py:73} INFO -   Processing A2_enrttrba_20260101_20260131 -> enrttrba
[2026-01-20T18:58:34.336+0000] {liquicomun_parquet.py:104} WARNING -     Column mismatch: Found 4, expected 7
[2026-01-20T18:58:34.372+0000] {filesystem.py:48} INFO - Saved file to /opt/***/local_data/silver/liquicomun/2026/01/A2_enrttrba_20260101_20260131.parquet
[2026-01-20T18:58:34.373+0000] {liquicomun_parquet.py:164} INFO -     Saved Parquet: silver/liquicomun/2026/01/A2_enrttrba_20260101_20260131.parquet
[2026-01-20T18:58:34.374+0000] {liquicomun_parquet.py:73} INFO -   Processing A2_enrttrsu_20260101_20260131 -> enrttrsu
[2026-01-20T18:58:34.379+0000] {liquicomun_parquet.py:104} WARNING -     Column mismatch: Found 4, expected 7
[2026-01-20T18:58:34.399+0000] {filesystem.py:48} INFO - Saved file to /opt/***/local_data/silver/liquicomun/2026/01/A2_enrttrsu_20260101_20260131.parquet
[2026-01-20T18:58:34.400+0000] {liquicomun_parquet.py:164} INFO -     Saved Parquet: silver/liquicomun/2026/01/A2_enrttrsu_20260101_20260131.parquet
[2026-01-20T18:58:34.401+0000] {liquicomun_parquet.py:73} INFO -   Processing A2_ensecqhba_20260101_20260131 -> ensecqhba
[2026-01-20T18:58:34.409+0000] {liquicomun_parquet.py:104} WARNING -     Column mismatch: Found 4, expected 7
[2026-01-20T18:58:34.660+0000] {filesystem.py:48} INFO - Saved file to /opt/***/local_data/silver/liquicomun/2026/01/A2_ensecqhba_20260101_20260131.parquet
[2026-01-20T18:58:34.661+0000] {liquicomun_parquet.py:164} INFO -     Saved Parquet: silver/liquicomun/2026/01/A2_ensecqhba_20260101_20260131.parquet
[2026-01-20T18:58:34.661+0000] {liquicomun_parquet.py:73} INFO -   Processing A2_ensecqhsu_20260101_20260131 -> ensecqhsu
[2026-01-20T18:58:34.669+0000] {liquicomun_parquet.py:104} WARNING -     Column mismatch: Found 4, expected 7
[2026-01-20T18:58:34.703+0000] {filesystem.py:48} INFO - Saved file to /opt/***/local_data/silver/liquicomun/2026/01/A2_ensecqhsu_20260101_20260131.parquet
[2026-01-20T18:58:34.704+0000] {liquicomun_parquet.py:164} INFO -     Saved Parquet: silver/liquicomun/2026/01/A2_ensecqhsu_20260101_20260131.parquet
[2026-01-20T18:58:34.705+0000] {liquicomun_parquet.py:73} INFO -   Processing A2_enterqhba_20260101_20260131 -> enterqhba
[2026-01-20T18:58:34.716+0000] {liquicomun_parquet.py:104} WARNING -     Column mismatch: Found 4, expected 7
[2026-01-20T18:58:34.750+0000] {filesystem.py:48} INFO - Saved file to /opt/***/local_data/silver/liquicomun/2026/01/A2_enterqhba_20260101_20260131.parquet
[2026-01-20T18:58:34.750+0000] {liquicomun_parquet.py:164} INFO -     Saved Parquet: silver/liquicomun/2026/01/A2_enterqhba_20260101_20260131.parquet
[2026-01-20T18:58:34.751+0000] {liquicomun_parquet.py:73} INFO -   Processing A2_enterqhsu_20260101_20260131 -> enterqhsu
[2026-01-20T18:58:34.763+0000] {liquicomun_parquet.py:104} WARNING -     Column mismatch: Found 4, expected 7
[2026-01-20T18:58:34.793+0000] {filesystem.py:48} INFO - Saved file to /opt/***/local_data/silver/liquicomun/2026/01/A2_enterqhsu_20260101_20260131.parquet
[2026-01-20T18:58:34.794+0000] {liquicomun_parquet.py:164} INFO -     Saved Parquet: silver/liquicomun/2026/01/A2_enterqhsu_20260101_20260131.parquet
[2026-01-20T18:58:34.795+0000] {liquicomun_parquet.py:73} INFO -   Processing A2_prdvbaqh_20260101_20260131 -> prdvbaqh
[2026-01-20T18:58:34.804+0000] {liquicomun_parquet.py:104} WARNING -     Column mismatch: Found 4, expected 7
[2026-01-20T18:58:34.846+0000] {filesystem.py:48} INFO - Saved file to /opt/***/local_data/silver/liquicomun/2026/01/A2_prdvbaqh_20260101_20260131.parquet
[2026-01-20T18:58:34.846+0000] {liquicomun_parquet.py:164} INFO -     Saved Parquet: silver/liquicomun/2026/01/A2_prdvbaqh_20260101_20260131.parquet
[2026-01-20T18:58:34.847+0000] {liquicomun_parquet.py:73} INFO -   Processing A2_prdvdatos_20260101_20260131 -> prdvdatos
[2026-01-20T18:58:34.869+0000] {liquicomun_parquet.py:104} WARNING -     Column mismatch: Found 15, expected 18
[2026-01-20T18:58:34.899+0000] {filesystem.py:48} INFO - Saved file to /opt/***/local_data/silver/liquicomun/2026/01/A2_prdvdatos_20260101_20260131.parquet
[2026-01-20T18:58:34.899+0000] {liquicomun_parquet.py:164} INFO -     Saved Parquet: silver/liquicomun/2026/01/A2_prdvdatos_20260101_20260131.parquet
[2026-01-20T18:58:34.900+0000] {liquicomun_parquet.py:73} INFO -   Processing A2_prdvsuqh_20260101_20260131 -> prdvsuqh
[2026-01-20T18:58:34.909+0000] {liquicomun_parquet.py:104} WARNING -     Column mismatch: Found 4, expected 7
[2026-01-20T18:58:34.939+0000] {filesystem.py:48} INFO - Saved file to /opt/***/local_data/silver/liquicomun/2026/01/A2_prdvsuqh_20260101_20260131.parquet
[2026-01-20T18:58:34.939+0000] {liquicomun_parquet.py:164} INFO -     Saved Parquet: silver/liquicomun/2026/01/A2_prdvsuqh_20260101_20260131.parquet
[2026-01-20T18:58:34.942+0000] {python.py:237} INFO - Done. Returned value was: {'start': '2026-01-19', 'end': '2026-01-19'}
[2026-01-20T18:58:34.942+0000] {taskinstance.py:441} INFO - ::group::Post task execution logs
[2026-01-20T18:58:34.976+0000] {taskinstance.py:1206} INFO - Marking task as SUCCESS. dag_id=esios_liquicomun_pipeline, task_id=ingest_silver, run_id=scheduled__2026-01-19T08:00:00+00:00, execution_date=20260119T080000, start_date=20260120T185833, end_date=20260120T185834
[2026-01-20T18:58:35.034+0000] {local_task_job_runner.py:240} INFO - Task exited with return code 0
[2026-01-20T18:58:35.063+0000] {taskinstance.py:3503} INFO - 1 downstream tasks scheduled from follow-on schedule check
[2026-01-20T18:58:35.065+0000] {local_task_job_runner.py:222} INFO - ::endgroup::
