[2026-01-23T16:09:53.809+0000] {local_task_job_runner.py:120} INFO - ::group::Pre task execution logs
[2026-01-23T16:09:53.915+0000] {taskinstance.py:2076} INFO - Dependencies all met for dep_context=non-requeueable deps ti=<TaskInstance: omie_pipeline.process_pdvd scheduled__2026-01-22T08:30:00+00:00 [queued]>
[2026-01-23T16:09:53.943+0000] {taskinstance.py:2076} INFO - Dependencies all met for dep_context=requeueable deps ti=<TaskInstance: omie_pipeline.process_pdvd scheduled__2026-01-22T08:30:00+00:00 [queued]>
[2026-01-23T16:09:53.945+0000] {taskinstance.py:2306} INFO - Starting attempt 1 of 2
[2026-01-23T16:09:54.008+0000] {taskinstance.py:2330} INFO - Executing <Task(PythonOperator): process_pdvd> on 2026-01-22 08:30:00+00:00
[2026-01-23T16:09:54.045+0000] {standard_task_runner.py:63} INFO - Started process 276 to run task
[2026-01-23T16:09:54.056+0000] {standard_task_runner.py:90} INFO - Running: ['***', 'tasks', 'run', 'omie_pipeline', 'process_pdvd', 'scheduled__2026-01-22T08:30:00+00:00', '--job-id', '184', '--raw', '--subdir', 'DAGS_FOLDER/omie_dag.py', '--cfg-path', '/tmp/tmpnstfhtxq']
[2026-01-23T16:09:54.073+0000] {standard_task_runner.py:91} INFO - Job 184: Subtask process_pdvd
[2026-01-23T16:09:54.469+0000] {task_command.py:426} INFO - Running <TaskInstance: omie_pipeline.process_pdvd scheduled__2026-01-22T08:30:00+00:00 [running]> on host 2aff4151de2d
[2026-01-23T16:09:54.860+0000] {taskinstance.py:2648} INFO - Exporting env vars: AIRFLOW_CTX_DAG_OWNER='***' AIRFLOW_CTX_DAG_ID='omie_pipeline' AIRFLOW_CTX_TASK_ID='process_pdvd' AIRFLOW_CTX_EXECUTION_DATE='2026-01-22T08:30:00+00:00' AIRFLOW_CTX_TRY_NUMBER='1' AIRFLOW_CTX_DAG_RUN_ID='scheduled__2026-01-22T08:30:00+00:00'
[2026-01-23T16:09:54.862+0000] {taskinstance.py:430} INFO - ::endgroup::
[2026-01-23T16:09:54.947+0000] {logging_mixin.py:188} INFO - Processing process_pdvd for 2025-01-01 00:00:00 - 2026-01-22 00:00:00
[2026-01-23T16:11:07.485+0000] {filesystem.py:48} INFO - Saved file to /opt/***/local_data/silver/omie/pdvd/2025/01/20250101.parquet
[2026-01-23T16:12:21.916+0000] {database.py:189} ERROR - Error during bulk insert into omie.pdvd: duplicate key value violates unique constraint "pdvd_pkey"
DETAIL:  Key (anio, mes, dia, periodo, codigo_uof)=(2025, 1, 1, 1, ABA1) already exists.
CONTEXT:  COPY pdvd, line 1

[2026-01-23T16:12:21.918+0000] {pdvd.py:127} ERROR - Error processing zip bronze/omie/pdvd/2025/pdvd_202501.zip: duplicate key value violates unique constraint "pdvd_pkey"
DETAIL:  Key (anio, mes, dia, periodo, codigo_uof)=(2025, 1, 1, 1, ABA1) already exists.
CONTEXT:  COPY pdvd, line 1

[2026-01-23T16:12:22.302+0000] {filesystem.py:48} INFO - Saved file to /opt/***/local_data/silver/omie/pdvd/2025/01/20250102.parquet
[2026-01-23T16:13:14.517+0000] {database.py:186} INFO - Inserted 55123 rows into 'omie.pdvd'.
[2026-01-23T16:13:14.520+0000] {pdvd.py:125} INFO - Processed pdvd for 20250102
[2026-01-23T16:13:15.010+0000] {filesystem.py:48} INFO - Saved file to /opt/***/local_data/silver/omie/pdvd/2025/01/20250103.parquet
[2026-01-23T16:14:16.949+0000] {database.py:186} INFO - Inserted 55222 rows into 'omie.pdvd'.
[2026-01-23T16:14:16.956+0000] {pdvd.py:125} INFO - Processed pdvd for 20250103
[2026-01-23T16:14:17.894+0000] {filesystem.py:48} INFO - Saved file to /opt/***/local_data/silver/omie/pdvd/2025/01/20250104.parquet
[2026-01-23T16:15:30.448+0000] {database.py:189} ERROR - Error during bulk insert into omie.pdvd: duplicate key value violates unique constraint "pdvd_pkey"
DETAIL:  Key (anio, mes, dia, periodo, codigo_uof)=(2025, 1, 4, 1, ABA1) already exists.
CONTEXT:  COPY pdvd, line 1

[2026-01-23T16:15:30.450+0000] {pdvd.py:127} ERROR - Error processing zip bronze/omie/pdvd/2025/pdvd_202501.zip: duplicate key value violates unique constraint "pdvd_pkey"
DETAIL:  Key (anio, mes, dia, periodo, codigo_uof)=(2025, 1, 4, 1, ABA1) already exists.
CONTEXT:  COPY pdvd, line 1

[2026-01-23T16:15:30.815+0000] {filesystem.py:48} INFO - Saved file to /opt/***/local_data/silver/omie/pdvd/2025/01/20250105.parquet
