[2026-01-20T20:26:31.624+0000] {local_task_job_runner.py:120} INFO - ::group::Pre task execution logs
[2026-01-20T20:26:31.663+0000] {taskinstance.py:2076} INFO - Dependencies all met for dep_context=non-requeueable deps ti=<TaskInstance: esios_liquicomun_pipeline.process_gold manual__2026-01-20T20:26:23.439457+00:00 [queued]>
[2026-01-20T20:26:31.679+0000] {taskinstance.py:2076} INFO - Dependencies all met for dep_context=requeueable deps ti=<TaskInstance: esios_liquicomun_pipeline.process_gold manual__2026-01-20T20:26:23.439457+00:00 [queued]>
[2026-01-20T20:26:31.681+0000] {taskinstance.py:2306} INFO - Starting attempt 1 of 2
[2026-01-20T20:26:31.728+0000] {taskinstance.py:2330} INFO - Executing <Task(PythonOperator): process_gold> on 2026-01-20 20:26:23.439457+00:00
[2026-01-20T20:26:31.752+0000] {standard_task_runner.py:90} INFO - Running: ['***', 'tasks', 'run', 'esios_liquicomun_pipeline', 'process_gold', 'manual__2026-01-20T20:26:23.439457+00:00', '--job-id', '85', '--raw', '--subdir', 'DAGS_FOLDER/esios_dag.py', '--cfg-path', '/tmp/tmpp32g_037']
[2026-01-20T20:26:31.758+0000] {standard_task_runner.py:91} INFO - Job 85: Subtask process_gold
[2026-01-20T20:26:31.747+0000] {standard_task_runner.py:63} INFO - Started process 255 to run task
[2026-01-20T20:26:31.837+0000] {task_command.py:426} INFO - Running <TaskInstance: esios_liquicomun_pipeline.process_gold manual__2026-01-20T20:26:23.439457+00:00 [running]> on host 2aff4151de2d
[2026-01-20T20:26:31.933+0000] {taskinstance.py:2648} INFO - Exporting env vars: AIRFLOW_CTX_DAG_OWNER='***' AIRFLOW_CTX_DAG_ID='esios_liquicomun_pipeline' AIRFLOW_CTX_TASK_ID='process_gold' AIRFLOW_CTX_EXECUTION_DATE='2026-01-20T20:26:23.439457+00:00' AIRFLOW_CTX_TRY_NUMBER='1' AIRFLOW_CTX_DAG_RUN_ID='manual__2026-01-20T20:26:23.439457+00:00'
[2026-01-20T20:26:31.935+0000] {taskinstance.py:430} INFO - ::endgroup::
[2026-01-20T20:26:31.963+0000] {logging_mixin.py:188} INFO - Processing Gold for 2026-01-20 00:00:00 - 2026-01-20 00:00:00
[2026-01-20T20:26:31.969+0000] {liquicomun.py:56} INFO - Loading silver/liquicomun/2026/01/A1_enrttrba_20260101_20260131.parquet into liq_enrttrba...
[2026-01-20T20:26:32.078+0000] {database.py:108} INFO - Table liquicomun."liq_enrttrba" ensured.
[2026-01-20T20:26:32.083+0000] {database.py:208} INFO - Index 'idx_liq_enrttrba_source_file' checked/created on liquicomun."liq_enrttrba".
[2026-01-20T20:26:32.094+0000] {liquicomun.py:103} INFO -   Inserting 658 rows into liq_enrttrba
[2026-01-20T20:26:32.098+0000] {liquicomun.py:126} INFO -   Cleaned existing data for source_file: A1_enrttrba_20260101_20260131
[2026-01-20T20:26:32.124+0000] {database.py:186} INFO - Inserted 657 rows into 'liquicomun.liq_enrttrba'.
[2026-01-20T20:26:32.125+0000] {liquicomun.py:56} INFO - Loading silver/liquicomun/2026/01/A1_enrttrsu_20260101_20260131.parquet into liq_enrttrsu...
[2026-01-20T20:26:32.153+0000] {database.py:108} INFO - Table liquicomun."liq_enrttrsu" ensured.
[2026-01-20T20:26:32.158+0000] {database.py:208} INFO - Index 'idx_liq_enrttrsu_source_file' checked/created on liquicomun."liq_enrttrsu".
[2026-01-20T20:26:32.163+0000] {liquicomun.py:103} INFO -   Inserting 928 rows into liq_enrttrsu
[2026-01-20T20:26:32.166+0000] {liquicomun.py:126} INFO -   Cleaned existing data for source_file: A1_enrttrsu_20260101_20260131
[2026-01-20T20:26:32.180+0000] {database.py:186} INFO - Inserted 927 rows into 'liquicomun.liq_enrttrsu'.
[2026-01-20T20:26:32.181+0000] {liquicomun.py:56} INFO - Loading silver/liquicomun/2026/01/A1_ensecqhba_20260101_20260131.parquet into liq_ensecqhba...
[2026-01-20T20:26:32.225+0000] {database.py:108} INFO - Table liquicomun."liq_ensecqhba" ensured.
[2026-01-20T20:26:32.229+0000] {database.py:208} INFO - Index 'idx_liq_ensecqhba_source_file' checked/created on liquicomun."liq_ensecqhba".
[2026-01-20T20:26:32.233+0000] {liquicomun.py:103} INFO -   Inserting 1230 rows into liq_ensecqhba
[2026-01-20T20:26:32.236+0000] {liquicomun.py:126} INFO -   Cleaned existing data for source_file: A1_ensecqhba_20260101_20260131
[2026-01-20T20:26:32.255+0000] {database.py:186} INFO - Inserted 1229 rows into 'liquicomun.liq_ensecqhba'.
[2026-01-20T20:26:32.255+0000] {liquicomun.py:56} INFO - Loading silver/liquicomun/2026/01/A1_ensecqhsu_20260101_20260131.parquet into liq_ensecqhsu...
[2026-01-20T20:26:32.295+0000] {database.py:108} INFO - Table liquicomun."liq_ensecqhsu" ensured.
[2026-01-20T20:26:32.301+0000] {database.py:208} INFO - Index 'idx_liq_ensecqhsu_source_file' checked/created on liquicomun."liq_ensecqhsu".
[2026-01-20T20:26:32.306+0000] {liquicomun.py:103} INFO -   Inserting 1316 rows into liq_ensecqhsu
[2026-01-20T20:26:32.309+0000] {liquicomun.py:126} INFO -   Cleaned existing data for source_file: A1_ensecqhsu_20260101_20260131
[2026-01-20T20:26:32.326+0000] {database.py:186} INFO - Inserted 1315 rows into 'liquicomun.liq_ensecqhsu'.
[2026-01-20T20:26:32.327+0000] {liquicomun.py:56} INFO - Loading silver/liquicomun/2026/01/A1_enterqhba_20260101_20260131.parquet into liq_enterqhba...
[2026-01-20T20:26:32.364+0000] {database.py:108} INFO - Table liquicomun."liq_enterqhba" ensured.
[2026-01-20T20:26:32.371+0000] {database.py:208} INFO - Index 'idx_liq_enterqhba_source_file' checked/created on liquicomun."liq_enterqhba".
[2026-01-20T20:26:32.375+0000] {liquicomun.py:103} INFO -   Inserting 1335 rows into liq_enterqhba
[2026-01-20T20:26:32.378+0000] {liquicomun.py:126} INFO -   Cleaned existing data for source_file: A1_enterqhba_20260101_20260131
[2026-01-20T20:26:32.399+0000] {database.py:186} INFO - Inserted 1334 rows into 'liquicomun.liq_enterqhba'.
[2026-01-20T20:26:32.400+0000] {liquicomun.py:56} INFO - Loading silver/liquicomun/2026/01/A1_enterqhsu_20260101_20260131.parquet into liq_enterqhsu...
[2026-01-20T20:26:32.446+0000] {database.py:108} INFO - Table liquicomun."liq_enterqhsu" ensured.
[2026-01-20T20:26:32.455+0000] {database.py:208} INFO - Index 'idx_liq_enterqhsu_source_file' checked/created on liquicomun."liq_enterqhsu".
[2026-01-20T20:26:32.460+0000] {liquicomun.py:103} INFO -   Inserting 1382 rows into liq_enterqhsu
[2026-01-20T20:26:32.464+0000] {liquicomun.py:126} INFO -   Cleaned existing data for source_file: A1_enterqhsu_20260101_20260131
[2026-01-20T20:26:32.485+0000] {database.py:186} INFO - Inserted 1381 rows into 'liquicomun.liq_enterqhsu'.
[2026-01-20T20:26:32.486+0000] {liquicomun.py:56} INFO - Loading silver/liquicomun/2026/01/A1_prdvbaqh_20260101_20260131.parquet into liq_prdvbaqh...
[2026-01-20T20:26:32.516+0000] {database.py:108} INFO - Table liquicomun."liq_prdvbaqh" ensured.
[2026-01-20T20:26:32.520+0000] {database.py:208} INFO - Index 'idx_liq_prdvbaqh_source_file' checked/created on liquicomun."liq_prdvbaqh".
[2026-01-20T20:26:32.525+0000] {liquicomun.py:103} INFO -   Inserting 1457 rows into liq_prdvbaqh
[2026-01-20T20:26:32.528+0000] {liquicomun.py:126} INFO -   Cleaned existing data for source_file: A1_prdvbaqh_20260101_20260131
[2026-01-20T20:26:32.549+0000] {database.py:186} INFO - Inserted 1456 rows into 'liquicomun.liq_prdvbaqh'.
[2026-01-20T20:26:32.550+0000] {liquicomun.py:56} INFO - Loading silver/liquicomun/2026/01/A1_prdvdatos_20260101_20260131.parquet into liq_prdvdatos...
[2026-01-20T20:26:32.606+0000] {database.py:108} INFO - Table liquicomun."liq_prdvdatos" ensured.
[2026-01-20T20:26:32.612+0000] {database.py:208} INFO - Index 'idx_liq_prdvdatos_source_file' checked/created on liquicomun."liq_prdvdatos".
[2026-01-20T20:26:32.620+0000] {liquicomun.py:103} INFO -   Inserting 1441 rows into liq_prdvdatos
[2026-01-20T20:26:32.623+0000] {liquicomun.py:126} INFO -   Cleaned existing data for source_file: A1_prdvdatos_20260101_20260131
[2026-01-20T20:26:32.654+0000] {database.py:186} INFO - Inserted 1440 rows into 'liquicomun.liq_prdvdatos'.
[2026-01-20T20:26:32.655+0000] {liquicomun.py:56} INFO - Loading silver/liquicomun/2026/01/A1_prdvsuqh_20260101_20260131.parquet into liq_prdvsuqh...
[2026-01-20T20:26:32.695+0000] {database.py:108} INFO - Table liquicomun."liq_prdvsuqh" ensured.
[2026-01-20T20:26:32.702+0000] {database.py:208} INFO - Index 'idx_liq_prdvsuqh_source_file' checked/created on liquicomun."liq_prdvsuqh".
[2026-01-20T20:26:32.707+0000] {liquicomun.py:103} INFO -   Inserting 1457 rows into liq_prdvsuqh
[2026-01-20T20:26:32.711+0000] {liquicomun.py:126} INFO -   Cleaned existing data for source_file: A1_prdvsuqh_20260101_20260131
[2026-01-20T20:26:32.732+0000] {database.py:186} INFO - Inserted 1456 rows into 'liquicomun.liq_prdvsuqh'.
[2026-01-20T20:26:32.733+0000] {liquicomun.py:56} INFO - Loading silver/liquicomun/2026/01/A2_enrttrba_20260101_20260131.parquet into liq_enrttrba...
[2026-01-20T20:26:32.748+0000] {database.py:108} INFO - Table liquicomun."liq_enrttrba" ensured.
[2026-01-20T20:26:32.749+0000] {database.py:208} INFO - Index 'idx_liq_enrttrba_source_file' checked/created on liquicomun."liq_enrttrba".
[2026-01-20T20:26:32.753+0000] {liquicomun.py:103} INFO -   Inserting 767 rows into liq_enrttrba
[2026-01-20T20:26:32.755+0000] {liquicomun.py:126} INFO -   Cleaned existing data for source_file: A2_enrttrba_20260101_20260131
[2026-01-20T20:26:32.772+0000] {database.py:186} INFO - Inserted 766 rows into 'liquicomun.liq_enrttrba'.
[2026-01-20T20:26:32.772+0000] {liquicomun.py:56} INFO - Loading silver/liquicomun/2026/01/A2_enrttrsu_20260101_20260131.parquet into liq_enrttrsu...
[2026-01-20T20:26:32.787+0000] {database.py:108} INFO - Table liquicomun."liq_enrttrsu" ensured.
[2026-01-20T20:26:32.789+0000] {database.py:208} INFO - Index 'idx_liq_enrttrsu_source_file' checked/created on liquicomun."liq_enrttrsu".
[2026-01-20T20:26:32.792+0000] {liquicomun.py:103} INFO -   Inserting 1106 rows into liq_enrttrsu
[2026-01-20T20:26:32.795+0000] {liquicomun.py:126} INFO -   Cleaned existing data for source_file: A2_enrttrsu_20260101_20260131
[2026-01-20T20:26:32.813+0000] {database.py:186} INFO - Inserted 1105 rows into 'liquicomun.liq_enrttrsu'.
[2026-01-20T20:26:32.814+0000] {liquicomun.py:56} INFO - Loading silver/liquicomun/2026/01/A2_ensecqhba_20260101_20260131.parquet into liq_ensecqhba...
[2026-01-20T20:26:32.835+0000] {database.py:108} INFO - Table liquicomun."liq_ensecqhba" ensured.
[2026-01-20T20:26:32.837+0000] {database.py:208} INFO - Index 'idx_liq_ensecqhba_source_file' checked/created on liquicomun."liq_ensecqhba".
[2026-01-20T20:26:32.840+0000] {liquicomun.py:103} INFO -   Inserting 1551 rows into liq_ensecqhba
[2026-01-20T20:26:32.844+0000] {liquicomun.py:126} INFO -   Cleaned existing data for source_file: A2_ensecqhba_20260101_20260131
[2026-01-20T20:26:32.868+0000] {database.py:186} INFO - Inserted 1550 rows into 'liquicomun.liq_ensecqhba'.
[2026-01-20T20:26:32.869+0000] {liquicomun.py:56} INFO - Loading silver/liquicomun/2026/01/A2_ensecqhsu_20260101_20260131.parquet into liq_ensecqhsu...
[2026-01-20T20:26:32.887+0000] {database.py:108} INFO - Table liquicomun."liq_ensecqhsu" ensured.
[2026-01-20T20:26:32.889+0000] {database.py:208} INFO - Index 'idx_liq_ensecqhsu_source_file' checked/created on liquicomun."liq_ensecqhsu".
[2026-01-20T20:26:32.893+0000] {liquicomun.py:103} INFO -   Inserting 1676 rows into liq_ensecqhsu
[2026-01-20T20:26:32.897+0000] {liquicomun.py:126} INFO -   Cleaned existing data for source_file: A2_ensecqhsu_20260101_20260131
[2026-01-20T20:26:32.924+0000] {database.py:186} INFO - Inserted 1675 rows into 'liquicomun.liq_ensecqhsu'.
[2026-01-20T20:26:32.925+0000] {liquicomun.py:56} INFO - Loading silver/liquicomun/2026/01/A2_enterqhba_20260101_20260131.parquet into liq_enterqhba...
[2026-01-20T20:26:32.938+0000] {database.py:108} INFO - Table liquicomun."liq_enterqhba" ensured.
[2026-01-20T20:26:32.939+0000] {database.py:208} INFO - Index 'idx_liq_enterqhba_source_file' checked/created on liquicomun."liq_enterqhba".
[2026-01-20T20:26:32.943+0000] {liquicomun.py:103} INFO -   Inserting 1706 rows into liq_enterqhba
[2026-01-20T20:26:32.946+0000] {liquicomun.py:126} INFO -   Cleaned existing data for source_file: A2_enterqhba_20260101_20260131
[2026-01-20T20:26:32.970+0000] {database.py:186} INFO - Inserted 1705 rows into 'liquicomun.liq_enterqhba'.
[2026-01-20T20:26:32.971+0000] {liquicomun.py:56} INFO - Loading silver/liquicomun/2026/01/A2_enterqhsu_20260101_20260131.parquet into liq_enterqhsu...
[2026-01-20T20:26:32.990+0000] {database.py:108} INFO - Table liquicomun."liq_enterqhsu" ensured.
[2026-01-20T20:26:32.991+0000] {database.py:208} INFO - Index 'idx_liq_enterqhsu_source_file' checked/created on liquicomun."liq_enterqhsu".
[2026-01-20T20:26:32.995+0000] {liquicomun.py:103} INFO -   Inserting 1761 rows into liq_enterqhsu
[2026-01-20T20:26:32.999+0000] {liquicomun.py:126} INFO -   Cleaned existing data for source_file: A2_enterqhsu_20260101_20260131
[2026-01-20T20:26:33.028+0000] {database.py:186} INFO - Inserted 1760 rows into 'liquicomun.liq_enterqhsu'.
[2026-01-20T20:26:33.028+0000] {liquicomun.py:56} INFO - Loading silver/liquicomun/2026/01/A2_prdvbaqh_20260101_20260131.parquet into liq_prdvbaqh...
[2026-01-20T20:26:33.049+0000] {database.py:108} INFO - Table liquicomun."liq_prdvbaqh" ensured.
[2026-01-20T20:26:33.051+0000] {database.py:208} INFO - Index 'idx_liq_prdvbaqh_source_file' checked/created on liquicomun."liq_prdvbaqh".
[2026-01-20T20:26:33.054+0000] {liquicomun.py:103} INFO -   Inserting 1837 rows into liq_prdvbaqh
[2026-01-20T20:26:33.058+0000] {liquicomun.py:126} INFO -   Cleaned existing data for source_file: A2_prdvbaqh_20260101_20260131
[2026-01-20T20:26:33.089+0000] {database.py:186} INFO - Inserted 1836 rows into 'liquicomun.liq_prdvbaqh'.
[2026-01-20T20:26:33.089+0000] {liquicomun.py:56} INFO - Loading silver/liquicomun/2026/01/A2_prdvdatos_20260101_20260131.parquet into liq_prdvdatos...
[2026-01-20T20:26:33.101+0000] {database.py:108} INFO - Table liquicomun."liq_prdvdatos" ensured.
[2026-01-20T20:26:33.103+0000] {database.py:208} INFO - Index 'idx_liq_prdvdatos_source_file' checked/created on liquicomun."liq_prdvdatos".
[2026-01-20T20:26:33.110+0000] {liquicomun.py:103} INFO -   Inserting 1825 rows into liq_prdvdatos
[2026-01-20T20:26:33.113+0000] {liquicomun.py:126} INFO -   Cleaned existing data for source_file: A2_prdvdatos_20260101_20260131
[2026-01-20T20:26:33.144+0000] {database.py:186} INFO - Inserted 1824 rows into 'liquicomun.liq_prdvdatos'.
[2026-01-20T20:26:33.146+0000] {liquicomun.py:56} INFO - Loading silver/liquicomun/2026/01/A2_prdvsuqh_20260101_20260131.parquet into liq_prdvsuqh...
[2026-01-20T20:26:33.163+0000] {database.py:108} INFO - Table liquicomun."liq_prdvsuqh" ensured.
[2026-01-20T20:26:33.164+0000] {database.py:208} INFO - Index 'idx_liq_prdvsuqh_source_file' checked/created on liquicomun."liq_prdvsuqh".
[2026-01-20T20:26:33.167+0000] {liquicomun.py:103} INFO -   Inserting 1837 rows into liq_prdvsuqh
[2026-01-20T20:26:33.169+0000] {liquicomun.py:126} INFO -   Cleaned existing data for source_file: A2_prdvsuqh_20260101_20260131
[2026-01-20T20:26:33.194+0000] {database.py:186} INFO - Inserted 1836 rows into 'liquicomun.liq_prdvsuqh'.
[2026-01-20T20:26:33.195+0000] {python.py:237} INFO - Done. Returned value was: None
[2026-01-20T20:26:33.196+0000] {taskinstance.py:441} INFO - ::group::Post task execution logs
[2026-01-20T20:26:33.204+0000] {taskinstance.py:1206} INFO - Marking task as SUCCESS. dag_id=esios_liquicomun_pipeline, task_id=process_gold, run_id=manual__2026-01-20T20:26:23.439457+00:00, execution_date=20260120T202623, start_date=20260120T202631, end_date=20260120T202633
[2026-01-20T20:26:33.264+0000] {local_task_job_runner.py:240} INFO - Task exited with return code 0
[2026-01-20T20:26:33.279+0000] {taskinstance.py:3503} INFO - 0 downstream tasks scheduled from follow-on schedule check
[2026-01-20T20:26:33.282+0000] {local_task_job_runner.py:222} INFO - ::endgroup::
