[2026-01-20T19:52:22.391+0000] {local_task_job_runner.py:120} INFO - ::group::Pre task execution logs
[2026-01-20T19:52:22.428+0000] {taskinstance.py:2076} INFO - Dependencies all met for dep_context=non-requeueable deps ti=<TaskInstance: omie_pipeline.download_pdbc manual__2026-01-20T19:47:18.986030+00:00 [queued]>
[2026-01-20T19:52:22.438+0000] {taskinstance.py:2076} INFO - Dependencies all met for dep_context=requeueable deps ti=<TaskInstance: omie_pipeline.download_pdbc manual__2026-01-20T19:47:18.986030+00:00 [queued]>
[2026-01-20T19:52:22.442+0000] {taskinstance.py:2306} INFO - Starting attempt 2 of 2
[2026-01-20T19:52:22.467+0000] {taskinstance.py:2330} INFO - Executing <Task(PythonOperator): download_pdbc> on 2026-01-20 19:47:18.986030+00:00
[2026-01-20T19:52:22.476+0000] {standard_task_runner.py:63} INFO - Started process 3112 to run task
[2026-01-20T19:52:22.483+0000] {standard_task_runner.py:90} INFO - Running: ['***', 'tasks', 'run', 'omie_pipeline', 'download_pdbc', 'manual__2026-01-20T19:47:18.986030+00:00', '--job-id', '74', '--raw', '--subdir', 'DAGS_FOLDER/omie_dag.py', '--cfg-path', '/tmp/tmpk25w02cb']
[2026-01-20T19:52:22.488+0000] {standard_task_runner.py:91} INFO - Job 74: Subtask download_pdbc
[2026-01-20T19:52:22.585+0000] {task_command.py:426} INFO - Running <TaskInstance: omie_pipeline.download_pdbc manual__2026-01-20T19:47:18.986030+00:00 [running]> on host d1a9e72e2525
[2026-01-20T19:52:22.711+0000] {taskinstance.py:2648} INFO - Exporting env vars: AIRFLOW_CTX_DAG_OWNER='***' AIRFLOW_CTX_DAG_ID='omie_pipeline' AIRFLOW_CTX_TASK_ID='download_pdbc' AIRFLOW_CTX_EXECUTION_DATE='2026-01-20T19:47:18.986030+00:00' AIRFLOW_CTX_TRY_NUMBER='2' AIRFLOW_CTX_DAG_RUN_ID='manual__2026-01-20T19:47:18.986030+00:00'
[2026-01-20T19:52:22.712+0000] {taskinstance.py:430} INFO - ::endgroup::
[2026-01-20T19:52:22.734+0000] {logging_mixin.py:188} INFO - Downloading download_pdbc from 2026-01-20 19:47:18.986030+00:00 to 2026-01-20 19:47:18.986030+00:00
[2026-01-20T19:52:22.735+0000] {taskinstance.py:441} INFO - ::group::Post task execution logs
[2026-01-20T19:52:22.736+0000] {taskinstance.py:2905} ERROR - Task failed with exception
Traceback (most recent call last):
  File "/home/airflow/.local/lib/python3.10/site-packages/airflow/models/taskinstance.py", line 465, in _execute_task
    result = _execute_callable(context=context, **execute_callable_kwargs)
  File "/home/airflow/.local/lib/python3.10/site-packages/airflow/models/taskinstance.py", line 432, in _execute_callable
    return execute_callable(context=context, **execute_callable_kwargs)
  File "/home/airflow/.local/lib/python3.10/site-packages/airflow/models/baseoperator.py", line 401, in wrapper
    return func(self, *args, **kwargs)
  File "/home/airflow/.local/lib/python3.10/site-packages/airflow/operators/python.py", line 235, in execute
    return_value = self.execute_callable()
  File "/home/airflow/.local/lib/python3.10/site-packages/airflow/operators/python.py", line 252, in execute_callable
    return self.python_callable(*self.op_args, **self.op_kwargs)
  File "/opt/airflow/dags/omie_dag.py", line 83, in _download_task
    download_func(s_date, e_date)
  File "/opt/airflow/src/bronze/omie/pdbc.py", line 20, in download_pdbc
    while current_date <= end_date:
TypeError: can't compare offset-naive and offset-aware datetimes
[2026-01-20T19:52:22.778+0000] {taskinstance.py:1206} INFO - Marking task as FAILED. dag_id=omie_pipeline, task_id=download_pdbc, run_id=manual__2026-01-20T19:47:18.986030+00:00, execution_date=20260120T194718, start_date=20260120T195222, end_date=20260120T195222
[2026-01-20T19:52:22.795+0000] {standard_task_runner.py:110} ERROR - Failed to execute job 74 for task download_pdbc (can't compare offset-naive and offset-aware datetimes; 3112)
[2026-01-20T19:52:22.816+0000] {local_task_job_runner.py:240} INFO - Task exited with return code 1
[2026-01-20T19:52:22.827+0000] {local_task_job_runner.py:222} INFO - ::endgroup::
