[2026-01-20T21:00:12.427+0000] {local_task_job_runner.py:120} INFO - ::group::Pre task execution logs
[2026-01-20T21:00:12.459+0000] {taskinstance.py:2076} INFO - Dependencies all met for dep_context=non-requeueable deps ti=<TaskInstance: omie_pipeline.process_pdvd manual__2026-01-20T21:00:07.280516+00:00 [queued]>
[2026-01-20T21:00:12.469+0000] {taskinstance.py:2076} INFO - Dependencies all met for dep_context=requeueable deps ti=<TaskInstance: omie_pipeline.process_pdvd manual__2026-01-20T21:00:07.280516+00:00 [queued]>
[2026-01-20T21:00:12.470+0000] {taskinstance.py:2306} INFO - Starting attempt 1 of 2
[2026-01-20T21:00:12.486+0000] {taskinstance.py:2330} INFO - Executing <Task(PythonOperator): process_pdvd> on 2026-01-20 21:00:07.280516+00:00
[2026-01-20T21:00:12.494+0000] {standard_task_runner.py:63} INFO - Started process 3156 to run task
[2026-01-20T21:00:12.498+0000] {standard_task_runner.py:90} INFO - Running: ['***', 'tasks', 'run', 'omie_pipeline', 'process_pdvd', 'manual__2026-01-20T21:00:07.280516+00:00', '--job-id', '112', '--raw', '--subdir', 'DAGS_FOLDER/omie_dag.py', '--cfg-path', '/tmp/tmp8896k8n_']
[2026-01-20T21:00:12.500+0000] {standard_task_runner.py:91} INFO - Job 112: Subtask process_pdvd
[2026-01-20T21:00:12.576+0000] {task_command.py:426} INFO - Running <TaskInstance: omie_pipeline.process_pdvd manual__2026-01-20T21:00:07.280516+00:00 [running]> on host 2aff4151de2d
[2026-01-20T21:00:12.678+0000] {taskinstance.py:2648} INFO - Exporting env vars: AIRFLOW_CTX_DAG_OWNER='***' AIRFLOW_CTX_DAG_ID='omie_pipeline' AIRFLOW_CTX_TASK_ID='process_pdvd' AIRFLOW_CTX_EXECUTION_DATE='2026-01-20T21:00:07.280516+00:00' AIRFLOW_CTX_TRY_NUMBER='1' AIRFLOW_CTX_DAG_RUN_ID='manual__2026-01-20T21:00:07.280516+00:00'
[2026-01-20T21:00:12.680+0000] {taskinstance.py:430} INFO - ::endgroup::
[2026-01-20T21:00:12.706+0000] {logging_mixin.py:188} INFO - Processing process_pdvd for 2025-01-01 00:00:00 - 2026-01-20 00:00:00
[2026-01-20T21:00:13.010+0000] {filesystem.py:48} INFO - Saved file to /opt/***/local_data/silver/omie/pdvd/2025/01/20250101.parquet
[2026-01-20T21:00:14.015+0000] {database.py:186} INFO - Inserted 54033 rows into 'omie.pdvd'.
[2026-01-20T21:00:14.016+0000] {pdvd.py:125} INFO - Processed pdvd for 20250101
[2026-01-20T21:00:14.222+0000] {filesystem.py:48} INFO - Saved file to /opt/***/local_data/silver/omie/pdvd/2025/01/20250102.parquet
[2026-01-20T21:00:15.232+0000] {database.py:186} INFO - Inserted 55123 rows into 'omie.pdvd'.
[2026-01-20T21:00:15.233+0000] {pdvd.py:125} INFO - Processed pdvd for 20250102
[2026-01-20T21:00:15.480+0000] {filesystem.py:48} INFO - Saved file to /opt/***/local_data/silver/omie/pdvd/2025/01/20250103.parquet
[2026-01-20T21:00:16.231+0000] {database.py:186} INFO - Inserted 55222 rows into 'omie.pdvd'.
[2026-01-20T21:00:16.233+0000] {pdvd.py:125} INFO - Processed pdvd for 20250103
[2026-01-20T21:00:16.590+0000] {filesystem.py:48} INFO - Saved file to /opt/***/local_data/silver/omie/pdvd/2025/01/20250104.parquet
[2026-01-20T21:00:17.186+0000] {database.py:186} INFO - Inserted 54944 rows into 'omie.pdvd'.
[2026-01-20T21:00:17.187+0000] {pdvd.py:125} INFO - Processed pdvd for 20250104
[2026-01-20T21:00:17.376+0000] {filesystem.py:48} INFO - Saved file to /opt/***/local_data/silver/omie/pdvd/2025/01/20250105.parquet
[2026-01-20T21:00:17.921+0000] {database.py:186} INFO - Inserted 54548 rows into 'omie.pdvd'.
[2026-01-20T21:00:17.922+0000] {pdvd.py:125} INFO - Processed pdvd for 20250105
[2026-01-20T21:00:18.161+0000] {filesystem.py:48} INFO - Saved file to /opt/***/local_data/silver/omie/pdvd/2025/01/20250106.parquet
[2026-01-20T21:00:18.709+0000] {database.py:186} INFO - Inserted 54689 rows into 'omie.pdvd'.
[2026-01-20T21:00:18.710+0000] {pdvd.py:125} INFO - Processed pdvd for 20250106
[2026-01-20T21:00:18.929+0000] {filesystem.py:48} INFO - Saved file to /opt/***/local_data/silver/omie/pdvd/2025/01/20250107.parquet
[2026-01-20T21:00:19.527+0000] {database.py:186} INFO - Inserted 56060 rows into 'omie.pdvd'.
[2026-01-20T21:00:19.528+0000] {pdvd.py:125} INFO - Processed pdvd for 20250107
[2026-01-20T21:00:19.754+0000] {filesystem.py:48} INFO - Saved file to /opt/***/local_data/silver/omie/pdvd/2025/01/20250108.parquet
[2026-01-20T21:00:20.416+0000] {database.py:186} INFO - Inserted 55714 rows into 'omie.pdvd'.
[2026-01-20T21:00:20.417+0000] {pdvd.py:125} INFO - Processed pdvd for 20250108
[2026-01-20T21:00:20.670+0000] {filesystem.py:48} INFO - Saved file to /opt/***/local_data/silver/omie/pdvd/2025/01/20250109.parquet
[2026-01-20T21:00:21.315+0000] {database.py:186} INFO - Inserted 56394 rows into 'omie.pdvd'.
[2026-01-20T21:00:21.316+0000] {pdvd.py:125} INFO - Processed pdvd for 20250109
[2026-01-20T21:00:21.542+0000] {filesystem.py:48} INFO - Saved file to /opt/***/local_data/silver/omie/pdvd/2025/01/20250110.parquet
[2026-01-20T21:00:22.353+0000] {database.py:186} INFO - Inserted 56225 rows into 'omie.pdvd'.
[2026-01-20T21:00:22.354+0000] {pdvd.py:125} INFO - Processed pdvd for 20250110
[2026-01-20T21:00:22.628+0000] {filesystem.py:48} INFO - Saved file to /opt/***/local_data/silver/omie/pdvd/2025/01/20250111.parquet
[2026-01-20T21:00:23.380+0000] {database.py:186} INFO - Inserted 55788 rows into 'omie.pdvd'.
[2026-01-20T21:00:23.381+0000] {pdvd.py:125} INFO - Processed pdvd for 20250111
[2026-01-20T21:00:23.652+0000] {filesystem.py:48} INFO - Saved file to /opt/***/local_data/silver/omie/pdvd/2025/01/20250112.parquet
[2026-01-20T21:00:24.341+0000] {database.py:186} INFO - Inserted 55846 rows into 'omie.pdvd'.
[2026-01-20T21:00:24.342+0000] {pdvd.py:125} INFO - Processed pdvd for 20250112
[2026-01-20T21:00:24.576+0000] {filesystem.py:48} INFO - Saved file to /opt/***/local_data/silver/omie/pdvd/2025/01/20250113.parquet
[2026-01-20T21:00:25.245+0000] {database.py:186} INFO - Inserted 56082 rows into 'omie.pdvd'.
[2026-01-20T21:00:25.246+0000] {pdvd.py:125} INFO - Processed pdvd for 20250113
[2026-01-20T21:00:25.481+0000] {filesystem.py:48} INFO - Saved file to /opt/***/local_data/silver/omie/pdvd/2025/01/20250114.parquet
[2026-01-20T21:00:26.241+0000] {database.py:186} INFO - Inserted 56355 rows into 'omie.pdvd'.
[2026-01-20T21:00:26.247+0000] {pdvd.py:125} INFO - Processed pdvd for 20250114
[2026-01-20T21:00:26.463+0000] {filesystem.py:48} INFO - Saved file to /opt/***/local_data/silver/omie/pdvd/2025/01/20250115.parquet
[2026-01-20T21:00:27.185+0000] {database.py:186} INFO - Inserted 55881 rows into 'omie.pdvd'.
[2026-01-20T21:00:27.186+0000] {pdvd.py:125} INFO - Processed pdvd for 20250115
[2026-01-20T21:00:27.464+0000] {filesystem.py:48} INFO - Saved file to /opt/***/local_data/silver/omie/pdvd/2025/01/20250116.parquet
[2026-01-20T21:00:28.315+0000] {database.py:186} INFO - Inserted 56316 rows into 'omie.pdvd'.
[2026-01-20T21:00:28.316+0000] {pdvd.py:125} INFO - Processed pdvd for 20250116
[2026-01-20T21:00:28.631+0000] {filesystem.py:48} INFO - Saved file to /opt/***/local_data/silver/omie/pdvd/2025/01/20250117.parquet
[2026-01-20T21:00:29.786+0000] {database.py:186} INFO - Inserted 56509 rows into 'omie.pdvd'.
[2026-01-20T21:00:29.791+0000] {pdvd.py:125} INFO - Processed pdvd for 20250117
[2026-01-20T21:00:30.336+0000] {filesystem.py:48} INFO - Saved file to /opt/***/local_data/silver/omie/pdvd/2025/01/20250118.parquet
[2026-01-20T21:00:31.683+0000] {database.py:186} INFO - Inserted 56042 rows into 'omie.pdvd'.
[2026-01-20T21:00:31.687+0000] {pdvd.py:125} INFO - Processed pdvd for 20250118
[2026-01-20T21:00:32.034+0000] {filesystem.py:48} INFO - Saved file to /opt/***/local_data/silver/omie/pdvd/2025/01/20250119.parquet
[2026-01-20T21:00:33.100+0000] {database.py:186} INFO - Inserted 55570 rows into 'omie.pdvd'.
[2026-01-20T21:00:33.104+0000] {pdvd.py:125} INFO - Processed pdvd for 20250119
[2026-01-20T21:00:33.447+0000] {filesystem.py:48} INFO - Saved file to /opt/***/local_data/silver/omie/pdvd/2025/01/20250120.parquet
[2026-01-20T21:00:34.416+0000] {database.py:186} INFO - Inserted 56192 rows into 'omie.pdvd'.
[2026-01-20T21:00:34.417+0000] {pdvd.py:125} INFO - Processed pdvd for 20250120
[2026-01-20T21:00:34.752+0000] {filesystem.py:48} INFO - Saved file to /opt/***/local_data/silver/omie/pdvd/2025/01/20250121.parquet
[2026-01-20T21:00:35.800+0000] {database.py:186} INFO - Inserted 56093 rows into 'omie.pdvd'.
[2026-01-20T21:00:35.800+0000] {pdvd.py:125} INFO - Processed pdvd for 20250121
[2026-01-20T21:00:36.118+0000] {filesystem.py:48} INFO - Saved file to /opt/***/local_data/silver/omie/pdvd/2025/01/20250122.parquet
[2026-01-20T21:00:37.204+0000] {database.py:186} INFO - Inserted 56136 rows into 'omie.pdvd'.
[2026-01-20T21:00:37.205+0000] {pdvd.py:125} INFO - Processed pdvd for 20250122
[2026-01-20T21:00:37.613+0000] {filesystem.py:48} INFO - Saved file to /opt/***/local_data/silver/omie/pdvd/2025/01/20250123.parquet
[2026-01-20T21:00:38.635+0000] {database.py:186} INFO - Inserted 56402 rows into 'omie.pdvd'.
[2026-01-20T21:00:38.637+0000] {pdvd.py:125} INFO - Processed pdvd for 20250123
[2026-01-20T21:00:38.971+0000] {filesystem.py:48} INFO - Saved file to /opt/***/local_data/silver/omie/pdvd/2025/01/20250124.parquet
[2026-01-20T21:00:40.036+0000] {database.py:186} INFO - Inserted 56328 rows into 'omie.pdvd'.
[2026-01-20T21:00:40.042+0000] {pdvd.py:125} INFO - Processed pdvd for 20250124
[2026-01-20T21:00:40.378+0000] {filesystem.py:48} INFO - Saved file to /opt/***/local_data/silver/omie/pdvd/2025/01/20250125.parquet
[2026-01-20T21:00:41.469+0000] {database.py:186} INFO - Inserted 55727 rows into 'omie.pdvd'.
[2026-01-20T21:00:41.470+0000] {pdvd.py:125} INFO - Processed pdvd for 20250125
[2026-01-20T21:00:41.807+0000] {filesystem.py:48} INFO - Saved file to /opt/***/local_data/silver/omie/pdvd/2025/01/20250126.parquet
[2026-01-20T21:00:42.820+0000] {database.py:186} INFO - Inserted 54716 rows into 'omie.pdvd'.
[2026-01-20T21:00:42.822+0000] {pdvd.py:125} INFO - Processed pdvd for 20250126
[2026-01-20T21:00:43.194+0000] {filesystem.py:48} INFO - Saved file to /opt/***/local_data/silver/omie/pdvd/2025/01/20250127.parquet
[2026-01-20T21:00:44.188+0000] {database.py:186} INFO - Inserted 55532 rows into 'omie.pdvd'.
[2026-01-20T21:00:44.190+0000] {pdvd.py:125} INFO - Processed pdvd for 20250127
[2026-01-20T21:00:44.547+0000] {filesystem.py:48} INFO - Saved file to /opt/***/local_data/silver/omie/pdvd/2025/01/20250128.parquet
[2026-01-20T21:00:45.700+0000] {database.py:186} INFO - Inserted 55496 rows into 'omie.pdvd'.
[2026-01-20T21:00:45.702+0000] {pdvd.py:125} INFO - Processed pdvd for 20250128
[2026-01-20T21:00:46.027+0000] {filesystem.py:48} INFO - Saved file to /opt/***/local_data/silver/omie/pdvd/2025/01/20250129.parquet
[2026-01-20T21:00:47.075+0000] {database.py:186} INFO - Inserted 55814 rows into 'omie.pdvd'.
[2026-01-20T21:00:47.076+0000] {pdvd.py:125} INFO - Processed pdvd for 20250129
[2026-01-20T21:00:47.451+0000] {filesystem.py:48} INFO - Saved file to /opt/***/local_data/silver/omie/pdvd/2025/01/20250130.parquet
[2026-01-20T21:00:48.825+0000] {database.py:186} INFO - Inserted 56598 rows into 'omie.pdvd'.
[2026-01-20T21:00:48.826+0000] {pdvd.py:125} INFO - Processed pdvd for 20250130
[2026-01-20T21:00:49.133+0000] {filesystem.py:48} INFO - Saved file to /opt/***/local_data/silver/omie/pdvd/2025/01/20250131.parquet
[2026-01-20T21:00:50.169+0000] {database.py:186} INFO - Inserted 56796 rows into 'omie.pdvd'.
[2026-01-20T21:00:50.172+0000] {pdvd.py:125} INFO - Processed pdvd for 20250131
[2026-01-20T21:00:51.674+0000] {filesystem.py:48} INFO - Saved file to /opt/***/local_data/silver/omie/pdvd/2025/02/20250201.parquet
[2026-01-20T21:00:54.351+0000] {database.py:186} INFO - Inserted 56389 rows into 'omie.pdvd'.
[2026-01-20T21:00:54.352+0000] {pdvd.py:125} INFO - Processed pdvd for 20250201
[2026-01-20T21:00:54.590+0000] {filesystem.py:48} INFO - Saved file to /opt/***/local_data/silver/omie/pdvd/2025/02/20250202.parquet
[2026-01-20T21:00:55.704+0000] {database.py:186} INFO - Inserted 55944 rows into 'omie.pdvd'.
[2026-01-20T21:00:55.705+0000] {pdvd.py:125} INFO - Processed pdvd for 20250202
[2026-01-20T21:00:56.074+0000] {filesystem.py:48} INFO - Saved file to /opt/***/local_data/silver/omie/pdvd/2025/02/20250203.parquet
[2026-01-20T21:00:57.838+0000] {database.py:186} INFO - Inserted 57142 rows into 'omie.pdvd'.
[2026-01-20T21:00:57.843+0000] {pdvd.py:125} INFO - Processed pdvd for 20250203
[2026-01-20T21:00:58.679+0000] {filesystem.py:48} INFO - Saved file to /opt/***/local_data/silver/omie/pdvd/2025/02/20250204.parquet
[2026-01-20T21:01:01.722+0000] {database.py:186} INFO - Inserted 57187 rows into 'omie.pdvd'.
[2026-01-20T21:01:01.724+0000] {pdvd.py:125} INFO - Processed pdvd for 20250204
[2026-01-20T21:01:02.085+0000] {filesystem.py:48} INFO - Saved file to /opt/***/local_data/silver/omie/pdvd/2025/02/20250205.parquet
[2026-01-20T21:01:03.670+0000] {database.py:186} INFO - Inserted 57411 rows into 'omie.pdvd'.
[2026-01-20T21:01:03.671+0000] {pdvd.py:125} INFO - Processed pdvd for 20250205
[2026-01-20T21:01:04.060+0000] {filesystem.py:48} INFO - Saved file to /opt/***/local_data/silver/omie/pdvd/2025/02/20250206.parquet
[2026-01-20T21:01:05.474+0000] {database.py:186} INFO - Inserted 57376 rows into 'omie.pdvd'.
[2026-01-20T21:01:05.476+0000] {pdvd.py:125} INFO - Processed pdvd for 20250206
[2026-01-20T21:01:05.752+0000] {filesystem.py:48} INFO - Saved file to /opt/***/local_data/silver/omie/pdvd/2025/02/20250207.parquet
[2026-01-20T21:01:06.914+0000] {database.py:186} INFO - Inserted 56954 rows into 'omie.pdvd'.
[2026-01-20T21:01:06.915+0000] {pdvd.py:125} INFO - Processed pdvd for 20250207
[2026-01-20T21:01:07.236+0000] {filesystem.py:48} INFO - Saved file to /opt/***/local_data/silver/omie/pdvd/2025/02/20250208.parquet
[2026-01-20T21:01:08.943+0000] {database.py:186} INFO - Inserted 56806 rows into 'omie.pdvd'.
[2026-01-20T21:01:08.945+0000] {pdvd.py:125} INFO - Processed pdvd for 20250208
[2026-01-20T21:01:09.442+0000] {filesystem.py:48} INFO - Saved file to /opt/***/local_data/silver/omie/pdvd/2025/02/20250209.parquet
[2026-01-20T21:01:10.919+0000] {database.py:186} INFO - Inserted 56606 rows into 'omie.pdvd'.
[2026-01-20T21:01:10.920+0000] {pdvd.py:125} INFO - Processed pdvd for 20250209
[2026-01-20T21:01:11.234+0000] {filesystem.py:48} INFO - Saved file to /opt/***/local_data/silver/omie/pdvd/2025/02/20250210.parquet
[2026-01-20T21:01:13.001+0000] {database.py:186} INFO - Inserted 56901 rows into 'omie.pdvd'.
[2026-01-20T21:01:13.004+0000] {pdvd.py:125} INFO - Processed pdvd for 20250210
[2026-01-20T21:01:13.396+0000] {filesystem.py:48} INFO - Saved file to /opt/***/local_data/silver/omie/pdvd/2025/02/20250211.parquet
[2026-01-20T21:01:14.664+0000] {database.py:186} INFO - Inserted 57136 rows into 'omie.pdvd'.
[2026-01-20T21:01:14.683+0000] {pdvd.py:125} INFO - Processed pdvd for 20250211
[2026-01-20T21:01:15.145+0000] {filesystem.py:48} INFO - Saved file to /opt/***/local_data/silver/omie/pdvd/2025/02/20250212.parquet
[2026-01-20T21:01:17.379+0000] {database.py:186} INFO - Inserted 57894 rows into 'omie.pdvd'.
[2026-01-20T21:01:17.381+0000] {pdvd.py:125} INFO - Processed pdvd for 20250212
[2026-01-20T21:01:17.622+0000] {filesystem.py:48} INFO - Saved file to /opt/***/local_data/silver/omie/pdvd/2025/02/20250213.parquet
[2026-01-20T21:01:19.968+0000] {database.py:186} INFO - Inserted 57981 rows into 'omie.pdvd'.
[2026-01-20T21:01:19.970+0000] {pdvd.py:125} INFO - Processed pdvd for 20250213
[2026-01-20T21:01:20.196+0000] {filesystem.py:48} INFO - Saved file to /opt/***/local_data/silver/omie/pdvd/2025/02/20250214.parquet
[2026-01-20T21:01:21.196+0000] {database.py:186} INFO - Inserted 58275 rows into 'omie.pdvd'.
[2026-01-20T21:01:21.197+0000] {pdvd.py:125} INFO - Processed pdvd for 20250214
[2026-01-20T21:01:21.428+0000] {filesystem.py:48} INFO - Saved file to /opt/***/local_data/silver/omie/pdvd/2025/02/20250215.parquet
[2026-01-20T21:01:25.264+0000] {database.py:186} INFO - Inserted 57541 rows into 'omie.pdvd'.
[2026-01-20T21:01:25.272+0000] {pdvd.py:125} INFO - Processed pdvd for 20250215
[2026-01-20T21:01:26.274+0000] {filesystem.py:48} INFO - Saved file to /opt/***/local_data/silver/omie/pdvd/2025/02/20250216.parquet
[2026-01-20T21:01:30.830+0000] {database.py:186} INFO - Inserted 57330 rows into 'omie.pdvd'.
[2026-01-20T21:01:30.832+0000] {pdvd.py:125} INFO - Processed pdvd for 20250216
[2026-01-20T21:01:31.843+0000] {filesystem.py:48} INFO - Saved file to /opt/***/local_data/silver/omie/pdvd/2025/02/20250217.parquet
[2026-01-20T21:01:38.382+0000] {database.py:186} INFO - Inserted 58274 rows into 'omie.pdvd'.
[2026-01-20T21:01:38.385+0000] {pdvd.py:125} INFO - Processed pdvd for 20250217
[2026-01-20T21:01:40.942+0000] {filesystem.py:48} INFO - Saved file to /opt/***/local_data/silver/omie/pdvd/2025/02/20250218.parquet
[2026-01-20T21:01:52.061+0000] {database.py:186} INFO - Inserted 57705 rows into 'omie.pdvd'.
[2026-01-20T21:01:52.079+0000] {pdvd.py:125} INFO - Processed pdvd for 20250218
[2026-01-20T21:01:52.369+0000] {filesystem.py:48} INFO - Saved file to /opt/***/local_data/silver/omie/pdvd/2025/02/20250219.parquet
[2026-01-20T21:01:53.483+0000] {database.py:186} INFO - Inserted 58259 rows into 'omie.pdvd'.
[2026-01-20T21:01:53.484+0000] {pdvd.py:125} INFO - Processed pdvd for 20250219
[2026-01-20T21:01:53.775+0000] {filesystem.py:48} INFO - Saved file to /opt/***/local_data/silver/omie/pdvd/2025/02/20250220.parquet
[2026-01-20T21:01:54.851+0000] {database.py:186} INFO - Inserted 58293 rows into 'omie.pdvd'.
[2026-01-20T21:01:54.852+0000] {pdvd.py:125} INFO - Processed pdvd for 20250220
[2026-01-20T21:01:55.116+0000] {filesystem.py:48} INFO - Saved file to /opt/***/local_data/silver/omie/pdvd/2025/02/20250221.parquet
[2026-01-20T21:01:56.022+0000] {database.py:186} INFO - Inserted 57937 rows into 'omie.pdvd'.
[2026-01-20T21:01:56.023+0000] {pdvd.py:125} INFO - Processed pdvd for 20250221
[2026-01-20T21:01:56.223+0000] {filesystem.py:48} INFO - Saved file to /opt/***/local_data/silver/omie/pdvd/2025/02/20250222.parquet
[2026-01-20T21:01:57.135+0000] {database.py:186} INFO - Inserted 57521 rows into 'omie.pdvd'.
[2026-01-20T21:01:57.135+0000] {pdvd.py:125} INFO - Processed pdvd for 20250222
[2026-01-20T21:01:57.364+0000] {filesystem.py:48} INFO - Saved file to /opt/***/local_data/silver/omie/pdvd/2025/02/20250223.parquet
[2026-01-20T21:01:58.273+0000] {database.py:186} INFO - Inserted 57460 rows into 'omie.pdvd'.
[2026-01-20T21:01:58.274+0000] {pdvd.py:125} INFO - Processed pdvd for 20250223
[2026-01-20T21:01:58.519+0000] {filesystem.py:48} INFO - Saved file to /opt/***/local_data/silver/omie/pdvd/2025/02/20250224.parquet
[2026-01-20T21:01:59.606+0000] {database.py:186} INFO - Inserted 58520 rows into 'omie.pdvd'.
[2026-01-20T21:01:59.608+0000] {pdvd.py:125} INFO - Processed pdvd for 20250224
[2026-01-20T21:01:59.912+0000] {filesystem.py:48} INFO - Saved file to /opt/***/local_data/silver/omie/pdvd/2025/02/20250225.parquet
[2026-01-20T21:02:01.224+0000] {database.py:186} INFO - Inserted 58077 rows into 'omie.pdvd'.
[2026-01-20T21:02:01.225+0000] {pdvd.py:125} INFO - Processed pdvd for 20250225
[2026-01-20T21:02:01.580+0000] {filesystem.py:48} INFO - Saved file to /opt/***/local_data/silver/omie/pdvd/2025/02/20250226.parquet
[2026-01-20T21:02:02.873+0000] {database.py:186} INFO - Inserted 58768 rows into 'omie.pdvd'.
[2026-01-20T21:02:02.875+0000] {pdvd.py:125} INFO - Processed pdvd for 20250226
[2026-01-20T21:02:03.191+0000] {filesystem.py:48} INFO - Saved file to /opt/***/local_data/silver/omie/pdvd/2025/02/20250227.parquet
[2026-01-20T21:02:04.488+0000] {database.py:186} INFO - Inserted 58424 rows into 'omie.pdvd'.
[2026-01-20T21:02:04.489+0000] {pdvd.py:125} INFO - Processed pdvd for 20250227
[2026-01-20T21:02:04.819+0000] {filesystem.py:48} INFO - Saved file to /opt/***/local_data/silver/omie/pdvd/2025/02/20250228.parquet
[2026-01-20T21:02:06.057+0000] {database.py:186} INFO - Inserted 57651 rows into 'omie.pdvd'.
[2026-01-20T21:02:06.059+0000] {pdvd.py:125} INFO - Processed pdvd for 20250228
[2026-01-20T21:02:06.843+0000] {filesystem.py:48} INFO - Saved file to /opt/***/local_data/silver/omie/pdvd/2025/03/20250301.parquet
[2026-01-20T21:02:08.021+0000] {database.py:186} INFO - Inserted 57803 rows into 'omie.pdvd'.
[2026-01-20T21:02:08.022+0000] {pdvd.py:125} INFO - Processed pdvd for 20250301
[2026-01-20T21:02:08.456+0000] {filesystem.py:48} INFO - Saved file to /opt/***/local_data/silver/omie/pdvd/2025/03/20250302.parquet
[2026-01-20T21:02:09.739+0000] {database.py:186} INFO - Inserted 57254 rows into 'omie.pdvd'.
[2026-01-20T21:02:09.740+0000] {pdvd.py:125} INFO - Processed pdvd for 20250302
[2026-01-20T21:02:10.114+0000] {filesystem.py:48} INFO - Saved file to /opt/***/local_data/silver/omie/pdvd/2025/03/20250303.parquet
[2026-01-20T21:02:11.418+0000] {database.py:186} INFO - Inserted 58376 rows into 'omie.pdvd'.
[2026-01-20T21:02:11.421+0000] {pdvd.py:125} INFO - Processed pdvd for 20250303
[2026-01-20T21:02:11.810+0000] {filesystem.py:48} INFO - Saved file to /opt/***/local_data/silver/omie/pdvd/2025/03/20250304.parquet
[2026-01-20T21:02:13.200+0000] {database.py:186} INFO - Inserted 58679 rows into 'omie.pdvd'.
[2026-01-20T21:02:13.201+0000] {pdvd.py:125} INFO - Processed pdvd for 20250304
[2026-01-20T21:02:13.498+0000] {filesystem.py:48} INFO - Saved file to /opt/***/local_data/silver/omie/pdvd/2025/03/20250305.parquet
[2026-01-20T21:02:15.128+0000] {database.py:186} INFO - Inserted 58232 rows into 'omie.pdvd'.
[2026-01-20T21:02:15.129+0000] {pdvd.py:125} INFO - Processed pdvd for 20250305
[2026-01-20T21:02:15.584+0000] {filesystem.py:48} INFO - Saved file to /opt/***/local_data/silver/omie/pdvd/2025/03/20250306.parquet
[2026-01-20T21:02:17.135+0000] {database.py:186} INFO - Inserted 58584 rows into 'omie.pdvd'.
[2026-01-20T21:02:17.136+0000] {pdvd.py:125} INFO - Processed pdvd for 20250306
[2026-01-20T21:02:17.527+0000] {filesystem.py:48} INFO - Saved file to /opt/***/local_data/silver/omie/pdvd/2025/03/20250307.parquet
[2026-01-20T21:02:19.061+0000] {database.py:186} INFO - Inserted 58399 rows into 'omie.pdvd'.
[2026-01-20T21:02:19.062+0000] {pdvd.py:125} INFO - Processed pdvd for 20250307
[2026-01-20T21:02:19.395+0000] {filesystem.py:48} INFO - Saved file to /opt/***/local_data/silver/omie/pdvd/2025/03/20250308.parquet
[2026-01-20T21:02:20.528+0000] {database.py:186} INFO - Inserted 57396 rows into 'omie.pdvd'.
[2026-01-20T21:02:20.533+0000] {pdvd.py:125} INFO - Processed pdvd for 20250308
[2026-01-20T21:02:20.863+0000] {filesystem.py:48} INFO - Saved file to /opt/***/local_data/silver/omie/pdvd/2025/03/20250309.parquet
[2026-01-20T21:02:22.545+0000] {database.py:186} INFO - Inserted 56951 rows into 'omie.pdvd'.
[2026-01-20T21:02:22.546+0000] {pdvd.py:125} INFO - Processed pdvd for 20250309
[2026-01-20T21:02:23.076+0000] {filesystem.py:48} INFO - Saved file to /opt/***/local_data/silver/omie/pdvd/2025/03/20250310.parquet
[2026-01-20T21:02:24.976+0000] {database.py:186} INFO - Inserted 58139 rows into 'omie.pdvd'.
[2026-01-20T21:02:24.978+0000] {pdvd.py:125} INFO - Processed pdvd for 20250310
[2026-01-20T21:02:25.350+0000] {filesystem.py:48} INFO - Saved file to /opt/***/local_data/silver/omie/pdvd/2025/03/20250311.parquet
[2026-01-20T21:02:29.843+0000] {database.py:186} INFO - Inserted 58259 rows into 'omie.pdvd'.
[2026-01-20T21:02:29.844+0000] {pdvd.py:125} INFO - Processed pdvd for 20250311
[2026-01-20T21:02:30.333+0000] {filesystem.py:48} INFO - Saved file to /opt/***/local_data/silver/omie/pdvd/2025/03/20250312.parquet
[2026-01-20T21:02:31.920+0000] {database.py:186} INFO - Inserted 58818 rows into 'omie.pdvd'.
[2026-01-20T21:02:31.921+0000] {pdvd.py:125} INFO - Processed pdvd for 20250312
[2026-01-20T21:02:32.246+0000] {filesystem.py:48} INFO - Saved file to /opt/***/local_data/silver/omie/pdvd/2025/03/20250313.parquet
[2026-01-20T21:02:33.495+0000] {database.py:186} INFO - Inserted 58624 rows into 'omie.pdvd'.
[2026-01-20T21:02:33.496+0000] {pdvd.py:125} INFO - Processed pdvd for 20250313
[2026-01-20T21:02:33.856+0000] {filesystem.py:48} INFO - Saved file to /opt/***/local_data/silver/omie/pdvd/2025/03/20250314.parquet
[2026-01-20T21:02:35.443+0000] {database.py:186} INFO - Inserted 58924 rows into 'omie.pdvd'.
[2026-01-20T21:02:35.444+0000] {pdvd.py:125} INFO - Processed pdvd for 20250314
[2026-01-20T21:02:35.838+0000] {filesystem.py:48} INFO - Saved file to /opt/***/local_data/silver/omie/pdvd/2025/03/20250315.parquet
[2026-01-20T21:02:37.410+0000] {database.py:186} INFO - Inserted 58436 rows into 'omie.pdvd'.
[2026-01-20T21:02:37.411+0000] {pdvd.py:125} INFO - Processed pdvd for 20250315
[2026-01-20T21:02:37.780+0000] {filesystem.py:48} INFO - Saved file to /opt/***/local_data/silver/omie/pdvd/2025/03/20250316.parquet
[2026-01-20T21:02:39.263+0000] {database.py:186} INFO - Inserted 58252 rows into 'omie.pdvd'.
[2026-01-20T21:02:39.264+0000] {pdvd.py:125} INFO - Processed pdvd for 20250316
[2026-01-20T21:02:39.620+0000] {filesystem.py:48} INFO - Saved file to /opt/***/local_data/silver/omie/pdvd/2025/03/20250317.parquet
[2026-01-20T21:02:41.182+0000] {database.py:186} INFO - Inserted 58679 rows into 'omie.pdvd'.
[2026-01-20T21:02:41.183+0000] {pdvd.py:125} INFO - Processed pdvd for 20250317
[2026-01-20T21:02:41.575+0000] {filesystem.py:48} INFO - Saved file to /opt/***/local_data/silver/omie/pdvd/2025/03/20250318.parquet
[2026-01-20T21:02:42.927+0000] {database.py:186} INFO - Inserted 59022 rows into 'omie.pdvd'.
[2026-01-20T21:02:42.928+0000] {pdvd.py:125} INFO - Processed pdvd for 20250318
[2026-01-20T21:02:43.990+0000] {filesystem.py:48} INFO - Saved file to /opt/***/local_data/silver/omie/pdvd/2025/03/20250319.parquet
[2026-01-20T21:02:47.793+0000] {database.py:186} INFO - Inserted 233968 rows into 'omie.pdvd'.
[2026-01-20T21:02:47.800+0000] {pdvd.py:125} INFO - Processed pdvd for 20250319
[2026-01-20T21:02:48.569+0000] {filesystem.py:48} INFO - Saved file to /opt/***/local_data/silver/omie/pdvd/2025/03/20250320.parquet
[2026-01-20T21:02:57.179+0000] {database.py:186} INFO - Inserted 226372 rows into 'omie.pdvd'.
[2026-01-20T21:02:57.188+0000] {pdvd.py:125} INFO - Processed pdvd for 20250320
[2026-01-20T21:02:58.010+0000] {filesystem.py:48} INFO - Saved file to /opt/***/local_data/silver/omie/pdvd/2025/03/20250321.parquet
[2026-01-20T21:03:03.490+0000] {database.py:186} INFO - Inserted 230368 rows into 'omie.pdvd'.
[2026-01-20T21:03:03.506+0000] {pdvd.py:125} INFO - Processed pdvd for 20250321
[2026-01-20T21:03:04.233+0000] {filesystem.py:48} INFO - Saved file to /opt/***/local_data/silver/omie/pdvd/2025/03/20250322.parquet
[2026-01-20T21:03:09.218+0000] {database.py:186} INFO - Inserted 225908 rows into 'omie.pdvd'.
[2026-01-20T21:03:09.225+0000] {pdvd.py:125} INFO - Processed pdvd for 20250322
[2026-01-20T21:03:10.075+0000] {filesystem.py:48} INFO - Saved file to /opt/***/local_data/silver/omie/pdvd/2025/03/20250323.parquet
[2026-01-20T21:03:14.539+0000] {database.py:186} INFO - Inserted 226156 rows into 'omie.pdvd'.
[2026-01-20T21:03:14.548+0000] {pdvd.py:125} INFO - Processed pdvd for 20250323
[2026-01-20T21:03:15.414+0000] {filesystem.py:48} INFO - Saved file to /opt/***/local_data/silver/omie/pdvd/2025/03/20250324.parquet
[2026-01-20T21:03:20.073+0000] {database.py:186} INFO - Inserted 233448 rows into 'omie.pdvd'.
[2026-01-20T21:03:20.081+0000] {pdvd.py:125} INFO - Processed pdvd for 20250324
[2026-01-20T21:03:20.897+0000] {filesystem.py:48} INFO - Saved file to /opt/***/local_data/silver/omie/pdvd/2025/03/20250325.parquet
[2026-01-20T21:03:26.176+0000] {database.py:186} INFO - Inserted 232996 rows into 'omie.pdvd'.
[2026-01-20T21:03:26.181+0000] {pdvd.py:125} INFO - Processed pdvd for 20250325
[2026-01-20T21:03:26.948+0000] {filesystem.py:48} INFO - Saved file to /opt/***/local_data/silver/omie/pdvd/2025/03/20250326.parquet
[2026-01-20T21:03:31.897+0000] {database.py:186} INFO - Inserted 233228 rows into 'omie.pdvd'.
[2026-01-20T21:03:31.907+0000] {pdvd.py:125} INFO - Processed pdvd for 20250326
[2026-01-20T21:03:32.853+0000] {filesystem.py:48} INFO - Saved file to /opt/***/local_data/silver/omie/pdvd/2025/03/20250327.parquet
[2026-01-20T21:03:41.663+0000] {database.py:186} INFO - Inserted 233696 rows into 'omie.pdvd'.
[2026-01-20T21:03:41.670+0000] {pdvd.py:125} INFO - Processed pdvd for 20250327
[2026-01-20T21:03:42.666+0000] {filesystem.py:48} INFO - Saved file to /opt/***/local_data/silver/omie/pdvd/2025/03/20250328.parquet
[2026-01-20T21:04:08.605+0000] {database.py:186} INFO - Inserted 234064 rows into 'omie.pdvd'.
[2026-01-20T21:04:08.611+0000] {pdvd.py:125} INFO - Processed pdvd for 20250328
[2026-01-20T21:04:09.252+0000] {filesystem.py:48} INFO - Saved file to /opt/***/local_data/silver/omie/pdvd/2025/03/20250329.parquet
[2026-01-20T21:04:12.502+0000] {database.py:186} INFO - Inserted 227640 rows into 'omie.pdvd'.
[2026-01-20T21:04:12.507+0000] {pdvd.py:125} INFO - Processed pdvd for 20250329
[2026-01-20T21:04:13.101+0000] {filesystem.py:48} INFO - Saved file to /opt/***/local_data/silver/omie/pdvd/2025/03/20250330.parquet
[2026-01-20T21:04:17.359+0000] {database.py:186} INFO - Inserted 215288 rows into 'omie.pdvd'.
[2026-01-20T21:04:17.364+0000] {pdvd.py:125} INFO - Processed pdvd for 20250330
[2026-01-20T21:04:18.265+0000] {filesystem.py:48} INFO - Saved file to /opt/***/local_data/silver/omie/pdvd/2025/03/20250331.parquet
[2026-01-20T21:04:22.965+0000] {database.py:186} INFO - Inserted 233844 rows into 'omie.pdvd'.
[2026-01-20T21:04:22.972+0000] {pdvd.py:125} INFO - Processed pdvd for 20250331
[2026-01-20T21:04:24.245+0000] {filesystem.py:48} INFO - Saved file to /opt/***/local_data/silver/omie/pdvd/2025/04/20250401.parquet
[2026-01-20T21:04:28.429+0000] {database.py:186} INFO - Inserted 233068 rows into 'omie.pdvd'.
[2026-01-20T21:04:28.435+0000] {pdvd.py:125} INFO - Processed pdvd for 20250401
[2026-01-20T21:04:29.285+0000] {filesystem.py:48} INFO - Saved file to /opt/***/local_data/silver/omie/pdvd/2025/04/20250402.parquet
[2026-01-20T21:04:33.308+0000] {database.py:186} INFO - Inserted 233612 rows into 'omie.pdvd'.
[2026-01-20T21:04:33.313+0000] {pdvd.py:125} INFO - Processed pdvd for 20250402
[2026-01-20T21:04:34.172+0000] {filesystem.py:48} INFO - Saved file to /opt/***/local_data/silver/omie/pdvd/2025/04/20250403.parquet
[2026-01-20T21:04:41.659+0000] {database.py:186} INFO - Inserted 233096 rows into 'omie.pdvd'.
[2026-01-20T21:04:41.670+0000] {pdvd.py:125} INFO - Processed pdvd for 20250403
[2026-01-20T21:04:45.147+0000] {filesystem.py:48} INFO - Saved file to /opt/***/local_data/silver/omie/pdvd/2025/04/20250404.parquet
[2026-01-20T21:04:48.169+0000] {database.py:186} INFO - Inserted 233844 rows into 'omie.pdvd'.
[2026-01-20T21:04:48.180+0000] {pdvd.py:125} INFO - Processed pdvd for 20250404
[2026-01-20T21:04:49.035+0000] {filesystem.py:48} INFO - Saved file to /opt/***/local_data/silver/omie/pdvd/2025/04/20250405.parquet
[2026-01-20T21:04:53.429+0000] {database.py:186} INFO - Inserted 230888 rows into 'omie.pdvd'.
[2026-01-20T21:04:53.439+0000] {pdvd.py:125} INFO - Processed pdvd for 20250405
[2026-01-20T21:04:54.352+0000] {filesystem.py:48} INFO - Saved file to /opt/***/local_data/silver/omie/pdvd/2025/04/20250406.parquet
[2026-01-20T21:04:59.105+0000] {database.py:186} INFO - Inserted 230148 rows into 'omie.pdvd'.
[2026-01-20T21:04:59.110+0000] {pdvd.py:125} INFO - Processed pdvd for 20250406
[2026-01-20T21:05:00.069+0000] {filesystem.py:48} INFO - Saved file to /opt/***/local_data/silver/omie/pdvd/2025/04/20250407.parquet
[2026-01-20T21:05:05.190+0000] {database.py:186} INFO - Inserted 234908 rows into 'omie.pdvd'.
[2026-01-20T21:05:05.196+0000] {pdvd.py:125} INFO - Processed pdvd for 20250407
[2026-01-20T21:05:06.407+0000] {filesystem.py:48} INFO - Saved file to /opt/***/local_data/silver/omie/pdvd/2025/04/20250408.parquet
[2026-01-20T21:05:18.070+0000] {database.py:186} INFO - Inserted 233168 rows into 'omie.pdvd'.
[2026-01-20T21:05:18.075+0000] {pdvd.py:125} INFO - Processed pdvd for 20250408
[2026-01-20T21:05:18.843+0000] {filesystem.py:48} INFO - Saved file to /opt/***/local_data/silver/omie/pdvd/2025/04/20250409.parquet
[2026-01-20T21:05:25.302+0000] {database.py:186} INFO - Inserted 235408 rows into 'omie.pdvd'.
[2026-01-20T21:05:25.311+0000] {pdvd.py:125} INFO - Processed pdvd for 20250409
[2026-01-20T21:05:26.410+0000] {filesystem.py:48} INFO - Saved file to /opt/***/local_data/silver/omie/pdvd/2025/04/20250410.parquet
[2026-01-20T21:05:32.836+0000] {database.py:186} INFO - Inserted 234920 rows into 'omie.pdvd'.
[2026-01-20T21:05:32.842+0000] {pdvd.py:125} INFO - Processed pdvd for 20250410
[2026-01-20T21:05:33.659+0000] {filesystem.py:48} INFO - Saved file to /opt/***/local_data/silver/omie/pdvd/2025/04/20250411.parquet
[2026-01-20T21:05:44.475+0000] {database.py:186} INFO - Inserted 233740 rows into 'omie.pdvd'.
[2026-01-20T21:05:44.523+0000] {pdvd.py:125} INFO - Processed pdvd for 20250411
[2026-01-20T21:05:46.489+0000] {filesystem.py:48} INFO - Saved file to /opt/***/local_data/silver/omie/pdvd/2025/04/20250412.parquet
[2026-01-20T21:06:14.828+0000] {database.py:186} INFO - Inserted 230756 rows into 'omie.pdvd'.
[2026-01-20T21:06:14.836+0000] {pdvd.py:125} INFO - Processed pdvd for 20250412
[2026-01-20T21:06:15.631+0000] {filesystem.py:48} INFO - Saved file to /opt/***/local_data/silver/omie/pdvd/2025/04/20250413.parquet
[2026-01-20T21:06:19.087+0000] {database.py:186} INFO - Inserted 231524 rows into 'omie.pdvd'.
[2026-01-20T21:06:19.093+0000] {pdvd.py:125} INFO - Processed pdvd for 20250413
[2026-01-20T21:06:19.781+0000] {filesystem.py:48} INFO - Saved file to /opt/***/local_data/silver/omie/pdvd/2025/04/20250414.parquet
[2026-01-20T21:06:24.402+0000] {database.py:186} INFO - Inserted 235512 rows into 'omie.pdvd'.
[2026-01-20T21:06:24.408+0000] {pdvd.py:125} INFO - Processed pdvd for 20250414
[2026-01-20T21:06:25.399+0000] {filesystem.py:48} INFO - Saved file to /opt/***/local_data/silver/omie/pdvd/2025/04/20250415.parquet
[2026-01-20T21:06:30.416+0000] {database.py:186} INFO - Inserted 234080 rows into 'omie.pdvd'.
[2026-01-20T21:06:30.423+0000] {pdvd.py:125} INFO - Processed pdvd for 20250415
[2026-01-20T21:06:31.395+0000] {filesystem.py:48} INFO - Saved file to /opt/***/local_data/silver/omie/pdvd/2025/04/20250416.parquet
[2026-01-20T21:06:44.496+0000] {database.py:186} INFO - Inserted 234172 rows into 'omie.pdvd'.
[2026-01-20T21:06:44.503+0000] {pdvd.py:125} INFO - Processed pdvd for 20250416
[2026-01-20T21:06:45.401+0000] {filesystem.py:48} INFO - Saved file to /opt/***/local_data/silver/omie/pdvd/2025/04/20250417.parquet
[2026-01-20T21:06:51.918+0000] {database.py:186} INFO - Inserted 232836 rows into 'omie.pdvd'.
[2026-01-20T21:06:51.927+0000] {pdvd.py:125} INFO - Processed pdvd for 20250417
[2026-01-20T21:06:52.915+0000] {filesystem.py:48} INFO - Saved file to /opt/***/local_data/silver/omie/pdvd/2025/04/20250418.parquet
[2026-01-20T21:06:59.872+0000] {database.py:186} INFO - Inserted 231032 rows into 'omie.pdvd'.
[2026-01-20T21:06:59.880+0000] {pdvd.py:125} INFO - Processed pdvd for 20250418
[2026-01-20T21:07:00.704+0000] {filesystem.py:48} INFO - Saved file to /opt/***/local_data/silver/omie/pdvd/2025/04/20250419.parquet
[2026-01-20T21:07:10.898+0000] {database.py:186} INFO - Inserted 227956 rows into 'omie.pdvd'.
[2026-01-20T21:07:10.906+0000] {pdvd.py:125} INFO - Processed pdvd for 20250419
[2026-01-20T21:07:11.869+0000] {filesystem.py:48} INFO - Saved file to /opt/***/local_data/silver/omie/pdvd/2025/04/20250420.parquet
[2026-01-20T21:07:22.355+0000] {database.py:186} INFO - Inserted 230136 rows into 'omie.pdvd'.
[2026-01-20T21:07:22.360+0000] {pdvd.py:125} INFO - Processed pdvd for 20250420
[2026-01-20T21:07:23.283+0000] {filesystem.py:48} INFO - Saved file to /opt/***/local_data/silver/omie/pdvd/2025/04/20250421.parquet
[2026-01-20T21:07:32.091+0000] {database.py:186} INFO - Inserted 232184 rows into 'omie.pdvd'.
[2026-01-20T21:07:32.095+0000] {pdvd.py:125} INFO - Processed pdvd for 20250421
[2026-01-20T21:07:32.743+0000] {filesystem.py:48} INFO - Saved file to /opt/***/local_data/silver/omie/pdvd/2025/04/20250422.parquet
[2026-01-20T21:07:37.716+0000] {database.py:186} INFO - Inserted 234860 rows into 'omie.pdvd'.
[2026-01-20T21:07:37.727+0000] {pdvd.py:125} INFO - Processed pdvd for 20250422
[2026-01-20T21:07:38.939+0000] {filesystem.py:48} INFO - Saved file to /opt/***/local_data/silver/omie/pdvd/2025/04/20250423.parquet
[2026-01-20T21:08:07.500+0000] {database.py:186} INFO - Inserted 238752 rows into 'omie.pdvd'.
[2026-01-20T21:08:07.512+0000] {pdvd.py:125} INFO - Processed pdvd for 20250423
[2026-01-20T21:08:08.397+0000] {filesystem.py:48} INFO - Saved file to /opt/***/local_data/silver/omie/pdvd/2025/04/20250424.parquet
[2026-01-20T21:08:11.988+0000] {database.py:186} INFO - Inserted 238336 rows into 'omie.pdvd'.
[2026-01-20T21:08:11.997+0000] {pdvd.py:125} INFO - Processed pdvd for 20250424
[2026-01-20T21:08:12.991+0000] {filesystem.py:48} INFO - Saved file to /opt/***/local_data/silver/omie/pdvd/2025/04/20250425.parquet
[2026-01-20T21:08:25.911+0000] {database.py:186} INFO - Inserted 238764 rows into 'omie.pdvd'.
[2026-01-20T21:08:25.916+0000] {pdvd.py:125} INFO - Processed pdvd for 20250425
[2026-01-20T21:08:26.625+0000] {filesystem.py:48} INFO - Saved file to /opt/***/local_data/silver/omie/pdvd/2025/04/20250426.parquet
[2026-01-20T21:08:33.002+0000] {database.py:186} INFO - Inserted 232416 rows into 'omie.pdvd'.
[2026-01-20T21:08:33.010+0000] {pdvd.py:125} INFO - Processed pdvd for 20250426
[2026-01-20T21:08:34.237+0000] {filesystem.py:48} INFO - Saved file to /opt/***/local_data/silver/omie/pdvd/2025/04/20250427.parquet
[2026-01-20T21:08:47.623+0000] {database.py:186} INFO - Inserted 231492 rows into 'omie.pdvd'.
[2026-01-20T21:08:47.627+0000] {pdvd.py:125} INFO - Processed pdvd for 20250427
[2026-01-20T21:08:48.463+0000] {filesystem.py:48} INFO - Saved file to /opt/***/local_data/silver/omie/pdvd/2025/04/20250428.parquet
[2026-01-20T21:09:01.070+0000] {database.py:186} INFO - Inserted 234936 rows into 'omie.pdvd'.
[2026-01-20T21:09:01.076+0000] {pdvd.py:125} INFO - Processed pdvd for 20250428
[2026-01-20T21:09:01.893+0000] {filesystem.py:48} INFO - Saved file to /opt/***/local_data/silver/omie/pdvd/2025/04/20250429.parquet
[2026-01-20T21:09:20.566+0000] {database.py:186} INFO - Inserted 235128 rows into 'omie.pdvd'.
[2026-01-20T21:09:20.572+0000] {pdvd.py:125} INFO - Processed pdvd for 20250429
[2026-01-20T21:09:21.384+0000] {filesystem.py:48} INFO - Saved file to /opt/***/local_data/silver/omie/pdvd/2025/04/20250430.parquet
[2026-01-20T21:09:25.942+0000] {database.py:186} INFO - Inserted 234540 rows into 'omie.pdvd'.
[2026-01-20T21:09:25.951+0000] {pdvd.py:125} INFO - Processed pdvd for 20250430
[2026-01-20T21:09:27.442+0000] {filesystem.py:48} INFO - Saved file to /opt/***/local_data/silver/omie/pdvd/2025/05/20250501.parquet
[2026-01-20T21:09:38.717+0000] {database.py:186} INFO - Inserted 236156 rows into 'omie.pdvd'.
[2026-01-20T21:09:38.723+0000] {pdvd.py:125} INFO - Processed pdvd for 20250501
[2026-01-20T21:09:39.392+0000] {filesystem.py:48} INFO - Saved file to /opt/***/local_data/silver/omie/pdvd/2025/05/20250502.parquet
[2026-01-20T21:09:45.521+0000] {database.py:186} INFO - Inserted 236352 rows into 'omie.pdvd'.
[2026-01-20T21:09:45.529+0000] {pdvd.py:125} INFO - Processed pdvd for 20250502
[2026-01-20T21:09:46.441+0000] {filesystem.py:48} INFO - Saved file to /opt/***/local_data/silver/omie/pdvd/2025/05/20250503.parquet
[2026-01-20T21:09:58.953+0000] {database.py:186} INFO - Inserted 232400 rows into 'omie.pdvd'.
[2026-01-20T21:09:58.960+0000] {pdvd.py:125} INFO - Processed pdvd for 20250503
[2026-01-20T21:09:59.693+0000] {filesystem.py:48} INFO - Saved file to /opt/***/local_data/silver/omie/pdvd/2025/05/20250504.parquet
[2026-01-20T21:10:04.679+0000] {database.py:186} INFO - Inserted 234008 rows into 'omie.pdvd'.
[2026-01-20T21:10:04.687+0000] {pdvd.py:125} INFO - Processed pdvd for 20250504
[2026-01-20T21:10:05.778+0000] {filesystem.py:48} INFO - Saved file to /opt/***/local_data/silver/omie/pdvd/2025/05/20250505.parquet
[2026-01-20T21:10:36.359+0000] {database.py:186} INFO - Inserted 239416 rows into 'omie.pdvd'.
[2026-01-20T21:10:36.367+0000] {pdvd.py:125} INFO - Processed pdvd for 20250505
[2026-01-20T21:10:37.144+0000] {filesystem.py:48} INFO - Saved file to /opt/***/local_data/silver/omie/pdvd/2025/05/20250506.parquet
[2026-01-20T21:10:41.098+0000] {database.py:186} INFO - Inserted 239056 rows into 'omie.pdvd'.
[2026-01-20T21:10:41.103+0000] {pdvd.py:125} INFO - Processed pdvd for 20250506
[2026-01-20T21:10:41.948+0000] {filesystem.py:48} INFO - Saved file to /opt/***/local_data/silver/omie/pdvd/2025/05/20250507.parquet
[2026-01-20T21:10:53.413+0000] {database.py:186} INFO - Inserted 240096 rows into 'omie.pdvd'.
[2026-01-20T21:10:53.419+0000] {pdvd.py:125} INFO - Processed pdvd for 20250507
[2026-01-20T21:10:54.186+0000] {filesystem.py:48} INFO - Saved file to /opt/***/local_data/silver/omie/pdvd/2025/05/20250508.parquet
[2026-01-20T21:11:01.607+0000] {database.py:186} INFO - Inserted 240760 rows into 'omie.pdvd'.
[2026-01-20T21:11:01.614+0000] {pdvd.py:125} INFO - Processed pdvd for 20250508
[2026-01-20T21:11:02.486+0000] {filesystem.py:48} INFO - Saved file to /opt/***/local_data/silver/omie/pdvd/2025/05/20250509.parquet
[2026-01-20T21:11:11.396+0000] {database.py:186} INFO - Inserted 240444 rows into 'omie.pdvd'.
[2026-01-20T21:11:11.405+0000] {pdvd.py:125} INFO - Processed pdvd for 20250509
[2026-01-20T21:11:12.472+0000] {filesystem.py:48} INFO - Saved file to /opt/***/local_data/silver/omie/pdvd/2025/05/20250510.parquet
[2026-01-20T21:11:29.096+0000] {database.py:186} INFO - Inserted 238268 rows into 'omie.pdvd'.
[2026-01-20T21:11:29.101+0000] {pdvd.py:125} INFO - Processed pdvd for 20250510
[2026-01-20T21:11:30.076+0000] {filesystem.py:48} INFO - Saved file to /opt/***/local_data/silver/omie/pdvd/2025/05/20250511.parquet
[2026-01-20T21:11:36.176+0000] {database.py:186} INFO - Inserted 236756 rows into 'omie.pdvd'.
[2026-01-20T21:11:36.184+0000] {pdvd.py:125} INFO - Processed pdvd for 20250511
[2026-01-20T21:11:37.170+0000] {filesystem.py:48} INFO - Saved file to /opt/***/local_data/silver/omie/pdvd/2025/05/20250512.parquet
[2026-01-20T21:11:45.673+0000] {database.py:186} INFO - Inserted 240256 rows into 'omie.pdvd'.
[2026-01-20T21:11:45.678+0000] {pdvd.py:125} INFO - Processed pdvd for 20250512
[2026-01-20T21:11:46.485+0000] {filesystem.py:48} INFO - Saved file to /opt/***/local_data/silver/omie/pdvd/2025/05/20250513.parquet
[2026-01-20T21:11:53.979+0000] {database.py:186} INFO - Inserted 240212 rows into 'omie.pdvd'.
[2026-01-20T21:11:53.989+0000] {pdvd.py:125} INFO - Processed pdvd for 20250513
[2026-01-20T21:11:55.204+0000] {filesystem.py:48} INFO - Saved file to /opt/***/local_data/silver/omie/pdvd/2025/05/20250514.parquet
[2026-01-20T21:12:11.889+0000] {database.py:186} INFO - Inserted 240984 rows into 'omie.pdvd'.
[2026-01-20T21:12:11.896+0000] {pdvd.py:125} INFO - Processed pdvd for 20250514
[2026-01-20T21:12:12.823+0000] {filesystem.py:48} INFO - Saved file to /opt/***/local_data/silver/omie/pdvd/2025/05/20250515.parquet
[2026-01-20T21:12:32.186+0000] {database.py:186} INFO - Inserted 240904 rows into 'omie.pdvd'.
[2026-01-20T21:12:32.191+0000] {pdvd.py:125} INFO - Processed pdvd for 20250515
[2026-01-20T21:12:33.082+0000] {filesystem.py:48} INFO - Saved file to /opt/***/local_data/silver/omie/pdvd/2025/05/20250516.parquet
[2026-01-20T21:12:39.060+0000] {database.py:186} INFO - Inserted 239536 rows into 'omie.pdvd'.
[2026-01-20T21:12:39.065+0000] {pdvd.py:125} INFO - Processed pdvd for 20250516
[2026-01-20T21:12:40.077+0000] {filesystem.py:48} INFO - Saved file to /opt/***/local_data/silver/omie/pdvd/2025/05/20250517.parquet
[2026-01-20T21:12:45.559+0000] {database.py:186} INFO - Inserted 238528 rows into 'omie.pdvd'.
[2026-01-20T21:12:45.568+0000] {pdvd.py:125} INFO - Processed pdvd for 20250517
[2026-01-20T21:12:46.336+0000] {filesystem.py:48} INFO - Saved file to /opt/***/local_data/silver/omie/pdvd/2025/05/20250518.parquet
[2026-01-20T21:12:53.753+0000] {database.py:186} INFO - Inserted 236648 rows into 'omie.pdvd'.
[2026-01-20T21:12:53.757+0000] {pdvd.py:125} INFO - Processed pdvd for 20250518
[2026-01-20T21:12:54.266+0000] {filesystem.py:48} INFO - Saved file to /opt/***/local_data/silver/omie/pdvd/2025/05/20250519.parquet
[2026-01-20T21:12:58.964+0000] {database.py:186} INFO - Inserted 239436 rows into 'omie.pdvd'.
[2026-01-20T21:12:58.973+0000] {pdvd.py:125} INFO - Processed pdvd for 20250519
[2026-01-20T21:12:59.896+0000] {filesystem.py:48} INFO - Saved file to /opt/***/local_data/silver/omie/pdvd/2025/05/20250520.parquet
[2026-01-20T21:13:05.975+0000] {database.py:186} INFO - Inserted 239100 rows into 'omie.pdvd'.
[2026-01-20T21:13:05.985+0000] {pdvd.py:125} INFO - Processed pdvd for 20250520
[2026-01-20T21:13:06.835+0000] {filesystem.py:48} INFO - Saved file to /opt/***/local_data/silver/omie/pdvd/2025/05/20250521.parquet
[2026-01-20T21:13:14.402+0000] {database.py:186} INFO - Inserted 240012 rows into 'omie.pdvd'.
[2026-01-20T21:13:14.408+0000] {pdvd.py:125} INFO - Processed pdvd for 20250521
[2026-01-20T21:13:15.065+0000] {filesystem.py:48} INFO - Saved file to /opt/***/local_data/silver/omie/pdvd/2025/05/20250522.parquet
[2026-01-20T21:13:23.361+0000] {database.py:186} INFO - Inserted 238980 rows into 'omie.pdvd'.
[2026-01-20T21:13:23.367+0000] {pdvd.py:125} INFO - Processed pdvd for 20250522
[2026-01-20T21:13:24.039+0000] {filesystem.py:48} INFO - Saved file to /opt/***/local_data/silver/omie/pdvd/2025/05/20250523.parquet
[2026-01-20T21:13:29.169+0000] {database.py:186} INFO - Inserted 238252 rows into 'omie.pdvd'.
[2026-01-20T21:13:29.175+0000] {pdvd.py:125} INFO - Processed pdvd for 20250523
[2026-01-20T21:13:30.059+0000] {filesystem.py:48} INFO - Saved file to /opt/***/local_data/silver/omie/pdvd/2025/05/20250524.parquet
[2026-01-20T21:13:36.819+0000] {database.py:186} INFO - Inserted 235536 rows into 'omie.pdvd'.
[2026-01-20T21:13:36.827+0000] {pdvd.py:125} INFO - Processed pdvd for 20250524
[2026-01-20T21:13:37.785+0000] {filesystem.py:48} INFO - Saved file to /opt/***/local_data/silver/omie/pdvd/2025/05/20250525.parquet
[2026-01-20T21:14:05.899+0000] {database.py:186} INFO - Inserted 234756 rows into 'omie.pdvd'.
[2026-01-20T21:14:05.907+0000] {pdvd.py:125} INFO - Processed pdvd for 20250525
[2026-01-20T21:14:06.824+0000] {filesystem.py:48} INFO - Saved file to /opt/***/local_data/silver/omie/pdvd/2025/05/20250526.parquet
[2026-01-20T21:14:10.667+0000] {database.py:186} INFO - Inserted 239444 rows into 'omie.pdvd'.
[2026-01-20T21:14:10.674+0000] {pdvd.py:125} INFO - Processed pdvd for 20250526
[2026-01-20T21:14:11.271+0000] {filesystem.py:48} INFO - Saved file to /opt/***/local_data/silver/omie/pdvd/2025/05/20250527.parquet
[2026-01-20T21:14:15.631+0000] {database.py:186} INFO - Inserted 238960 rows into 'omie.pdvd'.
[2026-01-20T21:14:15.637+0000] {pdvd.py:125} INFO - Processed pdvd for 20250527
[2026-01-20T21:14:18.630+0000] {filesystem.py:48} INFO - Saved file to /opt/***/local_data/silver/omie/pdvd/2025/05/20250528.parquet
[2026-01-20T21:14:23.271+0000] {database.py:186} INFO - Inserted 239668 rows into 'omie.pdvd'.
[2026-01-20T21:14:23.278+0000] {pdvd.py:125} INFO - Processed pdvd for 20250528
[2026-01-20T21:14:25.443+0000] {filesystem.py:48} INFO - Saved file to /opt/***/local_data/silver/omie/pdvd/2025/05/20250529.parquet
[2026-01-20T21:14:33.798+0000] {database.py:186} INFO - Inserted 240720 rows into 'omie.pdvd'.
[2026-01-20T21:14:33.804+0000] {pdvd.py:125} INFO - Processed pdvd for 20250529
[2026-01-20T21:14:34.515+0000] {filesystem.py:48} INFO - Saved file to /opt/***/local_data/silver/omie/pdvd/2025/05/20250530.parquet
[2026-01-20T21:14:39.362+0000] {database.py:186} INFO - Inserted 241492 rows into 'omie.pdvd'.
[2026-01-20T21:14:39.368+0000] {pdvd.py:125} INFO - Processed pdvd for 20250530
[2026-01-20T21:14:40.376+0000] {filesystem.py:48} INFO - Saved file to /opt/***/local_data/silver/omie/pdvd/2025/05/20250531.parquet
[2026-01-20T21:14:46.504+0000] {database.py:186} INFO - Inserted 239472 rows into 'omie.pdvd'.
[2026-01-20T21:14:46.509+0000] {pdvd.py:125} INFO - Processed pdvd for 20250531
[2026-01-20T21:14:47.782+0000] {filesystem.py:48} INFO - Saved file to /opt/***/local_data/silver/omie/pdvd/2025/06/20250601.parquet
[2026-01-20T21:15:00.008+0000] {database.py:186} INFO - Inserted 238244 rows into 'omie.pdvd'.
[2026-01-20T21:15:00.017+0000] {pdvd.py:125} INFO - Processed pdvd for 20250601
[2026-01-20T21:15:00.916+0000] {filesystem.py:48} INFO - Saved file to /opt/***/local_data/silver/omie/pdvd/2025/06/20250602.parquet
[2026-01-20T21:15:35.300+0000] {database.py:186} INFO - Inserted 242188 rows into 'omie.pdvd'.
[2026-01-20T21:15:35.305+0000] {pdvd.py:125} INFO - Processed pdvd for 20250602
[2026-01-20T21:15:35.992+0000] {filesystem.py:48} INFO - Saved file to /opt/***/local_data/silver/omie/pdvd/2025/06/20250603.parquet
[2026-01-20T21:15:39.661+0000] {database.py:186} INFO - Inserted 242416 rows into 'omie.pdvd'.
[2026-01-20T21:15:39.668+0000] {pdvd.py:125} INFO - Processed pdvd for 20250603
[2026-01-20T21:15:40.281+0000] {filesystem.py:48} INFO - Saved file to /opt/***/local_data/silver/omie/pdvd/2025/06/20250604.parquet
[2026-01-20T21:15:45.884+0000] {database.py:186} INFO - Inserted 243952 rows into 'omie.pdvd'.
[2026-01-20T21:15:45.890+0000] {pdvd.py:125} INFO - Processed pdvd for 20250604
[2026-01-20T21:15:46.750+0000] {filesystem.py:48} INFO - Saved file to /opt/***/local_data/silver/omie/pdvd/2025/06/20250605.parquet
[2026-01-20T21:15:51.875+0000] {database.py:186} INFO - Inserted 244748 rows into 'omie.pdvd'.
[2026-01-20T21:15:51.884+0000] {pdvd.py:125} INFO - Processed pdvd for 20250605
[2026-01-20T21:15:52.842+0000] {filesystem.py:48} INFO - Saved file to /opt/***/local_data/silver/omie/pdvd/2025/06/20250606.parquet
[2026-01-20T21:16:07.269+0000] {database.py:186} INFO - Inserted 244820 rows into 'omie.pdvd'.
[2026-01-20T21:16:07.274+0000] {pdvd.py:125} INFO - Processed pdvd for 20250606
[2026-01-20T21:16:08.207+0000] {filesystem.py:48} INFO - Saved file to /opt/***/local_data/silver/omie/pdvd/2025/06/20250607.parquet
[2026-01-20T21:16:26.589+0000] {database.py:186} INFO - Inserted 243244 rows into 'omie.pdvd'.
[2026-01-20T21:16:26.603+0000] {pdvd.py:125} INFO - Processed pdvd for 20250607
[2026-01-20T21:16:27.489+0000] {filesystem.py:48} INFO - Saved file to /opt/***/local_data/silver/omie/pdvd/2025/06/20250608.parquet
[2026-01-20T21:16:40.329+0000] {database.py:186} INFO - Inserted 241384 rows into 'omie.pdvd'.
[2026-01-20T21:16:40.336+0000] {pdvd.py:125} INFO - Processed pdvd for 20250608
[2026-01-20T21:16:41.120+0000] {filesystem.py:48} INFO - Saved file to /opt/***/local_data/silver/omie/pdvd/2025/06/20250609.parquet
[2026-01-20T21:17:02.187+0000] {database.py:186} INFO - Inserted 245852 rows into 'omie.pdvd'.
[2026-01-20T21:17:02.200+0000] {pdvd.py:125} INFO - Processed pdvd for 20250609
[2026-01-20T21:17:03.917+0000] {filesystem.py:48} INFO - Saved file to /opt/***/local_data/silver/omie/pdvd/2025/06/20250610.parquet
[2026-01-20T21:17:21.396+0000] {database.py:186} INFO - Inserted 243164 rows into 'omie.pdvd'.
[2026-01-20T21:17:21.415+0000] {pdvd.py:125} INFO - Processed pdvd for 20250610
[2026-01-20T21:17:22.717+0000] {filesystem.py:48} INFO - Saved file to /opt/***/local_data/silver/omie/pdvd/2025/06/20250611.parquet
[2026-01-20T21:17:29.855+0000] {database.py:186} INFO - Inserted 245676 rows into 'omie.pdvd'.
[2026-01-20T21:17:29.867+0000] {pdvd.py:125} INFO - Processed pdvd for 20250611
[2026-01-20T21:17:30.734+0000] {filesystem.py:48} INFO - Saved file to /opt/***/local_data/silver/omie/pdvd/2025/06/20250612.parquet
[2026-01-20T21:17:40.033+0000] {database.py:186} INFO - Inserted 244952 rows into 'omie.pdvd'.
[2026-01-20T21:17:40.040+0000] {pdvd.py:125} INFO - Processed pdvd for 20250612
[2026-01-20T21:17:40.698+0000] {filesystem.py:48} INFO - Saved file to /opt/***/local_data/silver/omie/pdvd/2025/06/20250613.parquet
[2026-01-20T21:17:55.235+0000] {database.py:186} INFO - Inserted 247264 rows into 'omie.pdvd'.
[2026-01-20T21:17:55.360+0000] {pdvd.py:125} INFO - Processed pdvd for 20250613
[2026-01-20T21:18:00.960+0000] {filesystem.py:48} INFO - Saved file to /opt/***/local_data/silver/omie/pdvd/2025/06/20250614.parquet
[2026-01-20T21:18:10.074+0000] {database.py:186} INFO - Inserted 245212 rows into 'omie.pdvd'.
[2026-01-20T21:18:10.080+0000] {pdvd.py:125} INFO - Processed pdvd for 20250614
[2026-01-20T21:18:11.055+0000] {filesystem.py:48} INFO - Saved file to /opt/***/local_data/silver/omie/pdvd/2025/06/20250615.parquet
[2026-01-20T21:18:24.557+0000] {database.py:186} INFO - Inserted 243984 rows into 'omie.pdvd'.
[2026-01-20T21:18:24.563+0000] {pdvd.py:125} INFO - Processed pdvd for 20250615
[2026-01-20T21:18:26.718+0000] {filesystem.py:48} INFO - Saved file to /opt/***/local_data/silver/omie/pdvd/2025/06/20250616.parquet
[2026-01-20T21:18:50.261+0000] {database.py:186} INFO - Inserted 247636 rows into 'omie.pdvd'.
[2026-01-20T21:18:50.332+0000] {pdvd.py:125} INFO - Processed pdvd for 20250616
[2026-01-20T21:19:15.059+0000] {filesystem.py:48} INFO - Saved file to /opt/***/local_data/silver/omie/pdvd/2025/06/20250617.parquet
[2026-01-20T21:19:28.657+0000] {database.py:186} INFO - Inserted 245052 rows into 'omie.pdvd'.
[2026-01-20T21:19:28.664+0000] {pdvd.py:125} INFO - Processed pdvd for 20250617
[2026-01-20T21:19:29.860+0000] {filesystem.py:48} INFO - Saved file to /opt/***/local_data/silver/omie/pdvd/2025/06/20250618.parquet
[2026-01-20T21:19:40.802+0000] {database.py:186} INFO - Inserted 246164 rows into 'omie.pdvd'.
[2026-01-20T21:19:40.811+0000] {pdvd.py:125} INFO - Processed pdvd for 20250618
[2026-01-20T21:19:41.743+0000] {filesystem.py:48} INFO - Saved file to /opt/***/local_data/silver/omie/pdvd/2025/06/20250619.parquet
[2026-01-20T21:19:50.449+0000] {database.py:186} INFO - Inserted 246348 rows into 'omie.pdvd'.
[2026-01-20T21:19:50.455+0000] {pdvd.py:125} INFO - Processed pdvd for 20250619
[2026-01-20T21:19:51.960+0000] {filesystem.py:48} INFO - Saved file to /opt/***/local_data/silver/omie/pdvd/2025/06/20250620.parquet
[2026-01-20T21:20:23.374+0000] {database.py:186} INFO - Inserted 246752 rows into 'omie.pdvd'.
[2026-01-20T21:20:23.438+0000] {pdvd.py:125} INFO - Processed pdvd for 20250620
[2026-01-20T21:20:32.296+0000] {filesystem.py:48} INFO - Saved file to /opt/***/local_data/silver/omie/pdvd/2025/06/20250621.parquet
[2026-01-20T21:20:54.971+0000] {database.py:186} INFO - Inserted 243960 rows into 'omie.pdvd'.
[2026-01-20T21:20:54.983+0000] {pdvd.py:125} INFO - Processed pdvd for 20250621
[2026-01-20T21:20:57.013+0000] {filesystem.py:48} INFO - Saved file to /opt/***/local_data/silver/omie/pdvd/2025/06/20250622.parquet
[2026-01-20T21:21:24.230+0000] {database.py:186} INFO - Inserted 242264 rows into 'omie.pdvd'.
[2026-01-20T21:21:24.261+0000] {pdvd.py:125} INFO - Processed pdvd for 20250622
[2026-01-20T21:21:26.397+0000] {filesystem.py:48} INFO - Saved file to /opt/***/local_data/silver/omie/pdvd/2025/06/20250623.parquet
[2026-01-20T21:21:41.314+0000] {database.py:186} INFO - Inserted 242588 rows into 'omie.pdvd'.
[2026-01-20T21:21:41.330+0000] {pdvd.py:125} INFO - Processed pdvd for 20250623
[2026-01-20T21:21:52.984+0000] {filesystem.py:48} INFO - Saved file to /opt/***/local_data/silver/omie/pdvd/2025/06/20250624.parquet
[2026-01-20T21:22:23.011+0000] {database.py:186} INFO - Inserted 243064 rows into 'omie.pdvd'.
[2026-01-20T21:22:23.066+0000] {pdvd.py:125} INFO - Processed pdvd for 20250624
[2026-01-20T21:22:24.771+0000] {filesystem.py:48} INFO - Saved file to /opt/***/local_data/silver/omie/pdvd/2025/06/20250625.parquet
[2026-01-20T21:22:34.891+0000] {database.py:186} INFO - Inserted 245180 rows into 'omie.pdvd'.
[2026-01-20T21:22:34.902+0000] {pdvd.py:125} INFO - Processed pdvd for 20250625
[2026-01-20T21:22:36.864+0000] {filesystem.py:48} INFO - Saved file to /opt/***/local_data/silver/omie/pdvd/2025/06/20250626.parquet
[2026-01-20T21:22:55.750+0000] {database.py:186} INFO - Inserted 246236 rows into 'omie.pdvd'.
[2026-01-20T21:22:55.756+0000] {pdvd.py:125} INFO - Processed pdvd for 20250626
[2026-01-20T21:22:57.494+0000] {filesystem.py:48} INFO - Saved file to /opt/***/local_data/silver/omie/pdvd/2025/06/20250627.parquet
[2026-01-20T21:23:07.162+0000] {database.py:186} INFO - Inserted 245300 rows into 'omie.pdvd'.
[2026-01-20T21:23:07.167+0000] {pdvd.py:125} INFO - Processed pdvd for 20250627
[2026-01-20T21:23:08.025+0000] {filesystem.py:48} INFO - Saved file to /opt/***/local_data/silver/omie/pdvd/2025/06/20250628.parquet
[2026-01-20T21:23:12.904+0000] {database.py:186} INFO - Inserted 243308 rows into 'omie.pdvd'.
[2026-01-20T21:23:12.910+0000] {pdvd.py:125} INFO - Processed pdvd for 20250628
[2026-01-20T21:23:13.617+0000] {filesystem.py:48} INFO - Saved file to /opt/***/local_data/silver/omie/pdvd/2025/06/20250629.parquet
[2026-01-20T21:23:17.764+0000] {database.py:186} INFO - Inserted 242128 rows into 'omie.pdvd'.
[2026-01-20T21:23:17.770+0000] {pdvd.py:125} INFO - Processed pdvd for 20250629
[2026-01-20T21:23:18.496+0000] {filesystem.py:48} INFO - Saved file to /opt/***/local_data/silver/omie/pdvd/2025/06/20250630.parquet
[2026-01-20T21:23:22.957+0000] {database.py:186} INFO - Inserted 244224 rows into 'omie.pdvd'.
[2026-01-20T21:23:22.963+0000] {pdvd.py:125} INFO - Processed pdvd for 20250630
[2026-01-20T21:23:24.147+0000] {filesystem.py:48} INFO - Saved file to /opt/***/local_data/silver/omie/pdvd/2025/07/20250701.parquet
[2026-01-20T21:23:28.825+0000] {database.py:186} INFO - Inserted 245312 rows into 'omie.pdvd'.
[2026-01-20T21:23:28.830+0000] {pdvd.py:125} INFO - Processed pdvd for 20250701
[2026-01-20T21:23:29.640+0000] {filesystem.py:48} INFO - Saved file to /opt/***/local_data/silver/omie/pdvd/2025/07/20250702.parquet
[2026-01-20T21:23:39.794+0000] {database.py:186} INFO - Inserted 248560 rows into 'omie.pdvd'.
[2026-01-20T21:23:39.802+0000] {pdvd.py:125} INFO - Processed pdvd for 20250702
[2026-01-20T21:23:40.474+0000] {filesystem.py:48} INFO - Saved file to /opt/***/local_data/silver/omie/pdvd/2025/07/20250703.parquet
[2026-01-20T21:23:45.752+0000] {database.py:186} INFO - Inserted 249056 rows into 'omie.pdvd'.
[2026-01-20T21:23:45.760+0000] {pdvd.py:125} INFO - Processed pdvd for 20250703
[2026-01-20T21:23:46.316+0000] {filesystem.py:48} INFO - Saved file to /opt/***/local_data/silver/omie/pdvd/2025/07/20250704.parquet
[2026-01-20T21:23:51.380+0000] {database.py:186} INFO - Inserted 249188 rows into 'omie.pdvd'.
[2026-01-20T21:23:51.386+0000] {pdvd.py:125} INFO - Processed pdvd for 20250704
[2026-01-20T21:23:52.136+0000] {filesystem.py:48} INFO - Saved file to /opt/***/local_data/silver/omie/pdvd/2025/07/20250705.parquet
[2026-01-20T21:23:56.945+0000] {database.py:186} INFO - Inserted 246776 rows into 'omie.pdvd'.
[2026-01-20T21:23:56.951+0000] {pdvd.py:125} INFO - Processed pdvd for 20250705
[2026-01-20T21:23:57.950+0000] {filesystem.py:48} INFO - Saved file to /opt/***/local_data/silver/omie/pdvd/2025/07/20250706.parquet
[2026-01-20T21:24:02.643+0000] {database.py:186} INFO - Inserted 246700 rows into 'omie.pdvd'.
[2026-01-20T21:24:02.649+0000] {pdvd.py:125} INFO - Processed pdvd for 20250706
[2026-01-20T21:24:03.396+0000] {filesystem.py:48} INFO - Saved file to /opt/***/local_data/silver/omie/pdvd/2025/07/20250707.parquet
[2026-01-20T21:24:12.421+0000] {database.py:186} INFO - Inserted 250852 rows into 'omie.pdvd'.
[2026-01-20T21:24:12.426+0000] {pdvd.py:125} INFO - Processed pdvd for 20250707
[2026-01-20T21:24:13.052+0000] {filesystem.py:48} INFO - Saved file to /opt/***/local_data/silver/omie/pdvd/2025/07/20250708.parquet
[2026-01-20T21:24:35.618+0000] {database.py:186} INFO - Inserted 249080 rows into 'omie.pdvd'.
[2026-01-20T21:24:35.624+0000] {pdvd.py:125} INFO - Processed pdvd for 20250708
[2026-01-20T21:24:36.283+0000] {filesystem.py:48} INFO - Saved file to /opt/***/local_data/silver/omie/pdvd/2025/07/20250709.parquet
[2026-01-20T21:24:40.076+0000] {database.py:186} INFO - Inserted 250244 rows into 'omie.pdvd'.
[2026-01-20T21:24:40.081+0000] {pdvd.py:125} INFO - Processed pdvd for 20250709
[2026-01-20T21:24:40.710+0000] {filesystem.py:48} INFO - Saved file to /opt/***/local_data/silver/omie/pdvd/2025/07/20250710.parquet
[2026-01-20T21:24:44.480+0000] {database.py:186} INFO - Inserted 249912 rows into 'omie.pdvd'.
[2026-01-20T21:24:44.485+0000] {pdvd.py:125} INFO - Processed pdvd for 20250710
[2026-01-20T21:24:45.041+0000] {filesystem.py:48} INFO - Saved file to /opt/***/local_data/silver/omie/pdvd/2025/07/20250711.parquet
[2026-01-20T21:24:51.565+0000] {database.py:186} INFO - Inserted 251416 rows into 'omie.pdvd'.
[2026-01-20T21:24:51.573+0000] {pdvd.py:125} INFO - Processed pdvd for 20250711
[2026-01-20T21:24:52.201+0000] {filesystem.py:48} INFO - Saved file to /opt/***/local_data/silver/omie/pdvd/2025/07/20250712.parquet
[2026-01-20T21:24:59.983+0000] {database.py:186} INFO - Inserted 249212 rows into 'omie.pdvd'.
[2026-01-20T21:24:59.986+0000] {pdvd.py:125} INFO - Processed pdvd for 20250712
[2026-01-20T21:25:00.640+0000] {filesystem.py:48} INFO - Saved file to /opt/***/local_data/silver/omie/pdvd/2025/07/20250713.parquet
[2026-01-20T21:25:07.709+0000] {database.py:186} INFO - Inserted 246760 rows into 'omie.pdvd'.
[2026-01-20T21:25:07.716+0000] {pdvd.py:125} INFO - Processed pdvd for 20250713
[2026-01-20T21:25:08.343+0000] {filesystem.py:48} INFO - Saved file to /opt/***/local_data/silver/omie/pdvd/2025/07/20250714.parquet
[2026-01-20T21:25:14.944+0000] {database.py:186} INFO - Inserted 249728 rows into 'omie.pdvd'.
[2026-01-20T21:25:14.950+0000] {pdvd.py:125} INFO - Processed pdvd for 20250714
[2026-01-20T21:25:16.910+0000] {filesystem.py:48} INFO - Saved file to /opt/***/local_data/silver/omie/pdvd/2025/07/20250716.parquet
[2026-01-20T21:25:43.264+0000] {database.py:186} INFO - Inserted 249696 rows into 'omie.pdvd'.
[2026-01-20T21:25:43.269+0000] {pdvd.py:125} INFO - Processed pdvd for 20250716
[2026-01-20T21:25:43.861+0000] {filesystem.py:48} INFO - Saved file to /opt/***/local_data/silver/omie/pdvd/2025/07/20250717.parquet
[2026-01-20T21:25:48.241+0000] {database.py:186} INFO - Inserted 250268 rows into 'omie.pdvd'.
[2026-01-20T21:25:48.245+0000] {pdvd.py:125} INFO - Processed pdvd for 20250717
[2026-01-20T21:25:48.785+0000] {filesystem.py:48} INFO - Saved file to /opt/***/local_data/silver/omie/pdvd/2025/07/20250718.parquet
[2026-01-20T21:25:57.051+0000] {database.py:186} INFO - Inserted 251360 rows into 'omie.pdvd'.
[2026-01-20T21:25:57.061+0000] {pdvd.py:125} INFO - Processed pdvd for 20250718
[2026-01-20T21:25:57.931+0000] {filesystem.py:48} INFO - Saved file to /opt/***/local_data/silver/omie/pdvd/2025/07/20250719.parquet
[2026-01-20T21:26:05.801+0000] {database.py:186} INFO - Inserted 248864 rows into 'omie.pdvd'.
[2026-01-20T21:26:05.807+0000] {pdvd.py:125} INFO - Processed pdvd for 20250719
[2026-01-20T21:26:06.907+0000] {filesystem.py:48} INFO - Saved file to /opt/***/local_data/silver/omie/pdvd/2025/07/20250720.parquet
[2026-01-20T21:26:15.144+0000] {database.py:186} INFO - Inserted 246740 rows into 'omie.pdvd'.
[2026-01-20T21:26:15.151+0000] {pdvd.py:125} INFO - Processed pdvd for 20250720
[2026-01-20T21:26:15.731+0000] {filesystem.py:48} INFO - Saved file to /opt/***/local_data/silver/omie/pdvd/2025/07/20250721.parquet
[2026-01-20T21:26:23.683+0000] {database.py:186} INFO - Inserted 249728 rows into 'omie.pdvd'.
[2026-01-20T21:26:23.689+0000] {pdvd.py:125} INFO - Processed pdvd for 20250721
[2026-01-20T21:26:24.313+0000] {filesystem.py:48} INFO - Saved file to /opt/***/local_data/silver/omie/pdvd/2025/07/20250722.parquet
[2026-01-20T21:26:32.350+0000] {database.py:186} INFO - Inserted 250100 rows into 'omie.pdvd'.
[2026-01-20T21:26:32.356+0000] {pdvd.py:125} INFO - Processed pdvd for 20250722
[2026-01-20T21:26:33.266+0000] {filesystem.py:48} INFO - Saved file to /opt/***/local_data/silver/omie/pdvd/2025/07/20250723.parquet
[2026-01-20T21:26:47.899+0000] {database.py:186} INFO - Inserted 249312 rows into 'omie.pdvd'.
[2026-01-20T21:26:47.907+0000] {pdvd.py:125} INFO - Processed pdvd for 20250723
[2026-01-20T21:26:48.645+0000] {filesystem.py:48} INFO - Saved file to /opt/***/local_data/silver/omie/pdvd/2025/07/20250724.parquet
[2026-01-20T21:26:53.430+0000] {database.py:186} INFO - Inserted 250816 rows into 'omie.pdvd'.
[2026-01-20T21:26:53.438+0000] {pdvd.py:125} INFO - Processed pdvd for 20250724
[2026-01-20T21:26:54.051+0000] {filesystem.py:48} INFO - Saved file to /opt/***/local_data/silver/omie/pdvd/2025/07/20250725.parquet
[2026-01-20T21:26:59.166+0000] {database.py:186} INFO - Inserted 249072 rows into 'omie.pdvd'.
[2026-01-20T21:26:59.171+0000] {pdvd.py:125} INFO - Processed pdvd for 20250725
[2026-01-20T21:27:00.164+0000] {filesystem.py:48} INFO - Saved file to /opt/***/local_data/silver/omie/pdvd/2025/07/20250726.parquet
[2026-01-20T21:27:10.091+0000] {database.py:186} INFO - Inserted 245804 rows into 'omie.pdvd'.
[2026-01-20T21:27:10.099+0000] {pdvd.py:125} INFO - Processed pdvd for 20250726
[2026-01-20T21:27:11.118+0000] {filesystem.py:48} INFO - Saved file to /opt/***/local_data/silver/omie/pdvd/2025/07/20250727.parquet
[2026-01-20T21:27:22.829+0000] {database.py:186} INFO - Inserted 245388 rows into 'omie.pdvd'.
[2026-01-20T21:27:22.834+0000] {pdvd.py:125} INFO - Processed pdvd for 20250727
[2026-01-20T21:27:23.668+0000] {filesystem.py:48} INFO - Saved file to /opt/***/local_data/silver/omie/pdvd/2025/07/20250728.parquet
[2026-01-20T21:27:36.383+0000] {database.py:186} INFO - Inserted 249272 rows into 'omie.pdvd'.
[2026-01-20T21:27:36.394+0000] {pdvd.py:125} INFO - Processed pdvd for 20250728
[2026-01-20T21:27:37.434+0000] {filesystem.py:48} INFO - Saved file to /opt/***/local_data/silver/omie/pdvd/2025/07/20250729.parquet
[2026-01-20T21:27:47.572+0000] {database.py:186} INFO - Inserted 248844 rows into 'omie.pdvd'.
[2026-01-20T21:27:47.577+0000] {pdvd.py:125} INFO - Processed pdvd for 20250729
[2026-01-20T21:27:48.181+0000] {filesystem.py:48} INFO - Saved file to /opt/***/local_data/silver/omie/pdvd/2025/07/20250730.parquet
[2026-01-20T21:27:54.295+0000] {database.py:186} INFO - Inserted 249112 rows into 'omie.pdvd'.
[2026-01-20T21:27:54.304+0000] {pdvd.py:125} INFO - Processed pdvd for 20250730
[2026-01-20T21:27:55.201+0000] {filesystem.py:48} INFO - Saved file to /opt/***/local_data/silver/omie/pdvd/2025/07/20250731.parquet
[2026-01-20T21:28:01.026+0000] {database.py:186} INFO - Inserted 248804 rows into 'omie.pdvd'.
[2026-01-20T21:28:01.031+0000] {pdvd.py:125} INFO - Processed pdvd for 20250731
[2026-01-20T21:28:02.047+0000] {filesystem.py:48} INFO - Saved file to /opt/***/local_data/silver/omie/pdvd/2025/08/20250801.parquet
[2026-01-20T21:28:08.241+0000] {database.py:186} INFO - Inserted 247572 rows into 'omie.pdvd'.
[2026-01-20T21:28:08.246+0000] {pdvd.py:125} INFO - Processed pdvd for 20250801
[2026-01-20T21:28:08.990+0000] {filesystem.py:48} INFO - Saved file to /opt/***/local_data/silver/omie/pdvd/2025/08/20250802.parquet
[2026-01-20T21:28:19.251+0000] {database.py:186} INFO - Inserted 247560 rows into 'omie.pdvd'.
[2026-01-20T21:28:19.256+0000] {pdvd.py:125} INFO - Processed pdvd for 20250802
[2026-01-20T21:28:19.983+0000] {filesystem.py:48} INFO - Saved file to /opt/***/local_data/silver/omie/pdvd/2025/08/20250803.parquet
[2026-01-20T21:28:25.882+0000] {database.py:186} INFO - Inserted 244500 rows into 'omie.pdvd'.
[2026-01-20T21:28:25.888+0000] {pdvd.py:125} INFO - Processed pdvd for 20250803
[2026-01-20T21:28:27.379+0000] {filesystem.py:48} INFO - Saved file to /opt/***/local_data/silver/omie/pdvd/2025/08/20250804.parquet
[2026-01-20T21:28:36.200+0000] {database.py:186} INFO - Inserted 248396 rows into 'omie.pdvd'.
[2026-01-20T21:28:36.208+0000] {pdvd.py:125} INFO - Processed pdvd for 20250804
[2026-01-20T21:28:37.144+0000] {filesystem.py:48} INFO - Saved file to /opt/***/local_data/silver/omie/pdvd/2025/08/20250805.parquet
[2026-01-20T21:28:43.589+0000] {database.py:186} INFO - Inserted 247636 rows into 'omie.pdvd'.
[2026-01-20T21:28:43.596+0000] {pdvd.py:125} INFO - Processed pdvd for 20250805
[2026-01-20T21:28:44.934+0000] {filesystem.py:48} INFO - Saved file to /opt/***/local_data/silver/omie/pdvd/2025/08/20250806.parquet
[2026-01-20T21:28:54.470+0000] {database.py:186} INFO - Inserted 249188 rows into 'omie.pdvd'.
[2026-01-20T21:28:54.476+0000] {pdvd.py:125} INFO - Processed pdvd for 20250806
[2026-01-20T21:28:55.338+0000] {filesystem.py:48} INFO - Saved file to /opt/***/local_data/silver/omie/pdvd/2025/08/20250807.parquet
[2026-01-20T21:29:05.168+0000] {database.py:186} INFO - Inserted 249552 rows into 'omie.pdvd'.
[2026-01-20T21:29:05.174+0000] {pdvd.py:125} INFO - Processed pdvd for 20250807
[2026-01-20T21:29:06.038+0000] {filesystem.py:48} INFO - Saved file to /opt/***/local_data/silver/omie/pdvd/2025/08/20250808.parquet
[2026-01-20T21:29:18.307+0000] {database.py:186} INFO - Inserted 250816 rows into 'omie.pdvd'.
[2026-01-20T21:29:18.325+0000] {pdvd.py:125} INFO - Processed pdvd for 20250808
[2026-01-20T21:29:19.328+0000] {filesystem.py:48} INFO - Saved file to /opt/***/local_data/silver/omie/pdvd/2025/08/20250809.parquet
[2026-01-20T21:29:26.528+0000] {database.py:186} INFO - Inserted 247900 rows into 'omie.pdvd'.
[2026-01-20T21:29:26.537+0000] {pdvd.py:125} INFO - Processed pdvd for 20250809
[2026-01-20T21:29:27.280+0000] {filesystem.py:48} INFO - Saved file to /opt/***/local_data/silver/omie/pdvd/2025/08/20250810.parquet
[2026-01-20T21:29:34.544+0000] {database.py:186} INFO - Inserted 245456 rows into 'omie.pdvd'.
[2026-01-20T21:29:34.550+0000] {pdvd.py:125} INFO - Processed pdvd for 20250810
[2026-01-20T21:29:35.203+0000] {filesystem.py:48} INFO - Saved file to /opt/***/local_data/silver/omie/pdvd/2025/08/20250811.parquet
[2026-01-20T21:29:41.654+0000] {database.py:186} INFO - Inserted 248396 rows into 'omie.pdvd'.
[2026-01-20T21:29:41.660+0000] {pdvd.py:125} INFO - Processed pdvd for 20250811
[2026-01-20T21:29:42.264+0000] {filesystem.py:48} INFO - Saved file to /opt/***/local_data/silver/omie/pdvd/2025/08/20250812.parquet
[2026-01-20T21:29:49.031+0000] {database.py:186} INFO - Inserted 248156 rows into 'omie.pdvd'.
[2026-01-20T21:29:49.038+0000] {pdvd.py:125} INFO - Processed pdvd for 20250812
[2026-01-20T21:29:50.288+0000] {filesystem.py:48} INFO - Saved file to /opt/***/local_data/silver/omie/pdvd/2025/08/20250813.parquet
[2026-01-20T21:29:57.798+0000] {database.py:186} INFO - Inserted 248116 rows into 'omie.pdvd'.
[2026-01-20T21:29:57.804+0000] {pdvd.py:125} INFO - Processed pdvd for 20250813
[2026-01-20T21:29:58.563+0000] {filesystem.py:48} INFO - Saved file to /opt/***/local_data/silver/omie/pdvd/2025/08/20250814.parquet
[2026-01-20T21:30:05.363+0000] {database.py:186} INFO - Inserted 247952 rows into 'omie.pdvd'.
[2026-01-20T21:30:05.370+0000] {pdvd.py:125} INFO - Processed pdvd for 20250814
[2026-01-20T21:30:06.234+0000] {filesystem.py:48} INFO - Saved file to /opt/***/local_data/silver/omie/pdvd/2025/08/20250815.parquet
[2026-01-20T21:30:29.541+0000] {database.py:186} INFO - Inserted 246712 rows into 'omie.pdvd'.
[2026-01-20T21:30:29.546+0000] {pdvd.py:125} INFO - Processed pdvd for 20250815
[2026-01-20T21:30:32.986+0000] {filesystem.py:48} INFO - Saved file to /opt/***/local_data/silver/omie/pdvd/2025/08/20250816.parquet
[2026-01-20T21:30:53.383+0000] {database.py:186} INFO - Inserted 244700 rows into 'omie.pdvd'.
[2026-01-20T21:30:53.432+0000] {pdvd.py:125} INFO - Processed pdvd for 20250816
[2026-01-20T21:30:55.183+0000] {filesystem.py:48} INFO - Saved file to /opt/***/local_data/silver/omie/pdvd/2025/08/20250817.parquet
[2026-01-20T21:31:04.006+0000] {database.py:186} INFO - Inserted 244000 rows into 'omie.pdvd'.
[2026-01-20T21:31:04.013+0000] {pdvd.py:125} INFO - Processed pdvd for 20250817
[2026-01-20T21:31:05.029+0000] {filesystem.py:48} INFO - Saved file to /opt/***/local_data/silver/omie/pdvd/2025/08/20250818.parquet
[2026-01-20T21:31:12.966+0000] {database.py:186} INFO - Inserted 245828 rows into 'omie.pdvd'.
[2026-01-20T21:31:12.974+0000] {pdvd.py:125} INFO - Processed pdvd for 20250818
[2026-01-20T21:31:13.765+0000] {filesystem.py:48} INFO - Saved file to /opt/***/local_data/silver/omie/pdvd/2025/08/20250819.parquet
[2026-01-20T21:31:29.206+0000] {database.py:186} INFO - Inserted 247604 rows into 'omie.pdvd'.
[2026-01-20T21:31:29.232+0000] {pdvd.py:125} INFO - Processed pdvd for 20250819
[2026-01-20T21:31:30.626+0000] {filesystem.py:48} INFO - Saved file to /opt/***/local_data/silver/omie/pdvd/2025/08/20250820.parquet
[2026-01-20T21:31:46.920+0000] {database.py:186} INFO - Inserted 248120 rows into 'omie.pdvd'.
[2026-01-20T21:31:46.927+0000] {pdvd.py:125} INFO - Processed pdvd for 20250820
[2026-01-20T21:31:48.499+0000] {filesystem.py:48} INFO - Saved file to /opt/***/local_data/silver/omie/pdvd/2025/08/20250821.parquet
[2026-01-20T21:32:14.620+0000] {database.py:186} INFO - Inserted 248252 rows into 'omie.pdvd'.
[2026-01-20T21:32:14.684+0000] {pdvd.py:125} INFO - Processed pdvd for 20250821
[2026-01-20T21:32:17.213+0000] {filesystem.py:48} INFO - Saved file to /opt/***/local_data/silver/omie/pdvd/2025/08/20250822.parquet
[2026-01-20T21:32:31.417+0000] {database.py:186} INFO - Inserted 248728 rows into 'omie.pdvd'.
[2026-01-20T21:32:31.425+0000] {pdvd.py:125} INFO - Processed pdvd for 20250822
[2026-01-20T21:32:32.431+0000] {filesystem.py:48} INFO - Saved file to /opt/***/local_data/silver/omie/pdvd/2025/08/20250823.parquet
[2026-01-20T21:32:44.129+0000] {database.py:186} INFO - Inserted 246600 rows into 'omie.pdvd'.
[2026-01-20T21:32:44.149+0000] {pdvd.py:125} INFO - Processed pdvd for 20250823
[2026-01-20T21:32:46.336+0000] {filesystem.py:48} INFO - Saved file to /opt/***/local_data/silver/omie/pdvd/2025/08/20250824.parquet
[2026-01-20T21:33:05.705+0000] {database.py:186} INFO - Inserted 245496 rows into 'omie.pdvd'.
[2026-01-20T21:33:05.807+0000] {pdvd.py:125} INFO - Processed pdvd for 20250824
[2026-01-20T21:33:08.816+0000] {filesystem.py:48} INFO - Saved file to /opt/***/local_data/silver/omie/pdvd/2025/08/20250825.parquet
[2026-01-20T21:33:34.404+0000] {database.py:186} INFO - Inserted 249364 rows into 'omie.pdvd'.
[2026-01-20T21:33:34.423+0000] {pdvd.py:125} INFO - Processed pdvd for 20250825
[2026-01-20T21:33:37.277+0000] {filesystem.py:48} INFO - Saved file to /opt/***/local_data/silver/omie/pdvd/2025/08/20250826.parquet
[2026-01-20T21:33:52.490+0000] {database.py:186} INFO - Inserted 250024 rows into 'omie.pdvd'.
[2026-01-20T21:33:52.498+0000] {pdvd.py:125} INFO - Processed pdvd for 20250826
[2026-01-20T21:33:54.306+0000] {filesystem.py:48} INFO - Saved file to /opt/***/local_data/silver/omie/pdvd/2025/08/20250827.parquet
[2026-01-20T21:34:39.599+0000] {database.py:186} INFO - Inserted 249808 rows into 'omie.pdvd'.
[2026-01-20T21:34:39.640+0000] {pdvd.py:125} INFO - Processed pdvd for 20250827
[2026-01-20T21:34:41.306+0000] {filesystem.py:48} INFO - Saved file to /opt/***/local_data/silver/omie/pdvd/2025/08/20250828.parquet
[2026-01-20T21:34:56.347+0000] {database.py:186} INFO - Inserted 249880 rows into 'omie.pdvd'.
[2026-01-20T21:34:56.354+0000] {pdvd.py:125} INFO - Processed pdvd for 20250828
[2026-01-20T21:34:57.820+0000] {filesystem.py:48} INFO - Saved file to /opt/***/local_data/silver/omie/pdvd/2025/08/20250829.parquet
[2026-01-20T21:35:20.138+0000] {database.py:186} INFO - Inserted 251164 rows into 'omie.pdvd'.
[2026-01-20T21:35:23.515+0000] {pdvd.py:125} INFO - Processed pdvd for 20250829
[2026-01-20T21:35:24.562+0000] {filesystem.py:48} INFO - Saved file to /opt/***/local_data/silver/omie/pdvd/2025/08/20250830.parquet
[2026-01-20T21:35:36.892+0000] {database.py:186} INFO - Inserted 248080 rows into 'omie.pdvd'.
[2026-01-20T21:35:36.900+0000] {pdvd.py:125} INFO - Processed pdvd for 20250830
[2026-01-20T21:35:37.587+0000] {filesystem.py:48} INFO - Saved file to /opt/***/local_data/silver/omie/pdvd/2025/08/20250831.parquet
[2026-01-20T21:35:48.179+0000] {database.py:186} INFO - Inserted 247588 rows into 'omie.pdvd'.
[2026-01-20T21:35:48.179+0000] {pdvd.py:125} INFO - Processed pdvd for 20250831
[2026-01-20T21:35:49.160+0000] {filesystem.py:48} INFO - Saved file to /opt/***/local_data/silver/omie/pdvd/2025/09/20250901.parquet
[2026-01-20T21:36:04.850+0000] {database.py:186} INFO - Inserted 249324 rows into 'omie.pdvd'.
[2026-01-20T21:36:05.000+0000] {pdvd.py:125} INFO - Processed pdvd for 20250901
[2026-01-20T21:36:09.227+0000] {filesystem.py:48} INFO - Saved file to /opt/***/local_data/silver/omie/pdvd/2025/09/20250902.parquet
[2026-01-20T21:36:30.048+0000] {database.py:186} INFO - Inserted 250140 rows into 'omie.pdvd'.
[2026-01-20T21:36:30.053+0000] {pdvd.py:125} INFO - Processed pdvd for 20250902
[2026-01-20T21:36:31.154+0000] {filesystem.py:48} INFO - Saved file to /opt/***/local_data/silver/omie/pdvd/2025/09/20250903.parquet
[2026-01-20T21:36:59.878+0000] {database.py:186} INFO - Inserted 250904 rows into 'omie.pdvd'.
[2026-01-20T21:36:59.879+0000] {pdvd.py:125} INFO - Processed pdvd for 20250903
[2026-01-20T21:37:00.723+0000] {filesystem.py:48} INFO - Saved file to /opt/***/local_data/silver/omie/pdvd/2025/09/20250904.parquet
[2026-01-20T21:37:16.642+0000] {database.py:186} INFO - Inserted 250148 rows into 'omie.pdvd'.
[2026-01-20T21:37:16.643+0000] {pdvd.py:125} INFO - Processed pdvd for 20250904
[2026-01-20T21:37:17.483+0000] {filesystem.py:48} INFO - Saved file to /opt/***/local_data/silver/omie/pdvd/2025/09/20250905.parquet
[2026-01-20T21:37:34.621+0000] {database.py:186} INFO - Inserted 251808 rows into 'omie.pdvd'.
[2026-01-20T21:37:34.635+0000] {pdvd.py:125} INFO - Processed pdvd for 20250905
[2026-01-20T21:37:36.294+0000] {filesystem.py:48} INFO - Saved file to /opt/***/local_data/silver/omie/pdvd/2025/09/20250906.parquet
[2026-01-20T21:37:50.127+0000] {database.py:186} INFO - Inserted 249144 rows into 'omie.pdvd'.
[2026-01-20T21:37:50.138+0000] {pdvd.py:125} INFO - Processed pdvd for 20250906
[2026-01-20T21:37:51.374+0000] {filesystem.py:48} INFO - Saved file to /opt/***/local_data/silver/omie/pdvd/2025/09/20250907.parquet
[2026-01-20T21:38:14.132+0000] {database.py:186} INFO - Inserted 247700 rows into 'omie.pdvd'.
[2026-01-20T21:38:14.141+0000] {pdvd.py:125} INFO - Processed pdvd for 20250907
[2026-01-20T21:38:15.773+0000] {filesystem.py:48} INFO - Saved file to /opt/***/local_data/silver/omie/pdvd/2025/09/20250908.parquet
[2026-01-20T21:38:30.789+0000] {database.py:186} INFO - Inserted 250844 rows into 'omie.pdvd'.
[2026-01-20T21:38:30.791+0000] {pdvd.py:125} INFO - Processed pdvd for 20250908
[2026-01-20T21:38:31.896+0000] {filesystem.py:48} INFO - Saved file to /opt/***/local_data/silver/omie/pdvd/2025/09/20250909.parquet
[2026-01-20T21:38:43.033+0000] {database.py:186} INFO - Inserted 251236 rows into 'omie.pdvd'.
[2026-01-20T21:38:43.040+0000] {pdvd.py:125} INFO - Processed pdvd for 20250909
[2026-01-20T21:38:43.817+0000] {filesystem.py:48} INFO - Saved file to /opt/***/local_data/silver/omie/pdvd/2025/09/20250910.parquet
[2026-01-20T21:39:00.783+0000] {database.py:186} INFO - Inserted 250612 rows into 'omie.pdvd'.
[2026-01-20T21:39:00.884+0000] {pdvd.py:125} INFO - Processed pdvd for 20250910
[2026-01-20T21:39:02.202+0000] {filesystem.py:48} INFO - Saved file to /opt/***/local_data/silver/omie/pdvd/2025/09/20250911.parquet
[2026-01-20T21:39:14.153+0000] {database.py:186} INFO - Inserted 251780 rows into 'omie.pdvd'.
[2026-01-20T21:39:14.163+0000] {pdvd.py:125} INFO - Processed pdvd for 20250911
[2026-01-20T21:39:15.141+0000] {filesystem.py:48} INFO - Saved file to /opt/***/local_data/silver/omie/pdvd/2025/09/20250912.parquet
[2026-01-20T21:39:28.223+0000] {database.py:186} INFO - Inserted 251912 rows into 'omie.pdvd'.
[2026-01-20T21:39:28.230+0000] {pdvd.py:125} INFO - Processed pdvd for 20250912
[2026-01-20T21:39:29.123+0000] {filesystem.py:48} INFO - Saved file to /opt/***/local_data/silver/omie/pdvd/2025/09/20250913.parquet
[2026-01-20T21:39:51.481+0000] {database.py:186} INFO - Inserted 249664 rows into 'omie.pdvd'.
[2026-01-20T21:39:51.526+0000] {pdvd.py:125} INFO - Processed pdvd for 20250913
[2026-01-20T21:39:53.874+0000] {filesystem.py:48} INFO - Saved file to /opt/***/local_data/silver/omie/pdvd/2025/09/20250914.parquet
[2026-01-20T21:40:10.851+0000] {database.py:186} INFO - Inserted 242968 rows into 'omie.pdvd'.
[2026-01-20T21:40:10.853+0000] {pdvd.py:125} INFO - Processed pdvd for 20250914
[2026-01-20T21:40:12.741+0000] {filesystem.py:48} INFO - Saved file to /opt/***/local_data/silver/omie/pdvd/2025/09/20250915.parquet
[2026-01-20T21:40:42.285+0000] {database.py:186} INFO - Inserted 251972 rows into 'omie.pdvd'.
[2026-01-20T21:40:42.292+0000] {pdvd.py:125} INFO - Processed pdvd for 20250915
[2026-01-20T21:40:43.078+0000] {filesystem.py:48} INFO - Saved file to /opt/***/local_data/silver/omie/pdvd/2025/09/20250916.parquet
[2026-01-20T21:40:57.229+0000] {database.py:186} INFO - Inserted 252544 rows into 'omie.pdvd'.
[2026-01-20T21:40:57.236+0000] {pdvd.py:125} INFO - Processed pdvd for 20250916
[2026-01-20T21:40:58.184+0000] {filesystem.py:48} INFO - Saved file to /opt/***/local_data/silver/omie/pdvd/2025/09/20250917.parquet
[2026-01-20T21:41:06.722+0000] {database.py:186} INFO - Inserted 251148 rows into 'omie.pdvd'.
[2026-01-20T21:41:06.729+0000] {pdvd.py:125} INFO - Processed pdvd for 20250917
[2026-01-20T21:41:07.638+0000] {filesystem.py:48} INFO - Saved file to /opt/***/local_data/silver/omie/pdvd/2025/09/20250918.parquet
[2026-01-20T21:41:24.237+0000] {database.py:186} INFO - Inserted 253440 rows into 'omie.pdvd'.
[2026-01-20T21:41:24.252+0000] {pdvd.py:125} INFO - Processed pdvd for 20250918
[2026-01-20T21:41:25.086+0000] {filesystem.py:48} INFO - Saved file to /opt/***/local_data/silver/omie/pdvd/2025/09/20250919.parquet
[2026-01-20T21:41:38.860+0000] {database.py:186} INFO - Inserted 254416 rows into 'omie.pdvd'.
[2026-01-20T21:41:38.868+0000] {pdvd.py:125} INFO - Processed pdvd for 20250919
[2026-01-20T21:41:39.638+0000] {filesystem.py:48} INFO - Saved file to /opt/***/local_data/silver/omie/pdvd/2025/09/20250920.parquet
[2026-01-20T21:41:53.252+0000] {database.py:186} INFO - Inserted 250988 rows into 'omie.pdvd'.
[2026-01-20T21:41:53.257+0000] {pdvd.py:125} INFO - Processed pdvd for 20250920
[2026-01-20T21:41:54.015+0000] {filesystem.py:48} INFO - Saved file to /opt/***/local_data/silver/omie/pdvd/2025/09/20250921.parquet
[2026-01-20T21:42:09.099+0000] {database.py:186} INFO - Inserted 249916 rows into 'omie.pdvd'.
[2026-01-20T21:42:09.131+0000] {pdvd.py:125} INFO - Processed pdvd for 20250921
[2026-01-20T21:42:09.969+0000] {filesystem.py:48} INFO - Saved file to /opt/***/local_data/silver/omie/pdvd/2025/09/20250922.parquet
[2026-01-20T21:42:23.862+0000] {database.py:186} INFO - Inserted 252952 rows into 'omie.pdvd'.
[2026-01-20T21:42:23.869+0000] {pdvd.py:125} INFO - Processed pdvd for 20250922
[2026-01-20T21:42:24.672+0000] {filesystem.py:48} INFO - Saved file to /opt/***/local_data/silver/omie/pdvd/2025/09/20250923.parquet
[2026-01-20T21:42:36.943+0000] {database.py:186} INFO - Inserted 253000 rows into 'omie.pdvd'.
[2026-01-20T21:42:36.951+0000] {pdvd.py:125} INFO - Processed pdvd for 20250923
[2026-01-20T21:42:37.888+0000] {filesystem.py:48} INFO - Saved file to /opt/***/local_data/silver/omie/pdvd/2025/09/20250924.parquet
[2026-01-20T21:42:51.931+0000] {database.py:186} INFO - Inserted 252884 rows into 'omie.pdvd'.
[2026-01-20T21:42:51.942+0000] {pdvd.py:125} INFO - Processed pdvd for 20250924
[2026-01-20T21:42:53.570+0000] {filesystem.py:48} INFO - Saved file to /opt/***/local_data/silver/omie/pdvd/2025/09/20250925.parquet
[2026-01-20T21:43:03.828+0000] {database.py:186} INFO - Inserted 253360 rows into 'omie.pdvd'.
[2026-01-20T21:43:03.835+0000] {pdvd.py:125} INFO - Processed pdvd for 20250925
[2026-01-20T21:43:04.648+0000] {filesystem.py:48} INFO - Saved file to /opt/***/local_data/silver/omie/pdvd/2025/09/20250926.parquet
[2026-01-20T21:43:16.559+0000] {database.py:186} INFO - Inserted 252848 rows into 'omie.pdvd'.
[2026-01-20T21:43:16.569+0000] {pdvd.py:125} INFO - Processed pdvd for 20250926
[2026-01-20T21:43:17.416+0000] {filesystem.py:48} INFO - Saved file to /opt/***/local_data/silver/omie/pdvd/2025/09/20250927.parquet
[2026-01-20T21:43:33.138+0000] {database.py:186} INFO - Inserted 251420 rows into 'omie.pdvd'.
[2026-01-20T21:43:33.145+0000] {pdvd.py:125} INFO - Processed pdvd for 20250927
[2026-01-20T21:43:33.701+0000] {filesystem.py:48} INFO - Saved file to /opt/***/local_data/silver/omie/pdvd/2025/09/20250928.parquet
[2026-01-20T21:43:48.247+0000] {database.py:186} INFO - Inserted 249160 rows into 'omie.pdvd'.
[2026-01-20T21:43:48.257+0000] {pdvd.py:125} INFO - Processed pdvd for 20250928
[2026-01-20T21:43:49.078+0000] {filesystem.py:48} INFO - Saved file to /opt/***/local_data/silver/omie/pdvd/2025/09/20250929.parquet
[2026-01-20T21:44:03.421+0000] {database.py:186} INFO - Inserted 252240 rows into 'omie.pdvd'.
[2026-01-20T21:44:03.428+0000] {pdvd.py:125} INFO - Processed pdvd for 20250929
[2026-01-20T21:44:04.101+0000] {filesystem.py:48} INFO - Saved file to /opt/***/local_data/silver/omie/pdvd/2025/09/20250930.parquet
[2026-01-20T21:44:21.838+0000] {database.py:186} INFO - Inserted 252940 rows into 'omie.pdvd'.
[2026-01-20T21:44:21.844+0000] {pdvd.py:125} INFO - Processed pdvd for 20250930
[2026-01-20T21:44:22.593+0000] {filesystem.py:48} INFO - Saved file to /opt/***/local_data/silver/omie/pdvd/2025/10/20251001.parquet
[2026-01-20T21:44:42.293+0000] {database.py:186} INFO - Inserted 250509 rows into 'omie.pdvd'.
[2026-01-20T21:44:42.304+0000] {pdvd.py:125} INFO - Processed pdvd for 20251001
[2026-01-20T21:44:42.899+0000] {filesystem.py:48} INFO - Saved file to /opt/***/local_data/silver/omie/pdvd/2025/10/20251002.parquet
[2026-01-20T21:45:18.801+0000] {database.py:186} INFO - Inserted 252568 rows into 'omie.pdvd'.
[2026-01-20T21:45:18.802+0000] {pdvd.py:125} INFO - Processed pdvd for 20251002
[2026-01-20T21:45:19.383+0000] {filesystem.py:48} INFO - Saved file to /opt/***/local_data/silver/omie/pdvd/2025/10/20251003.parquet
[2026-01-20T21:45:34.159+0000] {database.py:186} INFO - Inserted 254006 rows into 'omie.pdvd'.
[2026-01-20T21:45:34.168+0000] {pdvd.py:125} INFO - Processed pdvd for 20251003
[2026-01-20T21:45:34.887+0000] {filesystem.py:48} INFO - Saved file to /opt/***/local_data/silver/omie/pdvd/2025/10/20251004.parquet
[2026-01-20T21:45:50.588+0000] {database.py:186} INFO - Inserted 252305 rows into 'omie.pdvd'.
[2026-01-20T21:45:50.589+0000] {pdvd.py:125} INFO - Processed pdvd for 20251004
[2026-01-20T21:45:51.466+0000] {filesystem.py:48} INFO - Saved file to /opt/***/local_data/silver/omie/pdvd/2025/10/20251005.parquet
[2026-01-20T21:46:08.548+0000] {database.py:186} INFO - Inserted 249561 rows into 'omie.pdvd'.
[2026-01-20T21:46:08.555+0000] {pdvd.py:125} INFO - Processed pdvd for 20251005
[2026-01-20T21:46:09.230+0000] {filesystem.py:48} INFO - Saved file to /opt/***/local_data/silver/omie/pdvd/2025/10/20251006.parquet
[2026-01-20T21:46:26.184+0000] {database.py:186} INFO - Inserted 253463 rows into 'omie.pdvd'.
[2026-01-20T21:46:26.190+0000] {pdvd.py:125} INFO - Processed pdvd for 20251006
[2026-01-20T21:46:26.953+0000] {filesystem.py:48} INFO - Saved file to /opt/***/local_data/silver/omie/pdvd/2025/10/20251007.parquet
[2026-01-20T21:46:47.813+0000] {database.py:186} INFO - Inserted 251759 rows into 'omie.pdvd'.
[2026-01-20T21:46:47.820+0000] {pdvd.py:125} INFO - Processed pdvd for 20251007
[2026-01-20T21:46:48.527+0000] {filesystem.py:48} INFO - Saved file to /opt/***/local_data/silver/omie/pdvd/2025/10/20251008.parquet
[2026-01-20T21:47:07.001+0000] {database.py:186} INFO - Inserted 252697 rows into 'omie.pdvd'.
[2026-01-20T21:47:07.008+0000] {pdvd.py:125} INFO - Processed pdvd for 20251008
[2026-01-20T21:47:07.631+0000] {filesystem.py:48} INFO - Saved file to /opt/***/local_data/silver/omie/pdvd/2025/10/20251009.parquet
[2026-01-20T21:47:37.405+0000] {database.py:186} INFO - Inserted 253915 rows into 'omie.pdvd'.
[2026-01-20T21:47:37.412+0000] {pdvd.py:125} INFO - Processed pdvd for 20251009
[2026-01-20T21:47:38.069+0000] {filesystem.py:48} INFO - Saved file to /opt/***/local_data/silver/omie/pdvd/2025/10/20251010.parquet
[2026-01-20T21:47:56.242+0000] {database.py:186} INFO - Inserted 252718 rows into 'omie.pdvd'.
[2026-01-20T21:47:56.249+0000] {pdvd.py:125} INFO - Processed pdvd for 20251010
[2026-01-20T21:47:56.893+0000] {filesystem.py:48} INFO - Saved file to /opt/***/local_data/silver/omie/pdvd/2025/10/20251011.parquet
[2026-01-20T21:48:14.413+0000] {database.py:186} INFO - Inserted 250378 rows into 'omie.pdvd'.
[2026-01-20T21:48:14.424+0000] {pdvd.py:125} INFO - Processed pdvd for 20251011
[2026-01-20T21:48:15.162+0000] {filesystem.py:48} INFO - Saved file to /opt/***/local_data/silver/omie/pdvd/2025/10/20251012.parquet
[2026-01-20T21:48:32.437+0000] {database.py:186} INFO - Inserted 248242 rows into 'omie.pdvd'.
[2026-01-20T21:48:32.443+0000] {pdvd.py:125} INFO - Processed pdvd for 20251012
[2026-01-20T21:48:33.057+0000] {filesystem.py:48} INFO - Saved file to /opt/***/local_data/silver/omie/pdvd/2025/10/20251013.parquet
[2026-01-20T21:48:52.468+0000] {database.py:186} INFO - Inserted 251586 rows into 'omie.pdvd'.
[2026-01-20T21:48:52.474+0000] {pdvd.py:125} INFO - Processed pdvd for 20251013
[2026-01-20T21:48:53.136+0000] {filesystem.py:48} INFO - Saved file to /opt/***/local_data/silver/omie/pdvd/2025/10/20251014.parquet
[2026-01-20T21:49:15.449+0000] {database.py:186} INFO - Inserted 253288 rows into 'omie.pdvd'.
[2026-01-20T21:49:15.451+0000] {pdvd.py:125} INFO - Processed pdvd for 20251014
[2026-01-20T21:49:16.326+0000] {filesystem.py:48} INFO - Saved file to /opt/***/local_data/silver/omie/pdvd/2025/10/20251015.parquet
[2026-01-20T21:49:42.492+0000] {database.py:186} INFO - Inserted 252654 rows into 'omie.pdvd'.
[2026-01-20T21:49:42.498+0000] {pdvd.py:125} INFO - Processed pdvd for 20251015
[2026-01-20T21:49:44.833+0000] {python.py:237} INFO - Done. Returned value was: None
[2026-01-20T21:49:44.842+0000] {taskinstance.py:441} INFO - ::group::Post task execution logs
[2026-01-20T21:49:45.537+0000] {taskinstance.py:1206} INFO - Marking task as SUCCESS. dag_id=omie_pipeline, task_id=process_pdvd, run_id=manual__2026-01-20T21:00:07.280516+00:00, execution_date=20260120T210007, start_date=20260120T210012, end_date=20260120T214945
[2026-01-20T21:49:46.079+0000] {local_task_job_runner.py:240} INFO - Task exited with return code 0
[2026-01-20T21:49:46.717+0000] {taskinstance.py:3503} INFO - 0 downstream tasks scheduled from follow-on schedule check
[2026-01-20T21:49:46.721+0000] {local_task_job_runner.py:222} INFO - ::endgroup::
