[2026-01-23T16:09:44.603+0000] {local_task_job_runner.py:120} INFO - ::group::Pre task execution logs
[2026-01-23T16:09:44.897+0000] {taskinstance.py:2076} INFO - Dependencies all met for dep_context=non-requeueable deps ti=<TaskInstance: omie_pipeline.process_pdbf scheduled__2026-01-21T08:30:00+00:00 [queued]>
[2026-01-23T16:09:45.004+0000] {taskinstance.py:2076} INFO - Dependencies all met for dep_context=requeueable deps ti=<TaskInstance: omie_pipeline.process_pdbf scheduled__2026-01-21T08:30:00+00:00 [queued]>
[2026-01-23T16:09:45.018+0000] {taskinstance.py:2306} INFO - Starting attempt 2 of 2
[2026-01-23T16:09:45.207+0000] {taskinstance.py:2330} INFO - Executing <Task(PythonOperator): process_pdbf> on 2026-01-21 08:30:00+00:00
[2026-01-23T16:09:45.267+0000] {standard_task_runner.py:63} INFO - Started process 256 to run task
[2026-01-23T16:09:45.289+0000] {standard_task_runner.py:90} INFO - Running: ['***', 'tasks', 'run', 'omie_pipeline', 'process_pdbf', 'scheduled__2026-01-21T08:30:00+00:00', '--job-id', '170', '--raw', '--subdir', 'DAGS_FOLDER/omie_dag.py', '--cfg-path', '/tmp/tmp8wcltrkh']
[2026-01-23T16:09:45.300+0000] {standard_task_runner.py:91} INFO - Job 170: Subtask process_pdbf
[2026-01-23T16:09:46.137+0000] {task_command.py:426} INFO - Running <TaskInstance: omie_pipeline.process_pdbf scheduled__2026-01-21T08:30:00+00:00 [running]> on host 2aff4151de2d
[2026-01-23T16:09:46.621+0000] {taskinstance.py:2648} INFO - Exporting env vars: AIRFLOW_CTX_DAG_OWNER='***' AIRFLOW_CTX_DAG_ID='omie_pipeline' AIRFLOW_CTX_TASK_ID='process_pdbf' AIRFLOW_CTX_EXECUTION_DATE='2026-01-21T08:30:00+00:00' AIRFLOW_CTX_TRY_NUMBER='2' AIRFLOW_CTX_DAG_RUN_ID='scheduled__2026-01-21T08:30:00+00:00'
[2026-01-23T16:09:46.626+0000] {taskinstance.py:430} INFO - ::endgroup::
[2026-01-23T16:09:46.752+0000] {logging_mixin.py:188} INFO - Processing process_pdbf for 2025-01-01 00:00:00 - 2026-01-21 00:00:00
[2026-01-23T16:11:04.594+0000] {filesystem.py:48} INFO - Saved file to /opt/***/local_data/silver/omie/pdbf/2025/01/20250101.parquet
[2026-01-23T16:12:21.575+0000] {database.py:189} ERROR - Error during bulk insert into omie.pdbf: duplicate key value violates unique constraint "pdbf_pkey"
DETAIL:  Key (anio, mes, dia, periodo, codigo_uof, codigo_oferta)=(2025, 1, 1, 1, ABA1, 9331525) already exists.
CONTEXT:  COPY pdbf, line 1

[2026-01-23T16:12:21.578+0000] {pdbf.py:134} ERROR - Error processing zip bronze/omie/pdbf/2025/pdbf_202501.zip: duplicate key value violates unique constraint "pdbf_pkey"
DETAIL:  Key (anio, mes, dia, periodo, codigo_uof, codigo_oferta)=(2025, 1, 1, 1, ABA1, 9331525) already exists.
CONTEXT:  COPY pdbf, line 1

[2026-01-23T16:12:22.141+0000] {filesystem.py:48} INFO - Saved file to /opt/***/local_data/silver/omie/pdbf/2025/01/20250102.parquet
[2026-01-23T16:13:39.157+0000] {database.py:189} ERROR - Error during bulk insert into omie.pdbf: duplicate key value violates unique constraint "pdbf_pkey"
DETAIL:  Key (anio, mes, dia, periodo, codigo_uof, codigo_oferta)=(2025, 1, 2, 1, ABA1, 9333538) already exists.
CONTEXT:  COPY pdbf, line 1

[2026-01-23T16:13:39.162+0000] {pdbf.py:134} ERROR - Error processing zip bronze/omie/pdbf/2025/pdbf_202501.zip: duplicate key value violates unique constraint "pdbf_pkey"
DETAIL:  Key (anio, mes, dia, periodo, codigo_uof, codigo_oferta)=(2025, 1, 2, 1, ABA1, 9333538) already exists.
CONTEXT:  COPY pdbf, line 1

[2026-01-23T16:13:39.744+0000] {filesystem.py:48} INFO - Saved file to /opt/***/local_data/silver/omie/pdbf/2025/01/20250103.parquet
[2026-01-23T16:15:01.881+0000] {database.py:189} ERROR - Error during bulk insert into omie.pdbf: duplicate key value violates unique constraint "pdbf_pkey"
DETAIL:  Key (anio, mes, dia, periodo, codigo_uof, codigo_oferta)=(2025, 1, 3, 1, ABA1, 9334420) already exists.
CONTEXT:  COPY pdbf, line 1

[2026-01-23T16:15:01.979+0000] {pdbf.py:134} ERROR - Error processing zip bronze/omie/pdbf/2025/pdbf_202501.zip: duplicate key value violates unique constraint "pdbf_pkey"
DETAIL:  Key (anio, mes, dia, periodo, codigo_uof, codigo_oferta)=(2025, 1, 3, 1, ABA1, 9334420) already exists.
CONTEXT:  COPY pdbf, line 1

[2026-01-23T16:15:02.989+0000] {filesystem.py:48} INFO - Saved file to /opt/***/local_data/silver/omie/pdbf/2025/01/20250104.parquet
[2026-01-23T16:16:01.070+0000] {database.py:186} INFO - Inserted 47013 rows into 'omie.pdbf'.
[2026-01-23T16:16:01.079+0000] {pdbf.py:132} INFO - Processed pdbf for 20250104
[2026-01-23T16:16:15.070+0000] {filesystem.py:48} INFO - Saved file to /opt/***/local_data/silver/omie/pdbf/2025/01/20250105.parquet
[2026-01-23T16:18:19.928+0000] {database.py:189} ERROR - Error during bulk insert into omie.pdbf: duplicate key value violates unique constraint "pdbf_pkey"
DETAIL:  Key (anio, mes, dia, periodo, codigo_uof, codigo_oferta)=(2025, 1, 5, 1, ABA1, 9334530) already exists.
CONTEXT:  COPY pdbf, line 1

[2026-01-23T16:18:19.968+0000] {pdbf.py:134} ERROR - Error processing zip bronze/omie/pdbf/2025/pdbf_202501.zip: duplicate key value violates unique constraint "pdbf_pkey"
DETAIL:  Key (anio, mes, dia, periodo, codigo_uof, codigo_oferta)=(2025, 1, 5, 1, ABA1, 9334530) already exists.
CONTEXT:  COPY pdbf, line 1

[2026-01-23T16:18:22.730+0000] {filesystem.py:48} INFO - Saved file to /opt/***/local_data/silver/omie/pdbf/2025/01/20250106.parquet
[2026-01-23T16:19:26.398+0000] {database.py:186} INFO - Inserted 47029 rows into 'omie.pdbf'.
[2026-01-23T16:19:26.401+0000] {pdbf.py:132} INFO - Processed pdbf for 20250106
[2026-01-23T16:19:26.973+0000] {filesystem.py:48} INFO - Saved file to /opt/***/local_data/silver/omie/pdbf/2025/01/20250107.parquet
[2026-01-23T16:20:26.401+0000] {database.py:189} ERROR - Error during bulk insert into omie.pdbf: duplicate key value violates unique constraint "pdbf_pkey"
DETAIL:  Key (anio, mes, dia, periodo, codigo_uof, codigo_oferta)=(2025, 1, 7, 1, ABA1, 9341701) already exists.
CONTEXT:  COPY pdbf, line 1

[2026-01-23T16:20:26.405+0000] {pdbf.py:134} ERROR - Error processing zip bronze/omie/pdbf/2025/pdbf_202501.zip: duplicate key value violates unique constraint "pdbf_pkey"
DETAIL:  Key (anio, mes, dia, periodo, codigo_uof, codigo_oferta)=(2025, 1, 7, 1, ABA1, 9341701) already exists.
CONTEXT:  COPY pdbf, line 1

[2026-01-23T16:20:26.865+0000] {filesystem.py:48} INFO - Saved file to /opt/***/local_data/silver/omie/pdbf/2025/01/20250108.parquet
[2026-01-23T16:21:18.704+0000] {database.py:189} ERROR - Error during bulk insert into omie.pdbf: duplicate key value violates unique constraint "pdbf_pkey"
DETAIL:  Key (anio, mes, dia, periodo, codigo_uof, codigo_oferta)=(2025, 1, 8, 1, ABOUC01, 9335667) already exists.
CONTEXT:  COPY pdbf, line 1

[2026-01-23T16:21:18.706+0000] {pdbf.py:134} ERROR - Error processing zip bronze/omie/pdbf/2025/pdbf_202501.zip: duplicate key value violates unique constraint "pdbf_pkey"
DETAIL:  Key (anio, mes, dia, periodo, codigo_uof, codigo_oferta)=(2025, 1, 8, 1, ABOUC01, 9335667) already exists.
CONTEXT:  COPY pdbf, line 1

[2026-01-23T16:21:20.132+0000] {filesystem.py:48} INFO - Saved file to /opt/***/local_data/silver/omie/pdbf/2025/01/20250109.parquet
[2026-01-23T16:22:07.994+0000] {database.py:189} ERROR - Error during bulk insert into omie.pdbf: duplicate key value violates unique constraint "pdbf_pkey"
DETAIL:  Key (anio, mes, dia, periodo, codigo_uof, codigo_oferta)=(2025, 1, 9, 1, ABA1, 9345730) already exists.
CONTEXT:  COPY pdbf, line 1

[2026-01-23T16:22:07.998+0000] {pdbf.py:134} ERROR - Error processing zip bronze/omie/pdbf/2025/pdbf_202501.zip: duplicate key value violates unique constraint "pdbf_pkey"
DETAIL:  Key (anio, mes, dia, periodo, codigo_uof, codigo_oferta)=(2025, 1, 9, 1, ABA1, 9345730) already exists.
CONTEXT:  COPY pdbf, line 1

[2026-01-23T16:22:08.538+0000] {filesystem.py:48} INFO - Saved file to /opt/***/local_data/silver/omie/pdbf/2025/01/20250110.parquet
[2026-01-23T16:22:55.573+0000] {database.py:186} INFO - Inserted 49543 rows into 'omie.pdbf'.
[2026-01-23T16:22:55.575+0000] {pdbf.py:132} INFO - Processed pdbf for 20250110
[2026-01-23T16:22:56.079+0000] {filesystem.py:48} INFO - Saved file to /opt/***/local_data/silver/omie/pdbf/2025/01/20250111.parquet
[2026-01-23T16:23:55.323+0000] {database.py:186} INFO - Inserted 48391 rows into 'omie.pdbf'.
[2026-01-23T16:23:55.328+0000] {pdbf.py:132} INFO - Processed pdbf for 20250111
[2026-01-23T16:23:57.290+0000] {filesystem.py:48} INFO - Saved file to /opt/***/local_data/silver/omie/pdbf/2025/01/20250112.parquet
[2026-01-23T16:24:49.252+0000] {database.py:189} ERROR - Error during bulk insert into omie.pdbf: duplicate key value violates unique constraint "pdbf_pkey"
DETAIL:  Key (anio, mes, dia, periodo, codigo_uof, codigo_oferta)=(2025, 1, 12, 1, ABA1, 9352553) already exists.
CONTEXT:  COPY pdbf, line 1

[2026-01-23T16:24:49.257+0000] {pdbf.py:134} ERROR - Error processing zip bronze/omie/pdbf/2025/pdbf_202501.zip: duplicate key value violates unique constraint "pdbf_pkey"
DETAIL:  Key (anio, mes, dia, periodo, codigo_uof, codigo_oferta)=(2025, 1, 12, 1, ABA1, 9352553) already exists.
CONTEXT:  COPY pdbf, line 1

[2026-01-23T16:24:49.788+0000] {filesystem.py:48} INFO - Saved file to /opt/***/local_data/silver/omie/pdbf/2025/01/20250113.parquet
[2026-01-23T16:25:51.082+0000] {database.py:189} ERROR - Error during bulk insert into omie.pdbf: duplicate key value violates unique constraint "pdbf_pkey"
DETAIL:  Key (anio, mes, dia, periodo, codigo_uof, codigo_oferta)=(2025, 1, 13, 1, ABA1, 9352614) already exists.
CONTEXT:  COPY pdbf, line 1

[2026-01-23T16:25:51.089+0000] {pdbf.py:134} ERROR - Error processing zip bronze/omie/pdbf/2025/pdbf_202501.zip: duplicate key value violates unique constraint "pdbf_pkey"
DETAIL:  Key (anio, mes, dia, periodo, codigo_uof, codigo_oferta)=(2025, 1, 13, 1, ABA1, 9352614) already exists.
CONTEXT:  COPY pdbf, line 1

[2026-01-23T16:25:51.576+0000] {filesystem.py:48} INFO - Saved file to /opt/***/local_data/silver/omie/pdbf/2025/01/20250114.parquet
[2026-01-23T16:26:45.062+0000] {database.py:189} ERROR - Error during bulk insert into omie.pdbf: duplicate key value violates unique constraint "pdbf_pkey"
DETAIL:  Key (anio, mes, dia, periodo, codigo_uof, codigo_oferta)=(2025, 1, 14, 1, ABA1, 9359216) already exists.
CONTEXT:  COPY pdbf, line 1

[2026-01-23T16:26:45.065+0000] {pdbf.py:134} ERROR - Error processing zip bronze/omie/pdbf/2025/pdbf_202501.zip: duplicate key value violates unique constraint "pdbf_pkey"
DETAIL:  Key (anio, mes, dia, periodo, codigo_uof, codigo_oferta)=(2025, 1, 14, 1, ABA1, 9359216) already exists.
CONTEXT:  COPY pdbf, line 1

[2026-01-23T16:26:45.895+0000] {filesystem.py:48} INFO - Saved file to /opt/***/local_data/silver/omie/pdbf/2025/01/20250115.parquet
[2026-01-23T16:27:41.612+0000] {database.py:189} ERROR - Error during bulk insert into omie.pdbf: duplicate key value violates unique constraint "pdbf_pkey"
DETAIL:  Key (anio, mes, dia, periodo, codigo_uof, codigo_oferta)=(2025, 1, 15, 1, ABA1, 9359272) already exists.
CONTEXT:  COPY pdbf, line 1

[2026-01-23T16:27:41.613+0000] {pdbf.py:134} ERROR - Error processing zip bronze/omie/pdbf/2025/pdbf_202501.zip: duplicate key value violates unique constraint "pdbf_pkey"
DETAIL:  Key (anio, mes, dia, periodo, codigo_uof, codigo_oferta)=(2025, 1, 15, 1, ABA1, 9359272) already exists.
CONTEXT:  COPY pdbf, line 1

[2026-01-23T16:27:41.963+0000] {filesystem.py:48} INFO - Saved file to /opt/***/local_data/silver/omie/pdbf/2025/01/20250116.parquet
[2026-01-23T16:28:36.047+0000] {database.py:189} ERROR - Error during bulk insert into omie.pdbf: duplicate key value violates unique constraint "pdbf_pkey"
DETAIL:  Key (anio, mes, dia, periodo, codigo_uof, codigo_oferta)=(2025, 1, 16, 1, ABOUC01, 9360636) already exists.
CONTEXT:  COPY pdbf, line 1

[2026-01-23T16:28:36.051+0000] {pdbf.py:134} ERROR - Error processing zip bronze/omie/pdbf/2025/pdbf_202501.zip: duplicate key value violates unique constraint "pdbf_pkey"
DETAIL:  Key (anio, mes, dia, periodo, codigo_uof, codigo_oferta)=(2025, 1, 16, 1, ABOUC01, 9360636) already exists.
CONTEXT:  COPY pdbf, line 1

[2026-01-23T16:28:36.521+0000] {filesystem.py:48} INFO - Saved file to /opt/***/local_data/silver/omie/pdbf/2025/01/20250117.parquet
[2026-01-23T16:29:28.041+0000] {database.py:189} ERROR - Error during bulk insert into omie.pdbf: duplicate key value violates unique constraint "pdbf_pkey"
DETAIL:  Key (anio, mes, dia, periodo, codigo_uof, codigo_oferta)=(2025, 1, 17, 1, ABA1, 9363921) already exists.
CONTEXT:  COPY pdbf, line 1

[2026-01-23T16:29:28.061+0000] {pdbf.py:134} ERROR - Error processing zip bronze/omie/pdbf/2025/pdbf_202501.zip: duplicate key value violates unique constraint "pdbf_pkey"
DETAIL:  Key (anio, mes, dia, periodo, codigo_uof, codigo_oferta)=(2025, 1, 17, 1, ABA1, 9363921) already exists.
CONTEXT:  COPY pdbf, line 1

[2026-01-23T16:29:29.353+0000] {filesystem.py:48} INFO - Saved file to /opt/***/local_data/silver/omie/pdbf/2025/01/20250118.parquet
[2026-01-23T16:30:56.558+0000] {database.py:186} INFO - Inserted 47765 rows into 'omie.pdbf'.
[2026-01-23T16:30:56.562+0000] {pdbf.py:132} INFO - Processed pdbf for 20250118
[2026-01-23T16:30:57.552+0000] {filesystem.py:48} INFO - Saved file to /opt/***/local_data/silver/omie/pdbf/2025/01/20250119.parquet
[2026-01-23T16:31:49.587+0000] {database.py:186} INFO - Inserted 47352 rows into 'omie.pdbf'.
[2026-01-23T16:31:49.590+0000] {pdbf.py:132} INFO - Processed pdbf for 20250119
[2026-01-23T16:31:53.509+0000] {filesystem.py:48} INFO - Saved file to /opt/***/local_data/silver/omie/pdbf/2025/01/20250120.parquet
[2026-01-23T16:33:16.417+0000] {database.py:189} ERROR - Error during bulk insert into omie.pdbf: duplicate key value violates unique constraint "pdbf_pkey"
DETAIL:  Key (anio, mes, dia, periodo, codigo_uof, codigo_oferta)=(2025, 1, 20, 1, ABA1, 9368520) already exists.
CONTEXT:  COPY pdbf, line 1

[2026-01-23T16:33:16.437+0000] {pdbf.py:134} ERROR - Error processing zip bronze/omie/pdbf/2025/pdbf_202501.zip: duplicate key value violates unique constraint "pdbf_pkey"
DETAIL:  Key (anio, mes, dia, periodo, codigo_uof, codigo_oferta)=(2025, 1, 20, 1, ABA1, 9368520) already exists.
CONTEXT:  COPY pdbf, line 1

[2026-01-23T16:33:17.060+0000] {filesystem.py:48} INFO - Saved file to /opt/***/local_data/silver/omie/pdbf/2025/01/20250121.parquet
[2026-01-23T16:34:04.017+0000] {database.py:186} INFO - Inserted 49582 rows into 'omie.pdbf'.
[2026-01-23T16:34:04.023+0000] {pdbf.py:132} INFO - Processed pdbf for 20250121
[2026-01-23T16:34:06.549+0000] {filesystem.py:48} INFO - Saved file to /opt/***/local_data/silver/omie/pdbf/2025/01/20250122.parquet
[2026-01-23T16:35:33.836+0000] {database.py:189} ERROR - Error during bulk insert into omie.pdbf: duplicate key value violates unique constraint "pdbf_pkey"
DETAIL:  Key (anio, mes, dia, periodo, codigo_uof, codigo_oferta)=(2025, 1, 22, 1, ABOUC01, 9376774) already exists.
CONTEXT:  COPY pdbf, line 1

[2026-01-23T16:35:33.999+0000] {pdbf.py:134} ERROR - Error processing zip bronze/omie/pdbf/2025/pdbf_202501.zip: duplicate key value violates unique constraint "pdbf_pkey"
DETAIL:  Key (anio, mes, dia, periodo, codigo_uof, codigo_oferta)=(2025, 1, 22, 1, ABOUC01, 9376774) already exists.
CONTEXT:  COPY pdbf, line 1

[2026-01-23T16:35:36.604+0000] {filesystem.py:48} INFO - Saved file to /opt/***/local_data/silver/omie/pdbf/2025/01/20250123.parquet
[2026-01-23T16:36:33.750+0000] {database.py:189} ERROR - Error during bulk insert into omie.pdbf: duplicate key value violates unique constraint "pdbf_pkey"
DETAIL:  Key (anio, mes, dia, periodo, codigo_uof, codigo_oferta)=(2025, 1, 23, 1, ABA1, 9375416) already exists.
CONTEXT:  COPY pdbf, line 1

[2026-01-23T16:36:33.763+0000] {pdbf.py:134} ERROR - Error processing zip bronze/omie/pdbf/2025/pdbf_202501.zip: duplicate key value violates unique constraint "pdbf_pkey"
DETAIL:  Key (anio, mes, dia, periodo, codigo_uof, codigo_oferta)=(2025, 1, 23, 1, ABA1, 9375416) already exists.
CONTEXT:  COPY pdbf, line 1

[2026-01-23T16:36:34.995+0000] {filesystem.py:48} INFO - Saved file to /opt/***/local_data/silver/omie/pdbf/2025/01/20250124.parquet
[2026-01-23T16:37:00.926+0000] {database.py:186} INFO - Inserted 50360 rows into 'omie.pdbf'.
[2026-01-23T16:37:00.931+0000] {pdbf.py:132} INFO - Processed pdbf for 20250124
[2026-01-23T16:37:01.324+0000] {filesystem.py:48} INFO - Saved file to /opt/***/local_data/silver/omie/pdbf/2025/01/20250125.parquet
[2026-01-23T16:37:34.030+0000] {database.py:189} ERROR - Error during bulk insert into omie.pdbf: duplicate key value violates unique constraint "pdbf_pkey"
DETAIL:  Key (anio, mes, dia, periodo, codigo_uof, codigo_oferta)=(2025, 1, 25, 1, ABA1, 9382281) already exists.
CONTEXT:  COPY pdbf, line 1

[2026-01-23T16:37:34.031+0000] {pdbf.py:134} ERROR - Error processing zip bronze/omie/pdbf/2025/pdbf_202501.zip: duplicate key value violates unique constraint "pdbf_pkey"
DETAIL:  Key (anio, mes, dia, periodo, codigo_uof, codigo_oferta)=(2025, 1, 25, 1, ABA1, 9382281) already exists.
CONTEXT:  COPY pdbf, line 1

[2026-01-23T16:37:34.613+0000] {filesystem.py:48} INFO - Saved file to /opt/***/local_data/silver/omie/pdbf/2025/01/20250126.parquet
[2026-01-23T16:37:57.329+0000] {database.py:189} ERROR - Error during bulk insert into omie.pdbf: duplicate key value violates unique constraint "pdbf_pkey"
DETAIL:  Key (anio, mes, dia, periodo, codigo_uof, codigo_oferta)=(2025, 1, 26, 1, ABA1, 9382307) already exists.
CONTEXT:  COPY pdbf, line 1

[2026-01-23T16:37:57.331+0000] {pdbf.py:134} ERROR - Error processing zip bronze/omie/pdbf/2025/pdbf_202501.zip: duplicate key value violates unique constraint "pdbf_pkey"
DETAIL:  Key (anio, mes, dia, periodo, codigo_uof, codigo_oferta)=(2025, 1, 26, 1, ABA1, 9382307) already exists.
CONTEXT:  COPY pdbf, line 1

[2026-01-23T16:37:57.648+0000] {filesystem.py:48} INFO - Saved file to /opt/***/local_data/silver/omie/pdbf/2025/01/20250127.parquet
[2026-01-23T16:38:24.363+0000] {database.py:189} ERROR - Error during bulk insert into omie.pdbf: duplicate key value violates unique constraint "pdbf_pkey"
DETAIL:  Key (anio, mes, dia, periodo, codigo_uof, codigo_oferta)=(2025, 1, 27, 1, ABA1, 9384651) already exists.
CONTEXT:  COPY pdbf, line 1

[2026-01-23T16:38:24.365+0000] {pdbf.py:134} ERROR - Error processing zip bronze/omie/pdbf/2025/pdbf_202501.zip: duplicate key value violates unique constraint "pdbf_pkey"
DETAIL:  Key (anio, mes, dia, periodo, codigo_uof, codigo_oferta)=(2025, 1, 27, 1, ABA1, 9384651) already exists.
CONTEXT:  COPY pdbf, line 1

[2026-01-23T16:38:24.952+0000] {filesystem.py:48} INFO - Saved file to /opt/***/local_data/silver/omie/pdbf/2025/01/20250128.parquet
[2026-01-23T16:38:59.166+0000] {database.py:189} ERROR - Error during bulk insert into omie.pdbf: duplicate key value violates unique constraint "pdbf_pkey"
DETAIL:  Key (anio, mes, dia, periodo, codigo_uof, codigo_oferta)=(2025, 1, 28, 1, ABA1, 9387583) already exists.
CONTEXT:  COPY pdbf, line 1

[2026-01-23T16:38:59.177+0000] {pdbf.py:134} ERROR - Error processing zip bronze/omie/pdbf/2025/pdbf_202501.zip: duplicate key value violates unique constraint "pdbf_pkey"
DETAIL:  Key (anio, mes, dia, periodo, codigo_uof, codigo_oferta)=(2025, 1, 28, 1, ABA1, 9387583) already exists.
CONTEXT:  COPY pdbf, line 1

[2026-01-23T16:38:59.546+0000] {filesystem.py:48} INFO - Saved file to /opt/***/local_data/silver/omie/pdbf/2025/01/20250129.parquet
[2026-01-23T16:39:25.499+0000] {database.py:189} ERROR - Error during bulk insert into omie.pdbf: duplicate key value violates unique constraint "pdbf_pkey"
DETAIL:  Key (anio, mes, dia, periodo, codigo_uof, codigo_oferta)=(2025, 1, 29, 1, ABA1, 9389567) already exists.
CONTEXT:  COPY pdbf, line 1

[2026-01-23T16:39:25.500+0000] {pdbf.py:134} ERROR - Error processing zip bronze/omie/pdbf/2025/pdbf_202501.zip: duplicate key value violates unique constraint "pdbf_pkey"
DETAIL:  Key (anio, mes, dia, periodo, codigo_uof, codigo_oferta)=(2025, 1, 29, 1, ABA1, 9389567) already exists.
CONTEXT:  COPY pdbf, line 1

[2026-01-23T16:39:25.760+0000] {filesystem.py:48} INFO - Saved file to /opt/***/local_data/silver/omie/pdbf/2025/01/20250130.parquet
[2026-01-23T16:39:53.838+0000] {database.py:186} INFO - Inserted 49420 rows into 'omie.pdbf'.
[2026-01-23T16:39:53.839+0000] {pdbf.py:132} INFO - Processed pdbf for 20250130
[2026-01-23T16:39:54.597+0000] {filesystem.py:48} INFO - Saved file to /opt/***/local_data/silver/omie/pdbf/2025/01/20250131.parquet
[2026-01-23T16:40:19.247+0000] {database.py:189} ERROR - Error during bulk insert into omie.pdbf: duplicate key value violates unique constraint "pdbf_pkey"
DETAIL:  Key (anio, mes, dia, periodo, codigo_uof, codigo_oferta)=(2025, 1, 31, 1, ABA1, 9393827) already exists.
CONTEXT:  COPY pdbf, line 1

[2026-01-23T16:40:19.248+0000] {pdbf.py:134} ERROR - Error processing zip bronze/omie/pdbf/2025/pdbf_202501.zip: duplicate key value violates unique constraint "pdbf_pkey"
DETAIL:  Key (anio, mes, dia, periodo, codigo_uof, codigo_oferta)=(2025, 1, 31, 1, ABA1, 9393827) already exists.
CONTEXT:  COPY pdbf, line 1

[2026-01-23T16:40:19.648+0000] {filesystem.py:48} INFO - Saved file to /opt/***/local_data/silver/omie/pdbf/2025/02/20250201.parquet
[2026-01-23T16:40:44.818+0000] {database.py:186} INFO - Inserted 48933 rows into 'omie.pdbf'.
[2026-01-23T16:40:44.821+0000] {pdbf.py:132} INFO - Processed pdbf for 20250201
[2026-01-23T16:40:45.462+0000] {filesystem.py:48} INFO - Saved file to /opt/***/local_data/silver/omie/pdbf/2025/02/20250202.parquet
[2026-01-23T16:41:07.929+0000] {database.py:186} INFO - Inserted 48150 rows into 'omie.pdbf'.
[2026-01-23T16:41:07.930+0000] {pdbf.py:132} INFO - Processed pdbf for 20250202
[2026-01-23T16:41:08.515+0000] {filesystem.py:48} INFO - Saved file to /opt/***/local_data/silver/omie/pdbf/2025/02/20250203.parquet
[2026-01-23T16:41:50.029+0000] {database.py:189} ERROR - Error during bulk insert into omie.pdbf: duplicate key value violates unique constraint "pdbf_pkey"
DETAIL:  Key (anio, mes, dia, periodo, codigo_uof, codigo_oferta)=(2025, 2, 3, 1, ABA1, 9400945) already exists.
CONTEXT:  COPY pdbf, line 1

[2026-01-23T16:41:50.078+0000] {pdbf.py:134} ERROR - Error processing zip bronze/omie/pdbf/2025/pdbf_202502.zip: duplicate key value violates unique constraint "pdbf_pkey"
DETAIL:  Key (anio, mes, dia, periodo, codigo_uof, codigo_oferta)=(2025, 2, 3, 1, ABA1, 9400945) already exists.
CONTEXT:  COPY pdbf, line 1

[2026-01-23T16:41:53.716+0000] {filesystem.py:48} INFO - Saved file to /opt/***/local_data/silver/omie/pdbf/2025/02/20250204.parquet
[2026-01-23T16:42:33.733+0000] {database.py:189} ERROR - Error during bulk insert into omie.pdbf: duplicate key value violates unique constraint "pdbf_pkey"
DETAIL:  Key (anio, mes, dia, periodo, codigo_uof, codigo_oferta)=(2025, 2, 4, 1, ABA1, 9404002) already exists.
CONTEXT:  COPY pdbf, line 1

[2026-01-23T16:42:33.735+0000] {pdbf.py:134} ERROR - Error processing zip bronze/omie/pdbf/2025/pdbf_202502.zip: duplicate key value violates unique constraint "pdbf_pkey"
DETAIL:  Key (anio, mes, dia, periodo, codigo_uof, codigo_oferta)=(2025, 2, 4, 1, ABA1, 9404002) already exists.
CONTEXT:  COPY pdbf, line 1

[2026-01-23T16:42:34.131+0000] {filesystem.py:48} INFO - Saved file to /opt/***/local_data/silver/omie/pdbf/2025/02/20250205.parquet
[2026-01-23T16:43:12.248+0000] {database.py:189} ERROR - Error during bulk insert into omie.pdbf: duplicate key value violates unique constraint "pdbf_pkey"
DETAIL:  Key (anio, mes, dia, periodo, codigo_uof, codigo_oferta)=(2025, 2, 5, 1, ABA1, 9408050) already exists.
CONTEXT:  COPY pdbf, line 1

[2026-01-23T16:43:12.312+0000] {pdbf.py:134} ERROR - Error processing zip bronze/omie/pdbf/2025/pdbf_202502.zip: duplicate key value violates unique constraint "pdbf_pkey"
DETAIL:  Key (anio, mes, dia, periodo, codigo_uof, codigo_oferta)=(2025, 2, 5, 1, ABA1, 9408050) already exists.
CONTEXT:  COPY pdbf, line 1

[2026-01-23T16:43:14.250+0000] {filesystem.py:48} INFO - Saved file to /opt/***/local_data/silver/omie/pdbf/2025/02/20250206.parquet
[2026-01-23T16:43:45.268+0000] {database.py:186} INFO - Inserted 49362 rows into 'omie.pdbf'.
[2026-01-23T16:43:45.270+0000] {pdbf.py:132} INFO - Processed pdbf for 20250206
[2026-01-23T16:43:45.547+0000] {filesystem.py:48} INFO - Saved file to /opt/***/local_data/silver/omie/pdbf/2025/02/20250207.parquet
[2026-01-23T16:44:16.962+0000] {database.py:186} INFO - Inserted 50646 rows into 'omie.pdbf'.
[2026-01-23T16:44:16.964+0000] {pdbf.py:132} INFO - Processed pdbf for 20250207
[2026-01-23T16:44:17.230+0000] {filesystem.py:48} INFO - Saved file to /opt/***/local_data/silver/omie/pdbf/2025/02/20250208.parquet
[2026-01-23T16:44:43.445+0000] {database.py:186} INFO - Inserted 49509 rows into 'omie.pdbf'.
[2026-01-23T16:44:43.447+0000] {pdbf.py:132} INFO - Processed pdbf for 20250208
[2026-01-23T16:44:43.862+0000] {filesystem.py:48} INFO - Saved file to /opt/***/local_data/silver/omie/pdbf/2025/02/20250209.parquet
[2026-01-23T16:45:20.354+0000] {database.py:189} ERROR - Error during bulk insert into omie.pdbf: duplicate key value violates unique constraint "pdbf_pkey"
DETAIL:  Key (anio, mes, dia, periodo, codigo_uof, codigo_oferta)=(2025, 2, 9, 1, ABA1, 9415006) already exists.
CONTEXT:  COPY pdbf, line 1

[2026-01-23T16:45:20.358+0000] {pdbf.py:134} ERROR - Error processing zip bronze/omie/pdbf/2025/pdbf_202502.zip: duplicate key value violates unique constraint "pdbf_pkey"
DETAIL:  Key (anio, mes, dia, periodo, codigo_uof, codigo_oferta)=(2025, 2, 9, 1, ABA1, 9415006) already exists.
CONTEXT:  COPY pdbf, line 1

[2026-01-23T16:45:20.819+0000] {filesystem.py:48} INFO - Saved file to /opt/***/local_data/silver/omie/pdbf/2025/02/20250210.parquet
[2026-01-23T16:45:48.650+0000] {database.py:186} INFO - Inserted 49629 rows into 'omie.pdbf'.
[2026-01-23T16:45:48.651+0000] {pdbf.py:132} INFO - Processed pdbf for 20250210
[2026-01-23T16:45:49.028+0000] {filesystem.py:48} INFO - Saved file to /opt/***/local_data/silver/omie/pdbf/2025/02/20250211.parquet
[2026-01-23T16:46:14.574+0000] {database.py:186} INFO - Inserted 50823 rows into 'omie.pdbf'.
[2026-01-23T16:46:14.575+0000] {pdbf.py:132} INFO - Processed pdbf for 20250211
[2026-01-23T16:46:15.046+0000] {filesystem.py:48} INFO - Saved file to /opt/***/local_data/silver/omie/pdbf/2025/02/20250212.parquet
[2026-01-23T16:46:44.772+0000] {database.py:189} ERROR - Error during bulk insert into omie.pdbf: duplicate key value violates unique constraint "pdbf_pkey"
DETAIL:  Key (anio, mes, dia, periodo, codigo_uof, codigo_oferta)=(2025, 2, 12, 1, ABOUC01, 9417346) already exists.
CONTEXT:  COPY pdbf, line 1

[2026-01-23T16:46:44.773+0000] {pdbf.py:134} ERROR - Error processing zip bronze/omie/pdbf/2025/pdbf_202502.zip: duplicate key value violates unique constraint "pdbf_pkey"
DETAIL:  Key (anio, mes, dia, periodo, codigo_uof, codigo_oferta)=(2025, 2, 12, 1, ABOUC01, 9417346) already exists.
CONTEXT:  COPY pdbf, line 1

[2026-01-23T16:46:45.195+0000] {filesystem.py:48} INFO - Saved file to /opt/***/local_data/silver/omie/pdbf/2025/02/20250213.parquet
[2026-01-23T16:47:13.180+0000] {database.py:189} ERROR - Error during bulk insert into omie.pdbf: duplicate key value violates unique constraint "pdbf_pkey"
DETAIL:  Key (anio, mes, dia, periodo, codigo_uof, codigo_oferta)=(2025, 2, 13, 1, ABA1, 9424286) already exists.
CONTEXT:  COPY pdbf, line 1

[2026-01-23T16:47:13.181+0000] {pdbf.py:134} ERROR - Error processing zip bronze/omie/pdbf/2025/pdbf_202502.zip: duplicate key value violates unique constraint "pdbf_pkey"
DETAIL:  Key (anio, mes, dia, periodo, codigo_uof, codigo_oferta)=(2025, 2, 13, 1, ABA1, 9424286) already exists.
CONTEXT:  COPY pdbf, line 1

[2026-01-23T16:47:13.472+0000] {filesystem.py:48} INFO - Saved file to /opt/***/local_data/silver/omie/pdbf/2025/02/20250214.parquet
[2026-01-23T16:47:43.743+0000] {database.py:189} ERROR - Error during bulk insert into omie.pdbf: duplicate key value violates unique constraint "pdbf_pkey"
DETAIL:  Key (anio, mes, dia, periodo, codigo_uof, codigo_oferta)=(2025, 2, 14, 1, ABA1, 9427081) already exists.
CONTEXT:  COPY pdbf, line 1

[2026-01-23T16:47:43.744+0000] {pdbf.py:134} ERROR - Error processing zip bronze/omie/pdbf/2025/pdbf_202502.zip: duplicate key value violates unique constraint "pdbf_pkey"
DETAIL:  Key (anio, mes, dia, periodo, codigo_uof, codigo_oferta)=(2025, 2, 14, 1, ABA1, 9427081) already exists.
CONTEXT:  COPY pdbf, line 1

[2026-01-23T16:47:44.182+0000] {filesystem.py:48} INFO - Saved file to /opt/***/local_data/silver/omie/pdbf/2025/02/20250215.parquet
[2026-01-23T16:48:16.078+0000] {database.py:186} INFO - Inserted 50498 rows into 'omie.pdbf'.
[2026-01-23T16:48:16.080+0000] {pdbf.py:132} INFO - Processed pdbf for 20250215
[2026-01-23T16:48:16.309+0000] {filesystem.py:48} INFO - Saved file to /opt/***/local_data/silver/omie/pdbf/2025/02/20250216.parquet
