[2026-01-20T19:33:41.369+0000] {local_task_job_runner.py:120} INFO - ::group::Pre task execution logs
[2026-01-20T19:33:41.404+0000] {taskinstance.py:2076} INFO - Dependencies all met for dep_context=non-requeueable deps ti=<TaskInstance: esios_liquicomun_pipeline.process_gold manual__2026-01-20T19:33:31.432342+00:00 [queued]>
[2026-01-20T19:33:41.416+0000] {taskinstance.py:2076} INFO - Dependencies all met for dep_context=requeueable deps ti=<TaskInstance: esios_liquicomun_pipeline.process_gold manual__2026-01-20T19:33:31.432342+00:00 [queued]>
[2026-01-20T19:33:41.417+0000] {taskinstance.py:2306} INFO - Starting attempt 1 of 2
[2026-01-20T19:33:41.430+0000] {taskinstance.py:2330} INFO - Executing <Task(PythonOperator): process_gold> on 2026-01-20 19:33:31.432342+00:00
[2026-01-20T19:33:41.435+0000] {standard_task_runner.py:63} INFO - Started process 2365 to run task
[2026-01-20T19:33:41.439+0000] {standard_task_runner.py:90} INFO - Running: ['***', 'tasks', 'run', 'esios_liquicomun_pipeline', 'process_gold', 'manual__2026-01-20T19:33:31.432342+00:00', '--job-id', '54', '--raw', '--subdir', 'DAGS_FOLDER/esios_dag.py', '--cfg-path', '/tmp/tmp4nxbyxmr']
[2026-01-20T19:33:41.442+0000] {standard_task_runner.py:91} INFO - Job 54: Subtask process_gold
[2026-01-20T19:33:41.523+0000] {task_command.py:426} INFO - Running <TaskInstance: esios_liquicomun_pipeline.process_gold manual__2026-01-20T19:33:31.432342+00:00 [running]> on host d1a9e72e2525
[2026-01-20T19:33:41.600+0000] {taskinstance.py:2648} INFO - Exporting env vars: AIRFLOW_CTX_DAG_OWNER='***' AIRFLOW_CTX_DAG_ID='esios_liquicomun_pipeline' AIRFLOW_CTX_TASK_ID='process_gold' AIRFLOW_CTX_EXECUTION_DATE='2026-01-20T19:33:31.432342+00:00' AIRFLOW_CTX_TRY_NUMBER='1' AIRFLOW_CTX_DAG_RUN_ID='manual__2026-01-20T19:33:31.432342+00:00'
[2026-01-20T19:33:41.601+0000] {taskinstance.py:430} INFO - ::endgroup::
[2026-01-20T19:33:41.629+0000] {logging_mixin.py:188} INFO - Processing Gold for 2026-01-20 00:00:00 - 2026-01-20 00:00:00
[2026-01-20T19:33:41.645+0000] {liquicomun.py:56} INFO - Loading silver/liquicomun/2026/01/A1_enrttrba_20260101_20260131.parquet into liq_enrttrba...
[2026-01-20T19:33:41.725+0000] {liquicomun.py:87} ERROR - Failed to ensure table liq_enrttrba: (psycopg2.OperationalError) connection to server at "localhost" (::1), port 5432 failed: Connection refused
	Is the server running on that host and accepting TCP/IP connections?
connection to server at "localhost" (127.0.0.1), port 5432 failed: Connection refused
	Is the server running on that host and accepting TCP/IP connections?

(Background on this error at: https://sqlalche.me/e/14/e3q8)
[2026-01-20T19:33:41.726+0000] {liquicomun.py:56} INFO - Loading silver/liquicomun/2026/01/A1_enrttrsu_20260101_20260131.parquet into liq_enrttrsu...
[2026-01-20T19:33:41.751+0000] {liquicomun.py:87} ERROR - Failed to ensure table liq_enrttrsu: (psycopg2.OperationalError) connection to server at "localhost" (::1), port 5432 failed: Connection refused
	Is the server running on that host and accepting TCP/IP connections?
connection to server at "localhost" (127.0.0.1), port 5432 failed: Connection refused
	Is the server running on that host and accepting TCP/IP connections?

(Background on this error at: https://sqlalche.me/e/14/e3q8)
[2026-01-20T19:33:41.752+0000] {liquicomun.py:56} INFO - Loading silver/liquicomun/2026/01/A1_ensecqhba_20260101_20260131.parquet into liq_ensecqhba...
[2026-01-20T19:33:41.775+0000] {liquicomun.py:87} ERROR - Failed to ensure table liq_ensecqhba: (psycopg2.OperationalError) connection to server at "localhost" (::1), port 5432 failed: Connection refused
	Is the server running on that host and accepting TCP/IP connections?
connection to server at "localhost" (127.0.0.1), port 5432 failed: Connection refused
	Is the server running on that host and accepting TCP/IP connections?

(Background on this error at: https://sqlalche.me/e/14/e3q8)
[2026-01-20T19:33:41.776+0000] {liquicomun.py:56} INFO - Loading silver/liquicomun/2026/01/A1_ensecqhsu_20260101_20260131.parquet into liq_ensecqhsu...
[2026-01-20T19:33:41.802+0000] {liquicomun.py:87} ERROR - Failed to ensure table liq_ensecqhsu: (psycopg2.OperationalError) connection to server at "localhost" (::1), port 5432 failed: Connection refused
	Is the server running on that host and accepting TCP/IP connections?
connection to server at "localhost" (127.0.0.1), port 5432 failed: Connection refused
	Is the server running on that host and accepting TCP/IP connections?

(Background on this error at: https://sqlalche.me/e/14/e3q8)
[2026-01-20T19:33:41.803+0000] {liquicomun.py:56} INFO - Loading silver/liquicomun/2026/01/A1_enterqhba_20260101_20260131.parquet into liq_enterqhba...
[2026-01-20T19:33:41.821+0000] {liquicomun.py:87} ERROR - Failed to ensure table liq_enterqhba: (psycopg2.OperationalError) connection to server at "localhost" (::1), port 5432 failed: Connection refused
	Is the server running on that host and accepting TCP/IP connections?
connection to server at "localhost" (127.0.0.1), port 5432 failed: Connection refused
	Is the server running on that host and accepting TCP/IP connections?

(Background on this error at: https://sqlalche.me/e/14/e3q8)
[2026-01-20T19:33:41.822+0000] {liquicomun.py:56} INFO - Loading silver/liquicomun/2026/01/A1_enterqhsu_20260101_20260131.parquet into liq_enterqhsu...
[2026-01-20T19:33:41.838+0000] {liquicomun.py:87} ERROR - Failed to ensure table liq_enterqhsu: (psycopg2.OperationalError) connection to server at "localhost" (::1), port 5432 failed: Connection refused
	Is the server running on that host and accepting TCP/IP connections?
connection to server at "localhost" (127.0.0.1), port 5432 failed: Connection refused
	Is the server running on that host and accepting TCP/IP connections?

(Background on this error at: https://sqlalche.me/e/14/e3q8)
[2026-01-20T19:33:41.839+0000] {liquicomun.py:56} INFO - Loading silver/liquicomun/2026/01/A1_prdvbaqh_20260101_20260131.parquet into liq_prdvbaqh...
[2026-01-20T19:33:41.861+0000] {liquicomun.py:87} ERROR - Failed to ensure table liq_prdvbaqh: (psycopg2.OperationalError) connection to server at "localhost" (::1), port 5432 failed: Connection refused
	Is the server running on that host and accepting TCP/IP connections?
connection to server at "localhost" (127.0.0.1), port 5432 failed: Connection refused
	Is the server running on that host and accepting TCP/IP connections?

(Background on this error at: https://sqlalche.me/e/14/e3q8)
[2026-01-20T19:33:41.862+0000] {liquicomun.py:56} INFO - Loading silver/liquicomun/2026/01/A1_prdvdatos_20260101_20260131.parquet into liq_prdvdatos...
[2026-01-20T19:33:41.884+0000] {liquicomun.py:87} ERROR - Failed to ensure table liq_prdvdatos: (psycopg2.OperationalError) connection to server at "localhost" (::1), port 5432 failed: Connection refused
	Is the server running on that host and accepting TCP/IP connections?
connection to server at "localhost" (127.0.0.1), port 5432 failed: Connection refused
	Is the server running on that host and accepting TCP/IP connections?

(Background on this error at: https://sqlalche.me/e/14/e3q8)
[2026-01-20T19:33:41.885+0000] {liquicomun.py:56} INFO - Loading silver/liquicomun/2026/01/A1_prdvsuqh_20260101_20260131.parquet into liq_prdvsuqh...
[2026-01-20T19:33:41.904+0000] {liquicomun.py:87} ERROR - Failed to ensure table liq_prdvsuqh: (psycopg2.OperationalError) connection to server at "localhost" (::1), port 5432 failed: Connection refused
	Is the server running on that host and accepting TCP/IP connections?
connection to server at "localhost" (127.0.0.1), port 5432 failed: Connection refused
	Is the server running on that host and accepting TCP/IP connections?

(Background on this error at: https://sqlalche.me/e/14/e3q8)
[2026-01-20T19:33:41.905+0000] {liquicomun.py:56} INFO - Loading silver/liquicomun/2026/01/A2_enrttrba_20260101_20260131.parquet into liq_enrttrba...
[2026-01-20T19:33:41.927+0000] {liquicomun.py:87} ERROR - Failed to ensure table liq_enrttrba: (psycopg2.OperationalError) connection to server at "localhost" (::1), port 5432 failed: Connection refused
	Is the server running on that host and accepting TCP/IP connections?
connection to server at "localhost" (127.0.0.1), port 5432 failed: Connection refused
	Is the server running on that host and accepting TCP/IP connections?

(Background on this error at: https://sqlalche.me/e/14/e3q8)
[2026-01-20T19:33:41.928+0000] {liquicomun.py:56} INFO - Loading silver/liquicomun/2026/01/A2_enrttrsu_20260101_20260131.parquet into liq_enrttrsu...
[2026-01-20T19:33:41.952+0000] {liquicomun.py:87} ERROR - Failed to ensure table liq_enrttrsu: (psycopg2.OperationalError) connection to server at "localhost" (::1), port 5432 failed: Connection refused
	Is the server running on that host and accepting TCP/IP connections?
connection to server at "localhost" (127.0.0.1), port 5432 failed: Connection refused
	Is the server running on that host and accepting TCP/IP connections?

(Background on this error at: https://sqlalche.me/e/14/e3q8)
[2026-01-20T19:33:41.952+0000] {liquicomun.py:56} INFO - Loading silver/liquicomun/2026/01/A2_ensecqhba_20260101_20260131.parquet into liq_ensecqhba...
[2026-01-20T19:33:41.971+0000] {liquicomun.py:87} ERROR - Failed to ensure table liq_ensecqhba: (psycopg2.OperationalError) connection to server at "localhost" (::1), port 5432 failed: Connection refused
	Is the server running on that host and accepting TCP/IP connections?
connection to server at "localhost" (127.0.0.1), port 5432 failed: Connection refused
	Is the server running on that host and accepting TCP/IP connections?

(Background on this error at: https://sqlalche.me/e/14/e3q8)
[2026-01-20T19:33:41.972+0000] {liquicomun.py:56} INFO - Loading silver/liquicomun/2026/01/A2_ensecqhsu_20260101_20260131.parquet into liq_ensecqhsu...
[2026-01-20T19:33:41.998+0000] {liquicomun.py:87} ERROR - Failed to ensure table liq_ensecqhsu: (psycopg2.OperationalError) connection to server at "localhost" (::1), port 5432 failed: Connection refused
	Is the server running on that host and accepting TCP/IP connections?
connection to server at "localhost" (127.0.0.1), port 5432 failed: Connection refused
	Is the server running on that host and accepting TCP/IP connections?

(Background on this error at: https://sqlalche.me/e/14/e3q8)
[2026-01-20T19:33:42.000+0000] {liquicomun.py:56} INFO - Loading silver/liquicomun/2026/01/A2_enterqhba_20260101_20260131.parquet into liq_enterqhba...
[2026-01-20T19:33:42.019+0000] {liquicomun.py:87} ERROR - Failed to ensure table liq_enterqhba: (psycopg2.OperationalError) connection to server at "localhost" (::1), port 5432 failed: Connection refused
	Is the server running on that host and accepting TCP/IP connections?
connection to server at "localhost" (127.0.0.1), port 5432 failed: Connection refused
	Is the server running on that host and accepting TCP/IP connections?

(Background on this error at: https://sqlalche.me/e/14/e3q8)
[2026-01-20T19:33:42.020+0000] {liquicomun.py:56} INFO - Loading silver/liquicomun/2026/01/A2_enterqhsu_20260101_20260131.parquet into liq_enterqhsu...
[2026-01-20T19:33:42.039+0000] {liquicomun.py:87} ERROR - Failed to ensure table liq_enterqhsu: (psycopg2.OperationalError) connection to server at "localhost" (::1), port 5432 failed: Connection refused
	Is the server running on that host and accepting TCP/IP connections?
connection to server at "localhost" (127.0.0.1), port 5432 failed: Connection refused
	Is the server running on that host and accepting TCP/IP connections?

(Background on this error at: https://sqlalche.me/e/14/e3q8)
[2026-01-20T19:33:42.039+0000] {liquicomun.py:56} INFO - Loading silver/liquicomun/2026/01/A2_prdvbaqh_20260101_20260131.parquet into liq_prdvbaqh...
[2026-01-20T19:33:42.058+0000] {liquicomun.py:87} ERROR - Failed to ensure table liq_prdvbaqh: (psycopg2.OperationalError) connection to server at "localhost" (::1), port 5432 failed: Connection refused
	Is the server running on that host and accepting TCP/IP connections?
connection to server at "localhost" (127.0.0.1), port 5432 failed: Connection refused
	Is the server running on that host and accepting TCP/IP connections?

(Background on this error at: https://sqlalche.me/e/14/e3q8)
[2026-01-20T19:33:42.059+0000] {liquicomun.py:56} INFO - Loading silver/liquicomun/2026/01/A2_prdvdatos_20260101_20260131.parquet into liq_prdvdatos...
[2026-01-20T19:33:42.081+0000] {liquicomun.py:87} ERROR - Failed to ensure table liq_prdvdatos: (psycopg2.OperationalError) connection to server at "localhost" (::1), port 5432 failed: Connection refused
	Is the server running on that host and accepting TCP/IP connections?
connection to server at "localhost" (127.0.0.1), port 5432 failed: Connection refused
	Is the server running on that host and accepting TCP/IP connections?

(Background on this error at: https://sqlalche.me/e/14/e3q8)
[2026-01-20T19:33:42.082+0000] {liquicomun.py:56} INFO - Loading silver/liquicomun/2026/01/A2_prdvsuqh_20260101_20260131.parquet into liq_prdvsuqh...
[2026-01-20T19:33:42.103+0000] {liquicomun.py:87} ERROR - Failed to ensure table liq_prdvsuqh: (psycopg2.OperationalError) connection to server at "localhost" (::1), port 5432 failed: Connection refused
	Is the server running on that host and accepting TCP/IP connections?
connection to server at "localhost" (127.0.0.1), port 5432 failed: Connection refused
	Is the server running on that host and accepting TCP/IP connections?

(Background on this error at: https://sqlalche.me/e/14/e3q8)
[2026-01-20T19:33:42.104+0000] {python.py:237} INFO - Done. Returned value was: None
[2026-01-20T19:33:42.105+0000] {taskinstance.py:441} INFO - ::group::Post task execution logs
[2026-01-20T19:33:42.122+0000] {taskinstance.py:1206} INFO - Marking task as SUCCESS. dag_id=esios_liquicomun_pipeline, task_id=process_gold, run_id=manual__2026-01-20T19:33:31.432342+00:00, execution_date=20260120T193331, start_date=20260120T193341, end_date=20260120T193342
[2026-01-20T19:33:42.215+0000] {local_task_job_runner.py:240} INFO - Task exited with return code 0
[2026-01-20T19:33:42.242+0000] {taskinstance.py:3503} INFO - 0 downstream tasks scheduled from follow-on schedule check
[2026-01-20T19:33:42.245+0000] {local_task_job_runner.py:222} INFO - ::endgroup::
