[2026-01-22T18:29:32.183+0000] {local_task_job_runner.py:120} INFO - ::group::Pre task execution logs
[2026-01-22T18:29:32.891+0000] {taskinstance.py:2076} INFO - Dependencies all met for dep_context=non-requeueable deps ti=<TaskInstance: omie_pipeline.download_pdbf manual__2026-01-22T18:29:12.380731+00:00 [queued]>
[2026-01-22T18:29:33.154+0000] {taskinstance.py:2076} INFO - Dependencies all met for dep_context=requeueable deps ti=<TaskInstance: omie_pipeline.download_pdbf manual__2026-01-22T18:29:12.380731+00:00 [queued]>
[2026-01-22T18:29:33.185+0000] {taskinstance.py:2306} INFO - Starting attempt 1 of 2
[2026-01-22T18:29:33.376+0000] {taskinstance.py:2330} INFO - Executing <Task(PythonOperator): download_pdbf> on 2026-01-22 18:29:12.380731+00:00
[2026-01-22T18:29:33.452+0000] {standard_task_runner.py:63} INFO - Started process 369 to run task
[2026-01-22T18:29:33.492+0000] {standard_task_runner.py:90} INFO - Running: ['***', 'tasks', 'run', 'omie_pipeline', 'download_pdbf', 'manual__2026-01-22T18:29:12.380731+00:00', '--job-id', '136', '--raw', '--subdir', 'DAGS_FOLDER/omie_dag.py', '--cfg-path', '/tmp/tmpmxunkp_a']
[2026-01-22T18:29:33.559+0000] {standard_task_runner.py:91} INFO - Job 136: Subtask download_pdbf
[2026-01-22T18:29:34.952+0000] {task_command.py:426} INFO - Running <TaskInstance: omie_pipeline.download_pdbf manual__2026-01-22T18:29:12.380731+00:00 [running]> on host 2aff4151de2d
[2026-01-22T18:29:36.472+0000] {taskinstance.py:2648} INFO - Exporting env vars: AIRFLOW_CTX_DAG_OWNER='***' AIRFLOW_CTX_DAG_ID='omie_pipeline' AIRFLOW_CTX_TASK_ID='download_pdbf' AIRFLOW_CTX_EXECUTION_DATE='2026-01-22T18:29:12.380731+00:00' AIRFLOW_CTX_TRY_NUMBER='1' AIRFLOW_CTX_DAG_RUN_ID='manual__2026-01-22T18:29:12.380731+00:00'
[2026-01-22T18:29:36.489+0000] {taskinstance.py:430} INFO - ::endgroup::
[2026-01-22T18:29:36.598+0000] {logging_mixin.py:188} INFO - Downloading download_pdbf from 2026-01-22 18:29:12.380731 to 2026-01-22 18:29:12.380731
[2026-01-22T18:29:36.628+0000] {pdbf.py:42} INFO - File bronze/omie/pdbf/2025/pdbf_202501.zip already exists (past month). Skipping.
[2026-01-22T18:29:36.653+0000] {pdbf.py:42} INFO - File bronze/omie/pdbf/2025/pdbf_202502.zip already exists (past month). Skipping.
[2026-01-22T18:29:36.667+0000] {pdbf.py:42} INFO - File bronze/omie/pdbf/2025/pdbf_202503.zip already exists (past month). Skipping.
[2026-01-22T18:29:36.699+0000] {pdbf.py:42} INFO - File bronze/omie/pdbf/2025/pdbf_202504.zip already exists (past month). Skipping.
[2026-01-22T18:29:36.735+0000] {pdbf.py:42} INFO - File bronze/omie/pdbf/2025/pdbf_202505.zip already exists (past month). Skipping.
[2026-01-22T18:29:36.792+0000] {pdbf.py:42} INFO - File bronze/omie/pdbf/2025/pdbf_202506.zip already exists (past month). Skipping.
[2026-01-22T18:29:36.964+0000] {pdbf.py:42} INFO - File bronze/omie/pdbf/2025/pdbf_202507.zip already exists (past month). Skipping.
[2026-01-22T18:29:37.057+0000] {pdbf.py:42} INFO - File bronze/omie/pdbf/2025/pdbf_202508.zip already exists (past month). Skipping.
[2026-01-22T18:29:37.217+0000] {pdbf.py:42} INFO - File bronze/omie/pdbf/2025/pdbf_202509.zip already exists (past month). Skipping.
[2026-01-22T18:29:37.316+0000] {pdbf.py:42} INFO - File bronze/omie/pdbf/2025/pdbf_202510.zip already exists (past month). Skipping.
[2026-01-22T18:29:37.445+0000] {omie_client.py:64} INFO - Downloading pdbf_202511.zip from OMIE...
[2026-01-22T18:29:38.201+0000] {omie_client.py:68} INFO - File pdbf_202511.zip not found (404).
[2026-01-22T18:29:38.238+0000] {pdbf.py:50} WARNING - Failed to download pdbf_202511.zip
[2026-01-22T18:29:38.296+0000] {omie_client.py:64} INFO - Downloading pdbf_202512.zip from OMIE...
[2026-01-22T18:29:39.462+0000] {omie_client.py:68} INFO - File pdbf_202512.zip not found (404).
[2026-01-22T18:29:39.478+0000] {pdbf.py:50} WARNING - Failed to download pdbf_202512.zip
[2026-01-22T18:29:39.516+0000] {omie_client.py:64} INFO - Downloading pdbf_202601.zip from OMIE...
[2026-01-22T18:29:40.320+0000] {omie_client.py:68} INFO - File pdbf_202601.zip not found (404).
[2026-01-22T18:29:40.366+0000] {pdbf.py:50} WARNING - Failed to download pdbf_202601.zip
[2026-01-22T18:29:40.402+0000] {python.py:237} INFO - Done. Returned value was: {'start': '2025-01-01', 'end': '2026-01-22'}
[2026-01-22T18:29:40.406+0000] {taskinstance.py:441} INFO - ::group::Post task execution logs
[2026-01-22T18:29:40.865+0000] {taskinstance.py:1206} INFO - Marking task as SUCCESS. dag_id=omie_pipeline, task_id=download_pdbf, run_id=manual__2026-01-22T18:29:12.380731+00:00, execution_date=20260122T182912, start_date=20260122T182932, end_date=20260122T182940
[2026-01-22T18:29:41.212+0000] {local_task_job_runner.py:240} INFO - Task exited with return code 0
[2026-01-22T18:29:41.444+0000] {taskinstance.py:3503} INFO - 1 downstream tasks scheduled from follow-on schedule check
[2026-01-22T18:29:41.466+0000] {local_task_job_runner.py:222} INFO - ::endgroup::
