[2026-01-23T16:09:44.822+0000] {local_task_job_runner.py:120} INFO - ::group::Pre task execution logs
[2026-01-23T16:09:44.936+0000] {taskinstance.py:2076} INFO - Dependencies all met for dep_context=non-requeueable deps ti=<TaskInstance: trades_pipeline.download_trades scheduled__2026-01-22T10:00:00+00:00 [queued]>
[2026-01-23T16:09:45.008+0000] {taskinstance.py:2076} INFO - Dependencies all met for dep_context=requeueable deps ti=<TaskInstance: trades_pipeline.download_trades scheduled__2026-01-22T10:00:00+00:00 [queued]>
[2026-01-23T16:09:45.012+0000] {taskinstance.py:2306} INFO - Starting attempt 1 of 2
[2026-01-23T16:09:45.102+0000] {taskinstance.py:2330} INFO - Executing <Task(PythonOperator): download_trades> on 2026-01-22 10:00:00+00:00
[2026-01-23T16:09:45.139+0000] {standard_task_runner.py:63} INFO - Started process 255 to run task
[2026-01-23T16:09:45.156+0000] {standard_task_runner.py:90} INFO - Running: ['***', 'tasks', 'run', 'trades_pipeline', 'download_trades', 'scheduled__2026-01-22T10:00:00+00:00', '--job-id', '171', '--raw', '--subdir', 'DAGS_FOLDER/trades_dag.py', '--cfg-path', '/tmp/tmpp7nd39zs']
[2026-01-23T16:09:45.209+0000] {standard_task_runner.py:91} INFO - Job 171: Subtask download_trades
[2026-01-23T16:09:45.850+0000] {task_command.py:426} INFO - Running <TaskInstance: trades_pipeline.download_trades scheduled__2026-01-22T10:00:00+00:00 [running]> on host 2aff4151de2d
[2026-01-23T16:09:46.537+0000] {taskinstance.py:2648} INFO - Exporting env vars: AIRFLOW_CTX_DAG_OWNER='***' AIRFLOW_CTX_DAG_ID='trades_pipeline' AIRFLOW_CTX_TASK_ID='download_trades' AIRFLOW_CTX_EXECUTION_DATE='2026-01-22T10:00:00+00:00' AIRFLOW_CTX_TRY_NUMBER='1' AIRFLOW_CTX_DAG_RUN_ID='scheduled__2026-01-22T10:00:00+00:00'
[2026-01-23T16:09:46.556+0000] {taskinstance.py:430} INFO - ::endgroup::
[2026-01-23T16:09:46.741+0000] {trades.py:64} INFO - File bronze/omie/trades/2025/trades_202501.zip already exists (past month). Skipping.
[2026-01-23T16:09:46.809+0000] {trades.py:64} INFO - File bronze/omie/trades/2025/trades_202502.zip already exists (past month). Skipping.
[2026-01-23T16:09:46.819+0000] {trades.py:64} INFO - File bronze/omie/trades/2025/trades_202503.zip already exists (past month). Skipping.
[2026-01-23T16:09:46.839+0000] {trades.py:64} INFO - File bronze/omie/trades/2025/trades_202504.zip already exists (past month). Skipping.
[2026-01-23T16:09:46.855+0000] {trades.py:64} INFO - File bronze/omie/trades/2025/trades_202505.zip already exists (past month). Skipping.
[2026-01-23T16:09:46.875+0000] {trades.py:64} INFO - File bronze/omie/trades/2025/trades_202506.zip already exists (past month). Skipping.
[2026-01-23T16:09:46.901+0000] {trades.py:64} INFO - File bronze/omie/trades/2025/trades_202507.zip already exists (past month). Skipping.
[2026-01-23T16:09:46.931+0000] {trades.py:64} INFO - File bronze/omie/trades/2025/trades_202508.zip already exists (past month). Skipping.
[2026-01-23T16:09:46.937+0000] {trades.py:64} INFO - File bronze/omie/trades/2025/trades_202509.zip already exists (past month). Skipping.
[2026-01-23T16:09:46.953+0000] {trades.py:64} INFO - File bronze/omie/trades/2025/trades_202510.zip already exists (past month). Skipping.
[2026-01-23T16:09:46.974+0000] {omie_client.py:64} INFO - Downloading trades_202511.zip from OMIE...
[2026-01-23T16:09:47.931+0000] {omie_client.py:68} INFO - File trades_202511.zip not found (404).
[2026-01-23T16:09:47.944+0000] {trades.py:72} WARNING - Failed to download trades_202511.zip
[2026-01-23T16:09:47.958+0000] {omie_client.py:64} INFO - Downloading trades_202512.zip from OMIE...
[2026-01-23T16:09:48.589+0000] {omie_client.py:68} INFO - File trades_202512.zip not found (404).
[2026-01-23T16:09:48.592+0000] {trades.py:72} WARNING - Failed to download trades_202512.zip
[2026-01-23T16:09:48.602+0000] {omie_client.py:64} INFO - Downloading trades_202601.zip from OMIE...
[2026-01-23T16:09:49.197+0000] {omie_client.py:68} INFO - File trades_202601.zip not found (404).
[2026-01-23T16:09:49.210+0000] {trades.py:72} WARNING - Failed to download trades_202601.zip
[2026-01-23T16:09:49.216+0000] {python.py:237} INFO - Done. Returned value was: None
[2026-01-23T16:09:49.220+0000] {taskinstance.py:441} INFO - ::group::Post task execution logs
[2026-01-23T16:09:49.288+0000] {taskinstance.py:1206} INFO - Marking task as SUCCESS. dag_id=trades_pipeline, task_id=download_trades, run_id=scheduled__2026-01-22T10:00:00+00:00, execution_date=20260122T100000, start_date=20260123T160944, end_date=20260123T160949
[2026-01-23T16:09:49.453+0000] {local_task_job_runner.py:240} INFO - Task exited with return code 0
[2026-01-23T16:09:49.563+0000] {taskinstance.py:3503} INFO - 1 downstream tasks scheduled from follow-on schedule check
[2026-01-23T16:09:49.575+0000] {local_task_job_runner.py:222} INFO - ::endgroup::
