[2026-01-20T19:38:36.717+0000] {local_task_job_runner.py:120} INFO - ::group::Pre task execution logs
[2026-01-20T19:38:36.763+0000] {taskinstance.py:2076} INFO - Dependencies all met for dep_context=non-requeueable deps ti=<TaskInstance: omie_pipeline.download_marginal_pibc manual__2026-01-20T19:33:32.901911+00:00 [queued]>
[2026-01-20T19:38:36.779+0000] {taskinstance.py:2076} INFO - Dependencies all met for dep_context=requeueable deps ti=<TaskInstance: omie_pipeline.download_marginal_pibc manual__2026-01-20T19:33:32.901911+00:00 [queued]>
[2026-01-20T19:38:36.780+0000] {taskinstance.py:2306} INFO - Starting attempt 2 of 2
[2026-01-20T19:38:36.798+0000] {taskinstance.py:2330} INFO - Executing <Task(PythonOperator): download_marginal_pibc> on 2026-01-20 19:33:32.901911+00:00
[2026-01-20T19:38:36.810+0000] {standard_task_runner.py:63} INFO - Started process 2557 to run task
[2026-01-20T19:38:36.816+0000] {standard_task_runner.py:90} INFO - Running: ['***', 'tasks', 'run', 'omie_pipeline', 'download_marginal_pibc', 'manual__2026-01-20T19:33:32.901911+00:00', '--job-id', '59', '--raw', '--subdir', 'DAGS_FOLDER/omie_dag.py', '--cfg-path', '/tmp/tmpzbqtdocj']
[2026-01-20T19:38:36.821+0000] {standard_task_runner.py:91} INFO - Job 59: Subtask download_marginal_pibc
[2026-01-20T19:38:36.967+0000] {task_command.py:426} INFO - Running <TaskInstance: omie_pipeline.download_marginal_pibc manual__2026-01-20T19:33:32.901911+00:00 [running]> on host d1a9e72e2525
[2026-01-20T19:38:37.112+0000] {taskinstance.py:2648} INFO - Exporting env vars: AIRFLOW_CTX_DAG_OWNER='***' AIRFLOW_CTX_DAG_ID='omie_pipeline' AIRFLOW_CTX_TASK_ID='download_marginal_pibc' AIRFLOW_CTX_EXECUTION_DATE='2026-01-20T19:33:32.901911+00:00' AIRFLOW_CTX_TRY_NUMBER='2' AIRFLOW_CTX_DAG_RUN_ID='manual__2026-01-20T19:33:32.901911+00:00'
[2026-01-20T19:38:37.113+0000] {taskinstance.py:430} INFO - ::endgroup::
[2026-01-20T19:38:37.129+0000] {logging_mixin.py:188} INFO - Downloading download_marginalpibc from 2026-01-20 19:33:32.901911+00:00 to 2026-01-20 19:33:32.901911+00:00
[2026-01-20T19:38:37.131+0000] {taskinstance.py:441} INFO - ::group::Post task execution logs
[2026-01-20T19:38:37.132+0000] {taskinstance.py:2905} ERROR - Task failed with exception
Traceback (most recent call last):
  File "/home/airflow/.local/lib/python3.10/site-packages/airflow/models/taskinstance.py", line 465, in _execute_task
    result = _execute_callable(context=context, **execute_callable_kwargs)
  File "/home/airflow/.local/lib/python3.10/site-packages/airflow/models/taskinstance.py", line 432, in _execute_callable
    return execute_callable(context=context, **execute_callable_kwargs)
  File "/home/airflow/.local/lib/python3.10/site-packages/airflow/models/baseoperator.py", line 401, in wrapper
    return func(self, *args, **kwargs)
  File "/home/airflow/.local/lib/python3.10/site-packages/airflow/operators/python.py", line 235, in execute
    return_value = self.execute_callable()
  File "/home/airflow/.local/lib/python3.10/site-packages/airflow/operators/python.py", line 252, in execute_callable
    return self.python_callable(*self.op_args, **self.op_kwargs)
  File "/opt/airflow/dags/omie_dag.py", line 83, in _download_task
    download_func(s_date, e_date)
  File "/opt/airflow/src/bronze/omie/marginalpibc.py", line 20, in download_marginalpibc
    while current_date <= end_date:
TypeError: can't compare offset-naive and offset-aware datetimes
[2026-01-20T19:38:37.161+0000] {taskinstance.py:1206} INFO - Marking task as FAILED. dag_id=omie_pipeline, task_id=download_marginal_pibc, run_id=manual__2026-01-20T19:33:32.901911+00:00, execution_date=20260120T193332, start_date=20260120T193836, end_date=20260120T193837
[2026-01-20T19:38:37.183+0000] {standard_task_runner.py:110} ERROR - Failed to execute job 59 for task download_marginal_pibc (can't compare offset-naive and offset-aware datetimes; 2557)
[2026-01-20T19:38:37.231+0000] {local_task_job_runner.py:240} INFO - Task exited with return code 1
[2026-01-20T19:38:37.244+0000] {local_task_job_runner.py:222} INFO - ::endgroup::
