[2026-01-22T18:29:32.313+0000] {local_task_job_runner.py:120} INFO - ::group::Pre task execution logs
[2026-01-22T18:29:32.975+0000] {taskinstance.py:2076} INFO - Dependencies all met for dep_context=non-requeueable deps ti=<TaskInstance: omie_pipeline.download_pdvd manual__2026-01-22T18:29:12.380731+00:00 [queued]>
[2026-01-22T18:29:33.140+0000] {taskinstance.py:2076} INFO - Dependencies all met for dep_context=requeueable deps ti=<TaskInstance: omie_pipeline.download_pdvd manual__2026-01-22T18:29:12.380731+00:00 [queued]>
[2026-01-22T18:29:33.154+0000] {taskinstance.py:2306} INFO - Starting attempt 1 of 2
[2026-01-22T18:29:33.558+0000] {taskinstance.py:2330} INFO - Executing <Task(PythonOperator): download_pdvd> on 2026-01-22 18:29:12.380731+00:00
[2026-01-22T18:29:33.665+0000] {standard_task_runner.py:63} INFO - Started process 372 to run task
[2026-01-22T18:29:33.707+0000] {standard_task_runner.py:90} INFO - Running: ['***', 'tasks', 'run', 'omie_pipeline', 'download_pdvd', 'manual__2026-01-22T18:29:12.380731+00:00', '--job-id', '137', '--raw', '--subdir', 'DAGS_FOLDER/omie_dag.py', '--cfg-path', '/tmp/tmpt_0jis6k']
[2026-01-22T18:29:33.742+0000] {standard_task_runner.py:91} INFO - Job 137: Subtask download_pdvd
[2026-01-22T18:29:34.972+0000] {task_command.py:426} INFO - Running <TaskInstance: omie_pipeline.download_pdvd manual__2026-01-22T18:29:12.380731+00:00 [running]> on host 2aff4151de2d
[2026-01-22T18:29:36.298+0000] {taskinstance.py:2648} INFO - Exporting env vars: AIRFLOW_CTX_DAG_OWNER='***' AIRFLOW_CTX_DAG_ID='omie_pipeline' AIRFLOW_CTX_TASK_ID='download_pdvd' AIRFLOW_CTX_EXECUTION_DATE='2026-01-22T18:29:12.380731+00:00' AIRFLOW_CTX_TRY_NUMBER='1' AIRFLOW_CTX_DAG_RUN_ID='manual__2026-01-22T18:29:12.380731+00:00'
[2026-01-22T18:29:36.322+0000] {taskinstance.py:430} INFO - ::endgroup::
[2026-01-22T18:29:36.550+0000] {logging_mixin.py:188} INFO - Downloading download_pdvd from 2026-01-22 18:29:12.380731 to 2026-01-22 18:29:12.380731
[2026-01-22T18:29:36.610+0000] {pdvd.py:42} INFO - File bronze/omie/pdvd/2025/pdvd_202501.zip already exists (past month). Skipping.
[2026-01-22T18:29:36.632+0000] {pdvd.py:42} INFO - File bronze/omie/pdvd/2025/pdvd_202502.zip already exists (past month). Skipping.
[2026-01-22T18:29:36.642+0000] {pdvd.py:42} INFO - File bronze/omie/pdvd/2025/pdvd_202503.zip already exists (past month). Skipping.
[2026-01-22T18:29:36.664+0000] {pdvd.py:42} INFO - File bronze/omie/pdvd/2025/pdvd_202504.zip already exists (past month). Skipping.
[2026-01-22T18:29:36.698+0000] {pdvd.py:42} INFO - File bronze/omie/pdvd/2025/pdvd_202505.zip already exists (past month). Skipping.
[2026-01-22T18:29:36.719+0000] {pdvd.py:42} INFO - File bronze/omie/pdvd/2025/pdvd_202506.zip already exists (past month). Skipping.
[2026-01-22T18:29:36.759+0000] {pdvd.py:42} INFO - File bronze/omie/pdvd/2025/pdvd_202507.zip already exists (past month). Skipping.
[2026-01-22T18:29:36.812+0000] {pdvd.py:42} INFO - File bronze/omie/pdvd/2025/pdvd_202508.zip already exists (past month). Skipping.
[2026-01-22T18:29:37.006+0000] {pdvd.py:42} INFO - File bronze/omie/pdvd/2025/pdvd_202509.zip already exists (past month). Skipping.
[2026-01-22T18:29:37.121+0000] {pdvd.py:42} INFO - File bronze/omie/pdvd/2025/pdvd_202510.zip already exists (past month). Skipping.
[2026-01-22T18:29:37.213+0000] {omie_client.py:64} INFO - Downloading pdvd_202511.zip from OMIE...
[2026-01-22T18:29:38.263+0000] {omie_client.py:68} INFO - File pdvd_202511.zip not found (404).
[2026-01-22T18:29:38.309+0000] {pdvd.py:50} WARNING - Failed to download pdvd_202511.zip
[2026-01-22T18:29:38.363+0000] {omie_client.py:64} INFO - Downloading pdvd_202512.zip from OMIE...
[2026-01-22T18:29:39.255+0000] {omie_client.py:68} INFO - File pdvd_202512.zip not found (404).
[2026-01-22T18:29:39.269+0000] {pdvd.py:50} WARNING - Failed to download pdvd_202512.zip
[2026-01-22T18:29:39.328+0000] {omie_client.py:64} INFO - Downloading pdvd_202601.zip from OMIE...
[2026-01-22T18:29:40.092+0000] {omie_client.py:68} INFO - File pdvd_202601.zip not found (404).
[2026-01-22T18:29:40.109+0000] {pdvd.py:50} WARNING - Failed to download pdvd_202601.zip
[2026-01-22T18:29:40.159+0000] {python.py:237} INFO - Done. Returned value was: {'start': '2025-01-01', 'end': '2026-01-22'}
[2026-01-22T18:29:40.161+0000] {taskinstance.py:441} INFO - ::group::Post task execution logs
[2026-01-22T18:29:40.599+0000] {taskinstance.py:1206} INFO - Marking task as SUCCESS. dag_id=omie_pipeline, task_id=download_pdvd, run_id=manual__2026-01-22T18:29:12.380731+00:00, execution_date=20260122T182912, start_date=20260122T182932, end_date=20260122T182940
[2026-01-22T18:29:41.002+0000] {local_task_job_runner.py:240} INFO - Task exited with return code 0
[2026-01-22T18:29:41.242+0000] {taskinstance.py:3503} INFO - 1 downstream tasks scheduled from follow-on schedule check
[2026-01-22T18:29:41.256+0000] {local_task_job_runner.py:222} INFO - ::endgroup::
