[2026-01-22T18:30:19.120+0000] {local_task_job_runner.py:120} INFO - ::group::Pre task execution logs
[2026-01-22T18:30:19.429+0000] {taskinstance.py:2076} INFO - Dependencies all met for dep_context=non-requeueable deps ti=<TaskInstance: esios_liquicomun_pipeline.process_gold manual__2026-01-22T18:29:09.021444+00:00 [queued]>
[2026-01-22T18:30:19.530+0000] {taskinstance.py:2076} INFO - Dependencies all met for dep_context=requeueable deps ti=<TaskInstance: esios_liquicomun_pipeline.process_gold manual__2026-01-22T18:29:09.021444+00:00 [queued]>
[2026-01-22T18:30:19.534+0000] {taskinstance.py:2306} INFO - Starting attempt 1 of 2
[2026-01-22T18:30:19.907+0000] {taskinstance.py:2330} INFO - Executing <Task(PythonOperator): process_gold> on 2026-01-22 18:29:09.021444+00:00
[2026-01-22T18:30:19.971+0000] {standard_task_runner.py:63} INFO - Started process 501 to run task
[2026-01-22T18:30:20.009+0000] {standard_task_runner.py:90} INFO - Running: ['***', 'tasks', 'run', 'esios_liquicomun_pipeline', 'process_gold', 'manual__2026-01-22T18:29:09.021444+00:00', '--job-id', '147', '--raw', '--subdir', 'DAGS_FOLDER/esios_dag.py', '--cfg-path', '/tmp/tmpxzkh3k0x']
[2026-01-22T18:30:20.021+0000] {standard_task_runner.py:91} INFO - Job 147: Subtask process_gold
[2026-01-22T18:30:20.857+0000] {task_command.py:426} INFO - Running <TaskInstance: esios_liquicomun_pipeline.process_gold manual__2026-01-22T18:29:09.021444+00:00 [running]> on host 2aff4151de2d
[2026-01-22T18:30:21.785+0000] {taskinstance.py:2648} INFO - Exporting env vars: AIRFLOW_CTX_DAG_OWNER='***' AIRFLOW_CTX_DAG_ID='esios_liquicomun_pipeline' AIRFLOW_CTX_TASK_ID='process_gold' AIRFLOW_CTX_EXECUTION_DATE='2026-01-22T18:29:09.021444+00:00' AIRFLOW_CTX_TRY_NUMBER='1' AIRFLOW_CTX_DAG_RUN_ID='manual__2026-01-22T18:29:09.021444+00:00'
[2026-01-22T18:30:21.801+0000] {taskinstance.py:430} INFO - ::endgroup::
[2026-01-22T18:30:22.093+0000] {logging_mixin.py:188} INFO - Processing Gold for 2026-01-22 00:00:00 - 2026-01-22 00:00:00
[2026-01-22T18:30:22.162+0000] {liquicomun.py:56} INFO - Loading silver/liquicomun/2026/01/A1_enrttrba_20260101_20260131.parquet into liq_enrttrba...
[2026-01-22T18:30:23.225+0000] {database.py:108} INFO - Table liquicomun."liq_enrttrba" ensured.
[2026-01-22T18:30:23.239+0000] {database.py:208} INFO - Index 'idx_liq_enrttrba_source_file' checked/created on liquicomun."liq_enrttrba".
[2026-01-22T18:30:23.350+0000] {liquicomun.py:103} INFO -   Inserting 658 rows into liq_enrttrba
[2026-01-22T18:30:23.401+0000] {liquicomun.py:126} INFO -   Cleaned existing data for source_file: A1_enrttrba_20260101_20260131
[2026-01-22T18:30:23.776+0000] {database.py:186} INFO - Inserted 657 rows into 'liquicomun.liq_enrttrba'.
[2026-01-22T18:30:23.780+0000] {liquicomun.py:56} INFO - Loading silver/liquicomun/2026/01/A1_enrttrsu_20260101_20260131.parquet into liq_enrttrsu...
[2026-01-22T18:30:24.025+0000] {database.py:108} INFO - Table liquicomun."liq_enrttrsu" ensured.
[2026-01-22T18:30:24.057+0000] {database.py:208} INFO - Index 'idx_liq_enrttrsu_source_file' checked/created on liquicomun."liq_enrttrsu".
[2026-01-22T18:30:24.107+0000] {liquicomun.py:103} INFO -   Inserting 928 rows into liq_enrttrsu
[2026-01-22T18:30:24.143+0000] {liquicomun.py:126} INFO -   Cleaned existing data for source_file: A1_enrttrsu_20260101_20260131
[2026-01-22T18:30:24.464+0000] {database.py:186} INFO - Inserted 927 rows into 'liquicomun.liq_enrttrsu'.
[2026-01-22T18:30:24.467+0000] {liquicomun.py:56} INFO - Loading silver/liquicomun/2026/01/A1_ensecqhba_20260101_20260131.parquet into liq_ensecqhba...
[2026-01-22T18:30:24.628+0000] {database.py:108} INFO - Table liquicomun."liq_ensecqhba" ensured.
[2026-01-22T18:30:24.635+0000] {database.py:208} INFO - Index 'idx_liq_ensecqhba_source_file' checked/created on liquicomun."liq_ensecqhba".
[2026-01-22T18:30:24.650+0000] {liquicomun.py:103} INFO -   Inserting 1230 rows into liq_ensecqhba
[2026-01-22T18:30:24.698+0000] {liquicomun.py:126} INFO -   Cleaned existing data for source_file: A1_ensecqhba_20260101_20260131
[2026-01-22T18:30:25.215+0000] {database.py:186} INFO - Inserted 1229 rows into 'liquicomun.liq_ensecqhba'.
[2026-01-22T18:30:25.217+0000] {liquicomun.py:56} INFO - Loading silver/liquicomun/2026/01/A1_ensecqhsu_20260101_20260131.parquet into liq_ensecqhsu...
[2026-01-22T18:30:25.405+0000] {database.py:108} INFO - Table liquicomun."liq_ensecqhsu" ensured.
[2026-01-22T18:30:25.435+0000] {database.py:208} INFO - Index 'idx_liq_ensecqhsu_source_file' checked/created on liquicomun."liq_ensecqhsu".
[2026-01-22T18:30:25.488+0000] {liquicomun.py:103} INFO -   Inserting 1316 rows into liq_ensecqhsu
[2026-01-22T18:30:25.553+0000] {liquicomun.py:126} INFO -   Cleaned existing data for source_file: A1_ensecqhsu_20260101_20260131
[2026-01-22T18:30:26.143+0000] {database.py:186} INFO - Inserted 1315 rows into 'liquicomun.liq_ensecqhsu'.
[2026-01-22T18:30:26.145+0000] {liquicomun.py:56} INFO - Loading silver/liquicomun/2026/01/A1_enterqhba_20260101_20260131.parquet into liq_enterqhba...
[2026-01-22T18:30:26.337+0000] {database.py:108} INFO - Table liquicomun."liq_enterqhba" ensured.
[2026-01-22T18:30:26.351+0000] {database.py:208} INFO - Index 'idx_liq_enterqhba_source_file' checked/created on liquicomun."liq_enterqhba".
[2026-01-22T18:30:26.376+0000] {liquicomun.py:103} INFO -   Inserting 1335 rows into liq_enterqhba
[2026-01-22T18:30:26.413+0000] {liquicomun.py:126} INFO -   Cleaned existing data for source_file: A1_enterqhba_20260101_20260131
[2026-01-22T18:30:27.090+0000] {database.py:186} INFO - Inserted 1334 rows into 'liquicomun.liq_enterqhba'.
[2026-01-22T18:30:27.095+0000] {liquicomun.py:56} INFO - Loading silver/liquicomun/2026/01/A1_enterqhsu_20260101_20260131.parquet into liq_enterqhsu...
[2026-01-22T18:30:27.267+0000] {database.py:108} INFO - Table liquicomun."liq_enterqhsu" ensured.
[2026-01-22T18:30:27.281+0000] {database.py:208} INFO - Index 'idx_liq_enterqhsu_source_file' checked/created on liquicomun."liq_enterqhsu".
[2026-01-22T18:30:27.318+0000] {liquicomun.py:103} INFO -   Inserting 1382 rows into liq_enterqhsu
[2026-01-22T18:30:27.380+0000] {liquicomun.py:126} INFO -   Cleaned existing data for source_file: A1_enterqhsu_20260101_20260131
[2026-01-22T18:30:27.744+0000] {database.py:186} INFO - Inserted 1381 rows into 'liquicomun.liq_enterqhsu'.
[2026-01-22T18:30:27.751+0000] {liquicomun.py:56} INFO - Loading silver/liquicomun/2026/01/A1_prdvbaqh_20260101_20260131.parquet into liq_prdvbaqh...
[2026-01-22T18:30:27.941+0000] {database.py:108} INFO - Table liquicomun."liq_prdvbaqh" ensured.
[2026-01-22T18:30:27.951+0000] {database.py:208} INFO - Index 'idx_liq_prdvbaqh_source_file' checked/created on liquicomun."liq_prdvbaqh".
[2026-01-22T18:30:27.984+0000] {liquicomun.py:103} INFO -   Inserting 1457 rows into liq_prdvbaqh
[2026-01-22T18:30:28.038+0000] {liquicomun.py:126} INFO -   Cleaned existing data for source_file: A1_prdvbaqh_20260101_20260131
[2026-01-22T18:30:28.609+0000] {database.py:186} INFO - Inserted 1456 rows into 'liquicomun.liq_prdvbaqh'.
[2026-01-22T18:30:28.623+0000] {liquicomun.py:56} INFO - Loading silver/liquicomun/2026/01/A1_prdvdatos_20260101_20260131.parquet into liq_prdvdatos...
[2026-01-22T18:30:28.719+0000] {database.py:108} INFO - Table liquicomun."liq_prdvdatos" ensured.
[2026-01-22T18:30:28.726+0000] {database.py:208} INFO - Index 'idx_liq_prdvdatos_source_file' checked/created on liquicomun."liq_prdvdatos".
[2026-01-22T18:30:28.775+0000] {liquicomun.py:103} INFO -   Inserting 1441 rows into liq_prdvdatos
[2026-01-22T18:30:28.814+0000] {liquicomun.py:126} INFO -   Cleaned existing data for source_file: A1_prdvdatos_20260101_20260131
[2026-01-22T18:30:29.190+0000] {database.py:186} INFO - Inserted 1440 rows into 'liquicomun.liq_prdvdatos'.
[2026-01-22T18:30:29.193+0000] {liquicomun.py:56} INFO - Loading silver/liquicomun/2026/01/A1_prdvsuqh_20260101_20260131.parquet into liq_prdvsuqh...
[2026-01-22T18:30:29.335+0000] {database.py:108} INFO - Table liquicomun."liq_prdvsuqh" ensured.
[2026-01-22T18:30:29.339+0000] {database.py:208} INFO - Index 'idx_liq_prdvsuqh_source_file' checked/created on liquicomun."liq_prdvsuqh".
[2026-01-22T18:30:29.352+0000] {liquicomun.py:103} INFO -   Inserting 1457 rows into liq_prdvsuqh
[2026-01-22T18:30:29.407+0000] {liquicomun.py:126} INFO -   Cleaned existing data for source_file: A1_prdvsuqh_20260101_20260131
[2026-01-22T18:30:29.762+0000] {database.py:186} INFO - Inserted 1456 rows into 'liquicomun.liq_prdvsuqh'.
[2026-01-22T18:30:29.775+0000] {liquicomun.py:56} INFO - Loading silver/liquicomun/2026/01/A2_enrttrba_20260101_20260131.parquet into liq_enrttrba...
[2026-01-22T18:30:29.911+0000] {database.py:108} INFO - Table liquicomun."liq_enrttrba" ensured.
[2026-01-22T18:30:29.935+0000] {database.py:208} INFO - Index 'idx_liq_enrttrba_source_file' checked/created on liquicomun."liq_enrttrba".
[2026-01-22T18:30:29.967+0000] {liquicomun.py:103} INFO -   Inserting 795 rows into liq_enrttrba
[2026-01-22T18:30:29.985+0000] {liquicomun.py:126} INFO -   Cleaned existing data for source_file: A2_enrttrba_20260101_20260131
[2026-01-22T18:30:30.206+0000] {database.py:186} INFO - Inserted 794 rows into 'liquicomun.liq_enrttrba'.
[2026-01-22T18:30:30.210+0000] {liquicomun.py:56} INFO - Loading silver/liquicomun/2026/01/A2_enrttrsu_20260101_20260131.parquet into liq_enrttrsu...
[2026-01-22T18:30:30.408+0000] {database.py:108} INFO - Table liquicomun."liq_enrttrsu" ensured.
[2026-01-22T18:30:30.432+0000] {database.py:208} INFO - Index 'idx_liq_enrttrsu_source_file' checked/created on liquicomun."liq_enrttrsu".
[2026-01-22T18:30:30.473+0000] {liquicomun.py:103} INFO -   Inserting 1242 rows into liq_enrttrsu
[2026-01-22T18:30:30.505+0000] {liquicomun.py:126} INFO -   Cleaned existing data for source_file: A2_enrttrsu_20260101_20260131
[2026-01-22T18:30:30.806+0000] {database.py:186} INFO - Inserted 1241 rows into 'liquicomun.liq_enrttrsu'.
[2026-01-22T18:30:30.815+0000] {liquicomun.py:56} INFO - Loading silver/liquicomun/2026/01/A2_ensecqhba_20260101_20260131.parquet into liq_ensecqhba...
[2026-01-22T18:30:30.983+0000] {database.py:108} INFO - Table liquicomun."liq_ensecqhba" ensured.
[2026-01-22T18:30:30.987+0000] {database.py:208} INFO - Index 'idx_liq_ensecqhba_source_file' checked/created on liquicomun."liq_ensecqhba".
[2026-01-22T18:30:31.008+0000] {liquicomun.py:103} INFO -   Inserting 1729 rows into liq_ensecqhba
[2026-01-22T18:30:31.046+0000] {liquicomun.py:126} INFO -   Cleaned existing data for source_file: A2_ensecqhba_20260101_20260131
[2026-01-22T18:30:31.256+0000] {database.py:186} INFO - Inserted 1728 rows into 'liquicomun.liq_ensecqhba'.
[2026-01-22T18:30:31.266+0000] {liquicomun.py:56} INFO - Loading silver/liquicomun/2026/01/A2_ensecqhsu_20260101_20260131.parquet into liq_ensecqhsu...
[2026-01-22T18:30:31.379+0000] {database.py:108} INFO - Table liquicomun."liq_ensecqhsu" ensured.
[2026-01-22T18:30:31.388+0000] {database.py:208} INFO - Index 'idx_liq_ensecqhsu_source_file' checked/created on liquicomun."liq_ensecqhsu".
[2026-01-22T18:30:31.437+0000] {liquicomun.py:103} INFO -   Inserting 1833 rows into liq_ensecqhsu
[2026-01-22T18:30:31.478+0000] {liquicomun.py:126} INFO -   Cleaned existing data for source_file: A2_ensecqhsu_20260101_20260131
[2026-01-22T18:30:31.716+0000] {database.py:186} INFO - Inserted 1832 rows into 'liquicomun.liq_ensecqhsu'.
[2026-01-22T18:30:31.723+0000] {liquicomun.py:56} INFO - Loading silver/liquicomun/2026/01/A2_enterqhba_20260101_20260131.parquet into liq_enterqhba...
[2026-01-22T18:30:31.821+0000] {database.py:108} INFO - Table liquicomun."liq_enterqhba" ensured.
[2026-01-22T18:30:31.831+0000] {database.py:208} INFO - Index 'idx_liq_enterqhba_source_file' checked/created on liquicomun."liq_enterqhba".
[2026-01-22T18:30:31.851+0000] {liquicomun.py:103} INFO -   Inserting 1893 rows into liq_enterqhba
[2026-01-22T18:30:31.885+0000] {liquicomun.py:126} INFO -   Cleaned existing data for source_file: A2_enterqhba_20260101_20260131
[2026-01-22T18:30:32.182+0000] {database.py:186} INFO - Inserted 1892 rows into 'liquicomun.liq_enterqhba'.
[2026-01-22T18:30:32.186+0000] {liquicomun.py:56} INFO - Loading silver/liquicomun/2026/01/A2_enterqhsu_20260101_20260131.parquet into liq_enterqhsu...
[2026-01-22T18:30:32.293+0000] {database.py:108} INFO - Table liquicomun."liq_enterqhsu" ensured.
[2026-01-22T18:30:32.307+0000] {database.py:208} INFO - Index 'idx_liq_enterqhsu_source_file' checked/created on liquicomun."liq_enterqhsu".
[2026-01-22T18:30:32.381+0000] {liquicomun.py:103} INFO -   Inserting 1941 rows into liq_enterqhsu
[2026-01-22T18:30:32.578+0000] {liquicomun.py:126} INFO -   Cleaned existing data for source_file: A2_enterqhsu_20260101_20260131
[2026-01-22T18:30:32.977+0000] {database.py:186} INFO - Inserted 1940 rows into 'liquicomun.liq_enterqhsu'.
[2026-01-22T18:30:32.987+0000] {liquicomun.py:56} INFO - Loading silver/liquicomun/2026/01/A2_prdvbaqh_20260101_20260131.parquet into liq_prdvbaqh...
[2026-01-22T18:30:33.125+0000] {database.py:108} INFO - Table liquicomun."liq_prdvbaqh" ensured.
[2026-01-22T18:30:33.141+0000] {database.py:208} INFO - Index 'idx_liq_prdvbaqh_source_file' checked/created on liquicomun."liq_prdvbaqh".
[2026-01-22T18:30:33.213+0000] {liquicomun.py:103} INFO -   Inserting 2027 rows into liq_prdvbaqh
[2026-01-22T18:30:33.246+0000] {liquicomun.py:126} INFO -   Cleaned existing data for source_file: A2_prdvbaqh_20260101_20260131
[2026-01-22T18:30:33.704+0000] {database.py:186} INFO - Inserted 2026 rows into 'liquicomun.liq_prdvbaqh'.
[2026-01-22T18:30:33.732+0000] {liquicomun.py:56} INFO - Loading silver/liquicomun/2026/01/A2_prdvdatos_20260101_20260131.parquet into liq_prdvdatos...
[2026-01-22T18:30:33.873+0000] {database.py:108} INFO - Table liquicomun."liq_prdvdatos" ensured.
[2026-01-22T18:30:33.878+0000] {database.py:208} INFO - Index 'idx_liq_prdvdatos_source_file' checked/created on liquicomun."liq_prdvdatos".
[2026-01-22T18:30:33.967+0000] {liquicomun.py:103} INFO -   Inserting 2017 rows into liq_prdvdatos
[2026-01-22T18:30:34.056+0000] {liquicomun.py:126} INFO -   Cleaned existing data for source_file: A2_prdvdatos_20260101_20260131
[2026-01-22T18:30:34.672+0000] {database.py:186} INFO - Inserted 2016 rows into 'liquicomun.liq_prdvdatos'.
[2026-01-22T18:30:34.677+0000] {liquicomun.py:56} INFO - Loading silver/liquicomun/2026/01/A2_prdvsuqh_20260101_20260131.parquet into liq_prdvsuqh...
[2026-01-22T18:30:34.806+0000] {database.py:108} INFO - Table liquicomun."liq_prdvsuqh" ensured.
[2026-01-22T18:30:34.829+0000] {database.py:208} INFO - Index 'idx_liq_prdvsuqh_source_file' checked/created on liquicomun."liq_prdvsuqh".
[2026-01-22T18:30:34.896+0000] {liquicomun.py:103} INFO -   Inserting 2027 rows into liq_prdvsuqh
[2026-01-22T18:30:34.923+0000] {liquicomun.py:126} INFO -   Cleaned existing data for source_file: A2_prdvsuqh_20260101_20260131
[2026-01-22T18:30:35.254+0000] {database.py:186} INFO - Inserted 2026 rows into 'liquicomun.liq_prdvsuqh'.
[2026-01-22T18:30:35.260+0000] {python.py:237} INFO - Done. Returned value was: None
[2026-01-22T18:30:35.263+0000] {taskinstance.py:441} INFO - ::group::Post task execution logs
[2026-01-22T18:30:35.296+0000] {taskinstance.py:1206} INFO - Marking task as SUCCESS. dag_id=esios_liquicomun_pipeline, task_id=process_gold, run_id=manual__2026-01-22T18:29:09.021444+00:00, execution_date=20260122T182909, start_date=20260122T183019, end_date=20260122T183035
[2026-01-22T18:30:35.724+0000] {local_task_job_runner.py:240} INFO - Task exited with return code 0
[2026-01-22T18:30:35.910+0000] {taskinstance.py:3503} INFO - 0 downstream tasks scheduled from follow-on schedule check
[2026-01-22T18:30:35.921+0000] {local_task_job_runner.py:222} INFO - ::endgroup::
