[2026-01-20T21:00:10.253+0000] {local_task_job_runner.py:120} INFO - ::group::Pre task execution logs
[2026-01-20T21:00:10.286+0000] {taskinstance.py:2076} INFO - Dependencies all met for dep_context=non-requeueable deps ti=<TaskInstance: trades_pipeline.download_trades manual__2026-01-20T21:00:08.628997+00:00 [queued]>
[2026-01-20T21:00:10.297+0000] {taskinstance.py:2076} INFO - Dependencies all met for dep_context=requeueable deps ti=<TaskInstance: trades_pipeline.download_trades manual__2026-01-20T21:00:08.628997+00:00 [queued]>
[2026-01-20T21:00:10.298+0000] {taskinstance.py:2306} INFO - Starting attempt 1 of 2
[2026-01-20T21:00:10.311+0000] {taskinstance.py:2330} INFO - Executing <Task(PythonOperator): download_trades> on 2026-01-20 21:00:08.628997+00:00
[2026-01-20T21:00:10.318+0000] {standard_task_runner.py:63} INFO - Started process 3147 to run task
[2026-01-20T21:00:10.324+0000] {standard_task_runner.py:90} INFO - Running: ['***', 'tasks', 'run', 'trades_pipeline', 'download_trades', 'manual__2026-01-20T21:00:08.628997+00:00', '--job-id', '109', '--raw', '--subdir', 'DAGS_FOLDER/trades_dag.py', '--cfg-path', '/tmp/tmpn8n79uu2']
[2026-01-20T21:00:10.328+0000] {standard_task_runner.py:91} INFO - Job 109: Subtask download_trades
[2026-01-20T21:00:10.405+0000] {task_command.py:426} INFO - Running <TaskInstance: trades_pipeline.download_trades manual__2026-01-20T21:00:08.628997+00:00 [running]> on host 2aff4151de2d
[2026-01-20T21:00:10.504+0000] {taskinstance.py:2648} INFO - Exporting env vars: AIRFLOW_CTX_DAG_OWNER='***' AIRFLOW_CTX_DAG_ID='trades_pipeline' AIRFLOW_CTX_TASK_ID='download_trades' AIRFLOW_CTX_EXECUTION_DATE='2026-01-20T21:00:08.628997+00:00' AIRFLOW_CTX_TRY_NUMBER='1' AIRFLOW_CTX_DAG_RUN_ID='manual__2026-01-20T21:00:08.628997+00:00'
[2026-01-20T21:00:10.505+0000] {taskinstance.py:430} INFO - ::endgroup::
[2026-01-20T21:00:10.523+0000] {trades.py:64} INFO - File bronze/omie/trades/2025/trades_202501.zip already exists (past month). Skipping.
[2026-01-20T21:00:10.525+0000] {trades.py:64} INFO - File bronze/omie/trades/2025/trades_202502.zip already exists (past month). Skipping.
[2026-01-20T21:00:10.528+0000] {trades.py:64} INFO - File bronze/omie/trades/2025/trades_202503.zip already exists (past month). Skipping.
[2026-01-20T21:00:10.530+0000] {trades.py:64} INFO - File bronze/omie/trades/2025/trades_202504.zip already exists (past month). Skipping.
[2026-01-20T21:00:10.533+0000] {trades.py:64} INFO - File bronze/omie/trades/2025/trades_202505.zip already exists (past month). Skipping.
[2026-01-20T21:00:10.536+0000] {trades.py:64} INFO - File bronze/omie/trades/2025/trades_202506.zip already exists (past month). Skipping.
[2026-01-20T21:00:10.538+0000] {trades.py:64} INFO - File bronze/omie/trades/2025/trades_202507.zip already exists (past month). Skipping.
[2026-01-20T21:00:10.541+0000] {trades.py:64} INFO - File bronze/omie/trades/2025/trades_202508.zip already exists (past month). Skipping.
[2026-01-20T21:00:10.543+0000] {trades.py:64} INFO - File bronze/omie/trades/2025/trades_202509.zip already exists (past month). Skipping.
[2026-01-20T21:00:10.545+0000] {trades.py:64} INFO - File bronze/omie/trades/2025/trades_202510.zip already exists (past month). Skipping.
[2026-01-20T21:00:10.547+0000] {omie_client.py:64} INFO - Downloading trades_202511.zip from OMIE...
[2026-01-20T21:00:11.037+0000] {omie_client.py:68} INFO - File trades_202511.zip not found (404).
[2026-01-20T21:00:11.038+0000] {trades.py:72} WARNING - Failed to download trades_202511.zip
[2026-01-20T21:00:11.040+0000] {omie_client.py:64} INFO - Downloading trades_202512.zip from OMIE...
[2026-01-20T21:00:11.490+0000] {omie_client.py:68} INFO - File trades_202512.zip not found (404).
[2026-01-20T21:00:11.492+0000] {trades.py:72} WARNING - Failed to download trades_202512.zip
[2026-01-20T21:00:11.494+0000] {omie_client.py:64} INFO - Downloading trades_202601.zip from OMIE...
[2026-01-20T21:00:11.946+0000] {omie_client.py:68} INFO - File trades_202601.zip not found (404).
[2026-01-20T21:00:11.948+0000] {trades.py:72} WARNING - Failed to download trades_202601.zip
[2026-01-20T21:00:11.949+0000] {python.py:237} INFO - Done. Returned value was: None
[2026-01-20T21:00:11.950+0000] {taskinstance.py:441} INFO - ::group::Post task execution logs
[2026-01-20T21:00:11.961+0000] {taskinstance.py:1206} INFO - Marking task as SUCCESS. dag_id=trades_pipeline, task_id=download_trades, run_id=manual__2026-01-20T21:00:08.628997+00:00, execution_date=20260120T210008, start_date=20260120T210010, end_date=20260120T210011
[2026-01-20T21:00:12.022+0000] {local_task_job_runner.py:240} INFO - Task exited with return code 0
[2026-01-20T21:00:12.049+0000] {taskinstance.py:3503} INFO - 1 downstream tasks scheduled from follow-on schedule check
[2026-01-20T21:00:12.052+0000] {local_task_job_runner.py:222} INFO - ::endgroup::
