[2026-01-22T19:13:11.184+0000] {local_task_job_runner.py:120} INFO - ::group::Pre task execution logs
[2026-01-22T19:13:11.667+0000] {taskinstance.py:2076} INFO - Dependencies all met for dep_context=non-requeueable deps ti=<TaskInstance: esios_liquicomun_pipeline.download_bronze manual__2026-01-22T19:12:29.991422+00:00 [queued]>
[2026-01-22T19:13:11.726+0000] {taskinstance.py:2076} INFO - Dependencies all met for dep_context=requeueable deps ti=<TaskInstance: esios_liquicomun_pipeline.download_bronze manual__2026-01-22T19:12:29.991422+00:00 [queued]>
[2026-01-22T19:13:11.733+0000] {taskinstance.py:2306} INFO - Starting attempt 1 of 2
[2026-01-22T19:13:11.923+0000] {taskinstance.py:2330} INFO - Executing <Task(PythonOperator): download_bronze> on 2026-01-22 19:12:29.991422+00:00
[2026-01-22T19:13:12.039+0000] {standard_task_runner.py:63} INFO - Started process 4853 to run task
[2026-01-22T19:13:12.082+0000] {standard_task_runner.py:90} INFO - Running: ['***', 'tasks', 'run', 'esios_liquicomun_pipeline', 'download_bronze', 'manual__2026-01-22T19:12:29.991422+00:00', '--job-id', '151', '--raw', '--subdir', 'DAGS_FOLDER/esios_dag.py', '--cfg-path', '/tmp/tmpa3e7_897']
[2026-01-22T19:13:12.169+0000] {standard_task_runner.py:91} INFO - Job 151: Subtask download_bronze
[2026-01-22T19:13:12.724+0000] {task_command.py:426} INFO - Running <TaskInstance: esios_liquicomun_pipeline.download_bronze manual__2026-01-22T19:12:29.991422+00:00 [running]> on host 2aff4151de2d
[2026-01-22T19:13:13.586+0000] {taskinstance.py:2648} INFO - Exporting env vars: AIRFLOW_CTX_DAG_OWNER='***' AIRFLOW_CTX_DAG_ID='esios_liquicomun_pipeline' AIRFLOW_CTX_TASK_ID='download_bronze' AIRFLOW_CTX_EXECUTION_DATE='2026-01-22T19:12:29.991422+00:00' AIRFLOW_CTX_TRY_NUMBER='1' AIRFLOW_CTX_DAG_RUN_ID='manual__2026-01-22T19:12:29.991422+00:00'
[2026-01-22T19:13:13.606+0000] {taskinstance.py:430} INFO - ::endgroup::
[2026-01-22T19:13:13.752+0000] {logging_mixin.py:188} INFO - Downloading from 2026-01-22 19:12:29.991422+00:00 to 2026-01-22 19:12:29.991422+00:00
[2026-01-22T19:13:13.755+0000] {liquicomun.py:44} INFO - Checking/Downloading Liquicomun ID 2 for 2026-01-22...
[2026-01-22T19:13:15.578+0000] {client.py:62} INFO - Archive 2 for 2026-01-22 19:12:29.991422+00:00 seems empty (50 bytes).
[2026-01-22T19:13:15.599+0000] {liquicomun.py:44} INFO - Checking/Downloading Liquicomun ID 3 for 2026-01-22...
[2026-01-22T19:13:18.426+0000] {filesystem.py:48} INFO - Saved file to /opt/***/local_data/bronze/liquicomun/2026/01/esios_3_20260122.zip
[2026-01-22T19:13:18.428+0000] {liquicomun.py:59} INFO - Stored: bronze/liquicomun/2026/01/esios_3_20260122.zip
[2026-01-22T19:13:18.459+0000] {liquicomun.py:44} INFO - Checking/Downloading Liquicomun ID 4 for 2026-01-22...
[2026-01-22T19:13:19.186+0000] {client.py:62} INFO - Archive 4 for 2026-01-22 19:12:29.991422+00:00 seems empty (50 bytes).
[2026-01-22T19:13:19.230+0000] {liquicomun.py:44} INFO - Checking/Downloading Liquicomun ID 5 for 2026-01-22...
[2026-01-22T19:13:19.802+0000] {client.py:62} INFO - Archive 5 for 2026-01-22 19:12:29.991422+00:00 seems empty (50 bytes).
[2026-01-22T19:13:19.838+0000] {liquicomun.py:44} INFO - Checking/Downloading Liquicomun ID 6 for 2026-01-22...
[2026-01-22T19:13:20.621+0000] {client.py:62} INFO - Archive 6 for 2026-01-22 19:12:29.991422+00:00 seems empty (50 bytes).
[2026-01-22T19:13:20.660+0000] {liquicomun.py:44} INFO - Checking/Downloading Liquicomun ID 7 for 2026-01-22...
[2026-01-22T19:13:21.337+0000] {client.py:62} INFO - Archive 7 for 2026-01-22 19:12:29.991422+00:00 seems empty (50 bytes).
[2026-01-22T19:13:21.374+0000] {liquicomun.py:44} INFO - Checking/Downloading Liquicomun ID 8 for 2026-01-22...
[2026-01-22T19:13:22.007+0000] {client.py:62} INFO - Archive 8 for 2026-01-22 19:12:29.991422+00:00 seems empty (50 bytes).
[2026-01-22T19:13:22.050+0000] {liquicomun.py:44} INFO - Checking/Downloading Liquicomun ID 9 for 2026-01-22...
[2026-01-22T19:13:22.869+0000] {client.py:62} INFO - Archive 9 for 2026-01-22 19:12:29.991422+00:00 seems empty (50 bytes).
[2026-01-22T19:13:22.985+0000] {liquicomun.py:44} INFO - Checking/Downloading Liquicomun ID 10 for 2026-01-22...
[2026-01-22T19:13:23.830+0000] {client.py:62} INFO - Archive 10 for 2026-01-22 19:12:29.991422+00:00 seems empty (50 bytes).
[2026-01-22T19:13:23.879+0000] {liquicomun.py:44} INFO - Checking/Downloading Liquicomun ID 11 for 2026-01-22...
[2026-01-22T19:13:24.630+0000] {client.py:62} INFO - Archive 11 for 2026-01-22 19:12:29.991422+00:00 seems empty (50 bytes).
[2026-01-22T19:13:24.702+0000] {python.py:237} INFO - Done. Returned value was: {'start': '2026-01-22', 'end': '2026-01-22'}
[2026-01-22T19:13:24.709+0000] {taskinstance.py:441} INFO - ::group::Post task execution logs
[2026-01-22T19:13:24.930+0000] {taskinstance.py:1206} INFO - Marking task as SUCCESS. dag_id=esios_liquicomun_pipeline, task_id=download_bronze, run_id=manual__2026-01-22T19:12:29.991422+00:00, execution_date=20260122T191229, start_date=20260122T191311, end_date=20260122T191324
[2026-01-22T19:13:25.310+0000] {local_task_job_runner.py:240} INFO - Task exited with return code 0
[2026-01-22T19:13:25.581+0000] {taskinstance.py:3503} INFO - 1 downstream tasks scheduled from follow-on schedule check
[2026-01-22T19:13:25.597+0000] {local_task_job_runner.py:222} INFO - ::endgroup::
