[2026-01-22T19:13:11.221+0000] {local_task_job_runner.py:120} INFO - ::group::Pre task execution logs
[2026-01-22T19:13:11.688+0000] {taskinstance.py:2076} INFO - Dependencies all met for dep_context=non-requeueable deps ti=<TaskInstance: omie_pipeline.download_pdvd manual__2026-01-22T19:12:31.807662+00:00 [queued]>
[2026-01-22T19:13:11.859+0000] {taskinstance.py:2076} INFO - Dependencies all met for dep_context=requeueable deps ti=<TaskInstance: omie_pipeline.download_pdvd manual__2026-01-22T19:12:31.807662+00:00 [queued]>
[2026-01-22T19:13:11.872+0000] {taskinstance.py:2306} INFO - Starting attempt 1 of 2
[2026-01-22T19:13:12.026+0000] {taskinstance.py:2330} INFO - Executing <Task(PythonOperator): download_pdvd> on 2026-01-22 19:12:31.807662+00:00
[2026-01-22T19:13:12.085+0000] {standard_task_runner.py:63} INFO - Started process 4855 to run task
[2026-01-22T19:13:12.145+0000] {standard_task_runner.py:90} INFO - Running: ['***', 'tasks', 'run', 'omie_pipeline', 'download_pdvd', 'manual__2026-01-22T19:12:31.807662+00:00', '--job-id', '153', '--raw', '--subdir', 'DAGS_FOLDER/omie_dag.py', '--cfg-path', '/tmp/tmpkag1fuai']
[2026-01-22T19:13:12.180+0000] {standard_task_runner.py:91} INFO - Job 153: Subtask download_pdvd
[2026-01-22T19:13:12.843+0000] {task_command.py:426} INFO - Running <TaskInstance: omie_pipeline.download_pdvd manual__2026-01-22T19:12:31.807662+00:00 [running]> on host 2aff4151de2d
[2026-01-22T19:13:13.759+0000] {taskinstance.py:2648} INFO - Exporting env vars: AIRFLOW_CTX_DAG_OWNER='***' AIRFLOW_CTX_DAG_ID='omie_pipeline' AIRFLOW_CTX_TASK_ID='download_pdvd' AIRFLOW_CTX_EXECUTION_DATE='2026-01-22T19:12:31.807662+00:00' AIRFLOW_CTX_TRY_NUMBER='1' AIRFLOW_CTX_DAG_RUN_ID='manual__2026-01-22T19:12:31.807662+00:00'
[2026-01-22T19:13:13.773+0000] {taskinstance.py:430} INFO - ::endgroup::
[2026-01-22T19:13:13.863+0000] {logging_mixin.py:188} INFO - Downloading download_pdvd from 2026-01-22 19:12:31.807662 to 2026-01-22 19:12:31.807662
[2026-01-22T19:13:13.883+0000] {pdvd.py:42} INFO - File bronze/omie/pdvd/2025/pdvd_202501.zip already exists (past month). Skipping.
[2026-01-22T19:13:13.942+0000] {pdvd.py:42} INFO - File bronze/omie/pdvd/2025/pdvd_202502.zip already exists (past month). Skipping.
[2026-01-22T19:13:13.984+0000] {pdvd.py:42} INFO - File bronze/omie/pdvd/2025/pdvd_202503.zip already exists (past month). Skipping.
[2026-01-22T19:13:14.022+0000] {pdvd.py:42} INFO - File bronze/omie/pdvd/2025/pdvd_202504.zip already exists (past month). Skipping.
[2026-01-22T19:13:14.058+0000] {pdvd.py:42} INFO - File bronze/omie/pdvd/2025/pdvd_202505.zip already exists (past month). Skipping.
[2026-01-22T19:13:14.082+0000] {pdvd.py:42} INFO - File bronze/omie/pdvd/2025/pdvd_202506.zip already exists (past month). Skipping.
[2026-01-22T19:13:14.101+0000] {pdvd.py:42} INFO - File bronze/omie/pdvd/2025/pdvd_202507.zip already exists (past month). Skipping.
[2026-01-22T19:13:14.122+0000] {pdvd.py:42} INFO - File bronze/omie/pdvd/2025/pdvd_202508.zip already exists (past month). Skipping.
[2026-01-22T19:13:14.187+0000] {pdvd.py:42} INFO - File bronze/omie/pdvd/2025/pdvd_202509.zip already exists (past month). Skipping.
[2026-01-22T19:13:14.207+0000] {pdvd.py:42} INFO - File bronze/omie/pdvd/2025/pdvd_202510.zip already exists (past month). Skipping.
[2026-01-22T19:13:14.232+0000] {omie_client.py:64} INFO - Downloading pdvd_202511.zip from OMIE...
[2026-01-22T19:13:15.652+0000] {omie_client.py:68} INFO - File pdvd_202511.zip not found (404).
[2026-01-22T19:13:15.667+0000] {pdvd.py:50} WARNING - Failed to download pdvd_202511.zip
[2026-01-22T19:13:15.687+0000] {omie_client.py:64} INFO - Downloading pdvd_202512.zip from OMIE...
[2026-01-22T19:13:16.521+0000] {omie_client.py:68} INFO - File pdvd_202512.zip not found (404).
[2026-01-22T19:13:16.526+0000] {pdvd.py:50} WARNING - Failed to download pdvd_202512.zip
[2026-01-22T19:13:16.546+0000] {omie_client.py:64} INFO - Downloading pdvd_202601.zip from OMIE...
[2026-01-22T19:13:17.521+0000] {omie_client.py:68} INFO - File pdvd_202601.zip not found (404).
[2026-01-22T19:13:17.560+0000] {pdvd.py:50} WARNING - Failed to download pdvd_202601.zip
[2026-01-22T19:13:17.571+0000] {python.py:237} INFO - Done. Returned value was: {'start': '2025-01-01', 'end': '2026-01-22'}
[2026-01-22T19:13:17.575+0000] {taskinstance.py:441} INFO - ::group::Post task execution logs
[2026-01-22T19:13:17.826+0000] {taskinstance.py:1206} INFO - Marking task as SUCCESS. dag_id=omie_pipeline, task_id=download_pdvd, run_id=manual__2026-01-22T19:12:31.807662+00:00, execution_date=20260122T191231, start_date=20260122T191311, end_date=20260122T191317
[2026-01-22T19:13:18.078+0000] {local_task_job_runner.py:240} INFO - Task exited with return code 0
[2026-01-22T19:13:18.146+0000] {local_task_job_runner.py:222} INFO - ::endgroup::
