[2026-01-22T18:29:36.586+0000] {local_task_job_runner.py:120} INFO - ::group::Pre task execution logs
[2026-01-22T18:29:37.052+0000] {taskinstance.py:2076} INFO - Dependencies all met for dep_context=non-requeueable deps ti=<TaskInstance: omie_pipeline.download_marginal_pdbc manual__2026-01-22T18:29:12.380731+00:00 [queued]>
[2026-01-22T18:29:37.158+0000] {taskinstance.py:2076} INFO - Dependencies all met for dep_context=requeueable deps ti=<TaskInstance: omie_pipeline.download_marginal_pdbc manual__2026-01-22T18:29:12.380731+00:00 [queued]>
[2026-01-22T18:29:37.169+0000] {taskinstance.py:2306} INFO - Starting attempt 1 of 2
[2026-01-22T18:29:37.348+0000] {taskinstance.py:2330} INFO - Executing <Task(PythonOperator): download_marginal_pdbc> on 2026-01-22 18:29:12.380731+00:00
[2026-01-22T18:29:37.435+0000] {standard_task_runner.py:63} INFO - Started process 380 to run task
[2026-01-22T18:29:37.482+0000] {standard_task_runner.py:90} INFO - Running: ['***', 'tasks', 'run', 'omie_pipeline', 'download_marginal_pdbc', 'manual__2026-01-22T18:29:12.380731+00:00', '--job-id', '138', '--raw', '--subdir', 'DAGS_FOLDER/omie_dag.py', '--cfg-path', '/tmp/tmpb36cgb4z']
[2026-01-22T18:29:37.507+0000] {standard_task_runner.py:91} INFO - Job 138: Subtask download_marginal_pdbc
[2026-01-22T18:29:38.465+0000] {task_command.py:426} INFO - Running <TaskInstance: omie_pipeline.download_marginal_pdbc manual__2026-01-22T18:29:12.380731+00:00 [running]> on host 2aff4151de2d
[2026-01-22T18:29:40.617+0000] {taskinstance.py:2648} INFO - Exporting env vars: AIRFLOW_CTX_DAG_OWNER='***' AIRFLOW_CTX_DAG_ID='omie_pipeline' AIRFLOW_CTX_TASK_ID='download_marginal_pdbc' AIRFLOW_CTX_EXECUTION_DATE='2026-01-22T18:29:12.380731+00:00' AIRFLOW_CTX_TRY_NUMBER='1' AIRFLOW_CTX_DAG_RUN_ID='manual__2026-01-22T18:29:12.380731+00:00'
[2026-01-22T18:29:40.634+0000] {taskinstance.py:430} INFO - ::endgroup::
[2026-01-22T18:29:40.825+0000] {logging_mixin.py:188} INFO - Downloading download_marginalpdbc from 2026-01-22 18:29:12.380731 to 2026-01-22 18:29:12.380731
[2026-01-22T18:29:40.904+0000] {marginalpdbc.py:65} INFO - File bronze/omie/marginalpdbc/2025/01/marginalpdbc_20250101.1 already exists. Skipping download.
[2026-01-22T18:29:40.982+0000] {marginalpdbc.py:65} INFO - File bronze/omie/marginalpdbc/2025/01/marginalpdbc_20250102.1 already exists. Skipping download.
[2026-01-22T18:29:41.021+0000] {marginalpdbc.py:65} INFO - File bronze/omie/marginalpdbc/2025/01/marginalpdbc_20250103.1 already exists. Skipping download.
[2026-01-22T18:29:41.112+0000] {marginalpdbc.py:65} INFO - File bronze/omie/marginalpdbc/2025/01/marginalpdbc_20250104.1 already exists. Skipping download.
[2026-01-22T18:29:41.174+0000] {marginalpdbc.py:65} INFO - File bronze/omie/marginalpdbc/2025/01/marginalpdbc_20250105.1 already exists. Skipping download.
[2026-01-22T18:29:41.262+0000] {marginalpdbc.py:65} INFO - File bronze/omie/marginalpdbc/2025/01/marginalpdbc_20250106.1 already exists. Skipping download.
[2026-01-22T18:29:41.287+0000] {marginalpdbc.py:65} INFO - File bronze/omie/marginalpdbc/2025/01/marginalpdbc_20250107.1 already exists. Skipping download.
[2026-01-22T18:29:41.334+0000] {marginalpdbc.py:65} INFO - File bronze/omie/marginalpdbc/2025/01/marginalpdbc_20250108.1 already exists. Skipping download.
[2026-01-22T18:29:41.393+0000] {marginalpdbc.py:65} INFO - File bronze/omie/marginalpdbc/2025/01/marginalpdbc_20250109.1 already exists. Skipping download.
[2026-01-22T18:29:41.518+0000] {marginalpdbc.py:65} INFO - File bronze/omie/marginalpdbc/2025/01/marginalpdbc_20250110.1 already exists. Skipping download.
[2026-01-22T18:29:41.625+0000] {marginalpdbc.py:65} INFO - File bronze/omie/marginalpdbc/2025/01/marginalpdbc_20250111.1 already exists. Skipping download.
[2026-01-22T18:29:41.679+0000] {marginalpdbc.py:65} INFO - File bronze/omie/marginalpdbc/2025/01/marginalpdbc_20250112.1 already exists. Skipping download.
[2026-01-22T18:29:41.738+0000] {marginalpdbc.py:65} INFO - File bronze/omie/marginalpdbc/2025/01/marginalpdbc_20250113.1 already exists. Skipping download.
[2026-01-22T18:29:41.812+0000] {marginalpdbc.py:65} INFO - File bronze/omie/marginalpdbc/2025/01/marginalpdbc_20250114.1 already exists. Skipping download.
[2026-01-22T18:29:41.861+0000] {marginalpdbc.py:65} INFO - File bronze/omie/marginalpdbc/2025/01/marginalpdbc_20250115.1 already exists. Skipping download.
[2026-01-22T18:29:41.942+0000] {marginalpdbc.py:65} INFO - File bronze/omie/marginalpdbc/2025/01/marginalpdbc_20250116.1 already exists. Skipping download.
[2026-01-22T18:29:41.979+0000] {marginalpdbc.py:65} INFO - File bronze/omie/marginalpdbc/2025/01/marginalpdbc_20250117.1 already exists. Skipping download.
[2026-01-22T18:29:42.046+0000] {marginalpdbc.py:65} INFO - File bronze/omie/marginalpdbc/2025/01/marginalpdbc_20250118.1 already exists. Skipping download.
[2026-01-22T18:29:42.085+0000] {marginalpdbc.py:65} INFO - File bronze/omie/marginalpdbc/2025/01/marginalpdbc_20250119.1 already exists. Skipping download.
[2026-01-22T18:29:42.139+0000] {marginalpdbc.py:65} INFO - File bronze/omie/marginalpdbc/2025/01/marginalpdbc_20250120.1 already exists. Skipping download.
[2026-01-22T18:29:42.244+0000] {marginalpdbc.py:65} INFO - File bronze/omie/marginalpdbc/2025/01/marginalpdbc_20250121.1 already exists. Skipping download.
[2026-01-22T18:29:42.299+0000] {marginalpdbc.py:65} INFO - File bronze/omie/marginalpdbc/2025/01/marginalpdbc_20250122.1 already exists. Skipping download.
[2026-01-22T18:29:42.353+0000] {marginalpdbc.py:65} INFO - File bronze/omie/marginalpdbc/2025/01/marginalpdbc_20250123.1 already exists. Skipping download.
[2026-01-22T18:29:42.390+0000] {marginalpdbc.py:65} INFO - File bronze/omie/marginalpdbc/2025/01/marginalpdbc_20250124.1 already exists. Skipping download.
[2026-01-22T18:29:42.414+0000] {marginalpdbc.py:65} INFO - File bronze/omie/marginalpdbc/2025/01/marginalpdbc_20250125.1 already exists. Skipping download.
[2026-01-22T18:29:42.497+0000] {marginalpdbc.py:65} INFO - File bronze/omie/marginalpdbc/2025/01/marginalpdbc_20250126.1 already exists. Skipping download.
[2026-01-22T18:29:42.530+0000] {marginalpdbc.py:65} INFO - File bronze/omie/marginalpdbc/2025/01/marginalpdbc_20250127.1 already exists. Skipping download.
[2026-01-22T18:29:42.564+0000] {marginalpdbc.py:65} INFO - File bronze/omie/marginalpdbc/2025/01/marginalpdbc_20250128.1 already exists. Skipping download.
[2026-01-22T18:29:42.583+0000] {marginalpdbc.py:65} INFO - File bronze/omie/marginalpdbc/2025/01/marginalpdbc_20250129.1 already exists. Skipping download.
[2026-01-22T18:29:42.644+0000] {marginalpdbc.py:65} INFO - File bronze/omie/marginalpdbc/2025/01/marginalpdbc_20250130.1 already exists. Skipping download.
[2026-01-22T18:29:42.676+0000] {marginalpdbc.py:65} INFO - File bronze/omie/marginalpdbc/2025/01/marginalpdbc_20250131.1 already exists. Skipping download.
[2026-01-22T18:29:42.751+0000] {marginalpdbc.py:65} INFO - File bronze/omie/marginalpdbc/2025/02/marginalpdbc_20250201.1 already exists. Skipping download.
[2026-01-22T18:29:42.824+0000] {marginalpdbc.py:65} INFO - File bronze/omie/marginalpdbc/2025/02/marginalpdbc_20250202.1 already exists. Skipping download.
[2026-01-22T18:29:42.860+0000] {marginalpdbc.py:65} INFO - File bronze/omie/marginalpdbc/2025/02/marginalpdbc_20250203.1 already exists. Skipping download.
[2026-01-22T18:29:42.885+0000] {marginalpdbc.py:65} INFO - File bronze/omie/marginalpdbc/2025/02/marginalpdbc_20250204.1 already exists. Skipping download.
[2026-01-22T18:29:42.945+0000] {marginalpdbc.py:65} INFO - File bronze/omie/marginalpdbc/2025/02/marginalpdbc_20250205.1 already exists. Skipping download.
[2026-01-22T18:29:42.984+0000] {marginalpdbc.py:65} INFO - File bronze/omie/marginalpdbc/2025/02/marginalpdbc_20250206.1 already exists. Skipping download.
[2026-01-22T18:29:43.035+0000] {marginalpdbc.py:65} INFO - File bronze/omie/marginalpdbc/2025/02/marginalpdbc_20250207.1 already exists. Skipping download.
[2026-01-22T18:29:43.177+0000] {marginalpdbc.py:65} INFO - File bronze/omie/marginalpdbc/2025/02/marginalpdbc_20250208.1 already exists. Skipping download.
[2026-01-22T18:29:43.219+0000] {marginalpdbc.py:65} INFO - File bronze/omie/marginalpdbc/2025/02/marginalpdbc_20250209.1 already exists. Skipping download.
[2026-01-22T18:29:43.260+0000] {marginalpdbc.py:65} INFO - File bronze/omie/marginalpdbc/2025/02/marginalpdbc_20250210.1 already exists. Skipping download.
[2026-01-22T18:29:43.332+0000] {marginalpdbc.py:65} INFO - File bronze/omie/marginalpdbc/2025/02/marginalpdbc_20250211.1 already exists. Skipping download.
[2026-01-22T18:29:43.392+0000] {marginalpdbc.py:65} INFO - File bronze/omie/marginalpdbc/2025/02/marginalpdbc_20250212.1 already exists. Skipping download.
[2026-01-22T18:29:43.454+0000] {marginalpdbc.py:65} INFO - File bronze/omie/marginalpdbc/2025/02/marginalpdbc_20250213.1 already exists. Skipping download.
[2026-01-22T18:29:43.566+0000] {marginalpdbc.py:65} INFO - File bronze/omie/marginalpdbc/2025/02/marginalpdbc_20250214.1 already exists. Skipping download.
[2026-01-22T18:29:43.637+0000] {marginalpdbc.py:65} INFO - File bronze/omie/marginalpdbc/2025/02/marginalpdbc_20250215.1 already exists. Skipping download.
[2026-01-22T18:29:43.651+0000] {marginalpdbc.py:65} INFO - File bronze/omie/marginalpdbc/2025/02/marginalpdbc_20250216.1 already exists. Skipping download.
[2026-01-22T18:29:43.685+0000] {marginalpdbc.py:65} INFO - File bronze/omie/marginalpdbc/2025/02/marginalpdbc_20250217.1 already exists. Skipping download.
[2026-01-22T18:29:43.707+0000] {marginalpdbc.py:65} INFO - File bronze/omie/marginalpdbc/2025/02/marginalpdbc_20250218.1 already exists. Skipping download.
[2026-01-22T18:29:43.746+0000] {marginalpdbc.py:65} INFO - File bronze/omie/marginalpdbc/2025/02/marginalpdbc_20250219.1 already exists. Skipping download.
[2026-01-22T18:29:43.822+0000] {marginalpdbc.py:65} INFO - File bronze/omie/marginalpdbc/2025/02/marginalpdbc_20250220.1 already exists. Skipping download.
[2026-01-22T18:29:43.886+0000] {marginalpdbc.py:65} INFO - File bronze/omie/marginalpdbc/2025/02/marginalpdbc_20250221.1 already exists. Skipping download.
[2026-01-22T18:29:43.968+0000] {marginalpdbc.py:65} INFO - File bronze/omie/marginalpdbc/2025/02/marginalpdbc_20250222.1 already exists. Skipping download.
[2026-01-22T18:29:44.008+0000] {marginalpdbc.py:65} INFO - File bronze/omie/marginalpdbc/2025/02/marginalpdbc_20250223.1 already exists. Skipping download.
[2026-01-22T18:29:44.085+0000] {marginalpdbc.py:65} INFO - File bronze/omie/marginalpdbc/2025/02/marginalpdbc_20250224.1 already exists. Skipping download.
[2026-01-22T18:29:44.162+0000] {marginalpdbc.py:65} INFO - File bronze/omie/marginalpdbc/2025/02/marginalpdbc_20250225.1 already exists. Skipping download.
[2026-01-22T18:29:44.234+0000] {marginalpdbc.py:65} INFO - File bronze/omie/marginalpdbc/2025/02/marginalpdbc_20250226.1 already exists. Skipping download.
[2026-01-22T18:29:44.300+0000] {marginalpdbc.py:65} INFO - File bronze/omie/marginalpdbc/2025/02/marginalpdbc_20250227.1 already exists. Skipping download.
[2026-01-22T18:29:44.348+0000] {marginalpdbc.py:65} INFO - File bronze/omie/marginalpdbc/2025/02/marginalpdbc_20250228.1 already exists. Skipping download.
[2026-01-22T18:29:44.383+0000] {marginalpdbc.py:65} INFO - File bronze/omie/marginalpdbc/2025/03/marginalpdbc_20250301.1 already exists. Skipping download.
[2026-01-22T18:29:44.447+0000] {marginalpdbc.py:65} INFO - File bronze/omie/marginalpdbc/2025/03/marginalpdbc_20250302.1 already exists. Skipping download.
[2026-01-22T18:29:44.530+0000] {marginalpdbc.py:65} INFO - File bronze/omie/marginalpdbc/2025/03/marginalpdbc_20250303.1 already exists. Skipping download.
[2026-01-22T18:29:44.634+0000] {marginalpdbc.py:65} INFO - File bronze/omie/marginalpdbc/2025/03/marginalpdbc_20250304.1 already exists. Skipping download.
[2026-01-22T18:29:44.667+0000] {marginalpdbc.py:65} INFO - File bronze/omie/marginalpdbc/2025/03/marginalpdbc_20250305.1 already exists. Skipping download.
[2026-01-22T18:29:44.773+0000] {marginalpdbc.py:65} INFO - File bronze/omie/marginalpdbc/2025/03/marginalpdbc_20250306.1 already exists. Skipping download.
[2026-01-22T18:29:44.885+0000] {marginalpdbc.py:65} INFO - File bronze/omie/marginalpdbc/2025/03/marginalpdbc_20250307.1 already exists. Skipping download.
[2026-01-22T18:29:44.928+0000] {marginalpdbc.py:65} INFO - File bronze/omie/marginalpdbc/2025/03/marginalpdbc_20250308.1 already exists. Skipping download.
[2026-01-22T18:29:45.006+0000] {marginalpdbc.py:65} INFO - File bronze/omie/marginalpdbc/2025/03/marginalpdbc_20250309.1 already exists. Skipping download.
[2026-01-22T18:29:45.104+0000] {marginalpdbc.py:65} INFO - File bronze/omie/marginalpdbc/2025/03/marginalpdbc_20250310.1 already exists. Skipping download.
[2026-01-22T18:29:45.163+0000] {marginalpdbc.py:65} INFO - File bronze/omie/marginalpdbc/2025/03/marginalpdbc_20250311.1 already exists. Skipping download.
[2026-01-22T18:29:45.224+0000] {marginalpdbc.py:65} INFO - File bronze/omie/marginalpdbc/2025/03/marginalpdbc_20250312.1 already exists. Skipping download.
[2026-01-22T18:29:45.272+0000] {marginalpdbc.py:65} INFO - File bronze/omie/marginalpdbc/2025/03/marginalpdbc_20250313.1 already exists. Skipping download.
[2026-01-22T18:29:45.356+0000] {marginalpdbc.py:65} INFO - File bronze/omie/marginalpdbc/2025/03/marginalpdbc_20250314.1 already exists. Skipping download.
[2026-01-22T18:29:45.409+0000] {marginalpdbc.py:65} INFO - File bronze/omie/marginalpdbc/2025/03/marginalpdbc_20250315.1 already exists. Skipping download.
[2026-01-22T18:29:45.460+0000] {marginalpdbc.py:65} INFO - File bronze/omie/marginalpdbc/2025/03/marginalpdbc_20250316.1 already exists. Skipping download.
[2026-01-22T18:29:45.476+0000] {marginalpdbc.py:65} INFO - File bronze/omie/marginalpdbc/2025/03/marginalpdbc_20250317.1 already exists. Skipping download.
[2026-01-22T18:29:45.546+0000] {marginalpdbc.py:65} INFO - File bronze/omie/marginalpdbc/2025/03/marginalpdbc_20250318.1 already exists. Skipping download.
[2026-01-22T18:29:45.576+0000] {marginalpdbc.py:65} INFO - File bronze/omie/marginalpdbc/2025/03/marginalpdbc_20250319.1 already exists. Skipping download.
[2026-01-22T18:29:45.643+0000] {marginalpdbc.py:65} INFO - File bronze/omie/marginalpdbc/2025/03/marginalpdbc_20250320.1 already exists. Skipping download.
[2026-01-22T18:29:45.706+0000] {marginalpdbc.py:65} INFO - File bronze/omie/marginalpdbc/2025/03/marginalpdbc_20250321.1 already exists. Skipping download.
[2026-01-22T18:29:45.758+0000] {marginalpdbc.py:65} INFO - File bronze/omie/marginalpdbc/2025/03/marginalpdbc_20250322.1 already exists. Skipping download.
[2026-01-22T18:29:45.834+0000] {marginalpdbc.py:65} INFO - File bronze/omie/marginalpdbc/2025/03/marginalpdbc_20250323.1 already exists. Skipping download.
[2026-01-22T18:29:45.903+0000] {marginalpdbc.py:65} INFO - File bronze/omie/marginalpdbc/2025/03/marginalpdbc_20250324.1 already exists. Skipping download.
[2026-01-22T18:29:45.988+0000] {marginalpdbc.py:65} INFO - File bronze/omie/marginalpdbc/2025/03/marginalpdbc_20250325.1 already exists. Skipping download.
[2026-01-22T18:29:46.088+0000] {marginalpdbc.py:65} INFO - File bronze/omie/marginalpdbc/2025/03/marginalpdbc_20250326.1 already exists. Skipping download.
[2026-01-22T18:29:46.101+0000] {marginalpdbc.py:65} INFO - File bronze/omie/marginalpdbc/2025/03/marginalpdbc_20250327.1 already exists. Skipping download.
[2026-01-22T18:29:46.157+0000] {marginalpdbc.py:65} INFO - File bronze/omie/marginalpdbc/2025/03/marginalpdbc_20250328.1 already exists. Skipping download.
[2026-01-22T18:29:46.188+0000] {marginalpdbc.py:65} INFO - File bronze/omie/marginalpdbc/2025/03/marginalpdbc_20250329.1 already exists. Skipping download.
[2026-01-22T18:29:46.194+0000] {marginalpdbc.py:65} INFO - File bronze/omie/marginalpdbc/2025/03/marginalpdbc_20250330.1 already exists. Skipping download.
[2026-01-22T18:29:46.242+0000] {marginalpdbc.py:65} INFO - File bronze/omie/marginalpdbc/2025/03/marginalpdbc_20250331.1 already exists. Skipping download.
[2026-01-22T18:29:46.318+0000] {marginalpdbc.py:65} INFO - File bronze/omie/marginalpdbc/2025/04/marginalpdbc_20250401.1 already exists. Skipping download.
[2026-01-22T18:29:46.381+0000] {marginalpdbc.py:65} INFO - File bronze/omie/marginalpdbc/2025/04/marginalpdbc_20250402.1 already exists. Skipping download.
[2026-01-22T18:29:46.543+0000] {marginalpdbc.py:65} INFO - File bronze/omie/marginalpdbc/2025/04/marginalpdbc_20250403.1 already exists. Skipping download.
[2026-01-22T18:29:46.580+0000] {marginalpdbc.py:65} INFO - File bronze/omie/marginalpdbc/2025/04/marginalpdbc_20250404.1 already exists. Skipping download.
[2026-01-22T18:29:46.629+0000] {marginalpdbc.py:65} INFO - File bronze/omie/marginalpdbc/2025/04/marginalpdbc_20250405.1 already exists. Skipping download.
[2026-01-22T18:29:46.746+0000] {marginalpdbc.py:65} INFO - File bronze/omie/marginalpdbc/2025/04/marginalpdbc_20250406.1 already exists. Skipping download.
[2026-01-22T18:29:46.897+0000] {marginalpdbc.py:65} INFO - File bronze/omie/marginalpdbc/2025/04/marginalpdbc_20250407.1 already exists. Skipping download.
[2026-01-22T18:29:46.957+0000] {marginalpdbc.py:65} INFO - File bronze/omie/marginalpdbc/2025/04/marginalpdbc_20250408.1 already exists. Skipping download.
[2026-01-22T18:29:46.999+0000] {marginalpdbc.py:65} INFO - File bronze/omie/marginalpdbc/2025/04/marginalpdbc_20250409.1 already exists. Skipping download.
[2026-01-22T18:29:47.102+0000] {marginalpdbc.py:65} INFO - File bronze/omie/marginalpdbc/2025/04/marginalpdbc_20250410.1 already exists. Skipping download.
[2026-01-22T18:29:47.215+0000] {marginalpdbc.py:65} INFO - File bronze/omie/marginalpdbc/2025/04/marginalpdbc_20250411.1 already exists. Skipping download.
[2026-01-22T18:29:47.373+0000] {marginalpdbc.py:65} INFO - File bronze/omie/marginalpdbc/2025/04/marginalpdbc_20250412.1 already exists. Skipping download.
[2026-01-22T18:29:47.539+0000] {marginalpdbc.py:65} INFO - File bronze/omie/marginalpdbc/2025/04/marginalpdbc_20250413.1 already exists. Skipping download.
[2026-01-22T18:29:47.640+0000] {marginalpdbc.py:65} INFO - File bronze/omie/marginalpdbc/2025/04/marginalpdbc_20250414.1 already exists. Skipping download.
[2026-01-22T18:29:47.711+0000] {marginalpdbc.py:65} INFO - File bronze/omie/marginalpdbc/2025/04/marginalpdbc_20250415.1 already exists. Skipping download.
[2026-01-22T18:29:47.763+0000] {marginalpdbc.py:65} INFO - File bronze/omie/marginalpdbc/2025/04/marginalpdbc_20250416.1 already exists. Skipping download.
[2026-01-22T18:29:47.846+0000] {marginalpdbc.py:65} INFO - File bronze/omie/marginalpdbc/2025/04/marginalpdbc_20250417.1 already exists. Skipping download.
[2026-01-22T18:29:48.000+0000] {marginalpdbc.py:65} INFO - File bronze/omie/marginalpdbc/2025/04/marginalpdbc_20250418.1 already exists. Skipping download.
[2026-01-22T18:29:48.020+0000] {marginalpdbc.py:65} INFO - File bronze/omie/marginalpdbc/2025/04/marginalpdbc_20250419.1 already exists. Skipping download.
[2026-01-22T18:29:48.134+0000] {marginalpdbc.py:65} INFO - File bronze/omie/marginalpdbc/2025/04/marginalpdbc_20250420.1 already exists. Skipping download.
[2026-01-22T18:29:48.238+0000] {marginalpdbc.py:65} INFO - File bronze/omie/marginalpdbc/2025/04/marginalpdbc_20250421.1 already exists. Skipping download.
[2026-01-22T18:29:48.306+0000] {marginalpdbc.py:65} INFO - File bronze/omie/marginalpdbc/2025/04/marginalpdbc_20250422.1 already exists. Skipping download.
[2026-01-22T18:29:48.323+0000] {marginalpdbc.py:65} INFO - File bronze/omie/marginalpdbc/2025/04/marginalpdbc_20250423.1 already exists. Skipping download.
[2026-01-22T18:29:48.355+0000] {marginalpdbc.py:65} INFO - File bronze/omie/marginalpdbc/2025/04/marginalpdbc_20250424.1 already exists. Skipping download.
[2026-01-22T18:29:48.456+0000] {marginalpdbc.py:65} INFO - File bronze/omie/marginalpdbc/2025/04/marginalpdbc_20250425.1 already exists. Skipping download.
[2026-01-22T18:29:48.594+0000] {marginalpdbc.py:65} INFO - File bronze/omie/marginalpdbc/2025/04/marginalpdbc_20250426.1 already exists. Skipping download.
[2026-01-22T18:29:48.752+0000] {marginalpdbc.py:65} INFO - File bronze/omie/marginalpdbc/2025/04/marginalpdbc_20250427.1 already exists. Skipping download.
[2026-01-22T18:29:48.842+0000] {marginalpdbc.py:65} INFO - File bronze/omie/marginalpdbc/2025/04/marginalpdbc_20250428.1 already exists. Skipping download.
[2026-01-22T18:29:48.865+0000] {marginalpdbc.py:65} INFO - File bronze/omie/marginalpdbc/2025/04/marginalpdbc_20250429.1 already exists. Skipping download.
[2026-01-22T18:29:48.961+0000] {marginalpdbc.py:65} INFO - File bronze/omie/marginalpdbc/2025/04/marginalpdbc_20250430.1 already exists. Skipping download.
[2026-01-22T18:29:49.045+0000] {marginalpdbc.py:65} INFO - File bronze/omie/marginalpdbc/2025/05/marginalpdbc_20250501.1 already exists. Skipping download.
[2026-01-22T18:29:49.196+0000] {marginalpdbc.py:65} INFO - File bronze/omie/marginalpdbc/2025/05/marginalpdbc_20250502.1 already exists. Skipping download.
[2026-01-22T18:29:49.317+0000] {marginalpdbc.py:65} INFO - File bronze/omie/marginalpdbc/2025/05/marginalpdbc_20250503.1 already exists. Skipping download.
[2026-01-22T18:29:49.441+0000] {marginalpdbc.py:65} INFO - File bronze/omie/marginalpdbc/2025/05/marginalpdbc_20250504.1 already exists. Skipping download.
[2026-01-22T18:29:49.575+0000] {marginalpdbc.py:65} INFO - File bronze/omie/marginalpdbc/2025/05/marginalpdbc_20250505.1 already exists. Skipping download.
[2026-01-22T18:29:49.698+0000] {marginalpdbc.py:65} INFO - File bronze/omie/marginalpdbc/2025/05/marginalpdbc_20250506.1 already exists. Skipping download.
[2026-01-22T18:29:49.761+0000] {marginalpdbc.py:65} INFO - File bronze/omie/marginalpdbc/2025/05/marginalpdbc_20250507.1 already exists. Skipping download.
[2026-01-22T18:29:49.813+0000] {marginalpdbc.py:65} INFO - File bronze/omie/marginalpdbc/2025/05/marginalpdbc_20250508.1 already exists. Skipping download.
[2026-01-22T18:29:49.943+0000] {marginalpdbc.py:65} INFO - File bronze/omie/marginalpdbc/2025/05/marginalpdbc_20250509.1 already exists. Skipping download.
[2026-01-22T18:29:50.135+0000] {marginalpdbc.py:65} INFO - File bronze/omie/marginalpdbc/2025/05/marginalpdbc_20250510.1 already exists. Skipping download.
[2026-01-22T18:29:50.218+0000] {marginalpdbc.py:65} INFO - File bronze/omie/marginalpdbc/2025/05/marginalpdbc_20250511.1 already exists. Skipping download.
[2026-01-22T18:29:50.264+0000] {marginalpdbc.py:65} INFO - File bronze/omie/marginalpdbc/2025/05/marginalpdbc_20250512.1 already exists. Skipping download.
[2026-01-22T18:29:50.289+0000] {marginalpdbc.py:65} INFO - File bronze/omie/marginalpdbc/2025/05/marginalpdbc_20250513.1 already exists. Skipping download.
[2026-01-22T18:29:50.395+0000] {marginalpdbc.py:65} INFO - File bronze/omie/marginalpdbc/2025/05/marginalpdbc_20250514.1 already exists. Skipping download.
[2026-01-22T18:29:50.524+0000] {marginalpdbc.py:65} INFO - File bronze/omie/marginalpdbc/2025/05/marginalpdbc_20250515.1 already exists. Skipping download.
[2026-01-22T18:29:50.616+0000] {marginalpdbc.py:65} INFO - File bronze/omie/marginalpdbc/2025/05/marginalpdbc_20250516.1 already exists. Skipping download.
[2026-01-22T18:29:50.845+0000] {marginalpdbc.py:65} INFO - File bronze/omie/marginalpdbc/2025/05/marginalpdbc_20250517.1 already exists. Skipping download.
[2026-01-22T18:29:50.924+0000] {marginalpdbc.py:65} INFO - File bronze/omie/marginalpdbc/2025/05/marginalpdbc_20250518.1 already exists. Skipping download.
[2026-01-22T18:29:51.069+0000] {marginalpdbc.py:65} INFO - File bronze/omie/marginalpdbc/2025/05/marginalpdbc_20250519.1 already exists. Skipping download.
[2026-01-22T18:29:51.133+0000] {marginalpdbc.py:65} INFO - File bronze/omie/marginalpdbc/2025/05/marginalpdbc_20250520.1 already exists. Skipping download.
[2026-01-22T18:29:51.203+0000] {marginalpdbc.py:65} INFO - File bronze/omie/marginalpdbc/2025/05/marginalpdbc_20250521.1 already exists. Skipping download.
[2026-01-22T18:29:51.327+0000] {marginalpdbc.py:65} INFO - File bronze/omie/marginalpdbc/2025/05/marginalpdbc_20250522.1 already exists. Skipping download.
[2026-01-22T18:29:51.379+0000] {marginalpdbc.py:65} INFO - File bronze/omie/marginalpdbc/2025/05/marginalpdbc_20250523.1 already exists. Skipping download.
[2026-01-22T18:29:51.414+0000] {marginalpdbc.py:65} INFO - File bronze/omie/marginalpdbc/2025/05/marginalpdbc_20250524.1 already exists. Skipping download.
[2026-01-22T18:29:51.429+0000] {marginalpdbc.py:65} INFO - File bronze/omie/marginalpdbc/2025/05/marginalpdbc_20250525.1 already exists. Skipping download.
[2026-01-22T18:29:51.445+0000] {marginalpdbc.py:65} INFO - File bronze/omie/marginalpdbc/2025/05/marginalpdbc_20250526.1 already exists. Skipping download.
[2026-01-22T18:29:51.462+0000] {marginalpdbc.py:65} INFO - File bronze/omie/marginalpdbc/2025/05/marginalpdbc_20250527.1 already exists. Skipping download.
[2026-01-22T18:29:51.526+0000] {marginalpdbc.py:65} INFO - File bronze/omie/marginalpdbc/2025/05/marginalpdbc_20250528.1 already exists. Skipping download.
[2026-01-22T18:29:51.564+0000] {marginalpdbc.py:65} INFO - File bronze/omie/marginalpdbc/2025/05/marginalpdbc_20250529.1 already exists. Skipping download.
[2026-01-22T18:29:51.611+0000] {marginalpdbc.py:65} INFO - File bronze/omie/marginalpdbc/2025/05/marginalpdbc_20250530.1 already exists. Skipping download.
[2026-01-22T18:29:51.640+0000] {marginalpdbc.py:65} INFO - File bronze/omie/marginalpdbc/2025/05/marginalpdbc_20250531.1 already exists. Skipping download.
[2026-01-22T18:29:51.661+0000] {marginalpdbc.py:65} INFO - File bronze/omie/marginalpdbc/2025/06/marginalpdbc_20250601.1 already exists. Skipping download.
[2026-01-22T18:29:51.703+0000] {marginalpdbc.py:65} INFO - File bronze/omie/marginalpdbc/2025/06/marginalpdbc_20250602.1 already exists. Skipping download.
[2026-01-22T18:29:51.894+0000] {marginalpdbc.py:65} INFO - File bronze/omie/marginalpdbc/2025/06/marginalpdbc_20250603.1 already exists. Skipping download.
[2026-01-22T18:29:51.919+0000] {marginalpdbc.py:65} INFO - File bronze/omie/marginalpdbc/2025/06/marginalpdbc_20250604.1 already exists. Skipping download.
[2026-01-22T18:29:51.973+0000] {marginalpdbc.py:65} INFO - File bronze/omie/marginalpdbc/2025/06/marginalpdbc_20250605.1 already exists. Skipping download.
[2026-01-22T18:29:51.998+0000] {marginalpdbc.py:65} INFO - File bronze/omie/marginalpdbc/2025/06/marginalpdbc_20250606.1 already exists. Skipping download.
[2026-01-22T18:29:52.026+0000] {marginalpdbc.py:65} INFO - File bronze/omie/marginalpdbc/2025/06/marginalpdbc_20250607.1 already exists. Skipping download.
[2026-01-22T18:29:52.057+0000] {marginalpdbc.py:65} INFO - File bronze/omie/marginalpdbc/2025/06/marginalpdbc_20250608.1 already exists. Skipping download.
[2026-01-22T18:29:52.073+0000] {marginalpdbc.py:65} INFO - File bronze/omie/marginalpdbc/2025/06/marginalpdbc_20250609.1 already exists. Skipping download.
[2026-01-22T18:29:52.092+0000] {marginalpdbc.py:65} INFO - File bronze/omie/marginalpdbc/2025/06/marginalpdbc_20250610.1 already exists. Skipping download.
[2026-01-22T18:29:52.101+0000] {marginalpdbc.py:65} INFO - File bronze/omie/marginalpdbc/2025/06/marginalpdbc_20250611.1 already exists. Skipping download.
[2026-01-22T18:29:52.113+0000] {marginalpdbc.py:65} INFO - File bronze/omie/marginalpdbc/2025/06/marginalpdbc_20250612.1 already exists. Skipping download.
[2026-01-22T18:29:52.122+0000] {marginalpdbc.py:65} INFO - File bronze/omie/marginalpdbc/2025/06/marginalpdbc_20250613.1 already exists. Skipping download.
[2026-01-22T18:29:52.130+0000] {marginalpdbc.py:65} INFO - File bronze/omie/marginalpdbc/2025/06/marginalpdbc_20250614.1 already exists. Skipping download.
[2026-01-22T18:29:52.141+0000] {marginalpdbc.py:65} INFO - File bronze/omie/marginalpdbc/2025/06/marginalpdbc_20250615.1 already exists. Skipping download.
[2026-01-22T18:29:52.154+0000] {marginalpdbc.py:65} INFO - File bronze/omie/marginalpdbc/2025/06/marginalpdbc_20250616.1 already exists. Skipping download.
[2026-01-22T18:29:52.215+0000] {marginalpdbc.py:65} INFO - File bronze/omie/marginalpdbc/2025/06/marginalpdbc_20250617.1 already exists. Skipping download.
[2026-01-22T18:29:52.242+0000] {marginalpdbc.py:65} INFO - File bronze/omie/marginalpdbc/2025/06/marginalpdbc_20250618.1 already exists. Skipping download.
[2026-01-22T18:29:52.254+0000] {marginalpdbc.py:65} INFO - File bronze/omie/marginalpdbc/2025/06/marginalpdbc_20250619.1 already exists. Skipping download.
[2026-01-22T18:29:52.266+0000] {marginalpdbc.py:65} INFO - File bronze/omie/marginalpdbc/2025/06/marginalpdbc_20250620.1 already exists. Skipping download.
[2026-01-22T18:29:52.283+0000] {marginalpdbc.py:65} INFO - File bronze/omie/marginalpdbc/2025/06/marginalpdbc_20250621.1 already exists. Skipping download.
[2026-01-22T18:29:52.298+0000] {marginalpdbc.py:65} INFO - File bronze/omie/marginalpdbc/2025/06/marginalpdbc_20250622.1 already exists. Skipping download.
[2026-01-22T18:29:52.320+0000] {marginalpdbc.py:65} INFO - File bronze/omie/marginalpdbc/2025/06/marginalpdbc_20250623.1 already exists. Skipping download.
[2026-01-22T18:29:52.391+0000] {marginalpdbc.py:65} INFO - File bronze/omie/marginalpdbc/2025/06/marginalpdbc_20250624.1 already exists. Skipping download.
[2026-01-22T18:29:52.427+0000] {marginalpdbc.py:65} INFO - File bronze/omie/marginalpdbc/2025/06/marginalpdbc_20250625.1 already exists. Skipping download.
[2026-01-22T18:29:52.576+0000] {marginalpdbc.py:65} INFO - File bronze/omie/marginalpdbc/2025/06/marginalpdbc_20250626.1 already exists. Skipping download.
[2026-01-22T18:29:52.597+0000] {marginalpdbc.py:65} INFO - File bronze/omie/marginalpdbc/2025/06/marginalpdbc_20250627.1 already exists. Skipping download.
[2026-01-22T18:29:52.749+0000] {marginalpdbc.py:65} INFO - File bronze/omie/marginalpdbc/2025/06/marginalpdbc_20250628.1 already exists. Skipping download.
[2026-01-22T18:29:52.845+0000] {marginalpdbc.py:65} INFO - File bronze/omie/marginalpdbc/2025/06/marginalpdbc_20250629.1 already exists. Skipping download.
[2026-01-22T18:29:52.927+0000] {marginalpdbc.py:65} INFO - File bronze/omie/marginalpdbc/2025/06/marginalpdbc_20250630.1 already exists. Skipping download.
[2026-01-22T18:29:52.960+0000] {marginalpdbc.py:65} INFO - File bronze/omie/marginalpdbc/2025/07/marginalpdbc_20250701.1 already exists. Skipping download.
[2026-01-22T18:29:53.018+0000] {marginalpdbc.py:65} INFO - File bronze/omie/marginalpdbc/2025/07/marginalpdbc_20250702.1 already exists. Skipping download.
[2026-01-22T18:29:53.171+0000] {marginalpdbc.py:65} INFO - File bronze/omie/marginalpdbc/2025/07/marginalpdbc_20250703.1 already exists. Skipping download.
[2026-01-22T18:29:53.245+0000] {marginalpdbc.py:65} INFO - File bronze/omie/marginalpdbc/2025/07/marginalpdbc_20250704.1 already exists. Skipping download.
[2026-01-22T18:29:53.279+0000] {marginalpdbc.py:65} INFO - File bronze/omie/marginalpdbc/2025/07/marginalpdbc_20250705.1 already exists. Skipping download.
[2026-01-22T18:29:53.320+0000] {marginalpdbc.py:65} INFO - File bronze/omie/marginalpdbc/2025/07/marginalpdbc_20250706.1 already exists. Skipping download.
[2026-01-22T18:29:53.462+0000] {marginalpdbc.py:65} INFO - File bronze/omie/marginalpdbc/2025/07/marginalpdbc_20250707.1 already exists. Skipping download.
[2026-01-22T18:29:53.546+0000] {marginalpdbc.py:65} INFO - File bronze/omie/marginalpdbc/2025/07/marginalpdbc_20250708.1 already exists. Skipping download.
[2026-01-22T18:29:53.668+0000] {marginalpdbc.py:65} INFO - File bronze/omie/marginalpdbc/2025/07/marginalpdbc_20250709.1 already exists. Skipping download.
[2026-01-22T18:29:53.715+0000] {marginalpdbc.py:65} INFO - File bronze/omie/marginalpdbc/2025/07/marginalpdbc_20250710.1 already exists. Skipping download.
[2026-01-22T18:29:53.797+0000] {marginalpdbc.py:65} INFO - File bronze/omie/marginalpdbc/2025/07/marginalpdbc_20250711.1 already exists. Skipping download.
[2026-01-22T18:29:53.908+0000] {marginalpdbc.py:65} INFO - File bronze/omie/marginalpdbc/2025/07/marginalpdbc_20250712.1 already exists. Skipping download.
[2026-01-22T18:29:53.965+0000] {marginalpdbc.py:65} INFO - File bronze/omie/marginalpdbc/2025/07/marginalpdbc_20250713.1 already exists. Skipping download.
[2026-01-22T18:29:53.999+0000] {marginalpdbc.py:65} INFO - File bronze/omie/marginalpdbc/2025/07/marginalpdbc_20250714.1 already exists. Skipping download.
[2026-01-22T18:29:54.048+0000] {marginalpdbc.py:65} INFO - File bronze/omie/marginalpdbc/2025/07/marginalpdbc_20250715.1 already exists. Skipping download.
[2026-01-22T18:29:54.073+0000] {marginalpdbc.py:65} INFO - File bronze/omie/marginalpdbc/2025/07/marginalpdbc_20250716.1 already exists. Skipping download.
[2026-01-22T18:29:54.122+0000] {marginalpdbc.py:65} INFO - File bronze/omie/marginalpdbc/2025/07/marginalpdbc_20250717.1 already exists. Skipping download.
[2026-01-22T18:29:54.174+0000] {marginalpdbc.py:65} INFO - File bronze/omie/marginalpdbc/2025/07/marginalpdbc_20250718.1 already exists. Skipping download.
[2026-01-22T18:29:54.228+0000] {marginalpdbc.py:65} INFO - File bronze/omie/marginalpdbc/2025/07/marginalpdbc_20250719.1 already exists. Skipping download.
[2026-01-22T18:29:54.285+0000] {marginalpdbc.py:65} INFO - File bronze/omie/marginalpdbc/2025/07/marginalpdbc_20250720.1 already exists. Skipping download.
[2026-01-22T18:29:54.322+0000] {marginalpdbc.py:65} INFO - File bronze/omie/marginalpdbc/2025/07/marginalpdbc_20250721.1 already exists. Skipping download.
[2026-01-22T18:29:54.358+0000] {marginalpdbc.py:65} INFO - File bronze/omie/marginalpdbc/2025/07/marginalpdbc_20250722.1 already exists. Skipping download.
[2026-01-22T18:29:54.424+0000] {marginalpdbc.py:65} INFO - File bronze/omie/marginalpdbc/2025/07/marginalpdbc_20250723.1 already exists. Skipping download.
[2026-01-22T18:29:54.452+0000] {marginalpdbc.py:65} INFO - File bronze/omie/marginalpdbc/2025/07/marginalpdbc_20250724.1 already exists. Skipping download.
[2026-01-22T18:29:54.523+0000] {marginalpdbc.py:65} INFO - File bronze/omie/marginalpdbc/2025/07/marginalpdbc_20250725.1 already exists. Skipping download.
[2026-01-22T18:29:54.576+0000] {marginalpdbc.py:65} INFO - File bronze/omie/marginalpdbc/2025/07/marginalpdbc_20250726.1 already exists. Skipping download.
[2026-01-22T18:29:54.701+0000] {marginalpdbc.py:65} INFO - File bronze/omie/marginalpdbc/2025/07/marginalpdbc_20250727.1 already exists. Skipping download.
[2026-01-22T18:29:54.722+0000] {marginalpdbc.py:65} INFO - File bronze/omie/marginalpdbc/2025/07/marginalpdbc_20250728.1 already exists. Skipping download.
[2026-01-22T18:29:54.750+0000] {marginalpdbc.py:65} INFO - File bronze/omie/marginalpdbc/2025/07/marginalpdbc_20250729.1 already exists. Skipping download.
[2026-01-22T18:29:54.801+0000] {marginalpdbc.py:65} INFO - File bronze/omie/marginalpdbc/2025/07/marginalpdbc_20250730.1 already exists. Skipping download.
[2026-01-22T18:29:54.846+0000] {marginalpdbc.py:65} INFO - File bronze/omie/marginalpdbc/2025/07/marginalpdbc_20250731.1 already exists. Skipping download.
[2026-01-22T18:29:54.870+0000] {marginalpdbc.py:65} INFO - File bronze/omie/marginalpdbc/2025/08/marginalpdbc_20250801.1 already exists. Skipping download.
[2026-01-22T18:29:54.892+0000] {marginalpdbc.py:65} INFO - File bronze/omie/marginalpdbc/2025/08/marginalpdbc_20250802.1 already exists. Skipping download.
[2026-01-22T18:29:54.923+0000] {marginalpdbc.py:65} INFO - File bronze/omie/marginalpdbc/2025/08/marginalpdbc_20250803.1 already exists. Skipping download.
[2026-01-22T18:29:55.024+0000] {marginalpdbc.py:65} INFO - File bronze/omie/marginalpdbc/2025/08/marginalpdbc_20250804.1 already exists. Skipping download.
[2026-01-22T18:29:55.101+0000] {marginalpdbc.py:65} INFO - File bronze/omie/marginalpdbc/2025/08/marginalpdbc_20250805.1 already exists. Skipping download.
[2026-01-22T18:29:55.123+0000] {marginalpdbc.py:65} INFO - File bronze/omie/marginalpdbc/2025/08/marginalpdbc_20250806.1 already exists. Skipping download.
[2026-01-22T18:29:55.187+0000] {marginalpdbc.py:65} INFO - File bronze/omie/marginalpdbc/2025/08/marginalpdbc_20250807.1 already exists. Skipping download.
[2026-01-22T18:29:55.302+0000] {marginalpdbc.py:65} INFO - File bronze/omie/marginalpdbc/2025/08/marginalpdbc_20250808.1 already exists. Skipping download.
[2026-01-22T18:29:55.411+0000] {marginalpdbc.py:65} INFO - File bronze/omie/marginalpdbc/2025/08/marginalpdbc_20250809.1 already exists. Skipping download.
[2026-01-22T18:29:55.443+0000] {marginalpdbc.py:65} INFO - File bronze/omie/marginalpdbc/2025/08/marginalpdbc_20250810.1 already exists. Skipping download.
[2026-01-22T18:29:55.473+0000] {marginalpdbc.py:65} INFO - File bronze/omie/marginalpdbc/2025/08/marginalpdbc_20250811.1 already exists. Skipping download.
[2026-01-22T18:29:55.503+0000] {marginalpdbc.py:65} INFO - File bronze/omie/marginalpdbc/2025/08/marginalpdbc_20250812.1 already exists. Skipping download.
[2026-01-22T18:29:55.538+0000] {marginalpdbc.py:65} INFO - File bronze/omie/marginalpdbc/2025/08/marginalpdbc_20250813.1 already exists. Skipping download.
[2026-01-22T18:29:55.651+0000] {marginalpdbc.py:65} INFO - File bronze/omie/marginalpdbc/2025/08/marginalpdbc_20250814.1 already exists. Skipping download.
[2026-01-22T18:29:55.741+0000] {marginalpdbc.py:65} INFO - File bronze/omie/marginalpdbc/2025/08/marginalpdbc_20250815.1 already exists. Skipping download.
[2026-01-22T18:29:55.777+0000] {marginalpdbc.py:65} INFO - File bronze/omie/marginalpdbc/2025/08/marginalpdbc_20250816.1 already exists. Skipping download.
[2026-01-22T18:29:55.795+0000] {marginalpdbc.py:65} INFO - File bronze/omie/marginalpdbc/2025/08/marginalpdbc_20250817.1 already exists. Skipping download.
[2026-01-22T18:29:55.852+0000] {marginalpdbc.py:65} INFO - File bronze/omie/marginalpdbc/2025/08/marginalpdbc_20250818.1 already exists. Skipping download.
[2026-01-22T18:29:55.896+0000] {marginalpdbc.py:65} INFO - File bronze/omie/marginalpdbc/2025/08/marginalpdbc_20250819.1 already exists. Skipping download.
[2026-01-22T18:29:55.999+0000] {marginalpdbc.py:65} INFO - File bronze/omie/marginalpdbc/2025/08/marginalpdbc_20250820.1 already exists. Skipping download.
[2026-01-22T18:29:56.081+0000] {marginalpdbc.py:65} INFO - File bronze/omie/marginalpdbc/2025/08/marginalpdbc_20250821.1 already exists. Skipping download.
[2026-01-22T18:29:56.100+0000] {marginalpdbc.py:65} INFO - File bronze/omie/marginalpdbc/2025/08/marginalpdbc_20250822.1 already exists. Skipping download.
[2026-01-22T18:29:56.164+0000] {marginalpdbc.py:65} INFO - File bronze/omie/marginalpdbc/2025/08/marginalpdbc_20250823.1 already exists. Skipping download.
[2026-01-22T18:29:56.217+0000] {marginalpdbc.py:65} INFO - File bronze/omie/marginalpdbc/2025/08/marginalpdbc_20250824.1 already exists. Skipping download.
[2026-01-22T18:29:56.275+0000] {marginalpdbc.py:65} INFO - File bronze/omie/marginalpdbc/2025/08/marginalpdbc_20250825.1 already exists. Skipping download.
[2026-01-22T18:29:56.305+0000] {marginalpdbc.py:65} INFO - File bronze/omie/marginalpdbc/2025/08/marginalpdbc_20250826.1 already exists. Skipping download.
[2026-01-22T18:29:56.349+0000] {marginalpdbc.py:65} INFO - File bronze/omie/marginalpdbc/2025/08/marginalpdbc_20250827.1 already exists. Skipping download.
[2026-01-22T18:29:56.391+0000] {marginalpdbc.py:65} INFO - File bronze/omie/marginalpdbc/2025/08/marginalpdbc_20250828.1 already exists. Skipping download.
[2026-01-22T18:29:56.458+0000] {marginalpdbc.py:65} INFO - File bronze/omie/marginalpdbc/2025/08/marginalpdbc_20250829.1 already exists. Skipping download.
[2026-01-22T18:29:56.559+0000] {marginalpdbc.py:65} INFO - File bronze/omie/marginalpdbc/2025/08/marginalpdbc_20250830.1 already exists. Skipping download.
[2026-01-22T18:29:56.610+0000] {marginalpdbc.py:65} INFO - File bronze/omie/marginalpdbc/2025/08/marginalpdbc_20250831.1 already exists. Skipping download.
[2026-01-22T18:29:56.666+0000] {marginalpdbc.py:65} INFO - File bronze/omie/marginalpdbc/2025/09/marginalpdbc_20250901.1 already exists. Skipping download.
[2026-01-22T18:29:56.791+0000] {marginalpdbc.py:65} INFO - File bronze/omie/marginalpdbc/2025/09/marginalpdbc_20250902.1 already exists. Skipping download.
[2026-01-22T18:29:56.873+0000] {marginalpdbc.py:65} INFO - File bronze/omie/marginalpdbc/2025/09/marginalpdbc_20250903.1 already exists. Skipping download.
[2026-01-22T18:29:56.917+0000] {marginalpdbc.py:65} INFO - File bronze/omie/marginalpdbc/2025/09/marginalpdbc_20250904.1 already exists. Skipping download.
[2026-01-22T18:29:56.946+0000] {marginalpdbc.py:65} INFO - File bronze/omie/marginalpdbc/2025/09/marginalpdbc_20250905.1 already exists. Skipping download.
[2026-01-22T18:29:56.978+0000] {marginalpdbc.py:65} INFO - File bronze/omie/marginalpdbc/2025/09/marginalpdbc_20250906.1 already exists. Skipping download.
[2026-01-22T18:29:57.009+0000] {marginalpdbc.py:65} INFO - File bronze/omie/marginalpdbc/2025/09/marginalpdbc_20250907.1 already exists. Skipping download.
[2026-01-22T18:29:57.054+0000] {marginalpdbc.py:65} INFO - File bronze/omie/marginalpdbc/2025/09/marginalpdbc_20250908.1 already exists. Skipping download.
[2026-01-22T18:29:57.093+0000] {marginalpdbc.py:65} INFO - File bronze/omie/marginalpdbc/2025/09/marginalpdbc_20250909.1 already exists. Skipping download.
[2026-01-22T18:29:57.113+0000] {marginalpdbc.py:65} INFO - File bronze/omie/marginalpdbc/2025/09/marginalpdbc_20250910.1 already exists. Skipping download.
[2026-01-22T18:29:57.131+0000] {marginalpdbc.py:65} INFO - File bronze/omie/marginalpdbc/2025/09/marginalpdbc_20250911.1 already exists. Skipping download.
[2026-01-22T18:29:57.150+0000] {marginalpdbc.py:65} INFO - File bronze/omie/marginalpdbc/2025/09/marginalpdbc_20250912.1 already exists. Skipping download.
[2026-01-22T18:29:57.202+0000] {marginalpdbc.py:65} INFO - File bronze/omie/marginalpdbc/2025/09/marginalpdbc_20250913.1 already exists. Skipping download.
[2026-01-22T18:29:57.230+0000] {marginalpdbc.py:65} INFO - File bronze/omie/marginalpdbc/2025/09/marginalpdbc_20250914.1 already exists. Skipping download.
[2026-01-22T18:29:57.277+0000] {marginalpdbc.py:65} INFO - File bronze/omie/marginalpdbc/2025/09/marginalpdbc_20250915.1 already exists. Skipping download.
[2026-01-22T18:29:57.330+0000] {marginalpdbc.py:65} INFO - File bronze/omie/marginalpdbc/2025/09/marginalpdbc_20250916.1 already exists. Skipping download.
[2026-01-22T18:29:57.356+0000] {marginalpdbc.py:65} INFO - File bronze/omie/marginalpdbc/2025/09/marginalpdbc_20250917.1 already exists. Skipping download.
[2026-01-22T18:29:57.387+0000] {marginalpdbc.py:65} INFO - File bronze/omie/marginalpdbc/2025/09/marginalpdbc_20250918.1 already exists. Skipping download.
[2026-01-22T18:29:57.434+0000] {marginalpdbc.py:65} INFO - File bronze/omie/marginalpdbc/2025/09/marginalpdbc_20250919.1 already exists. Skipping download.
[2026-01-22T18:29:57.468+0000] {marginalpdbc.py:65} INFO - File bronze/omie/marginalpdbc/2025/09/marginalpdbc_20250920.1 already exists. Skipping download.
[2026-01-22T18:29:57.530+0000] {marginalpdbc.py:65} INFO - File bronze/omie/marginalpdbc/2025/09/marginalpdbc_20250921.1 already exists. Skipping download.
[2026-01-22T18:29:57.592+0000] {marginalpdbc.py:65} INFO - File bronze/omie/marginalpdbc/2025/09/marginalpdbc_20250922.1 already exists. Skipping download.
[2026-01-22T18:29:57.673+0000] {marginalpdbc.py:65} INFO - File bronze/omie/marginalpdbc/2025/09/marginalpdbc_20250923.1 already exists. Skipping download.
[2026-01-22T18:29:57.712+0000] {marginalpdbc.py:65} INFO - File bronze/omie/marginalpdbc/2025/09/marginalpdbc_20250924.1 already exists. Skipping download.
[2026-01-22T18:29:57.727+0000] {marginalpdbc.py:65} INFO - File bronze/omie/marginalpdbc/2025/09/marginalpdbc_20250925.1 already exists. Skipping download.
[2026-01-22T18:29:57.778+0000] {marginalpdbc.py:65} INFO - File bronze/omie/marginalpdbc/2025/09/marginalpdbc_20250926.1 already exists. Skipping download.
[2026-01-22T18:29:57.831+0000] {marginalpdbc.py:65} INFO - File bronze/omie/marginalpdbc/2025/09/marginalpdbc_20250927.1 already exists. Skipping download.
[2026-01-22T18:29:57.895+0000] {marginalpdbc.py:65} INFO - File bronze/omie/marginalpdbc/2025/09/marginalpdbc_20250928.1 already exists. Skipping download.
[2026-01-22T18:29:57.951+0000] {marginalpdbc.py:65} INFO - File bronze/omie/marginalpdbc/2025/09/marginalpdbc_20250929.1 already exists. Skipping download.
[2026-01-22T18:29:57.996+0000] {marginalpdbc.py:65} INFO - File bronze/omie/marginalpdbc/2025/09/marginalpdbc_20250930.1 already exists. Skipping download.
[2026-01-22T18:29:58.006+0000] {marginalpdbc.py:65} INFO - File bronze/omie/marginalpdbc/2025/10/marginalpdbc_20251001.1 already exists. Skipping download.
[2026-01-22T18:29:58.037+0000] {marginalpdbc.py:65} INFO - File bronze/omie/marginalpdbc/2025/10/marginalpdbc_20251002.1 already exists. Skipping download.
[2026-01-22T18:29:58.074+0000] {marginalpdbc.py:65} INFO - File bronze/omie/marginalpdbc/2025/10/marginalpdbc_20251003.1 already exists. Skipping download.
[2026-01-22T18:29:58.093+0000] {marginalpdbc.py:65} INFO - File bronze/omie/marginalpdbc/2025/10/marginalpdbc_20251004.1 already exists. Skipping download.
[2026-01-22T18:29:58.158+0000] {marginalpdbc.py:65} INFO - File bronze/omie/marginalpdbc/2025/10/marginalpdbc_20251005.1 already exists. Skipping download.
[2026-01-22T18:29:58.277+0000] {marginalpdbc.py:65} INFO - File bronze/omie/marginalpdbc/2025/10/marginalpdbc_20251006.1 already exists. Skipping download.
[2026-01-22T18:29:58.343+0000] {marginalpdbc.py:65} INFO - File bronze/omie/marginalpdbc/2025/10/marginalpdbc_20251007.1 already exists. Skipping download.
[2026-01-22T18:29:58.444+0000] {marginalpdbc.py:65} INFO - File bronze/omie/marginalpdbc/2025/10/marginalpdbc_20251008.1 already exists. Skipping download.
[2026-01-22T18:29:58.486+0000] {marginalpdbc.py:65} INFO - File bronze/omie/marginalpdbc/2025/10/marginalpdbc_20251009.1 already exists. Skipping download.
[2026-01-22T18:29:58.511+0000] {marginalpdbc.py:65} INFO - File bronze/omie/marginalpdbc/2025/10/marginalpdbc_20251010.1 already exists. Skipping download.
[2026-01-22T18:29:58.526+0000] {marginalpdbc.py:65} INFO - File bronze/omie/marginalpdbc/2025/10/marginalpdbc_20251011.1 already exists. Skipping download.
[2026-01-22T18:29:58.548+0000] {marginalpdbc.py:65} INFO - File bronze/omie/marginalpdbc/2025/10/marginalpdbc_20251012.1 already exists. Skipping download.
[2026-01-22T18:29:58.557+0000] {marginalpdbc.py:65} INFO - File bronze/omie/marginalpdbc/2025/10/marginalpdbc_20251013.1 already exists. Skipping download.
[2026-01-22T18:29:58.566+0000] {marginalpdbc.py:65} INFO - File bronze/omie/marginalpdbc/2025/10/marginalpdbc_20251014.1 already exists. Skipping download.
[2026-01-22T18:29:58.573+0000] {marginalpdbc.py:65} INFO - File bronze/omie/marginalpdbc/2025/10/marginalpdbc_20251015.1 already exists. Skipping download.
[2026-01-22T18:29:58.617+0000] {marginalpdbc.py:65} INFO - File bronze/omie/marginalpdbc/2025/10/marginalpdbc_20251016.1 already exists. Skipping download.
[2026-01-22T18:29:58.651+0000] {marginalpdbc.py:65} INFO - File bronze/omie/marginalpdbc/2025/10/marginalpdbc_20251017.1 already exists. Skipping download.
[2026-01-22T18:29:58.660+0000] {marginalpdbc.py:65} INFO - File bronze/omie/marginalpdbc/2025/10/marginalpdbc_20251018.1 already exists. Skipping download.
[2026-01-22T18:29:58.676+0000] {marginalpdbc.py:65} INFO - File bronze/omie/marginalpdbc/2025/10/marginalpdbc_20251019.1 already exists. Skipping download.
[2026-01-22T18:29:58.693+0000] {marginalpdbc.py:65} INFO - File bronze/omie/marginalpdbc/2025/10/marginalpdbc_20251020.1 already exists. Skipping download.
[2026-01-22T18:29:58.741+0000] {marginalpdbc.py:65} INFO - File bronze/omie/marginalpdbc/2025/10/marginalpdbc_20251021.1 already exists. Skipping download.
[2026-01-22T18:29:58.780+0000] {marginalpdbc.py:65} INFO - File bronze/omie/marginalpdbc/2025/10/marginalpdbc_20251022.1 already exists. Skipping download.
[2026-01-22T18:29:58.815+0000] {marginalpdbc.py:65} INFO - File bronze/omie/marginalpdbc/2025/10/marginalpdbc_20251023.1 already exists. Skipping download.
[2026-01-22T18:29:58.849+0000] {marginalpdbc.py:65} INFO - File bronze/omie/marginalpdbc/2025/10/marginalpdbc_20251024.1 already exists. Skipping download.
[2026-01-22T18:29:58.936+0000] {marginalpdbc.py:65} INFO - File bronze/omie/marginalpdbc/2025/10/marginalpdbc_20251025.1 already exists. Skipping download.
[2026-01-22T18:29:58.966+0000] {marginalpdbc.py:65} INFO - File bronze/omie/marginalpdbc/2025/10/marginalpdbc_20251026.1 already exists. Skipping download.
[2026-01-22T18:29:59.002+0000] {marginalpdbc.py:65} INFO - File bronze/omie/marginalpdbc/2025/10/marginalpdbc_20251027.1 already exists. Skipping download.
[2026-01-22T18:29:59.017+0000] {marginalpdbc.py:65} INFO - File bronze/omie/marginalpdbc/2025/10/marginalpdbc_20251028.1 already exists. Skipping download.
[2026-01-22T18:29:59.084+0000] {marginalpdbc.py:65} INFO - File bronze/omie/marginalpdbc/2025/10/marginalpdbc_20251029.1 already exists. Skipping download.
[2026-01-22T18:29:59.097+0000] {omie_client.py:64} INFO - Downloading marginalpdbc_20251030.1 from OMIE...
[2026-01-22T18:29:59.893+0000] {omie_client.py:68} INFO - File marginalpdbc_20251030.1 not found (404).
[2026-01-22T18:29:59.909+0000] {marginalpdbc.py:71} WARNING - Failed to download marginalpdbc_20251030.1
[2026-01-22T18:29:59.916+0000] {marginalpdbc.py:65} INFO - File bronze/omie/marginalpdbc/2025/10/marginalpdbc_20251031.1 already exists. Skipping download.
[2026-01-22T18:29:59.941+0000] {marginalpdbc.py:65} INFO - File bronze/omie/marginalpdbc/2025/11/marginalpdbc_20251101.1 already exists. Skipping download.
[2026-01-22T18:29:59.992+0000] {marginalpdbc.py:65} INFO - File bronze/omie/marginalpdbc/2025/11/marginalpdbc_20251102.1 already exists. Skipping download.
[2026-01-22T18:30:00.134+0000] {marginalpdbc.py:65} INFO - File bronze/omie/marginalpdbc/2025/11/marginalpdbc_20251103.1 already exists. Skipping download.
[2026-01-22T18:30:00.178+0000] {marginalpdbc.py:65} INFO - File bronze/omie/marginalpdbc/2025/11/marginalpdbc_20251104.1 already exists. Skipping download.
[2026-01-22T18:30:00.328+0000] {marginalpdbc.py:65} INFO - File bronze/omie/marginalpdbc/2025/11/marginalpdbc_20251105.1 already exists. Skipping download.
[2026-01-22T18:30:00.422+0000] {marginalpdbc.py:65} INFO - File bronze/omie/marginalpdbc/2025/11/marginalpdbc_20251106.1 already exists. Skipping download.
[2026-01-22T18:30:00.550+0000] {marginalpdbc.py:65} INFO - File bronze/omie/marginalpdbc/2025/11/marginalpdbc_20251107.1 already exists. Skipping download.
[2026-01-22T18:30:00.586+0000] {marginalpdbc.py:65} INFO - File bronze/omie/marginalpdbc/2025/11/marginalpdbc_20251108.1 already exists. Skipping download.
[2026-01-22T18:30:00.606+0000] {marginalpdbc.py:65} INFO - File bronze/omie/marginalpdbc/2025/11/marginalpdbc_20251109.1 already exists. Skipping download.
[2026-01-22T18:30:00.634+0000] {marginalpdbc.py:65} INFO - File bronze/omie/marginalpdbc/2025/11/marginalpdbc_20251110.1 already exists. Skipping download.
[2026-01-22T18:30:00.648+0000] {marginalpdbc.py:65} INFO - File bronze/omie/marginalpdbc/2025/11/marginalpdbc_20251111.1 already exists. Skipping download.
[2026-01-22T18:30:00.687+0000] {marginalpdbc.py:65} INFO - File bronze/omie/marginalpdbc/2025/11/marginalpdbc_20251112.1 already exists. Skipping download.
[2026-01-22T18:30:00.712+0000] {marginalpdbc.py:65} INFO - File bronze/omie/marginalpdbc/2025/11/marginalpdbc_20251113.1 already exists. Skipping download.
[2026-01-22T18:30:00.741+0000] {marginalpdbc.py:65} INFO - File bronze/omie/marginalpdbc/2025/11/marginalpdbc_20251114.1 already exists. Skipping download.
[2026-01-22T18:30:00.777+0000] {marginalpdbc.py:65} INFO - File bronze/omie/marginalpdbc/2025/11/marginalpdbc_20251115.1 already exists. Skipping download.
[2026-01-22T18:30:00.826+0000] {marginalpdbc.py:65} INFO - File bronze/omie/marginalpdbc/2025/11/marginalpdbc_20251116.1 already exists. Skipping download.
[2026-01-22T18:30:00.858+0000] {marginalpdbc.py:65} INFO - File bronze/omie/marginalpdbc/2025/11/marginalpdbc_20251117.1 already exists. Skipping download.
[2026-01-22T18:30:00.910+0000] {marginalpdbc.py:65} INFO - File bronze/omie/marginalpdbc/2025/11/marginalpdbc_20251118.1 already exists. Skipping download.
[2026-01-22T18:30:00.934+0000] {marginalpdbc.py:65} INFO - File bronze/omie/marginalpdbc/2025/11/marginalpdbc_20251119.1 already exists. Skipping download.
[2026-01-22T18:30:00.957+0000] {marginalpdbc.py:65} INFO - File bronze/omie/marginalpdbc/2025/11/marginalpdbc_20251120.1 already exists. Skipping download.
[2026-01-22T18:30:00.998+0000] {marginalpdbc.py:65} INFO - File bronze/omie/marginalpdbc/2025/11/marginalpdbc_20251121.1 already exists. Skipping download.
[2026-01-22T18:30:01.045+0000] {marginalpdbc.py:65} INFO - File bronze/omie/marginalpdbc/2025/11/marginalpdbc_20251122.1 already exists. Skipping download.
[2026-01-22T18:30:01.128+0000] {marginalpdbc.py:65} INFO - File bronze/omie/marginalpdbc/2025/11/marginalpdbc_20251123.1 already exists. Skipping download.
[2026-01-22T18:30:01.210+0000] {marginalpdbc.py:65} INFO - File bronze/omie/marginalpdbc/2025/11/marginalpdbc_20251124.1 already exists. Skipping download.
[2026-01-22T18:30:01.277+0000] {marginalpdbc.py:65} INFO - File bronze/omie/marginalpdbc/2025/11/marginalpdbc_20251125.1 already exists. Skipping download.
[2026-01-22T18:30:01.306+0000] {marginalpdbc.py:65} INFO - File bronze/omie/marginalpdbc/2025/11/marginalpdbc_20251126.1 already exists. Skipping download.
[2026-01-22T18:30:01.348+0000] {omie_client.py:64} INFO - Downloading marginalpdbc_20251127.1 from OMIE...
[2026-01-22T18:30:02.365+0000] {omie_client.py:68} INFO - File marginalpdbc_20251127.1 not found (404).
[2026-01-22T18:30:02.372+0000] {marginalpdbc.py:71} WARNING - Failed to download marginalpdbc_20251127.1
[2026-01-22T18:30:02.445+0000] {marginalpdbc.py:65} INFO - File bronze/omie/marginalpdbc/2025/11/marginalpdbc_20251128.1 already exists. Skipping download.
[2026-01-22T18:30:02.457+0000] {marginalpdbc.py:65} INFO - File bronze/omie/marginalpdbc/2025/11/marginalpdbc_20251129.1 already exists. Skipping download.
[2026-01-22T18:30:02.465+0000] {marginalpdbc.py:65} INFO - File bronze/omie/marginalpdbc/2025/11/marginalpdbc_20251130.1 already exists. Skipping download.
[2026-01-22T18:30:02.477+0000] {marginalpdbc.py:65} INFO - File bronze/omie/marginalpdbc/2025/12/marginalpdbc_20251201.1 already exists. Skipping download.
[2026-01-22T18:30:02.542+0000] {marginalpdbc.py:65} INFO - File bronze/omie/marginalpdbc/2025/12/marginalpdbc_20251202.1 already exists. Skipping download.
[2026-01-22T18:30:02.680+0000] {marginalpdbc.py:65} INFO - File bronze/omie/marginalpdbc/2025/12/marginalpdbc_20251203.1 already exists. Skipping download.
[2026-01-22T18:30:02.752+0000] {marginalpdbc.py:65} INFO - File bronze/omie/marginalpdbc/2025/12/marginalpdbc_20251204.1 already exists. Skipping download.
[2026-01-22T18:30:02.835+0000] {marginalpdbc.py:65} INFO - File bronze/omie/marginalpdbc/2025/12/marginalpdbc_20251205.1 already exists. Skipping download.
[2026-01-22T18:30:02.860+0000] {marginalpdbc.py:65} INFO - File bronze/omie/marginalpdbc/2025/12/marginalpdbc_20251206.1 already exists. Skipping download.
[2026-01-22T18:30:02.944+0000] {marginalpdbc.py:65} INFO - File bronze/omie/marginalpdbc/2025/12/marginalpdbc_20251207.1 already exists. Skipping download.
[2026-01-22T18:30:02.997+0000] {marginalpdbc.py:65} INFO - File bronze/omie/marginalpdbc/2025/12/marginalpdbc_20251208.1 already exists. Skipping download.
[2026-01-22T18:30:03.068+0000] {marginalpdbc.py:65} INFO - File bronze/omie/marginalpdbc/2025/12/marginalpdbc_20251209.1 already exists. Skipping download.
[2026-01-22T18:30:03.121+0000] {marginalpdbc.py:65} INFO - File bronze/omie/marginalpdbc/2025/12/marginalpdbc_20251210.1 already exists. Skipping download.
[2026-01-22T18:30:03.173+0000] {marginalpdbc.py:65} INFO - File bronze/omie/marginalpdbc/2025/12/marginalpdbc_20251211.1 already exists. Skipping download.
[2026-01-22T18:30:03.185+0000] {marginalpdbc.py:65} INFO - File bronze/omie/marginalpdbc/2025/12/marginalpdbc_20251212.1 already exists. Skipping download.
[2026-01-22T18:30:03.311+0000] {marginalpdbc.py:65} INFO - File bronze/omie/marginalpdbc/2025/12/marginalpdbc_20251213.1 already exists. Skipping download.
[2026-01-22T18:30:03.331+0000] {marginalpdbc.py:65} INFO - File bronze/omie/marginalpdbc/2025/12/marginalpdbc_20251214.1 already exists. Skipping download.
[2026-01-22T18:30:03.378+0000] {marginalpdbc.py:65} INFO - File bronze/omie/marginalpdbc/2025/12/marginalpdbc_20251215.1 already exists. Skipping download.
[2026-01-22T18:30:03.428+0000] {marginalpdbc.py:65} INFO - File bronze/omie/marginalpdbc/2025/12/marginalpdbc_20251216.1 already exists. Skipping download.
[2026-01-22T18:30:03.444+0000] {marginalpdbc.py:65} INFO - File bronze/omie/marginalpdbc/2025/12/marginalpdbc_20251217.1 already exists. Skipping download.
[2026-01-22T18:30:03.465+0000] {marginalpdbc.py:65} INFO - File bronze/omie/marginalpdbc/2025/12/marginalpdbc_20251218.1 already exists. Skipping download.
[2026-01-22T18:30:03.492+0000] {marginalpdbc.py:65} INFO - File bronze/omie/marginalpdbc/2025/12/marginalpdbc_20251219.1 already exists. Skipping download.
[2026-01-22T18:30:03.517+0000] {marginalpdbc.py:65} INFO - File bronze/omie/marginalpdbc/2025/12/marginalpdbc_20251220.1 already exists. Skipping download.
[2026-01-22T18:30:03.529+0000] {marginalpdbc.py:65} INFO - File bronze/omie/marginalpdbc/2025/12/marginalpdbc_20251221.1 already exists. Skipping download.
[2026-01-22T18:30:03.535+0000] {marginalpdbc.py:65} INFO - File bronze/omie/marginalpdbc/2025/12/marginalpdbc_20251222.1 already exists. Skipping download.
[2026-01-22T18:30:03.575+0000] {marginalpdbc.py:65} INFO - File bronze/omie/marginalpdbc/2025/12/marginalpdbc_20251223.1 already exists. Skipping download.
[2026-01-22T18:30:03.691+0000] {marginalpdbc.py:65} INFO - File bronze/omie/marginalpdbc/2025/12/marginalpdbc_20251224.1 already exists. Skipping download.
[2026-01-22T18:30:03.729+0000] {marginalpdbc.py:65} INFO - File bronze/omie/marginalpdbc/2025/12/marginalpdbc_20251225.1 already exists. Skipping download.
[2026-01-22T18:30:03.744+0000] {marginalpdbc.py:65} INFO - File bronze/omie/marginalpdbc/2025/12/marginalpdbc_20251226.1 already exists. Skipping download.
[2026-01-22T18:30:03.761+0000] {marginalpdbc.py:65} INFO - File bronze/omie/marginalpdbc/2025/12/marginalpdbc_20251227.1 already exists. Skipping download.
[2026-01-22T18:30:03.834+0000] {marginalpdbc.py:65} INFO - File bronze/omie/marginalpdbc/2025/12/marginalpdbc_20251228.1 already exists. Skipping download.
[2026-01-22T18:30:03.867+0000] {marginalpdbc.py:65} INFO - File bronze/omie/marginalpdbc/2025/12/marginalpdbc_20251229.1 already exists. Skipping download.
[2026-01-22T18:30:03.943+0000] {marginalpdbc.py:65} INFO - File bronze/omie/marginalpdbc/2025/12/marginalpdbc_20251230.1 already exists. Skipping download.
[2026-01-22T18:30:04.070+0000] {marginalpdbc.py:65} INFO - File bronze/omie/marginalpdbc/2025/12/marginalpdbc_20251231.1 already exists. Skipping download.
[2026-01-22T18:30:04.131+0000] {marginalpdbc.py:65} INFO - File bronze/omie/marginalpdbc/2026/01/marginalpdbc_20260101.1 already exists. Skipping download.
[2026-01-22T18:30:04.225+0000] {marginalpdbc.py:65} INFO - File bronze/omie/marginalpdbc/2026/01/marginalpdbc_20260102.1 already exists. Skipping download.
[2026-01-22T18:30:04.279+0000] {marginalpdbc.py:65} INFO - File bronze/omie/marginalpdbc/2026/01/marginalpdbc_20260103.1 already exists. Skipping download.
[2026-01-22T18:30:04.347+0000] {marginalpdbc.py:65} INFO - File bronze/omie/marginalpdbc/2026/01/marginalpdbc_20260104.1 already exists. Skipping download.
[2026-01-22T18:30:04.380+0000] {marginalpdbc.py:65} INFO - File bronze/omie/marginalpdbc/2026/01/marginalpdbc_20260105.1 already exists. Skipping download.
[2026-01-22T18:30:04.487+0000] {marginalpdbc.py:65} INFO - File bronze/omie/marginalpdbc/2026/01/marginalpdbc_20260106.1 already exists. Skipping download.
[2026-01-22T18:30:04.535+0000] {marginalpdbc.py:65} INFO - File bronze/omie/marginalpdbc/2026/01/marginalpdbc_20260107.1 already exists. Skipping download.
[2026-01-22T18:30:04.545+0000] {marginalpdbc.py:65} INFO - File bronze/omie/marginalpdbc/2026/01/marginalpdbc_20260108.1 already exists. Skipping download.
[2026-01-22T18:30:04.561+0000] {marginalpdbc.py:65} INFO - File bronze/omie/marginalpdbc/2026/01/marginalpdbc_20260109.1 already exists. Skipping download.
[2026-01-22T18:30:04.583+0000] {marginalpdbc.py:65} INFO - File bronze/omie/marginalpdbc/2026/01/marginalpdbc_20260110.1 already exists. Skipping download.
[2026-01-22T18:30:04.603+0000] {marginalpdbc.py:65} INFO - File bronze/omie/marginalpdbc/2026/01/marginalpdbc_20260111.1 already exists. Skipping download.
[2026-01-22T18:30:04.690+0000] {marginalpdbc.py:65} INFO - File bronze/omie/marginalpdbc/2026/01/marginalpdbc_20260112.1 already exists. Skipping download.
[2026-01-22T18:30:04.725+0000] {marginalpdbc.py:65} INFO - File bronze/omie/marginalpdbc/2026/01/marginalpdbc_20260113.1 already exists. Skipping download.
[2026-01-22T18:30:04.756+0000] {marginalpdbc.py:65} INFO - File bronze/omie/marginalpdbc/2026/01/marginalpdbc_20260114.1 already exists. Skipping download.
[2026-01-22T18:30:04.805+0000] {marginalpdbc.py:65} INFO - File bronze/omie/marginalpdbc/2026/01/marginalpdbc_20260115.1 already exists. Skipping download.
[2026-01-22T18:30:04.836+0000] {marginalpdbc.py:65} INFO - File bronze/omie/marginalpdbc/2026/01/marginalpdbc_20260116.1 already exists. Skipping download.
[2026-01-22T18:30:04.849+0000] {marginalpdbc.py:65} INFO - File bronze/omie/marginalpdbc/2026/01/marginalpdbc_20260117.1 already exists. Skipping download.
[2026-01-22T18:30:04.880+0000] {marginalpdbc.py:65} INFO - File bronze/omie/marginalpdbc/2026/01/marginalpdbc_20260118.1 already exists. Skipping download.
[2026-01-22T18:30:04.918+0000] {marginalpdbc.py:65} INFO - File bronze/omie/marginalpdbc/2026/01/marginalpdbc_20260119.1 already exists. Skipping download.
[2026-01-22T18:30:04.944+0000] {marginalpdbc.py:65} INFO - File bronze/omie/marginalpdbc/2026/01/marginalpdbc_20260120.1 already exists. Skipping download.
[2026-01-22T18:30:05.009+0000] {marginalpdbc.py:65} INFO - File bronze/omie/marginalpdbc/2026/01/marginalpdbc_20260121.1 already exists. Skipping download.
[2026-01-22T18:30:05.028+0000] {omie_client.py:64} INFO - Downloading marginalpdbc_20260122.1 from OMIE...
[2026-01-22T18:30:05.956+0000] {filesystem.py:48} INFO - Saved file to /opt/***/local_data/bronze/omie/marginalpdbc/2026/01/marginalpdbc_20260122.1
[2026-01-22T18:30:05.971+0000] {python.py:237} INFO - Done. Returned value was: {'start': '2025-01-01', 'end': '2026-01-22'}
[2026-01-22T18:30:05.975+0000] {taskinstance.py:441} INFO - ::group::Post task execution logs
[2026-01-22T18:30:06.163+0000] {taskinstance.py:1206} INFO - Marking task as SUCCESS. dag_id=omie_pipeline, task_id=download_marginal_pdbc, run_id=manual__2026-01-22T18:29:12.380731+00:00, execution_date=20260122T182912, start_date=20260122T182937, end_date=20260122T183006
[2026-01-22T18:30:06.318+0000] {local_task_job_runner.py:240} INFO - Task exited with return code 0
[2026-01-22T18:30:06.595+0000] {taskinstance.py:3503} INFO - 1 downstream tasks scheduled from follow-on schedule check
[2026-01-22T18:30:06.614+0000] {local_task_job_runner.py:222} INFO - ::endgroup::
