[2026-01-23T16:09:45.020+0000] {local_task_job_runner.py:120} INFO - ::group::Pre task execution logs
[2026-01-23T16:09:45.191+0000] {taskinstance.py:2076} INFO - Dependencies all met for dep_context=non-requeueable deps ti=<TaskInstance: omie_pipeline.process_pdvd manual__2026-01-22T19:12:31.807662+00:00 [queued]>
[2026-01-23T16:09:45.241+0000] {taskinstance.py:2076} INFO - Dependencies all met for dep_context=requeueable deps ti=<TaskInstance: omie_pipeline.process_pdvd manual__2026-01-22T19:12:31.807662+00:00 [queued]>
[2026-01-23T16:09:45.347+0000] {taskinstance.py:2306} INFO - Starting attempt 2 of 2
[2026-01-23T16:09:45.724+0000] {taskinstance.py:2330} INFO - Executing <Task(PythonOperator): process_pdvd> on 2026-01-22 19:12:31.807662+00:00
[2026-01-23T16:09:45.781+0000] {standard_task_runner.py:63} INFO - Started process 262 to run task
[2026-01-23T16:09:45.925+0000] {standard_task_runner.py:90} INFO - Running: ['***', 'tasks', 'run', 'omie_pipeline', 'process_pdvd', 'manual__2026-01-22T19:12:31.807662+00:00', '--job-id', '177', '--raw', '--subdir', 'DAGS_FOLDER/omie_dag.py', '--cfg-path', '/tmp/tmpk388uz7d']
[2026-01-23T16:09:45.997+0000] {standard_task_runner.py:91} INFO - Job 177: Subtask process_pdvd
[2026-01-23T16:09:46.562+0000] {task_command.py:426} INFO - Running <TaskInstance: omie_pipeline.process_pdvd manual__2026-01-22T19:12:31.807662+00:00 [running]> on host 2aff4151de2d
[2026-01-23T16:09:47.134+0000] {taskinstance.py:2648} INFO - Exporting env vars: AIRFLOW_CTX_DAG_OWNER='***' AIRFLOW_CTX_DAG_ID='omie_pipeline' AIRFLOW_CTX_TASK_ID='process_pdvd' AIRFLOW_CTX_EXECUTION_DATE='2026-01-22T19:12:31.807662+00:00' AIRFLOW_CTX_TRY_NUMBER='2' AIRFLOW_CTX_DAG_RUN_ID='manual__2026-01-22T19:12:31.807662+00:00'
[2026-01-23T16:09:47.143+0000] {taskinstance.py:430} INFO - ::endgroup::
[2026-01-23T16:09:47.261+0000] {logging_mixin.py:188} INFO - Processing process_pdvd for 2025-01-01 00:00:00 - 2026-01-22 00:00:00
[2026-01-23T16:11:03.746+0000] {filesystem.py:48} INFO - Saved file to /opt/***/local_data/silver/omie/pdvd/2025/01/20250101.parquet
[2026-01-23T16:12:16.528+0000] {database.py:189} ERROR - Error during bulk insert into omie.pdvd: duplicate key value violates unique constraint "pdvd_pkey"
DETAIL:  Key (anio, mes, dia, periodo, codigo_uof)=(2025, 1, 1, 1, ABA1) already exists.
CONTEXT:  COPY pdvd, line 1

[2026-01-23T16:12:16.552+0000] {pdvd.py:127} ERROR - Error processing zip bronze/omie/pdvd/2025/pdvd_202501.zip: duplicate key value violates unique constraint "pdvd_pkey"
DETAIL:  Key (anio, mes, dia, periodo, codigo_uof)=(2025, 1, 1, 1, ABA1) already exists.
CONTEXT:  COPY pdvd, line 1

[2026-01-23T16:12:17.248+0000] {filesystem.py:48} INFO - Saved file to /opt/***/local_data/silver/omie/pdvd/2025/01/20250102.parquet
[2026-01-23T16:13:30.574+0000] {database.py:189} ERROR - Error during bulk insert into omie.pdvd: duplicate key value violates unique constraint "pdvd_pkey"
DETAIL:  Key (anio, mes, dia, periodo, codigo_uof)=(2025, 1, 2, 1, ABA1) already exists.
CONTEXT:  COPY pdvd, line 1

[2026-01-23T16:13:30.577+0000] {pdvd.py:127} ERROR - Error processing zip bronze/omie/pdvd/2025/pdvd_202501.zip: duplicate key value violates unique constraint "pdvd_pkey"
DETAIL:  Key (anio, mes, dia, periodo, codigo_uof)=(2025, 1, 2, 1, ABA1) already exists.
CONTEXT:  COPY pdvd, line 1

[2026-01-23T16:13:30.979+0000] {filesystem.py:48} INFO - Saved file to /opt/***/local_data/silver/omie/pdvd/2025/01/20250103.parquet
[2026-01-23T16:14:32.348+0000] {database.py:189} ERROR - Error during bulk insert into omie.pdvd: duplicate key value violates unique constraint "pdvd_pkey"
DETAIL:  Key (anio, mes, dia, periodo, codigo_uof)=(2025, 1, 3, 1, ABA1) already exists.
CONTEXT:  COPY pdvd, line 1

[2026-01-23T16:14:32.382+0000] {pdvd.py:127} ERROR - Error processing zip bronze/omie/pdvd/2025/pdvd_202501.zip: duplicate key value violates unique constraint "pdvd_pkey"
DETAIL:  Key (anio, mes, dia, periodo, codigo_uof)=(2025, 1, 3, 1, ABA1) already exists.
CONTEXT:  COPY pdvd, line 1

[2026-01-23T16:14:32.674+0000] {filesystem.py:48} INFO - Saved file to /opt/***/local_data/silver/omie/pdvd/2025/01/20250104.parquet
[2026-01-23T16:15:26.132+0000] {database.py:186} INFO - Inserted 54944 rows into 'omie.pdvd'.
[2026-01-23T16:15:26.136+0000] {pdvd.py:125} INFO - Processed pdvd for 20250104
[2026-01-23T16:15:26.956+0000] {filesystem.py:48} INFO - Saved file to /opt/***/local_data/silver/omie/pdvd/2025/01/20250105.parquet
[2026-01-23T16:17:40.661+0000] {database.py:189} ERROR - Error during bulk insert into omie.pdvd: duplicate key value violates unique constraint "pdvd_pkey"
DETAIL:  Key (anio, mes, dia, periodo, codigo_uof)=(2025, 1, 5, 1, ABA1) already exists.
CONTEXT:  COPY pdvd, line 1

[2026-01-23T16:17:40.708+0000] {pdvd.py:127} ERROR - Error processing zip bronze/omie/pdvd/2025/pdvd_202501.zip: duplicate key value violates unique constraint "pdvd_pkey"
DETAIL:  Key (anio, mes, dia, periodo, codigo_uof)=(2025, 1, 5, 1, ABA1) already exists.
CONTEXT:  COPY pdvd, line 1

[2026-01-23T16:17:41.810+0000] {filesystem.py:48} INFO - Saved file to /opt/***/local_data/silver/omie/pdvd/2025/01/20250106.parquet
[2026-01-23T16:18:56.220+0000] {database.py:186} INFO - Inserted 54689 rows into 'omie.pdvd'.
[2026-01-23T16:18:56.254+0000] {pdvd.py:125} INFO - Processed pdvd for 20250106
[2026-01-23T16:18:57.459+0000] {filesystem.py:48} INFO - Saved file to /opt/***/local_data/silver/omie/pdvd/2025/01/20250107.parquet
[2026-01-23T16:19:52.048+0000] {database.py:189} ERROR - Error during bulk insert into omie.pdvd: duplicate key value violates unique constraint "pdvd_pkey"
DETAIL:  Key (anio, mes, dia, periodo, codigo_uof)=(2025, 1, 7, 1, ABA1) already exists.
CONTEXT:  COPY pdvd, line 1

[2026-01-23T16:19:52.051+0000] {pdvd.py:127} ERROR - Error processing zip bronze/omie/pdvd/2025/pdvd_202501.zip: duplicate key value violates unique constraint "pdvd_pkey"
DETAIL:  Key (anio, mes, dia, periodo, codigo_uof)=(2025, 1, 7, 1, ABA1) already exists.
CONTEXT:  COPY pdvd, line 1

[2026-01-23T16:19:52.596+0000] {filesystem.py:48} INFO - Saved file to /opt/***/local_data/silver/omie/pdvd/2025/01/20250108.parquet
[2026-01-23T16:20:52.852+0000] {database.py:189} ERROR - Error during bulk insert into omie.pdvd: duplicate key value violates unique constraint "pdvd_pkey"
DETAIL:  Key (anio, mes, dia, periodo, codigo_uof)=(2025, 1, 8, 1, ABOUC01) already exists.
CONTEXT:  COPY pdvd, line 1

[2026-01-23T16:20:52.855+0000] {pdvd.py:127} ERROR - Error processing zip bronze/omie/pdvd/2025/pdvd_202501.zip: duplicate key value violates unique constraint "pdvd_pkey"
DETAIL:  Key (anio, mes, dia, periodo, codigo_uof)=(2025, 1, 8, 1, ABOUC01) already exists.
CONTEXT:  COPY pdvd, line 1

[2026-01-23T16:20:53.313+0000] {filesystem.py:48} INFO - Saved file to /opt/***/local_data/silver/omie/pdvd/2025/01/20250109.parquet
[2026-01-23T16:21:43.862+0000] {database.py:189} ERROR - Error during bulk insert into omie.pdvd: duplicate key value violates unique constraint "pdvd_pkey"
DETAIL:  Key (anio, mes, dia, periodo, codigo_uof)=(2025, 1, 9, 1, ABA1) already exists.
CONTEXT:  COPY pdvd, line 1

[2026-01-23T16:21:43.882+0000] {pdvd.py:127} ERROR - Error processing zip bronze/omie/pdvd/2025/pdvd_202501.zip: duplicate key value violates unique constraint "pdvd_pkey"
DETAIL:  Key (anio, mes, dia, periodo, codigo_uof)=(2025, 1, 9, 1, ABA1) already exists.
CONTEXT:  COPY pdvd, line 1

[2026-01-23T16:21:44.345+0000] {filesystem.py:48} INFO - Saved file to /opt/***/local_data/silver/omie/pdvd/2025/01/20250110.parquet
[2026-01-23T16:22:35.924+0000] {database.py:186} INFO - Inserted 56225 rows into 'omie.pdvd'.
[2026-01-23T16:22:35.935+0000] {pdvd.py:125} INFO - Processed pdvd for 20250110
[2026-01-23T16:22:36.226+0000] {filesystem.py:48} INFO - Saved file to /opt/***/local_data/silver/omie/pdvd/2025/01/20250111.parquet
[2026-01-23T16:23:34.480+0000] {database.py:189} ERROR - Error during bulk insert into omie.pdvd: duplicate key value violates unique constraint "pdvd_pkey"
DETAIL:  Key (anio, mes, dia, periodo, codigo_uof)=(2025, 1, 11, 1, ABA1) already exists.
CONTEXT:  COPY pdvd, line 1

[2026-01-23T16:23:34.495+0000] {pdvd.py:127} ERROR - Error processing zip bronze/omie/pdvd/2025/pdvd_202501.zip: duplicate key value violates unique constraint "pdvd_pkey"
DETAIL:  Key (anio, mes, dia, periodo, codigo_uof)=(2025, 1, 11, 1, ABA1) already exists.
CONTEXT:  COPY pdvd, line 1

[2026-01-23T16:23:34.942+0000] {filesystem.py:48} INFO - Saved file to /opt/***/local_data/silver/omie/pdvd/2025/01/20250112.parquet
[2026-01-23T16:25:00.500+0000] {database.py:189} ERROR - Error during bulk insert into omie.pdvd: duplicate key value violates unique constraint "pdvd_pkey"
DETAIL:  Key (anio, mes, dia, periodo, codigo_uof)=(2025, 1, 12, 1, ABA1) already exists.
CONTEXT:  COPY pdvd, line 1

[2026-01-23T16:25:00.647+0000] {pdvd.py:127} ERROR - Error processing zip bronze/omie/pdvd/2025/pdvd_202501.zip: duplicate key value violates unique constraint "pdvd_pkey"
DETAIL:  Key (anio, mes, dia, periodo, codigo_uof)=(2025, 1, 12, 1, ABA1) already exists.
CONTEXT:  COPY pdvd, line 1

[2026-01-23T16:25:02.775+0000] {filesystem.py:48} INFO - Saved file to /opt/***/local_data/silver/omie/pdvd/2025/01/20250113.parquet
[2026-01-23T16:25:56.320+0000] {database.py:186} INFO - Inserted 56082 rows into 'omie.pdvd'.
[2026-01-23T16:25:56.323+0000] {pdvd.py:125} INFO - Processed pdvd for 20250113
[2026-01-23T16:25:56.779+0000] {filesystem.py:48} INFO - Saved file to /opt/***/local_data/silver/omie/pdvd/2025/01/20250114.parquet
[2026-01-23T16:27:02.336+0000] {database.py:189} ERROR - Error during bulk insert into omie.pdvd: duplicate key value violates unique constraint "pdvd_pkey"
DETAIL:  Key (anio, mes, dia, periodo, codigo_uof)=(2025, 1, 14, 1, ABA1) already exists.
CONTEXT:  COPY pdvd, line 1

[2026-01-23T16:27:02.338+0000] {pdvd.py:127} ERROR - Error processing zip bronze/omie/pdvd/2025/pdvd_202501.zip: duplicate key value violates unique constraint "pdvd_pkey"
DETAIL:  Key (anio, mes, dia, periodo, codigo_uof)=(2025, 1, 14, 1, ABA1) already exists.
CONTEXT:  COPY pdvd, line 1

[2026-01-23T16:27:02.728+0000] {filesystem.py:48} INFO - Saved file to /opt/***/local_data/silver/omie/pdvd/2025/01/20250115.parquet
[2026-01-23T16:27:56.098+0000] {database.py:189} ERROR - Error during bulk insert into omie.pdvd: duplicate key value violates unique constraint "pdvd_pkey"
DETAIL:  Key (anio, mes, dia, periodo, codigo_uof)=(2025, 1, 15, 1, ABA1) already exists.
CONTEXT:  COPY pdvd, line 1

[2026-01-23T16:27:56.100+0000] {pdvd.py:127} ERROR - Error processing zip bronze/omie/pdvd/2025/pdvd_202501.zip: duplicate key value violates unique constraint "pdvd_pkey"
DETAIL:  Key (anio, mes, dia, periodo, codigo_uof)=(2025, 1, 15, 1, ABA1) already exists.
CONTEXT:  COPY pdvd, line 1

[2026-01-23T16:27:56.468+0000] {filesystem.py:48} INFO - Saved file to /opt/***/local_data/silver/omie/pdvd/2025/01/20250116.parquet
[2026-01-23T16:28:44.713+0000] {database.py:189} ERROR - Error during bulk insert into omie.pdvd: duplicate key value violates unique constraint "pdvd_pkey"
DETAIL:  Key (anio, mes, dia, periodo, codigo_uof)=(2025, 1, 16, 1, ABOUC01) already exists.
CONTEXT:  COPY pdvd, line 1

[2026-01-23T16:28:44.715+0000] {pdvd.py:127} ERROR - Error processing zip bronze/omie/pdvd/2025/pdvd_202501.zip: duplicate key value violates unique constraint "pdvd_pkey"
DETAIL:  Key (anio, mes, dia, periodo, codigo_uof)=(2025, 1, 16, 1, ABOUC01) already exists.
CONTEXT:  COPY pdvd, line 1

[2026-01-23T16:28:45.095+0000] {filesystem.py:48} INFO - Saved file to /opt/***/local_data/silver/omie/pdvd/2025/01/20250117.parquet
[2026-01-23T16:29:53.950+0000] {database.py:189} ERROR - Error during bulk insert into omie.pdvd: duplicate key value violates unique constraint "pdvd_pkey"
DETAIL:  Key (anio, mes, dia, periodo, codigo_uof)=(2025, 1, 17, 1, ABA1) already exists.
CONTEXT:  COPY pdvd, line 1

[2026-01-23T16:29:53.959+0000] {pdvd.py:127} ERROR - Error processing zip bronze/omie/pdvd/2025/pdvd_202501.zip: duplicate key value violates unique constraint "pdvd_pkey"
DETAIL:  Key (anio, mes, dia, periodo, codigo_uof)=(2025, 1, 17, 1, ABA1) already exists.
CONTEXT:  COPY pdvd, line 1

[2026-01-23T16:29:58.847+0000] {filesystem.py:48} INFO - Saved file to /opt/***/local_data/silver/omie/pdvd/2025/01/20250118.parquet
[2026-01-23T16:31:20.294+0000] {database.py:189} ERROR - Error during bulk insert into omie.pdvd: duplicate key value violates unique constraint "pdvd_pkey"
DETAIL:  Key (anio, mes, dia, periodo, codigo_uof)=(2025, 1, 18, 1, ABA1) already exists.
CONTEXT:  COPY pdvd, line 1

[2026-01-23T16:31:20.302+0000] {pdvd.py:127} ERROR - Error processing zip bronze/omie/pdvd/2025/pdvd_202501.zip: duplicate key value violates unique constraint "pdvd_pkey"
DETAIL:  Key (anio, mes, dia, periodo, codigo_uof)=(2025, 1, 18, 1, ABA1) already exists.
CONTEXT:  COPY pdvd, line 1

[2026-01-23T16:31:20.873+0000] {filesystem.py:48} INFO - Saved file to /opt/***/local_data/silver/omie/pdvd/2025/01/20250119.parquet
[2026-01-23T16:32:12.256+0000] {database.py:186} INFO - Inserted 55570 rows into 'omie.pdvd'.
[2026-01-23T16:32:12.258+0000] {pdvd.py:125} INFO - Processed pdvd for 20250119
[2026-01-23T16:32:12.953+0000] {filesystem.py:48} INFO - Saved file to /opt/***/local_data/silver/omie/pdvd/2025/01/20250120.parquet
[2026-01-23T16:33:16.860+0000] {database.py:189} ERROR - Error during bulk insert into omie.pdvd: duplicate key value violates unique constraint "pdvd_pkey"
DETAIL:  Key (anio, mes, dia, periodo, codigo_uof)=(2025, 1, 20, 1, ABA1) already exists.
CONTEXT:  COPY pdvd, line 1

[2026-01-23T16:33:16.861+0000] {pdvd.py:127} ERROR - Error processing zip bronze/omie/pdvd/2025/pdvd_202501.zip: duplicate key value violates unique constraint "pdvd_pkey"
DETAIL:  Key (anio, mes, dia, periodo, codigo_uof)=(2025, 1, 20, 1, ABA1) already exists.
CONTEXT:  COPY pdvd, line 1

[2026-01-23T16:33:17.388+0000] {filesystem.py:48} INFO - Saved file to /opt/***/local_data/silver/omie/pdvd/2025/01/20250121.parquet
[2026-01-23T16:34:03.244+0000] {database.py:186} INFO - Inserted 56093 rows into 'omie.pdvd'.
[2026-01-23T16:34:03.265+0000] {pdvd.py:125} INFO - Processed pdvd for 20250121
[2026-01-23T16:34:05.638+0000] {filesystem.py:48} INFO - Saved file to /opt/***/local_data/silver/omie/pdvd/2025/01/20250122.parquet
[2026-01-23T16:35:27.058+0000] {database.py:189} ERROR - Error during bulk insert into omie.pdvd: duplicate key value violates unique constraint "pdvd_pkey"
DETAIL:  Key (anio, mes, dia, periodo, codigo_uof)=(2025, 1, 22, 1, ABOUC01) already exists.
CONTEXT:  COPY pdvd, line 1

[2026-01-23T16:35:27.073+0000] {pdvd.py:127} ERROR - Error processing zip bronze/omie/pdvd/2025/pdvd_202501.zip: duplicate key value violates unique constraint "pdvd_pkey"
DETAIL:  Key (anio, mes, dia, periodo, codigo_uof)=(2025, 1, 22, 1, ABOUC01) already exists.
CONTEXT:  COPY pdvd, line 1

[2026-01-23T16:35:27.717+0000] {filesystem.py:48} INFO - Saved file to /opt/***/local_data/silver/omie/pdvd/2025/01/20250123.parquet
[2026-01-23T16:36:18.996+0000] {database.py:189} ERROR - Error during bulk insert into omie.pdvd: duplicate key value violates unique constraint "pdvd_pkey"
DETAIL:  Key (anio, mes, dia, periodo, codigo_uof)=(2025, 1, 23, 1, ABA1) already exists.
CONTEXT:  COPY pdvd, line 1

[2026-01-23T16:36:18.999+0000] {pdvd.py:127} ERROR - Error processing zip bronze/omie/pdvd/2025/pdvd_202501.zip: duplicate key value violates unique constraint "pdvd_pkey"
DETAIL:  Key (anio, mes, dia, periodo, codigo_uof)=(2025, 1, 23, 1, ABA1) already exists.
CONTEXT:  COPY pdvd, line 1

[2026-01-23T16:36:19.382+0000] {filesystem.py:48} INFO - Saved file to /opt/***/local_data/silver/omie/pdvd/2025/01/20250124.parquet
[2026-01-23T16:37:03.756+0000] {database.py:189} ERROR - Error during bulk insert into omie.pdvd: duplicate key value violates unique constraint "pdvd_pkey"
DETAIL:  Key (anio, mes, dia, periodo, codigo_uof)=(2025, 1, 24, 1, ABA1) already exists.
CONTEXT:  COPY pdvd, line 1

[2026-01-23T16:37:03.757+0000] {pdvd.py:127} ERROR - Error processing zip bronze/omie/pdvd/2025/pdvd_202501.zip: duplicate key value violates unique constraint "pdvd_pkey"
DETAIL:  Key (anio, mes, dia, periodo, codigo_uof)=(2025, 1, 24, 1, ABA1) already exists.
CONTEXT:  COPY pdvd, line 1

[2026-01-23T16:37:04.082+0000] {filesystem.py:48} INFO - Saved file to /opt/***/local_data/silver/omie/pdvd/2025/01/20250125.parquet
[2026-01-23T16:37:30.129+0000] {database.py:186} INFO - Inserted 55727 rows into 'omie.pdvd'.
[2026-01-23T16:37:30.131+0000] {pdvd.py:125} INFO - Processed pdvd for 20250125
[2026-01-23T16:37:30.375+0000] {filesystem.py:48} INFO - Saved file to /opt/***/local_data/silver/omie/pdvd/2025/01/20250126.parquet
[2026-01-23T16:38:01.307+0000] {database.py:189} ERROR - Error during bulk insert into omie.pdvd: duplicate key value violates unique constraint "pdvd_pkey"
DETAIL:  Key (anio, mes, dia, periodo, codigo_uof)=(2025, 1, 26, 1, ABA1) already exists.
CONTEXT:  COPY pdvd, line 1

[2026-01-23T16:38:01.316+0000] {pdvd.py:127} ERROR - Error processing zip bronze/omie/pdvd/2025/pdvd_202501.zip: duplicate key value violates unique constraint "pdvd_pkey"
DETAIL:  Key (anio, mes, dia, periodo, codigo_uof)=(2025, 1, 26, 1, ABA1) already exists.
CONTEXT:  COPY pdvd, line 1

[2026-01-23T16:38:01.748+0000] {filesystem.py:48} INFO - Saved file to /opt/***/local_data/silver/omie/pdvd/2025/01/20250127.parquet
[2026-01-23T16:38:25.203+0000] {database.py:189} ERROR - Error during bulk insert into omie.pdvd: duplicate key value violates unique constraint "pdvd_pkey"
DETAIL:  Key (anio, mes, dia, periodo, codigo_uof)=(2025, 1, 27, 1, ABA1) already exists.
CONTEXT:  COPY pdvd, line 1

[2026-01-23T16:38:25.205+0000] {pdvd.py:127} ERROR - Error processing zip bronze/omie/pdvd/2025/pdvd_202501.zip: duplicate key value violates unique constraint "pdvd_pkey"
DETAIL:  Key (anio, mes, dia, periodo, codigo_uof)=(2025, 1, 27, 1, ABA1) already exists.
CONTEXT:  COPY pdvd, line 1

[2026-01-23T16:38:25.606+0000] {filesystem.py:48} INFO - Saved file to /opt/***/local_data/silver/omie/pdvd/2025/01/20250128.parquet
[2026-01-23T16:38:58.792+0000] {database.py:189} ERROR - Error during bulk insert into omie.pdvd: duplicate key value violates unique constraint "pdvd_pkey"
DETAIL:  Key (anio, mes, dia, periodo, codigo_uof)=(2025, 1, 28, 1, ABA1) already exists.
CONTEXT:  COPY pdvd, line 1

[2026-01-23T16:38:58.794+0000] {pdvd.py:127} ERROR - Error processing zip bronze/omie/pdvd/2025/pdvd_202501.zip: duplicate key value violates unique constraint "pdvd_pkey"
DETAIL:  Key (anio, mes, dia, periodo, codigo_uof)=(2025, 1, 28, 1, ABA1) already exists.
CONTEXT:  COPY pdvd, line 1

[2026-01-23T16:38:59.271+0000] {filesystem.py:48} INFO - Saved file to /opt/***/local_data/silver/omie/pdvd/2025/01/20250129.parquet
[2026-01-23T16:39:28.333+0000] {database.py:189} ERROR - Error during bulk insert into omie.pdvd: duplicate key value violates unique constraint "pdvd_pkey"
DETAIL:  Key (anio, mes, dia, periodo, codigo_uof)=(2025, 1, 29, 1, ABA1) already exists.
CONTEXT:  COPY pdvd, line 1

[2026-01-23T16:39:28.335+0000] {pdvd.py:127} ERROR - Error processing zip bronze/omie/pdvd/2025/pdvd_202501.zip: duplicate key value violates unique constraint "pdvd_pkey"
DETAIL:  Key (anio, mes, dia, periodo, codigo_uof)=(2025, 1, 29, 1, ABA1) already exists.
CONTEXT:  COPY pdvd, line 1

[2026-01-23T16:39:28.664+0000] {filesystem.py:48} INFO - Saved file to /opt/***/local_data/silver/omie/pdvd/2025/01/20250130.parquet
[2026-01-23T16:39:54.639+0000] {database.py:189} ERROR - Error during bulk insert into omie.pdvd: duplicate key value violates unique constraint "pdvd_pkey"
DETAIL:  Key (anio, mes, dia, periodo, codigo_uof)=(2025, 1, 30, 1, ABA1) already exists.
CONTEXT:  COPY pdvd, line 1

[2026-01-23T16:39:54.648+0000] {pdvd.py:127} ERROR - Error processing zip bronze/omie/pdvd/2025/pdvd_202501.zip: duplicate key value violates unique constraint "pdvd_pkey"
DETAIL:  Key (anio, mes, dia, periodo, codigo_uof)=(2025, 1, 30, 1, ABA1) already exists.
CONTEXT:  COPY pdvd, line 1

[2026-01-23T16:39:55.182+0000] {filesystem.py:48} INFO - Saved file to /opt/***/local_data/silver/omie/pdvd/2025/01/20250131.parquet
[2026-01-23T16:40:21.146+0000] {database.py:189} ERROR - Error during bulk insert into omie.pdvd: duplicate key value violates unique constraint "pdvd_pkey"
DETAIL:  Key (anio, mes, dia, periodo, codigo_uof)=(2025, 1, 31, 1, ABA1) already exists.
CONTEXT:  COPY pdvd, line 1

[2026-01-23T16:40:21.147+0000] {pdvd.py:127} ERROR - Error processing zip bronze/omie/pdvd/2025/pdvd_202501.zip: duplicate key value violates unique constraint "pdvd_pkey"
DETAIL:  Key (anio, mes, dia, periodo, codigo_uof)=(2025, 1, 31, 1, ABA1) already exists.
CONTEXT:  COPY pdvd, line 1

[2026-01-23T16:40:21.475+0000] {filesystem.py:48} INFO - Saved file to /opt/***/local_data/silver/omie/pdvd/2025/02/20250201.parquet
[2026-01-23T16:40:46.920+0000] {database.py:189} ERROR - Error during bulk insert into omie.pdvd: duplicate key value violates unique constraint "pdvd_pkey"
DETAIL:  Key (anio, mes, dia, periodo, codigo_uof)=(2025, 2, 1, 1, ABA1) already exists.
CONTEXT:  COPY pdvd, line 1

[2026-01-23T16:40:46.923+0000] {pdvd.py:127} ERROR - Error processing zip bronze/omie/pdvd/2025/pdvd_202502.zip: duplicate key value violates unique constraint "pdvd_pkey"
DETAIL:  Key (anio, mes, dia, periodo, codigo_uof)=(2025, 2, 1, 1, ABA1) already exists.
CONTEXT:  COPY pdvd, line 1

[2026-01-23T16:40:47.284+0000] {filesystem.py:48} INFO - Saved file to /opt/***/local_data/silver/omie/pdvd/2025/02/20250202.parquet
[2026-01-23T16:41:15.422+0000] {database.py:189} ERROR - Error during bulk insert into omie.pdvd: duplicate key value violates unique constraint "pdvd_pkey"
DETAIL:  Key (anio, mes, dia, periodo, codigo_uof)=(2025, 2, 2, 1, ABA1) already exists.
CONTEXT:  COPY pdvd, line 1

[2026-01-23T16:41:15.424+0000] {pdvd.py:127} ERROR - Error processing zip bronze/omie/pdvd/2025/pdvd_202502.zip: duplicate key value violates unique constraint "pdvd_pkey"
DETAIL:  Key (anio, mes, dia, periodo, codigo_uof)=(2025, 2, 2, 1, ABA1) already exists.
CONTEXT:  COPY pdvd, line 1

[2026-01-23T16:41:15.843+0000] {filesystem.py:48} INFO - Saved file to /opt/***/local_data/silver/omie/pdvd/2025/02/20250203.parquet
[2026-01-23T16:41:42.782+0000] {database.py:189} ERROR - Error during bulk insert into omie.pdvd: duplicate key value violates unique constraint "pdvd_pkey"
DETAIL:  Key (anio, mes, dia, periodo, codigo_uof)=(2025, 2, 3, 1, ABA1) already exists.
CONTEXT:  COPY pdvd, line 1

[2026-01-23T16:41:42.784+0000] {pdvd.py:127} ERROR - Error processing zip bronze/omie/pdvd/2025/pdvd_202502.zip: duplicate key value violates unique constraint "pdvd_pkey"
DETAIL:  Key (anio, mes, dia, periodo, codigo_uof)=(2025, 2, 3, 1, ABA1) already exists.
CONTEXT:  COPY pdvd, line 1

[2026-01-23T16:41:43.106+0000] {filesystem.py:48} INFO - Saved file to /opt/***/local_data/silver/omie/pdvd/2025/02/20250204.parquet
[2026-01-23T16:42:25.344+0000] {database.py:189} ERROR - Error during bulk insert into omie.pdvd: duplicate key value violates unique constraint "pdvd_pkey"
DETAIL:  Key (anio, mes, dia, periodo, codigo_uof)=(2025, 2, 4, 1, ABA1) already exists.
CONTEXT:  COPY pdvd, line 1

[2026-01-23T16:42:25.408+0000] {pdvd.py:127} ERROR - Error processing zip bronze/omie/pdvd/2025/pdvd_202502.zip: duplicate key value violates unique constraint "pdvd_pkey"
DETAIL:  Key (anio, mes, dia, periodo, codigo_uof)=(2025, 2, 4, 1, ABA1) already exists.
CONTEXT:  COPY pdvd, line 1

[2026-01-23T16:42:25.848+0000] {filesystem.py:48} INFO - Saved file to /opt/***/local_data/silver/omie/pdvd/2025/02/20250205.parquet
[2026-01-23T16:42:54.588+0000] {database.py:189} ERROR - Error during bulk insert into omie.pdvd: duplicate key value violates unique constraint "pdvd_pkey"
DETAIL:  Key (anio, mes, dia, periodo, codigo_uof)=(2025, 2, 5, 1, ABA1) already exists.
CONTEXT:  COPY pdvd, line 1

[2026-01-23T16:42:54.590+0000] {pdvd.py:127} ERROR - Error processing zip bronze/omie/pdvd/2025/pdvd_202502.zip: duplicate key value violates unique constraint "pdvd_pkey"
DETAIL:  Key (anio, mes, dia, periodo, codigo_uof)=(2025, 2, 5, 1, ABA1) already exists.
CONTEXT:  COPY pdvd, line 1

[2026-01-23T16:42:54.894+0000] {filesystem.py:48} INFO - Saved file to /opt/***/local_data/silver/omie/pdvd/2025/02/20250206.parquet
[2026-01-23T16:43:28.478+0000] {database.py:189} ERROR - Error during bulk insert into omie.pdvd: duplicate key value violates unique constraint "pdvd_pkey"
DETAIL:  Key (anio, mes, dia, periodo, codigo_uof)=(2025, 2, 6, 1, ABA1) already exists.
CONTEXT:  COPY pdvd, line 1

[2026-01-23T16:43:28.492+0000] {pdvd.py:127} ERROR - Error processing zip bronze/omie/pdvd/2025/pdvd_202502.zip: duplicate key value violates unique constraint "pdvd_pkey"
DETAIL:  Key (anio, mes, dia, periodo, codigo_uof)=(2025, 2, 6, 1, ABA1) already exists.
CONTEXT:  COPY pdvd, line 1

[2026-01-23T16:43:29.603+0000] {filesystem.py:48} INFO - Saved file to /opt/***/local_data/silver/omie/pdvd/2025/02/20250207.parquet
[2026-01-23T16:43:56.756+0000] {database.py:189} ERROR - Error during bulk insert into omie.pdvd: duplicate key value violates unique constraint "pdvd_pkey"
DETAIL:  Key (anio, mes, dia, periodo, codigo_uof)=(2025, 2, 7, 1, ABA1) already exists.
CONTEXT:  COPY pdvd, line 1

[2026-01-23T16:43:56.757+0000] {pdvd.py:127} ERROR - Error processing zip bronze/omie/pdvd/2025/pdvd_202502.zip: duplicate key value violates unique constraint "pdvd_pkey"
DETAIL:  Key (anio, mes, dia, periodo, codigo_uof)=(2025, 2, 7, 1, ABA1) already exists.
CONTEXT:  COPY pdvd, line 1

[2026-01-23T16:43:57.041+0000] {filesystem.py:48} INFO - Saved file to /opt/***/local_data/silver/omie/pdvd/2025/02/20250208.parquet
[2026-01-23T16:44:35.506+0000] {database.py:189} ERROR - Error during bulk insert into omie.pdvd: duplicate key value violates unique constraint "pdvd_pkey"
DETAIL:  Key (anio, mes, dia, periodo, codigo_uof)=(2025, 2, 8, 1, ABOUC01) already exists.
CONTEXT:  COPY pdvd, line 1

[2026-01-23T16:44:35.508+0000] {pdvd.py:127} ERROR - Error processing zip bronze/omie/pdvd/2025/pdvd_202502.zip: duplicate key value violates unique constraint "pdvd_pkey"
DETAIL:  Key (anio, mes, dia, periodo, codigo_uof)=(2025, 2, 8, 1, ABOUC01) already exists.
CONTEXT:  COPY pdvd, line 1

[2026-01-23T16:44:35.964+0000] {filesystem.py:48} INFO - Saved file to /opt/***/local_data/silver/omie/pdvd/2025/02/20250209.parquet
[2026-01-23T16:44:59.909+0000] {database.py:186} INFO - Inserted 56606 rows into 'omie.pdvd'.
[2026-01-23T16:44:59.912+0000] {pdvd.py:125} INFO - Processed pdvd for 20250209
[2026-01-23T16:45:00.230+0000] {filesystem.py:48} INFO - Saved file to /opt/***/local_data/silver/omie/pdvd/2025/02/20250210.parquet
[2026-01-23T16:45:36.246+0000] {database.py:189} ERROR - Error during bulk insert into omie.pdvd: duplicate key value violates unique constraint "pdvd_pkey"
DETAIL:  Key (anio, mes, dia, periodo, codigo_uof)=(2025, 2, 10, 1, ABA1) already exists.
CONTEXT:  COPY pdvd, line 1

[2026-01-23T16:45:36.248+0000] {pdvd.py:127} ERROR - Error processing zip bronze/omie/pdvd/2025/pdvd_202502.zip: duplicate key value violates unique constraint "pdvd_pkey"
DETAIL:  Key (anio, mes, dia, periodo, codigo_uof)=(2025, 2, 10, 1, ABA1) already exists.
CONTEXT:  COPY pdvd, line 1

[2026-01-23T16:45:36.544+0000] {filesystem.py:48} INFO - Saved file to /opt/***/local_data/silver/omie/pdvd/2025/02/20250211.parquet
[2026-01-23T16:46:00.051+0000] {database.py:189} ERROR - Error during bulk insert into omie.pdvd: duplicate key value violates unique constraint "pdvd_pkey"
DETAIL:  Key (anio, mes, dia, periodo, codigo_uof)=(2025, 2, 11, 1, ABA1) already exists.
CONTEXT:  COPY pdvd, line 1

[2026-01-23T16:46:00.052+0000] {pdvd.py:127} ERROR - Error processing zip bronze/omie/pdvd/2025/pdvd_202502.zip: duplicate key value violates unique constraint "pdvd_pkey"
DETAIL:  Key (anio, mes, dia, periodo, codigo_uof)=(2025, 2, 11, 1, ABA1) already exists.
CONTEXT:  COPY pdvd, line 1

[2026-01-23T16:46:00.424+0000] {filesystem.py:48} INFO - Saved file to /opt/***/local_data/silver/omie/pdvd/2025/02/20250212.parquet
[2026-01-23T16:46:23.865+0000] {database.py:189} ERROR - Error during bulk insert into omie.pdvd: duplicate key value violates unique constraint "pdvd_pkey"
DETAIL:  Key (anio, mes, dia, periodo, codigo_uof)=(2025, 2, 12, 1, ABOUC01) already exists.
CONTEXT:  COPY pdvd, line 1

[2026-01-23T16:46:23.866+0000] {pdvd.py:127} ERROR - Error processing zip bronze/omie/pdvd/2025/pdvd_202502.zip: duplicate key value violates unique constraint "pdvd_pkey"
DETAIL:  Key (anio, mes, dia, periodo, codigo_uof)=(2025, 2, 12, 1, ABOUC01) already exists.
CONTEXT:  COPY pdvd, line 1

[2026-01-23T16:46:24.225+0000] {filesystem.py:48} INFO - Saved file to /opt/***/local_data/silver/omie/pdvd/2025/02/20250213.parquet
[2026-01-23T16:46:49.366+0000] {database.py:189} ERROR - Error during bulk insert into omie.pdvd: duplicate key value violates unique constraint "pdvd_pkey"
DETAIL:  Key (anio, mes, dia, periodo, codigo_uof)=(2025, 2, 13, 1, ABA1) already exists.
CONTEXT:  COPY pdvd, line 1

[2026-01-23T16:46:49.367+0000] {pdvd.py:127} ERROR - Error processing zip bronze/omie/pdvd/2025/pdvd_202502.zip: duplicate key value violates unique constraint "pdvd_pkey"
DETAIL:  Key (anio, mes, dia, periodo, codigo_uof)=(2025, 2, 13, 1, ABA1) already exists.
CONTEXT:  COPY pdvd, line 1

[2026-01-23T16:46:49.753+0000] {filesystem.py:48} INFO - Saved file to /opt/***/local_data/silver/omie/pdvd/2025/02/20250214.parquet
[2026-01-23T16:47:16.954+0000] {database.py:186} INFO - Inserted 58275 rows into 'omie.pdvd'.
[2026-01-23T16:47:16.957+0000] {pdvd.py:125} INFO - Processed pdvd for 20250214
[2026-01-23T16:47:17.292+0000] {filesystem.py:48} INFO - Saved file to /opt/***/local_data/silver/omie/pdvd/2025/02/20250215.parquet
[2026-01-23T16:47:52.957+0000] {database.py:189} ERROR - Error during bulk insert into omie.pdvd: duplicate key value violates unique constraint "pdvd_pkey"
DETAIL:  Key (anio, mes, dia, periodo, codigo_uof)=(2025, 2, 15, 1, ABA1) already exists.
CONTEXT:  COPY pdvd, line 1

[2026-01-23T16:47:52.959+0000] {pdvd.py:127} ERROR - Error processing zip bronze/omie/pdvd/2025/pdvd_202502.zip: duplicate key value violates unique constraint "pdvd_pkey"
DETAIL:  Key (anio, mes, dia, periodo, codigo_uof)=(2025, 2, 15, 1, ABA1) already exists.
CONTEXT:  COPY pdvd, line 1

[2026-01-23T16:47:53.311+0000] {filesystem.py:48} INFO - Saved file to /opt/***/local_data/silver/omie/pdvd/2025/02/20250216.parquet
