[2026-01-20T18:55:05.815+0000] {local_task_job_runner.py:120} INFO - ::group::Pre task execution logs
[2026-01-20T18:55:05.849+0000] {taskinstance.py:2076} INFO - Dependencies all met for dep_context=non-requeueable deps ti=<TaskInstance: trades_pipeline.download_trades scheduled__2026-01-19T10:00:00+00:00 [queued]>
[2026-01-20T18:55:05.859+0000] {taskinstance.py:2076} INFO - Dependencies all met for dep_context=requeueable deps ti=<TaskInstance: trades_pipeline.download_trades scheduled__2026-01-19T10:00:00+00:00 [queued]>
[2026-01-20T18:55:05.860+0000] {taskinstance.py:2306} INFO - Starting attempt 1 of 2
[2026-01-20T18:55:05.873+0000] {taskinstance.py:2330} INFO - Executing <Task(PythonOperator): download_trades> on 2026-01-19 10:00:00+00:00
[2026-01-20T18:55:05.878+0000] {standard_task_runner.py:63} INFO - Started process 754 to run task
[2026-01-20T18:55:05.882+0000] {standard_task_runner.py:90} INFO - Running: ['***', 'tasks', 'run', 'trades_pipeline', 'download_trades', 'scheduled__2026-01-19T10:00:00+00:00', '--job-id', '24', '--raw', '--subdir', 'DAGS_FOLDER/trades_dag.py', '--cfg-path', '/tmp/tmp1f1najjf']
[2026-01-20T18:55:05.885+0000] {standard_task_runner.py:91} INFO - Job 24: Subtask download_trades
[2026-01-20T18:55:05.990+0000] {task_command.py:426} INFO - Running <TaskInstance: trades_pipeline.download_trades scheduled__2026-01-19T10:00:00+00:00 [running]> on host d1a9e72e2525
[2026-01-20T18:55:06.084+0000] {taskinstance.py:2648} INFO - Exporting env vars: AIRFLOW_CTX_DAG_OWNER='***' AIRFLOW_CTX_DAG_ID='trades_pipeline' AIRFLOW_CTX_TASK_ID='download_trades' AIRFLOW_CTX_EXECUTION_DATE='2026-01-19T10:00:00+00:00' AIRFLOW_CTX_TRY_NUMBER='1' AIRFLOW_CTX_DAG_RUN_ID='scheduled__2026-01-19T10:00:00+00:00'
[2026-01-20T18:55:06.086+0000] {taskinstance.py:430} INFO - ::endgroup::
[2026-01-20T18:55:06.107+0000] {omie_client.py:64} INFO - Downloading trades_202601.zip from OMIE...
[2026-01-20T18:55:06.679+0000] {omie_client.py:68} INFO - File trades_202601.zip not found (404).
[2026-01-20T18:55:06.681+0000] {trades.py:59} WARNING - Failed to download trades_202601.zip
[2026-01-20T18:55:06.682+0000] {python.py:237} INFO - Done. Returned value was: None
[2026-01-20T18:55:06.682+0000] {taskinstance.py:441} INFO - ::group::Post task execution logs
[2026-01-20T18:55:06.692+0000] {taskinstance.py:1206} INFO - Marking task as SUCCESS. dag_id=trades_pipeline, task_id=download_trades, run_id=scheduled__2026-01-19T10:00:00+00:00, execution_date=20260119T100000, start_date=20260120T185505, end_date=20260120T185506
[2026-01-20T18:55:06.740+0000] {local_task_job_runner.py:240} INFO - Task exited with return code 0
[2026-01-20T18:55:06.761+0000] {taskinstance.py:3503} INFO - 1 downstream tasks scheduled from follow-on schedule check
[2026-01-20T18:55:06.764+0000] {local_task_job_runner.py:222} INFO - ::endgroup::
