[2026-01-23T16:09:53.734+0000] {local_task_job_runner.py:120} INFO - ::group::Pre task execution logs
[2026-01-23T16:09:53.833+0000] {taskinstance.py:2076} INFO - Dependencies all met for dep_context=non-requeueable deps ti=<TaskInstance: omie_pipeline.process_pdbf scheduled__2026-01-22T08:30:00+00:00 [queued]>
[2026-01-23T16:09:53.869+0000] {taskinstance.py:2076} INFO - Dependencies all met for dep_context=requeueable deps ti=<TaskInstance: omie_pipeline.process_pdbf scheduled__2026-01-22T08:30:00+00:00 [queued]>
[2026-01-23T16:09:53.873+0000] {taskinstance.py:2306} INFO - Starting attempt 1 of 2
[2026-01-23T16:09:53.912+0000] {taskinstance.py:2330} INFO - Executing <Task(PythonOperator): process_pdbf> on 2026-01-22 08:30:00+00:00
[2026-01-23T16:09:53.926+0000] {standard_task_runner.py:63} INFO - Started process 274 to run task
[2026-01-23T16:09:53.934+0000] {standard_task_runner.py:90} INFO - Running: ['***', 'tasks', 'run', 'omie_pipeline', 'process_pdbf', 'scheduled__2026-01-22T08:30:00+00:00', '--job-id', '181', '--raw', '--subdir', 'DAGS_FOLDER/omie_dag.py', '--cfg-path', '/tmp/tmp35yroagx']
[2026-01-23T16:09:53.947+0000] {standard_task_runner.py:91} INFO - Job 181: Subtask process_pdbf
[2026-01-23T16:09:54.244+0000] {task_command.py:426} INFO - Running <TaskInstance: omie_pipeline.process_pdbf scheduled__2026-01-22T08:30:00+00:00 [running]> on host 2aff4151de2d
[2026-01-23T16:09:54.629+0000] {taskinstance.py:2648} INFO - Exporting env vars: AIRFLOW_CTX_DAG_OWNER='***' AIRFLOW_CTX_DAG_ID='omie_pipeline' AIRFLOW_CTX_TASK_ID='process_pdbf' AIRFLOW_CTX_EXECUTION_DATE='2026-01-22T08:30:00+00:00' AIRFLOW_CTX_TRY_NUMBER='1' AIRFLOW_CTX_DAG_RUN_ID='scheduled__2026-01-22T08:30:00+00:00'
[2026-01-23T16:09:54.635+0000] {taskinstance.py:430} INFO - ::endgroup::
[2026-01-23T16:09:54.738+0000] {logging_mixin.py:188} INFO - Processing process_pdbf for 2025-01-01 00:00:00 - 2026-01-22 00:00:00
[2026-01-23T16:11:09.539+0000] {filesystem.py:48} INFO - Saved file to /opt/***/local_data/silver/omie/pdbf/2025/01/20250101.parquet
[2026-01-23T16:12:26.468+0000] {database.py:189} ERROR - Error during bulk insert into omie.pdbf: duplicate key value violates unique constraint "pdbf_pkey"
DETAIL:  Key (anio, mes, dia, periodo, codigo_uof, codigo_oferta)=(2025, 1, 1, 1, ABA1, 9331525) already exists.
CONTEXT:  COPY pdbf, line 1

[2026-01-23T16:12:26.468+0000] {pdbf.py:134} ERROR - Error processing zip bronze/omie/pdbf/2025/pdbf_202501.zip: duplicate key value violates unique constraint "pdbf_pkey"
DETAIL:  Key (anio, mes, dia, periodo, codigo_uof, codigo_oferta)=(2025, 1, 1, 1, ABA1, 9331525) already exists.
CONTEXT:  COPY pdbf, line 1

[2026-01-23T16:12:26.740+0000] {filesystem.py:48} INFO - Saved file to /opt/***/local_data/silver/omie/pdbf/2025/01/20250102.parquet
[2026-01-23T16:13:20.641+0000] {database.py:186} INFO - Inserted 47170 rows into 'omie.pdbf'.
[2026-01-23T16:13:20.646+0000] {pdbf.py:132} INFO - Processed pdbf for 20250102
[2026-01-23T16:13:21.106+0000] {filesystem.py:48} INFO - Saved file to /opt/***/local_data/silver/omie/pdbf/2025/01/20250103.parquet
[2026-01-23T16:14:42.435+0000] {database.py:189} ERROR - Error during bulk insert into omie.pdbf: duplicate key value violates unique constraint "pdbf_pkey"
DETAIL:  Key (anio, mes, dia, periodo, codigo_uof, codigo_oferta)=(2025, 1, 3, 1, ABA1, 9334420) already exists.
CONTEXT:  COPY pdbf, line 1

[2026-01-23T16:14:42.436+0000] {pdbf.py:134} ERROR - Error processing zip bronze/omie/pdbf/2025/pdbf_202501.zip: duplicate key value violates unique constraint "pdbf_pkey"
DETAIL:  Key (anio, mes, dia, periodo, codigo_uof, codigo_oferta)=(2025, 1, 3, 1, ABA1, 9334420) already exists.
CONTEXT:  COPY pdbf, line 1

[2026-01-23T16:14:42.993+0000] {filesystem.py:48} INFO - Saved file to /opt/***/local_data/silver/omie/pdbf/2025/01/20250104.parquet
[2026-01-23T16:16:18.087+0000] {database.py:189} ERROR - Error during bulk insert into omie.pdbf: duplicate key value violates unique constraint "pdbf_pkey"
DETAIL:  Key (anio, mes, dia, periodo, codigo_uof, codigo_oferta)=(2025, 1, 4, 1, ABA1, 9334475) already exists.
CONTEXT:  COPY pdbf, line 1

[2026-01-23T16:16:18.719+0000] {pdbf.py:134} ERROR - Error processing zip bronze/omie/pdbf/2025/pdbf_202501.zip: duplicate key value violates unique constraint "pdbf_pkey"
DETAIL:  Key (anio, mes, dia, periodo, codigo_uof, codigo_oferta)=(2025, 1, 4, 1, ABA1, 9334475) already exists.
CONTEXT:  COPY pdbf, line 1

[2026-01-23T16:16:28.139+0000] {filesystem.py:48} INFO - Saved file to /opt/***/local_data/silver/omie/pdbf/2025/01/20250105.parquet
[2026-01-23T16:18:19.930+0000] {database.py:189} ERROR - Error during bulk insert into omie.pdbf: duplicate key value violates unique constraint "pdbf_pkey"
DETAIL:  Key (anio, mes, dia, periodo, codigo_uof, codigo_oferta)=(2025, 1, 5, 1, ABA1, 9334530) already exists.
CONTEXT:  COPY pdbf, line 1

[2026-01-23T16:18:19.975+0000] {pdbf.py:134} ERROR - Error processing zip bronze/omie/pdbf/2025/pdbf_202501.zip: duplicate key value violates unique constraint "pdbf_pkey"
DETAIL:  Key (anio, mes, dia, periodo, codigo_uof, codigo_oferta)=(2025, 1, 5, 1, ABA1, 9334530) already exists.
CONTEXT:  COPY pdbf, line 1

[2026-01-23T16:18:22.807+0000] {filesystem.py:48} INFO - Saved file to /opt/***/local_data/silver/omie/pdbf/2025/01/20250106.parquet
[2026-01-23T16:19:26.423+0000] {database.py:189} ERROR - Error during bulk insert into omie.pdbf: duplicate key value violates unique constraint "pdbf_pkey"
DETAIL:  Key (anio, mes, dia, periodo, codigo_uof, codigo_oferta)=(2025, 1, 6, 1, ABA1, 9341643) already exists.
CONTEXT:  COPY pdbf, line 1

[2026-01-23T16:19:26.426+0000] {pdbf.py:134} ERROR - Error processing zip bronze/omie/pdbf/2025/pdbf_202501.zip: duplicate key value violates unique constraint "pdbf_pkey"
DETAIL:  Key (anio, mes, dia, periodo, codigo_uof, codigo_oferta)=(2025, 1, 6, 1, ABA1, 9341643) already exists.
CONTEXT:  COPY pdbf, line 1

[2026-01-23T16:19:26.997+0000] {filesystem.py:48} INFO - Saved file to /opt/***/local_data/silver/omie/pdbf/2025/01/20250107.parquet
[2026-01-23T16:20:26.400+0000] {database.py:189} ERROR - Error during bulk insert into omie.pdbf: duplicate key value violates unique constraint "pdbf_pkey"
DETAIL:  Key (anio, mes, dia, periodo, codigo_uof, codigo_oferta)=(2025, 1, 7, 1, ABA1, 9341701) already exists.
CONTEXT:  COPY pdbf, line 1

[2026-01-23T16:20:26.402+0000] {pdbf.py:134} ERROR - Error processing zip bronze/omie/pdbf/2025/pdbf_202501.zip: duplicate key value violates unique constraint "pdbf_pkey"
DETAIL:  Key (anio, mes, dia, periodo, codigo_uof, codigo_oferta)=(2025, 1, 7, 1, ABA1, 9341701) already exists.
CONTEXT:  COPY pdbf, line 1

[2026-01-23T16:20:26.853+0000] {filesystem.py:48} INFO - Saved file to /opt/***/local_data/silver/omie/pdbf/2025/01/20250108.parquet
[2026-01-23T16:21:18.658+0000] {database.py:189} ERROR - Error during bulk insert into omie.pdbf: duplicate key value violates unique constraint "pdbf_pkey"
DETAIL:  Key (anio, mes, dia, periodo, codigo_uof, codigo_oferta)=(2025, 1, 8, 1, ABOUC01, 9335667) already exists.
CONTEXT:  COPY pdbf, line 1

[2026-01-23T16:21:18.661+0000] {pdbf.py:134} ERROR - Error processing zip bronze/omie/pdbf/2025/pdbf_202501.zip: duplicate key value violates unique constraint "pdbf_pkey"
DETAIL:  Key (anio, mes, dia, periodo, codigo_uof, codigo_oferta)=(2025, 1, 8, 1, ABOUC01, 9335667) already exists.
CONTEXT:  COPY pdbf, line 1

[2026-01-23T16:21:19.787+0000] {filesystem.py:48} INFO - Saved file to /opt/***/local_data/silver/omie/pdbf/2025/01/20250109.parquet
[2026-01-23T16:22:07.864+0000] {database.py:189} ERROR - Error during bulk insert into omie.pdbf: duplicate key value violates unique constraint "pdbf_pkey"
DETAIL:  Key (anio, mes, dia, periodo, codigo_uof, codigo_oferta)=(2025, 1, 9, 1, ABA1, 9345730) already exists.
CONTEXT:  COPY pdbf, line 1

[2026-01-23T16:22:07.866+0000] {pdbf.py:134} ERROR - Error processing zip bronze/omie/pdbf/2025/pdbf_202501.zip: duplicate key value violates unique constraint "pdbf_pkey"
DETAIL:  Key (anio, mes, dia, periodo, codigo_uof, codigo_oferta)=(2025, 1, 9, 1, ABA1, 9345730) already exists.
CONTEXT:  COPY pdbf, line 1

[2026-01-23T16:22:08.357+0000] {filesystem.py:48} INFO - Saved file to /opt/***/local_data/silver/omie/pdbf/2025/01/20250110.parquet
[2026-01-23T16:22:56.176+0000] {database.py:189} ERROR - Error during bulk insert into omie.pdbf: duplicate key value violates unique constraint "pdbf_pkey"
DETAIL:  Key (anio, mes, dia, periodo, codigo_uof, codigo_oferta)=(2025, 1, 10, 1, ABA1, 9345794) already exists.
CONTEXT:  COPY pdbf, line 1

[2026-01-23T16:22:56.177+0000] {pdbf.py:134} ERROR - Error processing zip bronze/omie/pdbf/2025/pdbf_202501.zip: duplicate key value violates unique constraint "pdbf_pkey"
DETAIL:  Key (anio, mes, dia, periodo, codigo_uof, codigo_oferta)=(2025, 1, 10, 1, ABA1, 9345794) already exists.
CONTEXT:  COPY pdbf, line 1

[2026-01-23T16:22:56.727+0000] {filesystem.py:48} INFO - Saved file to /opt/***/local_data/silver/omie/pdbf/2025/01/20250111.parquet
[2026-01-23T16:23:57.992+0000] {database.py:189} ERROR - Error during bulk insert into omie.pdbf: duplicate key value violates unique constraint "pdbf_pkey"
DETAIL:  Key (anio, mes, dia, periodo, codigo_uof, codigo_oferta)=(2025, 1, 11, 1, ABA1, 9352529) already exists.
CONTEXT:  COPY pdbf, line 1

[2026-01-23T16:23:57.996+0000] {pdbf.py:134} ERROR - Error processing zip bronze/omie/pdbf/2025/pdbf_202501.zip: duplicate key value violates unique constraint "pdbf_pkey"
DETAIL:  Key (anio, mes, dia, periodo, codigo_uof, codigo_oferta)=(2025, 1, 11, 1, ABA1, 9352529) already exists.
CONTEXT:  COPY pdbf, line 1

[2026-01-23T16:23:58.800+0000] {filesystem.py:48} INFO - Saved file to /opt/***/local_data/silver/omie/pdbf/2025/01/20250112.parquet
[2026-01-23T16:24:48.772+0000] {database.py:186} INFO - Inserted 48297 rows into 'omie.pdbf'.
[2026-01-23T16:24:48.774+0000] {pdbf.py:132} INFO - Processed pdbf for 20250112
[2026-01-23T16:24:49.336+0000] {filesystem.py:48} INFO - Saved file to /opt/***/local_data/silver/omie/pdbf/2025/01/20250113.parquet
[2026-01-23T16:25:51.463+0000] {database.py:189} ERROR - Error during bulk insert into omie.pdbf: duplicate key value violates unique constraint "pdbf_pkey"
DETAIL:  Key (anio, mes, dia, periodo, codigo_uof, codigo_oferta)=(2025, 1, 13, 1, ABA1, 9352614) already exists.
CONTEXT:  COPY pdbf, line 1

[2026-01-23T16:25:51.531+0000] {pdbf.py:134} ERROR - Error processing zip bronze/omie/pdbf/2025/pdbf_202501.zip: duplicate key value violates unique constraint "pdbf_pkey"
DETAIL:  Key (anio, mes, dia, periodo, codigo_uof, codigo_oferta)=(2025, 1, 13, 1, ABA1, 9352614) already exists.
CONTEXT:  COPY pdbf, line 1

[2026-01-23T16:25:52.420+0000] {filesystem.py:48} INFO - Saved file to /opt/***/local_data/silver/omie/pdbf/2025/01/20250114.parquet
[2026-01-23T16:26:47.549+0000] {database.py:189} ERROR - Error during bulk insert into omie.pdbf: duplicate key value violates unique constraint "pdbf_pkey"
DETAIL:  Key (anio, mes, dia, periodo, codigo_uof, codigo_oferta)=(2025, 1, 14, 1, ABA1, 9359216) already exists.
CONTEXT:  COPY pdbf, line 1

[2026-01-23T16:26:47.550+0000] {pdbf.py:134} ERROR - Error processing zip bronze/omie/pdbf/2025/pdbf_202501.zip: duplicate key value violates unique constraint "pdbf_pkey"
DETAIL:  Key (anio, mes, dia, periodo, codigo_uof, codigo_oferta)=(2025, 1, 14, 1, ABA1, 9359216) already exists.
CONTEXT:  COPY pdbf, line 1

[2026-01-23T16:26:47.910+0000] {filesystem.py:48} INFO - Saved file to /opt/***/local_data/silver/omie/pdbf/2025/01/20250115.parquet
[2026-01-23T16:27:42.182+0000] {database.py:189} ERROR - Error during bulk insert into omie.pdbf: duplicate key value violates unique constraint "pdbf_pkey"
DETAIL:  Key (anio, mes, dia, periodo, codigo_uof, codigo_oferta)=(2025, 1, 15, 1, ABA1, 9359272) already exists.
CONTEXT:  COPY pdbf, line 1

[2026-01-23T16:27:42.183+0000] {pdbf.py:134} ERROR - Error processing zip bronze/omie/pdbf/2025/pdbf_202501.zip: duplicate key value violates unique constraint "pdbf_pkey"
DETAIL:  Key (anio, mes, dia, periodo, codigo_uof, codigo_oferta)=(2025, 1, 15, 1, ABA1, 9359272) already exists.
CONTEXT:  COPY pdbf, line 1

[2026-01-23T16:27:42.452+0000] {filesystem.py:48} INFO - Saved file to /opt/***/local_data/silver/omie/pdbf/2025/01/20250116.parquet
[2026-01-23T16:28:36.503+0000] {database.py:189} ERROR - Error during bulk insert into omie.pdbf: duplicate key value violates unique constraint "pdbf_pkey"
DETAIL:  Key (anio, mes, dia, periodo, codigo_uof, codigo_oferta)=(2025, 1, 16, 1, ABOUC01, 9360636) already exists.
CONTEXT:  COPY pdbf, line 1

[2026-01-23T16:28:36.506+0000] {pdbf.py:134} ERROR - Error processing zip bronze/omie/pdbf/2025/pdbf_202501.zip: duplicate key value violates unique constraint "pdbf_pkey"
DETAIL:  Key (anio, mes, dia, periodo, codigo_uof, codigo_oferta)=(2025, 1, 16, 1, ABOUC01, 9360636) already exists.
CONTEXT:  COPY pdbf, line 1

[2026-01-23T16:28:37.074+0000] {filesystem.py:48} INFO - Saved file to /opt/***/local_data/silver/omie/pdbf/2025/01/20250117.parquet
[2026-01-23T16:29:27.203+0000] {database.py:189} ERROR - Error during bulk insert into omie.pdbf: duplicate key value violates unique constraint "pdbf_pkey"
DETAIL:  Key (anio, mes, dia, periodo, codigo_uof, codigo_oferta)=(2025, 1, 17, 1, ABA1, 9363921) already exists.
CONTEXT:  COPY pdbf, line 1

[2026-01-23T16:29:27.209+0000] {pdbf.py:134} ERROR - Error processing zip bronze/omie/pdbf/2025/pdbf_202501.zip: duplicate key value violates unique constraint "pdbf_pkey"
DETAIL:  Key (anio, mes, dia, periodo, codigo_uof, codigo_oferta)=(2025, 1, 17, 1, ABA1, 9363921) already exists.
CONTEXT:  COPY pdbf, line 1

[2026-01-23T16:29:27.996+0000] {filesystem.py:48} INFO - Saved file to /opt/***/local_data/silver/omie/pdbf/2025/01/20250118.parquet
[2026-01-23T16:31:14.821+0000] {database.py:189} ERROR - Error during bulk insert into omie.pdbf: duplicate key value violates unique constraint "pdbf_pkey"
DETAIL:  Key (anio, mes, dia, periodo, codigo_uof, codigo_oferta)=(2025, 1, 18, 1, ABA1, 9368498) already exists.
CONTEXT:  COPY pdbf, line 1

[2026-01-23T16:31:14.840+0000] {pdbf.py:134} ERROR - Error processing zip bronze/omie/pdbf/2025/pdbf_202501.zip: duplicate key value violates unique constraint "pdbf_pkey"
DETAIL:  Key (anio, mes, dia, periodo, codigo_uof, codigo_oferta)=(2025, 1, 18, 1, ABA1, 9368498) already exists.
CONTEXT:  COPY pdbf, line 1

[2026-01-23T16:31:15.307+0000] {filesystem.py:48} INFO - Saved file to /opt/***/local_data/silver/omie/pdbf/2025/01/20250119.parquet
[2026-01-23T16:32:05.686+0000] {database.py:189} ERROR - Error during bulk insert into omie.pdbf: duplicate key value violates unique constraint "pdbf_pkey"
DETAIL:  Key (anio, mes, dia, periodo, codigo_uof, codigo_oferta)=(2025, 1, 19, 1, ABA1, 9368500) already exists.
CONTEXT:  COPY pdbf, line 1

[2026-01-23T16:32:05.972+0000] {pdbf.py:134} ERROR - Error processing zip bronze/omie/pdbf/2025/pdbf_202501.zip: duplicate key value violates unique constraint "pdbf_pkey"
DETAIL:  Key (anio, mes, dia, periodo, codigo_uof, codigo_oferta)=(2025, 1, 19, 1, ABA1, 9368500) already exists.
CONTEXT:  COPY pdbf, line 1

[2026-01-23T16:32:08.035+0000] {filesystem.py:48} INFO - Saved file to /opt/***/local_data/silver/omie/pdbf/2025/01/20250120.parquet
[2026-01-23T16:33:24.307+0000] {database.py:189} ERROR - Error during bulk insert into omie.pdbf: duplicate key value violates unique constraint "pdbf_pkey"
DETAIL:  Key (anio, mes, dia, periodo, codigo_uof, codigo_oferta)=(2025, 1, 20, 1, ABA1, 9368520) already exists.
CONTEXT:  COPY pdbf, line 1

[2026-01-23T16:33:24.476+0000] {pdbf.py:134} ERROR - Error processing zip bronze/omie/pdbf/2025/pdbf_202501.zip: duplicate key value violates unique constraint "pdbf_pkey"
DETAIL:  Key (anio, mes, dia, periodo, codigo_uof, codigo_oferta)=(2025, 1, 20, 1, ABA1, 9368520) already exists.
CONTEXT:  COPY pdbf, line 1

[2026-01-23T16:33:26.081+0000] {filesystem.py:48} INFO - Saved file to /opt/***/local_data/silver/omie/pdbf/2025/01/20250121.parquet
[2026-01-23T16:34:22.259+0000] {database.py:189} ERROR - Error during bulk insert into omie.pdbf: duplicate key value violates unique constraint "pdbf_pkey"
DETAIL:  Key (anio, mes, dia, periodo, codigo_uof, codigo_oferta)=(2025, 1, 21, 1, ABA1, 9371395) already exists.
CONTEXT:  COPY pdbf, line 1

[2026-01-23T16:34:22.285+0000] {pdbf.py:134} ERROR - Error processing zip bronze/omie/pdbf/2025/pdbf_202501.zip: duplicate key value violates unique constraint "pdbf_pkey"
DETAIL:  Key (anio, mes, dia, periodo, codigo_uof, codigo_oferta)=(2025, 1, 21, 1, ABA1, 9371395) already exists.
CONTEXT:  COPY pdbf, line 1

[2026-01-23T16:34:24.164+0000] {filesystem.py:48} INFO - Saved file to /opt/***/local_data/silver/omie/pdbf/2025/01/20250122.parquet
[2026-01-23T16:35:41.879+0000] {database.py:189} ERROR - Error during bulk insert into omie.pdbf: duplicate key value violates unique constraint "pdbf_pkey"
DETAIL:  Key (anio, mes, dia, periodo, codigo_uof, codigo_oferta)=(2025, 1, 22, 1, ABOUC01, 9376774) already exists.
CONTEXT:  COPY pdbf, line 1

[2026-01-23T16:35:41.898+0000] {pdbf.py:134} ERROR - Error processing zip bronze/omie/pdbf/2025/pdbf_202501.zip: duplicate key value violates unique constraint "pdbf_pkey"
DETAIL:  Key (anio, mes, dia, periodo, codigo_uof, codigo_oferta)=(2025, 1, 22, 1, ABOUC01, 9376774) already exists.
CONTEXT:  COPY pdbf, line 1

[2026-01-23T16:35:42.617+0000] {filesystem.py:48} INFO - Saved file to /opt/***/local_data/silver/omie/pdbf/2025/01/20250123.parquet
[2026-01-23T16:36:17.052+0000] {database.py:186} INFO - Inserted 50157 rows into 'omie.pdbf'.
[2026-01-23T16:36:17.054+0000] {pdbf.py:132} INFO - Processed pdbf for 20250123
[2026-01-23T16:36:17.524+0000] {filesystem.py:48} INFO - Saved file to /opt/***/local_data/silver/omie/pdbf/2025/01/20250124.parquet
[2026-01-23T16:37:01.910+0000] {database.py:189} ERROR - Error during bulk insert into omie.pdbf: duplicate key value violates unique constraint "pdbf_pkey"
DETAIL:  Key (anio, mes, dia, periodo, codigo_uof, codigo_oferta)=(2025, 1, 24, 1, ABA1, 9377714) already exists.
CONTEXT:  COPY pdbf, line 1

[2026-01-23T16:37:01.913+0000] {pdbf.py:134} ERROR - Error processing zip bronze/omie/pdbf/2025/pdbf_202501.zip: duplicate key value violates unique constraint "pdbf_pkey"
DETAIL:  Key (anio, mes, dia, periodo, codigo_uof, codigo_oferta)=(2025, 1, 24, 1, ABA1, 9377714) already exists.
CONTEXT:  COPY pdbf, line 1

[2026-01-23T16:37:02.321+0000] {filesystem.py:48} INFO - Saved file to /opt/***/local_data/silver/omie/pdbf/2025/01/20250125.parquet
[2026-01-23T16:37:34.030+0000] {database.py:189} ERROR - Error during bulk insert into omie.pdbf: duplicate key value violates unique constraint "pdbf_pkey"
DETAIL:  Key (anio, mes, dia, periodo, codigo_uof, codigo_oferta)=(2025, 1, 25, 1, ABA1, 9382281) already exists.
CONTEXT:  COPY pdbf, line 1

[2026-01-23T16:37:34.032+0000] {pdbf.py:134} ERROR - Error processing zip bronze/omie/pdbf/2025/pdbf_202501.zip: duplicate key value violates unique constraint "pdbf_pkey"
DETAIL:  Key (anio, mes, dia, periodo, codigo_uof, codigo_oferta)=(2025, 1, 25, 1, ABA1, 9382281) already exists.
CONTEXT:  COPY pdbf, line 1

[2026-01-23T16:37:35.070+0000] {filesystem.py:48} INFO - Saved file to /opt/***/local_data/silver/omie/pdbf/2025/01/20250126.parquet
[2026-01-23T16:37:58.131+0000] {database.py:189} ERROR - Error during bulk insert into omie.pdbf: duplicate key value violates unique constraint "pdbf_pkey"
DETAIL:  Key (anio, mes, dia, periodo, codigo_uof, codigo_oferta)=(2025, 1, 26, 1, ABA1, 9382307) already exists.
CONTEXT:  COPY pdbf, line 1

[2026-01-23T16:37:58.133+0000] {pdbf.py:134} ERROR - Error processing zip bronze/omie/pdbf/2025/pdbf_202501.zip: duplicate key value violates unique constraint "pdbf_pkey"
DETAIL:  Key (anio, mes, dia, periodo, codigo_uof, codigo_oferta)=(2025, 1, 26, 1, ABA1, 9382307) already exists.
CONTEXT:  COPY pdbf, line 1

[2026-01-23T16:37:58.361+0000] {filesystem.py:48} INFO - Saved file to /opt/***/local_data/silver/omie/pdbf/2025/01/20250127.parquet
[2026-01-23T16:38:21.927+0000] {database.py:186} INFO - Inserted 49073 rows into 'omie.pdbf'.
[2026-01-23T16:38:21.929+0000] {pdbf.py:132} INFO - Processed pdbf for 20250127
[2026-01-23T16:38:22.314+0000] {filesystem.py:48} INFO - Saved file to /opt/***/local_data/silver/omie/pdbf/2025/01/20250128.parquet
[2026-01-23T16:38:57.151+0000] {database.py:189} ERROR - Error during bulk insert into omie.pdbf: duplicate key value violates unique constraint "pdbf_pkey"
DETAIL:  Key (anio, mes, dia, periodo, codigo_uof, codigo_oferta)=(2025, 1, 28, 1, ABA1, 9387583) already exists.
CONTEXT:  COPY pdbf, line 1

[2026-01-23T16:38:57.153+0000] {pdbf.py:134} ERROR - Error processing zip bronze/omie/pdbf/2025/pdbf_202501.zip: duplicate key value violates unique constraint "pdbf_pkey"
DETAIL:  Key (anio, mes, dia, periodo, codigo_uof, codigo_oferta)=(2025, 1, 28, 1, ABA1, 9387583) already exists.
CONTEXT:  COPY pdbf, line 1

[2026-01-23T16:38:57.982+0000] {filesystem.py:48} INFO - Saved file to /opt/***/local_data/silver/omie/pdbf/2025/01/20250129.parquet
[2026-01-23T16:39:24.870+0000] {database.py:189} ERROR - Error during bulk insert into omie.pdbf: duplicate key value violates unique constraint "pdbf_pkey"
DETAIL:  Key (anio, mes, dia, periodo, codigo_uof, codigo_oferta)=(2025, 1, 29, 1, ABA1, 9389567) already exists.
CONTEXT:  COPY pdbf, line 1

[2026-01-23T16:39:24.871+0000] {pdbf.py:134} ERROR - Error processing zip bronze/omie/pdbf/2025/pdbf_202501.zip: duplicate key value violates unique constraint "pdbf_pkey"
DETAIL:  Key (anio, mes, dia, periodo, codigo_uof, codigo_oferta)=(2025, 1, 29, 1, ABA1, 9389567) already exists.
CONTEXT:  COPY pdbf, line 1

[2026-01-23T16:39:25.105+0000] {filesystem.py:48} INFO - Saved file to /opt/***/local_data/silver/omie/pdbf/2025/01/20250130.parquet
[2026-01-23T16:39:55.510+0000] {database.py:189} ERROR - Error during bulk insert into omie.pdbf: duplicate key value violates unique constraint "pdbf_pkey"
DETAIL:  Key (anio, mes, dia, periodo, codigo_uof, codigo_oferta)=(2025, 1, 30, 1, ABA1, 9393762) already exists.
CONTEXT:  COPY pdbf, line 1

[2026-01-23T16:39:55.512+0000] {pdbf.py:134} ERROR - Error processing zip bronze/omie/pdbf/2025/pdbf_202501.zip: duplicate key value violates unique constraint "pdbf_pkey"
DETAIL:  Key (anio, mes, dia, periodo, codigo_uof, codigo_oferta)=(2025, 1, 30, 1, ABA1, 9393762) already exists.
CONTEXT:  COPY pdbf, line 1

[2026-01-23T16:39:55.838+0000] {filesystem.py:48} INFO - Saved file to /opt/***/local_data/silver/omie/pdbf/2025/01/20250131.parquet
[2026-01-23T16:40:19.781+0000] {database.py:189} ERROR - Error during bulk insert into omie.pdbf: duplicate key value violates unique constraint "pdbf_pkey"
DETAIL:  Key (anio, mes, dia, periodo, codigo_uof, codigo_oferta)=(2025, 1, 31, 1, ABA1, 9393827) already exists.
CONTEXT:  COPY pdbf, line 1

[2026-01-23T16:40:19.783+0000] {pdbf.py:134} ERROR - Error processing zip bronze/omie/pdbf/2025/pdbf_202501.zip: duplicate key value violates unique constraint "pdbf_pkey"
DETAIL:  Key (anio, mes, dia, periodo, codigo_uof, codigo_oferta)=(2025, 1, 31, 1, ABA1, 9393827) already exists.
CONTEXT:  COPY pdbf, line 1

[2026-01-23T16:40:20.149+0000] {filesystem.py:48} INFO - Saved file to /opt/***/local_data/silver/omie/pdbf/2025/02/20250201.parquet
[2026-01-23T16:40:47.186+0000] {database.py:189} ERROR - Error during bulk insert into omie.pdbf: duplicate key value violates unique constraint "pdbf_pkey"
DETAIL:  Key (anio, mes, dia, periodo, codigo_uof, codigo_oferta)=(2025, 2, 1, 1, ABA1, 9396062) already exists.
CONTEXT:  COPY pdbf, line 1

[2026-01-23T16:40:47.188+0000] {pdbf.py:134} ERROR - Error processing zip bronze/omie/pdbf/2025/pdbf_202502.zip: duplicate key value violates unique constraint "pdbf_pkey"
DETAIL:  Key (anio, mes, dia, periodo, codigo_uof, codigo_oferta)=(2025, 2, 1, 1, ABA1, 9396062) already exists.
CONTEXT:  COPY pdbf, line 1

[2026-01-23T16:40:47.504+0000] {filesystem.py:48} INFO - Saved file to /opt/***/local_data/silver/omie/pdbf/2025/02/20250202.parquet
[2026-01-23T16:41:12.782+0000] {database.py:189} ERROR - Error during bulk insert into omie.pdbf: duplicate key value violates unique constraint "pdbf_pkey"
DETAIL:  Key (anio, mes, dia, periodo, codigo_uof, codigo_oferta)=(2025, 2, 2, 1, ABA1, 9398485) already exists.
CONTEXT:  COPY pdbf, line 1

[2026-01-23T16:41:12.786+0000] {pdbf.py:134} ERROR - Error processing zip bronze/omie/pdbf/2025/pdbf_202502.zip: duplicate key value violates unique constraint "pdbf_pkey"
DETAIL:  Key (anio, mes, dia, periodo, codigo_uof, codigo_oferta)=(2025, 2, 2, 1, ABA1, 9398485) already exists.
CONTEXT:  COPY pdbf, line 1

[2026-01-23T16:41:13.379+0000] {filesystem.py:48} INFO - Saved file to /opt/***/local_data/silver/omie/pdbf/2025/02/20250203.parquet
[2026-01-23T16:41:41.991+0000] {database.py:186} INFO - Inserted 50190 rows into 'omie.pdbf'.
[2026-01-23T16:41:41.994+0000] {pdbf.py:132} INFO - Processed pdbf for 20250203
[2026-01-23T16:41:42.366+0000] {filesystem.py:48} INFO - Saved file to /opt/***/local_data/silver/omie/pdbf/2025/02/20250204.parquet
[2026-01-23T16:42:28.063+0000] {database.py:189} ERROR - Error during bulk insert into omie.pdbf: duplicate key value violates unique constraint "pdbf_pkey"
DETAIL:  Key (anio, mes, dia, periodo, codigo_uof, codigo_oferta)=(2025, 2, 4, 1, ABA1, 9404002) already exists.
CONTEXT:  COPY pdbf, line 1

[2026-01-23T16:42:28.153+0000] {pdbf.py:134} ERROR - Error processing zip bronze/omie/pdbf/2025/pdbf_202502.zip: duplicate key value violates unique constraint "pdbf_pkey"
DETAIL:  Key (anio, mes, dia, periodo, codigo_uof, codigo_oferta)=(2025, 2, 4, 1, ABA1, 9404002) already exists.
CONTEXT:  COPY pdbf, line 1

[2026-01-23T16:42:29.458+0000] {filesystem.py:48} INFO - Saved file to /opt/***/local_data/silver/omie/pdbf/2025/02/20250205.parquet
[2026-01-23T16:43:03.710+0000] {database.py:189} ERROR - Error during bulk insert into omie.pdbf: duplicate key value violates unique constraint "pdbf_pkey"
DETAIL:  Key (anio, mes, dia, periodo, codigo_uof, codigo_oferta)=(2025, 2, 5, 1, ABA1, 9408050) already exists.
CONTEXT:  COPY pdbf, line 1

[2026-01-23T16:43:03.715+0000] {pdbf.py:134} ERROR - Error processing zip bronze/omie/pdbf/2025/pdbf_202502.zip: duplicate key value violates unique constraint "pdbf_pkey"
DETAIL:  Key (anio, mes, dia, periodo, codigo_uof, codigo_oferta)=(2025, 2, 5, 1, ABA1, 9408050) already exists.
CONTEXT:  COPY pdbf, line 1

[2026-01-23T16:43:04.026+0000] {filesystem.py:48} INFO - Saved file to /opt/***/local_data/silver/omie/pdbf/2025/02/20250206.parquet
[2026-01-23T16:43:52.566+0000] {database.py:189} ERROR - Error during bulk insert into omie.pdbf: duplicate key value violates unique constraint "pdbf_pkey"
DETAIL:  Key (anio, mes, dia, periodo, codigo_uof, codigo_oferta)=(2025, 2, 6, 1, ABA1, 9408122) already exists.
CONTEXT:  COPY pdbf, line 1

[2026-01-23T16:43:52.675+0000] {pdbf.py:134} ERROR - Error processing zip bronze/omie/pdbf/2025/pdbf_202502.zip: duplicate key value violates unique constraint "pdbf_pkey"
DETAIL:  Key (anio, mes, dia, periodo, codigo_uof, codigo_oferta)=(2025, 2, 6, 1, ABA1, 9408122) already exists.
CONTEXT:  COPY pdbf, line 1

[2026-01-23T16:43:53.683+0000] {filesystem.py:48} INFO - Saved file to /opt/***/local_data/silver/omie/pdbf/2025/02/20250207.parquet
[2026-01-23T16:44:23.946+0000] {database.py:189} ERROR - Error during bulk insert into omie.pdbf: duplicate key value violates unique constraint "pdbf_pkey"
DETAIL:  Key (anio, mes, dia, periodo, codigo_uof, codigo_oferta)=(2025, 2, 7, 1, ABA1, 9410395) already exists.
CONTEXT:  COPY pdbf, line 1

[2026-01-23T16:44:23.949+0000] {pdbf.py:134} ERROR - Error processing zip bronze/omie/pdbf/2025/pdbf_202502.zip: duplicate key value violates unique constraint "pdbf_pkey"
DETAIL:  Key (anio, mes, dia, periodo, codigo_uof, codigo_oferta)=(2025, 2, 7, 1, ABA1, 9410395) already exists.
CONTEXT:  COPY pdbf, line 1

[2026-01-23T16:44:24.344+0000] {filesystem.py:48} INFO - Saved file to /opt/***/local_data/silver/omie/pdbf/2025/02/20250208.parquet
[2026-01-23T16:44:52.609+0000] {database.py:189} ERROR - Error during bulk insert into omie.pdbf: duplicate key value violates unique constraint "pdbf_pkey"
DETAIL:  Key (anio, mes, dia, periodo, codigo_uof, codigo_oferta)=(2025, 2, 8, 1, ABOUC01, 9414514) already exists.
CONTEXT:  COPY pdbf, line 1

[2026-01-23T16:44:52.610+0000] {pdbf.py:134} ERROR - Error processing zip bronze/omie/pdbf/2025/pdbf_202502.zip: duplicate key value violates unique constraint "pdbf_pkey"
DETAIL:  Key (anio, mes, dia, periodo, codigo_uof, codigo_oferta)=(2025, 2, 8, 1, ABOUC01, 9414514) already exists.
CONTEXT:  COPY pdbf, line 1

[2026-01-23T16:44:52.902+0000] {filesystem.py:48} INFO - Saved file to /opt/***/local_data/silver/omie/pdbf/2025/02/20250209.parquet
[2026-01-23T16:45:18.345+0000] {database.py:186} INFO - Inserted 48421 rows into 'omie.pdbf'.
[2026-01-23T16:45:18.347+0000] {pdbf.py:132} INFO - Processed pdbf for 20250209
[2026-01-23T16:45:18.684+0000] {filesystem.py:48} INFO - Saved file to /opt/***/local_data/silver/omie/pdbf/2025/02/20250210.parquet
[2026-01-23T16:45:48.651+0000] {database.py:189} ERROR - Error during bulk insert into omie.pdbf: duplicate key value violates unique constraint "pdbf_pkey"
DETAIL:  Key (anio, mes, dia, periodo, codigo_uof, codigo_oferta)=(2025, 2, 10, 1, ABA1, 9417290) already exists.
CONTEXT:  COPY pdbf, line 1

[2026-01-23T16:45:48.652+0000] {pdbf.py:134} ERROR - Error processing zip bronze/omie/pdbf/2025/pdbf_202502.zip: duplicate key value violates unique constraint "pdbf_pkey"
DETAIL:  Key (anio, mes, dia, periodo, codigo_uof, codigo_oferta)=(2025, 2, 10, 1, ABA1, 9417290) already exists.
CONTEXT:  COPY pdbf, line 1

[2026-01-23T16:45:49.034+0000] {filesystem.py:48} INFO - Saved file to /opt/***/local_data/silver/omie/pdbf/2025/02/20250211.parquet
[2026-01-23T16:46:14.702+0000] {database.py:189} ERROR - Error during bulk insert into omie.pdbf: duplicate key value violates unique constraint "pdbf_pkey"
DETAIL:  Key (anio, mes, dia, periodo, codigo_uof, codigo_oferta)=(2025, 2, 11, 1, ABA1, 9422343) already exists.
CONTEXT:  COPY pdbf, line 1

[2026-01-23T16:46:14.703+0000] {pdbf.py:134} ERROR - Error processing zip bronze/omie/pdbf/2025/pdbf_202502.zip: duplicate key value violates unique constraint "pdbf_pkey"
DETAIL:  Key (anio, mes, dia, periodo, codigo_uof, codigo_oferta)=(2025, 2, 11, 1, ABA1, 9422343) already exists.
CONTEXT:  COPY pdbf, line 1

[2026-01-23T16:46:15.129+0000] {filesystem.py:48} INFO - Saved file to /opt/***/local_data/silver/omie/pdbf/2025/02/20250212.parquet
[2026-01-23T16:46:44.774+0000] {database.py:189} ERROR - Error during bulk insert into omie.pdbf: duplicate key value violates unique constraint "pdbf_pkey"
DETAIL:  Key (anio, mes, dia, periodo, codigo_uof, codigo_oferta)=(2025, 2, 12, 1, ABOUC01, 9417346) already exists.
CONTEXT:  COPY pdbf, line 1

[2026-01-23T16:46:44.775+0000] {pdbf.py:134} ERROR - Error processing zip bronze/omie/pdbf/2025/pdbf_202502.zip: duplicate key value violates unique constraint "pdbf_pkey"
DETAIL:  Key (anio, mes, dia, periodo, codigo_uof, codigo_oferta)=(2025, 2, 12, 1, ABOUC01, 9417346) already exists.
CONTEXT:  COPY pdbf, line 1

[2026-01-23T16:46:45.187+0000] {filesystem.py:48} INFO - Saved file to /opt/***/local_data/silver/omie/pdbf/2025/02/20250213.parquet
[2026-01-23T16:47:13.144+0000] {database.py:189} ERROR - Error during bulk insert into omie.pdbf: duplicate key value violates unique constraint "pdbf_pkey"
DETAIL:  Key (anio, mes, dia, periodo, codigo_uof, codigo_oferta)=(2025, 2, 13, 1, ABA1, 9424286) already exists.
CONTEXT:  COPY pdbf, line 1

[2026-01-23T16:47:13.145+0000] {pdbf.py:134} ERROR - Error processing zip bronze/omie/pdbf/2025/pdbf_202502.zip: duplicate key value violates unique constraint "pdbf_pkey"
DETAIL:  Key (anio, mes, dia, periodo, codigo_uof, codigo_oferta)=(2025, 2, 13, 1, ABA1, 9424286) already exists.
CONTEXT:  COPY pdbf, line 1

[2026-01-23T16:47:13.498+0000] {filesystem.py:48} INFO - Saved file to /opt/***/local_data/silver/omie/pdbf/2025/02/20250214.parquet
[2026-01-23T16:47:43.865+0000] {database.py:189} ERROR - Error during bulk insert into omie.pdbf: duplicate key value violates unique constraint "pdbf_pkey"
DETAIL:  Key (anio, mes, dia, periodo, codigo_uof, codigo_oferta)=(2025, 2, 14, 1, ABA1, 9427081) already exists.
CONTEXT:  COPY pdbf, line 1

[2026-01-23T16:47:43.866+0000] {pdbf.py:134} ERROR - Error processing zip bronze/omie/pdbf/2025/pdbf_202502.zip: duplicate key value violates unique constraint "pdbf_pkey"
DETAIL:  Key (anio, mes, dia, periodo, codigo_uof, codigo_oferta)=(2025, 2, 14, 1, ABA1, 9427081) already exists.
CONTEXT:  COPY pdbf, line 1

[2026-01-23T16:47:44.357+0000] {filesystem.py:48} INFO - Saved file to /opt/***/local_data/silver/omie/pdbf/2025/02/20250215.parquet
[2026-01-23T16:48:23.755+0000] {database.py:189} ERROR - Error during bulk insert into omie.pdbf: duplicate key value violates unique constraint "pdbf_pkey"
DETAIL:  Key (anio, mes, dia, periodo, codigo_uof, codigo_oferta)=(2025, 2, 15, 1, ABA1, 9431594) already exists.
CONTEXT:  COPY pdbf, line 1

[2026-01-23T16:48:23.762+0000] {pdbf.py:134} ERROR - Error processing zip bronze/omie/pdbf/2025/pdbf_202502.zip: duplicate key value violates unique constraint "pdbf_pkey"
DETAIL:  Key (anio, mes, dia, periodo, codigo_uof, codigo_oferta)=(2025, 2, 15, 1, ABA1, 9431594) already exists.
CONTEXT:  COPY pdbf, line 1

[2026-01-23T16:48:24.536+0000] {filesystem.py:48} INFO - Saved file to /opt/***/local_data/silver/omie/pdbf/2025/02/20250216.parquet
[2026-01-23T16:48:53.082+0000] {database.py:189} ERROR - Error during bulk insert into omie.pdbf: duplicate key value violates unique constraint "pdbf_pkey"
DETAIL:  Key (anio, mes, dia, periodo, codigo_uof, codigo_oferta)=(2025, 2, 16, 1, ABA1, 9431618) already exists.
CONTEXT:  COPY pdbf, line 1

[2026-01-23T16:48:53.083+0000] {pdbf.py:134} ERROR - Error processing zip bronze/omie/pdbf/2025/pdbf_202502.zip: duplicate key value violates unique constraint "pdbf_pkey"
DETAIL:  Key (anio, mes, dia, periodo, codigo_uof, codigo_oferta)=(2025, 2, 16, 1, ABA1, 9431618) already exists.
CONTEXT:  COPY pdbf, line 1

[2026-01-23T16:48:53.486+0000] {filesystem.py:48} INFO - Saved file to /opt/***/local_data/silver/omie/pdbf/2025/02/20250217.parquet
[2026-01-23T16:49:25.529+0000] {database.py:189} ERROR - Error during bulk insert into omie.pdbf: duplicate key value violates unique constraint "pdbf_pkey"
DETAIL:  Key (anio, mes, dia, periodo, codigo_uof, codigo_oferta)=(2025, 2, 17, 1, ABA1, 9433860) already exists.
CONTEXT:  COPY pdbf, line 1

[2026-01-23T16:49:25.530+0000] {pdbf.py:134} ERROR - Error processing zip bronze/omie/pdbf/2025/pdbf_202502.zip: duplicate key value violates unique constraint "pdbf_pkey"
DETAIL:  Key (anio, mes, dia, periodo, codigo_uof, codigo_oferta)=(2025, 2, 17, 1, ABA1, 9433860) already exists.
CONTEXT:  COPY pdbf, line 1

[2026-01-23T16:49:25.885+0000] {filesystem.py:48} INFO - Saved file to /opt/***/local_data/silver/omie/pdbf/2025/02/20250218.parquet
[2026-01-23T16:49:53.107+0000] {database.py:186} INFO - Inserted 51835 rows into 'omie.pdbf'.
[2026-01-23T16:49:53.109+0000] {pdbf.py:132} INFO - Processed pdbf for 20250218
[2026-01-23T16:49:53.590+0000] {filesystem.py:48} INFO - Saved file to /opt/***/local_data/silver/omie/pdbf/2025/02/20250219.parquet
[2026-01-23T16:50:18.829+0000] {database.py:186} INFO - Inserted 51472 rows into 'omie.pdbf'.
[2026-01-23T16:50:18.830+0000] {pdbf.py:132} INFO - Processed pdbf for 20250219
[2026-01-23T16:50:19.206+0000] {filesystem.py:48} INFO - Saved file to /opt/***/local_data/silver/omie/pdbf/2025/02/20250220.parquet
[2026-01-23T16:51:03.221+0000] {database.py:189} ERROR - Error during bulk insert into omie.pdbf: duplicate key value violates unique constraint "pdbf_pkey"
DETAIL:  Key (anio, mes, dia, periodo, codigo_uof, codigo_oferta)=(2025, 2, 20, 1, ABA1, 9440635) already exists.
CONTEXT:  COPY pdbf, line 1

[2026-01-23T16:51:03.223+0000] {pdbf.py:134} ERROR - Error processing zip bronze/omie/pdbf/2025/pdbf_202502.zip: duplicate key value violates unique constraint "pdbf_pkey"
DETAIL:  Key (anio, mes, dia, periodo, codigo_uof, codigo_oferta)=(2025, 2, 20, 1, ABA1, 9440635) already exists.
CONTEXT:  COPY pdbf, line 1

[2026-01-23T16:51:03.600+0000] {filesystem.py:48} INFO - Saved file to /opt/***/local_data/silver/omie/pdbf/2025/02/20250221.parquet
[2026-01-23T16:51:47.180+0000] {database.py:189} ERROR - Error during bulk insert into omie.pdbf: duplicate key value violates unique constraint "pdbf_pkey"
DETAIL:  Key (anio, mes, dia, periodo, codigo_uof, codigo_oferta)=(2025, 2, 21, 1, ABA1, 9443191) already exists.
CONTEXT:  COPY pdbf, line 1

[2026-01-23T16:51:47.181+0000] {pdbf.py:134} ERROR - Error processing zip bronze/omie/pdbf/2025/pdbf_202502.zip: duplicate key value violates unique constraint "pdbf_pkey"
DETAIL:  Key (anio, mes, dia, periodo, codigo_uof, codigo_oferta)=(2025, 2, 21, 1, ABA1, 9443191) already exists.
CONTEXT:  COPY pdbf, line 1

[2026-01-23T16:51:47.501+0000] {filesystem.py:48} INFO - Saved file to /opt/***/local_data/silver/omie/pdbf/2025/02/20250222.parquet
[2026-01-23T16:52:28.136+0000] {database.py:189} ERROR - Error during bulk insert into omie.pdbf: duplicate key value violates unique constraint "pdbf_pkey"
DETAIL:  Key (anio, mes, dia, periodo, codigo_uof, codigo_oferta)=(2025, 2, 22, 1, ABA1, 9445435) already exists.
CONTEXT:  COPY pdbf, line 1

[2026-01-23T16:52:28.138+0000] {pdbf.py:134} ERROR - Error processing zip bronze/omie/pdbf/2025/pdbf_202502.zip: duplicate key value violates unique constraint "pdbf_pkey"
DETAIL:  Key (anio, mes, dia, periodo, codigo_uof, codigo_oferta)=(2025, 2, 22, 1, ABA1, 9445435) already exists.
CONTEXT:  COPY pdbf, line 1

[2026-01-23T16:52:32.381+0000] {filesystem.py:48} INFO - Saved file to /opt/***/local_data/silver/omie/pdbf/2025/02/20250223.parquet
[2026-01-23T16:53:31.873+0000] {database.py:189} ERROR - Error during bulk insert into omie.pdbf: duplicate key value violates unique constraint "pdbf_pkey"
DETAIL:  Key (anio, mes, dia, periodo, codigo_uof, codigo_oferta)=(2025, 2, 23, 1, ABA1, 9447804) already exists.
CONTEXT:  COPY pdbf, line 1

[2026-01-23T16:53:31.874+0000] {pdbf.py:134} ERROR - Error processing zip bronze/omie/pdbf/2025/pdbf_202502.zip: duplicate key value violates unique constraint "pdbf_pkey"
DETAIL:  Key (anio, mes, dia, periodo, codigo_uof, codigo_oferta)=(2025, 2, 23, 1, ABA1, 9447804) already exists.
CONTEXT:  COPY pdbf, line 1

[2026-01-23T16:53:32.382+0000] {filesystem.py:48} INFO - Saved file to /opt/***/local_data/silver/omie/pdbf/2025/02/20250224.parquet
[2026-01-23T16:54:25.020+0000] {database.py:186} INFO - Inserted 51801 rows into 'omie.pdbf'.
[2026-01-23T16:54:25.024+0000] {pdbf.py:132} INFO - Processed pdbf for 20250224
[2026-01-23T16:54:25.329+0000] {filesystem.py:48} INFO - Saved file to /opt/***/local_data/silver/omie/pdbf/2025/02/20250225.parquet
[2026-01-23T16:56:18.710+0000] {database.py:189} ERROR - Error during bulk insert into omie.pdbf: duplicate key value violates unique constraint "pdbf_pkey"
DETAIL:  Key (anio, mes, dia, periodo, codigo_uof, codigo_oferta)=(2025, 2, 25, 1, ABA1, 9453163) already exists.
CONTEXT:  COPY pdbf, line 1

[2026-01-23T16:56:18.712+0000] {pdbf.py:134} ERROR - Error processing zip bronze/omie/pdbf/2025/pdbf_202502.zip: duplicate key value violates unique constraint "pdbf_pkey"
DETAIL:  Key (anio, mes, dia, periodo, codigo_uof, codigo_oferta)=(2025, 2, 25, 1, ABA1, 9453163) already exists.
CONTEXT:  COPY pdbf, line 1

[2026-01-23T16:56:19.123+0000] {filesystem.py:48} INFO - Saved file to /opt/***/local_data/silver/omie/pdbf/2025/02/20250226.parquet
[2026-01-23T16:57:07.238+0000] {database.py:189} ERROR - Error during bulk insert into omie.pdbf: duplicate key value violates unique constraint "pdbf_pkey"
DETAIL:  Key (anio, mes, dia, periodo, codigo_uof, codigo_oferta)=(2025, 2, 26, 1, ABA1, 9455254) already exists.
CONTEXT:  COPY pdbf, line 1

[2026-01-23T16:57:07.239+0000] {pdbf.py:134} ERROR - Error processing zip bronze/omie/pdbf/2025/pdbf_202502.zip: duplicate key value violates unique constraint "pdbf_pkey"
DETAIL:  Key (anio, mes, dia, periodo, codigo_uof, codigo_oferta)=(2025, 2, 26, 1, ABA1, 9455254) already exists.
CONTEXT:  COPY pdbf, line 1

[2026-01-23T16:57:07.599+0000] {filesystem.py:48} INFO - Saved file to /opt/***/local_data/silver/omie/pdbf/2025/02/20250227.parquet
[2026-01-23T16:58:13.443+0000] {database.py:189} ERROR - Error during bulk insert into omie.pdbf: duplicate key value violates unique constraint "pdbf_pkey"
DETAIL:  Key (anio, mes, dia, periodo, codigo_uof, codigo_oferta)=(2025, 2, 27, 1, ABA1, 9457305) already exists.
CONTEXT:  COPY pdbf, line 1

[2026-01-23T16:58:13.444+0000] {pdbf.py:134} ERROR - Error processing zip bronze/omie/pdbf/2025/pdbf_202502.zip: duplicate key value violates unique constraint "pdbf_pkey"
DETAIL:  Key (anio, mes, dia, periodo, codigo_uof, codigo_oferta)=(2025, 2, 27, 1, ABA1, 9457305) already exists.
CONTEXT:  COPY pdbf, line 1

[2026-01-23T16:58:14.274+0000] {filesystem.py:48} INFO - Saved file to /opt/***/local_data/silver/omie/pdbf/2025/02/20250228.parquet
[2026-01-23T16:59:06.029+0000] {database.py:189} ERROR - Error during bulk insert into omie.pdbf: duplicate key value violates unique constraint "pdbf_pkey"
DETAIL:  Key (anio, mes, dia, periodo, codigo_uof, codigo_oferta)=(2025, 2, 28, 1, ABA1, 9459655) already exists.
CONTEXT:  COPY pdbf, line 1

[2026-01-23T16:59:06.031+0000] {pdbf.py:134} ERROR - Error processing zip bronze/omie/pdbf/2025/pdbf_202502.zip: duplicate key value violates unique constraint "pdbf_pkey"
DETAIL:  Key (anio, mes, dia, periodo, codigo_uof, codigo_oferta)=(2025, 2, 28, 1, ABA1, 9459655) already exists.
CONTEXT:  COPY pdbf, line 1

[2026-01-23T16:59:06.423+0000] {filesystem.py:48} INFO - Saved file to /opt/***/local_data/silver/omie/pdbf/2025/03/20250301.parquet
[2026-01-23T17:00:06.233+0000] {database.py:189} ERROR - Error during bulk insert into omie.pdbf: duplicate key value violates unique constraint "pdbf_pkey"
DETAIL:  Key (anio, mes, dia, periodo, codigo_uof, codigo_oferta)=(2025, 3, 1, 1, ABA1, 9461932) already exists.
CONTEXT:  COPY pdbf, line 1

[2026-01-23T17:00:06.235+0000] {pdbf.py:134} ERROR - Error processing zip bronze/omie/pdbf/2025/pdbf_202503.zip: duplicate key value violates unique constraint "pdbf_pkey"
DETAIL:  Key (anio, mes, dia, periodo, codigo_uof, codigo_oferta)=(2025, 3, 1, 1, ABA1, 9461932) already exists.
CONTEXT:  COPY pdbf, line 1

[2026-01-23T17:00:07.636+0000] {filesystem.py:48} INFO - Saved file to /opt/***/local_data/silver/omie/pdbf/2025/03/20250302.parquet
[2026-01-23T17:00:54.964+0000] {database.py:186} INFO - Inserted 50306 rows into 'omie.pdbf'.
[2026-01-23T17:00:54.970+0000] {pdbf.py:132} INFO - Processed pdbf for 20250302
[2026-01-23T17:00:55.559+0000] {filesystem.py:48} INFO - Saved file to /opt/***/local_data/silver/omie/pdbf/2025/03/20250303.parquet
[2026-01-23T17:02:26.257+0000] {database.py:189} ERROR - Error during bulk insert into omie.pdbf: duplicate key value violates unique constraint "pdbf_pkey"
DETAIL:  Key (anio, mes, dia, periodo, codigo_uof, codigo_oferta)=(2025, 3, 3, 1, ABA1, 9467051) already exists.
CONTEXT:  COPY pdbf, line 1

[2026-01-23T17:02:26.259+0000] {pdbf.py:134} ERROR - Error processing zip bronze/omie/pdbf/2025/pdbf_202503.zip: duplicate key value violates unique constraint "pdbf_pkey"
DETAIL:  Key (anio, mes, dia, periodo, codigo_uof, codigo_oferta)=(2025, 3, 3, 1, ABA1, 9467051) already exists.
CONTEXT:  COPY pdbf, line 1

[2026-01-23T17:02:26.754+0000] {filesystem.py:48} INFO - Saved file to /opt/***/local_data/silver/omie/pdbf/2025/03/20250304.parquet
[2026-01-23T17:03:32.258+0000] {database.py:189} ERROR - Error during bulk insert into omie.pdbf: duplicate key value violates unique constraint "pdbf_pkey"
DETAIL:  Key (anio, mes, dia, periodo, codigo_uof, codigo_oferta)=(2025, 3, 4, 1, ABA1, 9470421) already exists.
CONTEXT:  COPY pdbf, line 1

[2026-01-23T17:03:32.259+0000] {pdbf.py:134} ERROR - Error processing zip bronze/omie/pdbf/2025/pdbf_202503.zip: duplicate key value violates unique constraint "pdbf_pkey"
DETAIL:  Key (anio, mes, dia, periodo, codigo_uof, codigo_oferta)=(2025, 3, 4, 1, ABA1, 9470421) already exists.
CONTEXT:  COPY pdbf, line 1

[2026-01-23T17:03:32.738+0000] {filesystem.py:48} INFO - Saved file to /opt/***/local_data/silver/omie/pdbf/2025/03/20250305.parquet
[2026-01-23T17:04:43.647+0000] {database.py:189} ERROR - Error during bulk insert into omie.pdbf: duplicate key value violates unique constraint "pdbf_pkey"
DETAIL:  Key (anio, mes, dia, periodo, codigo_uof, codigo_oferta)=(2025, 3, 5, 1, ABA1, 9474483) already exists.
CONTEXT:  COPY pdbf, line 1

[2026-01-23T17:04:43.649+0000] {pdbf.py:134} ERROR - Error processing zip bronze/omie/pdbf/2025/pdbf_202503.zip: duplicate key value violates unique constraint "pdbf_pkey"
DETAIL:  Key (anio, mes, dia, periodo, codigo_uof, codigo_oferta)=(2025, 3, 5, 1, ABA1, 9474483) already exists.
CONTEXT:  COPY pdbf, line 1

[2026-01-23T17:04:44.717+0000] {filesystem.py:48} INFO - Saved file to /opt/***/local_data/silver/omie/pdbf/2025/03/20250306.parquet
[2026-01-23T17:05:24.326+0000] {database.py:189} ERROR - Error during bulk insert into omie.pdbf: duplicate key value violates unique constraint "pdbf_pkey"
DETAIL:  Key (anio, mes, dia, periodo, codigo_uof, codigo_oferta)=(2025, 3, 6, 1, ABA1, 9474562) already exists.
CONTEXT:  COPY pdbf, line 1

[2026-01-23T17:05:24.327+0000] {pdbf.py:134} ERROR - Error processing zip bronze/omie/pdbf/2025/pdbf_202503.zip: duplicate key value violates unique constraint "pdbf_pkey"
DETAIL:  Key (anio, mes, dia, periodo, codigo_uof, codigo_oferta)=(2025, 3, 6, 1, ABA1, 9474562) already exists.
CONTEXT:  COPY pdbf, line 1

[2026-01-23T17:05:25.222+0000] {filesystem.py:48} INFO - Saved file to /opt/***/local_data/silver/omie/pdbf/2025/03/20250307.parquet
[2026-01-23T17:06:10.664+0000] {database.py:189} ERROR - Error during bulk insert into omie.pdbf: duplicate key value violates unique constraint "pdbf_pkey"
DETAIL:  Key (anio, mes, dia, periodo, codigo_uof, codigo_oferta)=(2025, 3, 7, 1, ABA1, 9479198) already exists.
CONTEXT:  COPY pdbf, line 1

[2026-01-23T17:06:10.665+0000] {pdbf.py:134} ERROR - Error processing zip bronze/omie/pdbf/2025/pdbf_202503.zip: duplicate key value violates unique constraint "pdbf_pkey"
DETAIL:  Key (anio, mes, dia, periodo, codigo_uof, codigo_oferta)=(2025, 3, 7, 1, ABA1, 9479198) already exists.
CONTEXT:  COPY pdbf, line 1

[2026-01-23T17:06:11.200+0000] {filesystem.py:48} INFO - Saved file to /opt/***/local_data/silver/omie/pdbf/2025/03/20250308.parquet
[2026-01-23T17:06:45.342+0000] {database.py:189} ERROR - Error during bulk insert into omie.pdbf: duplicate key value violates unique constraint "pdbf_pkey"
DETAIL:  Key (anio, mes, dia, periodo, codigo_uof, codigo_oferta)=(2025, 3, 8, 1, ABA1, 9479330) already exists.
CONTEXT:  COPY pdbf, line 1

[2026-01-23T17:06:45.344+0000] {pdbf.py:134} ERROR - Error processing zip bronze/omie/pdbf/2025/pdbf_202503.zip: duplicate key value violates unique constraint "pdbf_pkey"
DETAIL:  Key (anio, mes, dia, periodo, codigo_uof, codigo_oferta)=(2025, 3, 8, 1, ABA1, 9479330) already exists.
CONTEXT:  COPY pdbf, line 1

[2026-01-23T17:06:45.848+0000] {filesystem.py:48} INFO - Saved file to /opt/***/local_data/silver/omie/pdbf/2025/03/20250309.parquet
[2026-01-23T17:07:22.260+0000] {database.py:189} ERROR - Error during bulk insert into omie.pdbf: duplicate key value violates unique constraint "pdbf_pkey"
DETAIL:  Key (anio, mes, dia, periodo, codigo_uof, codigo_oferta)=(2025, 3, 9, 1, ABOUC01, 9487385) already exists.
CONTEXT:  COPY pdbf, line 1

[2026-01-23T17:07:22.261+0000] {pdbf.py:134} ERROR - Error processing zip bronze/omie/pdbf/2025/pdbf_202503.zip: duplicate key value violates unique constraint "pdbf_pkey"
DETAIL:  Key (anio, mes, dia, periodo, codigo_uof, codigo_oferta)=(2025, 3, 9, 1, ABOUC01, 9487385) already exists.
CONTEXT:  COPY pdbf, line 1

[2026-01-23T17:07:22.928+0000] {filesystem.py:48} INFO - Saved file to /opt/***/local_data/silver/omie/pdbf/2025/03/20250310.parquet
[2026-01-23T17:08:00.442+0000] {database.py:189} ERROR - Error during bulk insert into omie.pdbf: duplicate key value violates unique constraint "pdbf_pkey"
DETAIL:  Key (anio, mes, dia, periodo, codigo_uof, codigo_oferta)=(2025, 3, 10, 1, ABOUC01, 9489507) already exists.
CONTEXT:  COPY pdbf, line 1

[2026-01-23T17:08:00.443+0000] {pdbf.py:134} ERROR - Error processing zip bronze/omie/pdbf/2025/pdbf_202503.zip: duplicate key value violates unique constraint "pdbf_pkey"
DETAIL:  Key (anio, mes, dia, periodo, codigo_uof, codigo_oferta)=(2025, 3, 10, 1, ABOUC01, 9489507) already exists.
CONTEXT:  COPY pdbf, line 1

[2026-01-23T17:08:00.928+0000] {filesystem.py:48} INFO - Saved file to /opt/***/local_data/silver/omie/pdbf/2025/03/20250311.parquet
[2026-01-23T17:08:36.606+0000] {database.py:189} ERROR - Error during bulk insert into omie.pdbf: duplicate key value violates unique constraint "pdbf_pkey"
DETAIL:  Key (anio, mes, dia, periodo, codigo_uof, codigo_oferta)=(2025, 3, 11, 1, ABA1, 9486949) already exists.
CONTEXT:  COPY pdbf, line 1

[2026-01-23T17:08:36.607+0000] {pdbf.py:134} ERROR - Error processing zip bronze/omie/pdbf/2025/pdbf_202503.zip: duplicate key value violates unique constraint "pdbf_pkey"
DETAIL:  Key (anio, mes, dia, periodo, codigo_uof, codigo_oferta)=(2025, 3, 11, 1, ABA1, 9486949) already exists.
CONTEXT:  COPY pdbf, line 1

[2026-01-23T17:08:37.125+0000] {filesystem.py:48} INFO - Saved file to /opt/***/local_data/silver/omie/pdbf/2025/03/20250312.parquet
[2026-01-23T17:09:18.400+0000] {database.py:189} ERROR - Error during bulk insert into omie.pdbf: duplicate key value violates unique constraint "pdbf_pkey"
DETAIL:  Key (anio, mes, dia, periodo, codigo_uof, codigo_oferta)=(2025, 3, 12, 1, ABA1, 9494884) already exists.
CONTEXT:  COPY pdbf, line 1

[2026-01-23T17:09:18.401+0000] {pdbf.py:134} ERROR - Error processing zip bronze/omie/pdbf/2025/pdbf_202503.zip: duplicate key value violates unique constraint "pdbf_pkey"
DETAIL:  Key (anio, mes, dia, periodo, codigo_uof, codigo_oferta)=(2025, 3, 12, 1, ABA1, 9494884) already exists.
CONTEXT:  COPY pdbf, line 1

[2026-01-23T17:09:18.977+0000] {filesystem.py:48} INFO - Saved file to /opt/***/local_data/silver/omie/pdbf/2025/03/20250313.parquet
[2026-01-23T17:09:57.531+0000] {database.py:189} ERROR - Error during bulk insert into omie.pdbf: duplicate key value violates unique constraint "pdbf_pkey"
DETAIL:  Key (anio, mes, dia, periodo, codigo_uof, codigo_oferta)=(2025, 3, 13, 1, ABA1, 9495828) already exists.
CONTEXT:  COPY pdbf, line 1

[2026-01-23T17:09:57.532+0000] {pdbf.py:134} ERROR - Error processing zip bronze/omie/pdbf/2025/pdbf_202503.zip: duplicate key value violates unique constraint "pdbf_pkey"
DETAIL:  Key (anio, mes, dia, periodo, codigo_uof, codigo_oferta)=(2025, 3, 13, 1, ABA1, 9495828) already exists.
CONTEXT:  COPY pdbf, line 1

[2026-01-23T17:09:57.952+0000] {filesystem.py:48} INFO - Saved file to /opt/***/local_data/silver/omie/pdbf/2025/03/20250314.parquet
[2026-01-23T17:10:36.378+0000] {database.py:189} ERROR - Error during bulk insert into omie.pdbf: duplicate key value violates unique constraint "pdbf_pkey"
DETAIL:  Key (anio, mes, dia, periodo, codigo_uof, codigo_oferta)=(2025, 3, 14, 1, ABA1, 9495850) already exists.
CONTEXT:  COPY pdbf, line 1

[2026-01-23T17:10:36.379+0000] {pdbf.py:134} ERROR - Error processing zip bronze/omie/pdbf/2025/pdbf_202503.zip: duplicate key value violates unique constraint "pdbf_pkey"
DETAIL:  Key (anio, mes, dia, periodo, codigo_uof, codigo_oferta)=(2025, 3, 14, 1, ABA1, 9495850) already exists.
CONTEXT:  COPY pdbf, line 1

[2026-01-23T17:10:36.952+0000] {filesystem.py:48} INFO - Saved file to /opt/***/local_data/silver/omie/pdbf/2025/03/20250315.parquet
[2026-01-23T17:11:24.940+0000] {database.py:186} INFO - Inserted 51339 rows into 'omie.pdbf'.
[2026-01-23T17:11:24.943+0000] {pdbf.py:132} INFO - Processed pdbf for 20250315
[2026-01-23T17:11:25.374+0000] {filesystem.py:48} INFO - Saved file to /opt/***/local_data/silver/omie/pdbf/2025/03/20250316.parquet
[2026-01-23T17:12:35.919+0000] {database.py:189} ERROR - Error during bulk insert into omie.pdbf: duplicate key value violates unique constraint "pdbf_pkey"
DETAIL:  Key (anio, mes, dia, periodo, codigo_uof, codigo_oferta)=(2025, 3, 16, 1, ABA1, 9498459) already exists.
CONTEXT:  COPY pdbf, line 1

[2026-01-23T17:12:35.921+0000] {pdbf.py:134} ERROR - Error processing zip bronze/omie/pdbf/2025/pdbf_202503.zip: duplicate key value violates unique constraint "pdbf_pkey"
DETAIL:  Key (anio, mes, dia, periodo, codigo_uof, codigo_oferta)=(2025, 3, 16, 1, ABA1, 9498459) already exists.
CONTEXT:  COPY pdbf, line 1

[2026-01-23T17:12:36.604+0000] {filesystem.py:48} INFO - Saved file to /opt/***/local_data/silver/omie/pdbf/2025/03/20250317.parquet
[2026-01-23T17:13:29.754+0000] {database.py:189} ERROR - Error during bulk insert into omie.pdbf: duplicate key value violates unique constraint "pdbf_pkey"
DETAIL:  Key (anio, mes, dia, periodo, codigo_uof, codigo_oferta)=(2025, 3, 17, 1, ABA1, 9500678) already exists.
CONTEXT:  COPY pdbf, line 1

[2026-01-23T17:13:29.755+0000] {pdbf.py:134} ERROR - Error processing zip bronze/omie/pdbf/2025/pdbf_202503.zip: duplicate key value violates unique constraint "pdbf_pkey"
DETAIL:  Key (anio, mes, dia, periodo, codigo_uof, codigo_oferta)=(2025, 3, 17, 1, ABA1, 9500678) already exists.
CONTEXT:  COPY pdbf, line 1

[2026-01-23T17:13:30.290+0000] {filesystem.py:48} INFO - Saved file to /opt/***/local_data/silver/omie/pdbf/2025/03/20250318.parquet
[2026-01-23T17:14:02.547+0000] {database.py:189} ERROR - Error during bulk insert into omie.pdbf: duplicate key value violates unique constraint "pdbf_pkey"
DETAIL:  Key (anio, mes, dia, periodo, codigo_uof, codigo_oferta)=(2025, 3, 18, 1, ABA1, 9504249) already exists.
CONTEXT:  COPY pdbf, line 1

[2026-01-23T17:14:02.548+0000] {pdbf.py:134} ERROR - Error processing zip bronze/omie/pdbf/2025/pdbf_202503.zip: duplicate key value violates unique constraint "pdbf_pkey"
DETAIL:  Key (anio, mes, dia, periodo, codigo_uof, codigo_oferta)=(2025, 3, 18, 1, ABA1, 9504249) already exists.
CONTEXT:  COPY pdbf, line 1

[2026-01-23T17:14:03.715+0000] {filesystem.py:48} INFO - Saved file to /opt/***/local_data/silver/omie/pdbf/2025/03/20250319.parquet
[2026-01-23T17:14:41.653+0000] {database.py:189} ERROR - Error during bulk insert into omie.pdbf: duplicate key value violates unique constraint "pdbf_pkey"
DETAIL:  Key (anio, mes, dia, periodo, codigo_uof, codigo_oferta)=(2025, 3, 19, 1, ABA1, 9510848) already exists.
CONTEXT:  COPY pdbf, line 1

[2026-01-23T17:14:41.655+0000] {pdbf.py:134} ERROR - Error processing zip bronze/omie/pdbf/2025/pdbf_202503.zip: duplicate key value violates unique constraint "pdbf_pkey"
DETAIL:  Key (anio, mes, dia, periodo, codigo_uof, codigo_oferta)=(2025, 3, 19, 1, ABA1, 9510848) already exists.
CONTEXT:  COPY pdbf, line 1

[2026-01-23T17:14:42.752+0000] {filesystem.py:48} INFO - Saved file to /opt/***/local_data/silver/omie/pdbf/2025/03/20250320.parquet
[2026-01-23T17:15:37.356+0000] {database.py:189} ERROR - Error during bulk insert into omie.pdbf: duplicate key value violates unique constraint "pdbf_pkey"
DETAIL:  Key (anio, mes, dia, periodo, codigo_uof, codigo_oferta)=(2025, 3, 20, 1, ABA1, 9510930) already exists.
CONTEXT:  COPY pdbf, line 1

[2026-01-23T17:15:37.358+0000] {pdbf.py:134} ERROR - Error processing zip bronze/omie/pdbf/2025/pdbf_202503.zip: duplicate key value violates unique constraint "pdbf_pkey"
DETAIL:  Key (anio, mes, dia, periodo, codigo_uof, codigo_oferta)=(2025, 3, 20, 1, ABA1, 9510930) already exists.
CONTEXT:  COPY pdbf, line 1

[2026-01-23T17:15:38.756+0000] {filesystem.py:48} INFO - Saved file to /opt/***/local_data/silver/omie/pdbf/2025/03/20250321.parquet
[2026-01-23T17:16:44.544+0000] {database.py:189} ERROR - Error during bulk insert into omie.pdbf: duplicate key value violates unique constraint "pdbf_pkey"
DETAIL:  Key (anio, mes, dia, periodo, codigo_uof, codigo_oferta)=(2025, 3, 21, 1, ABA1, 9511005) already exists.
CONTEXT:  COPY pdbf, line 1

[2026-01-23T17:16:44.546+0000] {pdbf.py:134} ERROR - Error processing zip bronze/omie/pdbf/2025/pdbf_202503.zip: duplicate key value violates unique constraint "pdbf_pkey"
DETAIL:  Key (anio, mes, dia, periodo, codigo_uof, codigo_oferta)=(2025, 3, 21, 1, ABA1, 9511005) already exists.
CONTEXT:  COPY pdbf, line 1

[2026-01-23T17:16:45.542+0000] {filesystem.py:48} INFO - Saved file to /opt/***/local_data/silver/omie/pdbf/2025/03/20250322.parquet
[2026-01-23T17:18:09.645+0000] {database.py:189} ERROR - Error during bulk insert into omie.pdbf: duplicate key value violates unique constraint "pdbf_pkey"
DETAIL:  Key (anio, mes, dia, periodo, codigo_uof, codigo_oferta)=(2025, 3, 22, 1, ABOUC01, 9512378) already exists.
CONTEXT:  COPY pdbf, line 1

[2026-01-23T17:18:09.647+0000] {pdbf.py:134} ERROR - Error processing zip bronze/omie/pdbf/2025/pdbf_202503.zip: duplicate key value violates unique constraint "pdbf_pkey"
DETAIL:  Key (anio, mes, dia, periodo, codigo_uof, codigo_oferta)=(2025, 3, 22, 1, ABOUC01, 9512378) already exists.
CONTEXT:  COPY pdbf, line 1

[2026-01-23T17:18:10.730+0000] {filesystem.py:48} INFO - Saved file to /opt/***/local_data/silver/omie/pdbf/2025/03/20250323.parquet
[2026-01-23T17:19:00.968+0000] {database.py:189} ERROR - Error during bulk insert into omie.pdbf: duplicate key value violates unique constraint "pdbf_pkey"
DETAIL:  Key (anio, mes, dia, periodo, codigo_uof, codigo_oferta)=(2025, 3, 23, 1, ABOUC01, 9512378) already exists.
CONTEXT:  COPY pdbf, line 1

[2026-01-23T17:19:00.969+0000] {pdbf.py:134} ERROR - Error processing zip bronze/omie/pdbf/2025/pdbf_202503.zip: duplicate key value violates unique constraint "pdbf_pkey"
DETAIL:  Key (anio, mes, dia, periodo, codigo_uof, codigo_oferta)=(2025, 3, 23, 1, ABOUC01, 9512378) already exists.
CONTEXT:  COPY pdbf, line 1

[2026-01-23T17:19:02.090+0000] {filesystem.py:48} INFO - Saved file to /opt/***/local_data/silver/omie/pdbf/2025/03/20250324.parquet
[2026-01-23T17:20:00.534+0000] {database.py:189} ERROR - Error during bulk insert into omie.pdbf: duplicate key value violates unique constraint "pdbf_pkey"
DETAIL:  Key (anio, mes, dia, periodo, codigo_uof, codigo_oferta)=(2025, 3, 24, 1, ABOUC01, 9512378) already exists.
CONTEXT:  COPY pdbf, line 1

[2026-01-23T17:20:00.553+0000] {pdbf.py:134} ERROR - Error processing zip bronze/omie/pdbf/2025/pdbf_202503.zip: duplicate key value violates unique constraint "pdbf_pkey"
DETAIL:  Key (anio, mes, dia, periodo, codigo_uof, codigo_oferta)=(2025, 3, 24, 1, ABOUC01, 9512378) already exists.
CONTEXT:  COPY pdbf, line 1

[2026-01-23T17:20:15.887+0000] {filesystem.py:48} INFO - Saved file to /opt/***/local_data/silver/omie/pdbf/2025/03/20250325.parquet
[2026-01-23T17:21:13.974+0000] {database.py:189} ERROR - Error during bulk insert into omie.pdbf: duplicate key value violates unique constraint "pdbf_pkey"
DETAIL:  Key (anio, mes, dia, periodo, codigo_uof, codigo_oferta)=(2025, 3, 25, 1, ABOUC01, 9512378) already exists.
CONTEXT:  COPY pdbf, line 1

[2026-01-23T17:21:13.975+0000] {pdbf.py:134} ERROR - Error processing zip bronze/omie/pdbf/2025/pdbf_202503.zip: duplicate key value violates unique constraint "pdbf_pkey"
DETAIL:  Key (anio, mes, dia, periodo, codigo_uof, codigo_oferta)=(2025, 3, 25, 1, ABOUC01, 9512378) already exists.
CONTEXT:  COPY pdbf, line 1

[2026-01-23T17:21:15.420+0000] {filesystem.py:48} INFO - Saved file to /opt/***/local_data/silver/omie/pdbf/2025/03/20250326.parquet
[2026-01-23T17:22:30.509+0000] {database.py:189} ERROR - Error during bulk insert into omie.pdbf: duplicate key value violates unique constraint "pdbf_pkey"
DETAIL:  Key (anio, mes, dia, periodo, codigo_uof, codigo_oferta)=(2025, 3, 26, 1, ABA1, 9528752) already exists.
CONTEXT:  COPY pdbf, line 1

[2026-01-23T17:22:30.511+0000] {pdbf.py:134} ERROR - Error processing zip bronze/omie/pdbf/2025/pdbf_202503.zip: duplicate key value violates unique constraint "pdbf_pkey"
DETAIL:  Key (anio, mes, dia, periodo, codigo_uof, codigo_oferta)=(2025, 3, 26, 1, ABA1, 9528752) already exists.
CONTEXT:  COPY pdbf, line 1

[2026-01-23T17:22:32.156+0000] {filesystem.py:48} INFO - Saved file to /opt/***/local_data/silver/omie/pdbf/2025/03/20250327.parquet
[2026-01-23T17:23:24.169+0000] {database.py:189} ERROR - Error during bulk insert into omie.pdbf: duplicate key value violates unique constraint "pdbf_pkey"
DETAIL:  Key (anio, mes, dia, periodo, codigo_uof, codigo_oferta)=(2025, 3, 27, 1, ABA1, 9529628) already exists.
CONTEXT:  COPY pdbf, line 1

[2026-01-23T17:23:24.170+0000] {pdbf.py:134} ERROR - Error processing zip bronze/omie/pdbf/2025/pdbf_202503.zip: duplicate key value violates unique constraint "pdbf_pkey"
DETAIL:  Key (anio, mes, dia, periodo, codigo_uof, codigo_oferta)=(2025, 3, 27, 1, ABA1, 9529628) already exists.
CONTEXT:  COPY pdbf, line 1

[2026-01-23T17:23:25.244+0000] {filesystem.py:48} INFO - Saved file to /opt/***/local_data/silver/omie/pdbf/2025/03/20250328.parquet
[2026-01-23T17:24:27.691+0000] {database.py:189} ERROR - Error during bulk insert into omie.pdbf: duplicate key value violates unique constraint "pdbf_pkey"
DETAIL:  Key (anio, mes, dia, periodo, codigo_uof, codigo_oferta)=(2025, 3, 28, 1, ABA1, 9529636) already exists.
CONTEXT:  COPY pdbf, line 1

[2026-01-23T17:24:27.693+0000] {pdbf.py:134} ERROR - Error processing zip bronze/omie/pdbf/2025/pdbf_202503.zip: duplicate key value violates unique constraint "pdbf_pkey"
DETAIL:  Key (anio, mes, dia, periodo, codigo_uof, codigo_oferta)=(2025, 3, 28, 1, ABA1, 9529636) already exists.
CONTEXT:  COPY pdbf, line 1

[2026-01-23T17:24:29.184+0000] {filesystem.py:48} INFO - Saved file to /opt/***/local_data/silver/omie/pdbf/2025/03/20250329.parquet
[2026-01-23T17:25:08.092+0000] {database.py:189} ERROR - Error during bulk insert into omie.pdbf: duplicate key value violates unique constraint "pdbf_pkey"
DETAIL:  Key (anio, mes, dia, periodo, codigo_uof, codigo_oferta)=(2025, 3, 29, 1, ABA1, 9536514) already exists.
CONTEXT:  COPY pdbf, line 1

[2026-01-23T17:25:08.095+0000] {pdbf.py:134} ERROR - Error processing zip bronze/omie/pdbf/2025/pdbf_202503.zip: duplicate key value violates unique constraint "pdbf_pkey"
DETAIL:  Key (anio, mes, dia, periodo, codigo_uof, codigo_oferta)=(2025, 3, 29, 1, ABA1, 9536514) already exists.
CONTEXT:  COPY pdbf, line 1

[2026-01-23T17:25:08.950+0000] {filesystem.py:48} INFO - Saved file to /opt/***/local_data/silver/omie/pdbf/2025/03/20250330.parquet
[2026-01-23T17:26:11.725+0000] {database.py:189} ERROR - Error during bulk insert into omie.pdbf: duplicate key value violates unique constraint "pdbf_pkey"
DETAIL:  Key (anio, mes, dia, periodo, codigo_uof, codigo_oferta)=(2025, 3, 30, 1, ABA1, 9532415) already exists.
CONTEXT:  COPY pdbf, line 1

[2026-01-23T17:26:11.727+0000] {pdbf.py:134} ERROR - Error processing zip bronze/omie/pdbf/2025/pdbf_202503.zip: duplicate key value violates unique constraint "pdbf_pkey"
DETAIL:  Key (anio, mes, dia, periodo, codigo_uof, codigo_oferta)=(2025, 3, 30, 1, ABA1, 9532415) already exists.
CONTEXT:  COPY pdbf, line 1

[2026-01-23T17:26:13.196+0000] {filesystem.py:48} INFO - Saved file to /opt/***/local_data/silver/omie/pdbf/2025/03/20250331.parquet
[2026-01-23T17:26:58.126+0000] {database.py:186} INFO - Inserted 193408 rows into 'omie.pdbf'.
[2026-01-23T17:26:58.136+0000] {pdbf.py:132} INFO - Processed pdbf for 20250331
[2026-01-23T17:27:00.811+0000] {filesystem.py:48} INFO - Saved file to /opt/***/local_data/silver/omie/pdbf/2025/04/20250401.parquet
[2026-01-23T17:27:54.677+0000] {database.py:186} INFO - Inserted 203552 rows into 'omie.pdbf'.
[2026-01-23T17:27:54.685+0000] {pdbf.py:132} INFO - Processed pdbf for 20250401
[2026-01-23T17:27:55.858+0000] {filesystem.py:48} INFO - Saved file to /opt/***/local_data/silver/omie/pdbf/2025/04/20250402.parquet
[2026-01-23T17:28:56.766+0000] {database.py:186} INFO - Inserted 207864 rows into 'omie.pdbf'.
[2026-01-23T17:28:56.784+0000] {pdbf.py:132} INFO - Processed pdbf for 20250402
[2026-01-23T17:28:59.376+0000] {filesystem.py:48} INFO - Saved file to /opt/***/local_data/silver/omie/pdbf/2025/04/20250403.parquet
[2026-01-23T17:30:31.315+0000] {database.py:189} ERROR - Error during bulk insert into omie.pdbf: duplicate key value violates unique constraint "pdbf_pkey"
DETAIL:  Key (anio, mes, dia, periodo, codigo_uof, codigo_oferta)=(2025, 4, 3, 1, ABA1, 9542062) already exists.
CONTEXT:  COPY pdbf, line 1

[2026-01-23T17:30:31.317+0000] {pdbf.py:134} ERROR - Error processing zip bronze/omie/pdbf/2025/pdbf_202504.zip: duplicate key value violates unique constraint "pdbf_pkey"
DETAIL:  Key (anio, mes, dia, periodo, codigo_uof, codigo_oferta)=(2025, 4, 3, 1, ABA1, 9542062) already exists.
CONTEXT:  COPY pdbf, line 1

[2026-01-23T17:30:32.906+0000] {filesystem.py:48} INFO - Saved file to /opt/***/local_data/silver/omie/pdbf/2025/04/20250404.parquet
[2026-01-23T17:31:32.228+0000] {database.py:189} ERROR - Error during bulk insert into omie.pdbf: duplicate key value violates unique constraint "pdbf_pkey"
DETAIL:  Key (anio, mes, dia, periodo, codigo_uof, codigo_oferta)=(2025, 4, 4, 1, ABA1, 9544688) already exists.
CONTEXT:  COPY pdbf, line 1

[2026-01-23T17:31:32.230+0000] {pdbf.py:134} ERROR - Error processing zip bronze/omie/pdbf/2025/pdbf_202504.zip: duplicate key value violates unique constraint "pdbf_pkey"
DETAIL:  Key (anio, mes, dia, periodo, codigo_uof, codigo_oferta)=(2025, 4, 4, 1, ABA1, 9544688) already exists.
CONTEXT:  COPY pdbf, line 1

[2026-01-23T17:31:33.948+0000] {filesystem.py:48} INFO - Saved file to /opt/***/local_data/silver/omie/pdbf/2025/04/20250405.parquet
[2026-01-23T17:32:57.159+0000] {database.py:189} ERROR - Error during bulk insert into omie.pdbf: duplicate key value violates unique constraint "pdbf_pkey"
DETAIL:  Key (anio, mes, dia, periodo, codigo_uof, codigo_oferta)=(2025, 4, 5, 1, ABOUC01, 9550768) already exists.
CONTEXT:  COPY pdbf, line 1

[2026-01-23T17:32:57.163+0000] {pdbf.py:134} ERROR - Error processing zip bronze/omie/pdbf/2025/pdbf_202504.zip: duplicate key value violates unique constraint "pdbf_pkey"
DETAIL:  Key (anio, mes, dia, periodo, codigo_uof, codigo_oferta)=(2025, 4, 5, 1, ABOUC01, 9550768) already exists.
CONTEXT:  COPY pdbf, line 1

[2026-01-23T17:32:58.852+0000] {filesystem.py:48} INFO - Saved file to /opt/***/local_data/silver/omie/pdbf/2025/04/20250406.parquet
[2026-01-23T17:34:29.523+0000] {database.py:189} ERROR - Error during bulk insert into omie.pdbf: duplicate key value violates unique constraint "pdbf_pkey"
DETAIL:  Key (anio, mes, dia, periodo, codigo_uof, codigo_oferta)=(2025, 4, 6, 1, ABOUC01, 9553179) already exists.
CONTEXT:  COPY pdbf, line 1

[2026-01-23T17:34:29.525+0000] {pdbf.py:134} ERROR - Error processing zip bronze/omie/pdbf/2025/pdbf_202504.zip: duplicate key value violates unique constraint "pdbf_pkey"
DETAIL:  Key (anio, mes, dia, periodo, codigo_uof, codigo_oferta)=(2025, 4, 6, 1, ABOUC01, 9553179) already exists.
CONTEXT:  COPY pdbf, line 1

[2026-01-23T17:34:31.205+0000] {filesystem.py:48} INFO - Saved file to /opt/***/local_data/silver/omie/pdbf/2025/04/20250407.parquet
[2026-01-23T17:36:05.386+0000] {database.py:189} ERROR - Error during bulk insert into omie.pdbf: duplicate key value violates unique constraint "pdbf_pkey"
DETAIL:  Key (anio, mes, dia, periodo, codigo_uof, codigo_oferta)=(2025, 4, 7, 1, ABOUC01, 9553184) already exists.
CONTEXT:  COPY pdbf, line 1

[2026-01-23T17:36:05.391+0000] {pdbf.py:134} ERROR - Error processing zip bronze/omie/pdbf/2025/pdbf_202504.zip: duplicate key value violates unique constraint "pdbf_pkey"
DETAIL:  Key (anio, mes, dia, periodo, codigo_uof, codigo_oferta)=(2025, 4, 7, 1, ABOUC01, 9553184) already exists.
CONTEXT:  COPY pdbf, line 1

[2026-01-23T17:36:07.038+0000] {filesystem.py:48} INFO - Saved file to /opt/***/local_data/silver/omie/pdbf/2025/04/20250408.parquet
[2026-01-23T17:37:07.057+0000] {database.py:189} ERROR - Error during bulk insert into omie.pdbf: duplicate key value violates unique constraint "pdbf_pkey"
DETAIL:  Key (anio, mes, dia, periodo, codigo_uof, codigo_oferta)=(2025, 4, 8, 1, ABOUC01, 9553185) already exists.
CONTEXT:  COPY pdbf, line 1

[2026-01-23T17:37:07.059+0000] {pdbf.py:134} ERROR - Error processing zip bronze/omie/pdbf/2025/pdbf_202504.zip: duplicate key value violates unique constraint "pdbf_pkey"
DETAIL:  Key (anio, mes, dia, periodo, codigo_uof, codigo_oferta)=(2025, 4, 8, 1, ABOUC01, 9553185) already exists.
CONTEXT:  COPY pdbf, line 1

[2026-01-23T17:37:08.658+0000] {filesystem.py:48} INFO - Saved file to /opt/***/local_data/silver/omie/pdbf/2025/04/20250409.parquet
