[2026-01-22T19:13:11.242+0000] {local_task_job_runner.py:120} INFO - ::group::Pre task execution logs
[2026-01-22T19:13:11.766+0000] {taskinstance.py:2076} INFO - Dependencies all met for dep_context=non-requeueable deps ti=<TaskInstance: trades_pipeline.download_trades manual__2026-01-22T19:12:37.030617+00:00 [queued]>
[2026-01-22T19:13:11.944+0000] {taskinstance.py:2076} INFO - Dependencies all met for dep_context=requeueable deps ti=<TaskInstance: trades_pipeline.download_trades manual__2026-01-22T19:12:37.030617+00:00 [queued]>
[2026-01-22T19:13:11.947+0000] {taskinstance.py:2306} INFO - Starting attempt 1 of 2
[2026-01-22T19:13:12.177+0000] {taskinstance.py:2330} INFO - Executing <Task(PythonOperator): download_trades> on 2026-01-22 19:12:37.030617+00:00
[2026-01-22T19:13:12.267+0000] {standard_task_runner.py:63} INFO - Started process 4857 to run task
[2026-01-22T19:13:12.387+0000] {standard_task_runner.py:90} INFO - Running: ['***', 'tasks', 'run', 'trades_pipeline', 'download_trades', 'manual__2026-01-22T19:12:37.030617+00:00', '--job-id', '152', '--raw', '--subdir', 'DAGS_FOLDER/trades_dag.py', '--cfg-path', '/tmp/tmph503d1m0']
[2026-01-22T19:13:12.428+0000] {standard_task_runner.py:91} INFO - Job 152: Subtask download_trades
[2026-01-22T19:13:13.020+0000] {task_command.py:426} INFO - Running <TaskInstance: trades_pipeline.download_trades manual__2026-01-22T19:12:37.030617+00:00 [running]> on host 2aff4151de2d
[2026-01-22T19:13:14.260+0000] {taskinstance.py:2648} INFO - Exporting env vars: AIRFLOW_CTX_DAG_OWNER='***' AIRFLOW_CTX_DAG_ID='trades_pipeline' AIRFLOW_CTX_TASK_ID='download_trades' AIRFLOW_CTX_EXECUTION_DATE='2026-01-22T19:12:37.030617+00:00' AIRFLOW_CTX_TRY_NUMBER='1' AIRFLOW_CTX_DAG_RUN_ID='manual__2026-01-22T19:12:37.030617+00:00'
[2026-01-22T19:13:14.276+0000] {taskinstance.py:430} INFO - ::endgroup::
[2026-01-22T19:13:14.435+0000] {trades.py:64} INFO - File bronze/omie/trades/2025/trades_202501.zip already exists (past month). Skipping.
[2026-01-22T19:13:14.510+0000] {trades.py:64} INFO - File bronze/omie/trades/2025/trades_202502.zip already exists (past month). Skipping.
[2026-01-22T19:13:14.599+0000] {trades.py:64} INFO - File bronze/omie/trades/2025/trades_202503.zip already exists (past month). Skipping.
[2026-01-22T19:13:14.647+0000] {trades.py:64} INFO - File bronze/omie/trades/2025/trades_202504.zip already exists (past month). Skipping.
[2026-01-22T19:13:14.705+0000] {trades.py:64} INFO - File bronze/omie/trades/2025/trades_202505.zip already exists (past month). Skipping.
[2026-01-22T19:13:14.732+0000] {trades.py:64} INFO - File bronze/omie/trades/2025/trades_202506.zip already exists (past month). Skipping.
[2026-01-22T19:13:14.770+0000] {trades.py:64} INFO - File bronze/omie/trades/2025/trades_202507.zip already exists (past month). Skipping.
[2026-01-22T19:13:14.822+0000] {trades.py:64} INFO - File bronze/omie/trades/2025/trades_202508.zip already exists (past month). Skipping.
[2026-01-22T19:13:14.840+0000] {trades.py:64} INFO - File bronze/omie/trades/2025/trades_202509.zip already exists (past month). Skipping.
[2026-01-22T19:13:14.887+0000] {trades.py:64} INFO - File bronze/omie/trades/2025/trades_202510.zip already exists (past month). Skipping.
[2026-01-22T19:13:14.895+0000] {omie_client.py:64} INFO - Downloading trades_202511.zip from OMIE...
[2026-01-22T19:13:15.852+0000] {omie_client.py:68} INFO - File trades_202511.zip not found (404).
[2026-01-22T19:13:15.870+0000] {trades.py:72} WARNING - Failed to download trades_202511.zip
[2026-01-22T19:13:15.877+0000] {omie_client.py:64} INFO - Downloading trades_202512.zip from OMIE...
[2026-01-22T19:13:16.619+0000] {omie_client.py:68} INFO - File trades_202512.zip not found (404).
[2026-01-22T19:13:16.629+0000] {trades.py:72} WARNING - Failed to download trades_202512.zip
[2026-01-22T19:13:16.641+0000] {omie_client.py:64} INFO - Downloading trades_202601.zip from OMIE...
[2026-01-22T19:13:17.616+0000] {omie_client.py:68} INFO - File trades_202601.zip not found (404).
[2026-01-22T19:13:17.656+0000] {trades.py:72} WARNING - Failed to download trades_202601.zip
[2026-01-22T19:13:17.666+0000] {python.py:237} INFO - Done. Returned value was: None
[2026-01-22T19:13:17.674+0000] {taskinstance.py:441} INFO - ::group::Post task execution logs
[2026-01-22T19:13:17.796+0000] {taskinstance.py:1206} INFO - Marking task as SUCCESS. dag_id=trades_pipeline, task_id=download_trades, run_id=manual__2026-01-22T19:12:37.030617+00:00, execution_date=20260122T191237, start_date=20260122T191311, end_date=20260122T191317
[2026-01-22T19:13:17.977+0000] {local_task_job_runner.py:240} INFO - Task exited with return code 0
[2026-01-22T19:13:18.180+0000] {taskinstance.py:3503} INFO - 1 downstream tasks scheduled from follow-on schedule check
[2026-01-22T19:13:18.210+0000] {local_task_job_runner.py:222} INFO - ::endgroup::
