[2026-01-22T18:29:32.151+0000] {local_task_job_runner.py:120} INFO - ::group::Pre task execution logs
[2026-01-22T18:29:32.973+0000] {taskinstance.py:2076} INFO - Dependencies all met for dep_context=non-requeueable deps ti=<TaskInstance: esios_liquicomun_pipeline.download_bronze manual__2026-01-22T18:29:09.021444+00:00 [queued]>
[2026-01-22T18:29:33.135+0000] {taskinstance.py:2076} INFO - Dependencies all met for dep_context=requeueable deps ti=<TaskInstance: esios_liquicomun_pipeline.download_bronze manual__2026-01-22T18:29:09.021444+00:00 [queued]>
[2026-01-22T18:29:33.144+0000] {taskinstance.py:2306} INFO - Starting attempt 1 of 2
[2026-01-22T18:29:33.502+0000] {taskinstance.py:2330} INFO - Executing <Task(PythonOperator): download_bronze> on 2026-01-22 18:29:09.021444+00:00
[2026-01-22T18:29:33.597+0000] {standard_task_runner.py:63} INFO - Started process 371 to run task
[2026-01-22T18:29:33.697+0000] {standard_task_runner.py:90} INFO - Running: ['***', 'tasks', 'run', 'esios_liquicomun_pipeline', 'download_bronze', 'manual__2026-01-22T18:29:09.021444+00:00', '--job-id', '135', '--raw', '--subdir', 'DAGS_FOLDER/esios_dag.py', '--cfg-path', '/tmp/tmp22i3e7zy']
[2026-01-22T18:29:33.763+0000] {standard_task_runner.py:91} INFO - Job 135: Subtask download_bronze
[2026-01-22T18:29:35.136+0000] {task_command.py:426} INFO - Running <TaskInstance: esios_liquicomun_pipeline.download_bronze manual__2026-01-22T18:29:09.021444+00:00 [running]> on host 2aff4151de2d
[2026-01-22T18:29:36.674+0000] {taskinstance.py:2648} INFO - Exporting env vars: AIRFLOW_CTX_DAG_OWNER='***' AIRFLOW_CTX_DAG_ID='esios_liquicomun_pipeline' AIRFLOW_CTX_TASK_ID='download_bronze' AIRFLOW_CTX_EXECUTION_DATE='2026-01-22T18:29:09.021444+00:00' AIRFLOW_CTX_TRY_NUMBER='1' AIRFLOW_CTX_DAG_RUN_ID='manual__2026-01-22T18:29:09.021444+00:00'
[2026-01-22T18:29:36.688+0000] {taskinstance.py:430} INFO - ::endgroup::
[2026-01-22T18:29:36.816+0000] {logging_mixin.py:188} INFO - Downloading from 2026-01-22 18:29:09.021444+00:00 to 2026-01-22 18:29:09.021444+00:00
[2026-01-22T18:29:36.833+0000] {liquicomun.py:44} INFO - Checking/Downloading Liquicomun ID 2 for 2026-01-22...
[2026-01-22T18:29:37.980+0000] {client.py:62} INFO - Archive 2 for 2026-01-22 18:29:09.021444+00:00 seems empty (50 bytes).
[2026-01-22T18:29:38.001+0000] {liquicomun.py:44} INFO - Checking/Downloading Liquicomun ID 3 for 2026-01-22...
[2026-01-22T18:29:44.414+0000] {filesystem.py:48} INFO - Saved file to /opt/***/local_data/bronze/liquicomun/2026/01/esios_3_20260122.zip
[2026-01-22T18:29:44.429+0000] {liquicomun.py:59} INFO - Stored: bronze/liquicomun/2026/01/esios_3_20260122.zip
[2026-01-22T18:29:44.472+0000] {liquicomun.py:44} INFO - Checking/Downloading Liquicomun ID 4 for 2026-01-22...
[2026-01-22T18:29:45.347+0000] {client.py:62} INFO - Archive 4 for 2026-01-22 18:29:09.021444+00:00 seems empty (50 bytes).
[2026-01-22T18:29:45.464+0000] {liquicomun.py:44} INFO - Checking/Downloading Liquicomun ID 5 for 2026-01-22...
[2026-01-22T18:29:46.132+0000] {client.py:62} INFO - Archive 5 for 2026-01-22 18:29:09.021444+00:00 seems empty (50 bytes).
[2026-01-22T18:29:46.202+0000] {liquicomun.py:44} INFO - Checking/Downloading Liquicomun ID 6 for 2026-01-22...
[2026-01-22T18:29:46.861+0000] {client.py:62} INFO - Archive 6 for 2026-01-22 18:29:09.021444+00:00 seems empty (50 bytes).
[2026-01-22T18:29:46.993+0000] {liquicomun.py:44} INFO - Checking/Downloading Liquicomun ID 7 for 2026-01-22...
[2026-01-22T18:29:47.925+0000] {client.py:62} INFO - Archive 7 for 2026-01-22 18:29:09.021444+00:00 seems empty (50 bytes).
[2026-01-22T18:29:48.014+0000] {liquicomun.py:44} INFO - Checking/Downloading Liquicomun ID 8 for 2026-01-22...
[2026-01-22T18:29:48.914+0000] {client.py:62} INFO - Archive 8 for 2026-01-22 18:29:09.021444+00:00 seems empty (50 bytes).
[2026-01-22T18:29:49.062+0000] {liquicomun.py:44} INFO - Checking/Downloading Liquicomun ID 9 for 2026-01-22...
[2026-01-22T18:29:49.827+0000] {client.py:62} INFO - Archive 9 for 2026-01-22 18:29:09.021444+00:00 seems empty (50 bytes).
[2026-01-22T18:29:49.912+0000] {liquicomun.py:44} INFO - Checking/Downloading Liquicomun ID 10 for 2026-01-22...
[2026-01-22T18:29:50.861+0000] {client.py:62} INFO - Archive 10 for 2026-01-22 18:29:09.021444+00:00 seems empty (50 bytes).
[2026-01-22T18:29:51.043+0000] {liquicomun.py:44} INFO - Checking/Downloading Liquicomun ID 11 for 2026-01-22...
[2026-01-22T18:29:51.774+0000] {client.py:62} INFO - Archive 11 for 2026-01-22 18:29:09.021444+00:00 seems empty (50 bytes).
[2026-01-22T18:29:52.006+0000] {python.py:237} INFO - Done. Returned value was: {'start': '2026-01-22', 'end': '2026-01-22'}
[2026-01-22T18:29:52.008+0000] {taskinstance.py:441} INFO - ::group::Post task execution logs
[2026-01-22T18:29:52.538+0000] {taskinstance.py:1206} INFO - Marking task as SUCCESS. dag_id=esios_liquicomun_pipeline, task_id=download_bronze, run_id=manual__2026-01-22T18:29:09.021444+00:00, execution_date=20260122T182909, start_date=20260122T182932, end_date=20260122T182952
[2026-01-22T18:29:52.952+0000] {local_task_job_runner.py:240} INFO - Task exited with return code 0
[2026-01-22T18:29:53.309+0000] {taskinstance.py:3503} INFO - 1 downstream tasks scheduled from follow-on schedule check
[2026-01-22T18:29:53.331+0000] {local_task_job_runner.py:222} INFO - ::endgroup::
