[2026-01-17T22:50:59.352+0000] {local_task_job_runner.py:120} INFO - ::group::Pre task execution logs
[2026-01-17T22:50:59.396+0000] {taskinstance.py:2076} INFO - Dependencies all met for dep_context=non-requeueable deps ti=<TaskInstance: omie_pipeline.download_marginal_pibc scheduled__2026-01-16T08:30:00+00:00 [queued]>
[2026-01-17T22:50:59.408+0000] {taskinstance.py:2076} INFO - Dependencies all met for dep_context=requeueable deps ti=<TaskInstance: omie_pipeline.download_marginal_pibc scheduled__2026-01-16T08:30:00+00:00 [queued]>
[2026-01-17T22:50:59.410+0000] {taskinstance.py:2306} INFO - Starting attempt 1 of 2
[2026-01-17T22:50:59.437+0000] {taskinstance.py:2330} INFO - Executing <Task(PythonOperator): download_marginal_pibc> on 2026-01-16 08:30:00+00:00
[2026-01-17T22:50:59.449+0000] {standard_task_runner.py:63} INFO - Started process 329 to run task
[2026-01-17T22:50:59.455+0000] {standard_task_runner.py:90} INFO - Running: ['***', 'tasks', 'run', 'omie_pipeline', 'download_marginal_pibc', 'scheduled__2026-01-16T08:30:00+00:00', '--job-id', '5', '--raw', '--subdir', 'DAGS_FOLDER/omie_dag.py', '--cfg-path', '/tmp/tmpk_qyw0pa']
[2026-01-17T22:50:59.459+0000] {standard_task_runner.py:91} INFO - Job 5: Subtask download_marginal_pibc
[2026-01-17T22:50:59.570+0000] {task_command.py:426} INFO - Running <TaskInstance: omie_pipeline.download_marginal_pibc scheduled__2026-01-16T08:30:00+00:00 [running]> on host d1a9e72e2525
[2026-01-17T22:50:59.686+0000] {taskinstance.py:2648} INFO - Exporting env vars: AIRFLOW_CTX_DAG_OWNER='***' AIRFLOW_CTX_DAG_ID='omie_pipeline' AIRFLOW_CTX_TASK_ID='download_marginal_pibc' AIRFLOW_CTX_EXECUTION_DATE='2026-01-16T08:30:00+00:00' AIRFLOW_CTX_TRY_NUMBER='1' AIRFLOW_CTX_DAG_RUN_ID='scheduled__2026-01-16T08:30:00+00:00'
[2026-01-17T22:50:59.688+0000] {taskinstance.py:430} INFO - ::endgroup::
[2026-01-17T22:50:59.703+0000] {logging_mixin.py:188} INFO - Downloading download_marginalpibc from 2026-01-16 08:30:00+00:00 to 2026-01-16 08:30:00+00:00
[2026-01-17T22:50:59.707+0000] {omie_client.py:44} INFO - Downloading marginalpibc_2026.zip from OMIE...
[2026-01-17T22:51:00.258+0000] {omie_client.py:48} INFO - File marginalpibc_2026.zip not found (404).
[2026-01-17T22:51:00.268+0000] {omie_client.py:44} INFO - Downloading marginalpibc_2026011601.1 from OMIE...
[2026-01-17T22:51:00.618+0000] {filesystem.py:30} INFO - Saved file to /opt/***/local_data/bronze/omie/marginalpibc/2026/01/marginalpibc_2026011601.1
[2026-01-17T22:51:00.622+0000] {omie_client.py:44} INFO - Downloading marginalpibc_2026011602.1 from OMIE...
[2026-01-17T22:51:00.965+0000] {filesystem.py:30} INFO - Saved file to /opt/***/local_data/bronze/omie/marginalpibc/2026/01/marginalpibc_2026011602.1
[2026-01-17T22:51:00.968+0000] {omie_client.py:44} INFO - Downloading marginalpibc_2026011603.1 from OMIE...
[2026-01-17T22:51:01.284+0000] {filesystem.py:30} INFO - Saved file to /opt/***/local_data/bronze/omie/marginalpibc/2026/01/marginalpibc_2026011603.1
[2026-01-17T22:51:01.296+0000] {python.py:237} INFO - Done. Returned value was: {'start': '2026-01-16', 'end': '2026-01-16'}
[2026-01-17T22:51:01.296+0000] {taskinstance.py:441} INFO - ::group::Post task execution logs
[2026-01-17T22:51:01.319+0000] {taskinstance.py:1206} INFO - Marking task as SUCCESS. dag_id=omie_pipeline, task_id=download_marginal_pibc, run_id=scheduled__2026-01-16T08:30:00+00:00, execution_date=20260116T083000, start_date=20260117T225059, end_date=20260117T225101
[2026-01-17T22:51:01.350+0000] {local_task_job_runner.py:240} INFO - Task exited with return code 0
[2026-01-17T22:51:01.369+0000] {taskinstance.py:3503} INFO - 1 downstream tasks scheduled from follow-on schedule check
[2026-01-17T22:51:01.372+0000] {local_task_job_runner.py:222} INFO - ::endgroup::
