[2026-01-20T18:58:33.538+0000] {local_task_job_runner.py:120} INFO - ::group::Pre task execution logs
[2026-01-20T18:58:33.606+0000] {taskinstance.py:2076} INFO - Dependencies all met for dep_context=non-requeueable deps ti=<TaskInstance: omie_pipeline.process_marginal_pdbc manual__2026-01-20T18:58:28.253663+00:00 [queued]>
[2026-01-20T18:58:33.626+0000] {taskinstance.py:2076} INFO - Dependencies all met for dep_context=requeueable deps ti=<TaskInstance: omie_pipeline.process_marginal_pdbc manual__2026-01-20T18:58:28.253663+00:00 [queued]>
[2026-01-20T18:58:33.629+0000] {taskinstance.py:2306} INFO - Starting attempt 1 of 2
[2026-01-20T18:58:33.652+0000] {taskinstance.py:2330} INFO - Executing <Task(PythonOperator): process_marginal_pdbc> on 2026-01-20 18:58:28.253663+00:00
[2026-01-20T18:58:33.662+0000] {standard_task_runner.py:63} INFO - Started process 975 to run task
[2026-01-20T18:58:33.669+0000] {standard_task_runner.py:90} INFO - Running: ['***', 'tasks', 'run', 'omie_pipeline', 'process_marginal_pdbc', 'manual__2026-01-20T18:58:28.253663+00:00', '--job-id', '39', '--raw', '--subdir', 'DAGS_FOLDER/omie_dag.py', '--cfg-path', '/tmp/tmppmta25zz']
[2026-01-20T18:58:33.673+0000] {standard_task_runner.py:91} INFO - Job 39: Subtask process_marginal_pdbc
[2026-01-20T18:58:33.807+0000] {task_command.py:426} INFO - Running <TaskInstance: omie_pipeline.process_marginal_pdbc manual__2026-01-20T18:58:28.253663+00:00 [running]> on host d1a9e72e2525
[2026-01-20T18:58:33.976+0000] {taskinstance.py:2648} INFO - Exporting env vars: AIRFLOW_CTX_DAG_OWNER='***' AIRFLOW_CTX_DAG_ID='omie_pipeline' AIRFLOW_CTX_TASK_ID='process_marginal_pdbc' AIRFLOW_CTX_EXECUTION_DATE='2026-01-20T18:58:28.253663+00:00' AIRFLOW_CTX_TRY_NUMBER='1' AIRFLOW_CTX_DAG_RUN_ID='manual__2026-01-20T18:58:28.253663+00:00'
[2026-01-20T18:58:33.979+0000] {taskinstance.py:430} INFO - ::endgroup::
[2026-01-20T18:58:34.027+0000] {logging_mixin.py:188} INFO - Processing process_marginalpdbc for 2026-01-20 00:00:00 - 2026-01-20 00:00:00
[2026-01-20T18:58:34.029+0000] {marginalpdbc.py:123} ERROR - Error creating table: (psycopg2.OperationalError) connection to server at "localhost" (::1), port 5432 failed: Connection refused
	Is the server running on that host and accepting TCP/IP connections?
connection to server at "localhost" (127.0.0.1), port 5432 failed: Connection refused
	Is the server running on that host and accepting TCP/IP connections?

(Background on this error at: https://sqlalche.me/e/14/e3q8)
[2026-01-20T18:58:34.071+0000] {marginalpdbc.py:183} INFO - Processing Silver for marginalpdbc_20260120.1...
[2026-01-20T18:58:34.167+0000] {filesystem.py:48} INFO - Saved file to /opt/***/local_data/silver/omie/marginalpdbc/2026/01/20260120_marginalpdbc_20260120.1.parquet
[2026-01-20T18:58:34.172+0000] {marginalpdbc.py:216} ERROR - Error ingesting marginalpdbc_20260120.1: (psycopg2.OperationalError) connection to server at "localhost" (::1), port 5432 failed: Connection refused
	Is the server running on that host and accepting TCP/IP connections?
connection to server at "localhost" (127.0.0.1), port 5432 failed: Connection refused
	Is the server running on that host and accepting TCP/IP connections?

(Background on this error at: https://sqlalche.me/e/14/e3q8)
[2026-01-20T18:58:34.173+0000] {python.py:237} INFO - Done. Returned value was: None
[2026-01-20T18:58:34.174+0000] {taskinstance.py:441} INFO - ::group::Post task execution logs
[2026-01-20T18:58:34.186+0000] {taskinstance.py:1206} INFO - Marking task as SUCCESS. dag_id=omie_pipeline, task_id=process_marginal_pdbc, run_id=manual__2026-01-20T18:58:28.253663+00:00, execution_date=20260120T185828, start_date=20260120T185833, end_date=20260120T185834
[2026-01-20T18:58:34.249+0000] {local_task_job_runner.py:240} INFO - Task exited with return code 0
[2026-01-20T18:58:34.268+0000] {taskinstance.py:3503} INFO - 0 downstream tasks scheduled from follow-on schedule check
[2026-01-20T18:58:34.271+0000] {local_task_job_runner.py:222} INFO - ::endgroup::
