[2026-01-23T16:09:44.848+0000] {local_task_job_runner.py:120} INFO - ::group::Pre task execution logs
[2026-01-23T16:09:45.037+0000] {taskinstance.py:2076} INFO - Dependencies all met for dep_context=non-requeueable deps ti=<TaskInstance: omie_pipeline.download_pdbf scheduled__2026-01-22T08:30:00+00:00 [queued]>
[2026-01-23T16:09:45.124+0000] {taskinstance.py:2076} INFO - Dependencies all met for dep_context=requeueable deps ti=<TaskInstance: omie_pipeline.download_pdbf scheduled__2026-01-22T08:30:00+00:00 [queued]>
[2026-01-23T16:09:45.127+0000] {taskinstance.py:2306} INFO - Starting attempt 1 of 2
[2026-01-23T16:09:45.259+0000] {taskinstance.py:2330} INFO - Executing <Task(PythonOperator): download_pdbf> on 2026-01-22 08:30:00+00:00
[2026-01-23T16:09:45.292+0000] {standard_task_runner.py:63} INFO - Started process 257 to run task
[2026-01-23T16:09:45.397+0000] {standard_task_runner.py:90} INFO - Running: ['***', 'tasks', 'run', 'omie_pipeline', 'download_pdbf', 'scheduled__2026-01-22T08:30:00+00:00', '--job-id', '172', '--raw', '--subdir', 'DAGS_FOLDER/omie_dag.py', '--cfg-path', '/tmp/tmpgbe0omg_']
[2026-01-23T16:09:45.508+0000] {standard_task_runner.py:91} INFO - Job 172: Subtask download_pdbf
[2026-01-23T16:09:46.407+0000] {task_command.py:426} INFO - Running <TaskInstance: omie_pipeline.download_pdbf scheduled__2026-01-22T08:30:00+00:00 [running]> on host 2aff4151de2d
[2026-01-23T16:09:47.173+0000] {taskinstance.py:2648} INFO - Exporting env vars: AIRFLOW_CTX_DAG_OWNER='***' AIRFLOW_CTX_DAG_ID='omie_pipeline' AIRFLOW_CTX_TASK_ID='download_pdbf' AIRFLOW_CTX_EXECUTION_DATE='2026-01-22T08:30:00+00:00' AIRFLOW_CTX_TRY_NUMBER='1' AIRFLOW_CTX_DAG_RUN_ID='scheduled__2026-01-22T08:30:00+00:00'
[2026-01-23T16:09:47.189+0000] {taskinstance.py:430} INFO - ::endgroup::
[2026-01-23T16:09:47.391+0000] {logging_mixin.py:188} INFO - Downloading download_pdbf from 2026-01-22 08:30:00 to 2026-01-22 08:30:00
[2026-01-23T16:09:47.415+0000] {pdbf.py:42} INFO - File bronze/omie/pdbf/2025/pdbf_202501.zip already exists (past month). Skipping.
[2026-01-23T16:09:47.430+0000] {pdbf.py:42} INFO - File bronze/omie/pdbf/2025/pdbf_202502.zip already exists (past month). Skipping.
[2026-01-23T16:09:47.459+0000] {pdbf.py:42} INFO - File bronze/omie/pdbf/2025/pdbf_202503.zip already exists (past month). Skipping.
[2026-01-23T16:09:47.473+0000] {pdbf.py:42} INFO - File bronze/omie/pdbf/2025/pdbf_202504.zip already exists (past month). Skipping.
[2026-01-23T16:09:47.509+0000] {pdbf.py:42} INFO - File bronze/omie/pdbf/2025/pdbf_202505.zip already exists (past month). Skipping.
[2026-01-23T16:09:47.528+0000] {pdbf.py:42} INFO - File bronze/omie/pdbf/2025/pdbf_202506.zip already exists (past month). Skipping.
[2026-01-23T16:09:47.558+0000] {pdbf.py:42} INFO - File bronze/omie/pdbf/2025/pdbf_202507.zip already exists (past month). Skipping.
[2026-01-23T16:09:47.588+0000] {pdbf.py:42} INFO - File bronze/omie/pdbf/2025/pdbf_202508.zip already exists (past month). Skipping.
[2026-01-23T16:09:47.618+0000] {pdbf.py:42} INFO - File bronze/omie/pdbf/2025/pdbf_202509.zip already exists (past month). Skipping.
[2026-01-23T16:09:47.630+0000] {pdbf.py:42} INFO - File bronze/omie/pdbf/2025/pdbf_202510.zip already exists (past month). Skipping.
[2026-01-23T16:09:47.649+0000] {omie_client.py:64} INFO - Downloading pdbf_202511.zip from OMIE...
[2026-01-23T16:09:48.189+0000] {omie_client.py:68} INFO - File pdbf_202511.zip not found (404).
[2026-01-23T16:09:48.198+0000] {pdbf.py:50} WARNING - Failed to download pdbf_202511.zip
[2026-01-23T16:09:48.219+0000] {omie_client.py:64} INFO - Downloading pdbf_202512.zip from OMIE...
[2026-01-23T16:09:48.779+0000] {omie_client.py:68} INFO - File pdbf_202512.zip not found (404).
[2026-01-23T16:09:48.782+0000] {pdbf.py:50} WARNING - Failed to download pdbf_202512.zip
[2026-01-23T16:09:48.785+0000] {omie_client.py:64} INFO - Downloading pdbf_202601.zip from OMIE...
[2026-01-23T16:09:49.380+0000] {omie_client.py:68} INFO - File pdbf_202601.zip not found (404).
[2026-01-23T16:09:49.389+0000] {pdbf.py:50} WARNING - Failed to download pdbf_202601.zip
[2026-01-23T16:09:49.393+0000] {python.py:237} INFO - Done. Returned value was: {'start': '2025-01-01', 'end': '2026-01-22'}
[2026-01-23T16:09:49.394+0000] {taskinstance.py:441} INFO - ::group::Post task execution logs
[2026-01-23T16:09:49.487+0000] {taskinstance.py:1206} INFO - Marking task as SUCCESS. dag_id=omie_pipeline, task_id=download_pdbf, run_id=scheduled__2026-01-22T08:30:00+00:00, execution_date=20260122T083000, start_date=20260123T160945, end_date=20260123T160949
[2026-01-23T16:09:49.585+0000] {local_task_job_runner.py:240} INFO - Task exited with return code 0
[2026-01-23T16:09:49.618+0000] {local_task_job_runner.py:222} INFO - ::endgroup::
