[2026-01-17T22:42:13.477+0000] {manager.py:470} INFO - Processing files using up to 2 processes at a time 
[2026-01-17T22:42:13.478+0000] {manager.py:471} INFO - Process each file at most once every 30 seconds
[2026-01-17T22:42:13.479+0000] {manager.py:472} INFO - Checking for new files in /opt/airflow/dags every 300 seconds
[2026-01-17T22:42:13.481+0000] {manager.py:737} INFO - Searching for files in /opt/airflow/dags
[2026-01-17T22:42:13.493+0000] {manager.py:740} INFO - There are 1 files in /opt/airflow/dags
[2026-01-17T22:42:13.655+0000] {manager.py:878} INFO - 
================================================================================
DAG File Processing Stats

File Path                         PID  Runtime      # DAGs    # Errors  Last Runtime    Last Run
------------------------------  -----  ---------  --------  ----------  --------------  ----------
/opt/airflow/dags/esios_dag.py    164  0.07s             0           0
================================================================================
[2026-01-17T22:42:43.881+0000] {manager.py:878} INFO - 
================================================================================
DAG File Processing Stats

File Path                       PID    Runtime      # DAGs    # Errors  Last Runtime    Last Run
------------------------------  -----  ---------  --------  ----------  --------------  -------------------
/opt/airflow/dags/esios_dag.py                           1           0  2.52s           2026-01-17T22:42:16
================================================================================
[2026-01-17T22:43:14.052+0000] {manager.py:878} INFO - 
================================================================================
DAG File Processing Stats

File Path                       PID    Runtime      # DAGs    # Errors  Last Runtime    Last Run
------------------------------  -----  ---------  --------  ----------  --------------  -------------------
/opt/airflow/dags/esios_dag.py                           1           0  0.47s           2026-01-17T22:42:46
================================================================================
[2026-01-17T22:43:44.282+0000] {manager.py:878} INFO - 
================================================================================
DAG File Processing Stats

File Path                       PID    Runtime      # DAGs    # Errors  Last Runtime    Last Run
------------------------------  -----  ---------  --------  ----------  --------------  -------------------
/opt/airflow/dags/esios_dag.py                           1           0  0.46s           2026-01-17T22:43:17
================================================================================
[2026-01-17T22:44:14.530+0000] {manager.py:878} INFO - 
================================================================================
DAG File Processing Stats

File Path                       PID    Runtime      # DAGs    # Errors  Last Runtime    Last Run
------------------------------  -----  ---------  --------  ----------  --------------  -------------------
/opt/airflow/dags/esios_dag.py                           1           0  0.53s           2026-01-17T22:43:48
================================================================================
[2026-01-17T22:44:45.227+0000] {manager.py:878} INFO - 
================================================================================
DAG File Processing Stats

File Path                       PID    Runtime      # DAGs    # Errors  Last Runtime    Last Run
------------------------------  -----  ---------  --------  ----------  --------------  -------------------
/opt/airflow/dags/esios_dag.py                           1           0  0.46s           2026-01-17T22:44:19
================================================================================
[2026-01-17T22:45:15.457+0000] {manager.py:878} INFO - 
================================================================================
DAG File Processing Stats

File Path                       PID    Runtime      # DAGs    # Errors  Last Runtime    Last Run
------------------------------  -----  ---------  --------  ----------  --------------  -------------------
/opt/airflow/dags/esios_dag.py                           1           0  0.48s           2026-01-17T22:44:49
================================================================================
[2026-01-17T22:45:45.706+0000] {manager.py:878} INFO - 
================================================================================
DAG File Processing Stats

File Path                       PID    Runtime      # DAGs    # Errors  Last Runtime    Last Run
------------------------------  -----  ---------  --------  ----------  --------------  -------------------
/opt/airflow/dags/esios_dag.py                           1           0  0.80s           2026-01-17T22:45:20
================================================================================
[2026-01-17T22:46:15.787+0000] {manager.py:878} INFO - 
================================================================================
DAG File Processing Stats

File Path                       PID    Runtime      # DAGs    # Errors  Last Runtime    Last Run
------------------------------  -----  ---------  --------  ----------  --------------  -------------------
/opt/airflow/dags/esios_dag.py                           1           0  0.58s           2026-01-17T22:45:51
================================================================================
[2026-01-17T22:46:46.473+0000] {manager.py:878} INFO - 
================================================================================
DAG File Processing Stats

File Path                       PID    Runtime      # DAGs    # Errors  Last Runtime    Last Run
------------------------------  -----  ---------  --------  ----------  --------------  -------------------
/opt/airflow/dags/esios_dag.py                           1           0  0.48s           2026-01-17T22:46:22
================================================================================
[2026-01-17T22:47:13.733+0000] {manager.py:737} INFO - Searching for files in /opt/airflow/dags
[2026-01-17T22:47:13.758+0000] {manager.py:740} INFO - There are 2 files in /opt/airflow/dags
[2026-01-17T22:47:16.712+0000] {manager.py:878} INFO - 
================================================================================
DAG File Processing Stats

File Path                       PID    Runtime      # DAGs    # Errors  Last Runtime    Last Run
------------------------------  -----  ---------  --------  ----------  --------------  -------------------
/opt/airflow/dags/omie_dag.py                            1           0  0.90s           2026-01-17T22:47:14
/opt/airflow/dags/esios_dag.py                           1           0  0.48s           2026-01-17T22:46:53
================================================================================
[2026-01-17T22:47:47.587+0000] {manager.py:878} INFO - 
================================================================================
DAG File Processing Stats

File Path                       PID    Runtime      # DAGs    # Errors  Last Runtime    Last Run
------------------------------  -----  ---------  --------  ----------  --------------  -------------------
/opt/airflow/dags/omie_dag.py                            1           0  0.61s           2026-01-17T22:47:45
/opt/airflow/dags/esios_dag.py                           1           0  0.49s           2026-01-17T22:47:23
================================================================================
[2026-01-17T22:48:17.639+0000] {manager.py:878} INFO - 
================================================================================
DAG File Processing Stats

File Path                       PID    Runtime      # DAGs    # Errors  Last Runtime    Last Run
------------------------------  -----  ---------  --------  ----------  --------------  -------------------
/opt/airflow/dags/omie_dag.py                            1           0  0.70s           2026-01-17T22:48:16
/opt/airflow/dags/esios_dag.py                           1           0  0.51s           2026-01-17T22:47:55
================================================================================
[2026-01-17T22:48:48.222+0000] {manager.py:878} INFO - 
================================================================================
DAG File Processing Stats

File Path                       PID    Runtime      # DAGs    # Errors  Last Runtime    Last Run
------------------------------  -----  ---------  --------  ----------  --------------  -------------------
/opt/airflow/dags/omie_dag.py                            1           0  0.58s           2026-01-17T22:48:47
/opt/airflow/dags/esios_dag.py                           1           0  0.49s           2026-01-17T22:48:26
================================================================================
[2026-01-17T22:49:18.457+0000] {manager.py:878} INFO - 
================================================================================
DAG File Processing Stats

File Path                       PID    Runtime      # DAGs    # Errors  Last Runtime    Last Run
------------------------------  -----  ---------  --------  ----------  --------------  -------------------
/opt/airflow/dags/omie_dag.py                            1           0  0.58s           2026-01-17T22:49:18
/opt/airflow/dags/esios_dag.py                           1           0  0.45s           2026-01-17T22:48:56
================================================================================
[2026-01-17T22:49:48.826+0000] {manager.py:878} INFO - 
================================================================================
DAG File Processing Stats

File Path                         PID  Runtime      # DAGs    # Errors  Last Runtime    Last Run
------------------------------  -----  ---------  --------  ----------  --------------  -------------------
/opt/airflow/dags/omie_dag.py     287  0.00s             1           0  0.58s           2026-01-17T22:49:18
/opt/airflow/dags/esios_dag.py                           1           0  0.47s           2026-01-17T22:49:27
================================================================================
[2026-01-17T22:50:19.196+0000] {manager.py:878} INFO - 
================================================================================
DAG File Processing Stats

File Path                       PID    Runtime      # DAGs    # Errors  Last Runtime    Last Run
------------------------------  -----  ---------  --------  ----------  --------------  -------------------
/opt/airflow/dags/omie_dag.py                            1           0  0.56s           2026-01-17T22:49:49
/opt/airflow/dags/esios_dag.py                           1           0  0.46s           2026-01-17T22:49:58
================================================================================
[2026-01-17T22:50:49.567+0000] {manager.py:878} INFO - 
================================================================================
DAG File Processing Stats

File Path                       PID    Runtime      # DAGs    # Errors  Last Runtime    Last Run
------------------------------  -----  ---------  --------  ----------  --------------  -------------------
/opt/airflow/dags/omie_dag.py                            1           0  0.57s           2026-01-17T22:50:20
/opt/airflow/dags/esios_dag.py                           1           0  0.47s           2026-01-17T22:50:29
================================================================================
[2026-01-17T22:51:19.959+0000] {manager.py:878} INFO - 
================================================================================
DAG File Processing Stats

File Path                       PID    Runtime      # DAGs    # Errors  Last Runtime    Last Run
------------------------------  -----  ---------  --------  ----------  --------------  -------------------
/opt/airflow/dags/esios_dag.py                           1           0  0.65s           2026-01-17T22:51:00
/opt/airflow/dags/omie_dag.py                            1           0  0.63s           2026-01-17T22:50:51
================================================================================
[2026-01-17T22:51:50.477+0000] {manager.py:878} INFO - 
================================================================================
DAG File Processing Stats

File Path                       PID    Runtime      # DAGs    # Errors  Last Runtime    Last Run
------------------------------  -----  ---------  --------  ----------  --------------  -------------------
/opt/airflow/dags/omie_dag.py                            1           0  0.72s           2026-01-17T22:51:22
/opt/airflow/dags/esios_dag.py                           1           0  0.46s           2026-01-17T22:51:31
================================================================================
[2026-01-17T22:52:14.290+0000] {manager.py:737} INFO - Searching for files in /opt/airflow/dags
[2026-01-17T22:52:14.337+0000] {manager.py:740} INFO - There are 2 files in /opt/airflow/dags
[2026-01-17T22:52:20.493+0000] {manager.py:878} INFO - 
================================================================================
DAG File Processing Stats

File Path                       PID    Runtime      # DAGs    # Errors  Last Runtime    Last Run
------------------------------  -----  ---------  --------  ----------  --------------  -------------------
/opt/airflow/dags/omie_dag.py                            1           0  0.56s           2026-01-17T22:51:53
/opt/airflow/dags/esios_dag.py                           1           0  0.50s           2026-01-17T22:52:02
================================================================================
[2026-01-17T22:52:50.857+0000] {manager.py:878} INFO - 
================================================================================
DAG File Processing Stats

File Path                       PID    Runtime      # DAGs    # Errors  Last Runtime    Last Run
------------------------------  -----  ---------  --------  ----------  --------------  -------------------
/opt/airflow/dags/omie_dag.py                            1           0  0.57s           2026-01-17T22:52:24
/opt/airflow/dags/esios_dag.py                           1           0  0.47s           2026-01-17T22:52:33
================================================================================
[2026-01-17T22:53:21.258+0000] {manager.py:878} INFO - 
================================================================================
DAG File Processing Stats

File Path                       PID    Runtime      # DAGs    # Errors  Last Runtime    Last Run
------------------------------  -----  ---------  --------  ----------  --------------  -------------------
/opt/airflow/dags/omie_dag.py                            1           0  0.66s           2026-01-17T22:52:55
/opt/airflow/dags/esios_dag.py                           1           0  0.61s           2026-01-17T22:53:04
================================================================================
[2026-01-17T22:53:51.569+0000] {manager.py:878} INFO - 
================================================================================
DAG File Processing Stats

File Path                       PID    Runtime      # DAGs    # Errors  Last Runtime    Last Run
------------------------------  -----  ---------  --------  ----------  --------------  -------------------
/opt/airflow/dags/omie_dag.py                            1           0  0.62s           2026-01-17T22:53:25
/opt/airflow/dags/esios_dag.py                           1           0  0.46s           2026-01-17T22:53:35
================================================================================
[2026-01-17T22:54:22.221+0000] {manager.py:878} INFO - 
================================================================================
DAG File Processing Stats

File Path                       PID    Runtime      # DAGs    # Errors  Last Runtime    Last Run
------------------------------  -----  ---------  --------  ----------  --------------  -------------------
/opt/airflow/dags/omie_dag.py                            1           0  0.66s           2026-01-17T22:53:56
/opt/airflow/dags/esios_dag.py                           1           0  0.43s           2026-01-17T22:54:06
================================================================================
[2026-01-17T22:54:52.236+0000] {manager.py:878} INFO - 
================================================================================
DAG File Processing Stats

File Path                       PID    Runtime      # DAGs    # Errors  Last Runtime    Last Run
------------------------------  -----  ---------  --------  ----------  --------------  -------------------
/opt/airflow/dags/omie_dag.py                            1           0  0.58s           2026-01-17T22:54:27
/opt/airflow/dags/esios_dag.py                           1           0  0.55s           2026-01-17T22:54:37
================================================================================
[2026-01-17T22:55:22.553+0000] {manager.py:878} INFO - 
================================================================================
DAG File Processing Stats

File Path                       PID    Runtime      # DAGs    # Errors  Last Runtime    Last Run
------------------------------  -----  ---------  --------  ----------  --------------  -------------------
/opt/airflow/dags/omie_dag.py                            1           0  0.58s           2026-01-17T22:54:58
/opt/airflow/dags/esios_dag.py                           1           0  0.46s           2026-01-17T22:55:07
================================================================================
[2026-01-17T22:55:52.905+0000] {manager.py:878} INFO - 
================================================================================
DAG File Processing Stats

File Path                       PID    Runtime      # DAGs    # Errors  Last Runtime    Last Run
------------------------------  -----  ---------  --------  ----------  --------------  -------------------
/opt/airflow/dags/omie_dag.py                            1           0  0.57s           2026-01-17T22:55:29
/opt/airflow/dags/esios_dag.py                           1           0  0.46s           2026-01-17T22:55:39
================================================================================
[2026-01-17T22:56:23.141+0000] {manager.py:878} INFO - 
================================================================================
DAG File Processing Stats

File Path                       PID    Runtime      # DAGs    # Errors  Last Runtime    Last Run
------------------------------  -----  ---------  --------  ----------  --------------  -------------------
/opt/airflow/dags/omie_dag.py                            1           0  0.58s           2026-01-17T22:56:00
/opt/airflow/dags/esios_dag.py                           1           0  0.46s           2026-01-17T22:56:09
================================================================================
[2026-01-17T22:56:53.738+0000] {manager.py:878} INFO - 
================================================================================
DAG File Processing Stats

File Path                       PID    Runtime      # DAGs    # Errors  Last Runtime    Last Run
------------------------------  -----  ---------  --------  ----------  --------------  -------------------
/opt/airflow/dags/omie_dag.py                            1           0  0.59s           2026-01-17T22:56:31
/opt/airflow/dags/esios_dag.py                           1           0  0.51s           2026-01-17T22:56:40
================================================================================
[2026-01-17T22:57:14.621+0000] {manager.py:737} INFO - Searching for files in /opt/airflow/dags
[2026-01-17T22:57:14.669+0000] {manager.py:740} INFO - There are 2 files in /opt/airflow/dags
[2026-01-17T22:57:23.761+0000] {manager.py:878} INFO - 
================================================================================
DAG File Processing Stats

File Path                       PID    Runtime      # DAGs    # Errors  Last Runtime    Last Run
------------------------------  -----  ---------  --------  ----------  --------------  -------------------
/opt/airflow/dags/omie_dag.py                            1           0  0.67s           2026-01-17T22:57:02
/opt/airflow/dags/esios_dag.py                           1           0  0.53s           2026-01-17T22:57:11
================================================================================
[2026-01-17T22:57:54.504+0000] {manager.py:878} INFO - 
================================================================================
DAG File Processing Stats

File Path                       PID    Runtime      # DAGs    # Errors  Last Runtime    Last Run
------------------------------  -----  ---------  --------  ----------  --------------  -------------------
/opt/airflow/dags/esios_dag.py                           1           0  1.69s           2026-01-17T22:57:43
/opt/airflow/dags/omie_dag.py                            1           0  1.50s           2026-01-17T22:57:34
================================================================================
[2026-01-17T22:58:25.026+0000] {manager.py:878} INFO - 
================================================================================
DAG File Processing Stats

File Path                       PID    Runtime      # DAGs    # Errors  Last Runtime    Last Run
------------------------------  -----  ---------  --------  ----------  --------------  -------------------
/opt/airflow/dags/omie_dag.py                            1           0  2.02s           2026-01-17T22:58:06
/opt/airflow/dags/esios_dag.py                           1           0  0.50s           2026-01-17T22:58:14
================================================================================
[2026-01-17T22:58:55.246+0000] {manager.py:878} INFO - 
================================================================================
DAG File Processing Stats

File Path                       PID    Runtime      # DAGs    # Errors  Last Runtime    Last Run
------------------------------  -----  ---------  --------  ----------  --------------  -------------------
/opt/airflow/dags/omie_dag.py                            1           0  0.61s           2026-01-17T22:58:37
/opt/airflow/dags/esios_dag.py                           1           0  0.55s           2026-01-17T22:58:45
================================================================================
