[2026-01-22T18:28:33.494+0000] {local_task_job_runner.py:120} INFO - ::group::Pre task execution logs
[2026-01-22T18:28:33.748+0000] {taskinstance.py:2076} INFO - Dependencies all met for dep_context=non-requeueable deps ti=<TaskInstance: esios_liquicomun_pipeline.process_gold scheduled__2026-01-21T08:00:00+00:00 [queued]>
[2026-01-22T18:28:33.813+0000] {taskinstance.py:2076} INFO - Dependencies all met for dep_context=requeueable deps ti=<TaskInstance: esios_liquicomun_pipeline.process_gold scheduled__2026-01-21T08:00:00+00:00 [queued]>
[2026-01-22T18:28:33.821+0000] {taskinstance.py:2306} INFO - Starting attempt 1 of 2
[2026-01-22T18:28:33.917+0000] {taskinstance.py:2330} INFO - Executing <Task(PythonOperator): process_gold> on 2026-01-21 08:00:00+00:00
[2026-01-22T18:28:33.968+0000] {standard_task_runner.py:63} INFO - Started process 279 to run task
[2026-01-22T18:28:34.005+0000] {standard_task_runner.py:90} INFO - Running: ['***', 'tasks', 'run', 'esios_liquicomun_pipeline', 'process_gold', 'scheduled__2026-01-21T08:00:00+00:00', '--job-id', '132', '--raw', '--subdir', 'DAGS_FOLDER/esios_dag.py', '--cfg-path', '/tmp/tmp54wu_2om']
[2026-01-22T18:28:34.020+0000] {standard_task_runner.py:91} INFO - Job 132: Subtask process_gold
[2026-01-22T18:28:34.453+0000] {task_command.py:426} INFO - Running <TaskInstance: esios_liquicomun_pipeline.process_gold scheduled__2026-01-21T08:00:00+00:00 [running]> on host 2aff4151de2d
[2026-01-22T18:28:35.052+0000] {taskinstance.py:2648} INFO - Exporting env vars: AIRFLOW_CTX_DAG_OWNER='***' AIRFLOW_CTX_DAG_ID='esios_liquicomun_pipeline' AIRFLOW_CTX_TASK_ID='process_gold' AIRFLOW_CTX_EXECUTION_DATE='2026-01-21T08:00:00+00:00' AIRFLOW_CTX_TRY_NUMBER='1' AIRFLOW_CTX_DAG_RUN_ID='scheduled__2026-01-21T08:00:00+00:00'
[2026-01-22T18:28:35.068+0000] {taskinstance.py:430} INFO - ::endgroup::
[2026-01-22T18:28:35.286+0000] {logging_mixin.py:188} INFO - Processing Gold for 2026-01-21 00:00:00 - 2026-01-21 00:00:00
[2026-01-22T18:28:35.478+0000] {liquicomun.py:56} INFO - Loading silver/liquicomun/2026/01/A1_enrttrba_20260101_20260131.parquet into liq_enrttrba...
[2026-01-22T18:28:36.368+0000] {database.py:108} INFO - Table liquicomun."liq_enrttrba" ensured.
[2026-01-22T18:28:36.384+0000] {database.py:208} INFO - Index 'idx_liq_enrttrba_source_file' checked/created on liquicomun."liq_enrttrba".
[2026-01-22T18:28:36.474+0000] {liquicomun.py:103} INFO -   Inserting 658 rows into liq_enrttrba
[2026-01-22T18:28:36.587+0000] {liquicomun.py:126} INFO -   Cleaned existing data for source_file: A1_enrttrba_20260101_20260131
[2026-01-22T18:28:36.826+0000] {database.py:186} INFO - Inserted 657 rows into 'liquicomun.liq_enrttrba'.
[2026-01-22T18:28:36.887+0000] {liquicomun.py:56} INFO - Loading silver/liquicomun/2026/01/A1_enrttrsu_20260101_20260131.parquet into liq_enrttrsu...
[2026-01-22T18:28:37.819+0000] {database.py:108} INFO - Table liquicomun."liq_enrttrsu" ensured.
[2026-01-22T18:28:37.836+0000] {database.py:208} INFO - Index 'idx_liq_enrttrsu_source_file' checked/created on liquicomun."liq_enrttrsu".
[2026-01-22T18:28:37.865+0000] {liquicomun.py:103} INFO -   Inserting 928 rows into liq_enrttrsu
[2026-01-22T18:28:37.915+0000] {liquicomun.py:126} INFO -   Cleaned existing data for source_file: A1_enrttrsu_20260101_20260131
[2026-01-22T18:28:38.119+0000] {database.py:186} INFO - Inserted 927 rows into 'liquicomun.liq_enrttrsu'.
[2026-01-22T18:28:38.125+0000] {liquicomun.py:56} INFO - Loading silver/liquicomun/2026/01/A1_ensecqhba_20260101_20260131.parquet into liq_ensecqhba...
[2026-01-22T18:28:38.330+0000] {database.py:108} INFO - Table liquicomun."liq_ensecqhba" ensured.
[2026-01-22T18:28:38.353+0000] {database.py:208} INFO - Index 'idx_liq_ensecqhba_source_file' checked/created on liquicomun."liq_ensecqhba".
[2026-01-22T18:28:38.389+0000] {liquicomun.py:103} INFO -   Inserting 1230 rows into liq_ensecqhba
[2026-01-22T18:28:38.424+0000] {liquicomun.py:126} INFO -   Cleaned existing data for source_file: A1_ensecqhba_20260101_20260131
[2026-01-22T18:28:38.614+0000] {database.py:186} INFO - Inserted 1229 rows into 'liquicomun.liq_ensecqhba'.
[2026-01-22T18:28:38.620+0000] {liquicomun.py:56} INFO - Loading silver/liquicomun/2026/01/A1_ensecqhsu_20260101_20260131.parquet into liq_ensecqhsu...
[2026-01-22T18:28:38.881+0000] {database.py:108} INFO - Table liquicomun."liq_ensecqhsu" ensured.
[2026-01-22T18:28:38.904+0000] {database.py:208} INFO - Index 'idx_liq_ensecqhsu_source_file' checked/created on liquicomun."liq_ensecqhsu".
[2026-01-22T18:28:38.942+0000] {liquicomun.py:103} INFO -   Inserting 1316 rows into liq_ensecqhsu
[2026-01-22T18:28:38.996+0000] {liquicomun.py:126} INFO -   Cleaned existing data for source_file: A1_ensecqhsu_20260101_20260131
[2026-01-22T18:28:39.286+0000] {database.py:186} INFO - Inserted 1315 rows into 'liquicomun.liq_ensecqhsu'.
[2026-01-22T18:28:39.298+0000] {liquicomun.py:56} INFO - Loading silver/liquicomun/2026/01/A1_enterqhba_20260101_20260131.parquet into liq_enterqhba...
[2026-01-22T18:28:39.680+0000] {database.py:108} INFO - Table liquicomun."liq_enterqhba" ensured.
[2026-01-22T18:28:39.706+0000] {database.py:208} INFO - Index 'idx_liq_enterqhba_source_file' checked/created on liquicomun."liq_enterqhba".
[2026-01-22T18:28:39.783+0000] {liquicomun.py:103} INFO -   Inserting 1335 rows into liq_enterqhba
[2026-01-22T18:28:39.868+0000] {liquicomun.py:126} INFO -   Cleaned existing data for source_file: A1_enterqhba_20260101_20260131
[2026-01-22T18:28:40.153+0000] {database.py:186} INFO - Inserted 1334 rows into 'liquicomun.liq_enterqhba'.
[2026-01-22T18:28:40.162+0000] {liquicomun.py:56} INFO - Loading silver/liquicomun/2026/01/A1_enterqhsu_20260101_20260131.parquet into liq_enterqhsu...
[2026-01-22T18:28:40.620+0000] {database.py:108} INFO - Table liquicomun."liq_enterqhsu" ensured.
[2026-01-22T18:28:40.636+0000] {database.py:208} INFO - Index 'idx_liq_enterqhsu_source_file' checked/created on liquicomun."liq_enterqhsu".
[2026-01-22T18:28:40.691+0000] {liquicomun.py:103} INFO -   Inserting 1382 rows into liq_enterqhsu
[2026-01-22T18:28:40.834+0000] {liquicomun.py:126} INFO -   Cleaned existing data for source_file: A1_enterqhsu_20260101_20260131
[2026-01-22T18:28:41.221+0000] {database.py:186} INFO - Inserted 1381 rows into 'liquicomun.liq_enterqhsu'.
[2026-01-22T18:28:41.228+0000] {liquicomun.py:56} INFO - Loading silver/liquicomun/2026/01/A1_prdvbaqh_20260101_20260131.parquet into liq_prdvbaqh...
[2026-01-22T18:28:41.479+0000] {database.py:108} INFO - Table liquicomun."liq_prdvbaqh" ensured.
[2026-01-22T18:28:41.486+0000] {database.py:208} INFO - Index 'idx_liq_prdvbaqh_source_file' checked/created on liquicomun."liq_prdvbaqh".
[2026-01-22T18:28:41.532+0000] {liquicomun.py:103} INFO -   Inserting 1457 rows into liq_prdvbaqh
[2026-01-22T18:28:41.599+0000] {liquicomun.py:126} INFO -   Cleaned existing data for source_file: A1_prdvbaqh_20260101_20260131
[2026-01-22T18:28:42.094+0000] {database.py:186} INFO - Inserted 1456 rows into 'liquicomun.liq_prdvbaqh'.
[2026-01-22T18:28:42.120+0000] {liquicomun.py:56} INFO - Loading silver/liquicomun/2026/01/A1_prdvdatos_20260101_20260131.parquet into liq_prdvdatos...
[2026-01-22T18:28:42.749+0000] {database.py:108} INFO - Table liquicomun."liq_prdvdatos" ensured.
[2026-01-22T18:28:42.764+0000] {database.py:208} INFO - Index 'idx_liq_prdvdatos_source_file' checked/created on liquicomun."liq_prdvdatos".
[2026-01-22T18:28:42.903+0000] {liquicomun.py:103} INFO -   Inserting 1441 rows into liq_prdvdatos
[2026-01-22T18:28:42.986+0000] {liquicomun.py:126} INFO -   Cleaned existing data for source_file: A1_prdvdatos_20260101_20260131
[2026-01-22T18:28:43.444+0000] {database.py:186} INFO - Inserted 1440 rows into 'liquicomun.liq_prdvdatos'.
[2026-01-22T18:28:43.469+0000] {liquicomun.py:56} INFO - Loading silver/liquicomun/2026/01/A1_prdvsuqh_20260101_20260131.parquet into liq_prdvsuqh...
[2026-01-22T18:28:44.022+0000] {database.py:108} INFO - Table liquicomun."liq_prdvsuqh" ensured.
[2026-01-22T18:28:44.055+0000] {database.py:208} INFO - Index 'idx_liq_prdvsuqh_source_file' checked/created on liquicomun."liq_prdvsuqh".
[2026-01-22T18:28:44.106+0000] {liquicomun.py:103} INFO -   Inserting 1457 rows into liq_prdvsuqh
[2026-01-22T18:28:44.169+0000] {liquicomun.py:126} INFO -   Cleaned existing data for source_file: A1_prdvsuqh_20260101_20260131
[2026-01-22T18:28:44.465+0000] {database.py:186} INFO - Inserted 1456 rows into 'liquicomun.liq_prdvsuqh'.
[2026-01-22T18:28:44.473+0000] {liquicomun.py:56} INFO - Loading silver/liquicomun/2026/01/A2_enrttrba_20260101_20260131.parquet into liq_enrttrba...
[2026-01-22T18:28:44.700+0000] {database.py:108} INFO - Table liquicomun."liq_enrttrba" ensured.
[2026-01-22T18:28:44.722+0000] {database.py:208} INFO - Index 'idx_liq_enrttrba_source_file' checked/created on liquicomun."liq_enrttrba".
[2026-01-22T18:28:44.787+0000] {liquicomun.py:103} INFO -   Inserting 795 rows into liq_enrttrba
[2026-01-22T18:28:44.824+0000] {liquicomun.py:126} INFO -   Cleaned existing data for source_file: A2_enrttrba_20260101_20260131
[2026-01-22T18:28:44.980+0000] {database.py:186} INFO - Inserted 794 rows into 'liquicomun.liq_enrttrba'.
[2026-01-22T18:28:44.996+0000] {liquicomun.py:56} INFO - Loading silver/liquicomun/2026/01/A2_enrttrsu_20260101_20260131.parquet into liq_enrttrsu...
[2026-01-22T18:28:45.391+0000] {database.py:108} INFO - Table liquicomun."liq_enrttrsu" ensured.
[2026-01-22T18:28:45.402+0000] {database.py:208} INFO - Index 'idx_liq_enrttrsu_source_file' checked/created on liquicomun."liq_enrttrsu".
[2026-01-22T18:28:45.472+0000] {liquicomun.py:103} INFO -   Inserting 1242 rows into liq_enrttrsu
[2026-01-22T18:28:45.559+0000] {liquicomun.py:126} INFO -   Cleaned existing data for source_file: A2_enrttrsu_20260101_20260131
[2026-01-22T18:28:45.780+0000] {database.py:186} INFO - Inserted 1241 rows into 'liquicomun.liq_enrttrsu'.
[2026-01-22T18:28:45.783+0000] {liquicomun.py:56} INFO - Loading silver/liquicomun/2026/01/A2_ensecqhba_20260101_20260131.parquet into liq_ensecqhba...
[2026-01-22T18:28:46.074+0000] {database.py:108} INFO - Table liquicomun."liq_ensecqhba" ensured.
[2026-01-22T18:28:46.089+0000] {database.py:208} INFO - Index 'idx_liq_ensecqhba_source_file' checked/created on liquicomun."liq_ensecqhba".
[2026-01-22T18:28:46.144+0000] {liquicomun.py:103} INFO -   Inserting 1729 rows into liq_ensecqhba
[2026-01-22T18:28:46.195+0000] {liquicomun.py:126} INFO -   Cleaned existing data for source_file: A2_ensecqhba_20260101_20260131
[2026-01-22T18:28:46.557+0000] {database.py:186} INFO - Inserted 1728 rows into 'liquicomun.liq_ensecqhba'.
[2026-01-22T18:28:46.569+0000] {liquicomun.py:56} INFO - Loading silver/liquicomun/2026/01/A2_ensecqhsu_20260101_20260131.parquet into liq_ensecqhsu...
[2026-01-22T18:28:47.339+0000] {database.py:108} INFO - Table liquicomun."liq_ensecqhsu" ensured.
[2026-01-22T18:28:47.356+0000] {database.py:208} INFO - Index 'idx_liq_ensecqhsu_source_file' checked/created on liquicomun."liq_ensecqhsu".
[2026-01-22T18:28:47.401+0000] {liquicomun.py:103} INFO -   Inserting 1833 rows into liq_ensecqhsu
[2026-01-22T18:28:47.467+0000] {liquicomun.py:126} INFO -   Cleaned existing data for source_file: A2_ensecqhsu_20260101_20260131
[2026-01-22T18:28:47.862+0000] {database.py:186} INFO - Inserted 1832 rows into 'liquicomun.liq_ensecqhsu'.
[2026-01-22T18:28:47.872+0000] {liquicomun.py:56} INFO - Loading silver/liquicomun/2026/01/A2_enterqhba_20260101_20260131.parquet into liq_enterqhba...
[2026-01-22T18:28:47.975+0000] {database.py:108} INFO - Table liquicomun."liq_enterqhba" ensured.
[2026-01-22T18:28:47.980+0000] {database.py:208} INFO - Index 'idx_liq_enterqhba_source_file' checked/created on liquicomun."liq_enterqhba".
[2026-01-22T18:28:48.038+0000] {liquicomun.py:103} INFO -   Inserting 1893 rows into liq_enterqhba
[2026-01-22T18:28:48.067+0000] {liquicomun.py:126} INFO -   Cleaned existing data for source_file: A2_enterqhba_20260101_20260131
[2026-01-22T18:28:48.409+0000] {database.py:186} INFO - Inserted 1892 rows into 'liquicomun.liq_enterqhba'.
[2026-01-22T18:28:48.420+0000] {liquicomun.py:56} INFO - Loading silver/liquicomun/2026/01/A2_enterqhsu_20260101_20260131.parquet into liq_enterqhsu...
[2026-01-22T18:28:48.893+0000] {database.py:108} INFO - Table liquicomun."liq_enterqhsu" ensured.
[2026-01-22T18:28:48.901+0000] {database.py:208} INFO - Index 'idx_liq_enterqhsu_source_file' checked/created on liquicomun."liq_enterqhsu".
[2026-01-22T18:28:48.944+0000] {liquicomun.py:103} INFO -   Inserting 1941 rows into liq_enterqhsu
[2026-01-22T18:28:48.992+0000] {liquicomun.py:126} INFO -   Cleaned existing data for source_file: A2_enterqhsu_20260101_20260131
[2026-01-22T18:28:49.502+0000] {database.py:186} INFO - Inserted 1940 rows into 'liquicomun.liq_enterqhsu'.
[2026-01-22T18:28:49.519+0000] {liquicomun.py:56} INFO - Loading silver/liquicomun/2026/01/A2_prdvbaqh_20260101_20260131.parquet into liq_prdvbaqh...
[2026-01-22T18:28:49.752+0000] {database.py:108} INFO - Table liquicomun."liq_prdvbaqh" ensured.
[2026-01-22T18:28:49.793+0000] {database.py:208} INFO - Index 'idx_liq_prdvbaqh_source_file' checked/created on liquicomun."liq_prdvbaqh".
[2026-01-22T18:28:49.836+0000] {liquicomun.py:103} INFO -   Inserting 2027 rows into liq_prdvbaqh
[2026-01-22T18:28:49.876+0000] {liquicomun.py:126} INFO -   Cleaned existing data for source_file: A2_prdvbaqh_20260101_20260131
[2026-01-22T18:28:50.288+0000] {database.py:186} INFO - Inserted 2026 rows into 'liquicomun.liq_prdvbaqh'.
[2026-01-22T18:28:50.313+0000] {liquicomun.py:56} INFO - Loading silver/liquicomun/2026/01/A2_prdvdatos_20260101_20260131.parquet into liq_prdvdatos...
[2026-01-22T18:28:50.637+0000] {database.py:108} INFO - Table liquicomun."liq_prdvdatos" ensured.
[2026-01-22T18:28:50.656+0000] {database.py:208} INFO - Index 'idx_liq_prdvdatos_source_file' checked/created on liquicomun."liq_prdvdatos".
[2026-01-22T18:28:50.809+0000] {liquicomun.py:103} INFO -   Inserting 2017 rows into liq_prdvdatos
[2026-01-22T18:28:50.880+0000] {liquicomun.py:126} INFO -   Cleaned existing data for source_file: A2_prdvdatos_20260101_20260131
[2026-01-22T18:28:51.690+0000] {database.py:186} INFO - Inserted 2016 rows into 'liquicomun.liq_prdvdatos'.
[2026-01-22T18:28:51.691+0000] {liquicomun.py:56} INFO - Loading silver/liquicomun/2026/01/A2_prdvsuqh_20260101_20260131.parquet into liq_prdvsuqh...
[2026-01-22T18:28:51.930+0000] {database.py:108} INFO - Table liquicomun."liq_prdvsuqh" ensured.
[2026-01-22T18:28:51.935+0000] {database.py:208} INFO - Index 'idx_liq_prdvsuqh_source_file' checked/created on liquicomun."liq_prdvsuqh".
[2026-01-22T18:28:51.969+0000] {liquicomun.py:103} INFO -   Inserting 2027 rows into liq_prdvsuqh
[2026-01-22T18:28:52.026+0000] {liquicomun.py:126} INFO -   Cleaned existing data for source_file: A2_prdvsuqh_20260101_20260131
[2026-01-22T18:28:52.484+0000] {database.py:186} INFO - Inserted 2026 rows into 'liquicomun.liq_prdvsuqh'.
[2026-01-22T18:28:52.609+0000] {python.py:237} INFO - Done. Returned value was: None
[2026-01-22T18:28:52.737+0000] {taskinstance.py:441} INFO - ::group::Post task execution logs
[2026-01-22T18:28:53.145+0000] {taskinstance.py:1206} INFO - Marking task as SUCCESS. dag_id=esios_liquicomun_pipeline, task_id=process_gold, run_id=scheduled__2026-01-21T08:00:00+00:00, execution_date=20260121T080000, start_date=20260122T182833, end_date=20260122T182853
[2026-01-22T18:28:54.263+0000] {local_task_job_runner.py:240} INFO - Task exited with return code 0
[2026-01-22T18:28:54.572+0000] {taskinstance.py:3503} INFO - 0 downstream tasks scheduled from follow-on schedule check
[2026-01-22T18:28:54.630+0000] {local_task_job_runner.py:222} INFO - ::endgroup::
