[2026-01-22T18:29:32.181+0000] {local_task_job_runner.py:120} INFO - ::group::Pre task execution logs
[2026-01-22T18:29:32.923+0000] {taskinstance.py:2076} INFO - Dependencies all met for dep_context=non-requeueable deps ti=<TaskInstance: omie_pipeline.download_pdbc manual__2026-01-22T18:29:12.380731+00:00 [queued]>
[2026-01-22T18:29:33.148+0000] {taskinstance.py:2076} INFO - Dependencies all met for dep_context=requeueable deps ti=<TaskInstance: omie_pipeline.download_pdbc manual__2026-01-22T18:29:12.380731+00:00 [queued]>
[2026-01-22T18:29:33.154+0000] {taskinstance.py:2306} INFO - Starting attempt 1 of 2
[2026-01-22T18:29:33.804+0000] {taskinstance.py:2330} INFO - Executing <Task(PythonOperator): download_pdbc> on 2026-01-22 18:29:12.380731+00:00
[2026-01-22T18:29:33.954+0000] {standard_task_runner.py:63} INFO - Started process 374 to run task
[2026-01-22T18:29:34.078+0000] {standard_task_runner.py:90} INFO - Running: ['***', 'tasks', 'run', 'omie_pipeline', 'download_pdbc', 'manual__2026-01-22T18:29:12.380731+00:00', '--job-id', '134', '--raw', '--subdir', 'DAGS_FOLDER/omie_dag.py', '--cfg-path', '/tmp/tmpspkx479z']
[2026-01-22T18:29:34.151+0000] {standard_task_runner.py:91} INFO - Job 134: Subtask download_pdbc
[2026-01-22T18:29:34.951+0000] {task_command.py:426} INFO - Running <TaskInstance: omie_pipeline.download_pdbc manual__2026-01-22T18:29:12.380731+00:00 [running]> on host 2aff4151de2d
[2026-01-22T18:29:36.824+0000] {taskinstance.py:2648} INFO - Exporting env vars: AIRFLOW_CTX_DAG_OWNER='***' AIRFLOW_CTX_DAG_ID='omie_pipeline' AIRFLOW_CTX_TASK_ID='download_pdbc' AIRFLOW_CTX_EXECUTION_DATE='2026-01-22T18:29:12.380731+00:00' AIRFLOW_CTX_TRY_NUMBER='1' AIRFLOW_CTX_DAG_RUN_ID='manual__2026-01-22T18:29:12.380731+00:00'
[2026-01-22T18:29:36.863+0000] {taskinstance.py:430} INFO - ::endgroup::
[2026-01-22T18:29:37.045+0000] {logging_mixin.py:188} INFO - Downloading download_pdbc from 2026-01-22 18:29:12.380731 to 2026-01-22 18:29:12.380731
[2026-01-22T18:29:37.214+0000] {pdbc.py:48} INFO - File bronze/omie/pdbc/2025/pdbc_202501.zip already exists (past month). Skipping.
[2026-01-22T18:29:37.383+0000] {pdbc.py:48} INFO - File bronze/omie/pdbc/2025/pdbc_202502.zip already exists (past month). Skipping.
[2026-01-22T18:29:37.505+0000] {pdbc.py:48} INFO - File bronze/omie/pdbc/2025/pdbc_202503.zip already exists (past month). Skipping.
[2026-01-22T18:29:37.609+0000] {pdbc.py:48} INFO - File bronze/omie/pdbc/2025/pdbc_202504.zip already exists (past month). Skipping.
[2026-01-22T18:29:37.652+0000] {pdbc.py:48} INFO - File bronze/omie/pdbc/2025/pdbc_202505.zip already exists (past month). Skipping.
[2026-01-22T18:29:37.704+0000] {pdbc.py:48} INFO - File bronze/omie/pdbc/2025/pdbc_202506.zip already exists (past month). Skipping.
[2026-01-22T18:29:37.751+0000] {pdbc.py:48} INFO - File bronze/omie/pdbc/2025/pdbc_202507.zip already exists (past month). Skipping.
[2026-01-22T18:29:37.831+0000] {pdbc.py:48} INFO - File bronze/omie/pdbc/2025/pdbc_202508.zip already exists (past month). Skipping.
[2026-01-22T18:29:37.894+0000] {pdbc.py:48} INFO - File bronze/omie/pdbc/2025/pdbc_202509.zip already exists (past month). Skipping.
[2026-01-22T18:29:37.970+0000] {pdbc.py:48} INFO - File bronze/omie/pdbc/2025/pdbc_202510.zip already exists (past month). Skipping.
[2026-01-22T18:29:38.067+0000] {omie_client.py:64} INFO - Downloading pdbc_202511.zip from OMIE...
[2026-01-22T18:29:39.082+0000] {omie_client.py:68} INFO - File pdbc_202511.zip not found (404).
[2026-01-22T18:29:39.119+0000] {pdbc.py:56} WARNING - Failed to download pdbc_202511.zip
[2026-01-22T18:29:39.206+0000] {omie_client.py:64} INFO - Downloading pdbc_202512.zip from OMIE...
[2026-01-22T18:29:40.364+0000] {omie_client.py:68} INFO - File pdbc_202512.zip not found (404).
[2026-01-22T18:29:40.383+0000] {pdbc.py:56} WARNING - Failed to download pdbc_202512.zip
[2026-01-22T18:29:40.408+0000] {omie_client.py:64} INFO - Downloading pdbc_202601.zip from OMIE...
[2026-01-22T18:29:41.240+0000] {omie_client.py:68} INFO - File pdbc_202601.zip not found (404).
[2026-01-22T18:29:41.256+0000] {pdbc.py:56} WARNING - Failed to download pdbc_202601.zip
[2026-01-22T18:29:41.270+0000] {python.py:237} INFO - Done. Returned value was: {'start': '2025-01-01', 'end': '2026-01-22'}
[2026-01-22T18:29:41.276+0000] {taskinstance.py:441} INFO - ::group::Post task execution logs
[2026-01-22T18:29:41.558+0000] {taskinstance.py:1206} INFO - Marking task as SUCCESS. dag_id=omie_pipeline, task_id=download_pdbc, run_id=manual__2026-01-22T18:29:12.380731+00:00, execution_date=20260122T182912, start_date=20260122T182932, end_date=20260122T182941
[2026-01-22T18:29:41.773+0000] {local_task_job_runner.py:240} INFO - Task exited with return code 0
[2026-01-22T18:29:41.849+0000] {local_task_job_runner.py:222} INFO - ::endgroup::
