[2026-01-23T16:09:53.731+0000] {local_task_job_runner.py:120} INFO - ::group::Pre task execution logs
[2026-01-23T16:09:53.840+0000] {taskinstance.py:2076} INFO - Dependencies all met for dep_context=non-requeueable deps ti=<TaskInstance: omie_pipeline.process_pdbc scheduled__2026-01-22T08:30:00+00:00 [queued]>
[2026-01-23T16:09:53.878+0000] {taskinstance.py:2076} INFO - Dependencies all met for dep_context=requeueable deps ti=<TaskInstance: omie_pipeline.process_pdbc scheduled__2026-01-22T08:30:00+00:00 [queued]>
[2026-01-23T16:09:53.884+0000] {taskinstance.py:2306} INFO - Starting attempt 1 of 2
[2026-01-23T16:09:53.943+0000] {taskinstance.py:2330} INFO - Executing <Task(PythonOperator): process_pdbc> on 2026-01-22 08:30:00+00:00
[2026-01-23T16:09:53.954+0000] {standard_task_runner.py:63} INFO - Started process 275 to run task
[2026-01-23T16:09:53.965+0000] {standard_task_runner.py:90} INFO - Running: ['***', 'tasks', 'run', 'omie_pipeline', 'process_pdbc', 'scheduled__2026-01-22T08:30:00+00:00', '--job-id', '182', '--raw', '--subdir', 'DAGS_FOLDER/omie_dag.py', '--cfg-path', '/tmp/tmprfcco7m2']
[2026-01-23T16:09:53.983+0000] {standard_task_runner.py:91} INFO - Job 182: Subtask process_pdbc
[2026-01-23T16:09:54.266+0000] {task_command.py:426} INFO - Running <TaskInstance: omie_pipeline.process_pdbc scheduled__2026-01-22T08:30:00+00:00 [running]> on host 2aff4151de2d
[2026-01-23T16:09:54.840+0000] {taskinstance.py:2648} INFO - Exporting env vars: AIRFLOW_CTX_DAG_OWNER='***' AIRFLOW_CTX_DAG_ID='omie_pipeline' AIRFLOW_CTX_TASK_ID='process_pdbc' AIRFLOW_CTX_EXECUTION_DATE='2026-01-22T08:30:00+00:00' AIRFLOW_CTX_TRY_NUMBER='1' AIRFLOW_CTX_DAG_RUN_ID='scheduled__2026-01-22T08:30:00+00:00'
[2026-01-23T16:09:54.842+0000] {taskinstance.py:430} INFO - ::endgroup::
[2026-01-23T16:09:54.919+0000] {logging_mixin.py:188} INFO - Processing process_pdbc for 2025-01-01 00:00:00 - 2026-01-22 00:00:00
[2026-01-23T16:10:28.339+0000] {filesystem.py:48} INFO - Saved file to /opt/***/local_data/silver/omie/pdbc/2025/01/20250101.parquet
[2026-01-23T16:10:51.227+0000] {database.py:186} INFO - Inserted 31756 rows into 'omie.pdbc'.
[2026-01-23T16:10:51.231+0000] {pdbc.py:160} INFO - Processed pdbc for 20250101
[2026-01-23T16:10:51.582+0000] {filesystem.py:48} INFO - Saved file to /opt/***/local_data/silver/omie/pdbc/2025/01/20250102.parquet
[2026-01-23T16:11:07.155+0000] {database.py:186} INFO - Inserted 33789 rows into 'omie.pdbc'.
[2026-01-23T16:11:07.156+0000] {pdbc.py:160} INFO - Processed pdbc for 20250102
[2026-01-23T16:11:07.591+0000] {filesystem.py:48} INFO - Saved file to /opt/***/local_data/silver/omie/pdbc/2025/01/20250103.parquet
[2026-01-23T16:11:26.820+0000] {database.py:186} INFO - Inserted 34353 rows into 'omie.pdbc'.
[2026-01-23T16:11:26.821+0000] {pdbc.py:160} INFO - Processed pdbc for 20250103
[2026-01-23T16:11:27.083+0000] {filesystem.py:48} INFO - Saved file to /opt/***/local_data/silver/omie/pdbc/2025/01/20250104.parquet
[2026-01-23T16:11:41.937+0000] {database.py:186} INFO - Inserted 33917 rows into 'omie.pdbc'.
[2026-01-23T16:11:41.939+0000] {pdbc.py:160} INFO - Processed pdbc for 20250104
[2026-01-23T16:11:42.303+0000] {filesystem.py:48} INFO - Saved file to /opt/***/local_data/silver/omie/pdbc/2025/01/20250105.parquet
[2026-01-23T16:11:48.432+0000] {database.py:186} INFO - Inserted 34355 rows into 'omie.pdbc'.
[2026-01-23T16:11:48.434+0000] {pdbc.py:160} INFO - Processed pdbc for 20250105
[2026-01-23T16:11:48.644+0000] {filesystem.py:48} INFO - Saved file to /opt/***/local_data/silver/omie/pdbc/2025/01/20250106.parquet
[2026-01-23T16:11:51.301+0000] {database.py:186} INFO - Inserted 34266 rows into 'omie.pdbc'.
[2026-01-23T16:11:51.302+0000] {pdbc.py:160} INFO - Processed pdbc for 20250106
[2026-01-23T16:11:51.623+0000] {filesystem.py:48} INFO - Saved file to /opt/***/local_data/silver/omie/pdbc/2025/01/20250107.parquet
[2026-01-23T16:11:54.311+0000] {database.py:186} INFO - Inserted 35598 rows into 'omie.pdbc'.
[2026-01-23T16:11:54.312+0000] {pdbc.py:160} INFO - Processed pdbc for 20250107
[2026-01-23T16:11:54.526+0000] {filesystem.py:48} INFO - Saved file to /opt/***/local_data/silver/omie/pdbc/2025/01/20250108.parquet
[2026-01-23T16:11:57.108+0000] {database.py:186} INFO - Inserted 35745 rows into 'omie.pdbc'.
[2026-01-23T16:11:57.109+0000] {pdbc.py:160} INFO - Processed pdbc for 20250108
[2026-01-23T16:11:57.298+0000] {filesystem.py:48} INFO - Saved file to /opt/***/local_data/silver/omie/pdbc/2025/01/20250109.parquet
[2026-01-23T16:11:59.825+0000] {database.py:186} INFO - Inserted 36252 rows into 'omie.pdbc'.
[2026-01-23T16:11:59.827+0000] {pdbc.py:160} INFO - Processed pdbc for 20250109
[2026-01-23T16:12:00.028+0000] {filesystem.py:48} INFO - Saved file to /opt/***/local_data/silver/omie/pdbc/2025/01/20250110.parquet
[2026-01-23T16:12:02.711+0000] {database.py:186} INFO - Inserted 35950 rows into 'omie.pdbc'.
[2026-01-23T16:12:02.714+0000] {pdbc.py:160} INFO - Processed pdbc for 20250110
[2026-01-23T16:12:02.967+0000] {filesystem.py:48} INFO - Saved file to /opt/***/local_data/silver/omie/pdbc/2025/01/20250111.parquet
[2026-01-23T16:12:05.545+0000] {database.py:186} INFO - Inserted 35193 rows into 'omie.pdbc'.
[2026-01-23T16:12:05.546+0000] {pdbc.py:160} INFO - Processed pdbc for 20250111
[2026-01-23T16:12:05.932+0000] {filesystem.py:48} INFO - Saved file to /opt/***/local_data/silver/omie/pdbc/2025/01/20250112.parquet
[2026-01-23T16:12:10.929+0000] {database.py:186} INFO - Inserted 35378 rows into 'omie.pdbc'.
[2026-01-23T16:12:10.930+0000] {pdbc.py:160} INFO - Processed pdbc for 20250112
[2026-01-23T16:12:11.230+0000] {filesystem.py:48} INFO - Saved file to /opt/***/local_data/silver/omie/pdbc/2025/01/20250113.parquet
[2026-01-23T16:12:14.080+0000] {database.py:186} INFO - Inserted 36281 rows into 'omie.pdbc'.
[2026-01-23T16:12:14.084+0000] {pdbc.py:160} INFO - Processed pdbc for 20250113
[2026-01-23T16:12:14.310+0000] {filesystem.py:48} INFO - Saved file to /opt/***/local_data/silver/omie/pdbc/2025/01/20250114.parquet
[2026-01-23T16:12:16.999+0000] {database.py:186} INFO - Inserted 36592 rows into 'omie.pdbc'.
[2026-01-23T16:12:17.003+0000] {pdbc.py:160} INFO - Processed pdbc for 20250114
[2026-01-23T16:12:17.251+0000] {filesystem.py:48} INFO - Saved file to /opt/***/local_data/silver/omie/pdbc/2025/01/20250115.parquet
[2026-01-23T16:12:20.015+0000] {database.py:186} INFO - Inserted 36378 rows into 'omie.pdbc'.
[2026-01-23T16:12:20.016+0000] {pdbc.py:160} INFO - Processed pdbc for 20250115
[2026-01-23T16:12:20.264+0000] {filesystem.py:48} INFO - Saved file to /opt/***/local_data/silver/omie/pdbc/2025/01/20250116.parquet
[2026-01-23T16:12:23.501+0000] {database.py:186} INFO - Inserted 36613 rows into 'omie.pdbc'.
[2026-01-23T16:12:23.503+0000] {pdbc.py:160} INFO - Processed pdbc for 20250116
[2026-01-23T16:12:23.716+0000] {filesystem.py:48} INFO - Saved file to /opt/***/local_data/silver/omie/pdbc/2025/01/20250117.parquet
[2026-01-23T16:12:26.804+0000] {database.py:186} INFO - Inserted 36320 rows into 'omie.pdbc'.
[2026-01-23T16:12:26.805+0000] {pdbc.py:160} INFO - Processed pdbc for 20250117
[2026-01-23T16:12:27.189+0000] {filesystem.py:48} INFO - Saved file to /opt/***/local_data/silver/omie/pdbc/2025/01/20250118.parquet
[2026-01-23T16:12:30.286+0000] {database.py:186} INFO - Inserted 35257 rows into 'omie.pdbc'.
[2026-01-23T16:12:30.288+0000] {pdbc.py:160} INFO - Processed pdbc for 20250118
[2026-01-23T16:12:30.854+0000] {filesystem.py:48} INFO - Saved file to /opt/***/local_data/silver/omie/pdbc/2025/01/20250119.parquet
[2026-01-23T16:12:33.836+0000] {database.py:186} INFO - Inserted 34705 rows into 'omie.pdbc'.
[2026-01-23T16:12:33.837+0000] {pdbc.py:160} INFO - Processed pdbc for 20250119
[2026-01-23T16:12:34.145+0000] {filesystem.py:48} INFO - Saved file to /opt/***/local_data/silver/omie/pdbc/2025/01/20250120.parquet
[2026-01-23T16:12:38.994+0000] {database.py:186} INFO - Inserted 35740 rows into 'omie.pdbc'.
[2026-01-23T16:12:38.995+0000] {pdbc.py:160} INFO - Processed pdbc for 20250120
[2026-01-23T16:12:39.325+0000] {filesystem.py:48} INFO - Saved file to /opt/***/local_data/silver/omie/pdbc/2025/01/20250121.parquet
[2026-01-23T16:12:43.242+0000] {database.py:186} INFO - Inserted 36096 rows into 'omie.pdbc'.
[2026-01-23T16:12:43.243+0000] {pdbc.py:160} INFO - Processed pdbc for 20250121
[2026-01-23T16:12:43.542+0000] {filesystem.py:48} INFO - Saved file to /opt/***/local_data/silver/omie/pdbc/2025/01/20250122.parquet
[2026-01-23T16:12:47.245+0000] {database.py:186} INFO - Inserted 36086 rows into 'omie.pdbc'.
[2026-01-23T16:12:47.247+0000] {pdbc.py:160} INFO - Processed pdbc for 20250122
[2026-01-23T16:12:47.481+0000] {filesystem.py:48} INFO - Saved file to /opt/***/local_data/silver/omie/pdbc/2025/01/20250123.parquet
[2026-01-23T16:12:51.037+0000] {database.py:186} INFO - Inserted 36804 rows into 'omie.pdbc'.
[2026-01-23T16:12:51.038+0000] {pdbc.py:160} INFO - Processed pdbc for 20250123
[2026-01-23T16:12:51.221+0000] {filesystem.py:48} INFO - Saved file to /opt/***/local_data/silver/omie/pdbc/2025/01/20250124.parquet
[2026-01-23T16:12:54.799+0000] {database.py:186} INFO - Inserted 36714 rows into 'omie.pdbc'.
[2026-01-23T16:12:54.803+0000] {pdbc.py:160} INFO - Processed pdbc for 20250124
[2026-01-23T16:12:55.126+0000] {filesystem.py:48} INFO - Saved file to /opt/***/local_data/silver/omie/pdbc/2025/01/20250125.parquet
[2026-01-23T16:12:58.116+0000] {database.py:186} INFO - Inserted 35984 rows into 'omie.pdbc'.
[2026-01-23T16:12:58.117+0000] {pdbc.py:160} INFO - Processed pdbc for 20250125
[2026-01-23T16:12:58.415+0000] {filesystem.py:48} INFO - Saved file to /opt/***/local_data/silver/omie/pdbc/2025/01/20250126.parquet
[2026-01-23T16:13:01.196+0000] {database.py:186} INFO - Inserted 35474 rows into 'omie.pdbc'.
[2026-01-23T16:13:01.197+0000] {pdbc.py:160} INFO - Processed pdbc for 20250126
[2026-01-23T16:13:01.536+0000] {filesystem.py:48} INFO - Saved file to /opt/***/local_data/silver/omie/pdbc/2025/01/20250127.parquet
[2026-01-23T16:13:05.267+0000] {database.py:186} INFO - Inserted 36034 rows into 'omie.pdbc'.
[2026-01-23T16:13:05.268+0000] {pdbc.py:160} INFO - Processed pdbc for 20250127
[2026-01-23T16:13:05.491+0000] {filesystem.py:48} INFO - Saved file to /opt/***/local_data/silver/omie/pdbc/2025/01/20250128.parquet
[2026-01-23T16:13:08.407+0000] {database.py:186} INFO - Inserted 35803 rows into 'omie.pdbc'.
[2026-01-23T16:13:08.410+0000] {pdbc.py:160} INFO - Processed pdbc for 20250128
[2026-01-23T16:13:08.827+0000] {filesystem.py:48} INFO - Saved file to /opt/***/local_data/silver/omie/pdbc/2025/01/20250129.parquet
[2026-01-23T16:13:12.267+0000] {database.py:186} INFO - Inserted 36349 rows into 'omie.pdbc'.
[2026-01-23T16:13:12.268+0000] {pdbc.py:160} INFO - Processed pdbc for 20250129
[2026-01-23T16:13:12.526+0000] {filesystem.py:48} INFO - Saved file to /opt/***/local_data/silver/omie/pdbc/2025/01/20250130.parquet
[2026-01-23T16:13:16.179+0000] {database.py:186} INFO - Inserted 36638 rows into 'omie.pdbc'.
[2026-01-23T16:13:16.180+0000] {pdbc.py:160} INFO - Processed pdbc for 20250130
[2026-01-23T16:13:16.412+0000] {filesystem.py:48} INFO - Saved file to /opt/***/local_data/silver/omie/pdbc/2025/01/20250131.parquet
[2026-01-23T16:13:18.839+0000] {database.py:186} INFO - Inserted 36980 rows into 'omie.pdbc'.
[2026-01-23T16:13:18.840+0000] {pdbc.py:160} INFO - Processed pdbc for 20250131
[2026-01-23T16:13:19.359+0000] {filesystem.py:48} INFO - Saved file to /opt/***/local_data/silver/omie/pdbc/2025/02/20250201.parquet
[2026-01-23T16:13:22.370+0000] {database.py:186} INFO - Inserted 36045 rows into 'omie.pdbc'.
[2026-01-23T16:13:22.371+0000] {pdbc.py:160} INFO - Processed pdbc for 20250201
[2026-01-23T16:13:22.676+0000] {filesystem.py:48} INFO - Saved file to /opt/***/local_data/silver/omie/pdbc/2025/02/20250202.parquet
[2026-01-23T16:13:25.865+0000] {database.py:186} INFO - Inserted 35451 rows into 'omie.pdbc'.
[2026-01-23T16:13:25.867+0000] {pdbc.py:160} INFO - Processed pdbc for 20250202
[2026-01-23T16:13:26.122+0000] {filesystem.py:48} INFO - Saved file to /opt/***/local_data/silver/omie/pdbc/2025/02/20250203.parquet
[2026-01-23T16:13:29.471+0000] {database.py:186} INFO - Inserted 36930 rows into 'omie.pdbc'.
[2026-01-23T16:13:29.471+0000] {pdbc.py:160} INFO - Processed pdbc for 20250203
[2026-01-23T16:13:29.659+0000] {filesystem.py:48} INFO - Saved file to /opt/***/local_data/silver/omie/pdbc/2025/02/20250204.parquet
[2026-01-23T16:13:32.965+0000] {database.py:186} INFO - Inserted 36575 rows into 'omie.pdbc'.
[2026-01-23T16:13:32.966+0000] {pdbc.py:160} INFO - Processed pdbc for 20250204
[2026-01-23T16:13:33.854+0000] {filesystem.py:48} INFO - Saved file to /opt/***/local_data/silver/omie/pdbc/2025/02/20250205.parquet
[2026-01-23T16:13:37.296+0000] {database.py:186} INFO - Inserted 37173 rows into 'omie.pdbc'.
[2026-01-23T16:13:37.297+0000] {pdbc.py:160} INFO - Processed pdbc for 20250205
[2026-01-23T16:13:37.578+0000] {filesystem.py:48} INFO - Saved file to /opt/***/local_data/silver/omie/pdbc/2025/02/20250206.parquet
[2026-01-23T16:13:43.151+0000] {database.py:186} INFO - Inserted 36497 rows into 'omie.pdbc'.
[2026-01-23T16:13:43.155+0000] {pdbc.py:160} INFO - Processed pdbc for 20250206
[2026-01-23T16:13:43.421+0000] {filesystem.py:48} INFO - Saved file to /opt/***/local_data/silver/omie/pdbc/2025/02/20250207.parquet
[2026-01-23T16:13:48.039+0000] {database.py:186} INFO - Inserted 37104 rows into 'omie.pdbc'.
[2026-01-23T16:13:48.040+0000] {pdbc.py:160} INFO - Processed pdbc for 20250207
[2026-01-23T16:13:48.309+0000] {filesystem.py:48} INFO - Saved file to /opt/***/local_data/silver/omie/pdbc/2025/02/20250208.parquet
[2026-01-23T16:13:55.061+0000] {database.py:186} INFO - Inserted 36867 rows into 'omie.pdbc'.
[2026-01-23T16:13:55.062+0000] {pdbc.py:160} INFO - Processed pdbc for 20250208
[2026-01-23T16:13:55.279+0000] {filesystem.py:48} INFO - Saved file to /opt/***/local_data/silver/omie/pdbc/2025/02/20250209.parquet
[2026-01-23T16:13:58.579+0000] {database.py:186} INFO - Inserted 35863 rows into 'omie.pdbc'.
[2026-01-23T16:13:58.580+0000] {pdbc.py:160} INFO - Processed pdbc for 20250209
[2026-01-23T16:13:58.879+0000] {filesystem.py:48} INFO - Saved file to /opt/***/local_data/silver/omie/pdbc/2025/02/20250210.parquet
[2026-01-23T16:14:03.868+0000] {database.py:186} INFO - Inserted 36642 rows into 'omie.pdbc'.
[2026-01-23T16:14:03.870+0000] {pdbc.py:160} INFO - Processed pdbc for 20250210
[2026-01-23T16:14:04.116+0000] {filesystem.py:48} INFO - Saved file to /opt/***/local_data/silver/omie/pdbc/2025/02/20250211.parquet
[2026-01-23T16:14:06.763+0000] {database.py:186} INFO - Inserted 37310 rows into 'omie.pdbc'.
[2026-01-23T16:14:06.768+0000] {pdbc.py:160} INFO - Processed pdbc for 20250211
[2026-01-23T16:14:07.161+0000] {filesystem.py:48} INFO - Saved file to /opt/***/local_data/silver/omie/pdbc/2025/02/20250212.parquet
[2026-01-23T16:14:12.038+0000] {database.py:186} INFO - Inserted 37816 rows into 'omie.pdbc'.
[2026-01-23T16:14:12.041+0000] {pdbc.py:160} INFO - Processed pdbc for 20250212
[2026-01-23T16:14:12.539+0000] {filesystem.py:48} INFO - Saved file to /opt/***/local_data/silver/omie/pdbc/2025/02/20250213.parquet
[2026-01-23T16:14:18.547+0000] {database.py:186} INFO - Inserted 37900 rows into 'omie.pdbc'.
[2026-01-23T16:14:18.551+0000] {pdbc.py:160} INFO - Processed pdbc for 20250213
[2026-01-23T16:14:18.980+0000] {filesystem.py:48} INFO - Saved file to /opt/***/local_data/silver/omie/pdbc/2025/02/20250214.parquet
[2026-01-23T16:14:22.633+0000] {database.py:186} INFO - Inserted 38036 rows into 'omie.pdbc'.
[2026-01-23T16:14:22.638+0000] {pdbc.py:160} INFO - Processed pdbc for 20250214
[2026-01-23T16:14:22.977+0000] {filesystem.py:48} INFO - Saved file to /opt/***/local_data/silver/omie/pdbc/2025/02/20250215.parquet
[2026-01-23T16:14:27.869+0000] {database.py:186} INFO - Inserted 37413 rows into 'omie.pdbc'.
[2026-01-23T16:14:27.871+0000] {pdbc.py:160} INFO - Processed pdbc for 20250215
[2026-01-23T16:14:28.153+0000] {filesystem.py:48} INFO - Saved file to /opt/***/local_data/silver/omie/pdbc/2025/02/20250216.parquet
[2026-01-23T16:14:31.897+0000] {database.py:186} INFO - Inserted 36784 rows into 'omie.pdbc'.
[2026-01-23T16:14:31.899+0000] {pdbc.py:160} INFO - Processed pdbc for 20250216
[2026-01-23T16:14:32.151+0000] {filesystem.py:48} INFO - Saved file to /opt/***/local_data/silver/omie/pdbc/2025/02/20250217.parquet
[2026-01-23T16:14:36.256+0000] {database.py:186} INFO - Inserted 37171 rows into 'omie.pdbc'.
[2026-01-23T16:14:36.257+0000] {pdbc.py:160} INFO - Processed pdbc for 20250217
[2026-01-23T16:14:36.844+0000] {filesystem.py:48} INFO - Saved file to /opt/***/local_data/silver/omie/pdbc/2025/02/20250218.parquet
[2026-01-23T16:14:39.767+0000] {database.py:186} INFO - Inserted 38244 rows into 'omie.pdbc'.
[2026-01-23T16:14:39.768+0000] {pdbc.py:160} INFO - Processed pdbc for 20250218
[2026-01-23T16:14:39.990+0000] {filesystem.py:48} INFO - Saved file to /opt/***/local_data/silver/omie/pdbc/2025/02/20250219.parquet
[2026-01-23T16:14:43.311+0000] {database.py:186} INFO - Inserted 37745 rows into 'omie.pdbc'.
[2026-01-23T16:14:43.313+0000] {pdbc.py:160} INFO - Processed pdbc for 20250219
[2026-01-23T16:14:43.516+0000] {filesystem.py:48} INFO - Saved file to /opt/***/local_data/silver/omie/pdbc/2025/02/20250220.parquet
[2026-01-23T16:14:47.139+0000] {database.py:186} INFO - Inserted 38097 rows into 'omie.pdbc'.
[2026-01-23T16:14:47.140+0000] {pdbc.py:160} INFO - Processed pdbc for 20250220
[2026-01-23T16:14:47.419+0000] {filesystem.py:48} INFO - Saved file to /opt/***/local_data/silver/omie/pdbc/2025/02/20250221.parquet
[2026-01-23T16:14:51.012+0000] {database.py:186} INFO - Inserted 38299 rows into 'omie.pdbc'.
[2026-01-23T16:14:51.016+0000] {pdbc.py:160} INFO - Processed pdbc for 20250221
[2026-01-23T16:14:51.307+0000] {filesystem.py:48} INFO - Saved file to /opt/***/local_data/silver/omie/pdbc/2025/02/20250222.parquet
[2026-01-23T16:14:56.006+0000] {database.py:186} INFO - Inserted 37348 rows into 'omie.pdbc'.
[2026-01-23T16:14:56.007+0000] {pdbc.py:160} INFO - Processed pdbc for 20250222
[2026-01-23T16:14:56.307+0000] {filesystem.py:48} INFO - Saved file to /opt/***/local_data/silver/omie/pdbc/2025/02/20250223.parquet
[2026-01-23T16:15:00.268+0000] {database.py:186} INFO - Inserted 36822 rows into 'omie.pdbc'.
[2026-01-23T16:15:00.270+0000] {pdbc.py:160} INFO - Processed pdbc for 20250223
[2026-01-23T16:15:00.575+0000] {filesystem.py:48} INFO - Saved file to /opt/***/local_data/silver/omie/pdbc/2025/02/20250224.parquet
[2026-01-23T16:15:04.339+0000] {database.py:186} INFO - Inserted 37924 rows into 'omie.pdbc'.
[2026-01-23T16:15:04.341+0000] {pdbc.py:160} INFO - Processed pdbc for 20250224
[2026-01-23T16:15:05.907+0000] {filesystem.py:48} INFO - Saved file to /opt/***/local_data/silver/omie/pdbc/2025/02/20250225.parquet
[2026-01-23T16:15:09.470+0000] {database.py:186} INFO - Inserted 38162 rows into 'omie.pdbc'.
[2026-01-23T16:15:09.474+0000] {pdbc.py:160} INFO - Processed pdbc for 20250225
[2026-01-23T16:15:09.762+0000] {filesystem.py:48} INFO - Saved file to /opt/***/local_data/silver/omie/pdbc/2025/02/20250226.parquet
[2026-01-23T16:15:13.507+0000] {database.py:186} INFO - Inserted 38563 rows into 'omie.pdbc'.
[2026-01-23T16:15:13.509+0000] {pdbc.py:160} INFO - Processed pdbc for 20250226
[2026-01-23T16:15:13.827+0000] {filesystem.py:48} INFO - Saved file to /opt/***/local_data/silver/omie/pdbc/2025/02/20250227.parquet
[2026-01-23T16:15:18.253+0000] {database.py:186} INFO - Inserted 37458 rows into 'omie.pdbc'.
[2026-01-23T16:15:18.254+0000] {pdbc.py:160} INFO - Processed pdbc for 20250227
[2026-01-23T16:15:18.511+0000] {filesystem.py:48} INFO - Saved file to /opt/***/local_data/silver/omie/pdbc/2025/02/20250228.parquet
[2026-01-23T16:15:21.936+0000] {database.py:186} INFO - Inserted 37681 rows into 'omie.pdbc'.
[2026-01-23T16:15:21.937+0000] {pdbc.py:160} INFO - Processed pdbc for 20250228
[2026-01-23T16:15:22.550+0000] {filesystem.py:48} INFO - Saved file to /opt/***/local_data/silver/omie/pdbc/2025/03/20250301.parquet
[2026-01-23T16:15:26.896+0000] {database.py:186} INFO - Inserted 37665 rows into 'omie.pdbc'.
[2026-01-23T16:15:26.907+0000] {pdbc.py:160} INFO - Processed pdbc for 20250301
[2026-01-23T16:15:27.249+0000] {filesystem.py:48} INFO - Saved file to /opt/***/local_data/silver/omie/pdbc/2025/03/20250302.parquet
[2026-01-23T16:15:30.697+0000] {database.py:186} INFO - Inserted 36988 rows into 'omie.pdbc'.
[2026-01-23T16:15:30.698+0000] {pdbc.py:160} INFO - Processed pdbc for 20250302
[2026-01-23T16:15:31.021+0000] {filesystem.py:48} INFO - Saved file to /opt/***/local_data/silver/omie/pdbc/2025/03/20250303.parquet
[2026-01-23T16:15:35.008+0000] {database.py:186} INFO - Inserted 37778 rows into 'omie.pdbc'.
[2026-01-23T16:15:35.009+0000] {pdbc.py:160} INFO - Processed pdbc for 20250303
[2026-01-23T16:15:35.348+0000] {filesystem.py:48} INFO - Saved file to /opt/***/local_data/silver/omie/pdbc/2025/03/20250304.parquet
[2026-01-23T16:15:38.664+0000] {database.py:186} INFO - Inserted 38579 rows into 'omie.pdbc'.
[2026-01-23T16:15:38.665+0000] {pdbc.py:160} INFO - Processed pdbc for 20250304
[2026-01-23T16:15:38.943+0000] {filesystem.py:48} INFO - Saved file to /opt/***/local_data/silver/omie/pdbc/2025/03/20250305.parquet
[2026-01-23T16:15:41.924+0000] {database.py:186} INFO - Inserted 38354 rows into 'omie.pdbc'.
[2026-01-23T16:15:41.926+0000] {pdbc.py:160} INFO - Processed pdbc for 20250305
[2026-01-23T16:15:42.427+0000] {filesystem.py:48} INFO - Saved file to /opt/***/local_data/silver/omie/pdbc/2025/03/20250306.parquet
[2026-01-23T16:15:46.557+0000] {database.py:186} INFO - Inserted 38677 rows into 'omie.pdbc'.
[2026-01-23T16:15:46.559+0000] {pdbc.py:160} INFO - Processed pdbc for 20250306
[2026-01-23T16:15:46.825+0000] {filesystem.py:48} INFO - Saved file to /opt/***/local_data/silver/omie/pdbc/2025/03/20250307.parquet
[2026-01-23T16:15:49.655+0000] {database.py:186} INFO - Inserted 38680 rows into 'omie.pdbc'.
[2026-01-23T16:15:49.656+0000] {pdbc.py:160} INFO - Processed pdbc for 20250307
[2026-01-23T16:15:49.919+0000] {filesystem.py:48} INFO - Saved file to /opt/***/local_data/silver/omie/pdbc/2025/03/20250308.parquet
[2026-01-23T16:15:53.424+0000] {database.py:186} INFO - Inserted 37191 rows into 'omie.pdbc'.
[2026-01-23T16:15:53.426+0000] {pdbc.py:160} INFO - Processed pdbc for 20250308
[2026-01-23T16:15:53.836+0000] {filesystem.py:48} INFO - Saved file to /opt/***/local_data/silver/omie/pdbc/2025/03/20250309.parquet
[2026-01-23T16:16:04.441+0000] {database.py:186} INFO - Inserted 37026 rows into 'omie.pdbc'.
[2026-01-23T16:16:04.443+0000] {pdbc.py:160} INFO - Processed pdbc for 20250309
[2026-01-23T16:16:14.292+0000] {filesystem.py:48} INFO - Saved file to /opt/***/local_data/silver/omie/pdbc/2025/03/20250310.parquet
[2026-01-23T16:16:24.323+0000] {database.py:186} INFO - Inserted 38048 rows into 'omie.pdbc'.
[2026-01-23T16:16:24.335+0000] {pdbc.py:160} INFO - Processed pdbc for 20250310
[2026-01-23T16:16:29.960+0000] {filesystem.py:48} INFO - Saved file to /opt/***/local_data/silver/omie/pdbc/2025/03/20250311.parquet
[2026-01-23T16:16:44.283+0000] {database.py:186} INFO - Inserted 38550 rows into 'omie.pdbc'.
[2026-01-23T16:16:44.308+0000] {pdbc.py:160} INFO - Processed pdbc for 20250311
[2026-01-23T16:16:47.336+0000] {filesystem.py:48} INFO - Saved file to /opt/***/local_data/silver/omie/pdbc/2025/03/20250312.parquet
[2026-01-23T16:17:07.194+0000] {database.py:186} INFO - Inserted 38960 rows into 'omie.pdbc'.
[2026-01-23T16:17:07.298+0000] {pdbc.py:160} INFO - Processed pdbc for 20250312
[2026-01-23T16:17:08.837+0000] {filesystem.py:48} INFO - Saved file to /opt/***/local_data/silver/omie/pdbc/2025/03/20250313.parquet
[2026-01-23T16:17:11.906+0000] {database.py:186} INFO - Inserted 38859 rows into 'omie.pdbc'.
[2026-01-23T16:17:11.911+0000] {pdbc.py:160} INFO - Processed pdbc for 20250313
[2026-01-23T16:17:12.670+0000] {filesystem.py:48} INFO - Saved file to /opt/***/local_data/silver/omie/pdbc/2025/03/20250314.parquet
[2026-01-23T16:17:18.178+0000] {database.py:186} INFO - Inserted 39370 rows into 'omie.pdbc'.
[2026-01-23T16:17:18.182+0000] {pdbc.py:160} INFO - Processed pdbc for 20250314
[2026-01-23T16:17:18.619+0000] {filesystem.py:48} INFO - Saved file to /opt/***/local_data/silver/omie/pdbc/2025/03/20250315.parquet
[2026-01-23T16:17:35.370+0000] {database.py:186} INFO - Inserted 38180 rows into 'omie.pdbc'.
[2026-01-23T16:17:35.372+0000] {pdbc.py:160} INFO - Processed pdbc for 20250315
[2026-01-23T16:17:35.769+0000] {filesystem.py:48} INFO - Saved file to /opt/***/local_data/silver/omie/pdbc/2025/03/20250316.parquet
[2026-01-23T16:17:38.787+0000] {database.py:186} INFO - Inserted 37813 rows into 'omie.pdbc'.
[2026-01-23T16:17:38.791+0000] {pdbc.py:160} INFO - Processed pdbc for 20250316
[2026-01-23T16:17:39.071+0000] {filesystem.py:48} INFO - Saved file to /opt/***/local_data/silver/omie/pdbc/2025/03/20250317.parquet
[2026-01-23T16:17:41.488+0000] {database.py:186} INFO - Inserted 38356 rows into 'omie.pdbc'.
[2026-01-23T16:17:41.489+0000] {pdbc.py:160} INFO - Processed pdbc for 20250317
[2026-01-23T16:17:41.751+0000] {filesystem.py:48} INFO - Saved file to /opt/***/local_data/silver/omie/pdbc/2025/03/20250318.parquet
[2026-01-23T16:17:45.286+0000] {database.py:186} INFO - Inserted 39249 rows into 'omie.pdbc'.
[2026-01-23T16:17:45.289+0000] {pdbc.py:160} INFO - Processed pdbc for 20250318
[2026-01-23T16:17:45.606+0000] {filesystem.py:48} INFO - Saved file to /opt/***/local_data/silver/omie/pdbc/2025/03/20250319.parquet
[2026-01-23T16:17:51.277+0000] {database.py:186} INFO - Inserted 39202 rows into 'omie.pdbc'.
[2026-01-23T16:17:51.278+0000] {pdbc.py:160} INFO - Processed pdbc for 20250319
[2026-01-23T16:17:51.570+0000] {filesystem.py:48} INFO - Saved file to /opt/***/local_data/silver/omie/pdbc/2025/03/20250320.parquet
[2026-01-23T16:17:53.917+0000] {database.py:186} INFO - Inserted 37065 rows into 'omie.pdbc'.
[2026-01-23T16:17:53.918+0000] {pdbc.py:160} INFO - Processed pdbc for 20250320
[2026-01-23T16:17:54.233+0000] {filesystem.py:48} INFO - Saved file to /opt/***/local_data/silver/omie/pdbc/2025/03/20250321.parquet
[2026-01-23T16:17:57.648+0000] {database.py:186} INFO - Inserted 37750 rows into 'omie.pdbc'.
[2026-01-23T16:17:57.650+0000] {pdbc.py:160} INFO - Processed pdbc for 20250321
[2026-01-23T16:17:57.919+0000] {filesystem.py:48} INFO - Saved file to /opt/***/local_data/silver/omie/pdbc/2025/03/20250322.parquet
[2026-01-23T16:18:02.973+0000] {database.py:186} INFO - Inserted 35359 rows into 'omie.pdbc'.
[2026-01-23T16:18:02.974+0000] {pdbc.py:160} INFO - Processed pdbc for 20250322
[2026-01-23T16:18:03.207+0000] {filesystem.py:48} INFO - Saved file to /opt/***/local_data/silver/omie/pdbc/2025/03/20250323.parquet
[2026-01-23T16:18:07.596+0000] {database.py:186} INFO - Inserted 36060 rows into 'omie.pdbc'.
[2026-01-23T16:18:07.598+0000] {pdbc.py:160} INFO - Processed pdbc for 20250323
[2026-01-23T16:18:08.093+0000] {filesystem.py:48} INFO - Saved file to /opt/***/local_data/silver/omie/pdbc/2025/03/20250324.parquet
[2026-01-23T16:18:12.937+0000] {database.py:186} INFO - Inserted 38771 rows into 'omie.pdbc'.
[2026-01-23T16:18:12.938+0000] {pdbc.py:160} INFO - Processed pdbc for 20250324
[2026-01-23T16:18:13.206+0000] {filesystem.py:48} INFO - Saved file to /opt/***/local_data/silver/omie/pdbc/2025/03/20250325.parquet
[2026-01-23T16:18:19.004+0000] {database.py:186} INFO - Inserted 39053 rows into 'omie.pdbc'.
[2026-01-23T16:18:19.005+0000] {pdbc.py:160} INFO - Processed pdbc for 20250325
[2026-01-23T16:18:19.329+0000] {filesystem.py:48} INFO - Saved file to /opt/***/local_data/silver/omie/pdbc/2025/03/20250326.parquet
[2026-01-23T16:18:23.011+0000] {database.py:186} INFO - Inserted 36740 rows into 'omie.pdbc'.
[2026-01-23T16:18:23.013+0000] {pdbc.py:160} INFO - Processed pdbc for 20250326
[2026-01-23T16:18:24.396+0000] {filesystem.py:48} INFO - Saved file to /opt/***/local_data/silver/omie/pdbc/2025/03/20250327.parquet
[2026-01-23T16:18:27.604+0000] {database.py:186} INFO - Inserted 37739 rows into 'omie.pdbc'.
[2026-01-23T16:18:27.605+0000] {pdbc.py:160} INFO - Processed pdbc for 20250327
[2026-01-23T16:18:27.933+0000] {filesystem.py:48} INFO - Saved file to /opt/***/local_data/silver/omie/pdbc/2025/03/20250328.parquet
[2026-01-23T16:18:33.374+0000] {database.py:186} INFO - Inserted 36062 rows into 'omie.pdbc'.
[2026-01-23T16:18:33.375+0000] {pdbc.py:160} INFO - Processed pdbc for 20250328
[2026-01-23T16:18:34.918+0000] {filesystem.py:48} INFO - Saved file to /opt/***/local_data/silver/omie/pdbc/2025/03/20250329.parquet
[2026-01-23T16:18:37.620+0000] {database.py:186} INFO - Inserted 33454 rows into 'omie.pdbc'.
[2026-01-23T16:18:37.622+0000] {pdbc.py:160} INFO - Processed pdbc for 20250329
[2026-01-23T16:18:37.861+0000] {filesystem.py:48} INFO - Saved file to /opt/***/local_data/silver/omie/pdbc/2025/03/20250330.parquet
[2026-01-23T16:18:40.612+0000] {database.py:186} INFO - Inserted 30042 rows into 'omie.pdbc'.
[2026-01-23T16:18:40.613+0000] {pdbc.py:160} INFO - Processed pdbc for 20250330
[2026-01-23T16:18:40.926+0000] {filesystem.py:48} INFO - Saved file to /opt/***/local_data/silver/omie/pdbc/2025/03/20250331.parquet
[2026-01-23T16:18:46.407+0000] {database.py:186} INFO - Inserted 35848 rows into 'omie.pdbc'.
[2026-01-23T16:18:46.411+0000] {pdbc.py:160} INFO - Processed pdbc for 20250331
[2026-01-23T16:18:47.501+0000] {filesystem.py:48} INFO - Saved file to /opt/***/local_data/silver/omie/pdbc/2025/04/20250401.parquet
[2026-01-23T16:18:50.280+0000] {database.py:186} INFO - Inserted 37120 rows into 'omie.pdbc'.
[2026-01-23T16:18:50.281+0000] {pdbc.py:160} INFO - Processed pdbc for 20250401
[2026-01-23T16:18:50.524+0000] {filesystem.py:48} INFO - Saved file to /opt/***/local_data/silver/omie/pdbc/2025/04/20250402.parquet
[2026-01-23T16:18:54.233+0000] {database.py:186} INFO - Inserted 38068 rows into 'omie.pdbc'.
[2026-01-23T16:18:54.235+0000] {pdbc.py:160} INFO - Processed pdbc for 20250402
[2026-01-23T16:18:54.723+0000] {filesystem.py:48} INFO - Saved file to /opt/***/local_data/silver/omie/pdbc/2025/04/20250403.parquet
[2026-01-23T16:18:58.797+0000] {database.py:186} INFO - Inserted 39099 rows into 'omie.pdbc'.
[2026-01-23T16:18:58.800+0000] {pdbc.py:160} INFO - Processed pdbc for 20250403
[2026-01-23T16:18:59.153+0000] {filesystem.py:48} INFO - Saved file to /opt/***/local_data/silver/omie/pdbc/2025/04/20250404.parquet
[2026-01-23T16:19:05.620+0000] {database.py:186} INFO - Inserted 38124 rows into 'omie.pdbc'.
[2026-01-23T16:19:05.621+0000] {pdbc.py:160} INFO - Processed pdbc for 20250404
[2026-01-23T16:19:05.971+0000] {filesystem.py:48} INFO - Saved file to /opt/***/local_data/silver/omie/pdbc/2025/04/20250405.parquet
[2026-01-23T16:19:10.337+0000] {database.py:186} INFO - Inserted 35901 rows into 'omie.pdbc'.
[2026-01-23T16:19:10.338+0000] {pdbc.py:160} INFO - Processed pdbc for 20250405
[2026-01-23T16:19:10.638+0000] {filesystem.py:48} INFO - Saved file to /opt/***/local_data/silver/omie/pdbc/2025/04/20250406.parquet
[2026-01-23T16:19:14.454+0000] {database.py:186} INFO - Inserted 34469 rows into 'omie.pdbc'.
[2026-01-23T16:19:14.456+0000] {pdbc.py:160} INFO - Processed pdbc for 20250406
[2026-01-23T16:19:14.876+0000] {filesystem.py:48} INFO - Saved file to /opt/***/local_data/silver/omie/pdbc/2025/04/20250407.parquet
[2026-01-23T16:19:18.813+0000] {database.py:186} INFO - Inserted 38648 rows into 'omie.pdbc'.
[2026-01-23T16:19:18.814+0000] {pdbc.py:160} INFO - Processed pdbc for 20250407
[2026-01-23T16:19:19.074+0000] {filesystem.py:48} INFO - Saved file to /opt/***/local_data/silver/omie/pdbc/2025/04/20250408.parquet
[2026-01-23T16:19:21.958+0000] {database.py:186} INFO - Inserted 36270 rows into 'omie.pdbc'.
[2026-01-23T16:19:21.960+0000] {pdbc.py:160} INFO - Processed pdbc for 20250408
[2026-01-23T16:19:22.214+0000] {filesystem.py:48} INFO - Saved file to /opt/***/local_data/silver/omie/pdbc/2025/04/20250409.parquet
[2026-01-23T16:19:26.897+0000] {database.py:186} INFO - Inserted 37650 rows into 'omie.pdbc'.
[2026-01-23T16:19:26.906+0000] {pdbc.py:160} INFO - Processed pdbc for 20250409
[2026-01-23T16:19:27.232+0000] {filesystem.py:48} INFO - Saved file to /opt/***/local_data/silver/omie/pdbc/2025/04/20250410.parquet
[2026-01-23T16:19:32.001+0000] {database.py:186} INFO - Inserted 38840 rows into 'omie.pdbc'.
[2026-01-23T16:19:32.002+0000] {pdbc.py:160} INFO - Processed pdbc for 20250410
[2026-01-23T16:19:32.302+0000] {filesystem.py:48} INFO - Saved file to /opt/***/local_data/silver/omie/pdbc/2025/04/20250411.parquet
[2026-01-23T16:19:36.400+0000] {database.py:186} INFO - Inserted 39031 rows into 'omie.pdbc'.
[2026-01-23T16:19:36.418+0000] {pdbc.py:160} INFO - Processed pdbc for 20250411
[2026-01-23T16:19:36.660+0000] {filesystem.py:48} INFO - Saved file to /opt/***/local_data/silver/omie/pdbc/2025/04/20250412.parquet
[2026-01-23T16:19:40.549+0000] {database.py:186} INFO - Inserted 37940 rows into 'omie.pdbc'.
[2026-01-23T16:19:40.550+0000] {pdbc.py:160} INFO - Processed pdbc for 20250412
[2026-01-23T16:19:40.822+0000] {filesystem.py:48} INFO - Saved file to /opt/***/local_data/silver/omie/pdbc/2025/04/20250413.parquet
[2026-01-23T16:19:44.492+0000] {database.py:186} INFO - Inserted 36813 rows into 'omie.pdbc'.
[2026-01-23T16:19:44.493+0000] {pdbc.py:160} INFO - Processed pdbc for 20250413
[2026-01-23T16:19:44.786+0000] {filesystem.py:48} INFO - Saved file to /opt/***/local_data/silver/omie/pdbc/2025/04/20250414.parquet
[2026-01-23T16:19:49.368+0000] {database.py:186} INFO - Inserted 39208 rows into 'omie.pdbc'.
[2026-01-23T16:19:49.369+0000] {pdbc.py:160} INFO - Processed pdbc for 20250414
[2026-01-23T16:19:49.770+0000] {filesystem.py:48} INFO - Saved file to /opt/***/local_data/silver/omie/pdbc/2025/04/20250415.parquet
[2026-01-23T16:19:54.676+0000] {database.py:186} INFO - Inserted 38712 rows into 'omie.pdbc'.
[2026-01-23T16:19:54.679+0000] {pdbc.py:160} INFO - Processed pdbc for 20250415
[2026-01-23T16:19:55.114+0000] {filesystem.py:48} INFO - Saved file to /opt/***/local_data/silver/omie/pdbc/2025/04/20250416.parquet
[2026-01-23T16:19:58.943+0000] {database.py:186} INFO - Inserted 38949 rows into 'omie.pdbc'.
[2026-01-23T16:19:58.945+0000] {pdbc.py:160} INFO - Processed pdbc for 20250416
[2026-01-23T16:19:59.417+0000] {filesystem.py:48} INFO - Saved file to /opt/***/local_data/silver/omie/pdbc/2025/04/20250417.parquet
[2026-01-23T16:20:04.829+0000] {database.py:186} INFO - Inserted 38696 rows into 'omie.pdbc'.
[2026-01-23T16:20:04.830+0000] {pdbc.py:160} INFO - Processed pdbc for 20250417
[2026-01-23T16:20:05.497+0000] {filesystem.py:48} INFO - Saved file to /opt/***/local_data/silver/omie/pdbc/2025/04/20250418.parquet
[2026-01-23T16:20:09.266+0000] {database.py:186} INFO - Inserted 36113 rows into 'omie.pdbc'.
[2026-01-23T16:20:09.267+0000] {pdbc.py:160} INFO - Processed pdbc for 20250418
[2026-01-23T16:20:10.119+0000] {filesystem.py:48} INFO - Saved file to /opt/***/local_data/silver/omie/pdbc/2025/04/20250419.parquet
[2026-01-23T16:20:13.587+0000] {database.py:186} INFO - Inserted 33867 rows into 'omie.pdbc'.
[2026-01-23T16:20:13.589+0000] {pdbc.py:160} INFO - Processed pdbc for 20250419
[2026-01-23T16:20:13.965+0000] {filesystem.py:48} INFO - Saved file to /opt/***/local_data/silver/omie/pdbc/2025/04/20250420.parquet
[2026-01-23T16:20:19.026+0000] {database.py:186} INFO - Inserted 34348 rows into 'omie.pdbc'.
[2026-01-23T16:20:19.027+0000] {pdbc.py:160} INFO - Processed pdbc for 20250420
[2026-01-23T16:20:19.230+0000] {filesystem.py:48} INFO - Saved file to /opt/***/local_data/silver/omie/pdbc/2025/04/20250421.parquet
[2026-01-23T16:20:22.332+0000] {database.py:186} INFO - Inserted 38703 rows into 'omie.pdbc'.
[2026-01-23T16:20:22.333+0000] {pdbc.py:160} INFO - Processed pdbc for 20250421
[2026-01-23T16:20:22.550+0000] {filesystem.py:48} INFO - Saved file to /opt/***/local_data/silver/omie/pdbc/2025/04/20250422.parquet
[2026-01-23T16:20:26.549+0000] {database.py:186} INFO - Inserted 39604 rows into 'omie.pdbc'.
[2026-01-23T16:20:26.551+0000] {pdbc.py:160} INFO - Processed pdbc for 20250422
[2026-01-23T16:20:26.919+0000] {filesystem.py:48} INFO - Saved file to /opt/***/local_data/silver/omie/pdbc/2025/04/20250423.parquet
[2026-01-23T16:20:30.356+0000] {database.py:186} INFO - Inserted 40145 rows into 'omie.pdbc'.
[2026-01-23T16:20:30.361+0000] {pdbc.py:160} INFO - Processed pdbc for 20250423
[2026-01-23T16:20:30.749+0000] {filesystem.py:48} INFO - Saved file to /opt/***/local_data/silver/omie/pdbc/2025/04/20250424.parquet
[2026-01-23T16:20:34.336+0000] {database.py:186} INFO - Inserted 38900 rows into 'omie.pdbc'.
[2026-01-23T16:20:34.338+0000] {pdbc.py:160} INFO - Processed pdbc for 20250424
[2026-01-23T16:20:34.557+0000] {filesystem.py:48} INFO - Saved file to /opt/***/local_data/silver/omie/pdbc/2025/04/20250425.parquet
[2026-01-23T16:20:37.737+0000] {database.py:186} INFO - Inserted 38881 rows into 'omie.pdbc'.
[2026-01-23T16:20:37.738+0000] {pdbc.py:160} INFO - Processed pdbc for 20250425
[2026-01-23T16:20:38.114+0000] {filesystem.py:48} INFO - Saved file to /opt/***/local_data/silver/omie/pdbc/2025/04/20250426.parquet
[2026-01-23T16:20:42.770+0000] {database.py:186} INFO - Inserted 35133 rows into 'omie.pdbc'.
[2026-01-23T16:20:42.771+0000] {pdbc.py:160} INFO - Processed pdbc for 20250426
[2026-01-23T16:20:42.937+0000] {filesystem.py:48} INFO - Saved file to /opt/***/local_data/silver/omie/pdbc/2025/04/20250427.parquet
[2026-01-23T16:20:46.754+0000] {database.py:186} INFO - Inserted 33079 rows into 'omie.pdbc'.
[2026-01-23T16:20:46.756+0000] {pdbc.py:160} INFO - Processed pdbc for 20250427
[2026-01-23T16:20:47.105+0000] {filesystem.py:48} INFO - Saved file to /opt/***/local_data/silver/omie/pdbc/2025/04/20250428.parquet
[2026-01-23T16:20:51.170+0000] {database.py:186} INFO - Inserted 37077 rows into 'omie.pdbc'.
[2026-01-23T16:20:51.171+0000] {pdbc.py:160} INFO - Processed pdbc for 20250428
[2026-01-23T16:20:51.434+0000] {filesystem.py:48} INFO - Saved file to /opt/***/local_data/silver/omie/pdbc/2025/04/20250429.parquet
[2026-01-23T16:20:58.855+0000] {database.py:186} INFO - Inserted 37027 rows into 'omie.pdbc'.
[2026-01-23T16:20:58.856+0000] {pdbc.py:160} INFO - Processed pdbc for 20250429
[2026-01-23T16:20:59.109+0000] {filesystem.py:48} INFO - Saved file to /opt/***/local_data/silver/omie/pdbc/2025/04/20250430.parquet
[2026-01-23T16:21:02.447+0000] {database.py:186} INFO - Inserted 38362 rows into 'omie.pdbc'.
[2026-01-23T16:21:02.449+0000] {pdbc.py:160} INFO - Processed pdbc for 20250430
[2026-01-23T16:21:03.008+0000] {filesystem.py:48} INFO - Saved file to /opt/***/local_data/silver/omie/pdbc/2025/05/20250501.parquet
[2026-01-23T16:21:06.314+0000] {database.py:186} INFO - Inserted 33520 rows into 'omie.pdbc'.
[2026-01-23T16:21:06.315+0000] {pdbc.py:160} INFO - Processed pdbc for 20250501
[2026-01-23T16:21:06.636+0000] {filesystem.py:48} INFO - Saved file to /opt/***/local_data/silver/omie/pdbc/2025/05/20250502.parquet
[2026-01-23T16:21:10.517+0000] {database.py:186} INFO - Inserted 36220 rows into 'omie.pdbc'.
[2026-01-23T16:21:10.521+0000] {pdbc.py:160} INFO - Processed pdbc for 20250502
[2026-01-23T16:21:10.926+0000] {filesystem.py:48} INFO - Saved file to /opt/***/local_data/silver/omie/pdbc/2025/05/20250503.parquet
[2026-01-23T16:21:14.485+0000] {database.py:186} INFO - Inserted 35908 rows into 'omie.pdbc'.
[2026-01-23T16:21:14.486+0000] {pdbc.py:160} INFO - Processed pdbc for 20250503
[2026-01-23T16:21:14.902+0000] {filesystem.py:48} INFO - Saved file to /opt/***/local_data/silver/omie/pdbc/2025/05/20250504.parquet
[2026-01-23T16:21:17.951+0000] {database.py:186} INFO - Inserted 34806 rows into 'omie.pdbc'.
[2026-01-23T16:21:17.952+0000] {pdbc.py:160} INFO - Processed pdbc for 20250504
[2026-01-23T16:21:18.316+0000] {filesystem.py:48} INFO - Saved file to /opt/***/local_data/silver/omie/pdbc/2025/05/20250505.parquet
[2026-01-23T16:21:22.473+0000] {database.py:186} INFO - Inserted 36269 rows into 'omie.pdbc'.
[2026-01-23T16:21:22.474+0000] {pdbc.py:160} INFO - Processed pdbc for 20250505
[2026-01-23T16:21:22.782+0000] {filesystem.py:48} INFO - Saved file to /opt/***/local_data/silver/omie/pdbc/2025/05/20250506.parquet
[2026-01-23T16:21:26.734+0000] {database.py:186} INFO - Inserted 36129 rows into 'omie.pdbc'.
[2026-01-23T16:21:26.735+0000] {pdbc.py:160} INFO - Processed pdbc for 20250506
[2026-01-23T16:21:26.986+0000] {filesystem.py:48} INFO - Saved file to /opt/***/local_data/silver/omie/pdbc/2025/05/20250507.parquet
[2026-01-23T16:21:31.166+0000] {database.py:186} INFO - Inserted 38830 rows into 'omie.pdbc'.
[2026-01-23T16:21:31.167+0000] {pdbc.py:160} INFO - Processed pdbc for 20250507
[2026-01-23T16:21:31.463+0000] {filesystem.py:48} INFO - Saved file to /opt/***/local_data/silver/omie/pdbc/2025/05/20250508.parquet
[2026-01-23T16:21:36.500+0000] {database.py:186} INFO - Inserted 39167 rows into 'omie.pdbc'.
[2026-01-23T16:21:36.501+0000] {pdbc.py:160} INFO - Processed pdbc for 20250508
[2026-01-23T16:21:36.758+0000] {filesystem.py:48} INFO - Saved file to /opt/***/local_data/silver/omie/pdbc/2025/05/20250509.parquet
[2026-01-23T16:21:39.837+0000] {database.py:186} INFO - Inserted 39931 rows into 'omie.pdbc'.
[2026-01-23T16:21:39.838+0000] {pdbc.py:160} INFO - Processed pdbc for 20250509
[2026-01-23T16:21:40.169+0000] {filesystem.py:48} INFO - Saved file to /opt/***/local_data/silver/omie/pdbc/2025/05/20250510.parquet
[2026-01-23T16:21:44.153+0000] {database.py:186} INFO - Inserted 35666 rows into 'omie.pdbc'.
[2026-01-23T16:21:44.154+0000] {pdbc.py:160} INFO - Processed pdbc for 20250510
[2026-01-23T16:21:44.467+0000] {filesystem.py:48} INFO - Saved file to /opt/***/local_data/silver/omie/pdbc/2025/05/20250511.parquet
[2026-01-23T16:21:47.958+0000] {database.py:186} INFO - Inserted 32612 rows into 'omie.pdbc'.
[2026-01-23T16:21:47.959+0000] {pdbc.py:160} INFO - Processed pdbc for 20250511
[2026-01-23T16:21:48.243+0000] {filesystem.py:48} INFO - Saved file to /opt/***/local_data/silver/omie/pdbc/2025/05/20250512.parquet
[2026-01-23T16:21:53.857+0000] {database.py:186} INFO - Inserted 37080 rows into 'omie.pdbc'.
[2026-01-23T16:21:53.858+0000] {pdbc.py:160} INFO - Processed pdbc for 20250512
[2026-01-23T16:21:54.095+0000] {filesystem.py:48} INFO - Saved file to /opt/***/local_data/silver/omie/pdbc/2025/05/20250513.parquet
[2026-01-23T16:21:57.423+0000] {database.py:186} INFO - Inserted 38615 rows into 'omie.pdbc'.
[2026-01-23T16:21:57.424+0000] {pdbc.py:160} INFO - Processed pdbc for 20250513
[2026-01-23T16:21:57.708+0000] {filesystem.py:48} INFO - Saved file to /opt/***/local_data/silver/omie/pdbc/2025/05/20250514.parquet
[2026-01-23T16:22:00.933+0000] {database.py:186} INFO - Inserted 37675 rows into 'omie.pdbc'.
[2026-01-23T16:22:00.936+0000] {pdbc.py:160} INFO - Processed pdbc for 20250514
[2026-01-23T16:22:01.181+0000] {filesystem.py:48} INFO - Saved file to /opt/***/local_data/silver/omie/pdbc/2025/05/20250515.parquet
[2026-01-23T16:22:03.571+0000] {database.py:186} INFO - Inserted 37254 rows into 'omie.pdbc'.
[2026-01-23T16:22:03.573+0000] {pdbc.py:160} INFO - Processed pdbc for 20250515
[2026-01-23T16:22:03.857+0000] {filesystem.py:48} INFO - Saved file to /opt/***/local_data/silver/omie/pdbc/2025/05/20250516.parquet
[2026-01-23T16:22:07.684+0000] {database.py:186} INFO - Inserted 35651 rows into 'omie.pdbc'.
[2026-01-23T16:22:07.686+0000] {pdbc.py:160} INFO - Processed pdbc for 20250516
[2026-01-23T16:22:08.144+0000] {filesystem.py:48} INFO - Saved file to /opt/***/local_data/silver/omie/pdbc/2025/05/20250517.parquet
[2026-01-23T16:22:12.390+0000] {database.py:186} INFO - Inserted 34659 rows into 'omie.pdbc'.
[2026-01-23T16:22:12.391+0000] {pdbc.py:160} INFO - Processed pdbc for 20250517
[2026-01-23T16:22:12.785+0000] {filesystem.py:48} INFO - Saved file to /opt/***/local_data/silver/omie/pdbc/2025/05/20250518.parquet
[2026-01-23T16:22:16.476+0000] {database.py:186} INFO - Inserted 33458 rows into 'omie.pdbc'.
[2026-01-23T16:22:16.477+0000] {pdbc.py:160} INFO - Processed pdbc for 20250518
[2026-01-23T16:22:16.642+0000] {filesystem.py:48} INFO - Saved file to /opt/***/local_data/silver/omie/pdbc/2025/05/20250519.parquet
[2026-01-23T16:22:19.802+0000] {database.py:186} INFO - Inserted 37532 rows into 'omie.pdbc'.
[2026-01-23T16:22:19.804+0000] {pdbc.py:160} INFO - Processed pdbc for 20250519
[2026-01-23T16:22:20.092+0000] {filesystem.py:48} INFO - Saved file to /opt/***/local_data/silver/omie/pdbc/2025/05/20250520.parquet
[2026-01-23T16:22:25.322+0000] {database.py:186} INFO - Inserted 37058 rows into 'omie.pdbc'.
[2026-01-23T16:22:25.323+0000] {pdbc.py:160} INFO - Processed pdbc for 20250520
[2026-01-23T16:22:25.649+0000] {filesystem.py:48} INFO - Saved file to /opt/***/local_data/silver/omie/pdbc/2025/05/20250521.parquet
[2026-01-23T16:22:28.316+0000] {database.py:186} INFO - Inserted 38241 rows into 'omie.pdbc'.
[2026-01-23T16:22:28.317+0000] {pdbc.py:160} INFO - Processed pdbc for 20250521
[2026-01-23T16:22:28.506+0000] {filesystem.py:48} INFO - Saved file to /opt/***/local_data/silver/omie/pdbc/2025/05/20250522.parquet
[2026-01-23T16:22:31.400+0000] {database.py:186} INFO - Inserted 36627 rows into 'omie.pdbc'.
[2026-01-23T16:22:31.401+0000] {pdbc.py:160} INFO - Processed pdbc for 20250522
[2026-01-23T16:22:31.692+0000] {filesystem.py:48} INFO - Saved file to /opt/***/local_data/silver/omie/pdbc/2025/05/20250523.parquet
[2026-01-23T16:22:35.904+0000] {database.py:186} INFO - Inserted 37810 rows into 'omie.pdbc'.
[2026-01-23T16:22:35.906+0000] {pdbc.py:160} INFO - Processed pdbc for 20250523
[2026-01-23T16:22:36.113+0000] {filesystem.py:48} INFO - Saved file to /opt/***/local_data/silver/omie/pdbc/2025/05/20250524.parquet
[2026-01-23T16:22:39.810+0000] {database.py:186} INFO - Inserted 34057 rows into 'omie.pdbc'.
[2026-01-23T16:22:39.811+0000] {pdbc.py:160} INFO - Processed pdbc for 20250524
[2026-01-23T16:22:41.525+0000] {filesystem.py:48} INFO - Saved file to /opt/***/local_data/silver/omie/pdbc/2025/05/20250525.parquet
[2026-01-23T16:22:44.191+0000] {database.py:186} INFO - Inserted 33256 rows into 'omie.pdbc'.
[2026-01-23T16:22:44.192+0000] {pdbc.py:160} INFO - Processed pdbc for 20250525
[2026-01-23T16:22:44.699+0000] {filesystem.py:48} INFO - Saved file to /opt/***/local_data/silver/omie/pdbc/2025/05/20250526.parquet
[2026-01-23T16:22:48.769+0000] {database.py:186} INFO - Inserted 38249 rows into 'omie.pdbc'.
[2026-01-23T16:22:48.770+0000] {pdbc.py:160} INFO - Processed pdbc for 20250526
[2026-01-23T16:22:49.136+0000] {filesystem.py:48} INFO - Saved file to /opt/***/local_data/silver/omie/pdbc/2025/05/20250527.parquet
[2026-01-23T16:22:53.238+0000] {database.py:186} INFO - Inserted 38814 rows into 'omie.pdbc'.
[2026-01-23T16:22:53.240+0000] {pdbc.py:160} INFO - Processed pdbc for 20250527
[2026-01-23T16:22:53.526+0000] {filesystem.py:48} INFO - Saved file to /opt/***/local_data/silver/omie/pdbc/2025/05/20250528.parquet
[2026-01-23T16:22:59.377+0000] {database.py:186} INFO - Inserted 38898 rows into 'omie.pdbc'.
[2026-01-23T16:22:59.378+0000] {pdbc.py:160} INFO - Processed pdbc for 20250528
[2026-01-23T16:22:59.775+0000] {filesystem.py:48} INFO - Saved file to /opt/***/local_data/silver/omie/pdbc/2025/05/20250529.parquet
[2026-01-23T16:23:04.339+0000] {database.py:186} INFO - Inserted 39343 rows into 'omie.pdbc'.
[2026-01-23T16:23:04.341+0000] {pdbc.py:160} INFO - Processed pdbc for 20250529
[2026-01-23T16:23:04.660+0000] {filesystem.py:48} INFO - Saved file to /opt/***/local_data/silver/omie/pdbc/2025/05/20250530.parquet
[2026-01-23T16:23:10.253+0000] {database.py:186} INFO - Inserted 39322 rows into 'omie.pdbc'.
[2026-01-23T16:23:10.254+0000] {pdbc.py:160} INFO - Processed pdbc for 20250530
[2026-01-23T16:23:10.418+0000] {filesystem.py:48} INFO - Saved file to /opt/***/local_data/silver/omie/pdbc/2025/05/20250531.parquet
[2026-01-23T16:23:12.924+0000] {database.py:186} INFO - Inserted 36884 rows into 'omie.pdbc'.
[2026-01-23T16:23:12.926+0000] {pdbc.py:160} INFO - Processed pdbc for 20250531
[2026-01-23T16:23:13.334+0000] {filesystem.py:48} INFO - Saved file to /opt/***/local_data/silver/omie/pdbc/2025/06/20250601.parquet
[2026-01-23T16:23:19.126+0000] {database.py:186} INFO - Inserted 35873 rows into 'omie.pdbc'.
[2026-01-23T16:23:19.128+0000] {pdbc.py:160} INFO - Processed pdbc for 20250601
[2026-01-23T16:23:19.337+0000] {filesystem.py:48} INFO - Saved file to /opt/***/local_data/silver/omie/pdbc/2025/06/20250602.parquet
[2026-01-23T16:23:21.855+0000] {database.py:186} INFO - Inserted 40906 rows into 'omie.pdbc'.
[2026-01-23T16:23:21.857+0000] {pdbc.py:160} INFO - Processed pdbc for 20250602
[2026-01-23T16:23:22.163+0000] {filesystem.py:48} INFO - Saved file to /opt/***/local_data/silver/omie/pdbc/2025/06/20250603.parquet
[2026-01-23T16:23:26.224+0000] {database.py:186} INFO - Inserted 41123 rows into 'omie.pdbc'.
[2026-01-23T16:23:26.225+0000] {pdbc.py:160} INFO - Processed pdbc for 20250603
[2026-01-23T16:23:26.443+0000] {filesystem.py:48} INFO - Saved file to /opt/***/local_data/silver/omie/pdbc/2025/06/20250604.parquet
[2026-01-23T16:23:30.335+0000] {database.py:186} INFO - Inserted 41829 rows into 'omie.pdbc'.
[2026-01-23T16:23:30.339+0000] {pdbc.py:160} INFO - Processed pdbc for 20250604
[2026-01-23T16:23:30.782+0000] {filesystem.py:48} INFO - Saved file to /opt/***/local_data/silver/omie/pdbc/2025/06/20250605.parquet
[2026-01-23T16:23:37.303+0000] {database.py:186} INFO - Inserted 40034 rows into 'omie.pdbc'.
[2026-01-23T16:23:37.304+0000] {pdbc.py:160} INFO - Processed pdbc for 20250605
[2026-01-23T16:23:37.547+0000] {filesystem.py:48} INFO - Saved file to /opt/***/local_data/silver/omie/pdbc/2025/06/20250606.parquet
[2026-01-23T16:23:39.570+0000] {database.py:186} INFO - Inserted 40899 rows into 'omie.pdbc'.
[2026-01-23T16:23:39.571+0000] {pdbc.py:160} INFO - Processed pdbc for 20250606
[2026-01-23T16:23:39.757+0000] {filesystem.py:48} INFO - Saved file to /opt/***/local_data/silver/omie/pdbc/2025/06/20250607.parquet
[2026-01-23T16:23:42.900+0000] {database.py:186} INFO - Inserted 38223 rows into 'omie.pdbc'.
[2026-01-23T16:23:42.902+0000] {pdbc.py:160} INFO - Processed pdbc for 20250607
[2026-01-23T16:23:43.160+0000] {filesystem.py:48} INFO - Saved file to /opt/***/local_data/silver/omie/pdbc/2025/06/20250608.parquet
[2026-01-23T16:23:45.779+0000] {database.py:186} INFO - Inserted 36293 rows into 'omie.pdbc'.
[2026-01-23T16:23:45.780+0000] {pdbc.py:160} INFO - Processed pdbc for 20250608
[2026-01-23T16:23:46.041+0000] {filesystem.py:48} INFO - Saved file to /opt/***/local_data/silver/omie/pdbc/2025/06/20250609.parquet
[2026-01-23T16:23:51.743+0000] {database.py:186} INFO - Inserted 41419 rows into 'omie.pdbc'.
[2026-01-23T16:23:51.744+0000] {pdbc.py:160} INFO - Processed pdbc for 20250609
[2026-01-23T16:23:51.973+0000] {filesystem.py:48} INFO - Saved file to /opt/***/local_data/silver/omie/pdbc/2025/06/20250610.parquet
[2026-01-23T16:23:53.887+0000] {database.py:186} INFO - Inserted 41775 rows into 'omie.pdbc'.
[2026-01-23T16:23:53.892+0000] {pdbc.py:160} INFO - Processed pdbc for 20250610
[2026-01-23T16:23:54.093+0000] {filesystem.py:48} INFO - Saved file to /opt/***/local_data/silver/omie/pdbc/2025/06/20250611.parquet
[2026-01-23T16:23:59.507+0000] {database.py:186} INFO - Inserted 42266 rows into 'omie.pdbc'.
[2026-01-23T16:23:59.519+0000] {pdbc.py:160} INFO - Processed pdbc for 20250611
[2026-01-23T16:24:00.013+0000] {filesystem.py:48} INFO - Saved file to /opt/***/local_data/silver/omie/pdbc/2025/06/20250612.parquet
[2026-01-23T16:24:06.169+0000] {database.py:186} INFO - Inserted 41444 rows into 'omie.pdbc'.
[2026-01-23T16:24:06.170+0000] {pdbc.py:160} INFO - Processed pdbc for 20250612
[2026-01-23T16:24:06.464+0000] {filesystem.py:48} INFO - Saved file to /opt/***/local_data/silver/omie/pdbc/2025/06/20250613.parquet
[2026-01-23T16:24:10.810+0000] {database.py:186} INFO - Inserted 41938 rows into 'omie.pdbc'.
[2026-01-23T16:24:10.811+0000] {pdbc.py:160} INFO - Processed pdbc for 20250613
[2026-01-23T16:24:11.169+0000] {filesystem.py:48} INFO - Saved file to /opt/***/local_data/silver/omie/pdbc/2025/06/20250614.parquet
[2026-01-23T16:24:15.511+0000] {database.py:186} INFO - Inserted 38868 rows into 'omie.pdbc'.
[2026-01-23T16:24:15.512+0000] {pdbc.py:160} INFO - Processed pdbc for 20250614
[2026-01-23T16:24:15.909+0000] {filesystem.py:48} INFO - Saved file to /opt/***/local_data/silver/omie/pdbc/2025/06/20250615.parquet
[2026-01-23T16:24:19.447+0000] {database.py:186} INFO - Inserted 37771 rows into 'omie.pdbc'.
[2026-01-23T16:24:19.452+0000] {pdbc.py:160} INFO - Processed pdbc for 20250615
[2026-01-23T16:24:19.919+0000] {filesystem.py:48} INFO - Saved file to /opt/***/local_data/silver/omie/pdbc/2025/06/20250616.parquet
[2026-01-23T16:24:23.325+0000] {database.py:186} INFO - Inserted 42384 rows into 'omie.pdbc'.
[2026-01-23T16:24:23.328+0000] {pdbc.py:160} INFO - Processed pdbc for 20250616
[2026-01-23T16:24:23.604+0000] {filesystem.py:48} INFO - Saved file to /opt/***/local_data/silver/omie/pdbc/2025/06/20250617.parquet
[2026-01-23T16:24:27.674+0000] {database.py:186} INFO - Inserted 42341 rows into 'omie.pdbc'.
[2026-01-23T16:24:27.675+0000] {pdbc.py:160} INFO - Processed pdbc for 20250617
[2026-01-23T16:24:27.929+0000] {filesystem.py:48} INFO - Saved file to /opt/***/local_data/silver/omie/pdbc/2025/06/20250618.parquet
[2026-01-23T16:24:32.671+0000] {database.py:186} INFO - Inserted 42003 rows into 'omie.pdbc'.
[2026-01-23T16:24:32.672+0000] {pdbc.py:160} INFO - Processed pdbc for 20250618
[2026-01-23T16:24:32.874+0000] {filesystem.py:48} INFO - Saved file to /opt/***/local_data/silver/omie/pdbc/2025/06/20250619.parquet
[2026-01-23T16:24:35.372+0000] {database.py:186} INFO - Inserted 42291 rows into 'omie.pdbc'.
[2026-01-23T16:24:35.373+0000] {pdbc.py:160} INFO - Processed pdbc for 20250619
[2026-01-23T16:24:35.705+0000] {filesystem.py:48} INFO - Saved file to /opt/***/local_data/silver/omie/pdbc/2025/06/20250620.parquet
[2026-01-23T16:24:39.379+0000] {database.py:186} INFO - Inserted 42339 rows into 'omie.pdbc'.
[2026-01-23T16:24:39.380+0000] {pdbc.py:160} INFO - Processed pdbc for 20250620
[2026-01-23T16:24:39.552+0000] {filesystem.py:48} INFO - Saved file to /opt/***/local_data/silver/omie/pdbc/2025/06/20250621.parquet
[2026-01-23T16:24:42.538+0000] {database.py:186} INFO - Inserted 40391 rows into 'omie.pdbc'.
[2026-01-23T16:24:42.539+0000] {pdbc.py:160} INFO - Processed pdbc for 20250621
[2026-01-23T16:24:42.805+0000] {filesystem.py:48} INFO - Saved file to /opt/***/local_data/silver/omie/pdbc/2025/06/20250622.parquet
[2026-01-23T16:24:45.363+0000] {database.py:186} INFO - Inserted 37426 rows into 'omie.pdbc'.
[2026-01-23T16:24:45.364+0000] {pdbc.py:160} INFO - Processed pdbc for 20250622
[2026-01-23T16:24:45.595+0000] {filesystem.py:48} INFO - Saved file to /opt/***/local_data/silver/omie/pdbc/2025/06/20250623.parquet
[2026-01-23T16:24:49.113+0000] {database.py:186} INFO - Inserted 41571 rows into 'omie.pdbc'.
[2026-01-23T16:24:49.115+0000] {pdbc.py:160} INFO - Processed pdbc for 20250623
[2026-01-23T16:24:49.464+0000] {filesystem.py:48} INFO - Saved file to /opt/***/local_data/silver/omie/pdbc/2025/06/20250624.parquet
[2026-01-23T16:24:53.113+0000] {database.py:186} INFO - Inserted 41609 rows into 'omie.pdbc'.
[2026-01-23T16:24:53.114+0000] {pdbc.py:160} INFO - Processed pdbc for 20250624
[2026-01-23T16:24:53.431+0000] {filesystem.py:48} INFO - Saved file to /opt/***/local_data/silver/omie/pdbc/2025/06/20250625.parquet
[2026-01-23T16:24:59.367+0000] {database.py:186} INFO - Inserted 42526 rows into 'omie.pdbc'.
[2026-01-23T16:24:59.369+0000] {pdbc.py:160} INFO - Processed pdbc for 20250625
[2026-01-23T16:24:59.697+0000] {filesystem.py:48} INFO - Saved file to /opt/***/local_data/silver/omie/pdbc/2025/06/20250626.parquet
[2026-01-23T16:25:02.576+0000] {database.py:186} INFO - Inserted 42378 rows into 'omie.pdbc'.
[2026-01-23T16:25:02.577+0000] {pdbc.py:160} INFO - Processed pdbc for 20250626
[2026-01-23T16:25:02.913+0000] {filesystem.py:48} INFO - Saved file to /opt/***/local_data/silver/omie/pdbc/2025/06/20250627.parquet
[2026-01-23T16:25:06.805+0000] {database.py:186} INFO - Inserted 42253 rows into 'omie.pdbc'.
[2026-01-23T16:25:06.806+0000] {pdbc.py:160} INFO - Processed pdbc for 20250627
[2026-01-23T16:25:07.175+0000] {filesystem.py:48} INFO - Saved file to /opt/***/local_data/silver/omie/pdbc/2025/06/20250628.parquet
[2026-01-23T16:25:11.355+0000] {database.py:186} INFO - Inserted 41118 rows into 'omie.pdbc'.
[2026-01-23T16:25:11.356+0000] {pdbc.py:160} INFO - Processed pdbc for 20250628
[2026-01-23T16:25:11.603+0000] {filesystem.py:48} INFO - Saved file to /opt/***/local_data/silver/omie/pdbc/2025/06/20250629.parquet
[2026-01-23T16:25:15.189+0000] {database.py:186} INFO - Inserted 40864 rows into 'omie.pdbc'.
[2026-01-23T16:25:15.190+0000] {pdbc.py:160} INFO - Processed pdbc for 20250629
[2026-01-23T16:25:15.589+0000] {filesystem.py:48} INFO - Saved file to /opt/***/local_data/silver/omie/pdbc/2025/06/20250630.parquet
[2026-01-23T16:25:20.400+0000] {database.py:186} INFO - Inserted 41703 rows into 'omie.pdbc'.
[2026-01-23T16:25:20.401+0000] {pdbc.py:160} INFO - Processed pdbc for 20250630
[2026-01-23T16:25:20.910+0000] {filesystem.py:48} INFO - Saved file to /opt/***/local_data/silver/omie/pdbc/2025/07/20250701.parquet
[2026-01-23T16:25:25.314+0000] {database.py:186} INFO - Inserted 42277 rows into 'omie.pdbc'.
[2026-01-23T16:25:25.315+0000] {pdbc.py:160} INFO - Processed pdbc for 20250701
[2026-01-23T16:25:25.659+0000] {filesystem.py:48} INFO - Saved file to /opt/***/local_data/silver/omie/pdbc/2025/07/20250702.parquet
[2026-01-23T16:25:29.671+0000] {database.py:186} INFO - Inserted 43122 rows into 'omie.pdbc'.
[2026-01-23T16:25:29.672+0000] {pdbc.py:160} INFO - Processed pdbc for 20250702
[2026-01-23T16:25:30.072+0000] {filesystem.py:48} INFO - Saved file to /opt/***/local_data/silver/omie/pdbc/2025/07/20250703.parquet
[2026-01-23T16:25:33.893+0000] {database.py:186} INFO - Inserted 43552 rows into 'omie.pdbc'.
[2026-01-23T16:25:33.896+0000] {pdbc.py:160} INFO - Processed pdbc for 20250703
[2026-01-23T16:25:34.177+0000] {filesystem.py:48} INFO - Saved file to /opt/***/local_data/silver/omie/pdbc/2025/07/20250704.parquet
[2026-01-23T16:25:40.941+0000] {database.py:186} INFO - Inserted 43442 rows into 'omie.pdbc'.
[2026-01-23T16:25:40.942+0000] {pdbc.py:160} INFO - Processed pdbc for 20250704
[2026-01-23T16:25:41.136+0000] {filesystem.py:48} INFO - Saved file to /opt/***/local_data/silver/omie/pdbc/2025/07/20250705.parquet
[2026-01-23T16:25:43.160+0000] {database.py:186} INFO - Inserted 42416 rows into 'omie.pdbc'.
[2026-01-23T16:25:43.161+0000] {pdbc.py:160} INFO - Processed pdbc for 20250705
[2026-01-23T16:25:43.322+0000] {filesystem.py:48} INFO - Saved file to /opt/***/local_data/silver/omie/pdbc/2025/07/20250706.parquet
[2026-01-23T16:25:45.315+0000] {database.py:186} INFO - Inserted 40869 rows into 'omie.pdbc'.
[2026-01-23T16:25:45.317+0000] {pdbc.py:160} INFO - Processed pdbc for 20250706
[2026-01-23T16:25:45.696+0000] {filesystem.py:48} INFO - Saved file to /opt/***/local_data/silver/omie/pdbc/2025/07/20250707.parquet
[2026-01-23T16:25:48.794+0000] {database.py:186} INFO - Inserted 42977 rows into 'omie.pdbc'.
[2026-01-23T16:25:48.797+0000] {pdbc.py:160} INFO - Processed pdbc for 20250707
[2026-01-23T16:25:49.173+0000] {filesystem.py:48} INFO - Saved file to /opt/***/local_data/silver/omie/pdbc/2025/07/20250708.parquet
[2026-01-23T16:25:53.668+0000] {database.py:186} INFO - Inserted 42966 rows into 'omie.pdbc'.
[2026-01-23T16:25:53.669+0000] {pdbc.py:160} INFO - Processed pdbc for 20250708
[2026-01-23T16:25:53.969+0000] {filesystem.py:48} INFO - Saved file to /opt/***/local_data/silver/omie/pdbc/2025/07/20250709.parquet
[2026-01-23T16:25:58.643+0000] {database.py:186} INFO - Inserted 42902 rows into 'omie.pdbc'.
[2026-01-23T16:25:58.644+0000] {pdbc.py:160} INFO - Processed pdbc for 20250709
[2026-01-23T16:25:59.039+0000] {filesystem.py:48} INFO - Saved file to /opt/***/local_data/silver/omie/pdbc/2025/07/20250710.parquet
[2026-01-23T16:26:11.744+0000] {database.py:186} INFO - Inserted 42744 rows into 'omie.pdbc'.
[2026-01-23T16:26:11.745+0000] {pdbc.py:160} INFO - Processed pdbc for 20250710
[2026-01-23T16:26:12.058+0000] {filesystem.py:48} INFO - Saved file to /opt/***/local_data/silver/omie/pdbc/2025/07/20250711.parquet
[2026-01-23T16:26:18.549+0000] {database.py:186} INFO - Inserted 43424 rows into 'omie.pdbc'.
[2026-01-23T16:26:18.552+0000] {pdbc.py:160} INFO - Processed pdbc for 20250711
[2026-01-23T16:26:18.830+0000] {filesystem.py:48} INFO - Saved file to /opt/***/local_data/silver/omie/pdbc/2025/07/20250712.parquet
[2026-01-23T16:26:22.162+0000] {database.py:186} INFO - Inserted 41957 rows into 'omie.pdbc'.
[2026-01-23T16:26:22.163+0000] {pdbc.py:160} INFO - Processed pdbc for 20250712
[2026-01-23T16:26:22.555+0000] {filesystem.py:48} INFO - Saved file to /opt/***/local_data/silver/omie/pdbc/2025/07/20250713.parquet
[2026-01-23T16:26:26.143+0000] {database.py:186} INFO - Inserted 40106 rows into 'omie.pdbc'.
[2026-01-23T16:26:26.144+0000] {pdbc.py:160} INFO - Processed pdbc for 20250713
[2026-01-23T16:26:26.431+0000] {filesystem.py:48} INFO - Saved file to /opt/***/local_data/silver/omie/pdbc/2025/07/20250714.parquet
[2026-01-23T16:26:30.051+0000] {database.py:186} INFO - Inserted 42579 rows into 'omie.pdbc'.
[2026-01-23T16:26:30.052+0000] {pdbc.py:160} INFO - Processed pdbc for 20250714
[2026-01-23T16:26:30.400+0000] {filesystem.py:48} INFO - Saved file to /opt/***/local_data/silver/omie/pdbc/2025/07/20250715.parquet
[2026-01-23T16:26:35.311+0000] {database.py:186} INFO - Inserted 42615 rows into 'omie.pdbc'.
[2026-01-23T16:26:35.313+0000] {pdbc.py:160} INFO - Processed pdbc for 20250715
[2026-01-23T16:26:35.741+0000] {filesystem.py:48} INFO - Saved file to /opt/***/local_data/silver/omie/pdbc/2025/07/20250716.parquet
[2026-01-23T16:26:38.750+0000] {database.py:186} INFO - Inserted 42679 rows into 'omie.pdbc'.
[2026-01-23T16:26:38.751+0000] {pdbc.py:160} INFO - Processed pdbc for 20250716
[2026-01-23T16:26:38.978+0000] {filesystem.py:48} INFO - Saved file to /opt/***/local_data/silver/omie/pdbc/2025/07/20250717.parquet
[2026-01-23T16:26:43.052+0000] {database.py:186} INFO - Inserted 42714 rows into 'omie.pdbc'.
[2026-01-23T16:26:43.094+0000] {pdbc.py:160} INFO - Processed pdbc for 20250717
[2026-01-23T16:26:43.328+0000] {filesystem.py:48} INFO - Saved file to /opt/***/local_data/silver/omie/pdbc/2025/07/20250718.parquet
[2026-01-23T16:26:47.184+0000] {database.py:186} INFO - Inserted 43092 rows into 'omie.pdbc'.
[2026-01-23T16:26:47.185+0000] {pdbc.py:160} INFO - Processed pdbc for 20250718
[2026-01-23T16:26:47.418+0000] {filesystem.py:48} INFO - Saved file to /opt/***/local_data/silver/omie/pdbc/2025/07/20250719.parquet
[2026-01-23T16:26:50.735+0000] {database.py:186} INFO - Inserted 41428 rows into 'omie.pdbc'.
[2026-01-23T16:26:50.737+0000] {pdbc.py:160} INFO - Processed pdbc for 20250719
[2026-01-23T16:26:51.009+0000] {filesystem.py:48} INFO - Saved file to /opt/***/local_data/silver/omie/pdbc/2025/07/20250720.parquet
[2026-01-23T16:26:53.668+0000] {database.py:186} INFO - Inserted 38865 rows into 'omie.pdbc'.
[2026-01-23T16:26:53.669+0000] {pdbc.py:160} INFO - Processed pdbc for 20250720
[2026-01-23T16:26:53.954+0000] {filesystem.py:48} INFO - Saved file to /opt/***/local_data/silver/omie/pdbc/2025/07/20250721.parquet
[2026-01-23T16:26:57.785+0000] {database.py:186} INFO - Inserted 43143 rows into 'omie.pdbc'.
[2026-01-23T16:26:57.788+0000] {pdbc.py:160} INFO - Processed pdbc for 20250721
[2026-01-23T16:26:58.739+0000] {filesystem.py:48} INFO - Saved file to /opt/***/local_data/silver/omie/pdbc/2025/07/20250722.parquet
[2026-01-23T16:27:03.034+0000] {database.py:186} INFO - Inserted 42825 rows into 'omie.pdbc'.
[2026-01-23T16:27:03.035+0000] {pdbc.py:160} INFO - Processed pdbc for 20250722
[2026-01-23T16:27:03.412+0000] {filesystem.py:48} INFO - Saved file to /opt/***/local_data/silver/omie/pdbc/2025/07/20250723.parquet
[2026-01-23T16:27:07.448+0000] {database.py:186} INFO - Inserted 42956 rows into 'omie.pdbc'.
[2026-01-23T16:27:07.449+0000] {pdbc.py:160} INFO - Processed pdbc for 20250723
[2026-01-23T16:27:07.739+0000] {filesystem.py:48} INFO - Saved file to /opt/***/local_data/silver/omie/pdbc/2025/07/20250724.parquet
[2026-01-23T16:27:11.748+0000] {database.py:186} INFO - Inserted 43325 rows into 'omie.pdbc'.
[2026-01-23T16:27:11.750+0000] {pdbc.py:160} INFO - Processed pdbc for 20250724
[2026-01-23T16:27:12.166+0000] {filesystem.py:48} INFO - Saved file to /opt/***/local_data/silver/omie/pdbc/2025/07/20250725.parquet
[2026-01-23T16:27:16.713+0000] {database.py:186} INFO - Inserted 42361 rows into 'omie.pdbc'.
[2026-01-23T16:27:16.715+0000] {pdbc.py:160} INFO - Processed pdbc for 20250725
[2026-01-23T16:27:17.056+0000] {filesystem.py:48} INFO - Saved file to /opt/***/local_data/silver/omie/pdbc/2025/07/20250726.parquet
[2026-01-23T16:27:21.355+0000] {database.py:186} INFO - Inserted 40502 rows into 'omie.pdbc'.
[2026-01-23T16:27:21.356+0000] {pdbc.py:160} INFO - Processed pdbc for 20250726
[2026-01-23T16:27:21.658+0000] {filesystem.py:48} INFO - Saved file to /opt/***/local_data/silver/omie/pdbc/2025/07/20250727.parquet
[2026-01-23T16:27:25.134+0000] {database.py:186} INFO - Inserted 38203 rows into 'omie.pdbc'.
[2026-01-23T16:27:25.135+0000] {pdbc.py:160} INFO - Processed pdbc for 20250727
[2026-01-23T16:27:25.490+0000] {filesystem.py:48} INFO - Saved file to /opt/***/local_data/silver/omie/pdbc/2025/07/20250728.parquet
[2026-01-23T16:27:29.413+0000] {database.py:186} INFO - Inserted 42212 rows into 'omie.pdbc'.
[2026-01-23T16:27:29.414+0000] {pdbc.py:160} INFO - Processed pdbc for 20250728
[2026-01-23T16:27:29.717+0000] {filesystem.py:48} INFO - Saved file to /opt/***/local_data/silver/omie/pdbc/2025/07/20250729.parquet
[2026-01-23T16:27:33.009+0000] {database.py:186} INFO - Inserted 41996 rows into 'omie.pdbc'.
[2026-01-23T16:27:33.010+0000] {pdbc.py:160} INFO - Processed pdbc for 20250729
[2026-01-23T16:27:33.303+0000] {filesystem.py:48} INFO - Saved file to /opt/***/local_data/silver/omie/pdbc/2025/07/20250730.parquet
[2026-01-23T16:27:40.155+0000] {database.py:186} INFO - Inserted 42573 rows into 'omie.pdbc'.
[2026-01-23T16:27:40.156+0000] {pdbc.py:160} INFO - Processed pdbc for 20250730
[2026-01-23T16:27:40.440+0000] {filesystem.py:48} INFO - Saved file to /opt/***/local_data/silver/omie/pdbc/2025/07/20250731.parquet
[2026-01-23T16:27:42.813+0000] {database.py:186} INFO - Inserted 42191 rows into 'omie.pdbc'.
[2026-01-23T16:27:42.816+0000] {pdbc.py:160} INFO - Processed pdbc for 20250731
[2026-01-23T16:27:43.352+0000] {filesystem.py:48} INFO - Saved file to /opt/***/local_data/silver/omie/pdbc/2025/08/20250801.parquet
[2026-01-23T16:27:47.244+0000] {database.py:186} INFO - Inserted 42231 rows into 'omie.pdbc'.
[2026-01-23T16:27:47.245+0000] {pdbc.py:160} INFO - Processed pdbc for 20250801
[2026-01-23T16:27:47.884+0000] {filesystem.py:48} INFO - Saved file to /opt/***/local_data/silver/omie/pdbc/2025/08/20250802.parquet
[2026-01-23T16:27:50.234+0000] {database.py:186} INFO - Inserted 40296 rows into 'omie.pdbc'.
[2026-01-23T16:27:50.235+0000] {pdbc.py:160} INFO - Processed pdbc for 20250802
[2026-01-23T16:27:50.477+0000] {filesystem.py:48} INFO - Saved file to /opt/***/local_data/silver/omie/pdbc/2025/08/20250803.parquet
[2026-01-23T16:27:53.871+0000] {database.py:186} INFO - Inserted 36188 rows into 'omie.pdbc'.
[2026-01-23T16:27:53.873+0000] {pdbc.py:160} INFO - Processed pdbc for 20250803
[2026-01-23T16:27:54.176+0000] {filesystem.py:48} INFO - Saved file to /opt/***/local_data/silver/omie/pdbc/2025/08/20250804.parquet
[2026-01-23T16:27:58.204+0000] {database.py:186} INFO - Inserted 40972 rows into 'omie.pdbc'.
[2026-01-23T16:27:58.206+0000] {pdbc.py:160} INFO - Processed pdbc for 20250804
[2026-01-23T16:27:58.532+0000] {filesystem.py:48} INFO - Saved file to /opt/***/local_data/silver/omie/pdbc/2025/08/20250805.parquet
[2026-01-23T16:28:03.820+0000] {database.py:186} INFO - Inserted 41098 rows into 'omie.pdbc'.
[2026-01-23T16:28:03.821+0000] {pdbc.py:160} INFO - Processed pdbc for 20250805
[2026-01-23T16:28:04.138+0000] {filesystem.py:48} INFO - Saved file to /opt/***/local_data/silver/omie/pdbc/2025/08/20250806.parquet
[2026-01-23T16:28:08.653+0000] {database.py:186} INFO - Inserted 41763 rows into 'omie.pdbc'.
[2026-01-23T16:28:08.655+0000] {pdbc.py:160} INFO - Processed pdbc for 20250806
[2026-01-23T16:28:08.951+0000] {filesystem.py:48} INFO - Saved file to /opt/***/local_data/silver/omie/pdbc/2025/08/20250807.parquet
[2026-01-23T16:28:11.916+0000] {database.py:186} INFO - Inserted 41599 rows into 'omie.pdbc'.
[2026-01-23T16:28:11.917+0000] {pdbc.py:160} INFO - Processed pdbc for 20250807
[2026-01-23T16:28:12.157+0000] {filesystem.py:48} INFO - Saved file to /opt/***/local_data/silver/omie/pdbc/2025/08/20250808.parquet
[2026-01-23T16:28:16.258+0000] {database.py:186} INFO - Inserted 41706 rows into 'omie.pdbc'.
[2026-01-23T16:28:16.260+0000] {pdbc.py:160} INFO - Processed pdbc for 20250808
[2026-01-23T16:28:16.603+0000] {filesystem.py:48} INFO - Saved file to /opt/***/local_data/silver/omie/pdbc/2025/08/20250809.parquet
[2026-01-23T16:28:20.359+0000] {database.py:186} INFO - Inserted 39175 rows into 'omie.pdbc'.
[2026-01-23T16:28:20.360+0000] {pdbc.py:160} INFO - Processed pdbc for 20250809
[2026-01-23T16:28:20.620+0000] {filesystem.py:48} INFO - Saved file to /opt/***/local_data/silver/omie/pdbc/2025/08/20250810.parquet
[2026-01-23T16:28:23.179+0000] {database.py:186} INFO - Inserted 37160 rows into 'omie.pdbc'.
[2026-01-23T16:28:23.180+0000] {pdbc.py:160} INFO - Processed pdbc for 20250810
[2026-01-23T16:28:23.477+0000] {filesystem.py:48} INFO - Saved file to /opt/***/local_data/silver/omie/pdbc/2025/08/20250811.parquet
[2026-01-23T16:28:26.848+0000] {database.py:186} INFO - Inserted 40832 rows into 'omie.pdbc'.
[2026-01-23T16:28:26.850+0000] {pdbc.py:160} INFO - Processed pdbc for 20250811
[2026-01-23T16:28:27.181+0000] {filesystem.py:48} INFO - Saved file to /opt/***/local_data/silver/omie/pdbc/2025/08/20250812.parquet
[2026-01-23T16:28:30.794+0000] {database.py:186} INFO - Inserted 41131 rows into 'omie.pdbc'.
[2026-01-23T16:28:30.796+0000] {pdbc.py:160} INFO - Processed pdbc for 20250812
[2026-01-23T16:28:31.077+0000] {filesystem.py:48} INFO - Saved file to /opt/***/local_data/silver/omie/pdbc/2025/08/20250813.parquet
[2026-01-23T16:28:36.065+0000] {database.py:186} INFO - Inserted 40986 rows into 'omie.pdbc'.
[2026-01-23T16:28:36.067+0000] {pdbc.py:160} INFO - Processed pdbc for 20250813
[2026-01-23T16:28:36.479+0000] {filesystem.py:48} INFO - Saved file to /opt/***/local_data/silver/omie/pdbc/2025/08/20250814.parquet
[2026-01-23T16:28:41.338+0000] {database.py:186} INFO - Inserted 41310 rows into 'omie.pdbc'.
[2026-01-23T16:28:41.339+0000] {pdbc.py:160} INFO - Processed pdbc for 20250814
[2026-01-23T16:28:41.636+0000] {filesystem.py:48} INFO - Saved file to /opt/***/local_data/silver/omie/pdbc/2025/08/20250815.parquet
[2026-01-23T16:28:46.196+0000] {database.py:186} INFO - Inserted 39623 rows into 'omie.pdbc'.
[2026-01-23T16:28:46.197+0000] {pdbc.py:160} INFO - Processed pdbc for 20250815
[2026-01-23T16:28:46.469+0000] {filesystem.py:48} INFO - Saved file to /opt/***/local_data/silver/omie/pdbc/2025/08/20250816.parquet
[2026-01-23T16:28:50.442+0000] {database.py:186} INFO - Inserted 38758 rows into 'omie.pdbc'.
[2026-01-23T16:28:50.444+0000] {pdbc.py:160} INFO - Processed pdbc for 20250816
[2026-01-23T16:28:50.838+0000] {filesystem.py:48} INFO - Saved file to /opt/***/local_data/silver/omie/pdbc/2025/08/20250817.parquet
[2026-01-23T16:28:54.667+0000] {database.py:186} INFO - Inserted 38794 rows into 'omie.pdbc'.
[2026-01-23T16:28:54.671+0000] {pdbc.py:160} INFO - Processed pdbc for 20250817
[2026-01-23T16:28:55.012+0000] {filesystem.py:48} INFO - Saved file to /opt/***/local_data/silver/omie/pdbc/2025/08/20250818.parquet
[2026-01-23T16:28:58.438+0000] {database.py:186} INFO - Inserted 40070 rows into 'omie.pdbc'.
[2026-01-23T16:28:58.439+0000] {pdbc.py:160} INFO - Processed pdbc for 20250818
[2026-01-23T16:29:01.700+0000] {filesystem.py:48} INFO - Saved file to /opt/***/local_data/silver/omie/pdbc/2025/08/20250819.parquet
[2026-01-23T16:29:05.532+0000] {database.py:186} INFO - Inserted 41285 rows into 'omie.pdbc'.
[2026-01-23T16:29:05.534+0000] {pdbc.py:160} INFO - Processed pdbc for 20250819
[2026-01-23T16:29:07.220+0000] {filesystem.py:48} INFO - Saved file to /opt/***/local_data/silver/omie/pdbc/2025/08/20250820.parquet
[2026-01-23T16:29:10.886+0000] {database.py:186} INFO - Inserted 41437 rows into 'omie.pdbc'.
[2026-01-23T16:29:10.887+0000] {pdbc.py:160} INFO - Processed pdbc for 20250820
[2026-01-23T16:29:11.324+0000] {filesystem.py:48} INFO - Saved file to /opt/***/local_data/silver/omie/pdbc/2025/08/20250821.parquet
[2026-01-23T16:29:15.776+0000] {database.py:186} INFO - Inserted 41039 rows into 'omie.pdbc'.
[2026-01-23T16:29:15.778+0000] {pdbc.py:160} INFO - Processed pdbc for 20250821
[2026-01-23T16:29:16.083+0000] {filesystem.py:48} INFO - Saved file to /opt/***/local_data/silver/omie/pdbc/2025/08/20250822.parquet
[2026-01-23T16:29:20.063+0000] {database.py:186} INFO - Inserted 41175 rows into 'omie.pdbc'.
[2026-01-23T16:29:20.064+0000] {pdbc.py:160} INFO - Processed pdbc for 20250822
[2026-01-23T16:29:20.331+0000] {filesystem.py:48} INFO - Saved file to /opt/***/local_data/silver/omie/pdbc/2025/08/20250823.parquet
[2026-01-23T16:29:24.173+0000] {database.py:186} INFO - Inserted 38950 rows into 'omie.pdbc'.
[2026-01-23T16:29:24.178+0000] {pdbc.py:160} INFO - Processed pdbc for 20250823
[2026-01-23T16:29:24.974+0000] {filesystem.py:48} INFO - Saved file to /opt/***/local_data/silver/omie/pdbc/2025/08/20250824.parquet
[2026-01-23T16:29:28.885+0000] {database.py:186} INFO - Inserted 36624 rows into 'omie.pdbc'.
[2026-01-23T16:29:28.886+0000] {pdbc.py:160} INFO - Processed pdbc for 20250824
[2026-01-23T16:29:29.149+0000] {filesystem.py:48} INFO - Saved file to /opt/***/local_data/silver/omie/pdbc/2025/08/20250825.parquet
[2026-01-23T16:29:32.351+0000] {database.py:186} INFO - Inserted 40185 rows into 'omie.pdbc'.
[2026-01-23T16:29:32.352+0000] {pdbc.py:160} INFO - Processed pdbc for 20250825
[2026-01-23T16:29:32.646+0000] {filesystem.py:48} INFO - Saved file to /opt/***/local_data/silver/omie/pdbc/2025/08/20250826.parquet
[2026-01-23T16:29:38.370+0000] {database.py:186} INFO - Inserted 40893 rows into 'omie.pdbc'.
[2026-01-23T16:29:38.372+0000] {pdbc.py:160} INFO - Processed pdbc for 20250826
[2026-01-23T16:29:38.775+0000] {filesystem.py:48} INFO - Saved file to /opt/***/local_data/silver/omie/pdbc/2025/08/20250827.parquet
