[2026-01-22T19:13:11.325+0000] {local_task_job_runner.py:120} INFO - ::group::Pre task execution logs
[2026-01-22T19:13:11.773+0000] {taskinstance.py:2076} INFO - Dependencies all met for dep_context=non-requeueable deps ti=<TaskInstance: omie_pipeline.download_pdbf manual__2026-01-22T19:12:31.807662+00:00 [queued]>
[2026-01-22T19:13:11.853+0000] {taskinstance.py:2076} INFO - Dependencies all met for dep_context=requeueable deps ti=<TaskInstance: omie_pipeline.download_pdbf manual__2026-01-22T19:12:31.807662+00:00 [queued]>
[2026-01-22T19:13:11.868+0000] {taskinstance.py:2306} INFO - Starting attempt 1 of 2
[2026-01-22T19:13:11.985+0000] {taskinstance.py:2330} INFO - Executing <Task(PythonOperator): download_pdbf> on 2026-01-22 19:12:31.807662+00:00
[2026-01-22T19:13:12.074+0000] {standard_task_runner.py:63} INFO - Started process 4854 to run task
[2026-01-22T19:13:12.106+0000] {standard_task_runner.py:90} INFO - Running: ['***', 'tasks', 'run', 'omie_pipeline', 'download_pdbf', 'manual__2026-01-22T19:12:31.807662+00:00', '--job-id', '155', '--raw', '--subdir', 'DAGS_FOLDER/omie_dag.py', '--cfg-path', '/tmp/tmp2z4u958_']
[2026-01-22T19:13:12.138+0000] {standard_task_runner.py:91} INFO - Job 155: Subtask download_pdbf
[2026-01-22T19:13:12.779+0000] {task_command.py:426} INFO - Running <TaskInstance: omie_pipeline.download_pdbf manual__2026-01-22T19:12:31.807662+00:00 [running]> on host 2aff4151de2d
[2026-01-22T19:13:13.495+0000] {taskinstance.py:2648} INFO - Exporting env vars: AIRFLOW_CTX_DAG_OWNER='***' AIRFLOW_CTX_DAG_ID='omie_pipeline' AIRFLOW_CTX_TASK_ID='download_pdbf' AIRFLOW_CTX_EXECUTION_DATE='2026-01-22T19:12:31.807662+00:00' AIRFLOW_CTX_TRY_NUMBER='1' AIRFLOW_CTX_DAG_RUN_ID='manual__2026-01-22T19:12:31.807662+00:00'
[2026-01-22T19:13:13.526+0000] {taskinstance.py:430} INFO - ::endgroup::
[2026-01-22T19:13:13.747+0000] {logging_mixin.py:188} INFO - Downloading download_pdbf from 2026-01-22 19:12:31.807662 to 2026-01-22 19:12:31.807662
[2026-01-22T19:13:13.767+0000] {pdbf.py:42} INFO - File bronze/omie/pdbf/2025/pdbf_202501.zip already exists (past month). Skipping.
[2026-01-22T19:13:13.811+0000] {pdbf.py:42} INFO - File bronze/omie/pdbf/2025/pdbf_202502.zip already exists (past month). Skipping.
[2026-01-22T19:13:13.865+0000] {pdbf.py:42} INFO - File bronze/omie/pdbf/2025/pdbf_202503.zip already exists (past month). Skipping.
[2026-01-22T19:13:13.929+0000] {pdbf.py:42} INFO - File bronze/omie/pdbf/2025/pdbf_202504.zip already exists (past month). Skipping.
[2026-01-22T19:13:13.969+0000] {pdbf.py:42} INFO - File bronze/omie/pdbf/2025/pdbf_202505.zip already exists (past month). Skipping.
[2026-01-22T19:13:13.996+0000] {pdbf.py:42} INFO - File bronze/omie/pdbf/2025/pdbf_202506.zip already exists (past month). Skipping.
[2026-01-22T19:13:14.032+0000] {pdbf.py:42} INFO - File bronze/omie/pdbf/2025/pdbf_202507.zip already exists (past month). Skipping.
[2026-01-22T19:13:14.079+0000] {pdbf.py:42} INFO - File bronze/omie/pdbf/2025/pdbf_202508.zip already exists (past month). Skipping.
[2026-01-22T19:13:14.094+0000] {pdbf.py:42} INFO - File bronze/omie/pdbf/2025/pdbf_202509.zip already exists (past month). Skipping.
[2026-01-22T19:13:14.114+0000] {pdbf.py:42} INFO - File bronze/omie/pdbf/2025/pdbf_202510.zip already exists (past month). Skipping.
[2026-01-22T19:13:14.157+0000] {omie_client.py:64} INFO - Downloading pdbf_202511.zip from OMIE...
[2026-01-22T19:13:15.600+0000] {omie_client.py:68} INFO - File pdbf_202511.zip not found (404).
[2026-01-22T19:13:15.610+0000] {pdbf.py:50} WARNING - Failed to download pdbf_202511.zip
[2026-01-22T19:13:15.648+0000] {omie_client.py:64} INFO - Downloading pdbf_202512.zip from OMIE...
[2026-01-22T19:13:16.412+0000] {omie_client.py:68} INFO - File pdbf_202512.zip not found (404).
[2026-01-22T19:13:16.423+0000] {pdbf.py:50} WARNING - Failed to download pdbf_202512.zip
[2026-01-22T19:13:16.438+0000] {omie_client.py:64} INFO - Downloading pdbf_202601.zip from OMIE...
[2026-01-22T19:13:17.354+0000] {omie_client.py:68} INFO - File pdbf_202601.zip not found (404).
[2026-01-22T19:13:17.433+0000] {pdbf.py:50} WARNING - Failed to download pdbf_202601.zip
[2026-01-22T19:13:17.451+0000] {python.py:237} INFO - Done. Returned value was: {'start': '2025-01-01', 'end': '2026-01-22'}
[2026-01-22T19:13:17.459+0000] {taskinstance.py:441} INFO - ::group::Post task execution logs
[2026-01-22T19:13:17.833+0000] {taskinstance.py:1206} INFO - Marking task as SUCCESS. dag_id=omie_pipeline, task_id=download_pdbf, run_id=manual__2026-01-22T19:12:31.807662+00:00, execution_date=20260122T191231, start_date=20260122T191311, end_date=20260122T191317
[2026-01-22T19:13:18.123+0000] {local_task_job_runner.py:240} INFO - Task exited with return code 0
[2026-01-22T19:13:18.224+0000] {local_task_job_runner.py:222} INFO - ::endgroup::
