[2026-01-20T21:00:09.368+0000] {local_task_job_runner.py:120} INFO - ::group::Pre task execution logs
[2026-01-20T21:00:09.414+0000] {taskinstance.py:2076} INFO - Dependencies all met for dep_context=non-requeueable deps ti=<TaskInstance: omie_pipeline.download_marginal_pdbc manual__2026-01-20T21:00:07.280516+00:00 [queued]>
[2026-01-20T21:00:09.428+0000] {taskinstance.py:2076} INFO - Dependencies all met for dep_context=requeueable deps ti=<TaskInstance: omie_pipeline.download_marginal_pdbc manual__2026-01-20T21:00:07.280516+00:00 [queued]>
[2026-01-20T21:00:09.430+0000] {taskinstance.py:2306} INFO - Starting attempt 1 of 2
[2026-01-20T21:00:09.449+0000] {taskinstance.py:2330} INFO - Executing <Task(PythonOperator): download_marginal_pdbc> on 2026-01-20 21:00:07.280516+00:00
[2026-01-20T21:00:09.457+0000] {standard_task_runner.py:63} INFO - Started process 3144 to run task
[2026-01-20T21:00:09.463+0000] {standard_task_runner.py:90} INFO - Running: ['***', 'tasks', 'run', 'omie_pipeline', 'download_marginal_pdbc', 'manual__2026-01-20T21:00:07.280516+00:00', '--job-id', '108', '--raw', '--subdir', 'DAGS_FOLDER/omie_dag.py', '--cfg-path', '/tmp/tmpdmo_qotz']
[2026-01-20T21:00:09.467+0000] {standard_task_runner.py:91} INFO - Job 108: Subtask download_marginal_pdbc
[2026-01-20T21:00:09.574+0000] {task_command.py:426} INFO - Running <TaskInstance: omie_pipeline.download_marginal_pdbc manual__2026-01-20T21:00:07.280516+00:00 [running]> on host 2aff4151de2d
[2026-01-20T21:00:09.713+0000] {taskinstance.py:2648} INFO - Exporting env vars: AIRFLOW_CTX_DAG_OWNER='***' AIRFLOW_CTX_DAG_ID='omie_pipeline' AIRFLOW_CTX_TASK_ID='download_marginal_pdbc' AIRFLOW_CTX_EXECUTION_DATE='2026-01-20T21:00:07.280516+00:00' AIRFLOW_CTX_TRY_NUMBER='1' AIRFLOW_CTX_DAG_RUN_ID='manual__2026-01-20T21:00:07.280516+00:00'
[2026-01-20T21:00:09.715+0000] {taskinstance.py:430} INFO - ::endgroup::
[2026-01-20T21:00:09.730+0000] {logging_mixin.py:188} INFO - Downloading download_marginalpdbc from 2026-01-20 21:00:07.280516 to 2026-01-20 21:00:07.280516
[2026-01-20T21:00:09.734+0000] {marginalpdbc.py:65} INFO - File bronze/omie/marginalpdbc/2025/01/marginalpdbc_20250101.1 already exists. Skipping download.
[2026-01-20T21:00:09.737+0000] {marginalpdbc.py:65} INFO - File bronze/omie/marginalpdbc/2025/01/marginalpdbc_20250102.1 already exists. Skipping download.
[2026-01-20T21:00:09.741+0000] {marginalpdbc.py:65} INFO - File bronze/omie/marginalpdbc/2025/01/marginalpdbc_20250103.1 already exists. Skipping download.
[2026-01-20T21:00:09.744+0000] {marginalpdbc.py:65} INFO - File bronze/omie/marginalpdbc/2025/01/marginalpdbc_20250104.1 already exists. Skipping download.
[2026-01-20T21:00:09.749+0000] {marginalpdbc.py:65} INFO - File bronze/omie/marginalpdbc/2025/01/marginalpdbc_20250105.1 already exists. Skipping download.
[2026-01-20T21:00:09.756+0000] {marginalpdbc.py:65} INFO - File bronze/omie/marginalpdbc/2025/01/marginalpdbc_20250106.1 already exists. Skipping download.
[2026-01-20T21:00:09.761+0000] {marginalpdbc.py:65} INFO - File bronze/omie/marginalpdbc/2025/01/marginalpdbc_20250107.1 already exists. Skipping download.
[2026-01-20T21:00:09.766+0000] {marginalpdbc.py:65} INFO - File bronze/omie/marginalpdbc/2025/01/marginalpdbc_20250108.1 already exists. Skipping download.
[2026-01-20T21:00:09.770+0000] {marginalpdbc.py:65} INFO - File bronze/omie/marginalpdbc/2025/01/marginalpdbc_20250109.1 already exists. Skipping download.
[2026-01-20T21:00:09.775+0000] {marginalpdbc.py:65} INFO - File bronze/omie/marginalpdbc/2025/01/marginalpdbc_20250110.1 already exists. Skipping download.
[2026-01-20T21:00:09.779+0000] {marginalpdbc.py:65} INFO - File bronze/omie/marginalpdbc/2025/01/marginalpdbc_20250111.1 already exists. Skipping download.
[2026-01-20T21:00:09.784+0000] {marginalpdbc.py:65} INFO - File bronze/omie/marginalpdbc/2025/01/marginalpdbc_20250112.1 already exists. Skipping download.
[2026-01-20T21:00:09.788+0000] {marginalpdbc.py:65} INFO - File bronze/omie/marginalpdbc/2025/01/marginalpdbc_20250113.1 already exists. Skipping download.
[2026-01-20T21:00:09.793+0000] {marginalpdbc.py:65} INFO - File bronze/omie/marginalpdbc/2025/01/marginalpdbc_20250114.1 already exists. Skipping download.
[2026-01-20T21:00:09.797+0000] {marginalpdbc.py:65} INFO - File bronze/omie/marginalpdbc/2025/01/marginalpdbc_20250115.1 already exists. Skipping download.
[2026-01-20T21:00:09.801+0000] {marginalpdbc.py:65} INFO - File bronze/omie/marginalpdbc/2025/01/marginalpdbc_20250116.1 already exists. Skipping download.
[2026-01-20T21:00:09.805+0000] {marginalpdbc.py:65} INFO - File bronze/omie/marginalpdbc/2025/01/marginalpdbc_20250117.1 already exists. Skipping download.
[2026-01-20T21:00:09.808+0000] {marginalpdbc.py:65} INFO - File bronze/omie/marginalpdbc/2025/01/marginalpdbc_20250118.1 already exists. Skipping download.
[2026-01-20T21:00:09.811+0000] {marginalpdbc.py:65} INFO - File bronze/omie/marginalpdbc/2025/01/marginalpdbc_20250119.1 already exists. Skipping download.
[2026-01-20T21:00:09.816+0000] {marginalpdbc.py:65} INFO - File bronze/omie/marginalpdbc/2025/01/marginalpdbc_20250120.1 already exists. Skipping download.
[2026-01-20T21:00:09.819+0000] {marginalpdbc.py:65} INFO - File bronze/omie/marginalpdbc/2025/01/marginalpdbc_20250121.1 already exists. Skipping download.
[2026-01-20T21:00:09.822+0000] {marginalpdbc.py:65} INFO - File bronze/omie/marginalpdbc/2025/01/marginalpdbc_20250122.1 already exists. Skipping download.
[2026-01-20T21:00:09.826+0000] {marginalpdbc.py:65} INFO - File bronze/omie/marginalpdbc/2025/01/marginalpdbc_20250123.1 already exists. Skipping download.
[2026-01-20T21:00:09.829+0000] {marginalpdbc.py:65} INFO - File bronze/omie/marginalpdbc/2025/01/marginalpdbc_20250124.1 already exists. Skipping download.
[2026-01-20T21:00:09.833+0000] {marginalpdbc.py:65} INFO - File bronze/omie/marginalpdbc/2025/01/marginalpdbc_20250125.1 already exists. Skipping download.
[2026-01-20T21:00:09.836+0000] {marginalpdbc.py:65} INFO - File bronze/omie/marginalpdbc/2025/01/marginalpdbc_20250126.1 already exists. Skipping download.
[2026-01-20T21:00:09.841+0000] {marginalpdbc.py:65} INFO - File bronze/omie/marginalpdbc/2025/01/marginalpdbc_20250127.1 already exists. Skipping download.
[2026-01-20T21:00:09.844+0000] {marginalpdbc.py:65} INFO - File bronze/omie/marginalpdbc/2025/01/marginalpdbc_20250128.1 already exists. Skipping download.
[2026-01-20T21:00:09.849+0000] {marginalpdbc.py:65} INFO - File bronze/omie/marginalpdbc/2025/01/marginalpdbc_20250129.1 already exists. Skipping download.
[2026-01-20T21:00:09.853+0000] {marginalpdbc.py:65} INFO - File bronze/omie/marginalpdbc/2025/01/marginalpdbc_20250130.1 already exists. Skipping download.
[2026-01-20T21:00:09.856+0000] {marginalpdbc.py:65} INFO - File bronze/omie/marginalpdbc/2025/01/marginalpdbc_20250131.1 already exists. Skipping download.
[2026-01-20T21:00:09.860+0000] {marginalpdbc.py:65} INFO - File bronze/omie/marginalpdbc/2025/02/marginalpdbc_20250201.1 already exists. Skipping download.
[2026-01-20T21:00:09.864+0000] {marginalpdbc.py:65} INFO - File bronze/omie/marginalpdbc/2025/02/marginalpdbc_20250202.1 already exists. Skipping download.
[2026-01-20T21:00:09.867+0000] {marginalpdbc.py:65} INFO - File bronze/omie/marginalpdbc/2025/02/marginalpdbc_20250203.1 already exists. Skipping download.
[2026-01-20T21:00:09.870+0000] {marginalpdbc.py:65} INFO - File bronze/omie/marginalpdbc/2025/02/marginalpdbc_20250204.1 already exists. Skipping download.
[2026-01-20T21:00:09.873+0000] {marginalpdbc.py:65} INFO - File bronze/omie/marginalpdbc/2025/02/marginalpdbc_20250205.1 already exists. Skipping download.
[2026-01-20T21:00:09.876+0000] {marginalpdbc.py:65} INFO - File bronze/omie/marginalpdbc/2025/02/marginalpdbc_20250206.1 already exists. Skipping download.
[2026-01-20T21:00:09.879+0000] {marginalpdbc.py:65} INFO - File bronze/omie/marginalpdbc/2025/02/marginalpdbc_20250207.1 already exists. Skipping download.
[2026-01-20T21:00:09.883+0000] {marginalpdbc.py:65} INFO - File bronze/omie/marginalpdbc/2025/02/marginalpdbc_20250208.1 already exists. Skipping download.
[2026-01-20T21:00:09.887+0000] {marginalpdbc.py:65} INFO - File bronze/omie/marginalpdbc/2025/02/marginalpdbc_20250209.1 already exists. Skipping download.
[2026-01-20T21:00:09.890+0000] {marginalpdbc.py:65} INFO - File bronze/omie/marginalpdbc/2025/02/marginalpdbc_20250210.1 already exists. Skipping download.
[2026-01-20T21:00:09.893+0000] {marginalpdbc.py:65} INFO - File bronze/omie/marginalpdbc/2025/02/marginalpdbc_20250211.1 already exists. Skipping download.
[2026-01-20T21:00:09.898+0000] {marginalpdbc.py:65} INFO - File bronze/omie/marginalpdbc/2025/02/marginalpdbc_20250212.1 already exists. Skipping download.
[2026-01-20T21:00:09.901+0000] {marginalpdbc.py:65} INFO - File bronze/omie/marginalpdbc/2025/02/marginalpdbc_20250213.1 already exists. Skipping download.
[2026-01-20T21:00:09.904+0000] {marginalpdbc.py:65} INFO - File bronze/omie/marginalpdbc/2025/02/marginalpdbc_20250214.1 already exists. Skipping download.
[2026-01-20T21:00:09.908+0000] {marginalpdbc.py:65} INFO - File bronze/omie/marginalpdbc/2025/02/marginalpdbc_20250215.1 already exists. Skipping download.
[2026-01-20T21:00:09.910+0000] {marginalpdbc.py:65} INFO - File bronze/omie/marginalpdbc/2025/02/marginalpdbc_20250216.1 already exists. Skipping download.
[2026-01-20T21:00:09.914+0000] {marginalpdbc.py:65} INFO - File bronze/omie/marginalpdbc/2025/02/marginalpdbc_20250217.1 already exists. Skipping download.
[2026-01-20T21:00:09.917+0000] {marginalpdbc.py:65} INFO - File bronze/omie/marginalpdbc/2025/02/marginalpdbc_20250218.1 already exists. Skipping download.
[2026-01-20T21:00:09.920+0000] {marginalpdbc.py:65} INFO - File bronze/omie/marginalpdbc/2025/02/marginalpdbc_20250219.1 already exists. Skipping download.
[2026-01-20T21:00:09.923+0000] {marginalpdbc.py:65} INFO - File bronze/omie/marginalpdbc/2025/02/marginalpdbc_20250220.1 already exists. Skipping download.
[2026-01-20T21:00:09.927+0000] {marginalpdbc.py:65} INFO - File bronze/omie/marginalpdbc/2025/02/marginalpdbc_20250221.1 already exists. Skipping download.
[2026-01-20T21:00:09.932+0000] {marginalpdbc.py:65} INFO - File bronze/omie/marginalpdbc/2025/02/marginalpdbc_20250222.1 already exists. Skipping download.
[2026-01-20T21:00:09.935+0000] {marginalpdbc.py:65} INFO - File bronze/omie/marginalpdbc/2025/02/marginalpdbc_20250223.1 already exists. Skipping download.
[2026-01-20T21:00:09.938+0000] {marginalpdbc.py:65} INFO - File bronze/omie/marginalpdbc/2025/02/marginalpdbc_20250224.1 already exists. Skipping download.
[2026-01-20T21:00:09.942+0000] {marginalpdbc.py:65} INFO - File bronze/omie/marginalpdbc/2025/02/marginalpdbc_20250225.1 already exists. Skipping download.
[2026-01-20T21:00:09.946+0000] {marginalpdbc.py:65} INFO - File bronze/omie/marginalpdbc/2025/02/marginalpdbc_20250226.1 already exists. Skipping download.
[2026-01-20T21:00:09.951+0000] {marginalpdbc.py:65} INFO - File bronze/omie/marginalpdbc/2025/02/marginalpdbc_20250227.1 already exists. Skipping download.
[2026-01-20T21:00:09.955+0000] {marginalpdbc.py:65} INFO - File bronze/omie/marginalpdbc/2025/02/marginalpdbc_20250228.1 already exists. Skipping download.
[2026-01-20T21:00:09.961+0000] {marginalpdbc.py:65} INFO - File bronze/omie/marginalpdbc/2025/03/marginalpdbc_20250301.1 already exists. Skipping download.
[2026-01-20T21:00:09.966+0000] {marginalpdbc.py:65} INFO - File bronze/omie/marginalpdbc/2025/03/marginalpdbc_20250302.1 already exists. Skipping download.
[2026-01-20T21:00:09.971+0000] {marginalpdbc.py:65} INFO - File bronze/omie/marginalpdbc/2025/03/marginalpdbc_20250303.1 already exists. Skipping download.
[2026-01-20T21:00:09.975+0000] {marginalpdbc.py:65} INFO - File bronze/omie/marginalpdbc/2025/03/marginalpdbc_20250304.1 already exists. Skipping download.
[2026-01-20T21:00:09.981+0000] {marginalpdbc.py:65} INFO - File bronze/omie/marginalpdbc/2025/03/marginalpdbc_20250305.1 already exists. Skipping download.
[2026-01-20T21:00:09.985+0000] {marginalpdbc.py:65} INFO - File bronze/omie/marginalpdbc/2025/03/marginalpdbc_20250306.1 already exists. Skipping download.
[2026-01-20T21:00:09.989+0000] {marginalpdbc.py:65} INFO - File bronze/omie/marginalpdbc/2025/03/marginalpdbc_20250307.1 already exists. Skipping download.
[2026-01-20T21:00:09.993+0000] {marginalpdbc.py:65} INFO - File bronze/omie/marginalpdbc/2025/03/marginalpdbc_20250308.1 already exists. Skipping download.
[2026-01-20T21:00:09.997+0000] {marginalpdbc.py:65} INFO - File bronze/omie/marginalpdbc/2025/03/marginalpdbc_20250309.1 already exists. Skipping download.
[2026-01-20T21:00:10.003+0000] {marginalpdbc.py:65} INFO - File bronze/omie/marginalpdbc/2025/03/marginalpdbc_20250310.1 already exists. Skipping download.
[2026-01-20T21:00:10.007+0000] {marginalpdbc.py:65} INFO - File bronze/omie/marginalpdbc/2025/03/marginalpdbc_20250311.1 already exists. Skipping download.
[2026-01-20T21:00:10.012+0000] {marginalpdbc.py:65} INFO - File bronze/omie/marginalpdbc/2025/03/marginalpdbc_20250312.1 already exists. Skipping download.
[2026-01-20T21:00:10.017+0000] {marginalpdbc.py:65} INFO - File bronze/omie/marginalpdbc/2025/03/marginalpdbc_20250313.1 already exists. Skipping download.
[2026-01-20T21:00:10.023+0000] {marginalpdbc.py:65} INFO - File bronze/omie/marginalpdbc/2025/03/marginalpdbc_20250314.1 already exists. Skipping download.
[2026-01-20T21:00:10.027+0000] {marginalpdbc.py:65} INFO - File bronze/omie/marginalpdbc/2025/03/marginalpdbc_20250315.1 already exists. Skipping download.
[2026-01-20T21:00:10.031+0000] {marginalpdbc.py:65} INFO - File bronze/omie/marginalpdbc/2025/03/marginalpdbc_20250316.1 already exists. Skipping download.
[2026-01-20T21:00:10.035+0000] {marginalpdbc.py:65} INFO - File bronze/omie/marginalpdbc/2025/03/marginalpdbc_20250317.1 already exists. Skipping download.
[2026-01-20T21:00:10.039+0000] {marginalpdbc.py:65} INFO - File bronze/omie/marginalpdbc/2025/03/marginalpdbc_20250318.1 already exists. Skipping download.
[2026-01-20T21:00:10.043+0000] {marginalpdbc.py:65} INFO - File bronze/omie/marginalpdbc/2025/03/marginalpdbc_20250319.1 already exists. Skipping download.
[2026-01-20T21:00:10.048+0000] {marginalpdbc.py:65} INFO - File bronze/omie/marginalpdbc/2025/03/marginalpdbc_20250320.1 already exists. Skipping download.
[2026-01-20T21:00:10.053+0000] {marginalpdbc.py:65} INFO - File bronze/omie/marginalpdbc/2025/03/marginalpdbc_20250321.1 already exists. Skipping download.
[2026-01-20T21:00:10.056+0000] {marginalpdbc.py:65} INFO - File bronze/omie/marginalpdbc/2025/03/marginalpdbc_20250322.1 already exists. Skipping download.
[2026-01-20T21:00:10.060+0000] {marginalpdbc.py:65} INFO - File bronze/omie/marginalpdbc/2025/03/marginalpdbc_20250323.1 already exists. Skipping download.
[2026-01-20T21:00:10.065+0000] {marginalpdbc.py:65} INFO - File bronze/omie/marginalpdbc/2025/03/marginalpdbc_20250324.1 already exists. Skipping download.
[2026-01-20T21:00:10.070+0000] {marginalpdbc.py:65} INFO - File bronze/omie/marginalpdbc/2025/03/marginalpdbc_20250325.1 already exists. Skipping download.
[2026-01-20T21:00:10.074+0000] {marginalpdbc.py:65} INFO - File bronze/omie/marginalpdbc/2025/03/marginalpdbc_20250326.1 already exists. Skipping download.
[2026-01-20T21:00:10.079+0000] {marginalpdbc.py:65} INFO - File bronze/omie/marginalpdbc/2025/03/marginalpdbc_20250327.1 already exists. Skipping download.
[2026-01-20T21:00:10.083+0000] {marginalpdbc.py:65} INFO - File bronze/omie/marginalpdbc/2025/03/marginalpdbc_20250328.1 already exists. Skipping download.
[2026-01-20T21:00:10.088+0000] {marginalpdbc.py:65} INFO - File bronze/omie/marginalpdbc/2025/03/marginalpdbc_20250329.1 already exists. Skipping download.
[2026-01-20T21:00:10.092+0000] {marginalpdbc.py:65} INFO - File bronze/omie/marginalpdbc/2025/03/marginalpdbc_20250330.1 already exists. Skipping download.
[2026-01-20T21:00:10.095+0000] {marginalpdbc.py:65} INFO - File bronze/omie/marginalpdbc/2025/03/marginalpdbc_20250331.1 already exists. Skipping download.
[2026-01-20T21:00:10.100+0000] {marginalpdbc.py:65} INFO - File bronze/omie/marginalpdbc/2025/04/marginalpdbc_20250401.1 already exists. Skipping download.
[2026-01-20T21:00:10.103+0000] {marginalpdbc.py:65} INFO - File bronze/omie/marginalpdbc/2025/04/marginalpdbc_20250402.1 already exists. Skipping download.
[2026-01-20T21:00:10.107+0000] {marginalpdbc.py:65} INFO - File bronze/omie/marginalpdbc/2025/04/marginalpdbc_20250403.1 already exists. Skipping download.
[2026-01-20T21:00:10.111+0000] {marginalpdbc.py:65} INFO - File bronze/omie/marginalpdbc/2025/04/marginalpdbc_20250404.1 already exists. Skipping download.
[2026-01-20T21:00:10.115+0000] {marginalpdbc.py:65} INFO - File bronze/omie/marginalpdbc/2025/04/marginalpdbc_20250405.1 already exists. Skipping download.
[2026-01-20T21:00:10.118+0000] {marginalpdbc.py:65} INFO - File bronze/omie/marginalpdbc/2025/04/marginalpdbc_20250406.1 already exists. Skipping download.
[2026-01-20T21:00:10.121+0000] {marginalpdbc.py:65} INFO - File bronze/omie/marginalpdbc/2025/04/marginalpdbc_20250407.1 already exists. Skipping download.
[2026-01-20T21:00:10.124+0000] {marginalpdbc.py:65} INFO - File bronze/omie/marginalpdbc/2025/04/marginalpdbc_20250408.1 already exists. Skipping download.
[2026-01-20T21:00:10.127+0000] {marginalpdbc.py:65} INFO - File bronze/omie/marginalpdbc/2025/04/marginalpdbc_20250409.1 already exists. Skipping download.
[2026-01-20T21:00:10.130+0000] {marginalpdbc.py:65} INFO - File bronze/omie/marginalpdbc/2025/04/marginalpdbc_20250410.1 already exists. Skipping download.
[2026-01-20T21:00:10.133+0000] {marginalpdbc.py:65} INFO - File bronze/omie/marginalpdbc/2025/04/marginalpdbc_20250411.1 already exists. Skipping download.
[2026-01-20T21:00:10.136+0000] {marginalpdbc.py:65} INFO - File bronze/omie/marginalpdbc/2025/04/marginalpdbc_20250412.1 already exists. Skipping download.
[2026-01-20T21:00:10.139+0000] {marginalpdbc.py:65} INFO - File bronze/omie/marginalpdbc/2025/04/marginalpdbc_20250413.1 already exists. Skipping download.
[2026-01-20T21:00:10.142+0000] {marginalpdbc.py:65} INFO - File bronze/omie/marginalpdbc/2025/04/marginalpdbc_20250414.1 already exists. Skipping download.
[2026-01-20T21:00:10.145+0000] {marginalpdbc.py:65} INFO - File bronze/omie/marginalpdbc/2025/04/marginalpdbc_20250415.1 already exists. Skipping download.
[2026-01-20T21:00:10.149+0000] {marginalpdbc.py:65} INFO - File bronze/omie/marginalpdbc/2025/04/marginalpdbc_20250416.1 already exists. Skipping download.
[2026-01-20T21:00:10.152+0000] {marginalpdbc.py:65} INFO - File bronze/omie/marginalpdbc/2025/04/marginalpdbc_20250417.1 already exists. Skipping download.
[2026-01-20T21:00:10.156+0000] {marginalpdbc.py:65} INFO - File bronze/omie/marginalpdbc/2025/04/marginalpdbc_20250418.1 already exists. Skipping download.
[2026-01-20T21:00:10.160+0000] {marginalpdbc.py:65} INFO - File bronze/omie/marginalpdbc/2025/04/marginalpdbc_20250419.1 already exists. Skipping download.
[2026-01-20T21:00:10.163+0000] {marginalpdbc.py:65} INFO - File bronze/omie/marginalpdbc/2025/04/marginalpdbc_20250420.1 already exists. Skipping download.
[2026-01-20T21:00:10.166+0000] {marginalpdbc.py:65} INFO - File bronze/omie/marginalpdbc/2025/04/marginalpdbc_20250421.1 already exists. Skipping download.
[2026-01-20T21:00:10.169+0000] {marginalpdbc.py:65} INFO - File bronze/omie/marginalpdbc/2025/04/marginalpdbc_20250422.1 already exists. Skipping download.
[2026-01-20T21:00:10.172+0000] {marginalpdbc.py:65} INFO - File bronze/omie/marginalpdbc/2025/04/marginalpdbc_20250423.1 already exists. Skipping download.
[2026-01-20T21:00:10.175+0000] {marginalpdbc.py:65} INFO - File bronze/omie/marginalpdbc/2025/04/marginalpdbc_20250424.1 already exists. Skipping download.
[2026-01-20T21:00:10.178+0000] {marginalpdbc.py:65} INFO - File bronze/omie/marginalpdbc/2025/04/marginalpdbc_20250425.1 already exists. Skipping download.
[2026-01-20T21:00:10.183+0000] {marginalpdbc.py:65} INFO - File bronze/omie/marginalpdbc/2025/04/marginalpdbc_20250426.1 already exists. Skipping download.
[2026-01-20T21:00:10.186+0000] {marginalpdbc.py:65} INFO - File bronze/omie/marginalpdbc/2025/04/marginalpdbc_20250427.1 already exists. Skipping download.
[2026-01-20T21:00:10.191+0000] {marginalpdbc.py:65} INFO - File bronze/omie/marginalpdbc/2025/04/marginalpdbc_20250428.1 already exists. Skipping download.
[2026-01-20T21:00:10.196+0000] {marginalpdbc.py:65} INFO - File bronze/omie/marginalpdbc/2025/04/marginalpdbc_20250429.1 already exists. Skipping download.
[2026-01-20T21:00:10.204+0000] {marginalpdbc.py:65} INFO - File bronze/omie/marginalpdbc/2025/04/marginalpdbc_20250430.1 already exists. Skipping download.
[2026-01-20T21:00:10.208+0000] {marginalpdbc.py:65} INFO - File bronze/omie/marginalpdbc/2025/05/marginalpdbc_20250501.1 already exists. Skipping download.
[2026-01-20T21:00:10.210+0000] {marginalpdbc.py:65} INFO - File bronze/omie/marginalpdbc/2025/05/marginalpdbc_20250502.1 already exists. Skipping download.
[2026-01-20T21:00:10.213+0000] {marginalpdbc.py:65} INFO - File bronze/omie/marginalpdbc/2025/05/marginalpdbc_20250503.1 already exists. Skipping download.
[2026-01-20T21:00:10.216+0000] {marginalpdbc.py:65} INFO - File bronze/omie/marginalpdbc/2025/05/marginalpdbc_20250504.1 already exists. Skipping download.
[2026-01-20T21:00:10.220+0000] {marginalpdbc.py:65} INFO - File bronze/omie/marginalpdbc/2025/05/marginalpdbc_20250505.1 already exists. Skipping download.
[2026-01-20T21:00:10.223+0000] {marginalpdbc.py:65} INFO - File bronze/omie/marginalpdbc/2025/05/marginalpdbc_20250506.1 already exists. Skipping download.
[2026-01-20T21:00:10.227+0000] {marginalpdbc.py:65} INFO - File bronze/omie/marginalpdbc/2025/05/marginalpdbc_20250507.1 already exists. Skipping download.
[2026-01-20T21:00:10.231+0000] {marginalpdbc.py:65} INFO - File bronze/omie/marginalpdbc/2025/05/marginalpdbc_20250508.1 already exists. Skipping download.
[2026-01-20T21:00:10.235+0000] {marginalpdbc.py:65} INFO - File bronze/omie/marginalpdbc/2025/05/marginalpdbc_20250509.1 already exists. Skipping download.
[2026-01-20T21:00:10.239+0000] {marginalpdbc.py:65} INFO - File bronze/omie/marginalpdbc/2025/05/marginalpdbc_20250510.1 already exists. Skipping download.
[2026-01-20T21:00:10.243+0000] {marginalpdbc.py:65} INFO - File bronze/omie/marginalpdbc/2025/05/marginalpdbc_20250511.1 already exists. Skipping download.
[2026-01-20T21:00:10.247+0000] {marginalpdbc.py:65} INFO - File bronze/omie/marginalpdbc/2025/05/marginalpdbc_20250512.1 already exists. Skipping download.
[2026-01-20T21:00:10.250+0000] {marginalpdbc.py:65} INFO - File bronze/omie/marginalpdbc/2025/05/marginalpdbc_20250513.1 already exists. Skipping download.
[2026-01-20T21:00:10.254+0000] {marginalpdbc.py:65} INFO - File bronze/omie/marginalpdbc/2025/05/marginalpdbc_20250514.1 already exists. Skipping download.
[2026-01-20T21:00:10.257+0000] {marginalpdbc.py:65} INFO - File bronze/omie/marginalpdbc/2025/05/marginalpdbc_20250515.1 already exists. Skipping download.
[2026-01-20T21:00:10.261+0000] {marginalpdbc.py:65} INFO - File bronze/omie/marginalpdbc/2025/05/marginalpdbc_20250516.1 already exists. Skipping download.
[2026-01-20T21:00:10.263+0000] {marginalpdbc.py:65} INFO - File bronze/omie/marginalpdbc/2025/05/marginalpdbc_20250517.1 already exists. Skipping download.
[2026-01-20T21:00:10.268+0000] {marginalpdbc.py:65} INFO - File bronze/omie/marginalpdbc/2025/05/marginalpdbc_20250518.1 already exists. Skipping download.
[2026-01-20T21:00:10.272+0000] {marginalpdbc.py:65} INFO - File bronze/omie/marginalpdbc/2025/05/marginalpdbc_20250519.1 already exists. Skipping download.
[2026-01-20T21:00:10.275+0000] {marginalpdbc.py:65} INFO - File bronze/omie/marginalpdbc/2025/05/marginalpdbc_20250520.1 already exists. Skipping download.
[2026-01-20T21:00:10.280+0000] {marginalpdbc.py:65} INFO - File bronze/omie/marginalpdbc/2025/05/marginalpdbc_20250521.1 already exists. Skipping download.
[2026-01-20T21:00:10.283+0000] {marginalpdbc.py:65} INFO - File bronze/omie/marginalpdbc/2025/05/marginalpdbc_20250522.1 already exists. Skipping download.
[2026-01-20T21:00:10.287+0000] {marginalpdbc.py:65} INFO - File bronze/omie/marginalpdbc/2025/05/marginalpdbc_20250523.1 already exists. Skipping download.
[2026-01-20T21:00:10.290+0000] {marginalpdbc.py:65} INFO - File bronze/omie/marginalpdbc/2025/05/marginalpdbc_20250524.1 already exists. Skipping download.
[2026-01-20T21:00:10.295+0000] {marginalpdbc.py:65} INFO - File bronze/omie/marginalpdbc/2025/05/marginalpdbc_20250525.1 already exists. Skipping download.
[2026-01-20T21:00:10.299+0000] {marginalpdbc.py:65} INFO - File bronze/omie/marginalpdbc/2025/05/marginalpdbc_20250526.1 already exists. Skipping download.
[2026-01-20T21:00:10.303+0000] {marginalpdbc.py:65} INFO - File bronze/omie/marginalpdbc/2025/05/marginalpdbc_20250527.1 already exists. Skipping download.
[2026-01-20T21:00:10.306+0000] {marginalpdbc.py:65} INFO - File bronze/omie/marginalpdbc/2025/05/marginalpdbc_20250528.1 already exists. Skipping download.
[2026-01-20T21:00:10.309+0000] {marginalpdbc.py:65} INFO - File bronze/omie/marginalpdbc/2025/05/marginalpdbc_20250529.1 already exists. Skipping download.
[2026-01-20T21:00:10.312+0000] {marginalpdbc.py:65} INFO - File bronze/omie/marginalpdbc/2025/05/marginalpdbc_20250530.1 already exists. Skipping download.
[2026-01-20T21:00:10.316+0000] {marginalpdbc.py:65} INFO - File bronze/omie/marginalpdbc/2025/05/marginalpdbc_20250531.1 already exists. Skipping download.
[2026-01-20T21:00:10.321+0000] {marginalpdbc.py:65} INFO - File bronze/omie/marginalpdbc/2025/06/marginalpdbc_20250601.1 already exists. Skipping download.
[2026-01-20T21:00:10.324+0000] {marginalpdbc.py:65} INFO - File bronze/omie/marginalpdbc/2025/06/marginalpdbc_20250602.1 already exists. Skipping download.
[2026-01-20T21:00:10.329+0000] {marginalpdbc.py:65} INFO - File bronze/omie/marginalpdbc/2025/06/marginalpdbc_20250603.1 already exists. Skipping download.
[2026-01-20T21:00:10.332+0000] {marginalpdbc.py:65} INFO - File bronze/omie/marginalpdbc/2025/06/marginalpdbc_20250604.1 already exists. Skipping download.
[2026-01-20T21:00:10.335+0000] {marginalpdbc.py:65} INFO - File bronze/omie/marginalpdbc/2025/06/marginalpdbc_20250605.1 already exists. Skipping download.
[2026-01-20T21:00:10.338+0000] {marginalpdbc.py:65} INFO - File bronze/omie/marginalpdbc/2025/06/marginalpdbc_20250606.1 already exists. Skipping download.
[2026-01-20T21:00:10.341+0000] {marginalpdbc.py:65} INFO - File bronze/omie/marginalpdbc/2025/06/marginalpdbc_20250607.1 already exists. Skipping download.
[2026-01-20T21:00:10.345+0000] {marginalpdbc.py:65} INFO - File bronze/omie/marginalpdbc/2025/06/marginalpdbc_20250608.1 already exists. Skipping download.
[2026-01-20T21:00:10.348+0000] {marginalpdbc.py:65} INFO - File bronze/omie/marginalpdbc/2025/06/marginalpdbc_20250609.1 already exists. Skipping download.
[2026-01-20T21:00:10.352+0000] {marginalpdbc.py:65} INFO - File bronze/omie/marginalpdbc/2025/06/marginalpdbc_20250610.1 already exists. Skipping download.
[2026-01-20T21:00:10.355+0000] {marginalpdbc.py:65} INFO - File bronze/omie/marginalpdbc/2025/06/marginalpdbc_20250611.1 already exists. Skipping download.
[2026-01-20T21:00:10.358+0000] {marginalpdbc.py:65} INFO - File bronze/omie/marginalpdbc/2025/06/marginalpdbc_20250612.1 already exists. Skipping download.
[2026-01-20T21:00:10.361+0000] {marginalpdbc.py:65} INFO - File bronze/omie/marginalpdbc/2025/06/marginalpdbc_20250613.1 already exists. Skipping download.
[2026-01-20T21:00:10.364+0000] {marginalpdbc.py:65} INFO - File bronze/omie/marginalpdbc/2025/06/marginalpdbc_20250614.1 already exists. Skipping download.
[2026-01-20T21:00:10.368+0000] {marginalpdbc.py:65} INFO - File bronze/omie/marginalpdbc/2025/06/marginalpdbc_20250615.1 already exists. Skipping download.
[2026-01-20T21:00:10.372+0000] {marginalpdbc.py:65} INFO - File bronze/omie/marginalpdbc/2025/06/marginalpdbc_20250616.1 already exists. Skipping download.
[2026-01-20T21:00:10.376+0000] {marginalpdbc.py:65} INFO - File bronze/omie/marginalpdbc/2025/06/marginalpdbc_20250617.1 already exists. Skipping download.
[2026-01-20T21:00:10.379+0000] {marginalpdbc.py:65} INFO - File bronze/omie/marginalpdbc/2025/06/marginalpdbc_20250618.1 already exists. Skipping download.
[2026-01-20T21:00:10.382+0000] {marginalpdbc.py:65} INFO - File bronze/omie/marginalpdbc/2025/06/marginalpdbc_20250619.1 already exists. Skipping download.
[2026-01-20T21:00:10.385+0000] {marginalpdbc.py:65} INFO - File bronze/omie/marginalpdbc/2025/06/marginalpdbc_20250620.1 already exists. Skipping download.
[2026-01-20T21:00:10.389+0000] {marginalpdbc.py:65} INFO - File bronze/omie/marginalpdbc/2025/06/marginalpdbc_20250621.1 already exists. Skipping download.
[2026-01-20T21:00:10.393+0000] {marginalpdbc.py:65} INFO - File bronze/omie/marginalpdbc/2025/06/marginalpdbc_20250622.1 already exists. Skipping download.
[2026-01-20T21:00:10.396+0000] {marginalpdbc.py:65} INFO - File bronze/omie/marginalpdbc/2025/06/marginalpdbc_20250623.1 already exists. Skipping download.
[2026-01-20T21:00:10.400+0000] {marginalpdbc.py:65} INFO - File bronze/omie/marginalpdbc/2025/06/marginalpdbc_20250624.1 already exists. Skipping download.
[2026-01-20T21:00:10.404+0000] {marginalpdbc.py:65} INFO - File bronze/omie/marginalpdbc/2025/06/marginalpdbc_20250625.1 already exists. Skipping download.
[2026-01-20T21:00:10.407+0000] {marginalpdbc.py:65} INFO - File bronze/omie/marginalpdbc/2025/06/marginalpdbc_20250626.1 already exists. Skipping download.
[2026-01-20T21:00:10.410+0000] {marginalpdbc.py:65} INFO - File bronze/omie/marginalpdbc/2025/06/marginalpdbc_20250627.1 already exists. Skipping download.
[2026-01-20T21:00:10.413+0000] {marginalpdbc.py:65} INFO - File bronze/omie/marginalpdbc/2025/06/marginalpdbc_20250628.1 already exists. Skipping download.
[2026-01-20T21:00:10.416+0000] {marginalpdbc.py:65} INFO - File bronze/omie/marginalpdbc/2025/06/marginalpdbc_20250629.1 already exists. Skipping download.
[2026-01-20T21:00:10.419+0000] {marginalpdbc.py:65} INFO - File bronze/omie/marginalpdbc/2025/06/marginalpdbc_20250630.1 already exists. Skipping download.
[2026-01-20T21:00:10.423+0000] {marginalpdbc.py:65} INFO - File bronze/omie/marginalpdbc/2025/07/marginalpdbc_20250701.1 already exists. Skipping download.
[2026-01-20T21:00:10.427+0000] {marginalpdbc.py:65} INFO - File bronze/omie/marginalpdbc/2025/07/marginalpdbc_20250702.1 already exists. Skipping download.
[2026-01-20T21:00:10.430+0000] {marginalpdbc.py:65} INFO - File bronze/omie/marginalpdbc/2025/07/marginalpdbc_20250703.1 already exists. Skipping download.
[2026-01-20T21:00:10.434+0000] {marginalpdbc.py:65} INFO - File bronze/omie/marginalpdbc/2025/07/marginalpdbc_20250704.1 already exists. Skipping download.
[2026-01-20T21:00:10.437+0000] {marginalpdbc.py:65} INFO - File bronze/omie/marginalpdbc/2025/07/marginalpdbc_20250705.1 already exists. Skipping download.
[2026-01-20T21:00:10.440+0000] {marginalpdbc.py:65} INFO - File bronze/omie/marginalpdbc/2025/07/marginalpdbc_20250706.1 already exists. Skipping download.
[2026-01-20T21:00:10.444+0000] {marginalpdbc.py:65} INFO - File bronze/omie/marginalpdbc/2025/07/marginalpdbc_20250707.1 already exists. Skipping download.
[2026-01-20T21:00:10.447+0000] {marginalpdbc.py:65} INFO - File bronze/omie/marginalpdbc/2025/07/marginalpdbc_20250708.1 already exists. Skipping download.
[2026-01-20T21:00:10.451+0000] {marginalpdbc.py:65} INFO - File bronze/omie/marginalpdbc/2025/07/marginalpdbc_20250709.1 already exists. Skipping download.
[2026-01-20T21:00:10.455+0000] {marginalpdbc.py:65} INFO - File bronze/omie/marginalpdbc/2025/07/marginalpdbc_20250710.1 already exists. Skipping download.
[2026-01-20T21:00:10.458+0000] {marginalpdbc.py:65} INFO - File bronze/omie/marginalpdbc/2025/07/marginalpdbc_20250711.1 already exists. Skipping download.
[2026-01-20T21:00:10.462+0000] {marginalpdbc.py:65} INFO - File bronze/omie/marginalpdbc/2025/07/marginalpdbc_20250712.1 already exists. Skipping download.
[2026-01-20T21:00:10.465+0000] {marginalpdbc.py:65} INFO - File bronze/omie/marginalpdbc/2025/07/marginalpdbc_20250713.1 already exists. Skipping download.
[2026-01-20T21:00:10.468+0000] {marginalpdbc.py:65} INFO - File bronze/omie/marginalpdbc/2025/07/marginalpdbc_20250714.1 already exists. Skipping download.
[2026-01-20T21:00:10.471+0000] {marginalpdbc.py:65} INFO - File bronze/omie/marginalpdbc/2025/07/marginalpdbc_20250715.1 already exists. Skipping download.
[2026-01-20T21:00:10.474+0000] {marginalpdbc.py:65} INFO - File bronze/omie/marginalpdbc/2025/07/marginalpdbc_20250716.1 already exists. Skipping download.
[2026-01-20T21:00:10.477+0000] {marginalpdbc.py:65} INFO - File bronze/omie/marginalpdbc/2025/07/marginalpdbc_20250717.1 already exists. Skipping download.
[2026-01-20T21:00:10.480+0000] {marginalpdbc.py:65} INFO - File bronze/omie/marginalpdbc/2025/07/marginalpdbc_20250718.1 already exists. Skipping download.
[2026-01-20T21:00:10.484+0000] {marginalpdbc.py:65} INFO - File bronze/omie/marginalpdbc/2025/07/marginalpdbc_20250719.1 already exists. Skipping download.
[2026-01-20T21:00:10.489+0000] {marginalpdbc.py:65} INFO - File bronze/omie/marginalpdbc/2025/07/marginalpdbc_20250720.1 already exists. Skipping download.
[2026-01-20T21:00:10.492+0000] {marginalpdbc.py:65} INFO - File bronze/omie/marginalpdbc/2025/07/marginalpdbc_20250721.1 already exists. Skipping download.
[2026-01-20T21:00:10.496+0000] {marginalpdbc.py:65} INFO - File bronze/omie/marginalpdbc/2025/07/marginalpdbc_20250722.1 already exists. Skipping download.
[2026-01-20T21:00:10.499+0000] {marginalpdbc.py:65} INFO - File bronze/omie/marginalpdbc/2025/07/marginalpdbc_20250723.1 already exists. Skipping download.
[2026-01-20T21:00:10.503+0000] {marginalpdbc.py:65} INFO - File bronze/omie/marginalpdbc/2025/07/marginalpdbc_20250724.1 already exists. Skipping download.
[2026-01-20T21:00:10.507+0000] {marginalpdbc.py:65} INFO - File bronze/omie/marginalpdbc/2025/07/marginalpdbc_20250725.1 already exists. Skipping download.
[2026-01-20T21:00:10.510+0000] {marginalpdbc.py:65} INFO - File bronze/omie/marginalpdbc/2025/07/marginalpdbc_20250726.1 already exists. Skipping download.
[2026-01-20T21:00:10.513+0000] {marginalpdbc.py:65} INFO - File bronze/omie/marginalpdbc/2025/07/marginalpdbc_20250727.1 already exists. Skipping download.
[2026-01-20T21:00:10.515+0000] {marginalpdbc.py:65} INFO - File bronze/omie/marginalpdbc/2025/07/marginalpdbc_20250728.1 already exists. Skipping download.
[2026-01-20T21:00:10.518+0000] {marginalpdbc.py:65} INFO - File bronze/omie/marginalpdbc/2025/07/marginalpdbc_20250729.1 already exists. Skipping download.
[2026-01-20T21:00:10.522+0000] {marginalpdbc.py:65} INFO - File bronze/omie/marginalpdbc/2025/07/marginalpdbc_20250730.1 already exists. Skipping download.
[2026-01-20T21:00:10.525+0000] {marginalpdbc.py:65} INFO - File bronze/omie/marginalpdbc/2025/07/marginalpdbc_20250731.1 already exists. Skipping download.
[2026-01-20T21:00:10.529+0000] {marginalpdbc.py:65} INFO - File bronze/omie/marginalpdbc/2025/08/marginalpdbc_20250801.1 already exists. Skipping download.
[2026-01-20T21:00:10.532+0000] {marginalpdbc.py:65} INFO - File bronze/omie/marginalpdbc/2025/08/marginalpdbc_20250802.1 already exists. Skipping download.
[2026-01-20T21:00:10.536+0000] {marginalpdbc.py:65} INFO - File bronze/omie/marginalpdbc/2025/08/marginalpdbc_20250803.1 already exists. Skipping download.
[2026-01-20T21:00:10.539+0000] {marginalpdbc.py:65} INFO - File bronze/omie/marginalpdbc/2025/08/marginalpdbc_20250804.1 already exists. Skipping download.
[2026-01-20T21:00:10.542+0000] {marginalpdbc.py:65} INFO - File bronze/omie/marginalpdbc/2025/08/marginalpdbc_20250805.1 already exists. Skipping download.
[2026-01-20T21:00:10.545+0000] {marginalpdbc.py:65} INFO - File bronze/omie/marginalpdbc/2025/08/marginalpdbc_20250806.1 already exists. Skipping download.
[2026-01-20T21:00:10.548+0000] {marginalpdbc.py:65} INFO - File bronze/omie/marginalpdbc/2025/08/marginalpdbc_20250807.1 already exists. Skipping download.
[2026-01-20T21:00:10.551+0000] {marginalpdbc.py:65} INFO - File bronze/omie/marginalpdbc/2025/08/marginalpdbc_20250808.1 already exists. Skipping download.
[2026-01-20T21:00:10.555+0000] {marginalpdbc.py:65} INFO - File bronze/omie/marginalpdbc/2025/08/marginalpdbc_20250809.1 already exists. Skipping download.
[2026-01-20T21:00:10.558+0000] {marginalpdbc.py:65} INFO - File bronze/omie/marginalpdbc/2025/08/marginalpdbc_20250810.1 already exists. Skipping download.
[2026-01-20T21:00:10.561+0000] {marginalpdbc.py:65} INFO - File bronze/omie/marginalpdbc/2025/08/marginalpdbc_20250811.1 already exists. Skipping download.
[2026-01-20T21:00:10.565+0000] {marginalpdbc.py:65} INFO - File bronze/omie/marginalpdbc/2025/08/marginalpdbc_20250812.1 already exists. Skipping download.
[2026-01-20T21:00:10.568+0000] {marginalpdbc.py:65} INFO - File bronze/omie/marginalpdbc/2025/08/marginalpdbc_20250813.1 already exists. Skipping download.
[2026-01-20T21:00:10.572+0000] {marginalpdbc.py:65} INFO - File bronze/omie/marginalpdbc/2025/08/marginalpdbc_20250814.1 already exists. Skipping download.
[2026-01-20T21:00:10.575+0000] {marginalpdbc.py:65} INFO - File bronze/omie/marginalpdbc/2025/08/marginalpdbc_20250815.1 already exists. Skipping download.
[2026-01-20T21:00:10.578+0000] {marginalpdbc.py:65} INFO - File bronze/omie/marginalpdbc/2025/08/marginalpdbc_20250816.1 already exists. Skipping download.
[2026-01-20T21:00:10.581+0000] {marginalpdbc.py:65} INFO - File bronze/omie/marginalpdbc/2025/08/marginalpdbc_20250817.1 already exists. Skipping download.
[2026-01-20T21:00:10.584+0000] {marginalpdbc.py:65} INFO - File bronze/omie/marginalpdbc/2025/08/marginalpdbc_20250818.1 already exists. Skipping download.
[2026-01-20T21:00:10.587+0000] {marginalpdbc.py:65} INFO - File bronze/omie/marginalpdbc/2025/08/marginalpdbc_20250819.1 already exists. Skipping download.
[2026-01-20T21:00:10.590+0000] {marginalpdbc.py:65} INFO - File bronze/omie/marginalpdbc/2025/08/marginalpdbc_20250820.1 already exists. Skipping download.
[2026-01-20T21:00:10.593+0000] {marginalpdbc.py:65} INFO - File bronze/omie/marginalpdbc/2025/08/marginalpdbc_20250821.1 already exists. Skipping download.
[2026-01-20T21:00:10.596+0000] {marginalpdbc.py:65} INFO - File bronze/omie/marginalpdbc/2025/08/marginalpdbc_20250822.1 already exists. Skipping download.
[2026-01-20T21:00:10.599+0000] {marginalpdbc.py:65} INFO - File bronze/omie/marginalpdbc/2025/08/marginalpdbc_20250823.1 already exists. Skipping download.
[2026-01-20T21:00:10.601+0000] {marginalpdbc.py:65} INFO - File bronze/omie/marginalpdbc/2025/08/marginalpdbc_20250824.1 already exists. Skipping download.
[2026-01-20T21:00:10.604+0000] {marginalpdbc.py:65} INFO - File bronze/omie/marginalpdbc/2025/08/marginalpdbc_20250825.1 already exists. Skipping download.
[2026-01-20T21:00:10.607+0000] {marginalpdbc.py:65} INFO - File bronze/omie/marginalpdbc/2025/08/marginalpdbc_20250826.1 already exists. Skipping download.
[2026-01-20T21:00:10.611+0000] {marginalpdbc.py:65} INFO - File bronze/omie/marginalpdbc/2025/08/marginalpdbc_20250827.1 already exists. Skipping download.
[2026-01-20T21:00:10.613+0000] {marginalpdbc.py:65} INFO - File bronze/omie/marginalpdbc/2025/08/marginalpdbc_20250828.1 already exists. Skipping download.
[2026-01-20T21:00:10.617+0000] {marginalpdbc.py:65} INFO - File bronze/omie/marginalpdbc/2025/08/marginalpdbc_20250829.1 already exists. Skipping download.
[2026-01-20T21:00:10.620+0000] {marginalpdbc.py:65} INFO - File bronze/omie/marginalpdbc/2025/08/marginalpdbc_20250830.1 already exists. Skipping download.
[2026-01-20T21:00:10.624+0000] {marginalpdbc.py:65} INFO - File bronze/omie/marginalpdbc/2025/08/marginalpdbc_20250831.1 already exists. Skipping download.
[2026-01-20T21:00:10.628+0000] {marginalpdbc.py:65} INFO - File bronze/omie/marginalpdbc/2025/09/marginalpdbc_20250901.1 already exists. Skipping download.
[2026-01-20T21:00:10.632+0000] {marginalpdbc.py:65} INFO - File bronze/omie/marginalpdbc/2025/09/marginalpdbc_20250902.1 already exists. Skipping download.
[2026-01-20T21:00:10.635+0000] {marginalpdbc.py:65} INFO - File bronze/omie/marginalpdbc/2025/09/marginalpdbc_20250903.1 already exists. Skipping download.
[2026-01-20T21:00:10.638+0000] {marginalpdbc.py:65} INFO - File bronze/omie/marginalpdbc/2025/09/marginalpdbc_20250904.1 already exists. Skipping download.
[2026-01-20T21:00:10.646+0000] {marginalpdbc.py:65} INFO - File bronze/omie/marginalpdbc/2025/09/marginalpdbc_20250905.1 already exists. Skipping download.
[2026-01-20T21:00:10.649+0000] {marginalpdbc.py:65} INFO - File bronze/omie/marginalpdbc/2025/09/marginalpdbc_20250906.1 already exists. Skipping download.
[2026-01-20T21:00:10.653+0000] {marginalpdbc.py:65} INFO - File bronze/omie/marginalpdbc/2025/09/marginalpdbc_20250907.1 already exists. Skipping download.
[2026-01-20T21:00:10.657+0000] {marginalpdbc.py:65} INFO - File bronze/omie/marginalpdbc/2025/09/marginalpdbc_20250908.1 already exists. Skipping download.
[2026-01-20T21:00:10.662+0000] {marginalpdbc.py:65} INFO - File bronze/omie/marginalpdbc/2025/09/marginalpdbc_20250909.1 already exists. Skipping download.
[2026-01-20T21:00:10.665+0000] {marginalpdbc.py:65} INFO - File bronze/omie/marginalpdbc/2025/09/marginalpdbc_20250910.1 already exists. Skipping download.
[2026-01-20T21:00:10.669+0000] {marginalpdbc.py:65} INFO - File bronze/omie/marginalpdbc/2025/09/marginalpdbc_20250911.1 already exists. Skipping download.
[2026-01-20T21:00:10.679+0000] {marginalpdbc.py:65} INFO - File bronze/omie/marginalpdbc/2025/09/marginalpdbc_20250912.1 already exists. Skipping download.
[2026-01-20T21:00:10.684+0000] {marginalpdbc.py:65} INFO - File bronze/omie/marginalpdbc/2025/09/marginalpdbc_20250913.1 already exists. Skipping download.
[2026-01-20T21:00:10.688+0000] {marginalpdbc.py:65} INFO - File bronze/omie/marginalpdbc/2025/09/marginalpdbc_20250914.1 already exists. Skipping download.
[2026-01-20T21:00:10.692+0000] {marginalpdbc.py:65} INFO - File bronze/omie/marginalpdbc/2025/09/marginalpdbc_20250915.1 already exists. Skipping download.
[2026-01-20T21:00:10.697+0000] {marginalpdbc.py:65} INFO - File bronze/omie/marginalpdbc/2025/09/marginalpdbc_20250916.1 already exists. Skipping download.
[2026-01-20T21:00:10.700+0000] {marginalpdbc.py:65} INFO - File bronze/omie/marginalpdbc/2025/09/marginalpdbc_20250917.1 already exists. Skipping download.
[2026-01-20T21:00:10.703+0000] {marginalpdbc.py:65} INFO - File bronze/omie/marginalpdbc/2025/09/marginalpdbc_20250918.1 already exists. Skipping download.
[2026-01-20T21:00:10.707+0000] {marginalpdbc.py:65} INFO - File bronze/omie/marginalpdbc/2025/09/marginalpdbc_20250919.1 already exists. Skipping download.
[2026-01-20T21:00:10.709+0000] {marginalpdbc.py:65} INFO - File bronze/omie/marginalpdbc/2025/09/marginalpdbc_20250920.1 already exists. Skipping download.
[2026-01-20T21:00:10.712+0000] {marginalpdbc.py:65} INFO - File bronze/omie/marginalpdbc/2025/09/marginalpdbc_20250921.1 already exists. Skipping download.
[2026-01-20T21:00:10.716+0000] {marginalpdbc.py:65} INFO - File bronze/omie/marginalpdbc/2025/09/marginalpdbc_20250922.1 already exists. Skipping download.
[2026-01-20T21:00:10.719+0000] {marginalpdbc.py:65} INFO - File bronze/omie/marginalpdbc/2025/09/marginalpdbc_20250923.1 already exists. Skipping download.
[2026-01-20T21:00:10.723+0000] {marginalpdbc.py:65} INFO - File bronze/omie/marginalpdbc/2025/09/marginalpdbc_20250924.1 already exists. Skipping download.
[2026-01-20T21:00:10.726+0000] {marginalpdbc.py:65} INFO - File bronze/omie/marginalpdbc/2025/09/marginalpdbc_20250925.1 already exists. Skipping download.
[2026-01-20T21:00:10.729+0000] {marginalpdbc.py:65} INFO - File bronze/omie/marginalpdbc/2025/09/marginalpdbc_20250926.1 already exists. Skipping download.
[2026-01-20T21:00:10.732+0000] {marginalpdbc.py:65} INFO - File bronze/omie/marginalpdbc/2025/09/marginalpdbc_20250927.1 already exists. Skipping download.
[2026-01-20T21:00:10.734+0000] {marginalpdbc.py:65} INFO - File bronze/omie/marginalpdbc/2025/09/marginalpdbc_20250928.1 already exists. Skipping download.
[2026-01-20T21:00:10.737+0000] {marginalpdbc.py:65} INFO - File bronze/omie/marginalpdbc/2025/09/marginalpdbc_20250929.1 already exists. Skipping download.
[2026-01-20T21:00:10.739+0000] {marginalpdbc.py:65} INFO - File bronze/omie/marginalpdbc/2025/09/marginalpdbc_20250930.1 already exists. Skipping download.
[2026-01-20T21:00:10.743+0000] {marginalpdbc.py:65} INFO - File bronze/omie/marginalpdbc/2025/10/marginalpdbc_20251001.1 already exists. Skipping download.
[2026-01-20T21:00:10.745+0000] {marginalpdbc.py:65} INFO - File bronze/omie/marginalpdbc/2025/10/marginalpdbc_20251002.1 already exists. Skipping download.
[2026-01-20T21:00:10.748+0000] {marginalpdbc.py:65} INFO - File bronze/omie/marginalpdbc/2025/10/marginalpdbc_20251003.1 already exists. Skipping download.
[2026-01-20T21:00:10.750+0000] {marginalpdbc.py:65} INFO - File bronze/omie/marginalpdbc/2025/10/marginalpdbc_20251004.1 already exists. Skipping download.
[2026-01-20T21:00:10.754+0000] {marginalpdbc.py:65} INFO - File bronze/omie/marginalpdbc/2025/10/marginalpdbc_20251005.1 already exists. Skipping download.
[2026-01-20T21:00:10.758+0000] {marginalpdbc.py:65} INFO - File bronze/omie/marginalpdbc/2025/10/marginalpdbc_20251006.1 already exists. Skipping download.
[2026-01-20T21:00:10.761+0000] {marginalpdbc.py:65} INFO - File bronze/omie/marginalpdbc/2025/10/marginalpdbc_20251007.1 already exists. Skipping download.
[2026-01-20T21:00:10.763+0000] {marginalpdbc.py:65} INFO - File bronze/omie/marginalpdbc/2025/10/marginalpdbc_20251008.1 already exists. Skipping download.
[2026-01-20T21:00:10.766+0000] {marginalpdbc.py:65} INFO - File bronze/omie/marginalpdbc/2025/10/marginalpdbc_20251009.1 already exists. Skipping download.
[2026-01-20T21:00:10.769+0000] {marginalpdbc.py:65} INFO - File bronze/omie/marginalpdbc/2025/10/marginalpdbc_20251010.1 already exists. Skipping download.
[2026-01-20T21:00:10.772+0000] {marginalpdbc.py:65} INFO - File bronze/omie/marginalpdbc/2025/10/marginalpdbc_20251011.1 already exists. Skipping download.
[2026-01-20T21:00:10.777+0000] {marginalpdbc.py:65} INFO - File bronze/omie/marginalpdbc/2025/10/marginalpdbc_20251012.1 already exists. Skipping download.
[2026-01-20T21:00:10.781+0000] {marginalpdbc.py:65} INFO - File bronze/omie/marginalpdbc/2025/10/marginalpdbc_20251013.1 already exists. Skipping download.
[2026-01-20T21:00:10.785+0000] {marginalpdbc.py:65} INFO - File bronze/omie/marginalpdbc/2025/10/marginalpdbc_20251014.1 already exists. Skipping download.
[2026-01-20T21:00:10.789+0000] {marginalpdbc.py:65} INFO - File bronze/omie/marginalpdbc/2025/10/marginalpdbc_20251015.1 already exists. Skipping download.
[2026-01-20T21:00:10.792+0000] {marginalpdbc.py:65} INFO - File bronze/omie/marginalpdbc/2025/10/marginalpdbc_20251016.1 already exists. Skipping download.
[2026-01-20T21:00:10.796+0000] {marginalpdbc.py:65} INFO - File bronze/omie/marginalpdbc/2025/10/marginalpdbc_20251017.1 already exists. Skipping download.
[2026-01-20T21:00:10.799+0000] {marginalpdbc.py:65} INFO - File bronze/omie/marginalpdbc/2025/10/marginalpdbc_20251018.1 already exists. Skipping download.
[2026-01-20T21:00:10.803+0000] {marginalpdbc.py:65} INFO - File bronze/omie/marginalpdbc/2025/10/marginalpdbc_20251019.1 already exists. Skipping download.
[2026-01-20T21:00:10.807+0000] {marginalpdbc.py:65} INFO - File bronze/omie/marginalpdbc/2025/10/marginalpdbc_20251020.1 already exists. Skipping download.
[2026-01-20T21:00:10.810+0000] {marginalpdbc.py:65} INFO - File bronze/omie/marginalpdbc/2025/10/marginalpdbc_20251021.1 already exists. Skipping download.
[2026-01-20T21:00:10.815+0000] {marginalpdbc.py:65} INFO - File bronze/omie/marginalpdbc/2025/10/marginalpdbc_20251022.1 already exists. Skipping download.
[2026-01-20T21:00:10.819+0000] {marginalpdbc.py:65} INFO - File bronze/omie/marginalpdbc/2025/10/marginalpdbc_20251023.1 already exists. Skipping download.
[2026-01-20T21:00:10.823+0000] {marginalpdbc.py:65} INFO - File bronze/omie/marginalpdbc/2025/10/marginalpdbc_20251024.1 already exists. Skipping download.
[2026-01-20T21:00:10.827+0000] {marginalpdbc.py:65} INFO - File bronze/omie/marginalpdbc/2025/10/marginalpdbc_20251025.1 already exists. Skipping download.
[2026-01-20T21:00:10.831+0000] {marginalpdbc.py:65} INFO - File bronze/omie/marginalpdbc/2025/10/marginalpdbc_20251026.1 already exists. Skipping download.
[2026-01-20T21:00:10.835+0000] {marginalpdbc.py:65} INFO - File bronze/omie/marginalpdbc/2025/10/marginalpdbc_20251027.1 already exists. Skipping download.
[2026-01-20T21:00:10.841+0000] {marginalpdbc.py:65} INFO - File bronze/omie/marginalpdbc/2025/10/marginalpdbc_20251028.1 already exists. Skipping download.
[2026-01-20T21:00:10.846+0000] {marginalpdbc.py:65} INFO - File bronze/omie/marginalpdbc/2025/10/marginalpdbc_20251029.1 already exists. Skipping download.
[2026-01-20T21:00:10.851+0000] {omie_client.py:64} INFO - Downloading marginalpdbc_20251030.1 from OMIE...
[2026-01-20T21:00:11.098+0000] {omie_client.py:68} INFO - File marginalpdbc_20251030.1 not found (404).
[2026-01-20T21:00:11.100+0000] {marginalpdbc.py:71} WARNING - Failed to download marginalpdbc_20251030.1
[2026-01-20T21:00:11.106+0000] {marginalpdbc.py:65} INFO - File bronze/omie/marginalpdbc/2025/10/marginalpdbc_20251031.1 already exists. Skipping download.
[2026-01-20T21:00:11.110+0000] {marginalpdbc.py:65} INFO - File bronze/omie/marginalpdbc/2025/11/marginalpdbc_20251101.1 already exists. Skipping download.
[2026-01-20T21:00:11.116+0000] {marginalpdbc.py:65} INFO - File bronze/omie/marginalpdbc/2025/11/marginalpdbc_20251102.1 already exists. Skipping download.
[2026-01-20T21:00:11.121+0000] {marginalpdbc.py:65} INFO - File bronze/omie/marginalpdbc/2025/11/marginalpdbc_20251103.1 already exists. Skipping download.
[2026-01-20T21:00:11.126+0000] {marginalpdbc.py:65} INFO - File bronze/omie/marginalpdbc/2025/11/marginalpdbc_20251104.1 already exists. Skipping download.
[2026-01-20T21:00:11.134+0000] {marginalpdbc.py:65} INFO - File bronze/omie/marginalpdbc/2025/11/marginalpdbc_20251105.1 already exists. Skipping download.
[2026-01-20T21:00:11.139+0000] {marginalpdbc.py:65} INFO - File bronze/omie/marginalpdbc/2025/11/marginalpdbc_20251106.1 already exists. Skipping download.
[2026-01-20T21:00:11.146+0000] {marginalpdbc.py:65} INFO - File bronze/omie/marginalpdbc/2025/11/marginalpdbc_20251107.1 already exists. Skipping download.
[2026-01-20T21:00:11.150+0000] {marginalpdbc.py:65} INFO - File bronze/omie/marginalpdbc/2025/11/marginalpdbc_20251108.1 already exists. Skipping download.
[2026-01-20T21:00:11.154+0000] {marginalpdbc.py:65} INFO - File bronze/omie/marginalpdbc/2025/11/marginalpdbc_20251109.1 already exists. Skipping download.
[2026-01-20T21:00:11.159+0000] {marginalpdbc.py:65} INFO - File bronze/omie/marginalpdbc/2025/11/marginalpdbc_20251110.1 already exists. Skipping download.
[2026-01-20T21:00:11.162+0000] {marginalpdbc.py:65} INFO - File bronze/omie/marginalpdbc/2025/11/marginalpdbc_20251111.1 already exists. Skipping download.
[2026-01-20T21:00:11.165+0000] {marginalpdbc.py:65} INFO - File bronze/omie/marginalpdbc/2025/11/marginalpdbc_20251112.1 already exists. Skipping download.
[2026-01-20T21:00:11.169+0000] {marginalpdbc.py:65} INFO - File bronze/omie/marginalpdbc/2025/11/marginalpdbc_20251113.1 already exists. Skipping download.
[2026-01-20T21:00:11.176+0000] {marginalpdbc.py:65} INFO - File bronze/omie/marginalpdbc/2025/11/marginalpdbc_20251114.1 already exists. Skipping download.
[2026-01-20T21:00:11.179+0000] {marginalpdbc.py:65} INFO - File bronze/omie/marginalpdbc/2025/11/marginalpdbc_20251115.1 already exists. Skipping download.
[2026-01-20T21:00:11.183+0000] {marginalpdbc.py:65} INFO - File bronze/omie/marginalpdbc/2025/11/marginalpdbc_20251116.1 already exists. Skipping download.
[2026-01-20T21:00:11.187+0000] {marginalpdbc.py:65} INFO - File bronze/omie/marginalpdbc/2025/11/marginalpdbc_20251117.1 already exists. Skipping download.
[2026-01-20T21:00:11.192+0000] {marginalpdbc.py:65} INFO - File bronze/omie/marginalpdbc/2025/11/marginalpdbc_20251118.1 already exists. Skipping download.
[2026-01-20T21:00:11.196+0000] {marginalpdbc.py:65} INFO - File bronze/omie/marginalpdbc/2025/11/marginalpdbc_20251119.1 already exists. Skipping download.
[2026-01-20T21:00:11.201+0000] {marginalpdbc.py:65} INFO - File bronze/omie/marginalpdbc/2025/11/marginalpdbc_20251120.1 already exists. Skipping download.
[2026-01-20T21:00:11.205+0000] {marginalpdbc.py:65} INFO - File bronze/omie/marginalpdbc/2025/11/marginalpdbc_20251121.1 already exists. Skipping download.
[2026-01-20T21:00:11.208+0000] {marginalpdbc.py:65} INFO - File bronze/omie/marginalpdbc/2025/11/marginalpdbc_20251122.1 already exists. Skipping download.
[2026-01-20T21:00:11.213+0000] {marginalpdbc.py:65} INFO - File bronze/omie/marginalpdbc/2025/11/marginalpdbc_20251123.1 already exists. Skipping download.
[2026-01-20T21:00:11.216+0000] {marginalpdbc.py:65} INFO - File bronze/omie/marginalpdbc/2025/11/marginalpdbc_20251124.1 already exists. Skipping download.
[2026-01-20T21:00:11.222+0000] {marginalpdbc.py:65} INFO - File bronze/omie/marginalpdbc/2025/11/marginalpdbc_20251125.1 already exists. Skipping download.
[2026-01-20T21:00:11.225+0000] {marginalpdbc.py:65} INFO - File bronze/omie/marginalpdbc/2025/11/marginalpdbc_20251126.1 already exists. Skipping download.
[2026-01-20T21:00:11.228+0000] {omie_client.py:64} INFO - Downloading marginalpdbc_20251127.1 from OMIE...
[2026-01-20T21:00:11.656+0000] {omie_client.py:68} INFO - File marginalpdbc_20251127.1 not found (404).
[2026-01-20T21:00:11.657+0000] {marginalpdbc.py:71} WARNING - Failed to download marginalpdbc_20251127.1
[2026-01-20T21:00:11.660+0000] {marginalpdbc.py:65} INFO - File bronze/omie/marginalpdbc/2025/11/marginalpdbc_20251128.1 already exists. Skipping download.
[2026-01-20T21:00:11.663+0000] {marginalpdbc.py:65} INFO - File bronze/omie/marginalpdbc/2025/11/marginalpdbc_20251129.1 already exists. Skipping download.
[2026-01-20T21:00:11.665+0000] {marginalpdbc.py:65} INFO - File bronze/omie/marginalpdbc/2025/11/marginalpdbc_20251130.1 already exists. Skipping download.
[2026-01-20T21:00:11.669+0000] {marginalpdbc.py:65} INFO - File bronze/omie/marginalpdbc/2025/12/marginalpdbc_20251201.1 already exists. Skipping download.
[2026-01-20T21:00:11.671+0000] {marginalpdbc.py:65} INFO - File bronze/omie/marginalpdbc/2025/12/marginalpdbc_20251202.1 already exists. Skipping download.
[2026-01-20T21:00:11.674+0000] {marginalpdbc.py:65} INFO - File bronze/omie/marginalpdbc/2025/12/marginalpdbc_20251203.1 already exists. Skipping download.
[2026-01-20T21:00:11.677+0000] {marginalpdbc.py:65} INFO - File bronze/omie/marginalpdbc/2025/12/marginalpdbc_20251204.1 already exists. Skipping download.
[2026-01-20T21:00:11.680+0000] {marginalpdbc.py:65} INFO - File bronze/omie/marginalpdbc/2025/12/marginalpdbc_20251205.1 already exists. Skipping download.
[2026-01-20T21:00:11.683+0000] {marginalpdbc.py:65} INFO - File bronze/omie/marginalpdbc/2025/12/marginalpdbc_20251206.1 already exists. Skipping download.
[2026-01-20T21:00:11.685+0000] {marginalpdbc.py:65} INFO - File bronze/omie/marginalpdbc/2025/12/marginalpdbc_20251207.1 already exists. Skipping download.
[2026-01-20T21:00:11.688+0000] {marginalpdbc.py:65} INFO - File bronze/omie/marginalpdbc/2025/12/marginalpdbc_20251208.1 already exists. Skipping download.
[2026-01-20T21:00:11.691+0000] {marginalpdbc.py:65} INFO - File bronze/omie/marginalpdbc/2025/12/marginalpdbc_20251209.1 already exists. Skipping download.
[2026-01-20T21:00:11.693+0000] {marginalpdbc.py:65} INFO - File bronze/omie/marginalpdbc/2025/12/marginalpdbc_20251210.1 already exists. Skipping download.
[2026-01-20T21:00:11.696+0000] {marginalpdbc.py:65} INFO - File bronze/omie/marginalpdbc/2025/12/marginalpdbc_20251211.1 already exists. Skipping download.
[2026-01-20T21:00:11.699+0000] {marginalpdbc.py:65} INFO - File bronze/omie/marginalpdbc/2025/12/marginalpdbc_20251212.1 already exists. Skipping download.
[2026-01-20T21:00:11.703+0000] {marginalpdbc.py:65} INFO - File bronze/omie/marginalpdbc/2025/12/marginalpdbc_20251213.1 already exists. Skipping download.
[2026-01-20T21:00:11.706+0000] {marginalpdbc.py:65} INFO - File bronze/omie/marginalpdbc/2025/12/marginalpdbc_20251214.1 already exists. Skipping download.
[2026-01-20T21:00:11.709+0000] {marginalpdbc.py:65} INFO - File bronze/omie/marginalpdbc/2025/12/marginalpdbc_20251215.1 already exists. Skipping download.
[2026-01-20T21:00:11.712+0000] {marginalpdbc.py:65} INFO - File bronze/omie/marginalpdbc/2025/12/marginalpdbc_20251216.1 already exists. Skipping download.
[2026-01-20T21:00:11.715+0000] {marginalpdbc.py:65} INFO - File bronze/omie/marginalpdbc/2025/12/marginalpdbc_20251217.1 already exists. Skipping download.
[2026-01-20T21:00:11.718+0000] {marginalpdbc.py:65} INFO - File bronze/omie/marginalpdbc/2025/12/marginalpdbc_20251218.1 already exists. Skipping download.
[2026-01-20T21:00:11.721+0000] {marginalpdbc.py:65} INFO - File bronze/omie/marginalpdbc/2025/12/marginalpdbc_20251219.1 already exists. Skipping download.
[2026-01-20T21:00:11.725+0000] {marginalpdbc.py:65} INFO - File bronze/omie/marginalpdbc/2025/12/marginalpdbc_20251220.1 already exists. Skipping download.
[2026-01-20T21:00:11.729+0000] {marginalpdbc.py:65} INFO - File bronze/omie/marginalpdbc/2025/12/marginalpdbc_20251221.1 already exists. Skipping download.
[2026-01-20T21:00:11.732+0000] {marginalpdbc.py:65} INFO - File bronze/omie/marginalpdbc/2025/12/marginalpdbc_20251222.1 already exists. Skipping download.
[2026-01-20T21:00:11.735+0000] {marginalpdbc.py:65} INFO - File bronze/omie/marginalpdbc/2025/12/marginalpdbc_20251223.1 already exists. Skipping download.
[2026-01-20T21:00:11.738+0000] {marginalpdbc.py:65} INFO - File bronze/omie/marginalpdbc/2025/12/marginalpdbc_20251224.1 already exists. Skipping download.
[2026-01-20T21:00:11.743+0000] {marginalpdbc.py:65} INFO - File bronze/omie/marginalpdbc/2025/12/marginalpdbc_20251225.1 already exists. Skipping download.
[2026-01-20T21:00:11.747+0000] {marginalpdbc.py:65} INFO - File bronze/omie/marginalpdbc/2025/12/marginalpdbc_20251226.1 already exists. Skipping download.
[2026-01-20T21:00:11.751+0000] {marginalpdbc.py:65} INFO - File bronze/omie/marginalpdbc/2025/12/marginalpdbc_20251227.1 already exists. Skipping download.
[2026-01-20T21:00:11.757+0000] {marginalpdbc.py:65} INFO - File bronze/omie/marginalpdbc/2025/12/marginalpdbc_20251228.1 already exists. Skipping download.
[2026-01-20T21:00:11.761+0000] {marginalpdbc.py:65} INFO - File bronze/omie/marginalpdbc/2025/12/marginalpdbc_20251229.1 already exists. Skipping download.
[2026-01-20T21:00:11.767+0000] {marginalpdbc.py:65} INFO - File bronze/omie/marginalpdbc/2025/12/marginalpdbc_20251230.1 already exists. Skipping download.
[2026-01-20T21:00:11.776+0000] {marginalpdbc.py:65} INFO - File bronze/omie/marginalpdbc/2025/12/marginalpdbc_20251231.1 already exists. Skipping download.
[2026-01-20T21:00:11.783+0000] {marginalpdbc.py:65} INFO - File bronze/omie/marginalpdbc/2026/01/marginalpdbc_20260101.1 already exists. Skipping download.
[2026-01-20T21:00:11.786+0000] {marginalpdbc.py:65} INFO - File bronze/omie/marginalpdbc/2026/01/marginalpdbc_20260102.1 already exists. Skipping download.
[2026-01-20T21:00:11.790+0000] {marginalpdbc.py:65} INFO - File bronze/omie/marginalpdbc/2026/01/marginalpdbc_20260103.1 already exists. Skipping download.
[2026-01-20T21:00:11.796+0000] {marginalpdbc.py:65} INFO - File bronze/omie/marginalpdbc/2026/01/marginalpdbc_20260104.1 already exists. Skipping download.
[2026-01-20T21:00:11.800+0000] {marginalpdbc.py:65} INFO - File bronze/omie/marginalpdbc/2026/01/marginalpdbc_20260105.1 already exists. Skipping download.
[2026-01-20T21:00:11.806+0000] {marginalpdbc.py:65} INFO - File bronze/omie/marginalpdbc/2026/01/marginalpdbc_20260106.1 already exists. Skipping download.
[2026-01-20T21:00:11.812+0000] {marginalpdbc.py:65} INFO - File bronze/omie/marginalpdbc/2026/01/marginalpdbc_20260107.1 already exists. Skipping download.
[2026-01-20T21:00:11.817+0000] {marginalpdbc.py:65} INFO - File bronze/omie/marginalpdbc/2026/01/marginalpdbc_20260108.1 already exists. Skipping download.
[2026-01-20T21:00:11.823+0000] {marginalpdbc.py:65} INFO - File bronze/omie/marginalpdbc/2026/01/marginalpdbc_20260109.1 already exists. Skipping download.
[2026-01-20T21:00:11.827+0000] {marginalpdbc.py:65} INFO - File bronze/omie/marginalpdbc/2026/01/marginalpdbc_20260110.1 already exists. Skipping download.
[2026-01-20T21:00:11.831+0000] {marginalpdbc.py:65} INFO - File bronze/omie/marginalpdbc/2026/01/marginalpdbc_20260111.1 already exists. Skipping download.
[2026-01-20T21:00:11.834+0000] {marginalpdbc.py:65} INFO - File bronze/omie/marginalpdbc/2026/01/marginalpdbc_20260112.1 already exists. Skipping download.
[2026-01-20T21:00:11.838+0000] {marginalpdbc.py:65} INFO - File bronze/omie/marginalpdbc/2026/01/marginalpdbc_20260113.1 already exists. Skipping download.
[2026-01-20T21:00:11.843+0000] {marginalpdbc.py:65} INFO - File bronze/omie/marginalpdbc/2026/01/marginalpdbc_20260114.1 already exists. Skipping download.
[2026-01-20T21:00:11.845+0000] {omie_client.py:64} INFO - Downloading marginalpdbc_20260115.1 from OMIE...
[2026-01-20T21:00:12.190+0000] {filesystem.py:48} INFO - Saved file to /opt/***/local_data/bronze/omie/marginalpdbc/2026/01/marginalpdbc_20260115.1
[2026-01-20T21:00:12.194+0000] {marginalpdbc.py:65} INFO - File bronze/omie/marginalpdbc/2026/01/marginalpdbc_20260116.1 already exists. Skipping download.
[2026-01-20T21:00:12.196+0000] {omie_client.py:64} INFO - Downloading marginalpdbc_20260117.1 from OMIE...
[2026-01-20T21:00:12.555+0000] {filesystem.py:48} INFO - Saved file to /opt/***/local_data/bronze/omie/marginalpdbc/2026/01/marginalpdbc_20260117.1
[2026-01-20T21:00:12.558+0000] {omie_client.py:64} INFO - Downloading marginalpdbc_20260118.1 from OMIE...
[2026-01-20T21:00:12.936+0000] {filesystem.py:48} INFO - Saved file to /opt/***/local_data/bronze/omie/marginalpdbc/2026/01/marginalpdbc_20260118.1
[2026-01-20T21:00:12.942+0000] {marginalpdbc.py:65} INFO - File bronze/omie/marginalpdbc/2026/01/marginalpdbc_20260119.1 already exists. Skipping download.
[2026-01-20T21:00:12.953+0000] {marginalpdbc.py:65} INFO - File bronze/omie/marginalpdbc/2026/01/marginalpdbc_20260120.1 already exists. Skipping download.
[2026-01-20T21:00:12.957+0000] {python.py:237} INFO - Done. Returned value was: {'start': '2025-01-01', 'end': '2026-01-20'}
[2026-01-20T21:00:12.960+0000] {taskinstance.py:441} INFO - ::group::Post task execution logs
[2026-01-20T21:00:13.004+0000] {taskinstance.py:1206} INFO - Marking task as SUCCESS. dag_id=omie_pipeline, task_id=download_marginal_pdbc, run_id=manual__2026-01-20T21:00:07.280516+00:00, execution_date=20260120T210007, start_date=20260120T210009, end_date=20260120T210013
[2026-01-20T21:00:13.089+0000] {local_task_job_runner.py:240} INFO - Task exited with return code 0
[2026-01-20T21:00:13.131+0000] {taskinstance.py:3503} INFO - 1 downstream tasks scheduled from follow-on schedule check
[2026-01-20T21:00:13.173+0000] {local_task_job_runner.py:222} INFO - ::endgroup::
