[2026-01-23T16:09:39.382+0000] {processor.py:161} INFO - Started process (PID=209) to work on /opt/airflow/dags/trades_dag.py
[2026-01-23T16:09:39.384+0000] {processor.py:830} INFO - Processing file /opt/airflow/dags/trades_dag.py for tasks to queue
[2026-01-23T16:09:39.387+0000] {logging_mixin.py:188} INFO - [2026-01-23T16:09:39.386+0000] {dagbag.py:545} INFO - Filling up the DagBag from /opt/airflow/dags/trades_dag.py
[2026-01-23T16:09:40.159+0000] {processor.py:840} INFO - DAG(s) 'trades_pipeline' retrieved from /opt/airflow/dags/trades_dag.py
[2026-01-23T16:09:40.330+0000] {logging_mixin.py:188} INFO - [2026-01-23T16:09:40.330+0000] {dag.py:3096} INFO - Sync 1 DAGs
[2026-01-23T16:09:40.357+0000] {logging_mixin.py:188} INFO - [2026-01-23T16:09:40.357+0000] {dag.py:3954} INFO - Setting next_dagrun for trades_pipeline to 2026-01-22 10:00:00+00:00, run_after=2026-01-23 10:00:00+00:00
[2026-01-23T16:09:40.380+0000] {processor.py:183} INFO - Processing /opt/airflow/dags/trades_dag.py took 1.009 seconds
[2026-01-23T16:10:11.005+0000] {processor.py:161} INFO - Started process (PID=321) to work on /opt/airflow/dags/trades_dag.py
[2026-01-23T16:10:11.010+0000] {processor.py:830} INFO - Processing file /opt/airflow/dags/trades_dag.py for tasks to queue
[2026-01-23T16:10:11.021+0000] {logging_mixin.py:188} INFO - [2026-01-23T16:10:11.020+0000] {dagbag.py:545} INFO - Filling up the DagBag from /opt/airflow/dags/trades_dag.py
[2026-01-23T16:10:13.509+0000] {processor.py:840} INFO - DAG(s) 'trades_pipeline' retrieved from /opt/airflow/dags/trades_dag.py
[2026-01-23T16:10:14.163+0000] {logging_mixin.py:188} INFO - [2026-01-23T16:10:14.162+0000] {dag.py:3096} INFO - Sync 1 DAGs
[2026-01-23T16:10:14.250+0000] {logging_mixin.py:188} INFO - [2026-01-23T16:10:14.250+0000] {dag.py:3954} INFO - Setting next_dagrun for trades_pipeline to 2026-01-23 10:00:00+00:00, run_after=2026-01-24 10:00:00+00:00
[2026-01-23T16:10:14.354+0000] {processor.py:183} INFO - Processing /opt/airflow/dags/trades_dag.py took 3.389 seconds
[2026-01-23T16:10:45.022+0000] {processor.py:161} INFO - Started process (PID=394) to work on /opt/airflow/dags/trades_dag.py
[2026-01-23T16:10:45.024+0000] {processor.py:830} INFO - Processing file /opt/airflow/dags/trades_dag.py for tasks to queue
[2026-01-23T16:10:45.027+0000] {logging_mixin.py:188} INFO - [2026-01-23T16:10:45.026+0000] {dagbag.py:545} INFO - Filling up the DagBag from /opt/airflow/dags/trades_dag.py
[2026-01-23T16:10:46.293+0000] {processor.py:840} INFO - DAG(s) 'trades_pipeline' retrieved from /opt/airflow/dags/trades_dag.py
[2026-01-23T16:10:46.877+0000] {logging_mixin.py:188} INFO - [2026-01-23T16:10:46.876+0000] {dag.py:3096} INFO - Sync 1 DAGs
[2026-01-23T16:10:46.974+0000] {logging_mixin.py:188} INFO - [2026-01-23T16:10:46.974+0000] {dag.py:3954} INFO - Setting next_dagrun for trades_pipeline to 2026-01-23 10:00:00+00:00, run_after=2026-01-24 10:00:00+00:00
[2026-01-23T16:10:47.110+0000] {processor.py:183} INFO - Processing /opt/airflow/dags/trades_dag.py took 2.228 seconds
[2026-01-23T16:11:17.697+0000] {processor.py:161} INFO - Started process (PID=552) to work on /opt/airflow/dags/trades_dag.py
[2026-01-23T16:11:17.702+0000] {processor.py:830} INFO - Processing file /opt/airflow/dags/trades_dag.py for tasks to queue
[2026-01-23T16:11:17.731+0000] {logging_mixin.py:188} INFO - [2026-01-23T16:11:17.730+0000] {dagbag.py:545} INFO - Filling up the DagBag from /opt/airflow/dags/trades_dag.py
[2026-01-23T16:11:19.539+0000] {processor.py:840} INFO - DAG(s) 'trades_pipeline' retrieved from /opt/airflow/dags/trades_dag.py
[2026-01-23T16:11:20.527+0000] {logging_mixin.py:188} INFO - [2026-01-23T16:11:20.526+0000] {dag.py:3096} INFO - Sync 1 DAGs
[2026-01-23T16:11:20.860+0000] {logging_mixin.py:188} INFO - [2026-01-23T16:11:20.859+0000] {dag.py:3954} INFO - Setting next_dagrun for trades_pipeline to 2026-01-23 10:00:00+00:00, run_after=2026-01-24 10:00:00+00:00
[2026-01-23T16:11:20.935+0000] {processor.py:183} INFO - Processing /opt/airflow/dags/trades_dag.py took 3.265 seconds
[2026-01-23T16:11:51.991+0000] {processor.py:161} INFO - Started process (PID=697) to work on /opt/airflow/dags/trades_dag.py
[2026-01-23T16:11:52.001+0000] {processor.py:830} INFO - Processing file /opt/airflow/dags/trades_dag.py for tasks to queue
[2026-01-23T16:11:52.056+0000] {logging_mixin.py:188} INFO - [2026-01-23T16:11:52.050+0000] {dagbag.py:545} INFO - Filling up the DagBag from /opt/airflow/dags/trades_dag.py
[2026-01-23T16:11:58.128+0000] {processor.py:840} INFO - DAG(s) 'trades_pipeline' retrieved from /opt/airflow/dags/trades_dag.py
[2026-01-23T16:12:01.204+0000] {logging_mixin.py:188} INFO - [2026-01-23T16:12:01.202+0000] {dag.py:3096} INFO - Sync 1 DAGs
[2026-01-23T16:12:01.382+0000] {logging_mixin.py:188} INFO - [2026-01-23T16:12:01.382+0000] {dag.py:3954} INFO - Setting next_dagrun for trades_pipeline to 2026-01-23 10:00:00+00:00, run_after=2026-01-24 10:00:00+00:00
[2026-01-23T16:12:01.515+0000] {processor.py:183} INFO - Processing /opt/airflow/dags/trades_dag.py took 9.856 seconds
[2026-01-23T16:12:32.137+0000] {processor.py:161} INFO - Started process (PID=860) to work on /opt/airflow/dags/trades_dag.py
[2026-01-23T16:12:32.139+0000] {processor.py:830} INFO - Processing file /opt/airflow/dags/trades_dag.py for tasks to queue
[2026-01-23T16:12:32.174+0000] {logging_mixin.py:188} INFO - [2026-01-23T16:12:32.172+0000] {dagbag.py:545} INFO - Filling up the DagBag from /opt/airflow/dags/trades_dag.py
[2026-01-23T16:12:35.239+0000] {processor.py:840} INFO - DAG(s) 'trades_pipeline' retrieved from /opt/airflow/dags/trades_dag.py
[2026-01-23T16:12:35.751+0000] {logging_mixin.py:188} INFO - [2026-01-23T16:12:35.750+0000] {dag.py:3096} INFO - Sync 1 DAGs
[2026-01-23T16:12:35.833+0000] {logging_mixin.py:188} INFO - [2026-01-23T16:12:35.833+0000] {dag.py:3954} INFO - Setting next_dagrun for trades_pipeline to 2026-01-23 10:00:00+00:00, run_after=2026-01-24 10:00:00+00:00
[2026-01-23T16:12:35.934+0000] {processor.py:183} INFO - Processing /opt/airflow/dags/trades_dag.py took 3.855 seconds
[2026-01-23T16:13:06.413+0000] {processor.py:161} INFO - Started process (PID=939) to work on /opt/airflow/dags/trades_dag.py
[2026-01-23T16:13:06.414+0000] {processor.py:830} INFO - Processing file /opt/airflow/dags/trades_dag.py for tasks to queue
[2026-01-23T16:13:06.418+0000] {logging_mixin.py:188} INFO - [2026-01-23T16:13:06.417+0000] {dagbag.py:545} INFO - Filling up the DagBag from /opt/airflow/dags/trades_dag.py
[2026-01-23T16:13:09.160+0000] {processor.py:840} INFO - DAG(s) 'trades_pipeline' retrieved from /opt/airflow/dags/trades_dag.py
[2026-01-23T16:13:09.472+0000] {logging_mixin.py:188} INFO - [2026-01-23T16:13:09.472+0000] {dag.py:3096} INFO - Sync 1 DAGs
[2026-01-23T16:13:09.543+0000] {logging_mixin.py:188} INFO - [2026-01-23T16:13:09.543+0000] {dag.py:3954} INFO - Setting next_dagrun for trades_pipeline to 2026-01-23 10:00:00+00:00, run_after=2026-01-24 10:00:00+00:00
[2026-01-23T16:13:09.612+0000] {processor.py:183} INFO - Processing /opt/airflow/dags/trades_dag.py took 3.219 seconds
[2026-01-23T16:13:40.654+0000] {processor.py:161} INFO - Started process (PID=1037) to work on /opt/airflow/dags/trades_dag.py
[2026-01-23T16:13:40.670+0000] {processor.py:830} INFO - Processing file /opt/airflow/dags/trades_dag.py for tasks to queue
[2026-01-23T16:13:40.762+0000] {logging_mixin.py:188} INFO - [2026-01-23T16:13:40.743+0000] {dagbag.py:545} INFO - Filling up the DagBag from /opt/airflow/dags/trades_dag.py
[2026-01-23T16:13:47.224+0000] {processor.py:840} INFO - DAG(s) 'trades_pipeline' retrieved from /opt/airflow/dags/trades_dag.py
[2026-01-23T16:13:49.167+0000] {logging_mixin.py:188} INFO - [2026-01-23T16:13:49.166+0000] {dag.py:3096} INFO - Sync 1 DAGs
[2026-01-23T16:13:49.511+0000] {logging_mixin.py:188} INFO - [2026-01-23T16:13:49.509+0000] {dag.py:3954} INFO - Setting next_dagrun for trades_pipeline to 2026-01-23 10:00:00+00:00, run_after=2026-01-24 10:00:00+00:00
[2026-01-23T16:13:49.663+0000] {processor.py:183} INFO - Processing /opt/airflow/dags/trades_dag.py took 9.480 seconds
[2026-01-23T16:14:21.399+0000] {processor.py:161} INFO - Started process (PID=1123) to work on /opt/airflow/dags/trades_dag.py
[2026-01-23T16:14:21.401+0000] {processor.py:830} INFO - Processing file /opt/airflow/dags/trades_dag.py for tasks to queue
[2026-01-23T16:14:21.404+0000] {logging_mixin.py:188} INFO - [2026-01-23T16:14:21.404+0000] {dagbag.py:545} INFO - Filling up the DagBag from /opt/airflow/dags/trades_dag.py
[2026-01-23T16:14:24.425+0000] {processor.py:840} INFO - DAG(s) 'trades_pipeline' retrieved from /opt/airflow/dags/trades_dag.py
[2026-01-23T16:14:24.892+0000] {logging_mixin.py:188} INFO - [2026-01-23T16:14:24.883+0000] {dag.py:3096} INFO - Sync 1 DAGs
[2026-01-23T16:14:25.004+0000] {logging_mixin.py:188} INFO - [2026-01-23T16:14:25.004+0000] {dag.py:3954} INFO - Setting next_dagrun for trades_pipeline to 2026-01-23 10:00:00+00:00, run_after=2026-01-24 10:00:00+00:00
[2026-01-23T16:14:25.124+0000] {processor.py:183} INFO - Processing /opt/airflow/dags/trades_dag.py took 3.751 seconds
[2026-01-23T16:14:55.886+0000] {processor.py:161} INFO - Started process (PID=1209) to work on /opt/airflow/dags/trades_dag.py
[2026-01-23T16:14:55.890+0000] {processor.py:830} INFO - Processing file /opt/airflow/dags/trades_dag.py for tasks to queue
[2026-01-23T16:14:55.914+0000] {logging_mixin.py:188} INFO - [2026-01-23T16:14:55.905+0000] {dagbag.py:545} INFO - Filling up the DagBag from /opt/airflow/dags/trades_dag.py
[2026-01-23T16:14:58.714+0000] {processor.py:840} INFO - DAG(s) 'trades_pipeline' retrieved from /opt/airflow/dags/trades_dag.py
[2026-01-23T16:14:59.370+0000] {logging_mixin.py:188} INFO - [2026-01-23T16:14:59.369+0000] {dag.py:3096} INFO - Sync 1 DAGs
[2026-01-23T16:14:59.458+0000] {logging_mixin.py:188} INFO - [2026-01-23T16:14:59.457+0000] {dag.py:3954} INFO - Setting next_dagrun for trades_pipeline to 2026-01-23 10:00:00+00:00, run_after=2026-01-24 10:00:00+00:00
[2026-01-23T16:14:59.546+0000] {processor.py:183} INFO - Processing /opt/airflow/dags/trades_dag.py took 3.881 seconds
[2026-01-23T16:15:30.269+0000] {processor.py:161} INFO - Started process (PID=1288) to work on /opt/airflow/dags/trades_dag.py
[2026-01-23T16:15:30.271+0000] {processor.py:830} INFO - Processing file /opt/airflow/dags/trades_dag.py for tasks to queue
[2026-01-23T16:15:30.275+0000] {logging_mixin.py:188} INFO - [2026-01-23T16:15:30.274+0000] {dagbag.py:545} INFO - Filling up the DagBag from /opt/airflow/dags/trades_dag.py
[2026-01-23T16:15:33.570+0000] {processor.py:840} INFO - DAG(s) 'trades_pipeline' retrieved from /opt/airflow/dags/trades_dag.py
[2026-01-23T16:15:33.804+0000] {logging_mixin.py:188} INFO - [2026-01-23T16:15:33.803+0000] {dag.py:3096} INFO - Sync 1 DAGs
[2026-01-23T16:15:33.917+0000] {logging_mixin.py:188} INFO - [2026-01-23T16:15:33.916+0000] {dag.py:3954} INFO - Setting next_dagrun for trades_pipeline to 2026-01-23 10:00:00+00:00, run_after=2026-01-24 10:00:00+00:00
[2026-01-23T16:15:34.003+0000] {processor.py:183} INFO - Processing /opt/airflow/dags/trades_dag.py took 3.749 seconds
[2026-01-23T16:16:06.225+0000] {processor.py:161} INFO - Started process (PID=1367) to work on /opt/airflow/dags/trades_dag.py
[2026-01-23T16:16:06.340+0000] {processor.py:830} INFO - Processing file /opt/airflow/dags/trades_dag.py for tasks to queue
[2026-01-23T16:16:06.443+0000] {logging_mixin.py:188} INFO - [2026-01-23T16:16:06.442+0000] {dagbag.py:545} INFO - Filling up the DagBag from /opt/airflow/dags/trades_dag.py
[2026-01-23T16:16:17.254+0000] {processor.py:840} INFO - DAG(s) 'trades_pipeline' retrieved from /opt/airflow/dags/trades_dag.py
[2026-01-23T16:16:19.598+0000] {logging_mixin.py:188} INFO - [2026-01-23T16:16:19.597+0000] {dag.py:3096} INFO - Sync 1 DAGs
[2026-01-23T16:16:20.021+0000] {logging_mixin.py:188} INFO - [2026-01-23T16:16:20.021+0000] {dag.py:3954} INFO - Setting next_dagrun for trades_pipeline to 2026-01-23 10:00:00+00:00, run_after=2026-01-24 10:00:00+00:00
[2026-01-23T16:16:20.469+0000] {processor.py:183} INFO - Processing /opt/airflow/dags/trades_dag.py took 15.013 seconds
[2026-01-23T16:16:51.849+0000] {processor.py:161} INFO - Started process (PID=1423) to work on /opt/airflow/dags/trades_dag.py
[2026-01-23T16:16:51.894+0000] {processor.py:830} INFO - Processing file /opt/airflow/dags/trades_dag.py for tasks to queue
[2026-01-23T16:16:51.911+0000] {logging_mixin.py:188} INFO - [2026-01-23T16:16:51.910+0000] {dagbag.py:545} INFO - Filling up the DagBag from /opt/airflow/dags/trades_dag.py
[2026-01-23T16:16:55.300+0000] {processor.py:840} INFO - DAG(s) 'trades_pipeline' retrieved from /opt/airflow/dags/trades_dag.py
[2026-01-23T16:16:55.689+0000] {logging_mixin.py:188} INFO - [2026-01-23T16:16:55.687+0000] {dag.py:3096} INFO - Sync 1 DAGs
[2026-01-23T16:16:55.864+0000] {logging_mixin.py:188} INFO - [2026-01-23T16:16:55.852+0000] {dag.py:3954} INFO - Setting next_dagrun for trades_pipeline to 2026-01-23 10:00:00+00:00, run_after=2026-01-24 10:00:00+00:00
[2026-01-23T16:16:56.056+0000] {processor.py:183} INFO - Processing /opt/airflow/dags/trades_dag.py took 4.284 seconds
[2026-01-23T16:17:27.223+0000] {processor.py:161} INFO - Started process (PID=1466) to work on /opt/airflow/dags/trades_dag.py
[2026-01-23T16:17:27.296+0000] {processor.py:830} INFO - Processing file /opt/airflow/dags/trades_dag.py for tasks to queue
[2026-01-23T16:17:27.300+0000] {logging_mixin.py:188} INFO - [2026-01-23T16:17:27.299+0000] {dagbag.py:545} INFO - Filling up the DagBag from /opt/airflow/dags/trades_dag.py
[2026-01-23T16:17:36.656+0000] {processor.py:840} INFO - DAG(s) 'trades_pipeline' retrieved from /opt/airflow/dags/trades_dag.py
[2026-01-23T16:17:36.872+0000] {logging_mixin.py:188} INFO - [2026-01-23T16:17:36.871+0000] {dag.py:3096} INFO - Sync 1 DAGs
[2026-01-23T16:17:36.917+0000] {logging_mixin.py:188} INFO - [2026-01-23T16:17:36.916+0000] {dag.py:3954} INFO - Setting next_dagrun for trades_pipeline to 2026-01-23 10:00:00+00:00, run_after=2026-01-24 10:00:00+00:00
[2026-01-23T16:17:36.983+0000] {processor.py:183} INFO - Processing /opt/airflow/dags/trades_dag.py took 9.768 seconds
[2026-01-23T16:18:08.131+0000] {processor.py:161} INFO - Started process (PID=1548) to work on /opt/airflow/dags/trades_dag.py
[2026-01-23T16:18:08.135+0000] {processor.py:830} INFO - Processing file /opt/airflow/dags/trades_dag.py for tasks to queue
[2026-01-23T16:18:08.148+0000] {logging_mixin.py:188} INFO - [2026-01-23T16:18:08.147+0000] {dagbag.py:545} INFO - Filling up the DagBag from /opt/airflow/dags/trades_dag.py
[2026-01-23T16:18:09.604+0000] {processor.py:840} INFO - DAG(s) 'trades_pipeline' retrieved from /opt/airflow/dags/trades_dag.py
[2026-01-23T16:18:10.009+0000] {logging_mixin.py:188} INFO - [2026-01-23T16:18:10.008+0000] {dag.py:3096} INFO - Sync 1 DAGs
[2026-01-23T16:18:10.094+0000] {logging_mixin.py:188} INFO - [2026-01-23T16:18:10.094+0000] {dag.py:3954} INFO - Setting next_dagrun for trades_pipeline to 2026-01-23 10:00:00+00:00, run_after=2026-01-24 10:00:00+00:00
[2026-01-23T16:18:10.174+0000] {processor.py:183} INFO - Processing /opt/airflow/dags/trades_dag.py took 2.080 seconds
[2026-01-23T16:18:41.521+0000] {processor.py:161} INFO - Started process (PID=1605) to work on /opt/airflow/dags/trades_dag.py
[2026-01-23T16:18:41.565+0000] {processor.py:830} INFO - Processing file /opt/airflow/dags/trades_dag.py for tasks to queue
[2026-01-23T16:18:41.734+0000] {logging_mixin.py:188} INFO - [2026-01-23T16:18:41.719+0000] {dagbag.py:545} INFO - Filling up the DagBag from /opt/airflow/dags/trades_dag.py
[2026-01-23T16:18:49.748+0000] {processor.py:840} INFO - DAG(s) 'trades_pipeline' retrieved from /opt/airflow/dags/trades_dag.py
[2026-01-23T16:18:53.064+0000] {logging_mixin.py:188} INFO - [2026-01-23T16:18:53.063+0000] {dag.py:3096} INFO - Sync 1 DAGs
[2026-01-23T16:18:53.364+0000] {logging_mixin.py:188} INFO - [2026-01-23T16:18:53.363+0000] {dag.py:3954} INFO - Setting next_dagrun for trades_pipeline to 2026-01-23 10:00:00+00:00, run_after=2026-01-24 10:00:00+00:00
[2026-01-23T16:18:53.514+0000] {processor.py:183} INFO - Processing /opt/airflow/dags/trades_dag.py took 12.684 seconds
[2026-01-23T16:19:24.103+0000] {processor.py:161} INFO - Started process (PID=1705) to work on /opt/airflow/dags/trades_dag.py
[2026-01-23T16:19:24.107+0000] {processor.py:830} INFO - Processing file /opt/airflow/dags/trades_dag.py for tasks to queue
[2026-01-23T16:19:24.114+0000] {logging_mixin.py:188} INFO - [2026-01-23T16:19:24.113+0000] {dagbag.py:545} INFO - Filling up the DagBag from /opt/airflow/dags/trades_dag.py
[2026-01-23T16:19:27.303+0000] {processor.py:840} INFO - DAG(s) 'trades_pipeline' retrieved from /opt/airflow/dags/trades_dag.py
[2026-01-23T16:19:27.530+0000] {logging_mixin.py:188} INFO - [2026-01-23T16:19:27.529+0000] {dag.py:3096} INFO - Sync 1 DAGs
[2026-01-23T16:19:27.580+0000] {logging_mixin.py:188} INFO - [2026-01-23T16:19:27.579+0000] {dag.py:3954} INFO - Setting next_dagrun for trades_pipeline to 2026-01-23 10:00:00+00:00, run_after=2026-01-24 10:00:00+00:00
[2026-01-23T16:19:27.657+0000] {processor.py:183} INFO - Processing /opt/airflow/dags/trades_dag.py took 3.586 seconds
[2026-01-23T16:19:58.181+0000] {processor.py:161} INFO - Started process (PID=1792) to work on /opt/airflow/dags/trades_dag.py
[2026-01-23T16:19:58.193+0000] {processor.py:830} INFO - Processing file /opt/airflow/dags/trades_dag.py for tasks to queue
[2026-01-23T16:19:58.347+0000] {logging_mixin.py:188} INFO - [2026-01-23T16:19:58.327+0000] {dagbag.py:545} INFO - Filling up the DagBag from /opt/airflow/dags/trades_dag.py
[2026-01-23T16:20:03.634+0000] {processor.py:840} INFO - DAG(s) 'trades_pipeline' retrieved from /opt/airflow/dags/trades_dag.py
[2026-01-23T16:20:04.769+0000] {logging_mixin.py:188} INFO - [2026-01-23T16:20:04.768+0000] {dag.py:3096} INFO - Sync 1 DAGs
[2026-01-23T16:20:05.511+0000] {logging_mixin.py:188} INFO - [2026-01-23T16:20:05.510+0000] {dag.py:3954} INFO - Setting next_dagrun for trades_pipeline to 2026-01-23 10:00:00+00:00, run_after=2026-01-24 10:00:00+00:00
[2026-01-23T16:20:05.759+0000] {processor.py:183} INFO - Processing /opt/airflow/dags/trades_dag.py took 7.709 seconds
[2026-01-23T16:20:37.122+0000] {processor.py:161} INFO - Started process (PID=1873) to work on /opt/airflow/dags/trades_dag.py
[2026-01-23T16:20:37.124+0000] {processor.py:830} INFO - Processing file /opt/airflow/dags/trades_dag.py for tasks to queue
[2026-01-23T16:20:37.128+0000] {logging_mixin.py:188} INFO - [2026-01-23T16:20:37.127+0000] {dagbag.py:545} INFO - Filling up the DagBag from /opt/airflow/dags/trades_dag.py
[2026-01-23T16:20:38.657+0000] {processor.py:840} INFO - DAG(s) 'trades_pipeline' retrieved from /opt/airflow/dags/trades_dag.py
[2026-01-23T16:20:39.019+0000] {logging_mixin.py:188} INFO - [2026-01-23T16:20:39.018+0000] {dag.py:3096} INFO - Sync 1 DAGs
[2026-01-23T16:20:39.085+0000] {logging_mixin.py:188} INFO - [2026-01-23T16:20:39.085+0000] {dag.py:3954} INFO - Setting next_dagrun for trades_pipeline to 2026-01-23 10:00:00+00:00, run_after=2026-01-24 10:00:00+00:00
[2026-01-23T16:20:39.135+0000] {processor.py:183} INFO - Processing /opt/airflow/dags/trades_dag.py took 2.029 seconds
[2026-01-23T16:21:09.756+0000] {processor.py:161} INFO - Started process (PID=1952) to work on /opt/airflow/dags/trades_dag.py
[2026-01-23T16:21:09.758+0000] {processor.py:830} INFO - Processing file /opt/airflow/dags/trades_dag.py for tasks to queue
[2026-01-23T16:21:09.771+0000] {logging_mixin.py:188} INFO - [2026-01-23T16:21:09.770+0000] {dagbag.py:545} INFO - Filling up the DagBag from /opt/airflow/dags/trades_dag.py
[2026-01-23T16:21:12.793+0000] {processor.py:840} INFO - DAG(s) 'trades_pipeline' retrieved from /opt/airflow/dags/trades_dag.py
[2026-01-23T16:21:13.517+0000] {logging_mixin.py:188} INFO - [2026-01-23T16:21:13.516+0000] {dag.py:3096} INFO - Sync 1 DAGs
[2026-01-23T16:21:13.592+0000] {logging_mixin.py:188} INFO - [2026-01-23T16:21:13.592+0000] {dag.py:3954} INFO - Setting next_dagrun for trades_pipeline to 2026-01-23 10:00:00+00:00, run_after=2026-01-24 10:00:00+00:00
[2026-01-23T16:21:13.688+0000] {processor.py:183} INFO - Processing /opt/airflow/dags/trades_dag.py took 3.962 seconds
[2026-01-23T16:21:44.621+0000] {processor.py:161} INFO - Started process (PID=2051) to work on /opt/airflow/dags/trades_dag.py
[2026-01-23T16:21:44.624+0000] {processor.py:830} INFO - Processing file /opt/airflow/dags/trades_dag.py for tasks to queue
[2026-01-23T16:21:44.842+0000] {logging_mixin.py:188} INFO - [2026-01-23T16:21:44.791+0000] {dagbag.py:545} INFO - Filling up the DagBag from /opt/airflow/dags/trades_dag.py
[2026-01-23T16:21:47.598+0000] {processor.py:840} INFO - DAG(s) 'trades_pipeline' retrieved from /opt/airflow/dags/trades_dag.py
[2026-01-23T16:21:48.702+0000] {logging_mixin.py:188} INFO - [2026-01-23T16:21:48.701+0000] {dag.py:3096} INFO - Sync 1 DAGs
[2026-01-23T16:21:48.841+0000] {logging_mixin.py:188} INFO - [2026-01-23T16:21:48.841+0000] {dag.py:3954} INFO - Setting next_dagrun for trades_pipeline to 2026-01-23 10:00:00+00:00, run_after=2026-01-24 10:00:00+00:00
[2026-01-23T16:21:48.951+0000] {processor.py:183} INFO - Processing /opt/airflow/dags/trades_dag.py took 4.400 seconds
[2026-01-23T16:22:19.777+0000] {processor.py:161} INFO - Started process (PID=2146) to work on /opt/airflow/dags/trades_dag.py
[2026-01-23T16:22:19.781+0000] {processor.py:830} INFO - Processing file /opt/airflow/dags/trades_dag.py for tasks to queue
[2026-01-23T16:22:19.821+0000] {logging_mixin.py:188} INFO - [2026-01-23T16:22:19.820+0000] {dagbag.py:545} INFO - Filling up the DagBag from /opt/airflow/dags/trades_dag.py
[2026-01-23T16:22:23.790+0000] {processor.py:840} INFO - DAG(s) 'trades_pipeline' retrieved from /opt/airflow/dags/trades_dag.py
[2026-01-23T16:22:24.144+0000] {logging_mixin.py:188} INFO - [2026-01-23T16:22:24.143+0000] {dag.py:3096} INFO - Sync 1 DAGs
[2026-01-23T16:22:24.258+0000] {logging_mixin.py:188} INFO - [2026-01-23T16:22:24.257+0000] {dag.py:3954} INFO - Setting next_dagrun for trades_pipeline to 2026-01-23 10:00:00+00:00, run_after=2026-01-24 10:00:00+00:00
[2026-01-23T16:22:24.453+0000] {processor.py:183} INFO - Processing /opt/airflow/dags/trades_dag.py took 4.790 seconds
[2026-01-23T16:22:54.955+0000] {processor.py:161} INFO - Started process (PID=2230) to work on /opt/airflow/dags/trades_dag.py
[2026-01-23T16:22:54.961+0000] {processor.py:830} INFO - Processing file /opt/airflow/dags/trades_dag.py for tasks to queue
[2026-01-23T16:22:55.129+0000] {logging_mixin.py:188} INFO - [2026-01-23T16:22:55.109+0000] {dagbag.py:545} INFO - Filling up the DagBag from /opt/airflow/dags/trades_dag.py
[2026-01-23T16:22:57.191+0000] {processor.py:840} INFO - DAG(s) 'trades_pipeline' retrieved from /opt/airflow/dags/trades_dag.py
[2026-01-23T16:22:57.345+0000] {logging_mixin.py:188} INFO - [2026-01-23T16:22:57.344+0000] {dag.py:3096} INFO - Sync 1 DAGs
[2026-01-23T16:22:57.429+0000] {logging_mixin.py:188} INFO - [2026-01-23T16:22:57.429+0000] {dag.py:3954} INFO - Setting next_dagrun for trades_pipeline to 2026-01-23 10:00:00+00:00, run_after=2026-01-24 10:00:00+00:00
[2026-01-23T16:22:57.498+0000] {processor.py:183} INFO - Processing /opt/airflow/dags/trades_dag.py took 2.580 seconds
[2026-01-23T16:23:28.056+0000] {processor.py:161} INFO - Started process (PID=2300) to work on /opt/airflow/dags/trades_dag.py
[2026-01-23T16:23:28.058+0000] {processor.py:830} INFO - Processing file /opt/airflow/dags/trades_dag.py for tasks to queue
[2026-01-23T16:23:28.064+0000] {logging_mixin.py:188} INFO - [2026-01-23T16:23:28.063+0000] {dagbag.py:545} INFO - Filling up the DagBag from /opt/airflow/dags/trades_dag.py
[2026-01-23T16:23:29.654+0000] {processor.py:840} INFO - DAG(s) 'trades_pipeline' retrieved from /opt/airflow/dags/trades_dag.py
[2026-01-23T16:23:30.190+0000] {logging_mixin.py:188} INFO - [2026-01-23T16:23:30.189+0000] {dag.py:3096} INFO - Sync 1 DAGs
[2026-01-23T16:23:30.317+0000] {logging_mixin.py:188} INFO - [2026-01-23T16:23:30.317+0000] {dag.py:3954} INFO - Setting next_dagrun for trades_pipeline to 2026-01-23 10:00:00+00:00, run_after=2026-01-24 10:00:00+00:00
[2026-01-23T16:23:30.441+0000] {processor.py:183} INFO - Processing /opt/airflow/dags/trades_dag.py took 2.410 seconds
[2026-01-23T16:24:00.913+0000] {processor.py:161} INFO - Started process (PID=2394) to work on /opt/airflow/dags/trades_dag.py
[2026-01-23T16:24:00.918+0000] {processor.py:830} INFO - Processing file /opt/airflow/dags/trades_dag.py for tasks to queue
[2026-01-23T16:24:00.927+0000] {logging_mixin.py:188} INFO - [2026-01-23T16:24:00.926+0000] {dagbag.py:545} INFO - Filling up the DagBag from /opt/airflow/dags/trades_dag.py
[2026-01-23T16:24:03.197+0000] {processor.py:840} INFO - DAG(s) 'trades_pipeline' retrieved from /opt/airflow/dags/trades_dag.py
[2026-01-23T16:24:04.429+0000] {logging_mixin.py:188} INFO - [2026-01-23T16:24:04.428+0000] {dag.py:3096} INFO - Sync 1 DAGs
[2026-01-23T16:24:04.507+0000] {logging_mixin.py:188} INFO - [2026-01-23T16:24:04.506+0000] {dag.py:3954} INFO - Setting next_dagrun for trades_pipeline to 2026-01-23 10:00:00+00:00, run_after=2026-01-24 10:00:00+00:00
[2026-01-23T16:24:04.578+0000] {processor.py:183} INFO - Processing /opt/airflow/dags/trades_dag.py took 3.701 seconds
[2026-01-23T16:24:35.389+0000] {processor.py:161} INFO - Started process (PID=2468) to work on /opt/airflow/dags/trades_dag.py
[2026-01-23T16:24:35.396+0000] {processor.py:830} INFO - Processing file /opt/airflow/dags/trades_dag.py for tasks to queue
[2026-01-23T16:24:35.426+0000] {logging_mixin.py:188} INFO - [2026-01-23T16:24:35.405+0000] {dagbag.py:545} INFO - Filling up the DagBag from /opt/airflow/dags/trades_dag.py
[2026-01-23T16:24:39.711+0000] {processor.py:840} INFO - DAG(s) 'trades_pipeline' retrieved from /opt/airflow/dags/trades_dag.py
[2026-01-23T16:24:40.645+0000] {logging_mixin.py:188} INFO - [2026-01-23T16:24:40.644+0000] {dag.py:3096} INFO - Sync 1 DAGs
[2026-01-23T16:24:40.836+0000] {logging_mixin.py:188} INFO - [2026-01-23T16:24:40.836+0000] {dag.py:3954} INFO - Setting next_dagrun for trades_pipeline to 2026-01-23 10:00:00+00:00, run_after=2026-01-24 10:00:00+00:00
[2026-01-23T16:24:40.938+0000] {processor.py:183} INFO - Processing /opt/airflow/dags/trades_dag.py took 5.716 seconds
[2026-01-23T16:25:11.605+0000] {processor.py:161} INFO - Started process (PID=2561) to work on /opt/airflow/dags/trades_dag.py
[2026-01-23T16:25:11.607+0000] {processor.py:830} INFO - Processing file /opt/airflow/dags/trades_dag.py for tasks to queue
[2026-01-23T16:25:11.637+0000] {logging_mixin.py:188} INFO - [2026-01-23T16:25:11.637+0000] {dagbag.py:545} INFO - Filling up the DagBag from /opt/airflow/dags/trades_dag.py
[2026-01-23T16:25:14.891+0000] {processor.py:840} INFO - DAG(s) 'trades_pipeline' retrieved from /opt/airflow/dags/trades_dag.py
[2026-01-23T16:25:15.630+0000] {logging_mixin.py:188} INFO - [2026-01-23T16:25:15.629+0000] {dag.py:3096} INFO - Sync 1 DAGs
[2026-01-23T16:25:15.743+0000] {logging_mixin.py:188} INFO - [2026-01-23T16:25:15.742+0000] {dag.py:3954} INFO - Setting next_dagrun for trades_pipeline to 2026-01-23 10:00:00+00:00, run_after=2026-01-24 10:00:00+00:00
[2026-01-23T16:25:15.833+0000] {processor.py:183} INFO - Processing /opt/airflow/dags/trades_dag.py took 4.304 seconds
[2026-01-23T16:25:47.185+0000] {processor.py:161} INFO - Started process (PID=2635) to work on /opt/airflow/dags/trades_dag.py
[2026-01-23T16:25:47.218+0000] {processor.py:830} INFO - Processing file /opt/airflow/dags/trades_dag.py for tasks to queue
[2026-01-23T16:25:47.262+0000] {logging_mixin.py:188} INFO - [2026-01-23T16:25:47.261+0000] {dagbag.py:545} INFO - Filling up the DagBag from /opt/airflow/dags/trades_dag.py
[2026-01-23T16:25:49.164+0000] {processor.py:840} INFO - DAG(s) 'trades_pipeline' retrieved from /opt/airflow/dags/trades_dag.py
[2026-01-23T16:25:50.310+0000] {logging_mixin.py:188} INFO - [2026-01-23T16:25:50.309+0000] {dag.py:3096} INFO - Sync 1 DAGs
[2026-01-23T16:25:50.593+0000] {logging_mixin.py:188} INFO - [2026-01-23T16:25:50.592+0000] {dag.py:3954} INFO - Setting next_dagrun for trades_pipeline to 2026-01-23 10:00:00+00:00, run_after=2026-01-24 10:00:00+00:00
[2026-01-23T16:25:50.740+0000] {processor.py:183} INFO - Processing /opt/airflow/dags/trades_dag.py took 3.577 seconds
[2026-01-23T16:26:21.999+0000] {processor.py:161} INFO - Started process (PID=2730) to work on /opt/airflow/dags/trades_dag.py
[2026-01-23T16:26:22.003+0000] {processor.py:830} INFO - Processing file /opt/airflow/dags/trades_dag.py for tasks to queue
[2026-01-23T16:26:22.295+0000] {logging_mixin.py:188} INFO - [2026-01-23T16:26:22.269+0000] {dagbag.py:545} INFO - Filling up the DagBag from /opt/airflow/dags/trades_dag.py
[2026-01-23T16:26:26.596+0000] {processor.py:840} INFO - DAG(s) 'trades_pipeline' retrieved from /opt/airflow/dags/trades_dag.py
[2026-01-23T16:26:27.165+0000] {logging_mixin.py:188} INFO - [2026-01-23T16:26:27.164+0000] {dag.py:3096} INFO - Sync 1 DAGs
[2026-01-23T16:26:27.337+0000] {logging_mixin.py:188} INFO - [2026-01-23T16:26:27.337+0000] {dag.py:3954} INFO - Setting next_dagrun for trades_pipeline to 2026-01-23 10:00:00+00:00, run_after=2026-01-24 10:00:00+00:00
[2026-01-23T16:26:27.479+0000] {processor.py:183} INFO - Processing /opt/airflow/dags/trades_dag.py took 5.564 seconds
[2026-01-23T16:26:58.922+0000] {processor.py:161} INFO - Started process (PID=2828) to work on /opt/airflow/dags/trades_dag.py
[2026-01-23T16:26:58.924+0000] {processor.py:830} INFO - Processing file /opt/airflow/dags/trades_dag.py for tasks to queue
[2026-01-23T16:26:58.943+0000] {logging_mixin.py:188} INFO - [2026-01-23T16:26:58.942+0000] {dagbag.py:545} INFO - Filling up the DagBag from /opt/airflow/dags/trades_dag.py
[2026-01-23T16:27:02.242+0000] {processor.py:840} INFO - DAG(s) 'trades_pipeline' retrieved from /opt/airflow/dags/trades_dag.py
[2026-01-23T16:27:03.853+0000] {logging_mixin.py:188} INFO - [2026-01-23T16:27:03.852+0000] {dag.py:3096} INFO - Sync 1 DAGs
[2026-01-23T16:27:04.101+0000] {logging_mixin.py:188} INFO - [2026-01-23T16:27:04.099+0000] {dag.py:3954} INFO - Setting next_dagrun for trades_pipeline to 2026-01-23 10:00:00+00:00, run_after=2026-01-24 10:00:00+00:00
[2026-01-23T16:27:04.276+0000] {processor.py:183} INFO - Processing /opt/airflow/dags/trades_dag.py took 5.469 seconds
[2026-01-23T16:27:34.789+0000] {processor.py:161} INFO - Started process (PID=2931) to work on /opt/airflow/dags/trades_dag.py
[2026-01-23T16:27:34.793+0000] {processor.py:830} INFO - Processing file /opt/airflow/dags/trades_dag.py for tasks to queue
[2026-01-23T16:27:34.820+0000] {logging_mixin.py:188} INFO - [2026-01-23T16:27:34.817+0000] {dagbag.py:545} INFO - Filling up the DagBag from /opt/airflow/dags/trades_dag.py
[2026-01-23T16:27:41.693+0000] {processor.py:840} INFO - DAG(s) 'trades_pipeline' retrieved from /opt/airflow/dags/trades_dag.py
[2026-01-23T16:27:42.914+0000] {logging_mixin.py:188} INFO - [2026-01-23T16:27:42.913+0000] {dag.py:3096} INFO - Sync 1 DAGs
[2026-01-23T16:27:43.010+0000] {logging_mixin.py:188} INFO - [2026-01-23T16:27:43.010+0000] {dag.py:3954} INFO - Setting next_dagrun for trades_pipeline to 2026-01-23 10:00:00+00:00, run_after=2026-01-24 10:00:00+00:00
[2026-01-23T16:27:43.083+0000] {processor.py:183} INFO - Processing /opt/airflow/dags/trades_dag.py took 8.322 seconds
[2026-01-23T16:28:13.317+0000] {processor.py:161} INFO - Started process (PID=3016) to work on /opt/airflow/dags/trades_dag.py
[2026-01-23T16:28:13.319+0000] {processor.py:830} INFO - Processing file /opt/airflow/dags/trades_dag.py for tasks to queue
[2026-01-23T16:28:13.414+0000] {logging_mixin.py:188} INFO - [2026-01-23T16:28:13.400+0000] {dagbag.py:545} INFO - Filling up the DagBag from /opt/airflow/dags/trades_dag.py
[2026-01-23T16:28:16.688+0000] {processor.py:840} INFO - DAG(s) 'trades_pipeline' retrieved from /opt/airflow/dags/trades_dag.py
[2026-01-23T16:28:17.202+0000] {logging_mixin.py:188} INFO - [2026-01-23T16:28:17.201+0000] {dag.py:3096} INFO - Sync 1 DAGs
[2026-01-23T16:28:17.278+0000] {logging_mixin.py:188} INFO - [2026-01-23T16:28:17.278+0000] {dag.py:3954} INFO - Setting next_dagrun for trades_pipeline to 2026-01-23 10:00:00+00:00, run_after=2026-01-24 10:00:00+00:00
[2026-01-23T16:28:17.413+0000] {processor.py:183} INFO - Processing /opt/airflow/dags/trades_dag.py took 4.133 seconds
[2026-01-23T16:28:47.726+0000] {processor.py:161} INFO - Started process (PID=3103) to work on /opt/airflow/dags/trades_dag.py
[2026-01-23T16:28:47.801+0000] {processor.py:830} INFO - Processing file /opt/airflow/dags/trades_dag.py for tasks to queue
[2026-01-23T16:28:47.824+0000] {logging_mixin.py:188} INFO - [2026-01-23T16:28:47.823+0000] {dagbag.py:545} INFO - Filling up the DagBag from /opt/airflow/dags/trades_dag.py
[2026-01-23T16:28:51.069+0000] {processor.py:840} INFO - DAG(s) 'trades_pipeline' retrieved from /opt/airflow/dags/trades_dag.py
[2026-01-23T16:28:52.221+0000] {logging_mixin.py:188} INFO - [2026-01-23T16:28:52.220+0000] {dag.py:3096} INFO - Sync 1 DAGs
[2026-01-23T16:28:52.362+0000] {logging_mixin.py:188} INFO - [2026-01-23T16:28:52.362+0000] {dag.py:3954} INFO - Setting next_dagrun for trades_pipeline to 2026-01-23 10:00:00+00:00, run_after=2026-01-24 10:00:00+00:00
[2026-01-23T16:28:52.485+0000] {processor.py:183} INFO - Processing /opt/airflow/dags/trades_dag.py took 4.807 seconds
[2026-01-23T16:29:23.049+0000] {processor.py:161} INFO - Started process (PID=3146) to work on /opt/airflow/dags/trades_dag.py
[2026-01-23T16:29:23.061+0000] {processor.py:830} INFO - Processing file /opt/airflow/dags/trades_dag.py for tasks to queue
[2026-01-23T16:29:23.077+0000] {logging_mixin.py:188} INFO - [2026-01-23T16:29:23.076+0000] {dagbag.py:545} INFO - Filling up the DagBag from /opt/airflow/dags/trades_dag.py
[2026-01-23T16:29:25.130+0000] {processor.py:840} INFO - DAG(s) 'trades_pipeline' retrieved from /opt/airflow/dags/trades_dag.py
[2026-01-23T16:29:25.541+0000] {logging_mixin.py:188} INFO - [2026-01-23T16:29:25.540+0000] {dag.py:3096} INFO - Sync 1 DAGs
[2026-01-23T16:29:25.601+0000] {logging_mixin.py:188} INFO - [2026-01-23T16:29:25.600+0000] {dag.py:3954} INFO - Setting next_dagrun for trades_pipeline to 2026-01-23 10:00:00+00:00, run_after=2026-01-24 10:00:00+00:00
[2026-01-23T16:29:25.653+0000] {processor.py:183} INFO - Processing /opt/airflow/dags/trades_dag.py took 2.657 seconds
[2026-01-23T16:29:58.444+0000] {processor.py:161} INFO - Started process (PID=3201) to work on /opt/airflow/dags/trades_dag.py
[2026-01-23T16:29:58.452+0000] {processor.py:830} INFO - Processing file /opt/airflow/dags/trades_dag.py for tasks to queue
[2026-01-23T16:29:58.527+0000] {logging_mixin.py:188} INFO - [2026-01-23T16:29:58.526+0000] {dagbag.py:545} INFO - Filling up the DagBag from /opt/airflow/dags/trades_dag.py
[2026-01-23T16:30:06.722+0000] {processor.py:840} INFO - DAG(s) 'trades_pipeline' retrieved from /opt/airflow/dags/trades_dag.py
[2026-01-23T16:30:09.432+0000] {logging_mixin.py:188} INFO - [2026-01-23T16:30:09.431+0000] {dag.py:3096} INFO - Sync 1 DAGs
[2026-01-23T16:30:10.172+0000] {logging_mixin.py:188} INFO - [2026-01-23T16:30:10.083+0000] {dag.py:3954} INFO - Setting next_dagrun for trades_pipeline to 2026-01-23 10:00:00+00:00, run_after=2026-01-24 10:00:00+00:00
[2026-01-23T16:30:10.639+0000] {processor.py:183} INFO - Processing /opt/airflow/dags/trades_dag.py took 13.127 seconds
[2026-01-23T16:30:41.428+0000] {processor.py:161} INFO - Started process (PID=3234) to work on /opt/airflow/dags/trades_dag.py
[2026-01-23T16:30:41.430+0000] {processor.py:830} INFO - Processing file /opt/airflow/dags/trades_dag.py for tasks to queue
[2026-01-23T16:30:41.433+0000] {logging_mixin.py:188} INFO - [2026-01-23T16:30:41.433+0000] {dagbag.py:545} INFO - Filling up the DagBag from /opt/airflow/dags/trades_dag.py
[2026-01-23T16:30:45.806+0000] {processor.py:840} INFO - DAG(s) 'trades_pipeline' retrieved from /opt/airflow/dags/trades_dag.py
[2026-01-23T16:30:46.046+0000] {logging_mixin.py:188} INFO - [2026-01-23T16:30:46.045+0000] {dag.py:3096} INFO - Sync 1 DAGs
[2026-01-23T16:30:46.100+0000] {logging_mixin.py:188} INFO - [2026-01-23T16:30:46.100+0000] {dag.py:3954} INFO - Setting next_dagrun for trades_pipeline to 2026-01-23 10:00:00+00:00, run_after=2026-01-24 10:00:00+00:00
[2026-01-23T16:30:46.191+0000] {processor.py:183} INFO - Processing /opt/airflow/dags/trades_dag.py took 4.771 seconds
[2026-01-23T16:31:17.198+0000] {processor.py:161} INFO - Started process (PID=3292) to work on /opt/airflow/dags/trades_dag.py
[2026-01-23T16:31:17.202+0000] {processor.py:830} INFO - Processing file /opt/airflow/dags/trades_dag.py for tasks to queue
[2026-01-23T16:31:17.226+0000] {logging_mixin.py:188} INFO - [2026-01-23T16:31:17.225+0000] {dagbag.py:545} INFO - Filling up the DagBag from /opt/airflow/dags/trades_dag.py
[2026-01-23T16:31:20.719+0000] {processor.py:840} INFO - DAG(s) 'trades_pipeline' retrieved from /opt/airflow/dags/trades_dag.py
[2026-01-23T16:31:21.443+0000] {logging_mixin.py:188} INFO - [2026-01-23T16:31:21.442+0000] {dag.py:3096} INFO - Sync 1 DAGs
[2026-01-23T16:31:21.556+0000] {logging_mixin.py:188} INFO - [2026-01-23T16:31:21.555+0000] {dag.py:3954} INFO - Setting next_dagrun for trades_pipeline to 2026-01-23 10:00:00+00:00, run_after=2026-01-24 10:00:00+00:00
[2026-01-23T16:31:21.659+0000] {processor.py:183} INFO - Processing /opt/airflow/dags/trades_dag.py took 4.595 seconds
[2026-01-23T16:31:53.597+0000] {processor.py:161} INFO - Started process (PID=3328) to work on /opt/airflow/dags/trades_dag.py
[2026-01-23T16:31:53.600+0000] {processor.py:830} INFO - Processing file /opt/airflow/dags/trades_dag.py for tasks to queue
[2026-01-23T16:31:53.718+0000] {logging_mixin.py:188} INFO - [2026-01-23T16:31:53.708+0000] {dagbag.py:545} INFO - Filling up the DagBag from /opt/airflow/dags/trades_dag.py
[2026-01-23T16:31:56.696+0000] {processor.py:840} INFO - DAG(s) 'trades_pipeline' retrieved from /opt/airflow/dags/trades_dag.py
[2026-01-23T16:31:57.571+0000] {logging_mixin.py:188} INFO - [2026-01-23T16:31:57.570+0000] {dag.py:3096} INFO - Sync 1 DAGs
[2026-01-23T16:31:57.636+0000] {logging_mixin.py:188} INFO - [2026-01-23T16:31:57.636+0000] {dag.py:3954} INFO - Setting next_dagrun for trades_pipeline to 2026-01-23 10:00:00+00:00, run_after=2026-01-24 10:00:00+00:00
[2026-01-23T16:31:57.677+0000] {processor.py:183} INFO - Processing /opt/airflow/dags/trades_dag.py took 4.125 seconds
[2026-01-23T16:32:28.547+0000] {processor.py:161} INFO - Started process (PID=3390) to work on /opt/airflow/dags/trades_dag.py
[2026-01-23T16:32:28.551+0000] {processor.py:830} INFO - Processing file /opt/airflow/dags/trades_dag.py for tasks to queue
[2026-01-23T16:32:28.581+0000] {logging_mixin.py:188} INFO - [2026-01-23T16:32:28.577+0000] {dagbag.py:545} INFO - Filling up the DagBag from /opt/airflow/dags/trades_dag.py
[2026-01-23T16:32:31.984+0000] {processor.py:840} INFO - DAG(s) 'trades_pipeline' retrieved from /opt/airflow/dags/trades_dag.py
[2026-01-23T16:32:33.901+0000] {logging_mixin.py:188} INFO - [2026-01-23T16:32:33.900+0000] {dag.py:3096} INFO - Sync 1 DAGs
[2026-01-23T16:32:34.195+0000] {logging_mixin.py:188} INFO - [2026-01-23T16:32:34.195+0000] {dag.py:3954} INFO - Setting next_dagrun for trades_pipeline to 2026-01-23 10:00:00+00:00, run_after=2026-01-24 10:00:00+00:00
[2026-01-23T16:32:34.336+0000] {processor.py:183} INFO - Processing /opt/airflow/dags/trades_dag.py took 6.044 seconds
