[2026-01-22T18:27:37.065+0000] {local_task_job_runner.py:120} INFO - ::group::Pre task execution logs
[2026-01-22T18:27:37.296+0000] {taskinstance.py:2076} INFO - Dependencies all met for dep_context=non-requeueable deps ti=<TaskInstance: omie_pipeline.download_marginal_pdbc scheduled__2026-01-21T08:30:00+00:00 [queued]>
[2026-01-22T18:27:37.339+0000] {taskinstance.py:2076} INFO - Dependencies all met for dep_context=requeueable deps ti=<TaskInstance: omie_pipeline.download_marginal_pdbc scheduled__2026-01-21T08:30:00+00:00 [queued]>
[2026-01-22T18:27:37.341+0000] {taskinstance.py:2306} INFO - Starting attempt 1 of 2
[2026-01-22T18:27:37.415+0000] {taskinstance.py:2330} INFO - Executing <Task(PythonOperator): download_marginal_pdbc> on 2026-01-21 08:30:00+00:00
[2026-01-22T18:27:37.451+0000] {standard_task_runner.py:63} INFO - Started process 196 to run task
[2026-01-22T18:27:37.496+0000] {standard_task_runner.py:90} INFO - Running: ['***', 'tasks', 'run', 'omie_pipeline', 'download_marginal_pdbc', 'scheduled__2026-01-21T08:30:00+00:00', '--job-id', '121', '--raw', '--subdir', 'DAGS_FOLDER/omie_dag.py', '--cfg-path', '/tmp/tmp9m0ifg0d']
[2026-01-22T18:27:37.521+0000] {standard_task_runner.py:91} INFO - Job 121: Subtask download_marginal_pdbc
[2026-01-22T18:27:38.091+0000] {task_command.py:426} INFO - Running <TaskInstance: omie_pipeline.download_marginal_pdbc scheduled__2026-01-21T08:30:00+00:00 [running]> on host 2aff4151de2d
[2026-01-22T18:27:39.185+0000] {taskinstance.py:2648} INFO - Exporting env vars: AIRFLOW_CTX_DAG_OWNER='***' AIRFLOW_CTX_DAG_ID='omie_pipeline' AIRFLOW_CTX_TASK_ID='download_marginal_pdbc' AIRFLOW_CTX_EXECUTION_DATE='2026-01-21T08:30:00+00:00' AIRFLOW_CTX_TRY_NUMBER='1' AIRFLOW_CTX_DAG_RUN_ID='scheduled__2026-01-21T08:30:00+00:00'
[2026-01-22T18:27:39.198+0000] {taskinstance.py:430} INFO - ::endgroup::
[2026-01-22T18:27:39.356+0000] {logging_mixin.py:188} INFO - Downloading download_marginalpdbc from 2026-01-21 08:30:00 to 2026-01-21 08:30:00
[2026-01-22T18:27:39.446+0000] {marginalpdbc.py:65} INFO - File bronze/omie/marginalpdbc/2025/01/marginalpdbc_20250101.1 already exists. Skipping download.
[2026-01-22T18:27:39.522+0000] {marginalpdbc.py:65} INFO - File bronze/omie/marginalpdbc/2025/01/marginalpdbc_20250102.1 already exists. Skipping download.
[2026-01-22T18:27:39.560+0000] {marginalpdbc.py:65} INFO - File bronze/omie/marginalpdbc/2025/01/marginalpdbc_20250103.1 already exists. Skipping download.
[2026-01-22T18:27:39.659+0000] {marginalpdbc.py:65} INFO - File bronze/omie/marginalpdbc/2025/01/marginalpdbc_20250104.1 already exists. Skipping download.
[2026-01-22T18:27:39.737+0000] {marginalpdbc.py:65} INFO - File bronze/omie/marginalpdbc/2025/01/marginalpdbc_20250105.1 already exists. Skipping download.
[2026-01-22T18:27:39.806+0000] {marginalpdbc.py:65} INFO - File bronze/omie/marginalpdbc/2025/01/marginalpdbc_20250106.1 already exists. Skipping download.
[2026-01-22T18:27:39.879+0000] {marginalpdbc.py:65} INFO - File bronze/omie/marginalpdbc/2025/01/marginalpdbc_20250107.1 already exists. Skipping download.
[2026-01-22T18:27:39.938+0000] {marginalpdbc.py:65} INFO - File bronze/omie/marginalpdbc/2025/01/marginalpdbc_20250108.1 already exists. Skipping download.
[2026-01-22T18:27:40.067+0000] {marginalpdbc.py:65} INFO - File bronze/omie/marginalpdbc/2025/01/marginalpdbc_20250109.1 already exists. Skipping download.
[2026-01-22T18:27:40.171+0000] {marginalpdbc.py:65} INFO - File bronze/omie/marginalpdbc/2025/01/marginalpdbc_20250110.1 already exists. Skipping download.
[2026-01-22T18:27:40.277+0000] {marginalpdbc.py:65} INFO - File bronze/omie/marginalpdbc/2025/01/marginalpdbc_20250111.1 already exists. Skipping download.
[2026-01-22T18:27:40.463+0000] {marginalpdbc.py:65} INFO - File bronze/omie/marginalpdbc/2025/01/marginalpdbc_20250112.1 already exists. Skipping download.
[2026-01-22T18:27:40.600+0000] {marginalpdbc.py:65} INFO - File bronze/omie/marginalpdbc/2025/01/marginalpdbc_20250113.1 already exists. Skipping download.
[2026-01-22T18:27:40.711+0000] {marginalpdbc.py:65} INFO - File bronze/omie/marginalpdbc/2025/01/marginalpdbc_20250114.1 already exists. Skipping download.
[2026-01-22T18:27:40.781+0000] {marginalpdbc.py:65} INFO - File bronze/omie/marginalpdbc/2025/01/marginalpdbc_20250115.1 already exists. Skipping download.
[2026-01-22T18:27:40.855+0000] {marginalpdbc.py:65} INFO - File bronze/omie/marginalpdbc/2025/01/marginalpdbc_20250116.1 already exists. Skipping download.
[2026-01-22T18:27:40.877+0000] {marginalpdbc.py:65} INFO - File bronze/omie/marginalpdbc/2025/01/marginalpdbc_20250117.1 already exists. Skipping download.
[2026-01-22T18:27:40.946+0000] {marginalpdbc.py:65} INFO - File bronze/omie/marginalpdbc/2025/01/marginalpdbc_20250118.1 already exists. Skipping download.
[2026-01-22T18:27:40.959+0000] {marginalpdbc.py:65} INFO - File bronze/omie/marginalpdbc/2025/01/marginalpdbc_20250119.1 already exists. Skipping download.
[2026-01-22T18:27:40.973+0000] {marginalpdbc.py:65} INFO - File bronze/omie/marginalpdbc/2025/01/marginalpdbc_20250120.1 already exists. Skipping download.
[2026-01-22T18:27:40.988+0000] {marginalpdbc.py:65} INFO - File bronze/omie/marginalpdbc/2025/01/marginalpdbc_20250121.1 already exists. Skipping download.
[2026-01-22T18:27:41.001+0000] {marginalpdbc.py:65} INFO - File bronze/omie/marginalpdbc/2025/01/marginalpdbc_20250122.1 already exists. Skipping download.
[2026-01-22T18:27:41.014+0000] {marginalpdbc.py:65} INFO - File bronze/omie/marginalpdbc/2025/01/marginalpdbc_20250123.1 already exists. Skipping download.
[2026-01-22T18:27:41.030+0000] {marginalpdbc.py:65} INFO - File bronze/omie/marginalpdbc/2025/01/marginalpdbc_20250124.1 already exists. Skipping download.
[2026-01-22T18:27:41.041+0000] {marginalpdbc.py:65} INFO - File bronze/omie/marginalpdbc/2025/01/marginalpdbc_20250125.1 already exists. Skipping download.
[2026-01-22T18:27:41.050+0000] {marginalpdbc.py:65} INFO - File bronze/omie/marginalpdbc/2025/01/marginalpdbc_20250126.1 already exists. Skipping download.
[2026-01-22T18:27:41.060+0000] {marginalpdbc.py:65} INFO - File bronze/omie/marginalpdbc/2025/01/marginalpdbc_20250127.1 already exists. Skipping download.
[2026-01-22T18:27:41.069+0000] {marginalpdbc.py:65} INFO - File bronze/omie/marginalpdbc/2025/01/marginalpdbc_20250128.1 already exists. Skipping download.
[2026-01-22T18:27:41.078+0000] {marginalpdbc.py:65} INFO - File bronze/omie/marginalpdbc/2025/01/marginalpdbc_20250129.1 already exists. Skipping download.
[2026-01-22T18:27:41.091+0000] {marginalpdbc.py:65} INFO - File bronze/omie/marginalpdbc/2025/01/marginalpdbc_20250130.1 already exists. Skipping download.
[2026-01-22T18:27:41.109+0000] {marginalpdbc.py:65} INFO - File bronze/omie/marginalpdbc/2025/01/marginalpdbc_20250131.1 already exists. Skipping download.
[2026-01-22T18:27:41.136+0000] {marginalpdbc.py:65} INFO - File bronze/omie/marginalpdbc/2025/02/marginalpdbc_20250201.1 already exists. Skipping download.
[2026-01-22T18:27:41.168+0000] {marginalpdbc.py:65} INFO - File bronze/omie/marginalpdbc/2025/02/marginalpdbc_20250202.1 already exists. Skipping download.
[2026-01-22T18:27:41.185+0000] {marginalpdbc.py:65} INFO - File bronze/omie/marginalpdbc/2025/02/marginalpdbc_20250203.1 already exists. Skipping download.
[2026-01-22T18:27:41.210+0000] {marginalpdbc.py:65} INFO - File bronze/omie/marginalpdbc/2025/02/marginalpdbc_20250204.1 already exists. Skipping download.
[2026-01-22T18:27:41.225+0000] {marginalpdbc.py:65} INFO - File bronze/omie/marginalpdbc/2025/02/marginalpdbc_20250205.1 already exists. Skipping download.
[2026-01-22T18:27:41.242+0000] {marginalpdbc.py:65} INFO - File bronze/omie/marginalpdbc/2025/02/marginalpdbc_20250206.1 already exists. Skipping download.
[2026-01-22T18:27:41.287+0000] {marginalpdbc.py:65} INFO - File bronze/omie/marginalpdbc/2025/02/marginalpdbc_20250207.1 already exists. Skipping download.
[2026-01-22T18:27:41.305+0000] {marginalpdbc.py:65} INFO - File bronze/omie/marginalpdbc/2025/02/marginalpdbc_20250208.1 already exists. Skipping download.
[2026-01-22T18:27:41.324+0000] {marginalpdbc.py:65} INFO - File bronze/omie/marginalpdbc/2025/02/marginalpdbc_20250209.1 already exists. Skipping download.
[2026-01-22T18:27:41.339+0000] {marginalpdbc.py:65} INFO - File bronze/omie/marginalpdbc/2025/02/marginalpdbc_20250210.1 already exists. Skipping download.
[2026-01-22T18:27:41.362+0000] {marginalpdbc.py:65} INFO - File bronze/omie/marginalpdbc/2025/02/marginalpdbc_20250211.1 already exists. Skipping download.
[2026-01-22T18:27:41.393+0000] {marginalpdbc.py:65} INFO - File bronze/omie/marginalpdbc/2025/02/marginalpdbc_20250212.1 already exists. Skipping download.
[2026-01-22T18:27:41.428+0000] {marginalpdbc.py:65} INFO - File bronze/omie/marginalpdbc/2025/02/marginalpdbc_20250213.1 already exists. Skipping download.
[2026-01-22T18:27:41.461+0000] {marginalpdbc.py:65} INFO - File bronze/omie/marginalpdbc/2025/02/marginalpdbc_20250214.1 already exists. Skipping download.
[2026-01-22T18:27:41.482+0000] {marginalpdbc.py:65} INFO - File bronze/omie/marginalpdbc/2025/02/marginalpdbc_20250215.1 already exists. Skipping download.
[2026-01-22T18:27:41.532+0000] {marginalpdbc.py:65} INFO - File bronze/omie/marginalpdbc/2025/02/marginalpdbc_20250216.1 already exists. Skipping download.
[2026-01-22T18:27:41.546+0000] {marginalpdbc.py:65} INFO - File bronze/omie/marginalpdbc/2025/02/marginalpdbc_20250217.1 already exists. Skipping download.
[2026-01-22T18:27:41.561+0000] {marginalpdbc.py:65} INFO - File bronze/omie/marginalpdbc/2025/02/marginalpdbc_20250218.1 already exists. Skipping download.
[2026-01-22T18:27:41.585+0000] {marginalpdbc.py:65} INFO - File bronze/omie/marginalpdbc/2025/02/marginalpdbc_20250219.1 already exists. Skipping download.
[2026-01-22T18:27:41.600+0000] {marginalpdbc.py:65} INFO - File bronze/omie/marginalpdbc/2025/02/marginalpdbc_20250220.1 already exists. Skipping download.
[2026-01-22T18:27:41.611+0000] {marginalpdbc.py:65} INFO - File bronze/omie/marginalpdbc/2025/02/marginalpdbc_20250221.1 already exists. Skipping download.
[2026-01-22T18:27:41.628+0000] {marginalpdbc.py:65} INFO - File bronze/omie/marginalpdbc/2025/02/marginalpdbc_20250222.1 already exists. Skipping download.
[2026-01-22T18:27:41.643+0000] {marginalpdbc.py:65} INFO - File bronze/omie/marginalpdbc/2025/02/marginalpdbc_20250223.1 already exists. Skipping download.
[2026-01-22T18:27:41.655+0000] {marginalpdbc.py:65} INFO - File bronze/omie/marginalpdbc/2025/02/marginalpdbc_20250224.1 already exists. Skipping download.
[2026-01-22T18:27:41.664+0000] {marginalpdbc.py:65} INFO - File bronze/omie/marginalpdbc/2025/02/marginalpdbc_20250225.1 already exists. Skipping download.
[2026-01-22T18:27:41.674+0000] {marginalpdbc.py:65} INFO - File bronze/omie/marginalpdbc/2025/02/marginalpdbc_20250226.1 already exists. Skipping download.
[2026-01-22T18:27:41.684+0000] {marginalpdbc.py:65} INFO - File bronze/omie/marginalpdbc/2025/02/marginalpdbc_20250227.1 already exists. Skipping download.
[2026-01-22T18:27:41.695+0000] {marginalpdbc.py:65} INFO - File bronze/omie/marginalpdbc/2025/02/marginalpdbc_20250228.1 already exists. Skipping download.
[2026-01-22T18:27:41.705+0000] {marginalpdbc.py:65} INFO - File bronze/omie/marginalpdbc/2025/03/marginalpdbc_20250301.1 already exists. Skipping download.
[2026-01-22T18:27:41.714+0000] {marginalpdbc.py:65} INFO - File bronze/omie/marginalpdbc/2025/03/marginalpdbc_20250302.1 already exists. Skipping download.
[2026-01-22T18:27:41.725+0000] {marginalpdbc.py:65} INFO - File bronze/omie/marginalpdbc/2025/03/marginalpdbc_20250303.1 already exists. Skipping download.
[2026-01-22T18:27:41.739+0000] {marginalpdbc.py:65} INFO - File bronze/omie/marginalpdbc/2025/03/marginalpdbc_20250304.1 already exists. Skipping download.
[2026-01-22T18:27:41.751+0000] {marginalpdbc.py:65} INFO - File bronze/omie/marginalpdbc/2025/03/marginalpdbc_20250305.1 already exists. Skipping download.
[2026-01-22T18:27:41.763+0000] {marginalpdbc.py:65} INFO - File bronze/omie/marginalpdbc/2025/03/marginalpdbc_20250306.1 already exists. Skipping download.
[2026-01-22T18:27:41.774+0000] {marginalpdbc.py:65} INFO - File bronze/omie/marginalpdbc/2025/03/marginalpdbc_20250307.1 already exists. Skipping download.
[2026-01-22T18:27:41.783+0000] {marginalpdbc.py:65} INFO - File bronze/omie/marginalpdbc/2025/03/marginalpdbc_20250308.1 already exists. Skipping download.
[2026-01-22T18:27:41.795+0000] {marginalpdbc.py:65} INFO - File bronze/omie/marginalpdbc/2025/03/marginalpdbc_20250309.1 already exists. Skipping download.
[2026-01-22T18:27:41.806+0000] {marginalpdbc.py:65} INFO - File bronze/omie/marginalpdbc/2025/03/marginalpdbc_20250310.1 already exists. Skipping download.
[2026-01-22T18:27:41.819+0000] {marginalpdbc.py:65} INFO - File bronze/omie/marginalpdbc/2025/03/marginalpdbc_20250311.1 already exists. Skipping download.
[2026-01-22T18:27:41.863+0000] {marginalpdbc.py:65} INFO - File bronze/omie/marginalpdbc/2025/03/marginalpdbc_20250312.1 already exists. Skipping download.
[2026-01-22T18:27:41.922+0000] {marginalpdbc.py:65} INFO - File bronze/omie/marginalpdbc/2025/03/marginalpdbc_20250313.1 already exists. Skipping download.
[2026-01-22T18:27:41.977+0000] {marginalpdbc.py:65} INFO - File bronze/omie/marginalpdbc/2025/03/marginalpdbc_20250314.1 already exists. Skipping download.
[2026-01-22T18:27:42.009+0000] {marginalpdbc.py:65} INFO - File bronze/omie/marginalpdbc/2025/03/marginalpdbc_20250315.1 already exists. Skipping download.
[2026-01-22T18:27:42.059+0000] {marginalpdbc.py:65} INFO - File bronze/omie/marginalpdbc/2025/03/marginalpdbc_20250316.1 already exists. Skipping download.
[2026-01-22T18:27:42.094+0000] {marginalpdbc.py:65} INFO - File bronze/omie/marginalpdbc/2025/03/marginalpdbc_20250317.1 already exists. Skipping download.
[2026-01-22T18:27:42.130+0000] {marginalpdbc.py:65} INFO - File bronze/omie/marginalpdbc/2025/03/marginalpdbc_20250318.1 already exists. Skipping download.
[2026-01-22T18:27:42.183+0000] {marginalpdbc.py:65} INFO - File bronze/omie/marginalpdbc/2025/03/marginalpdbc_20250319.1 already exists. Skipping download.
[2026-01-22T18:27:42.222+0000] {marginalpdbc.py:65} INFO - File bronze/omie/marginalpdbc/2025/03/marginalpdbc_20250320.1 already exists. Skipping download.
[2026-01-22T18:27:42.246+0000] {marginalpdbc.py:65} INFO - File bronze/omie/marginalpdbc/2025/03/marginalpdbc_20250321.1 already exists. Skipping download.
[2026-01-22T18:27:42.290+0000] {marginalpdbc.py:65} INFO - File bronze/omie/marginalpdbc/2025/03/marginalpdbc_20250322.1 already exists. Skipping download.
[2026-01-22T18:27:42.310+0000] {marginalpdbc.py:65} INFO - File bronze/omie/marginalpdbc/2025/03/marginalpdbc_20250323.1 already exists. Skipping download.
[2026-01-22T18:27:42.319+0000] {marginalpdbc.py:65} INFO - File bronze/omie/marginalpdbc/2025/03/marginalpdbc_20250324.1 already exists. Skipping download.
[2026-01-22T18:27:42.351+0000] {marginalpdbc.py:65} INFO - File bronze/omie/marginalpdbc/2025/03/marginalpdbc_20250325.1 already exists. Skipping download.
[2026-01-22T18:27:42.393+0000] {marginalpdbc.py:65} INFO - File bronze/omie/marginalpdbc/2025/03/marginalpdbc_20250326.1 already exists. Skipping download.
[2026-01-22T18:27:42.406+0000] {marginalpdbc.py:65} INFO - File bronze/omie/marginalpdbc/2025/03/marginalpdbc_20250327.1 already exists. Skipping download.
[2026-01-22T18:27:42.428+0000] {marginalpdbc.py:65} INFO - File bronze/omie/marginalpdbc/2025/03/marginalpdbc_20250328.1 already exists. Skipping download.
[2026-01-22T18:27:42.454+0000] {marginalpdbc.py:65} INFO - File bronze/omie/marginalpdbc/2025/03/marginalpdbc_20250329.1 already exists. Skipping download.
[2026-01-22T18:27:42.491+0000] {marginalpdbc.py:65} INFO - File bronze/omie/marginalpdbc/2025/03/marginalpdbc_20250330.1 already exists. Skipping download.
[2026-01-22T18:27:42.534+0000] {marginalpdbc.py:65} INFO - File bronze/omie/marginalpdbc/2025/03/marginalpdbc_20250331.1 already exists. Skipping download.
[2026-01-22T18:27:42.544+0000] {marginalpdbc.py:65} INFO - File bronze/omie/marginalpdbc/2025/04/marginalpdbc_20250401.1 already exists. Skipping download.
[2026-01-22T18:27:42.561+0000] {marginalpdbc.py:65} INFO - File bronze/omie/marginalpdbc/2025/04/marginalpdbc_20250402.1 already exists. Skipping download.
[2026-01-22T18:27:42.575+0000] {marginalpdbc.py:65} INFO - File bronze/omie/marginalpdbc/2025/04/marginalpdbc_20250403.1 already exists. Skipping download.
[2026-01-22T18:27:42.589+0000] {marginalpdbc.py:65} INFO - File bronze/omie/marginalpdbc/2025/04/marginalpdbc_20250404.1 already exists. Skipping download.
[2026-01-22T18:27:42.607+0000] {marginalpdbc.py:65} INFO - File bronze/omie/marginalpdbc/2025/04/marginalpdbc_20250405.1 already exists. Skipping download.
[2026-01-22T18:27:42.633+0000] {marginalpdbc.py:65} INFO - File bronze/omie/marginalpdbc/2025/04/marginalpdbc_20250406.1 already exists. Skipping download.
[2026-01-22T18:27:42.647+0000] {marginalpdbc.py:65} INFO - File bronze/omie/marginalpdbc/2025/04/marginalpdbc_20250407.1 already exists. Skipping download.
[2026-01-22T18:27:42.669+0000] {marginalpdbc.py:65} INFO - File bronze/omie/marginalpdbc/2025/04/marginalpdbc_20250408.1 already exists. Skipping download.
[2026-01-22T18:27:42.686+0000] {marginalpdbc.py:65} INFO - File bronze/omie/marginalpdbc/2025/04/marginalpdbc_20250409.1 already exists. Skipping download.
[2026-01-22T18:27:42.715+0000] {marginalpdbc.py:65} INFO - File bronze/omie/marginalpdbc/2025/04/marginalpdbc_20250410.1 already exists. Skipping download.
[2026-01-22T18:27:42.768+0000] {marginalpdbc.py:65} INFO - File bronze/omie/marginalpdbc/2025/04/marginalpdbc_20250411.1 already exists. Skipping download.
[2026-01-22T18:27:42.806+0000] {marginalpdbc.py:65} INFO - File bronze/omie/marginalpdbc/2025/04/marginalpdbc_20250412.1 already exists. Skipping download.
[2026-01-22T18:27:42.873+0000] {marginalpdbc.py:65} INFO - File bronze/omie/marginalpdbc/2025/04/marginalpdbc_20250413.1 already exists. Skipping download.
[2026-01-22T18:27:42.961+0000] {marginalpdbc.py:65} INFO - File bronze/omie/marginalpdbc/2025/04/marginalpdbc_20250414.1 already exists. Skipping download.
[2026-01-22T18:27:43.002+0000] {marginalpdbc.py:65} INFO - File bronze/omie/marginalpdbc/2025/04/marginalpdbc_20250415.1 already exists. Skipping download.
[2026-01-22T18:27:43.030+0000] {marginalpdbc.py:65} INFO - File bronze/omie/marginalpdbc/2025/04/marginalpdbc_20250416.1 already exists. Skipping download.
[2026-01-22T18:27:43.076+0000] {marginalpdbc.py:65} INFO - File bronze/omie/marginalpdbc/2025/04/marginalpdbc_20250417.1 already exists. Skipping download.
[2026-01-22T18:27:43.110+0000] {marginalpdbc.py:65} INFO - File bronze/omie/marginalpdbc/2025/04/marginalpdbc_20250418.1 already exists. Skipping download.
[2026-01-22T18:27:43.161+0000] {marginalpdbc.py:65} INFO - File bronze/omie/marginalpdbc/2025/04/marginalpdbc_20250419.1 already exists. Skipping download.
[2026-01-22T18:27:43.198+0000] {marginalpdbc.py:65} INFO - File bronze/omie/marginalpdbc/2025/04/marginalpdbc_20250420.1 already exists. Skipping download.
[2026-01-22T18:27:43.239+0000] {marginalpdbc.py:65} INFO - File bronze/omie/marginalpdbc/2025/04/marginalpdbc_20250421.1 already exists. Skipping download.
[2026-01-22T18:27:43.272+0000] {marginalpdbc.py:65} INFO - File bronze/omie/marginalpdbc/2025/04/marginalpdbc_20250422.1 already exists. Skipping download.
[2026-01-22T18:27:43.394+0000] {marginalpdbc.py:65} INFO - File bronze/omie/marginalpdbc/2025/04/marginalpdbc_20250423.1 already exists. Skipping download.
[2026-01-22T18:27:43.444+0000] {marginalpdbc.py:65} INFO - File bronze/omie/marginalpdbc/2025/04/marginalpdbc_20250424.1 already exists. Skipping download.
[2026-01-22T18:27:43.478+0000] {marginalpdbc.py:65} INFO - File bronze/omie/marginalpdbc/2025/04/marginalpdbc_20250425.1 already exists. Skipping download.
[2026-01-22T18:27:43.526+0000] {marginalpdbc.py:65} INFO - File bronze/omie/marginalpdbc/2025/04/marginalpdbc_20250426.1 already exists. Skipping download.
[2026-01-22T18:27:43.565+0000] {marginalpdbc.py:65} INFO - File bronze/omie/marginalpdbc/2025/04/marginalpdbc_20250427.1 already exists. Skipping download.
[2026-01-22T18:27:43.595+0000] {marginalpdbc.py:65} INFO - File bronze/omie/marginalpdbc/2025/04/marginalpdbc_20250428.1 already exists. Skipping download.
[2026-01-22T18:27:43.630+0000] {marginalpdbc.py:65} INFO - File bronze/omie/marginalpdbc/2025/04/marginalpdbc_20250429.1 already exists. Skipping download.
[2026-01-22T18:27:43.672+0000] {marginalpdbc.py:65} INFO - File bronze/omie/marginalpdbc/2025/04/marginalpdbc_20250430.1 already exists. Skipping download.
[2026-01-22T18:27:43.689+0000] {marginalpdbc.py:65} INFO - File bronze/omie/marginalpdbc/2025/05/marginalpdbc_20250501.1 already exists. Skipping download.
[2026-01-22T18:27:43.708+0000] {marginalpdbc.py:65} INFO - File bronze/omie/marginalpdbc/2025/05/marginalpdbc_20250502.1 already exists. Skipping download.
[2026-01-22T18:27:43.750+0000] {marginalpdbc.py:65} INFO - File bronze/omie/marginalpdbc/2025/05/marginalpdbc_20250503.1 already exists. Skipping download.
[2026-01-22T18:27:43.783+0000] {marginalpdbc.py:65} INFO - File bronze/omie/marginalpdbc/2025/05/marginalpdbc_20250504.1 already exists. Skipping download.
[2026-01-22T18:27:43.868+0000] {marginalpdbc.py:65} INFO - File bronze/omie/marginalpdbc/2025/05/marginalpdbc_20250505.1 already exists. Skipping download.
[2026-01-22T18:27:43.888+0000] {marginalpdbc.py:65} INFO - File bronze/omie/marginalpdbc/2025/05/marginalpdbc_20250506.1 already exists. Skipping download.
[2026-01-22T18:27:43.925+0000] {marginalpdbc.py:65} INFO - File bronze/omie/marginalpdbc/2025/05/marginalpdbc_20250507.1 already exists. Skipping download.
[2026-01-22T18:27:43.970+0000] {marginalpdbc.py:65} INFO - File bronze/omie/marginalpdbc/2025/05/marginalpdbc_20250508.1 already exists. Skipping download.
[2026-01-22T18:27:43.992+0000] {marginalpdbc.py:65} INFO - File bronze/omie/marginalpdbc/2025/05/marginalpdbc_20250509.1 already exists. Skipping download.
[2026-01-22T18:27:44.009+0000] {marginalpdbc.py:65} INFO - File bronze/omie/marginalpdbc/2025/05/marginalpdbc_20250510.1 already exists. Skipping download.
[2026-01-22T18:27:44.028+0000] {marginalpdbc.py:65} INFO - File bronze/omie/marginalpdbc/2025/05/marginalpdbc_20250511.1 already exists. Skipping download.
[2026-01-22T18:27:44.079+0000] {marginalpdbc.py:65} INFO - File bronze/omie/marginalpdbc/2025/05/marginalpdbc_20250512.1 already exists. Skipping download.
[2026-01-22T18:27:44.106+0000] {marginalpdbc.py:65} INFO - File bronze/omie/marginalpdbc/2025/05/marginalpdbc_20250513.1 already exists. Skipping download.
[2026-01-22T18:27:44.125+0000] {marginalpdbc.py:65} INFO - File bronze/omie/marginalpdbc/2025/05/marginalpdbc_20250514.1 already exists. Skipping download.
[2026-01-22T18:27:44.164+0000] {marginalpdbc.py:65} INFO - File bronze/omie/marginalpdbc/2025/05/marginalpdbc_20250515.1 already exists. Skipping download.
[2026-01-22T18:27:44.183+0000] {marginalpdbc.py:65} INFO - File bronze/omie/marginalpdbc/2025/05/marginalpdbc_20250516.1 already exists. Skipping download.
[2026-01-22T18:27:44.243+0000] {marginalpdbc.py:65} INFO - File bronze/omie/marginalpdbc/2025/05/marginalpdbc_20250517.1 already exists. Skipping download.
[2026-01-22T18:27:44.297+0000] {marginalpdbc.py:65} INFO - File bronze/omie/marginalpdbc/2025/05/marginalpdbc_20250518.1 already exists. Skipping download.
[2026-01-22T18:27:44.355+0000] {marginalpdbc.py:65} INFO - File bronze/omie/marginalpdbc/2025/05/marginalpdbc_20250519.1 already exists. Skipping download.
[2026-01-22T18:27:44.390+0000] {marginalpdbc.py:65} INFO - File bronze/omie/marginalpdbc/2025/05/marginalpdbc_20250520.1 already exists. Skipping download.
[2026-01-22T18:27:44.407+0000] {marginalpdbc.py:65} INFO - File bronze/omie/marginalpdbc/2025/05/marginalpdbc_20250521.1 already exists. Skipping download.
[2026-01-22T18:27:44.524+0000] {marginalpdbc.py:65} INFO - File bronze/omie/marginalpdbc/2025/05/marginalpdbc_20250522.1 already exists. Skipping download.
[2026-01-22T18:27:44.552+0000] {marginalpdbc.py:65} INFO - File bronze/omie/marginalpdbc/2025/05/marginalpdbc_20250523.1 already exists. Skipping download.
[2026-01-22T18:27:44.567+0000] {marginalpdbc.py:65} INFO - File bronze/omie/marginalpdbc/2025/05/marginalpdbc_20250524.1 already exists. Skipping download.
[2026-01-22T18:27:44.594+0000] {marginalpdbc.py:65} INFO - File bronze/omie/marginalpdbc/2025/05/marginalpdbc_20250525.1 already exists. Skipping download.
[2026-01-22T18:27:44.630+0000] {marginalpdbc.py:65} INFO - File bronze/omie/marginalpdbc/2025/05/marginalpdbc_20250526.1 already exists. Skipping download.
[2026-01-22T18:27:44.657+0000] {marginalpdbc.py:65} INFO - File bronze/omie/marginalpdbc/2025/05/marginalpdbc_20250527.1 already exists. Skipping download.
[2026-01-22T18:27:44.673+0000] {marginalpdbc.py:65} INFO - File bronze/omie/marginalpdbc/2025/05/marginalpdbc_20250528.1 already exists. Skipping download.
[2026-01-22T18:27:44.696+0000] {marginalpdbc.py:65} INFO - File bronze/omie/marginalpdbc/2025/05/marginalpdbc_20250529.1 already exists. Skipping download.
[2026-01-22T18:27:44.723+0000] {marginalpdbc.py:65} INFO - File bronze/omie/marginalpdbc/2025/05/marginalpdbc_20250530.1 already exists. Skipping download.
[2026-01-22T18:27:44.748+0000] {marginalpdbc.py:65} INFO - File bronze/omie/marginalpdbc/2025/05/marginalpdbc_20250531.1 already exists. Skipping download.
[2026-01-22T18:27:44.761+0000] {marginalpdbc.py:65} INFO - File bronze/omie/marginalpdbc/2025/06/marginalpdbc_20250601.1 already exists. Skipping download.
[2026-01-22T18:27:44.785+0000] {marginalpdbc.py:65} INFO - File bronze/omie/marginalpdbc/2025/06/marginalpdbc_20250602.1 already exists. Skipping download.
[2026-01-22T18:27:44.808+0000] {marginalpdbc.py:65} INFO - File bronze/omie/marginalpdbc/2025/06/marginalpdbc_20250603.1 already exists. Skipping download.
[2026-01-22T18:27:44.828+0000] {marginalpdbc.py:65} INFO - File bronze/omie/marginalpdbc/2025/06/marginalpdbc_20250604.1 already exists. Skipping download.
[2026-01-22T18:27:44.844+0000] {marginalpdbc.py:65} INFO - File bronze/omie/marginalpdbc/2025/06/marginalpdbc_20250605.1 already exists. Skipping download.
[2026-01-22T18:27:44.903+0000] {marginalpdbc.py:65} INFO - File bronze/omie/marginalpdbc/2025/06/marginalpdbc_20250606.1 already exists. Skipping download.
[2026-01-22T18:27:44.929+0000] {marginalpdbc.py:65} INFO - File bronze/omie/marginalpdbc/2025/06/marginalpdbc_20250607.1 already exists. Skipping download.
[2026-01-22T18:27:44.947+0000] {marginalpdbc.py:65} INFO - File bronze/omie/marginalpdbc/2025/06/marginalpdbc_20250608.1 already exists. Skipping download.
[2026-01-22T18:27:44.999+0000] {marginalpdbc.py:65} INFO - File bronze/omie/marginalpdbc/2025/06/marginalpdbc_20250609.1 already exists. Skipping download.
[2026-01-22T18:27:45.046+0000] {marginalpdbc.py:65} INFO - File bronze/omie/marginalpdbc/2025/06/marginalpdbc_20250610.1 already exists. Skipping download.
[2026-01-22T18:27:45.085+0000] {marginalpdbc.py:65} INFO - File bronze/omie/marginalpdbc/2025/06/marginalpdbc_20250611.1 already exists. Skipping download.
[2026-01-22T18:27:45.155+0000] {marginalpdbc.py:65} INFO - File bronze/omie/marginalpdbc/2025/06/marginalpdbc_20250612.1 already exists. Skipping download.
[2026-01-22T18:27:45.199+0000] {marginalpdbc.py:65} INFO - File bronze/omie/marginalpdbc/2025/06/marginalpdbc_20250613.1 already exists. Skipping download.
[2026-01-22T18:27:45.233+0000] {marginalpdbc.py:65} INFO - File bronze/omie/marginalpdbc/2025/06/marginalpdbc_20250614.1 already exists. Skipping download.
[2026-01-22T18:27:45.263+0000] {marginalpdbc.py:65} INFO - File bronze/omie/marginalpdbc/2025/06/marginalpdbc_20250615.1 already exists. Skipping download.
[2026-01-22T18:27:45.366+0000] {marginalpdbc.py:65} INFO - File bronze/omie/marginalpdbc/2025/06/marginalpdbc_20250616.1 already exists. Skipping download.
[2026-01-22T18:27:45.395+0000] {marginalpdbc.py:65} INFO - File bronze/omie/marginalpdbc/2025/06/marginalpdbc_20250617.1 already exists. Skipping download.
[2026-01-22T18:27:45.410+0000] {marginalpdbc.py:65} INFO - File bronze/omie/marginalpdbc/2025/06/marginalpdbc_20250618.1 already exists. Skipping download.
[2026-01-22T18:27:45.433+0000] {marginalpdbc.py:65} INFO - File bronze/omie/marginalpdbc/2025/06/marginalpdbc_20250619.1 already exists. Skipping download.
[2026-01-22T18:27:45.449+0000] {marginalpdbc.py:65} INFO - File bronze/omie/marginalpdbc/2025/06/marginalpdbc_20250620.1 already exists. Skipping download.
[2026-01-22T18:27:45.467+0000] {marginalpdbc.py:65} INFO - File bronze/omie/marginalpdbc/2025/06/marginalpdbc_20250621.1 already exists. Skipping download.
[2026-01-22T18:27:45.482+0000] {marginalpdbc.py:65} INFO - File bronze/omie/marginalpdbc/2025/06/marginalpdbc_20250622.1 already exists. Skipping download.
[2026-01-22T18:27:45.508+0000] {marginalpdbc.py:65} INFO - File bronze/omie/marginalpdbc/2025/06/marginalpdbc_20250623.1 already exists. Skipping download.
[2026-01-22T18:27:45.539+0000] {marginalpdbc.py:65} INFO - File bronze/omie/marginalpdbc/2025/06/marginalpdbc_20250624.1 already exists. Skipping download.
[2026-01-22T18:27:45.554+0000] {marginalpdbc.py:65} INFO - File bronze/omie/marginalpdbc/2025/06/marginalpdbc_20250625.1 already exists. Skipping download.
[2026-01-22T18:27:45.600+0000] {marginalpdbc.py:65} INFO - File bronze/omie/marginalpdbc/2025/06/marginalpdbc_20250626.1 already exists. Skipping download.
[2026-01-22T18:27:45.629+0000] {marginalpdbc.py:65} INFO - File bronze/omie/marginalpdbc/2025/06/marginalpdbc_20250627.1 already exists. Skipping download.
[2026-01-22T18:27:45.679+0000] {marginalpdbc.py:65} INFO - File bronze/omie/marginalpdbc/2025/06/marginalpdbc_20250628.1 already exists. Skipping download.
[2026-01-22T18:27:45.711+0000] {marginalpdbc.py:65} INFO - File bronze/omie/marginalpdbc/2025/06/marginalpdbc_20250629.1 already exists. Skipping download.
[2026-01-22T18:27:45.731+0000] {marginalpdbc.py:65} INFO - File bronze/omie/marginalpdbc/2025/06/marginalpdbc_20250630.1 already exists. Skipping download.
[2026-01-22T18:27:45.777+0000] {marginalpdbc.py:65} INFO - File bronze/omie/marginalpdbc/2025/07/marginalpdbc_20250701.1 already exists. Skipping download.
[2026-01-22T18:27:45.791+0000] {marginalpdbc.py:65} INFO - File bronze/omie/marginalpdbc/2025/07/marginalpdbc_20250702.1 already exists. Skipping download.
[2026-01-22T18:27:45.813+0000] {marginalpdbc.py:65} INFO - File bronze/omie/marginalpdbc/2025/07/marginalpdbc_20250703.1 already exists. Skipping download.
[2026-01-22T18:27:45.838+0000] {marginalpdbc.py:65} INFO - File bronze/omie/marginalpdbc/2025/07/marginalpdbc_20250704.1 already exists. Skipping download.
[2026-01-22T18:27:45.867+0000] {marginalpdbc.py:65} INFO - File bronze/omie/marginalpdbc/2025/07/marginalpdbc_20250705.1 already exists. Skipping download.
[2026-01-22T18:27:45.894+0000] {marginalpdbc.py:65} INFO - File bronze/omie/marginalpdbc/2025/07/marginalpdbc_20250706.1 already exists. Skipping download.
[2026-01-22T18:27:45.912+0000] {marginalpdbc.py:65} INFO - File bronze/omie/marginalpdbc/2025/07/marginalpdbc_20250707.1 already exists. Skipping download.
[2026-01-22T18:27:45.925+0000] {marginalpdbc.py:65} INFO - File bronze/omie/marginalpdbc/2025/07/marginalpdbc_20250708.1 already exists. Skipping download.
[2026-01-22T18:27:45.960+0000] {marginalpdbc.py:65} INFO - File bronze/omie/marginalpdbc/2025/07/marginalpdbc_20250709.1 already exists. Skipping download.
[2026-01-22T18:27:45.970+0000] {marginalpdbc.py:65} INFO - File bronze/omie/marginalpdbc/2025/07/marginalpdbc_20250710.1 already exists. Skipping download.
[2026-01-22T18:27:45.987+0000] {marginalpdbc.py:65} INFO - File bronze/omie/marginalpdbc/2025/07/marginalpdbc_20250711.1 already exists. Skipping download.
[2026-01-22T18:27:46.026+0000] {marginalpdbc.py:65} INFO - File bronze/omie/marginalpdbc/2025/07/marginalpdbc_20250712.1 already exists. Skipping download.
[2026-01-22T18:27:46.052+0000] {marginalpdbc.py:65} INFO - File bronze/omie/marginalpdbc/2025/07/marginalpdbc_20250713.1 already exists. Skipping download.
[2026-01-22T18:27:46.081+0000] {marginalpdbc.py:65} INFO - File bronze/omie/marginalpdbc/2025/07/marginalpdbc_20250714.1 already exists. Skipping download.
[2026-01-22T18:27:46.114+0000] {marginalpdbc.py:65} INFO - File bronze/omie/marginalpdbc/2025/07/marginalpdbc_20250715.1 already exists. Skipping download.
[2026-01-22T18:27:46.128+0000] {marginalpdbc.py:65} INFO - File bronze/omie/marginalpdbc/2025/07/marginalpdbc_20250716.1 already exists. Skipping download.
[2026-01-22T18:27:46.151+0000] {marginalpdbc.py:65} INFO - File bronze/omie/marginalpdbc/2025/07/marginalpdbc_20250717.1 already exists. Skipping download.
[2026-01-22T18:27:46.171+0000] {marginalpdbc.py:65} INFO - File bronze/omie/marginalpdbc/2025/07/marginalpdbc_20250718.1 already exists. Skipping download.
[2026-01-22T18:27:46.193+0000] {marginalpdbc.py:65} INFO - File bronze/omie/marginalpdbc/2025/07/marginalpdbc_20250719.1 already exists. Skipping download.
[2026-01-22T18:27:46.203+0000] {marginalpdbc.py:65} INFO - File bronze/omie/marginalpdbc/2025/07/marginalpdbc_20250720.1 already exists. Skipping download.
[2026-01-22T18:27:46.218+0000] {marginalpdbc.py:65} INFO - File bronze/omie/marginalpdbc/2025/07/marginalpdbc_20250721.1 already exists. Skipping download.
[2026-01-22T18:27:46.231+0000] {marginalpdbc.py:65} INFO - File bronze/omie/marginalpdbc/2025/07/marginalpdbc_20250722.1 already exists. Skipping download.
[2026-01-22T18:27:46.257+0000] {marginalpdbc.py:65} INFO - File bronze/omie/marginalpdbc/2025/07/marginalpdbc_20250723.1 already exists. Skipping download.
[2026-01-22T18:27:46.275+0000] {marginalpdbc.py:65} INFO - File bronze/omie/marginalpdbc/2025/07/marginalpdbc_20250724.1 already exists. Skipping download.
[2026-01-22T18:27:46.285+0000] {marginalpdbc.py:65} INFO - File bronze/omie/marginalpdbc/2025/07/marginalpdbc_20250725.1 already exists. Skipping download.
[2026-01-22T18:27:46.299+0000] {marginalpdbc.py:65} INFO - File bronze/omie/marginalpdbc/2025/07/marginalpdbc_20250726.1 already exists. Skipping download.
[2026-01-22T18:27:46.313+0000] {marginalpdbc.py:65} INFO - File bronze/omie/marginalpdbc/2025/07/marginalpdbc_20250727.1 already exists. Skipping download.
[2026-01-22T18:27:46.323+0000] {marginalpdbc.py:65} INFO - File bronze/omie/marginalpdbc/2025/07/marginalpdbc_20250728.1 already exists. Skipping download.
[2026-01-22T18:27:46.339+0000] {marginalpdbc.py:65} INFO - File bronze/omie/marginalpdbc/2025/07/marginalpdbc_20250729.1 already exists. Skipping download.
[2026-01-22T18:27:46.359+0000] {marginalpdbc.py:65} INFO - File bronze/omie/marginalpdbc/2025/07/marginalpdbc_20250730.1 already exists. Skipping download.
[2026-01-22T18:27:46.372+0000] {marginalpdbc.py:65} INFO - File bronze/omie/marginalpdbc/2025/07/marginalpdbc_20250731.1 already exists. Skipping download.
[2026-01-22T18:27:46.388+0000] {marginalpdbc.py:65} INFO - File bronze/omie/marginalpdbc/2025/08/marginalpdbc_20250801.1 already exists. Skipping download.
[2026-01-22T18:27:46.392+0000] {marginalpdbc.py:65} INFO - File bronze/omie/marginalpdbc/2025/08/marginalpdbc_20250802.1 already exists. Skipping download.
[2026-01-22T18:27:46.404+0000] {marginalpdbc.py:65} INFO - File bronze/omie/marginalpdbc/2025/08/marginalpdbc_20250803.1 already exists. Skipping download.
[2026-01-22T18:27:46.413+0000] {marginalpdbc.py:65} INFO - File bronze/omie/marginalpdbc/2025/08/marginalpdbc_20250804.1 already exists. Skipping download.
[2026-01-22T18:27:46.422+0000] {marginalpdbc.py:65} INFO - File bronze/omie/marginalpdbc/2025/08/marginalpdbc_20250805.1 already exists. Skipping download.
[2026-01-22T18:27:46.434+0000] {marginalpdbc.py:65} INFO - File bronze/omie/marginalpdbc/2025/08/marginalpdbc_20250806.1 already exists. Skipping download.
[2026-01-22T18:27:46.445+0000] {marginalpdbc.py:65} INFO - File bronze/omie/marginalpdbc/2025/08/marginalpdbc_20250807.1 already exists. Skipping download.
[2026-01-22T18:27:46.456+0000] {marginalpdbc.py:65} INFO - File bronze/omie/marginalpdbc/2025/08/marginalpdbc_20250808.1 already exists. Skipping download.
[2026-01-22T18:27:46.469+0000] {marginalpdbc.py:65} INFO - File bronze/omie/marginalpdbc/2025/08/marginalpdbc_20250809.1 already exists. Skipping download.
[2026-01-22T18:27:46.480+0000] {marginalpdbc.py:65} INFO - File bronze/omie/marginalpdbc/2025/08/marginalpdbc_20250810.1 already exists. Skipping download.
[2026-01-22T18:27:46.491+0000] {marginalpdbc.py:65} INFO - File bronze/omie/marginalpdbc/2025/08/marginalpdbc_20250811.1 already exists. Skipping download.
[2026-01-22T18:27:46.502+0000] {marginalpdbc.py:65} INFO - File bronze/omie/marginalpdbc/2025/08/marginalpdbc_20250812.1 already exists. Skipping download.
[2026-01-22T18:27:46.516+0000] {marginalpdbc.py:65} INFO - File bronze/omie/marginalpdbc/2025/08/marginalpdbc_20250813.1 already exists. Skipping download.
[2026-01-22T18:27:46.523+0000] {marginalpdbc.py:65} INFO - File bronze/omie/marginalpdbc/2025/08/marginalpdbc_20250814.1 already exists. Skipping download.
[2026-01-22T18:27:46.539+0000] {marginalpdbc.py:65} INFO - File bronze/omie/marginalpdbc/2025/08/marginalpdbc_20250815.1 already exists. Skipping download.
[2026-01-22T18:27:46.552+0000] {marginalpdbc.py:65} INFO - File bronze/omie/marginalpdbc/2025/08/marginalpdbc_20250816.1 already exists. Skipping download.
[2026-01-22T18:27:46.567+0000] {marginalpdbc.py:65} INFO - File bronze/omie/marginalpdbc/2025/08/marginalpdbc_20250817.1 already exists. Skipping download.
[2026-01-22T18:27:46.576+0000] {marginalpdbc.py:65} INFO - File bronze/omie/marginalpdbc/2025/08/marginalpdbc_20250818.1 already exists. Skipping download.
[2026-01-22T18:27:46.586+0000] {marginalpdbc.py:65} INFO - File bronze/omie/marginalpdbc/2025/08/marginalpdbc_20250819.1 already exists. Skipping download.
[2026-01-22T18:27:46.598+0000] {marginalpdbc.py:65} INFO - File bronze/omie/marginalpdbc/2025/08/marginalpdbc_20250820.1 already exists. Skipping download.
[2026-01-22T18:27:46.620+0000] {marginalpdbc.py:65} INFO - File bronze/omie/marginalpdbc/2025/08/marginalpdbc_20250821.1 already exists. Skipping download.
[2026-01-22T18:27:46.635+0000] {marginalpdbc.py:65} INFO - File bronze/omie/marginalpdbc/2025/08/marginalpdbc_20250822.1 already exists. Skipping download.
[2026-01-22T18:27:46.657+0000] {marginalpdbc.py:65} INFO - File bronze/omie/marginalpdbc/2025/08/marginalpdbc_20250823.1 already exists. Skipping download.
[2026-01-22T18:27:46.674+0000] {marginalpdbc.py:65} INFO - File bronze/omie/marginalpdbc/2025/08/marginalpdbc_20250824.1 already exists. Skipping download.
[2026-01-22T18:27:46.702+0000] {marginalpdbc.py:65} INFO - File bronze/omie/marginalpdbc/2025/08/marginalpdbc_20250825.1 already exists. Skipping download.
[2026-01-22T18:27:46.712+0000] {marginalpdbc.py:65} INFO - File bronze/omie/marginalpdbc/2025/08/marginalpdbc_20250826.1 already exists. Skipping download.
[2026-01-22T18:27:46.758+0000] {marginalpdbc.py:65} INFO - File bronze/omie/marginalpdbc/2025/08/marginalpdbc_20250827.1 already exists. Skipping download.
[2026-01-22T18:27:46.798+0000] {marginalpdbc.py:65} INFO - File bronze/omie/marginalpdbc/2025/08/marginalpdbc_20250828.1 already exists. Skipping download.
[2026-01-22T18:27:46.834+0000] {marginalpdbc.py:65} INFO - File bronze/omie/marginalpdbc/2025/08/marginalpdbc_20250829.1 already exists. Skipping download.
[2026-01-22T18:27:46.848+0000] {marginalpdbc.py:65} INFO - File bronze/omie/marginalpdbc/2025/08/marginalpdbc_20250830.1 already exists. Skipping download.
[2026-01-22T18:27:46.868+0000] {marginalpdbc.py:65} INFO - File bronze/omie/marginalpdbc/2025/08/marginalpdbc_20250831.1 already exists. Skipping download.
[2026-01-22T18:27:46.882+0000] {marginalpdbc.py:65} INFO - File bronze/omie/marginalpdbc/2025/09/marginalpdbc_20250901.1 already exists. Skipping download.
[2026-01-22T18:27:46.900+0000] {marginalpdbc.py:65} INFO - File bronze/omie/marginalpdbc/2025/09/marginalpdbc_20250902.1 already exists. Skipping download.
[2026-01-22T18:27:46.932+0000] {marginalpdbc.py:65} INFO - File bronze/omie/marginalpdbc/2025/09/marginalpdbc_20250903.1 already exists. Skipping download.
[2026-01-22T18:27:46.950+0000] {marginalpdbc.py:65} INFO - File bronze/omie/marginalpdbc/2025/09/marginalpdbc_20250904.1 already exists. Skipping download.
[2026-01-22T18:27:46.974+0000] {marginalpdbc.py:65} INFO - File bronze/omie/marginalpdbc/2025/09/marginalpdbc_20250905.1 already exists. Skipping download.
[2026-01-22T18:27:46.996+0000] {marginalpdbc.py:65} INFO - File bronze/omie/marginalpdbc/2025/09/marginalpdbc_20250906.1 already exists. Skipping download.
[2026-01-22T18:27:47.031+0000] {marginalpdbc.py:65} INFO - File bronze/omie/marginalpdbc/2025/09/marginalpdbc_20250907.1 already exists. Skipping download.
[2026-01-22T18:27:47.049+0000] {marginalpdbc.py:65} INFO - File bronze/omie/marginalpdbc/2025/09/marginalpdbc_20250908.1 already exists. Skipping download.
[2026-01-22T18:27:47.068+0000] {marginalpdbc.py:65} INFO - File bronze/omie/marginalpdbc/2025/09/marginalpdbc_20250909.1 already exists. Skipping download.
[2026-01-22T18:27:47.082+0000] {marginalpdbc.py:65} INFO - File bronze/omie/marginalpdbc/2025/09/marginalpdbc_20250910.1 already exists. Skipping download.
[2026-01-22T18:27:47.106+0000] {marginalpdbc.py:65} INFO - File bronze/omie/marginalpdbc/2025/09/marginalpdbc_20250911.1 already exists. Skipping download.
[2026-01-22T18:27:47.138+0000] {marginalpdbc.py:65} INFO - File bronze/omie/marginalpdbc/2025/09/marginalpdbc_20250912.1 already exists. Skipping download.
[2026-01-22T18:27:47.148+0000] {marginalpdbc.py:65} INFO - File bronze/omie/marginalpdbc/2025/09/marginalpdbc_20250913.1 already exists. Skipping download.
[2026-01-22T18:27:47.172+0000] {marginalpdbc.py:65} INFO - File bronze/omie/marginalpdbc/2025/09/marginalpdbc_20250914.1 already exists. Skipping download.
[2026-01-22T18:27:47.191+0000] {marginalpdbc.py:65} INFO - File bronze/omie/marginalpdbc/2025/09/marginalpdbc_20250915.1 already exists. Skipping download.
[2026-01-22T18:27:47.208+0000] {marginalpdbc.py:65} INFO - File bronze/omie/marginalpdbc/2025/09/marginalpdbc_20250916.1 already exists. Skipping download.
[2026-01-22T18:27:47.223+0000] {marginalpdbc.py:65} INFO - File bronze/omie/marginalpdbc/2025/09/marginalpdbc_20250917.1 already exists. Skipping download.
[2026-01-22T18:27:47.250+0000] {marginalpdbc.py:65} INFO - File bronze/omie/marginalpdbc/2025/09/marginalpdbc_20250918.1 already exists. Skipping download.
[2026-01-22T18:27:47.272+0000] {marginalpdbc.py:65} INFO - File bronze/omie/marginalpdbc/2025/09/marginalpdbc_20250919.1 already exists. Skipping download.
[2026-01-22T18:27:47.300+0000] {marginalpdbc.py:65} INFO - File bronze/omie/marginalpdbc/2025/09/marginalpdbc_20250920.1 already exists. Skipping download.
[2026-01-22T18:27:47.331+0000] {marginalpdbc.py:65} INFO - File bronze/omie/marginalpdbc/2025/09/marginalpdbc_20250921.1 already exists. Skipping download.
[2026-01-22T18:27:47.367+0000] {marginalpdbc.py:65} INFO - File bronze/omie/marginalpdbc/2025/09/marginalpdbc_20250922.1 already exists. Skipping download.
[2026-01-22T18:27:47.383+0000] {marginalpdbc.py:65} INFO - File bronze/omie/marginalpdbc/2025/09/marginalpdbc_20250923.1 already exists. Skipping download.
[2026-01-22T18:27:47.399+0000] {marginalpdbc.py:65} INFO - File bronze/omie/marginalpdbc/2025/09/marginalpdbc_20250924.1 already exists. Skipping download.
[2026-01-22T18:27:47.421+0000] {marginalpdbc.py:65} INFO - File bronze/omie/marginalpdbc/2025/09/marginalpdbc_20250925.1 already exists. Skipping download.
[2026-01-22T18:27:47.448+0000] {marginalpdbc.py:65} INFO - File bronze/omie/marginalpdbc/2025/09/marginalpdbc_20250926.1 already exists. Skipping download.
[2026-01-22T18:27:47.470+0000] {marginalpdbc.py:65} INFO - File bronze/omie/marginalpdbc/2025/09/marginalpdbc_20250927.1 already exists. Skipping download.
[2026-01-22T18:27:47.486+0000] {marginalpdbc.py:65} INFO - File bronze/omie/marginalpdbc/2025/09/marginalpdbc_20250928.1 already exists. Skipping download.
[2026-01-22T18:27:47.520+0000] {marginalpdbc.py:65} INFO - File bronze/omie/marginalpdbc/2025/09/marginalpdbc_20250929.1 already exists. Skipping download.
[2026-01-22T18:27:47.544+0000] {marginalpdbc.py:65} INFO - File bronze/omie/marginalpdbc/2025/09/marginalpdbc_20250930.1 already exists. Skipping download.
[2026-01-22T18:27:47.558+0000] {marginalpdbc.py:65} INFO - File bronze/omie/marginalpdbc/2025/10/marginalpdbc_20251001.1 already exists. Skipping download.
[2026-01-22T18:27:47.572+0000] {marginalpdbc.py:65} INFO - File bronze/omie/marginalpdbc/2025/10/marginalpdbc_20251002.1 already exists. Skipping download.
[2026-01-22T18:27:47.589+0000] {marginalpdbc.py:65} INFO - File bronze/omie/marginalpdbc/2025/10/marginalpdbc_20251003.1 already exists. Skipping download.
[2026-01-22T18:27:47.612+0000] {marginalpdbc.py:65} INFO - File bronze/omie/marginalpdbc/2025/10/marginalpdbc_20251004.1 already exists. Skipping download.
[2026-01-22T18:27:47.625+0000] {marginalpdbc.py:65} INFO - File bronze/omie/marginalpdbc/2025/10/marginalpdbc_20251005.1 already exists. Skipping download.
[2026-01-22T18:27:47.645+0000] {marginalpdbc.py:65} INFO - File bronze/omie/marginalpdbc/2025/10/marginalpdbc_20251006.1 already exists. Skipping download.
[2026-01-22T18:27:47.702+0000] {marginalpdbc.py:65} INFO - File bronze/omie/marginalpdbc/2025/10/marginalpdbc_20251007.1 already exists. Skipping download.
[2026-01-22T18:27:47.728+0000] {marginalpdbc.py:65} INFO - File bronze/omie/marginalpdbc/2025/10/marginalpdbc_20251008.1 already exists. Skipping download.
[2026-01-22T18:27:47.770+0000] {marginalpdbc.py:65} INFO - File bronze/omie/marginalpdbc/2025/10/marginalpdbc_20251009.1 already exists. Skipping download.
[2026-01-22T18:27:47.788+0000] {marginalpdbc.py:65} INFO - File bronze/omie/marginalpdbc/2025/10/marginalpdbc_20251010.1 already exists. Skipping download.
[2026-01-22T18:27:47.819+0000] {marginalpdbc.py:65} INFO - File bronze/omie/marginalpdbc/2025/10/marginalpdbc_20251011.1 already exists. Skipping download.
[2026-01-22T18:27:47.834+0000] {marginalpdbc.py:65} INFO - File bronze/omie/marginalpdbc/2025/10/marginalpdbc_20251012.1 already exists. Skipping download.
[2026-01-22T18:27:47.883+0000] {marginalpdbc.py:65} INFO - File bronze/omie/marginalpdbc/2025/10/marginalpdbc_20251013.1 already exists. Skipping download.
[2026-01-22T18:27:47.965+0000] {marginalpdbc.py:65} INFO - File bronze/omie/marginalpdbc/2025/10/marginalpdbc_20251014.1 already exists. Skipping download.
[2026-01-22T18:27:48.107+0000] {marginalpdbc.py:65} INFO - File bronze/omie/marginalpdbc/2025/10/marginalpdbc_20251015.1 already exists. Skipping download.
[2026-01-22T18:27:48.157+0000] {marginalpdbc.py:65} INFO - File bronze/omie/marginalpdbc/2025/10/marginalpdbc_20251016.1 already exists. Skipping download.
[2026-01-22T18:27:48.217+0000] {marginalpdbc.py:65} INFO - File bronze/omie/marginalpdbc/2025/10/marginalpdbc_20251017.1 already exists. Skipping download.
[2026-01-22T18:27:48.287+0000] {marginalpdbc.py:65} INFO - File bronze/omie/marginalpdbc/2025/10/marginalpdbc_20251018.1 already exists. Skipping download.
[2026-01-22T18:27:48.349+0000] {marginalpdbc.py:65} INFO - File bronze/omie/marginalpdbc/2025/10/marginalpdbc_20251019.1 already exists. Skipping download.
[2026-01-22T18:27:48.382+0000] {marginalpdbc.py:65} INFO - File bronze/omie/marginalpdbc/2025/10/marginalpdbc_20251020.1 already exists. Skipping download.
[2026-01-22T18:27:48.446+0000] {marginalpdbc.py:65} INFO - File bronze/omie/marginalpdbc/2025/10/marginalpdbc_20251021.1 already exists. Skipping download.
[2026-01-22T18:27:48.481+0000] {marginalpdbc.py:65} INFO - File bronze/omie/marginalpdbc/2025/10/marginalpdbc_20251022.1 already exists. Skipping download.
[2026-01-22T18:27:48.527+0000] {marginalpdbc.py:65} INFO - File bronze/omie/marginalpdbc/2025/10/marginalpdbc_20251023.1 already exists. Skipping download.
[2026-01-22T18:27:48.558+0000] {marginalpdbc.py:65} INFO - File bronze/omie/marginalpdbc/2025/10/marginalpdbc_20251024.1 already exists. Skipping download.
[2026-01-22T18:27:48.581+0000] {marginalpdbc.py:65} INFO - File bronze/omie/marginalpdbc/2025/10/marginalpdbc_20251025.1 already exists. Skipping download.
[2026-01-22T18:27:48.617+0000] {marginalpdbc.py:65} INFO - File bronze/omie/marginalpdbc/2025/10/marginalpdbc_20251026.1 already exists. Skipping download.
[2026-01-22T18:27:48.626+0000] {marginalpdbc.py:65} INFO - File bronze/omie/marginalpdbc/2025/10/marginalpdbc_20251027.1 already exists. Skipping download.
[2026-01-22T18:27:48.644+0000] {marginalpdbc.py:65} INFO - File bronze/omie/marginalpdbc/2025/10/marginalpdbc_20251028.1 already exists. Skipping download.
[2026-01-22T18:27:48.683+0000] {marginalpdbc.py:65} INFO - File bronze/omie/marginalpdbc/2025/10/marginalpdbc_20251029.1 already exists. Skipping download.
[2026-01-22T18:27:48.701+0000] {omie_client.py:64} INFO - Downloading marginalpdbc_20251030.1 from OMIE...
[2026-01-22T18:27:49.549+0000] {omie_client.py:68} INFO - File marginalpdbc_20251030.1 not found (404).
[2026-01-22T18:27:49.558+0000] {marginalpdbc.py:71} WARNING - Failed to download marginalpdbc_20251030.1
[2026-01-22T18:27:49.585+0000] {marginalpdbc.py:65} INFO - File bronze/omie/marginalpdbc/2025/10/marginalpdbc_20251031.1 already exists. Skipping download.
[2026-01-22T18:27:49.610+0000] {marginalpdbc.py:65} INFO - File bronze/omie/marginalpdbc/2025/11/marginalpdbc_20251101.1 already exists. Skipping download.
[2026-01-22T18:27:49.626+0000] {marginalpdbc.py:65} INFO - File bronze/omie/marginalpdbc/2025/11/marginalpdbc_20251102.1 already exists. Skipping download.
[2026-01-22T18:27:49.668+0000] {marginalpdbc.py:65} INFO - File bronze/omie/marginalpdbc/2025/11/marginalpdbc_20251103.1 already exists. Skipping download.
[2026-01-22T18:27:49.690+0000] {marginalpdbc.py:65} INFO - File bronze/omie/marginalpdbc/2025/11/marginalpdbc_20251104.1 already exists. Skipping download.
[2026-01-22T18:27:49.704+0000] {marginalpdbc.py:65} INFO - File bronze/omie/marginalpdbc/2025/11/marginalpdbc_20251105.1 already exists. Skipping download.
[2026-01-22T18:27:49.725+0000] {marginalpdbc.py:65} INFO - File bronze/omie/marginalpdbc/2025/11/marginalpdbc_20251106.1 already exists. Skipping download.
[2026-01-22T18:27:49.744+0000] {marginalpdbc.py:65} INFO - File bronze/omie/marginalpdbc/2025/11/marginalpdbc_20251107.1 already exists. Skipping download.
[2026-01-22T18:27:49.778+0000] {marginalpdbc.py:65} INFO - File bronze/omie/marginalpdbc/2025/11/marginalpdbc_20251108.1 already exists. Skipping download.
[2026-01-22T18:27:49.803+0000] {marginalpdbc.py:65} INFO - File bronze/omie/marginalpdbc/2025/11/marginalpdbc_20251109.1 already exists. Skipping download.
[2026-01-22T18:27:49.818+0000] {marginalpdbc.py:65} INFO - File bronze/omie/marginalpdbc/2025/11/marginalpdbc_20251110.1 already exists. Skipping download.
[2026-01-22T18:27:49.835+0000] {marginalpdbc.py:65} INFO - File bronze/omie/marginalpdbc/2025/11/marginalpdbc_20251111.1 already exists. Skipping download.
[2026-01-22T18:27:49.854+0000] {marginalpdbc.py:65} INFO - File bronze/omie/marginalpdbc/2025/11/marginalpdbc_20251112.1 already exists. Skipping download.
[2026-01-22T18:27:49.871+0000] {marginalpdbc.py:65} INFO - File bronze/omie/marginalpdbc/2025/11/marginalpdbc_20251113.1 already exists. Skipping download.
[2026-01-22T18:27:49.883+0000] {marginalpdbc.py:65} INFO - File bronze/omie/marginalpdbc/2025/11/marginalpdbc_20251114.1 already exists. Skipping download.
[2026-01-22T18:27:49.898+0000] {marginalpdbc.py:65} INFO - File bronze/omie/marginalpdbc/2025/11/marginalpdbc_20251115.1 already exists. Skipping download.
[2026-01-22T18:27:49.922+0000] {marginalpdbc.py:65} INFO - File bronze/omie/marginalpdbc/2025/11/marginalpdbc_20251116.1 already exists. Skipping download.
[2026-01-22T18:27:49.956+0000] {marginalpdbc.py:65} INFO - File bronze/omie/marginalpdbc/2025/11/marginalpdbc_20251117.1 already exists. Skipping download.
[2026-01-22T18:27:49.983+0000] {marginalpdbc.py:65} INFO - File bronze/omie/marginalpdbc/2025/11/marginalpdbc_20251118.1 already exists. Skipping download.
[2026-01-22T18:27:50.001+0000] {marginalpdbc.py:65} INFO - File bronze/omie/marginalpdbc/2025/11/marginalpdbc_20251119.1 already exists. Skipping download.
[2026-01-22T18:27:50.017+0000] {marginalpdbc.py:65} INFO - File bronze/omie/marginalpdbc/2025/11/marginalpdbc_20251120.1 already exists. Skipping download.
[2026-01-22T18:27:50.031+0000] {marginalpdbc.py:65} INFO - File bronze/omie/marginalpdbc/2025/11/marginalpdbc_20251121.1 already exists. Skipping download.
[2026-01-22T18:27:50.058+0000] {marginalpdbc.py:65} INFO - File bronze/omie/marginalpdbc/2025/11/marginalpdbc_20251122.1 already exists. Skipping download.
[2026-01-22T18:27:50.084+0000] {marginalpdbc.py:65} INFO - File bronze/omie/marginalpdbc/2025/11/marginalpdbc_20251123.1 already exists. Skipping download.
[2026-01-22T18:27:50.104+0000] {marginalpdbc.py:65} INFO - File bronze/omie/marginalpdbc/2025/11/marginalpdbc_20251124.1 already exists. Skipping download.
[2026-01-22T18:27:50.134+0000] {marginalpdbc.py:65} INFO - File bronze/omie/marginalpdbc/2025/11/marginalpdbc_20251125.1 already exists. Skipping download.
[2026-01-22T18:27:50.160+0000] {marginalpdbc.py:65} INFO - File bronze/omie/marginalpdbc/2025/11/marginalpdbc_20251126.1 already exists. Skipping download.
[2026-01-22T18:27:50.190+0000] {omie_client.py:64} INFO - Downloading marginalpdbc_20251127.1 from OMIE...
[2026-01-22T18:27:50.881+0000] {omie_client.py:68} INFO - File marginalpdbc_20251127.1 not found (404).
[2026-01-22T18:27:50.886+0000] {marginalpdbc.py:71} WARNING - Failed to download marginalpdbc_20251127.1
[2026-01-22T18:27:50.921+0000] {marginalpdbc.py:65} INFO - File bronze/omie/marginalpdbc/2025/11/marginalpdbc_20251128.1 already exists. Skipping download.
[2026-01-22T18:27:50.939+0000] {marginalpdbc.py:65} INFO - File bronze/omie/marginalpdbc/2025/11/marginalpdbc_20251129.1 already exists. Skipping download.
[2026-01-22T18:27:50.963+0000] {marginalpdbc.py:65} INFO - File bronze/omie/marginalpdbc/2025/11/marginalpdbc_20251130.1 already exists. Skipping download.
[2026-01-22T18:27:50.984+0000] {marginalpdbc.py:65} INFO - File bronze/omie/marginalpdbc/2025/12/marginalpdbc_20251201.1 already exists. Skipping download.
[2026-01-22T18:27:51.004+0000] {marginalpdbc.py:65} INFO - File bronze/omie/marginalpdbc/2025/12/marginalpdbc_20251202.1 already exists. Skipping download.
[2026-01-22T18:27:51.025+0000] {marginalpdbc.py:65} INFO - File bronze/omie/marginalpdbc/2025/12/marginalpdbc_20251203.1 already exists. Skipping download.
[2026-01-22T18:27:51.044+0000] {marginalpdbc.py:65} INFO - File bronze/omie/marginalpdbc/2025/12/marginalpdbc_20251204.1 already exists. Skipping download.
[2026-01-22T18:27:51.085+0000] {marginalpdbc.py:65} INFO - File bronze/omie/marginalpdbc/2025/12/marginalpdbc_20251205.1 already exists. Skipping download.
[2026-01-22T18:27:51.113+0000] {marginalpdbc.py:65} INFO - File bronze/omie/marginalpdbc/2025/12/marginalpdbc_20251206.1 already exists. Skipping download.
[2026-01-22T18:27:51.137+0000] {marginalpdbc.py:65} INFO - File bronze/omie/marginalpdbc/2025/12/marginalpdbc_20251207.1 already exists. Skipping download.
[2026-01-22T18:27:51.171+0000] {marginalpdbc.py:65} INFO - File bronze/omie/marginalpdbc/2025/12/marginalpdbc_20251208.1 already exists. Skipping download.
[2026-01-22T18:27:51.215+0000] {marginalpdbc.py:65} INFO - File bronze/omie/marginalpdbc/2025/12/marginalpdbc_20251209.1 already exists. Skipping download.
[2026-01-22T18:27:51.263+0000] {marginalpdbc.py:65} INFO - File bronze/omie/marginalpdbc/2025/12/marginalpdbc_20251210.1 already exists. Skipping download.
[2026-01-22T18:27:51.281+0000] {marginalpdbc.py:65} INFO - File bronze/omie/marginalpdbc/2025/12/marginalpdbc_20251211.1 already exists. Skipping download.
[2026-01-22T18:27:51.310+0000] {marginalpdbc.py:65} INFO - File bronze/omie/marginalpdbc/2025/12/marginalpdbc_20251212.1 already exists. Skipping download.
[2026-01-22T18:27:51.320+0000] {marginalpdbc.py:65} INFO - File bronze/omie/marginalpdbc/2025/12/marginalpdbc_20251213.1 already exists. Skipping download.
[2026-01-22T18:27:51.333+0000] {marginalpdbc.py:65} INFO - File bronze/omie/marginalpdbc/2025/12/marginalpdbc_20251214.1 already exists. Skipping download.
[2026-01-22T18:27:51.368+0000] {marginalpdbc.py:65} INFO - File bronze/omie/marginalpdbc/2025/12/marginalpdbc_20251215.1 already exists. Skipping download.
[2026-01-22T18:27:51.395+0000] {marginalpdbc.py:65} INFO - File bronze/omie/marginalpdbc/2025/12/marginalpdbc_20251216.1 already exists. Skipping download.
[2026-01-22T18:27:51.433+0000] {marginalpdbc.py:65} INFO - File bronze/omie/marginalpdbc/2025/12/marginalpdbc_20251217.1 already exists. Skipping download.
[2026-01-22T18:27:51.457+0000] {marginalpdbc.py:65} INFO - File bronze/omie/marginalpdbc/2025/12/marginalpdbc_20251218.1 already exists. Skipping download.
[2026-01-22T18:27:51.497+0000] {marginalpdbc.py:65} INFO - File bronze/omie/marginalpdbc/2025/12/marginalpdbc_20251219.1 already exists. Skipping download.
[2026-01-22T18:27:51.517+0000] {marginalpdbc.py:65} INFO - File bronze/omie/marginalpdbc/2025/12/marginalpdbc_20251220.1 already exists. Skipping download.
[2026-01-22T18:27:51.538+0000] {marginalpdbc.py:65} INFO - File bronze/omie/marginalpdbc/2025/12/marginalpdbc_20251221.1 already exists. Skipping download.
[2026-01-22T18:27:51.589+0000] {marginalpdbc.py:65} INFO - File bronze/omie/marginalpdbc/2025/12/marginalpdbc_20251222.1 already exists. Skipping download.
[2026-01-22T18:27:51.613+0000] {marginalpdbc.py:65} INFO - File bronze/omie/marginalpdbc/2025/12/marginalpdbc_20251223.1 already exists. Skipping download.
[2026-01-22T18:27:51.633+0000] {marginalpdbc.py:65} INFO - File bronze/omie/marginalpdbc/2025/12/marginalpdbc_20251224.1 already exists. Skipping download.
[2026-01-22T18:27:51.664+0000] {marginalpdbc.py:65} INFO - File bronze/omie/marginalpdbc/2025/12/marginalpdbc_20251225.1 already exists. Skipping download.
[2026-01-22T18:27:51.680+0000] {marginalpdbc.py:65} INFO - File bronze/omie/marginalpdbc/2025/12/marginalpdbc_20251226.1 already exists. Skipping download.
[2026-01-22T18:27:51.706+0000] {marginalpdbc.py:65} INFO - File bronze/omie/marginalpdbc/2025/12/marginalpdbc_20251227.1 already exists. Skipping download.
[2026-01-22T18:27:51.732+0000] {marginalpdbc.py:65} INFO - File bronze/omie/marginalpdbc/2025/12/marginalpdbc_20251228.1 already exists. Skipping download.
[2026-01-22T18:27:51.751+0000] {marginalpdbc.py:65} INFO - File bronze/omie/marginalpdbc/2025/12/marginalpdbc_20251229.1 already exists. Skipping download.
[2026-01-22T18:27:51.765+0000] {marginalpdbc.py:65} INFO - File bronze/omie/marginalpdbc/2025/12/marginalpdbc_20251230.1 already exists. Skipping download.
[2026-01-22T18:27:51.778+0000] {marginalpdbc.py:65} INFO - File bronze/omie/marginalpdbc/2025/12/marginalpdbc_20251231.1 already exists. Skipping download.
[2026-01-22T18:27:51.795+0000] {marginalpdbc.py:65} INFO - File bronze/omie/marginalpdbc/2026/01/marginalpdbc_20260101.1 already exists. Skipping download.
[2026-01-22T18:27:51.804+0000] {marginalpdbc.py:65} INFO - File bronze/omie/marginalpdbc/2026/01/marginalpdbc_20260102.1 already exists. Skipping download.
[2026-01-22T18:27:51.815+0000] {marginalpdbc.py:65} INFO - File bronze/omie/marginalpdbc/2026/01/marginalpdbc_20260103.1 already exists. Skipping download.
[2026-01-22T18:27:51.827+0000] {marginalpdbc.py:65} INFO - File bronze/omie/marginalpdbc/2026/01/marginalpdbc_20260104.1 already exists. Skipping download.
[2026-01-22T18:27:51.837+0000] {marginalpdbc.py:65} INFO - File bronze/omie/marginalpdbc/2026/01/marginalpdbc_20260105.1 already exists. Skipping download.
[2026-01-22T18:27:51.850+0000] {marginalpdbc.py:65} INFO - File bronze/omie/marginalpdbc/2026/01/marginalpdbc_20260106.1 already exists. Skipping download.
[2026-01-22T18:27:51.868+0000] {marginalpdbc.py:65} INFO - File bronze/omie/marginalpdbc/2026/01/marginalpdbc_20260107.1 already exists. Skipping download.
[2026-01-22T18:27:51.888+0000] {marginalpdbc.py:65} INFO - File bronze/omie/marginalpdbc/2026/01/marginalpdbc_20260108.1 already exists. Skipping download.
[2026-01-22T18:27:51.910+0000] {marginalpdbc.py:65} INFO - File bronze/omie/marginalpdbc/2026/01/marginalpdbc_20260109.1 already exists. Skipping download.
[2026-01-22T18:27:51.931+0000] {marginalpdbc.py:65} INFO - File bronze/omie/marginalpdbc/2026/01/marginalpdbc_20260110.1 already exists. Skipping download.
[2026-01-22T18:27:51.944+0000] {marginalpdbc.py:65} INFO - File bronze/omie/marginalpdbc/2026/01/marginalpdbc_20260111.1 already exists. Skipping download.
[2026-01-22T18:27:51.967+0000] {marginalpdbc.py:65} INFO - File bronze/omie/marginalpdbc/2026/01/marginalpdbc_20260112.1 already exists. Skipping download.
[2026-01-22T18:27:51.983+0000] {marginalpdbc.py:65} INFO - File bronze/omie/marginalpdbc/2026/01/marginalpdbc_20260113.1 already exists. Skipping download.
[2026-01-22T18:27:52.000+0000] {marginalpdbc.py:65} INFO - File bronze/omie/marginalpdbc/2026/01/marginalpdbc_20260114.1 already exists. Skipping download.
[2026-01-22T18:27:52.013+0000] {marginalpdbc.py:65} INFO - File bronze/omie/marginalpdbc/2026/01/marginalpdbc_20260115.1 already exists. Skipping download.
[2026-01-22T18:27:52.030+0000] {marginalpdbc.py:65} INFO - File bronze/omie/marginalpdbc/2026/01/marginalpdbc_20260116.1 already exists. Skipping download.
[2026-01-22T18:27:52.041+0000] {marginalpdbc.py:65} INFO - File bronze/omie/marginalpdbc/2026/01/marginalpdbc_20260117.1 already exists. Skipping download.
[2026-01-22T18:27:52.053+0000] {marginalpdbc.py:65} INFO - File bronze/omie/marginalpdbc/2026/01/marginalpdbc_20260118.1 already exists. Skipping download.
[2026-01-22T18:27:52.076+0000] {marginalpdbc.py:65} INFO - File bronze/omie/marginalpdbc/2026/01/marginalpdbc_20260119.1 already exists. Skipping download.
[2026-01-22T18:27:52.118+0000] {marginalpdbc.py:65} INFO - File bronze/omie/marginalpdbc/2026/01/marginalpdbc_20260120.1 already exists. Skipping download.
[2026-01-22T18:27:52.132+0000] {omie_client.py:64} INFO - Downloading marginalpdbc_20260121.1 from OMIE...
[2026-01-22T18:27:52.663+0000] {filesystem.py:48} INFO - Saved file to /opt/***/local_data/bronze/omie/marginalpdbc/2026/01/marginalpdbc_20260121.1
[2026-01-22T18:27:52.670+0000] {python.py:237} INFO - Done. Returned value was: {'start': '2025-01-01', 'end': '2026-01-21'}
[2026-01-22T18:27:52.677+0000] {taskinstance.py:441} INFO - ::group::Post task execution logs
[2026-01-22T18:27:52.789+0000] {taskinstance.py:1206} INFO - Marking task as SUCCESS. dag_id=omie_pipeline, task_id=download_marginal_pdbc, run_id=scheduled__2026-01-21T08:30:00+00:00, execution_date=20260121T083000, start_date=20260122T182737, end_date=20260122T182752
[2026-01-22T18:27:52.947+0000] {local_task_job_runner.py:240} INFO - Task exited with return code 0
[2026-01-22T18:27:53.181+0000] {taskinstance.py:3503} INFO - 1 downstream tasks scheduled from follow-on schedule check
[2026-01-22T18:27:53.189+0000] {local_task_job_runner.py:222} INFO - ::endgroup::
