[2026-01-20T18:58:33.598+0000] {local_task_job_runner.py:120} INFO - ::group::Pre task execution logs
[2026-01-20T18:58:33.648+0000] {taskinstance.py:2076} INFO - Dependencies all met for dep_context=non-requeueable deps ti=<TaskInstance: omie_pipeline.process_marginal_pibc manual__2026-01-20T18:58:28.253663+00:00 [queued]>
[2026-01-20T18:58:33.662+0000] {taskinstance.py:2076} INFO - Dependencies all met for dep_context=requeueable deps ti=<TaskInstance: omie_pipeline.process_marginal_pibc manual__2026-01-20T18:58:28.253663+00:00 [queued]>
[2026-01-20T18:58:33.666+0000] {taskinstance.py:2306} INFO - Starting attempt 1 of 2
[2026-01-20T18:58:33.689+0000] {taskinstance.py:2330} INFO - Executing <Task(PythonOperator): process_marginal_pibc> on 2026-01-20 18:58:28.253663+00:00
[2026-01-20T18:58:33.703+0000] {standard_task_runner.py:63} INFO - Started process 976 to run task
[2026-01-20T18:58:33.709+0000] {standard_task_runner.py:90} INFO - Running: ['***', 'tasks', 'run', 'omie_pipeline', 'process_marginal_pibc', 'manual__2026-01-20T18:58:28.253663+00:00', '--job-id', '41', '--raw', '--subdir', 'DAGS_FOLDER/omie_dag.py', '--cfg-path', '/tmp/tmpl0vvd2y7']
[2026-01-20T18:58:33.714+0000] {standard_task_runner.py:91} INFO - Job 41: Subtask process_marginal_pibc
[2026-01-20T18:58:33.869+0000] {task_command.py:426} INFO - Running <TaskInstance: omie_pipeline.process_marginal_pibc manual__2026-01-20T18:58:28.253663+00:00 [running]> on host d1a9e72e2525
[2026-01-20T18:58:34.060+0000] {taskinstance.py:2648} INFO - Exporting env vars: AIRFLOW_CTX_DAG_OWNER='***' AIRFLOW_CTX_DAG_ID='omie_pipeline' AIRFLOW_CTX_TASK_ID='process_marginal_pibc' AIRFLOW_CTX_EXECUTION_DATE='2026-01-20T18:58:28.253663+00:00' AIRFLOW_CTX_TRY_NUMBER='1' AIRFLOW_CTX_DAG_RUN_ID='manual__2026-01-20T18:58:28.253663+00:00'
[2026-01-20T18:58:34.063+0000] {taskinstance.py:430} INFO - ::endgroup::
[2026-01-20T18:58:34.098+0000] {logging_mixin.py:188} INFO - Processing process_marginalpibc for 2026-01-20 00:00:00 - 2026-01-20 00:00:00
[2026-01-20T18:58:34.103+0000] {marginalpibc.py:110} ERROR - Error creating table: (psycopg2.OperationalError) connection to server at "localhost" (::1), port 5432 failed: Connection refused
	Is the server running on that host and accepting TCP/IP connections?
connection to server at "localhost" (127.0.0.1), port 5432 failed: Connection refused
	Is the server running on that host and accepting TCP/IP connections?

(Background on this error at: https://sqlalche.me/e/14/e3q8)
[2026-01-20T18:58:34.117+0000] {python.py:237} INFO - Done. Returned value was: None
[2026-01-20T18:58:34.125+0000] {taskinstance.py:441} INFO - ::group::Post task execution logs
[2026-01-20T18:58:34.140+0000] {taskinstance.py:1206} INFO - Marking task as SUCCESS. dag_id=omie_pipeline, task_id=process_marginal_pibc, run_id=manual__2026-01-20T18:58:28.253663+00:00, execution_date=20260120T185828, start_date=20260120T185833, end_date=20260120T185834
[2026-01-20T18:58:34.209+0000] {local_task_job_runner.py:240} INFO - Task exited with return code 0
[2026-01-20T18:58:34.233+0000] {taskinstance.py:3503} INFO - 0 downstream tasks scheduled from follow-on schedule check
[2026-01-20T18:58:34.236+0000] {local_task_job_runner.py:222} INFO - ::endgroup::
