[2026-01-20T18:58:34.758+0000] {local_task_job_runner.py:120} INFO - ::group::Pre task execution logs
[2026-01-20T18:58:34.797+0000] {taskinstance.py:2076} INFO - Dependencies all met for dep_context=non-requeueable deps ti=<TaskInstance: trades_pipeline.process_trades manual__2026-01-20T18:58:29.719924+00:00 [queued]>
[2026-01-20T18:58:34.810+0000] {taskinstance.py:2076} INFO - Dependencies all met for dep_context=requeueable deps ti=<TaskInstance: trades_pipeline.process_trades manual__2026-01-20T18:58:29.719924+00:00 [queued]>
[2026-01-20T18:58:34.812+0000] {taskinstance.py:2306} INFO - Starting attempt 1 of 2
[2026-01-20T18:58:34.832+0000] {taskinstance.py:2330} INFO - Executing <Task(PythonOperator): process_trades> on 2026-01-20 18:58:29.719924+00:00
[2026-01-20T18:58:34.842+0000] {standard_task_runner.py:63} INFO - Started process 1020 to run task
[2026-01-20T18:58:34.848+0000] {standard_task_runner.py:90} INFO - Running: ['***', 'tasks', 'run', 'trades_pipeline', 'process_trades', 'manual__2026-01-20T18:58:29.719924+00:00', '--job-id', '43', '--raw', '--subdir', 'DAGS_FOLDER/trades_dag.py', '--cfg-path', '/tmp/tmp1tv5ffi7']
[2026-01-20T18:58:34.851+0000] {standard_task_runner.py:91} INFO - Job 43: Subtask process_trades
[2026-01-20T18:58:34.947+0000] {task_command.py:426} INFO - Running <TaskInstance: trades_pipeline.process_trades manual__2026-01-20T18:58:29.719924+00:00 [running]> on host d1a9e72e2525
[2026-01-20T18:58:35.035+0000] {taskinstance.py:2648} INFO - Exporting env vars: AIRFLOW_CTX_DAG_OWNER='***' AIRFLOW_CTX_DAG_ID='trades_pipeline' AIRFLOW_CTX_TASK_ID='process_trades' AIRFLOW_CTX_EXECUTION_DATE='2026-01-20T18:58:29.719924+00:00' AIRFLOW_CTX_TRY_NUMBER='1' AIRFLOW_CTX_DAG_RUN_ID='manual__2026-01-20T18:58:29.719924+00:00'
[2026-01-20T18:58:35.036+0000] {taskinstance.py:430} INFO - ::endgroup::
[2026-01-20T18:58:35.057+0000] {trades.py:132} ERROR - Error creating table: (psycopg2.OperationalError) connection to server at "localhost" (::1), port 5432 failed: Connection refused
	Is the server running on that host and accepting TCP/IP connections?
connection to server at "localhost" (127.0.0.1), port 5432 failed: Connection refused
	Is the server running on that host and accepting TCP/IP connections?

(Background on this error at: https://sqlalche.me/e/14/e3q8)
[2026-01-20T18:58:35.066+0000] {python.py:237} INFO - Done. Returned value was: None
[2026-01-20T18:58:35.067+0000] {taskinstance.py:441} INFO - ::group::Post task execution logs
[2026-01-20T18:58:35.077+0000] {taskinstance.py:1206} INFO - Marking task as SUCCESS. dag_id=trades_pipeline, task_id=process_trades, run_id=manual__2026-01-20T18:58:29.719924+00:00, execution_date=20260120T185829, start_date=20260120T185834, end_date=20260120T185835
[2026-01-20T18:58:35.142+0000] {local_task_job_runner.py:240} INFO - Task exited with return code 0
[2026-01-20T18:58:35.155+0000] {local_task_job_runner.py:222} INFO - ::endgroup::
