[2026-01-20T19:47:21.676+0000] {local_task_job_runner.py:120} INFO - ::group::Pre task execution logs
[2026-01-20T19:47:21.709+0000] {taskinstance.py:2076} INFO - Dependencies all met for dep_context=non-requeueable deps ti=<TaskInstance: trades_pipeline.download_trades manual__2026-01-20T19:47:20.075381+00:00 [queued]>
[2026-01-20T19:47:21.719+0000] {taskinstance.py:2076} INFO - Dependencies all met for dep_context=requeueable deps ti=<TaskInstance: trades_pipeline.download_trades manual__2026-01-20T19:47:20.075381+00:00 [queued]>
[2026-01-20T19:47:21.721+0000] {taskinstance.py:2306} INFO - Starting attempt 1 of 2
[2026-01-20T19:47:21.740+0000] {taskinstance.py:2330} INFO - Executing <Task(PythonOperator): download_trades> on 2026-01-20 19:47:20.075381+00:00
[2026-01-20T19:47:21.745+0000] {standard_task_runner.py:63} INFO - Started process 2881 to run task
[2026-01-20T19:47:21.749+0000] {standard_task_runner.py:90} INFO - Running: ['***', 'tasks', 'run', 'trades_pipeline', 'download_trades', 'manual__2026-01-20T19:47:20.075381+00:00', '--job-id', '67', '--raw', '--subdir', 'DAGS_FOLDER/trades_dag.py', '--cfg-path', '/tmp/tmpnezweeyj']
[2026-01-20T19:47:21.752+0000] {standard_task_runner.py:91} INFO - Job 67: Subtask download_trades
[2026-01-20T19:47:21.846+0000] {task_command.py:426} INFO - Running <TaskInstance: trades_pipeline.download_trades manual__2026-01-20T19:47:20.075381+00:00 [running]> on host d1a9e72e2525
[2026-01-20T19:47:21.960+0000] {taskinstance.py:2648} INFO - Exporting env vars: AIRFLOW_CTX_DAG_OWNER='***' AIRFLOW_CTX_DAG_ID='trades_pipeline' AIRFLOW_CTX_TASK_ID='download_trades' AIRFLOW_CTX_EXECUTION_DATE='2026-01-20T19:47:20.075381+00:00' AIRFLOW_CTX_TRY_NUMBER='1' AIRFLOW_CTX_DAG_RUN_ID='manual__2026-01-20T19:47:20.075381+00:00'
[2026-01-20T19:47:21.962+0000] {taskinstance.py:430} INFO - ::endgroup::
[2026-01-20T19:47:21.975+0000] {taskinstance.py:441} INFO - ::group::Post task execution logs
[2026-01-20T19:47:21.976+0000] {taskinstance.py:2905} ERROR - Task failed with exception
Traceback (most recent call last):
  File "/home/airflow/.local/lib/python3.10/site-packages/airflow/models/taskinstance.py", line 465, in _execute_task
    result = _execute_callable(context=context, **execute_callable_kwargs)
  File "/home/airflow/.local/lib/python3.10/site-packages/airflow/models/taskinstance.py", line 432, in _execute_callable
    return execute_callable(context=context, **execute_callable_kwargs)
  File "/home/airflow/.local/lib/python3.10/site-packages/airflow/models/baseoperator.py", line 401, in wrapper
    return func(self, *args, **kwargs)
  File "/home/airflow/.local/lib/python3.10/site-packages/airflow/operators/python.py", line 235, in execute
    return_value = self.execute_callable()
  File "/home/airflow/.local/lib/python3.10/site-packages/airflow/operators/python.py", line 252, in execute_callable
    return self.python_callable(*self.op_args, **self.op_kwargs)
  File "/opt/airflow/dags/trades_dag.py", line 53, in _download_task
    if start_date > end_date:
TypeError: can't compare offset-naive and offset-aware datetimes
[2026-01-20T19:47:21.991+0000] {taskinstance.py:1206} INFO - Marking task as UP_FOR_RETRY. dag_id=trades_pipeline, task_id=download_trades, run_id=manual__2026-01-20T19:47:20.075381+00:00, execution_date=20260120T194720, start_date=20260120T194721, end_date=20260120T194721
[2026-01-20T19:47:22.002+0000] {standard_task_runner.py:110} ERROR - Failed to execute job 67 for task download_trades (can't compare offset-naive and offset-aware datetimes; 2881)
[2026-01-20T19:47:22.041+0000] {local_task_job_runner.py:240} INFO - Task exited with return code 1
[2026-01-20T19:47:22.074+0000] {taskinstance.py:3503} INFO - 0 downstream tasks scheduled from follow-on schedule check
[2026-01-20T19:47:22.077+0000] {local_task_job_runner.py:222} INFO - ::endgroup::
