[2026-01-17T22:42:13.622+0000] {processor.py:161} INFO - Started process (PID=164) to work on /opt/airflow/dags/esios_dag.py
[2026-01-17T22:42:13.628+0000] {processor.py:830} INFO - Processing file /opt/airflow/dags/esios_dag.py for tasks to queue
[2026-01-17T22:42:13.631+0000] {logging_mixin.py:188} INFO - [2026-01-17T22:42:13.630+0000] {dagbag.py:545} INFO - Filling up the DagBag from /opt/airflow/dags/esios_dag.py
[2026-01-17T22:42:15.627+0000] {processor.py:840} INFO - DAG(s) 'esios_liquicomun_pipeline' retrieved from /opt/airflow/dags/esios_dag.py
[2026-01-17T22:42:15.872+0000] {logging_mixin.py:188} INFO - [2026-01-17T22:42:15.872+0000] {override.py:1829} INFO - Created Permission View: can delete on DAG:esios_liquicomun_pipeline
[2026-01-17T22:42:15.884+0000] {logging_mixin.py:188} INFO - [2026-01-17T22:42:15.883+0000] {override.py:1829} INFO - Created Permission View: can edit on DAG:esios_liquicomun_pipeline
[2026-01-17T22:42:15.910+0000] {logging_mixin.py:188} INFO - [2026-01-17T22:42:15.909+0000] {override.py:1829} INFO - Created Permission View: can read on DAG:esios_liquicomun_pipeline
[2026-01-17T22:42:15.911+0000] {logging_mixin.py:188} INFO - [2026-01-17T22:42:15.910+0000] {dag.py:3096} INFO - Sync 1 DAGs
[2026-01-17T22:42:16.057+0000] {logging_mixin.py:188} INFO - [2026-01-17T22:42:16.057+0000] {dag.py:3118} INFO - Creating ORM DAG for esios_liquicomun_pipeline
[2026-01-17T22:42:16.067+0000] {logging_mixin.py:188} INFO - [2026-01-17T22:42:16.066+0000] {dag.py:3954} INFO - Setting next_dagrun for esios_liquicomun_pipeline to 2026-01-16 08:00:00+00:00, run_after=2026-01-17 08:00:00+00:00
[2026-01-17T22:42:16.090+0000] {processor.py:183} INFO - Processing /opt/airflow/dags/esios_dag.py took 2.478 seconds
[2026-01-17T22:42:46.385+0000] {processor.py:161} INFO - Started process (PID=170) to work on /opt/airflow/dags/esios_dag.py
[2026-01-17T22:42:46.387+0000] {processor.py:830} INFO - Processing file /opt/airflow/dags/esios_dag.py for tasks to queue
[2026-01-17T22:42:46.389+0000] {logging_mixin.py:188} INFO - [2026-01-17T22:42:46.389+0000] {dagbag.py:545} INFO - Filling up the DagBag from /opt/airflow/dags/esios_dag.py
[2026-01-17T22:42:46.752+0000] {processor.py:840} INFO - DAG(s) 'esios_liquicomun_pipeline' retrieved from /opt/airflow/dags/esios_dag.py
[2026-01-17T22:42:46.779+0000] {logging_mixin.py:188} INFO - [2026-01-17T22:42:46.778+0000] {dag.py:3096} INFO - Sync 1 DAGs
[2026-01-17T22:42:46.798+0000] {logging_mixin.py:188} INFO - [2026-01-17T22:42:46.797+0000] {dag.py:3954} INFO - Setting next_dagrun for esios_liquicomun_pipeline to 2026-01-16 08:00:00+00:00, run_after=2026-01-17 08:00:00+00:00
[2026-01-17T22:42:46.818+0000] {processor.py:183} INFO - Processing /opt/airflow/dags/esios_dag.py took 0.441 seconds
[2026-01-17T22:43:17.106+0000] {processor.py:161} INFO - Started process (PID=176) to work on /opt/airflow/dags/esios_dag.py
[2026-01-17T22:43:17.107+0000] {processor.py:830} INFO - Processing file /opt/airflow/dags/esios_dag.py for tasks to queue
[2026-01-17T22:43:17.109+0000] {logging_mixin.py:188} INFO - [2026-01-17T22:43:17.109+0000] {dagbag.py:545} INFO - Filling up the DagBag from /opt/airflow/dags/esios_dag.py
[2026-01-17T22:43:17.456+0000] {processor.py:840} INFO - DAG(s) 'esios_liquicomun_pipeline' retrieved from /opt/airflow/dags/esios_dag.py
[2026-01-17T22:43:17.482+0000] {logging_mixin.py:188} INFO - [2026-01-17T22:43:17.482+0000] {dag.py:3096} INFO - Sync 1 DAGs
[2026-01-17T22:43:17.501+0000] {logging_mixin.py:188} INFO - [2026-01-17T22:43:17.501+0000] {dag.py:3954} INFO - Setting next_dagrun for esios_liquicomun_pipeline to 2026-01-16 08:00:00+00:00, run_after=2026-01-17 08:00:00+00:00
[2026-01-17T22:43:17.530+0000] {processor.py:183} INFO - Processing /opt/airflow/dags/esios_dag.py took 0.432 seconds
[2026-01-17T22:43:47.796+0000] {processor.py:161} INFO - Started process (PID=182) to work on /opt/airflow/dags/esios_dag.py
[2026-01-17T22:43:47.797+0000] {processor.py:830} INFO - Processing file /opt/airflow/dags/esios_dag.py for tasks to queue
[2026-01-17T22:43:47.800+0000] {logging_mixin.py:188} INFO - [2026-01-17T22:43:47.799+0000] {dagbag.py:545} INFO - Filling up the DagBag from /opt/airflow/dags/esios_dag.py
[2026-01-17T22:43:48.206+0000] {processor.py:840} INFO - DAG(s) 'esios_liquicomun_pipeline' retrieved from /opt/airflow/dags/esios_dag.py
[2026-01-17T22:43:48.235+0000] {logging_mixin.py:188} INFO - [2026-01-17T22:43:48.235+0000] {dag.py:3096} INFO - Sync 1 DAGs
[2026-01-17T22:43:48.257+0000] {logging_mixin.py:188} INFO - [2026-01-17T22:43:48.257+0000] {dag.py:3954} INFO - Setting next_dagrun for esios_liquicomun_pipeline to 2026-01-16 08:00:00+00:00, run_after=2026-01-17 08:00:00+00:00
[2026-01-17T22:43:48.289+0000] {processor.py:183} INFO - Processing /opt/airflow/dags/esios_dag.py took 0.502 seconds
[2026-01-17T22:44:18.593+0000] {processor.py:161} INFO - Started process (PID=188) to work on /opt/airflow/dags/esios_dag.py
[2026-01-17T22:44:18.595+0000] {processor.py:830} INFO - Processing file /opt/airflow/dags/esios_dag.py for tasks to queue
[2026-01-17T22:44:18.597+0000] {logging_mixin.py:188} INFO - [2026-01-17T22:44:18.597+0000] {dagbag.py:545} INFO - Filling up the DagBag from /opt/airflow/dags/esios_dag.py
[2026-01-17T22:44:18.945+0000] {processor.py:840} INFO - DAG(s) 'esios_liquicomun_pipeline' retrieved from /opt/airflow/dags/esios_dag.py
[2026-01-17T22:44:18.973+0000] {logging_mixin.py:188} INFO - [2026-01-17T22:44:18.972+0000] {dag.py:3096} INFO - Sync 1 DAGs
[2026-01-17T22:44:18.993+0000] {logging_mixin.py:188} INFO - [2026-01-17T22:44:18.993+0000] {dag.py:3954} INFO - Setting next_dagrun for esios_liquicomun_pipeline to 2026-01-16 08:00:00+00:00, run_after=2026-01-17 08:00:00+00:00
[2026-01-17T22:44:19.022+0000] {processor.py:183} INFO - Processing /opt/airflow/dags/esios_dag.py took 0.437 seconds
[2026-01-17T22:44:49.302+0000] {processor.py:161} INFO - Started process (PID=197) to work on /opt/airflow/dags/esios_dag.py
[2026-01-17T22:44:49.303+0000] {processor.py:830} INFO - Processing file /opt/airflow/dags/esios_dag.py for tasks to queue
[2026-01-17T22:44:49.306+0000] {logging_mixin.py:188} INFO - [2026-01-17T22:44:49.305+0000] {dagbag.py:545} INFO - Filling up the DagBag from /opt/airflow/dags/esios_dag.py
[2026-01-17T22:44:49.668+0000] {processor.py:840} INFO - DAG(s) 'esios_liquicomun_pipeline' retrieved from /opt/airflow/dags/esios_dag.py
[2026-01-17T22:44:49.702+0000] {logging_mixin.py:188} INFO - [2026-01-17T22:44:49.701+0000] {dag.py:3096} INFO - Sync 1 DAGs
[2026-01-17T22:44:49.721+0000] {logging_mixin.py:188} INFO - [2026-01-17T22:44:49.721+0000] {dag.py:3954} INFO - Setting next_dagrun for esios_liquicomun_pipeline to 2026-01-17 08:00:00+00:00, run_after=2026-01-18 08:00:00+00:00
[2026-01-17T22:44:49.746+0000] {processor.py:183} INFO - Processing /opt/airflow/dags/esios_dag.py took 0.451 seconds
[2026-01-17T22:45:20.031+0000] {processor.py:161} INFO - Started process (PID=203) to work on /opt/airflow/dags/esios_dag.py
[2026-01-17T22:45:20.033+0000] {processor.py:830} INFO - Processing file /opt/airflow/dags/esios_dag.py for tasks to queue
[2026-01-17T22:45:20.036+0000] {logging_mixin.py:188} INFO - [2026-01-17T22:45:20.035+0000] {dagbag.py:545} INFO - Filling up the DagBag from /opt/airflow/dags/esios_dag.py
[2026-01-17T22:45:20.682+0000] {processor.py:840} INFO - DAG(s) 'esios_liquicomun_pipeline' retrieved from /opt/airflow/dags/esios_dag.py
[2026-01-17T22:45:20.722+0000] {logging_mixin.py:188} INFO - [2026-01-17T22:45:20.722+0000] {dag.py:3096} INFO - Sync 1 DAGs
[2026-01-17T22:45:20.753+0000] {logging_mixin.py:188} INFO - [2026-01-17T22:45:20.753+0000] {dag.py:3954} INFO - Setting next_dagrun for esios_liquicomun_pipeline to 2026-01-17 08:00:00+00:00, run_after=2026-01-18 08:00:00+00:00
[2026-01-17T22:45:20.777+0000] {processor.py:183} INFO - Processing /opt/airflow/dags/esios_dag.py took 0.756 seconds
[2026-01-17T22:45:51.062+0000] {processor.py:161} INFO - Started process (PID=209) to work on /opt/airflow/dags/esios_dag.py
[2026-01-17T22:45:51.064+0000] {processor.py:830} INFO - Processing file /opt/airflow/dags/esios_dag.py for tasks to queue
[2026-01-17T22:45:51.066+0000] {logging_mixin.py:188} INFO - [2026-01-17T22:45:51.066+0000] {dagbag.py:545} INFO - Filling up the DagBag from /opt/airflow/dags/esios_dag.py
[2026-01-17T22:45:51.518+0000] {processor.py:840} INFO - DAG(s) 'esios_liquicomun_pipeline' retrieved from /opt/airflow/dags/esios_dag.py
[2026-01-17T22:45:51.547+0000] {logging_mixin.py:188} INFO - [2026-01-17T22:45:51.547+0000] {dag.py:3096} INFO - Sync 1 DAGs
[2026-01-17T22:45:51.570+0000] {logging_mixin.py:188} INFO - [2026-01-17T22:45:51.570+0000] {dag.py:3954} INFO - Setting next_dagrun for esios_liquicomun_pipeline to 2026-01-17 08:00:00+00:00, run_after=2026-01-18 08:00:00+00:00
[2026-01-17T22:45:51.595+0000] {processor.py:183} INFO - Processing /opt/airflow/dags/esios_dag.py took 0.548 seconds
[2026-01-17T22:46:21.881+0000] {processor.py:161} INFO - Started process (PID=215) to work on /opt/airflow/dags/esios_dag.py
[2026-01-17T22:46:21.882+0000] {processor.py:830} INFO - Processing file /opt/airflow/dags/esios_dag.py for tasks to queue
[2026-01-17T22:46:21.884+0000] {logging_mixin.py:188} INFO - [2026-01-17T22:46:21.884+0000] {dagbag.py:545} INFO - Filling up the DagBag from /opt/airflow/dags/esios_dag.py
[2026-01-17T22:46:22.248+0000] {processor.py:840} INFO - DAG(s) 'esios_liquicomun_pipeline' retrieved from /opt/airflow/dags/esios_dag.py
[2026-01-17T22:46:22.279+0000] {logging_mixin.py:188} INFO - [2026-01-17T22:46:22.278+0000] {dag.py:3096} INFO - Sync 1 DAGs
[2026-01-17T22:46:22.301+0000] {logging_mixin.py:188} INFO - [2026-01-17T22:46:22.300+0000] {dag.py:3954} INFO - Setting next_dagrun for esios_liquicomun_pipeline to 2026-01-17 08:00:00+00:00, run_after=2026-01-18 08:00:00+00:00
[2026-01-17T22:46:22.324+0000] {processor.py:183} INFO - Processing /opt/airflow/dags/esios_dag.py took 0.451 seconds
[2026-01-17T22:46:52.561+0000] {processor.py:161} INFO - Started process (PID=221) to work on /opt/airflow/dags/esios_dag.py
[2026-01-17T22:46:52.562+0000] {processor.py:830} INFO - Processing file /opt/airflow/dags/esios_dag.py for tasks to queue
[2026-01-17T22:46:52.564+0000] {logging_mixin.py:188} INFO - [2026-01-17T22:46:52.564+0000] {dagbag.py:545} INFO - Filling up the DagBag from /opt/airflow/dags/esios_dag.py
[2026-01-17T22:46:52.939+0000] {processor.py:840} INFO - DAG(s) 'esios_liquicomun_pipeline' retrieved from /opt/airflow/dags/esios_dag.py
[2026-01-17T22:46:52.964+0000] {logging_mixin.py:188} INFO - [2026-01-17T22:46:52.964+0000] {dag.py:3096} INFO - Sync 1 DAGs
[2026-01-17T22:46:52.986+0000] {logging_mixin.py:188} INFO - [2026-01-17T22:46:52.986+0000] {dag.py:3954} INFO - Setting next_dagrun for esios_liquicomun_pipeline to 2026-01-17 08:00:00+00:00, run_after=2026-01-18 08:00:00+00:00
[2026-01-17T22:46:53.008+0000] {processor.py:183} INFO - Processing /opt/airflow/dags/esios_dag.py took 0.454 seconds
[2026-01-17T22:47:23.304+0000] {processor.py:161} INFO - Started process (PID=233) to work on /opt/airflow/dags/esios_dag.py
[2026-01-17T22:47:23.306+0000] {processor.py:830} INFO - Processing file /opt/airflow/dags/esios_dag.py for tasks to queue
[2026-01-17T22:47:23.308+0000] {logging_mixin.py:188} INFO - [2026-01-17T22:47:23.308+0000] {dagbag.py:545} INFO - Filling up the DagBag from /opt/airflow/dags/esios_dag.py
[2026-01-17T22:47:23.671+0000] {processor.py:840} INFO - DAG(s) 'esios_liquicomun_pipeline' retrieved from /opt/airflow/dags/esios_dag.py
[2026-01-17T22:47:23.704+0000] {logging_mixin.py:188} INFO - [2026-01-17T22:47:23.703+0000] {dag.py:3096} INFO - Sync 1 DAGs
[2026-01-17T22:47:23.727+0000] {logging_mixin.py:188} INFO - [2026-01-17T22:47:23.727+0000] {dag.py:3954} INFO - Setting next_dagrun for esios_liquicomun_pipeline to 2026-01-17 08:00:00+00:00, run_after=2026-01-18 08:00:00+00:00
[2026-01-17T22:47:23.759+0000] {processor.py:183} INFO - Processing /opt/airflow/dags/esios_dag.py took 0.463 seconds
[2026-01-17T22:47:54.685+0000] {processor.py:161} INFO - Started process (PID=245) to work on /opt/airflow/dags/esios_dag.py
[2026-01-17T22:47:54.687+0000] {processor.py:830} INFO - Processing file /opt/airflow/dags/esios_dag.py for tasks to queue
[2026-01-17T22:47:54.689+0000] {logging_mixin.py:188} INFO - [2026-01-17T22:47:54.689+0000] {dagbag.py:545} INFO - Filling up the DagBag from /opt/airflow/dags/esios_dag.py
[2026-01-17T22:47:55.080+0000] {processor.py:840} INFO - DAG(s) 'esios_liquicomun_pipeline' retrieved from /opt/airflow/dags/esios_dag.py
[2026-01-17T22:47:55.109+0000] {logging_mixin.py:188} INFO - [2026-01-17T22:47:55.108+0000] {dag.py:3096} INFO - Sync 1 DAGs
[2026-01-17T22:47:55.131+0000] {logging_mixin.py:188} INFO - [2026-01-17T22:47:55.131+0000] {dag.py:3954} INFO - Setting next_dagrun for esios_liquicomun_pipeline to 2026-01-17 08:00:00+00:00, run_after=2026-01-18 08:00:00+00:00
[2026-01-17T22:47:55.156+0000] {processor.py:183} INFO - Processing /opt/airflow/dags/esios_dag.py took 0.479 seconds
[2026-01-17T22:48:25.538+0000] {processor.py:161} INFO - Started process (PID=257) to work on /opt/airflow/dags/esios_dag.py
[2026-01-17T22:48:25.539+0000] {processor.py:830} INFO - Processing file /opt/airflow/dags/esios_dag.py for tasks to queue
[2026-01-17T22:48:25.541+0000] {logging_mixin.py:188} INFO - [2026-01-17T22:48:25.541+0000] {dagbag.py:545} INFO - Filling up the DagBag from /opt/airflow/dags/esios_dag.py
[2026-01-17T22:48:25.918+0000] {processor.py:840} INFO - DAG(s) 'esios_liquicomun_pipeline' retrieved from /opt/airflow/dags/esios_dag.py
[2026-01-17T22:48:25.944+0000] {logging_mixin.py:188} INFO - [2026-01-17T22:48:25.944+0000] {dag.py:3096} INFO - Sync 1 DAGs
[2026-01-17T22:48:25.965+0000] {logging_mixin.py:188} INFO - [2026-01-17T22:48:25.965+0000] {dag.py:3954} INFO - Setting next_dagrun for esios_liquicomun_pipeline to 2026-01-17 08:00:00+00:00, run_after=2026-01-18 08:00:00+00:00
[2026-01-17T22:48:25.992+0000] {processor.py:183} INFO - Processing /opt/airflow/dags/esios_dag.py took 0.463 seconds
[2026-01-17T22:48:56.351+0000] {processor.py:161} INFO - Started process (PID=269) to work on /opt/airflow/dags/esios_dag.py
[2026-01-17T22:48:56.352+0000] {processor.py:830} INFO - Processing file /opt/airflow/dags/esios_dag.py for tasks to queue
[2026-01-17T22:48:56.354+0000] {logging_mixin.py:188} INFO - [2026-01-17T22:48:56.354+0000] {dagbag.py:545} INFO - Filling up the DagBag from /opt/airflow/dags/esios_dag.py
[2026-01-17T22:48:56.706+0000] {processor.py:840} INFO - DAG(s) 'esios_liquicomun_pipeline' retrieved from /opt/airflow/dags/esios_dag.py
[2026-01-17T22:48:56.731+0000] {logging_mixin.py:188} INFO - [2026-01-17T22:48:56.731+0000] {dag.py:3096} INFO - Sync 1 DAGs
[2026-01-17T22:48:56.752+0000] {logging_mixin.py:188} INFO - [2026-01-17T22:48:56.752+0000] {dag.py:3954} INFO - Setting next_dagrun for esios_liquicomun_pipeline to 2026-01-17 08:00:00+00:00, run_after=2026-01-18 08:00:00+00:00
[2026-01-17T22:48:56.775+0000] {processor.py:183} INFO - Processing /opt/airflow/dags/esios_dag.py took 0.430 seconds
[2026-01-17T22:49:27.184+0000] {processor.py:161} INFO - Started process (PID=281) to work on /opt/airflow/dags/esios_dag.py
[2026-01-17T22:49:27.185+0000] {processor.py:830} INFO - Processing file /opt/airflow/dags/esios_dag.py for tasks to queue
[2026-01-17T22:49:27.187+0000] {logging_mixin.py:188} INFO - [2026-01-17T22:49:27.187+0000] {dagbag.py:545} INFO - Filling up the DagBag from /opt/airflow/dags/esios_dag.py
[2026-01-17T22:49:27.548+0000] {processor.py:840} INFO - DAG(s) 'esios_liquicomun_pipeline' retrieved from /opt/airflow/dags/esios_dag.py
[2026-01-17T22:49:27.574+0000] {logging_mixin.py:188} INFO - [2026-01-17T22:49:27.574+0000] {dag.py:3096} INFO - Sync 1 DAGs
[2026-01-17T22:49:27.595+0000] {logging_mixin.py:188} INFO - [2026-01-17T22:49:27.595+0000] {dag.py:3954} INFO - Setting next_dagrun for esios_liquicomun_pipeline to 2026-01-17 08:00:00+00:00, run_after=2026-01-18 08:00:00+00:00
[2026-01-17T22:49:27.619+0000] {processor.py:183} INFO - Processing /opt/airflow/dags/esios_dag.py took 0.443 seconds
[2026-01-17T22:49:57.991+0000] {processor.py:161} INFO - Started process (PID=293) to work on /opt/airflow/dags/esios_dag.py
[2026-01-17T22:49:57.992+0000] {processor.py:830} INFO - Processing file /opt/airflow/dags/esios_dag.py for tasks to queue
[2026-01-17T22:49:57.994+0000] {logging_mixin.py:188} INFO - [2026-01-17T22:49:57.994+0000] {dagbag.py:545} INFO - Filling up the DagBag from /opt/airflow/dags/esios_dag.py
[2026-01-17T22:49:58.342+0000] {processor.py:840} INFO - DAG(s) 'esios_liquicomun_pipeline' retrieved from /opt/airflow/dags/esios_dag.py
[2026-01-17T22:49:58.369+0000] {logging_mixin.py:188} INFO - [2026-01-17T22:49:58.369+0000] {dag.py:3096} INFO - Sync 1 DAGs
[2026-01-17T22:49:58.389+0000] {logging_mixin.py:188} INFO - [2026-01-17T22:49:58.389+0000] {dag.py:3954} INFO - Setting next_dagrun for esios_liquicomun_pipeline to 2026-01-17 08:00:00+00:00, run_after=2026-01-18 08:00:00+00:00
[2026-01-17T22:49:58.418+0000] {processor.py:183} INFO - Processing /opt/airflow/dags/esios_dag.py took 0.433 seconds
[2026-01-17T22:50:29.355+0000] {processor.py:161} INFO - Started process (PID=305) to work on /opt/airflow/dags/esios_dag.py
[2026-01-17T22:50:29.357+0000] {processor.py:830} INFO - Processing file /opt/airflow/dags/esios_dag.py for tasks to queue
[2026-01-17T22:50:29.359+0000] {logging_mixin.py:188} INFO - [2026-01-17T22:50:29.359+0000] {dagbag.py:545} INFO - Filling up the DagBag from /opt/airflow/dags/esios_dag.py
[2026-01-17T22:50:29.722+0000] {processor.py:840} INFO - DAG(s) 'esios_liquicomun_pipeline' retrieved from /opt/airflow/dags/esios_dag.py
[2026-01-17T22:50:29.747+0000] {logging_mixin.py:188} INFO - [2026-01-17T22:50:29.746+0000] {dag.py:3096} INFO - Sync 1 DAGs
[2026-01-17T22:50:29.766+0000] {logging_mixin.py:188} INFO - [2026-01-17T22:50:29.765+0000] {dag.py:3954} INFO - Setting next_dagrun for esios_liquicomun_pipeline to 2026-01-17 08:00:00+00:00, run_after=2026-01-18 08:00:00+00:00
[2026-01-17T22:50:29.794+0000] {processor.py:183} INFO - Processing /opt/airflow/dags/esios_dag.py took 0.445 seconds
[2026-01-17T22:51:00.169+0000] {processor.py:161} INFO - Started process (PID=332) to work on /opt/airflow/dags/esios_dag.py
[2026-01-17T22:51:00.172+0000] {processor.py:830} INFO - Processing file /opt/airflow/dags/esios_dag.py for tasks to queue
[2026-01-17T22:51:00.175+0000] {logging_mixin.py:188} INFO - [2026-01-17T22:51:00.175+0000] {dagbag.py:545} INFO - Filling up the DagBag from /opt/airflow/dags/esios_dag.py
[2026-01-17T22:51:00.699+0000] {processor.py:840} INFO - DAG(s) 'esios_liquicomun_pipeline' retrieved from /opt/airflow/dags/esios_dag.py
[2026-01-17T22:51:00.725+0000] {logging_mixin.py:188} INFO - [2026-01-17T22:51:00.724+0000] {dag.py:3096} INFO - Sync 1 DAGs
[2026-01-17T22:51:00.746+0000] {logging_mixin.py:188} INFO - [2026-01-17T22:51:00.745+0000] {dag.py:3954} INFO - Setting next_dagrun for esios_liquicomun_pipeline to 2026-01-17 08:00:00+00:00, run_after=2026-01-18 08:00:00+00:00
[2026-01-17T22:51:00.765+0000] {processor.py:183} INFO - Processing /opt/airflow/dags/esios_dag.py took 0.617 seconds
[2026-01-17T22:51:31.103+0000] {processor.py:161} INFO - Started process (PID=344) to work on /opt/airflow/dags/esios_dag.py
[2026-01-17T22:51:31.104+0000] {processor.py:830} INFO - Processing file /opt/airflow/dags/esios_dag.py for tasks to queue
[2026-01-17T22:51:31.106+0000] {logging_mixin.py:188} INFO - [2026-01-17T22:51:31.106+0000] {dagbag.py:545} INFO - Filling up the DagBag from /opt/airflow/dags/esios_dag.py
[2026-01-17T22:51:31.454+0000] {processor.py:840} INFO - DAG(s) 'esios_liquicomun_pipeline' retrieved from /opt/airflow/dags/esios_dag.py
[2026-01-17T22:51:31.481+0000] {logging_mixin.py:188} INFO - [2026-01-17T22:51:31.480+0000] {dag.py:3096} INFO - Sync 1 DAGs
[2026-01-17T22:51:31.501+0000] {logging_mixin.py:188} INFO - [2026-01-17T22:51:31.501+0000] {dag.py:3954} INFO - Setting next_dagrun for esios_liquicomun_pipeline to 2026-01-17 08:00:00+00:00, run_after=2026-01-18 08:00:00+00:00
[2026-01-17T22:51:31.530+0000] {processor.py:183} INFO - Processing /opt/airflow/dags/esios_dag.py took 0.434 seconds
[2026-01-17T22:52:01.839+0000] {processor.py:161} INFO - Started process (PID=356) to work on /opt/airflow/dags/esios_dag.py
[2026-01-17T22:52:01.841+0000] {processor.py:830} INFO - Processing file /opt/airflow/dags/esios_dag.py for tasks to queue
[2026-01-17T22:52:01.844+0000] {logging_mixin.py:188} INFO - [2026-01-17T22:52:01.844+0000] {dagbag.py:545} INFO - Filling up the DagBag from /opt/airflow/dags/esios_dag.py
[2026-01-17T22:52:02.227+0000] {processor.py:840} INFO - DAG(s) 'esios_liquicomun_pipeline' retrieved from /opt/airflow/dags/esios_dag.py
[2026-01-17T22:52:02.256+0000] {logging_mixin.py:188} INFO - [2026-01-17T22:52:02.256+0000] {dag.py:3096} INFO - Sync 1 DAGs
[2026-01-17T22:52:02.278+0000] {logging_mixin.py:188} INFO - [2026-01-17T22:52:02.278+0000] {dag.py:3954} INFO - Setting next_dagrun for esios_liquicomun_pipeline to 2026-01-17 08:00:00+00:00, run_after=2026-01-18 08:00:00+00:00
[2026-01-17T22:52:02.304+0000] {processor.py:183} INFO - Processing /opt/airflow/dags/esios_dag.py took 0.474 seconds
[2026-01-17T22:52:32.660+0000] {processor.py:161} INFO - Started process (PID=368) to work on /opt/airflow/dags/esios_dag.py
[2026-01-17T22:52:32.661+0000] {processor.py:830} INFO - Processing file /opt/airflow/dags/esios_dag.py for tasks to queue
[2026-01-17T22:52:32.663+0000] {logging_mixin.py:188} INFO - [2026-01-17T22:52:32.663+0000] {dagbag.py:545} INFO - Filling up the DagBag from /opt/airflow/dags/esios_dag.py
[2026-01-17T22:52:33.020+0000] {processor.py:840} INFO - DAG(s) 'esios_liquicomun_pipeline' retrieved from /opt/airflow/dags/esios_dag.py
[2026-01-17T22:52:33.047+0000] {logging_mixin.py:188} INFO - [2026-01-17T22:52:33.047+0000] {dag.py:3096} INFO - Sync 1 DAGs
[2026-01-17T22:52:33.067+0000] {logging_mixin.py:188} INFO - [2026-01-17T22:52:33.067+0000] {dag.py:3954} INFO - Setting next_dagrun for esios_liquicomun_pipeline to 2026-01-17 08:00:00+00:00, run_after=2026-01-18 08:00:00+00:00
[2026-01-17T22:52:33.090+0000] {processor.py:183} INFO - Processing /opt/airflow/dags/esios_dag.py took 0.437 seconds
[2026-01-17T22:53:04.018+0000] {processor.py:161} INFO - Started process (PID=380) to work on /opt/airflow/dags/esios_dag.py
[2026-01-17T22:53:04.020+0000] {processor.py:830} INFO - Processing file /opt/airflow/dags/esios_dag.py for tasks to queue
[2026-01-17T22:53:04.023+0000] {logging_mixin.py:188} INFO - [2026-01-17T22:53:04.022+0000] {dagbag.py:545} INFO - Filling up the DagBag from /opt/airflow/dags/esios_dag.py
[2026-01-17T22:53:04.498+0000] {processor.py:840} INFO - DAG(s) 'esios_liquicomun_pipeline' retrieved from /opt/airflow/dags/esios_dag.py
[2026-01-17T22:53:04.538+0000] {logging_mixin.py:188} INFO - [2026-01-17T22:53:04.537+0000] {dag.py:3096} INFO - Sync 1 DAGs
[2026-01-17T22:53:04.567+0000] {logging_mixin.py:188} INFO - [2026-01-17T22:53:04.566+0000] {dag.py:3954} INFO - Setting next_dagrun for esios_liquicomun_pipeline to 2026-01-17 08:00:00+00:00, run_after=2026-01-18 08:00:00+00:00
[2026-01-17T22:53:04.590+0000] {processor.py:183} INFO - Processing /opt/airflow/dags/esios_dag.py took 0.579 seconds
[2026-01-17T22:53:34.962+0000] {processor.py:161} INFO - Started process (PID=392) to work on /opt/airflow/dags/esios_dag.py
[2026-01-17T22:53:34.963+0000] {processor.py:830} INFO - Processing file /opt/airflow/dags/esios_dag.py for tasks to queue
[2026-01-17T22:53:34.965+0000] {logging_mixin.py:188} INFO - [2026-01-17T22:53:34.965+0000] {dagbag.py:545} INFO - Filling up the DagBag from /opt/airflow/dags/esios_dag.py
[2026-01-17T22:53:35.317+0000] {processor.py:840} INFO - DAG(s) 'esios_liquicomun_pipeline' retrieved from /opt/airflow/dags/esios_dag.py
[2026-01-17T22:53:35.344+0000] {logging_mixin.py:188} INFO - [2026-01-17T22:53:35.343+0000] {dag.py:3096} INFO - Sync 1 DAGs
[2026-01-17T22:53:35.364+0000] {logging_mixin.py:188} INFO - [2026-01-17T22:53:35.363+0000] {dag.py:3954} INFO - Setting next_dagrun for esios_liquicomun_pipeline to 2026-01-17 08:00:00+00:00, run_after=2026-01-18 08:00:00+00:00
[2026-01-17T22:53:35.393+0000] {processor.py:183} INFO - Processing /opt/airflow/dags/esios_dag.py took 0.438 seconds
[2026-01-17T22:54:05.753+0000] {processor.py:161} INFO - Started process (PID=404) to work on /opt/airflow/dags/esios_dag.py
[2026-01-17T22:54:05.754+0000] {processor.py:830} INFO - Processing file /opt/airflow/dags/esios_dag.py for tasks to queue
[2026-01-17T22:54:05.757+0000] {logging_mixin.py:188} INFO - [2026-01-17T22:54:05.756+0000] {dagbag.py:545} INFO - Filling up the DagBag from /opt/airflow/dags/esios_dag.py
[2026-01-17T22:54:06.091+0000] {processor.py:840} INFO - DAG(s) 'esios_liquicomun_pipeline' retrieved from /opt/airflow/dags/esios_dag.py
[2026-01-17T22:54:06.116+0000] {logging_mixin.py:188} INFO - [2026-01-17T22:54:06.115+0000] {dag.py:3096} INFO - Sync 1 DAGs
[2026-01-17T22:54:06.135+0000] {logging_mixin.py:188} INFO - [2026-01-17T22:54:06.135+0000] {dag.py:3954} INFO - Setting next_dagrun for esios_liquicomun_pipeline to 2026-01-17 08:00:00+00:00, run_after=2026-01-18 08:00:00+00:00
[2026-01-17T22:54:06.155+0000] {processor.py:183} INFO - Processing /opt/airflow/dags/esios_dag.py took 0.408 seconds
[2026-01-17T22:54:36.546+0000] {processor.py:161} INFO - Started process (PID=416) to work on /opt/airflow/dags/esios_dag.py
[2026-01-17T22:54:36.547+0000] {processor.py:830} INFO - Processing file /opt/airflow/dags/esios_dag.py for tasks to queue
[2026-01-17T22:54:36.549+0000] {logging_mixin.py:188} INFO - [2026-01-17T22:54:36.549+0000] {dagbag.py:545} INFO - Filling up the DagBag from /opt/airflow/dags/esios_dag.py
[2026-01-17T22:54:36.982+0000] {processor.py:840} INFO - DAG(s) 'esios_liquicomun_pipeline' retrieved from /opt/airflow/dags/esios_dag.py
[2026-01-17T22:54:37.009+0000] {logging_mixin.py:188} INFO - [2026-01-17T22:54:37.009+0000] {dag.py:3096} INFO - Sync 1 DAGs
[2026-01-17T22:54:37.032+0000] {logging_mixin.py:188} INFO - [2026-01-17T22:54:37.031+0000] {dag.py:3954} INFO - Setting next_dagrun for esios_liquicomun_pipeline to 2026-01-17 08:00:00+00:00, run_after=2026-01-18 08:00:00+00:00
[2026-01-17T22:54:37.062+0000] {processor.py:183} INFO - Processing /opt/airflow/dags/esios_dag.py took 0.523 seconds
[2026-01-17T22:55:07.407+0000] {processor.py:161} INFO - Started process (PID=428) to work on /opt/airflow/dags/esios_dag.py
[2026-01-17T22:55:07.408+0000] {processor.py:830} INFO - Processing file /opt/airflow/dags/esios_dag.py for tasks to queue
[2026-01-17T22:55:07.410+0000] {logging_mixin.py:188} INFO - [2026-01-17T22:55:07.410+0000] {dagbag.py:545} INFO - Filling up the DagBag from /opt/airflow/dags/esios_dag.py
[2026-01-17T22:55:07.761+0000] {processor.py:840} INFO - DAG(s) 'esios_liquicomun_pipeline' retrieved from /opt/airflow/dags/esios_dag.py
[2026-01-17T22:55:07.789+0000] {logging_mixin.py:188} INFO - [2026-01-17T22:55:07.789+0000] {dag.py:3096} INFO - Sync 1 DAGs
[2026-01-17T22:55:07.812+0000] {logging_mixin.py:188} INFO - [2026-01-17T22:55:07.812+0000] {dag.py:3954} INFO - Setting next_dagrun for esios_liquicomun_pipeline to 2026-01-17 08:00:00+00:00, run_after=2026-01-18 08:00:00+00:00
[2026-01-17T22:55:07.834+0000] {processor.py:183} INFO - Processing /opt/airflow/dags/esios_dag.py took 0.433 seconds
[2026-01-17T22:55:38.772+0000] {processor.py:161} INFO - Started process (PID=440) to work on /opt/airflow/dags/esios_dag.py
[2026-01-17T22:55:38.773+0000] {processor.py:830} INFO - Processing file /opt/airflow/dags/esios_dag.py for tasks to queue
[2026-01-17T22:55:38.775+0000] {logging_mixin.py:188} INFO - [2026-01-17T22:55:38.775+0000] {dagbag.py:545} INFO - Filling up the DagBag from /opt/airflow/dags/esios_dag.py
[2026-01-17T22:55:39.126+0000] {processor.py:840} INFO - DAG(s) 'esios_liquicomun_pipeline' retrieved from /opt/airflow/dags/esios_dag.py
[2026-01-17T22:55:39.151+0000] {logging_mixin.py:188} INFO - [2026-01-17T22:55:39.151+0000] {dag.py:3096} INFO - Sync 1 DAGs
[2026-01-17T22:55:39.171+0000] {logging_mixin.py:188} INFO - [2026-01-17T22:55:39.170+0000] {dag.py:3954} INFO - Setting next_dagrun for esios_liquicomun_pipeline to 2026-01-17 08:00:00+00:00, run_after=2026-01-18 08:00:00+00:00
[2026-01-17T22:55:39.193+0000] {processor.py:183} INFO - Processing /opt/airflow/dags/esios_dag.py took 0.428 seconds
[2026-01-17T22:56:09.551+0000] {processor.py:161} INFO - Started process (PID=452) to work on /opt/airflow/dags/esios_dag.py
[2026-01-17T22:56:09.552+0000] {processor.py:830} INFO - Processing file /opt/airflow/dags/esios_dag.py for tasks to queue
[2026-01-17T22:56:09.553+0000] {logging_mixin.py:188} INFO - [2026-01-17T22:56:09.553+0000] {dagbag.py:545} INFO - Filling up the DagBag from /opt/airflow/dags/esios_dag.py
[2026-01-17T22:56:09.913+0000] {processor.py:840} INFO - DAG(s) 'esios_liquicomun_pipeline' retrieved from /opt/airflow/dags/esios_dag.py
[2026-01-17T22:56:09.940+0000] {logging_mixin.py:188} INFO - [2026-01-17T22:56:09.939+0000] {dag.py:3096} INFO - Sync 1 DAGs
[2026-01-17T22:56:09.960+0000] {logging_mixin.py:188} INFO - [2026-01-17T22:56:09.959+0000] {dag.py:3954} INFO - Setting next_dagrun for esios_liquicomun_pipeline to 2026-01-17 08:00:00+00:00, run_after=2026-01-18 08:00:00+00:00
[2026-01-17T22:56:09.981+0000] {processor.py:183} INFO - Processing /opt/airflow/dags/esios_dag.py took 0.437 seconds
[2026-01-17T22:56:40.366+0000] {processor.py:161} INFO - Started process (PID=464) to work on /opt/airflow/dags/esios_dag.py
[2026-01-17T22:56:40.367+0000] {processor.py:830} INFO - Processing file /opt/airflow/dags/esios_dag.py for tasks to queue
[2026-01-17T22:56:40.369+0000] {logging_mixin.py:188} INFO - [2026-01-17T22:56:40.369+0000] {dagbag.py:545} INFO - Filling up the DagBag from /opt/airflow/dags/esios_dag.py
[2026-01-17T22:56:40.751+0000] {processor.py:840} INFO - DAG(s) 'esios_liquicomun_pipeline' retrieved from /opt/airflow/dags/esios_dag.py
[2026-01-17T22:56:40.779+0000] {logging_mixin.py:188} INFO - [2026-01-17T22:56:40.779+0000] {dag.py:3096} INFO - Sync 1 DAGs
[2026-01-17T22:56:40.802+0000] {logging_mixin.py:188} INFO - [2026-01-17T22:56:40.802+0000] {dag.py:3954} INFO - Setting next_dagrun for esios_liquicomun_pipeline to 2026-01-17 08:00:00+00:00, run_after=2026-01-18 08:00:00+00:00
[2026-01-17T22:56:40.835+0000] {processor.py:183} INFO - Processing /opt/airflow/dags/esios_dag.py took 0.477 seconds
[2026-01-17T22:57:11.193+0000] {processor.py:161} INFO - Started process (PID=476) to work on /opt/airflow/dags/esios_dag.py
[2026-01-17T22:57:11.195+0000] {processor.py:830} INFO - Processing file /opt/airflow/dags/esios_dag.py for tasks to queue
[2026-01-17T22:57:11.197+0000] {logging_mixin.py:188} INFO - [2026-01-17T22:57:11.197+0000] {dagbag.py:545} INFO - Filling up the DagBag from /opt/airflow/dags/esios_dag.py
[2026-01-17T22:57:11.586+0000] {processor.py:840} INFO - DAG(s) 'esios_liquicomun_pipeline' retrieved from /opt/airflow/dags/esios_dag.py
[2026-01-17T22:57:11.614+0000] {logging_mixin.py:188} INFO - [2026-01-17T22:57:11.613+0000] {dag.py:3096} INFO - Sync 1 DAGs
[2026-01-17T22:57:11.651+0000] {logging_mixin.py:188} INFO - [2026-01-17T22:57:11.651+0000] {dag.py:3954} INFO - Setting next_dagrun for esios_liquicomun_pipeline to 2026-01-17 08:00:00+00:00, run_after=2026-01-18 08:00:00+00:00
[2026-01-17T22:57:11.682+0000] {processor.py:183} INFO - Processing /opt/airflow/dags/esios_dag.py took 0.499 seconds
[2026-01-17T22:57:41.989+0000] {processor.py:161} INFO - Started process (PID=488) to work on /opt/airflow/dags/esios_dag.py
[2026-01-17T22:57:41.992+0000] {processor.py:830} INFO - Processing file /opt/airflow/dags/esios_dag.py for tasks to queue
[2026-01-17T22:57:41.995+0000] {logging_mixin.py:188} INFO - [2026-01-17T22:57:41.995+0000] {dagbag.py:545} INFO - Filling up the DagBag from /opt/airflow/dags/esios_dag.py
[2026-01-17T22:57:43.366+0000] {processor.py:840} INFO - DAG(s) 'esios_liquicomun_pipeline' retrieved from /opt/airflow/dags/esios_dag.py
[2026-01-17T22:57:43.459+0000] {logging_mixin.py:188} INFO - [2026-01-17T22:57:43.458+0000] {dag.py:3096} INFO - Sync 1 DAGs
[2026-01-17T22:57:43.536+0000] {logging_mixin.py:188} INFO - [2026-01-17T22:57:43.535+0000] {dag.py:3954} INFO - Setting next_dagrun for esios_liquicomun_pipeline to 2026-01-17 08:00:00+00:00, run_after=2026-01-18 08:00:00+00:00
[2026-01-17T22:57:43.594+0000] {processor.py:183} INFO - Processing /opt/airflow/dags/esios_dag.py took 1.626 seconds
[2026-01-17T22:58:13.782+0000] {processor.py:161} INFO - Started process (PID=500) to work on /opt/airflow/dags/esios_dag.py
[2026-01-17T22:58:13.783+0000] {processor.py:830} INFO - Processing file /opt/airflow/dags/esios_dag.py for tasks to queue
[2026-01-17T22:58:13.785+0000] {logging_mixin.py:188} INFO - [2026-01-17T22:58:13.785+0000] {dagbag.py:545} INFO - Filling up the DagBag from /opt/airflow/dags/esios_dag.py
[2026-01-17T22:58:14.174+0000] {processor.py:840} INFO - DAG(s) 'esios_liquicomun_pipeline' retrieved from /opt/airflow/dags/esios_dag.py
[2026-01-17T22:58:14.199+0000] {logging_mixin.py:188} INFO - [2026-01-17T22:58:14.198+0000] {dag.py:3096} INFO - Sync 1 DAGs
[2026-01-17T22:58:14.218+0000] {logging_mixin.py:188} INFO - [2026-01-17T22:58:14.218+0000] {dag.py:3954} INFO - Setting next_dagrun for esios_liquicomun_pipeline to 2026-01-17 08:00:00+00:00, run_after=2026-01-18 08:00:00+00:00
[2026-01-17T22:58:14.246+0000] {processor.py:183} INFO - Processing /opt/airflow/dags/esios_dag.py took 0.472 seconds
[2026-01-17T22:58:44.626+0000] {processor.py:161} INFO - Started process (PID=512) to work on /opt/airflow/dags/esios_dag.py
[2026-01-17T22:58:44.627+0000] {processor.py:830} INFO - Processing file /opt/airflow/dags/esios_dag.py for tasks to queue
[2026-01-17T22:58:44.630+0000] {logging_mixin.py:188} INFO - [2026-01-17T22:58:44.629+0000] {dagbag.py:545} INFO - Filling up the DagBag from /opt/airflow/dags/esios_dag.py
[2026-01-17T22:58:45.048+0000] {processor.py:840} INFO - DAG(s) 'esios_liquicomun_pipeline' retrieved from /opt/airflow/dags/esios_dag.py
[2026-01-17T22:58:45.077+0000] {logging_mixin.py:188} INFO - [2026-01-17T22:58:45.076+0000] {dag.py:3096} INFO - Sync 1 DAGs
[2026-01-17T22:58:45.099+0000] {logging_mixin.py:188} INFO - [2026-01-17T22:58:45.098+0000] {dag.py:3954} INFO - Setting next_dagrun for esios_liquicomun_pipeline to 2026-01-17 08:00:00+00:00, run_after=2026-01-18 08:00:00+00:00
[2026-01-17T22:58:45.130+0000] {processor.py:183} INFO - Processing /opt/airflow/dags/esios_dag.py took 0.514 seconds
