[2026-01-17T22:47:13.803+0000] {processor.py:161} INFO - Started process (PID=227) to work on /opt/airflow/dags/omie_dag.py
[2026-01-17T22:47:13.805+0000] {processor.py:830} INFO - Processing file /opt/airflow/dags/omie_dag.py for tasks to queue
[2026-01-17T22:47:13.807+0000] {logging_mixin.py:188} INFO - [2026-01-17T22:47:13.806+0000] {dagbag.py:545} INFO - Filling up the DagBag from /opt/airflow/dags/omie_dag.py
[2026-01-17T22:47:14.496+0000] {processor.py:840} INFO - DAG(s) 'omie_pipeline' retrieved from /opt/airflow/dags/omie_dag.py
[2026-01-17T22:47:14.598+0000] {logging_mixin.py:188} INFO - [2026-01-17T22:47:14.597+0000] {override.py:1829} INFO - Created Permission View: can delete on DAG:omie_pipeline
[2026-01-17T22:47:14.609+0000] {logging_mixin.py:188} INFO - [2026-01-17T22:47:14.609+0000] {override.py:1829} INFO - Created Permission View: can edit on DAG:omie_pipeline
[2026-01-17T22:47:14.618+0000] {logging_mixin.py:188} INFO - [2026-01-17T22:47:14.618+0000] {override.py:1829} INFO - Created Permission View: can read on DAG:omie_pipeline
[2026-01-17T22:47:14.619+0000] {logging_mixin.py:188} INFO - [2026-01-17T22:47:14.619+0000] {dag.py:3096} INFO - Sync 1 DAGs
[2026-01-17T22:47:14.629+0000] {logging_mixin.py:188} INFO - [2026-01-17T22:47:14.629+0000] {dag.py:3118} INFO - Creating ORM DAG for omie_pipeline
[2026-01-17T22:47:14.639+0000] {logging_mixin.py:188} INFO - [2026-01-17T22:47:14.639+0000] {dag.py:3954} INFO - Setting next_dagrun for omie_pipeline to 2026-01-16 08:30:00+00:00, run_after=2026-01-17 08:30:00+00:00
[2026-01-17T22:47:14.665+0000] {processor.py:183} INFO - Processing /opt/airflow/dags/omie_dag.py took 0.870 seconds
[2026-01-17T22:47:45.038+0000] {processor.py:161} INFO - Started process (PID=239) to work on /opt/airflow/dags/omie_dag.py
[2026-01-17T22:47:45.040+0000] {processor.py:830} INFO - Processing file /opt/airflow/dags/omie_dag.py for tasks to queue
[2026-01-17T22:47:45.043+0000] {logging_mixin.py:188} INFO - [2026-01-17T22:47:45.043+0000] {dagbag.py:545} INFO - Filling up the DagBag from /opt/airflow/dags/omie_dag.py
[2026-01-17T22:47:45.467+0000] {processor.py:840} INFO - DAG(s) 'omie_pipeline' retrieved from /opt/airflow/dags/omie_dag.py
[2026-01-17T22:47:45.562+0000] {logging_mixin.py:188} INFO - [2026-01-17T22:47:45.562+0000] {dag.py:3096} INFO - Sync 1 DAGs
[2026-01-17T22:47:45.581+0000] {logging_mixin.py:188} INFO - [2026-01-17T22:47:45.581+0000] {dag.py:3954} INFO - Setting next_dagrun for omie_pipeline to 2026-01-16 08:30:00+00:00, run_after=2026-01-17 08:30:00+00:00
[2026-01-17T22:47:45.611+0000] {processor.py:183} INFO - Processing /opt/airflow/dags/omie_dag.py took 0.583 seconds
[2026-01-17T22:48:15.947+0000] {processor.py:161} INFO - Started process (PID=251) to work on /opt/airflow/dags/omie_dag.py
[2026-01-17T22:48:15.949+0000] {processor.py:830} INFO - Processing file /opt/airflow/dags/omie_dag.py for tasks to queue
[2026-01-17T22:48:15.952+0000] {logging_mixin.py:188} INFO - [2026-01-17T22:48:15.952+0000] {dagbag.py:545} INFO - Filling up the DagBag from /opt/airflow/dags/omie_dag.py
[2026-01-17T22:48:16.459+0000] {processor.py:840} INFO - DAG(s) 'omie_pipeline' retrieved from /opt/airflow/dags/omie_dag.py
[2026-01-17T22:48:16.563+0000] {logging_mixin.py:188} INFO - [2026-01-17T22:48:16.563+0000] {dag.py:3096} INFO - Sync 1 DAGs
[2026-01-17T22:48:16.583+0000] {logging_mixin.py:188} INFO - [2026-01-17T22:48:16.583+0000] {dag.py:3954} INFO - Setting next_dagrun for omie_pipeline to 2026-01-16 08:30:00+00:00, run_after=2026-01-17 08:30:00+00:00
[2026-01-17T22:48:16.608+0000] {processor.py:183} INFO - Processing /opt/airflow/dags/omie_dag.py took 0.668 seconds
[2026-01-17T22:48:46.983+0000] {processor.py:161} INFO - Started process (PID=263) to work on /opt/airflow/dags/omie_dag.py
[2026-01-17T22:48:46.984+0000] {processor.py:830} INFO - Processing file /opt/airflow/dags/omie_dag.py for tasks to queue
[2026-01-17T22:48:46.986+0000] {logging_mixin.py:188} INFO - [2026-01-17T22:48:46.986+0000] {dagbag.py:545} INFO - Filling up the DagBag from /opt/airflow/dags/omie_dag.py
[2026-01-17T22:48:47.410+0000] {processor.py:840} INFO - DAG(s) 'omie_pipeline' retrieved from /opt/airflow/dags/omie_dag.py
[2026-01-17T22:48:47.497+0000] {logging_mixin.py:188} INFO - [2026-01-17T22:48:47.496+0000] {dag.py:3096} INFO - Sync 1 DAGs
[2026-01-17T22:48:47.514+0000] {logging_mixin.py:188} INFO - [2026-01-17T22:48:47.514+0000] {dag.py:3954} INFO - Setting next_dagrun for omie_pipeline to 2026-01-16 08:30:00+00:00, run_after=2026-01-17 08:30:00+00:00
[2026-01-17T22:48:47.534+0000] {processor.py:183} INFO - Processing /opt/airflow/dags/omie_dag.py took 0.558 seconds
[2026-01-17T22:49:17.894+0000] {processor.py:161} INFO - Started process (PID=275) to work on /opt/airflow/dags/omie_dag.py
[2026-01-17T22:49:17.896+0000] {processor.py:830} INFO - Processing file /opt/airflow/dags/omie_dag.py for tasks to queue
[2026-01-17T22:49:17.898+0000] {logging_mixin.py:188} INFO - [2026-01-17T22:49:17.897+0000] {dagbag.py:545} INFO - Filling up the DagBag from /opt/airflow/dags/omie_dag.py
[2026-01-17T22:49:18.313+0000] {processor.py:840} INFO - DAG(s) 'omie_pipeline' retrieved from /opt/airflow/dags/omie_dag.py
[2026-01-17T22:49:18.401+0000] {logging_mixin.py:188} INFO - [2026-01-17T22:49:18.400+0000] {dag.py:3096} INFO - Sync 1 DAGs
[2026-01-17T22:49:18.418+0000] {logging_mixin.py:188} INFO - [2026-01-17T22:49:18.417+0000] {dag.py:3954} INFO - Setting next_dagrun for omie_pipeline to 2026-01-16 08:30:00+00:00, run_after=2026-01-17 08:30:00+00:00
[2026-01-17T22:49:18.438+0000] {processor.py:183} INFO - Processing /opt/airflow/dags/omie_dag.py took 0.550 seconds
[2026-01-17T22:49:48.842+0000] {processor.py:161} INFO - Started process (PID=287) to work on /opt/airflow/dags/omie_dag.py
[2026-01-17T22:49:48.843+0000] {processor.py:830} INFO - Processing file /opt/airflow/dags/omie_dag.py for tasks to queue
[2026-01-17T22:49:48.844+0000] {logging_mixin.py:188} INFO - [2026-01-17T22:49:48.844+0000] {dagbag.py:545} INFO - Filling up the DagBag from /opt/airflow/dags/omie_dag.py
[2026-01-17T22:49:49.236+0000] {processor.py:840} INFO - DAG(s) 'omie_pipeline' retrieved from /opt/airflow/dags/omie_dag.py
[2026-01-17T22:49:49.324+0000] {logging_mixin.py:188} INFO - [2026-01-17T22:49:49.323+0000] {dag.py:3096} INFO - Sync 1 DAGs
[2026-01-17T22:49:49.343+0000] {logging_mixin.py:188} INFO - [2026-01-17T22:49:49.343+0000] {dag.py:3954} INFO - Setting next_dagrun for omie_pipeline to 2026-01-16 08:30:00+00:00, run_after=2026-01-17 08:30:00+00:00
[2026-01-17T22:49:49.371+0000] {processor.py:183} INFO - Processing /opt/airflow/dags/omie_dag.py took 0.535 seconds
[2026-01-17T22:50:19.701+0000] {processor.py:161} INFO - Started process (PID=299) to work on /opt/airflow/dags/omie_dag.py
[2026-01-17T22:50:19.702+0000] {processor.py:830} INFO - Processing file /opt/airflow/dags/omie_dag.py for tasks to queue
[2026-01-17T22:50:19.705+0000] {logging_mixin.py:188} INFO - [2026-01-17T22:50:19.704+0000] {dagbag.py:545} INFO - Filling up the DagBag from /opt/airflow/dags/omie_dag.py
[2026-01-17T22:50:20.104+0000] {processor.py:840} INFO - DAG(s) 'omie_pipeline' retrieved from /opt/airflow/dags/omie_dag.py
[2026-01-17T22:50:20.193+0000] {logging_mixin.py:188} INFO - [2026-01-17T22:50:20.192+0000] {dag.py:3096} INFO - Sync 1 DAGs
[2026-01-17T22:50:20.213+0000] {logging_mixin.py:188} INFO - [2026-01-17T22:50:20.213+0000] {dag.py:3954} INFO - Setting next_dagrun for omie_pipeline to 2026-01-16 08:30:00+00:00, run_after=2026-01-17 08:30:00+00:00
[2026-01-17T22:50:20.235+0000] {processor.py:183} INFO - Processing /opt/airflow/dags/omie_dag.py took 0.541 seconds
[2026-01-17T22:50:50.612+0000] {processor.py:161} INFO - Started process (PID=311) to work on /opt/airflow/dags/omie_dag.py
[2026-01-17T22:50:50.613+0000] {processor.py:830} INFO - Processing file /opt/airflow/dags/omie_dag.py for tasks to queue
[2026-01-17T22:50:50.615+0000] {logging_mixin.py:188} INFO - [2026-01-17T22:50:50.615+0000] {dagbag.py:545} INFO - Filling up the DagBag from /opt/airflow/dags/omie_dag.py
[2026-01-17T22:50:51.028+0000] {processor.py:840} INFO - DAG(s) 'omie_pipeline' retrieved from /opt/airflow/dags/omie_dag.py
[2026-01-17T22:50:51.156+0000] {logging_mixin.py:188} INFO - [2026-01-17T22:50:51.155+0000] {dag.py:3096} INFO - Sync 1 DAGs
[2026-01-17T22:50:51.183+0000] {logging_mixin.py:188} INFO - [2026-01-17T22:50:51.183+0000] {dag.py:3954} INFO - Setting next_dagrun for omie_pipeline to 2026-01-16 08:30:00+00:00, run_after=2026-01-17 08:30:00+00:00
[2026-01-17T22:50:51.209+0000] {processor.py:183} INFO - Processing /opt/airflow/dags/omie_dag.py took 0.604 seconds
[2026-01-17T22:51:21.526+0000] {processor.py:161} INFO - Started process (PID=338) to work on /opt/airflow/dags/omie_dag.py
[2026-01-17T22:51:21.527+0000] {processor.py:830} INFO - Processing file /opt/airflow/dags/omie_dag.py for tasks to queue
[2026-01-17T22:51:21.530+0000] {logging_mixin.py:188} INFO - [2026-01-17T22:51:21.529+0000] {dagbag.py:545} INFO - Filling up the DagBag from /opt/airflow/dags/omie_dag.py
[2026-01-17T22:51:22.040+0000] {processor.py:840} INFO - DAG(s) 'omie_pipeline' retrieved from /opt/airflow/dags/omie_dag.py
[2026-01-17T22:51:22.163+0000] {logging_mixin.py:188} INFO - [2026-01-17T22:51:22.163+0000] {dag.py:3096} INFO - Sync 1 DAGs
[2026-01-17T22:51:22.184+0000] {logging_mixin.py:188} INFO - [2026-01-17T22:51:22.183+0000] {dag.py:3954} INFO - Setting next_dagrun for omie_pipeline to 2026-01-17 08:30:00+00:00, run_after=2026-01-18 08:30:00+00:00
[2026-01-17T22:51:22.210+0000] {processor.py:183} INFO - Processing /opt/airflow/dags/omie_dag.py took 0.691 seconds
[2026-01-17T22:51:52.535+0000] {processor.py:161} INFO - Started process (PID=350) to work on /opt/airflow/dags/omie_dag.py
[2026-01-17T22:51:52.536+0000] {processor.py:830} INFO - Processing file /opt/airflow/dags/omie_dag.py for tasks to queue
[2026-01-17T22:51:52.537+0000] {logging_mixin.py:188} INFO - [2026-01-17T22:51:52.537+0000] {dagbag.py:545} INFO - Filling up the DagBag from /opt/airflow/dags/omie_dag.py
[2026-01-17T22:51:52.930+0000] {processor.py:840} INFO - DAG(s) 'omie_pipeline' retrieved from /opt/airflow/dags/omie_dag.py
[2026-01-17T22:51:53.020+0000] {logging_mixin.py:188} INFO - [2026-01-17T22:51:53.019+0000] {dag.py:3096} INFO - Sync 1 DAGs
[2026-01-17T22:51:53.038+0000] {logging_mixin.py:188} INFO - [2026-01-17T22:51:53.038+0000] {dag.py:3954} INFO - Setting next_dagrun for omie_pipeline to 2026-01-17 08:30:00+00:00, run_after=2026-01-18 08:30:00+00:00
[2026-01-17T22:51:53.067+0000] {processor.py:183} INFO - Processing /opt/airflow/dags/omie_dag.py took 0.539 seconds
[2026-01-17T22:52:23.505+0000] {processor.py:161} INFO - Started process (PID=362) to work on /opt/airflow/dags/omie_dag.py
[2026-01-17T22:52:23.506+0000] {processor.py:830} INFO - Processing file /opt/airflow/dags/omie_dag.py for tasks to queue
[2026-01-17T22:52:23.508+0000] {logging_mixin.py:188} INFO - [2026-01-17T22:52:23.508+0000] {dagbag.py:545} INFO - Filling up the DagBag from /opt/airflow/dags/omie_dag.py
[2026-01-17T22:52:23.903+0000] {processor.py:840} INFO - DAG(s) 'omie_pipeline' retrieved from /opt/airflow/dags/omie_dag.py
[2026-01-17T22:52:23.993+0000] {logging_mixin.py:188} INFO - [2026-01-17T22:52:23.992+0000] {dag.py:3096} INFO - Sync 1 DAGs
[2026-01-17T22:52:24.012+0000] {logging_mixin.py:188} INFO - [2026-01-17T22:52:24.011+0000] {dag.py:3954} INFO - Setting next_dagrun for omie_pipeline to 2026-01-17 08:30:00+00:00, run_after=2026-01-18 08:30:00+00:00
[2026-01-17T22:52:24.042+0000] {processor.py:183} INFO - Processing /opt/airflow/dags/omie_dag.py took 0.544 seconds
[2026-01-17T22:52:54.406+0000] {processor.py:161} INFO - Started process (PID=374) to work on /opt/airflow/dags/omie_dag.py
[2026-01-17T22:52:54.408+0000] {processor.py:830} INFO - Processing file /opt/airflow/dags/omie_dag.py for tasks to queue
[2026-01-17T22:52:54.411+0000] {logging_mixin.py:188} INFO - [2026-01-17T22:52:54.411+0000] {dagbag.py:545} INFO - Filling up the DagBag from /opt/airflow/dags/omie_dag.py
[2026-01-17T22:52:54.866+0000] {processor.py:840} INFO - DAG(s) 'omie_pipeline' retrieved from /opt/airflow/dags/omie_dag.py
[2026-01-17T22:52:54.961+0000] {logging_mixin.py:188} INFO - [2026-01-17T22:52:54.960+0000] {dag.py:3096} INFO - Sync 1 DAGs
[2026-01-17T22:52:54.981+0000] {logging_mixin.py:188} INFO - [2026-01-17T22:52:54.981+0000] {dag.py:3954} INFO - Setting next_dagrun for omie_pipeline to 2026-01-17 08:30:00+00:00, run_after=2026-01-18 08:30:00+00:00
[2026-01-17T22:52:55.013+0000] {processor.py:183} INFO - Processing /opt/airflow/dags/omie_dag.py took 0.618 seconds
[2026-01-17T22:53:25.330+0000] {processor.py:161} INFO - Started process (PID=386) to work on /opt/airflow/dags/omie_dag.py
[2026-01-17T22:53:25.332+0000] {processor.py:830} INFO - Processing file /opt/airflow/dags/omie_dag.py for tasks to queue
[2026-01-17T22:53:25.334+0000] {logging_mixin.py:188} INFO - [2026-01-17T22:53:25.334+0000] {dagbag.py:545} INFO - Filling up the DagBag from /opt/airflow/dags/omie_dag.py
[2026-01-17T22:53:25.762+0000] {processor.py:840} INFO - DAG(s) 'omie_pipeline' retrieved from /opt/airflow/dags/omie_dag.py
[2026-01-17T22:53:25.860+0000] {logging_mixin.py:188} INFO - [2026-01-17T22:53:25.860+0000] {dag.py:3096} INFO - Sync 1 DAGs
[2026-01-17T22:53:25.878+0000] {logging_mixin.py:188} INFO - [2026-01-17T22:53:25.878+0000] {dag.py:3954} INFO - Setting next_dagrun for omie_pipeline to 2026-01-17 08:30:00+00:00, run_after=2026-01-18 08:30:00+00:00
[2026-01-17T22:53:25.906+0000] {processor.py:183} INFO - Processing /opt/airflow/dags/omie_dag.py took 0.583 seconds
[2026-01-17T22:53:56.282+0000] {processor.py:161} INFO - Started process (PID=398) to work on /opt/airflow/dags/omie_dag.py
[2026-01-17T22:53:56.283+0000] {processor.py:830} INFO - Processing file /opt/airflow/dags/omie_dag.py for tasks to queue
[2026-01-17T22:53:56.286+0000] {logging_mixin.py:188} INFO - [2026-01-17T22:53:56.286+0000] {dagbag.py:545} INFO - Filling up the DagBag from /opt/airflow/dags/omie_dag.py
[2026-01-17T22:53:56.754+0000] {processor.py:840} INFO - DAG(s) 'omie_pipeline' retrieved from /opt/airflow/dags/omie_dag.py
[2026-01-17T22:53:56.846+0000] {logging_mixin.py:188} INFO - [2026-01-17T22:53:56.846+0000] {dag.py:3096} INFO - Sync 1 DAGs
[2026-01-17T22:53:56.865+0000] {logging_mixin.py:188} INFO - [2026-01-17T22:53:56.864+0000] {dag.py:3954} INFO - Setting next_dagrun for omie_pipeline to 2026-01-17 08:30:00+00:00, run_after=2026-01-18 08:30:00+00:00
[2026-01-17T22:53:56.896+0000] {processor.py:183} INFO - Processing /opt/airflow/dags/omie_dag.py took 0.622 seconds
[2026-01-17T22:54:27.319+0000] {processor.py:161} INFO - Started process (PID=410) to work on /opt/airflow/dags/omie_dag.py
[2026-01-17T22:54:27.320+0000] {processor.py:830} INFO - Processing file /opt/airflow/dags/omie_dag.py for tasks to queue
[2026-01-17T22:54:27.322+0000] {logging_mixin.py:188} INFO - [2026-01-17T22:54:27.322+0000] {dagbag.py:545} INFO - Filling up the DagBag from /opt/airflow/dags/omie_dag.py
[2026-01-17T22:54:27.733+0000] {processor.py:840} INFO - DAG(s) 'omie_pipeline' retrieved from /opt/airflow/dags/omie_dag.py
[2026-01-17T22:54:27.826+0000] {logging_mixin.py:188} INFO - [2026-01-17T22:54:27.826+0000] {dag.py:3096} INFO - Sync 1 DAGs
[2026-01-17T22:54:27.845+0000] {logging_mixin.py:188} INFO - [2026-01-17T22:54:27.845+0000] {dag.py:3954} INFO - Setting next_dagrun for omie_pipeline to 2026-01-17 08:30:00+00:00, run_after=2026-01-18 08:30:00+00:00
[2026-01-17T22:54:27.870+0000] {processor.py:183} INFO - Processing /opt/airflow/dags/omie_dag.py took 0.557 seconds
[2026-01-17T22:54:58.288+0000] {processor.py:161} INFO - Started process (PID=422) to work on /opt/airflow/dags/omie_dag.py
[2026-01-17T22:54:58.289+0000] {processor.py:830} INFO - Processing file /opt/airflow/dags/omie_dag.py for tasks to queue
[2026-01-17T22:54:58.291+0000] {logging_mixin.py:188} INFO - [2026-01-17T22:54:58.291+0000] {dagbag.py:545} INFO - Filling up the DagBag from /opt/airflow/dags/omie_dag.py
[2026-01-17T22:54:58.699+0000] {processor.py:840} INFO - DAG(s) 'omie_pipeline' retrieved from /opt/airflow/dags/omie_dag.py
[2026-01-17T22:54:58.785+0000] {logging_mixin.py:188} INFO - [2026-01-17T22:54:58.785+0000] {dag.py:3096} INFO - Sync 1 DAGs
[2026-01-17T22:54:58.805+0000] {logging_mixin.py:188} INFO - [2026-01-17T22:54:58.805+0000] {dag.py:3954} INFO - Setting next_dagrun for omie_pipeline to 2026-01-17 08:30:00+00:00, run_after=2026-01-18 08:30:00+00:00
[2026-01-17T22:54:58.835+0000] {processor.py:183} INFO - Processing /opt/airflow/dags/omie_dag.py took 0.555 seconds
[2026-01-17T22:55:29.120+0000] {processor.py:161} INFO - Started process (PID=434) to work on /opt/airflow/dags/omie_dag.py
[2026-01-17T22:55:29.121+0000] {processor.py:830} INFO - Processing file /opt/airflow/dags/omie_dag.py for tasks to queue
[2026-01-17T22:55:29.123+0000] {logging_mixin.py:188} INFO - [2026-01-17T22:55:29.122+0000] {dagbag.py:545} INFO - Filling up the DagBag from /opt/airflow/dags/omie_dag.py
[2026-01-17T22:55:29.529+0000] {processor.py:840} INFO - DAG(s) 'omie_pipeline' retrieved from /opt/airflow/dags/omie_dag.py
[2026-01-17T22:55:29.616+0000] {logging_mixin.py:188} INFO - [2026-01-17T22:55:29.616+0000] {dag.py:3096} INFO - Sync 1 DAGs
[2026-01-17T22:55:29.635+0000] {logging_mixin.py:188} INFO - [2026-01-17T22:55:29.634+0000] {dag.py:3954} INFO - Setting next_dagrun for omie_pipeline to 2026-01-17 08:30:00+00:00, run_after=2026-01-18 08:30:00+00:00
[2026-01-17T22:55:29.657+0000] {processor.py:183} INFO - Processing /opt/airflow/dags/omie_dag.py took 0.544 seconds
[2026-01-17T22:56:00.034+0000] {processor.py:161} INFO - Started process (PID=446) to work on /opt/airflow/dags/omie_dag.py
[2026-01-17T22:56:00.035+0000] {processor.py:830} INFO - Processing file /opt/airflow/dags/omie_dag.py for tasks to queue
[2026-01-17T22:56:00.037+0000] {logging_mixin.py:188} INFO - [2026-01-17T22:56:00.036+0000] {dagbag.py:545} INFO - Filling up the DagBag from /opt/airflow/dags/omie_dag.py
[2026-01-17T22:56:00.451+0000] {processor.py:840} INFO - DAG(s) 'omie_pipeline' retrieved from /opt/airflow/dags/omie_dag.py
[2026-01-17T22:56:00.544+0000] {logging_mixin.py:188} INFO - [2026-01-17T22:56:00.544+0000] {dag.py:3096} INFO - Sync 1 DAGs
[2026-01-17T22:56:00.562+0000] {logging_mixin.py:188} INFO - [2026-01-17T22:56:00.562+0000] {dag.py:3954} INFO - Setting next_dagrun for omie_pipeline to 2026-01-17 08:30:00+00:00, run_after=2026-01-18 08:30:00+00:00
[2026-01-17T22:56:00.584+0000] {processor.py:183} INFO - Processing /opt/airflow/dags/omie_dag.py took 0.558 seconds
[2026-01-17T22:56:30.937+0000] {processor.py:161} INFO - Started process (PID=458) to work on /opt/airflow/dags/omie_dag.py
[2026-01-17T22:56:30.938+0000] {processor.py:830} INFO - Processing file /opt/airflow/dags/omie_dag.py for tasks to queue
[2026-01-17T22:56:30.940+0000] {logging_mixin.py:188} INFO - [2026-01-17T22:56:30.940+0000] {dagbag.py:545} INFO - Filling up the DagBag from /opt/airflow/dags/omie_dag.py
[2026-01-17T22:56:31.349+0000] {processor.py:840} INFO - DAG(s) 'omie_pipeline' retrieved from /opt/airflow/dags/omie_dag.py
[2026-01-17T22:56:31.435+0000] {logging_mixin.py:188} INFO - [2026-01-17T22:56:31.435+0000] {dag.py:3096} INFO - Sync 1 DAGs
[2026-01-17T22:56:31.452+0000] {logging_mixin.py:188} INFO - [2026-01-17T22:56:31.452+0000] {dag.py:3954} INFO - Setting next_dagrun for omie_pipeline to 2026-01-17 08:30:00+00:00, run_after=2026-01-18 08:30:00+00:00
[2026-01-17T22:56:31.483+0000] {processor.py:183} INFO - Processing /opt/airflow/dags/omie_dag.py took 0.555 seconds
[2026-01-17T22:57:01.859+0000] {processor.py:161} INFO - Started process (PID=470) to work on /opt/airflow/dags/omie_dag.py
[2026-01-17T22:57:01.860+0000] {processor.py:830} INFO - Processing file /opt/airflow/dags/omie_dag.py for tasks to queue
[2026-01-17T22:57:01.862+0000] {logging_mixin.py:188} INFO - [2026-01-17T22:57:01.862+0000] {dagbag.py:545} INFO - Filling up the DagBag from /opt/airflow/dags/omie_dag.py
[2026-01-17T22:57:02.359+0000] {processor.py:840} INFO - DAG(s) 'omie_pipeline' retrieved from /opt/airflow/dags/omie_dag.py
[2026-01-17T22:57:02.449+0000] {logging_mixin.py:188} INFO - [2026-01-17T22:57:02.449+0000] {dag.py:3096} INFO - Sync 1 DAGs
[2026-01-17T22:57:02.467+0000] {logging_mixin.py:188} INFO - [2026-01-17T22:57:02.467+0000] {dag.py:3954} INFO - Setting next_dagrun for omie_pipeline to 2026-01-17 08:30:00+00:00, run_after=2026-01-18 08:30:00+00:00
[2026-01-17T22:57:02.495+0000] {processor.py:183} INFO - Processing /opt/airflow/dags/omie_dag.py took 0.644 seconds
[2026-01-17T22:57:32.886+0000] {processor.py:161} INFO - Started process (PID=482) to work on /opt/airflow/dags/omie_dag.py
[2026-01-17T22:57:32.894+0000] {processor.py:830} INFO - Processing file /opt/airflow/dags/omie_dag.py for tasks to queue
[2026-01-17T22:57:32.902+0000] {logging_mixin.py:188} INFO - [2026-01-17T22:57:32.902+0000] {dagbag.py:545} INFO - Filling up the DagBag from /opt/airflow/dags/omie_dag.py
[2026-01-17T22:57:33.908+0000] {processor.py:840} INFO - DAG(s) 'omie_pipeline' retrieved from /opt/airflow/dags/omie_dag.py
[2026-01-17T22:57:34.177+0000] {logging_mixin.py:188} INFO - [2026-01-17T22:57:34.176+0000] {dag.py:3096} INFO - Sync 1 DAGs
[2026-01-17T22:57:34.236+0000] {logging_mixin.py:188} INFO - [2026-01-17T22:57:34.235+0000] {dag.py:3954} INFO - Setting next_dagrun for omie_pipeline to 2026-01-17 08:30:00+00:00, run_after=2026-01-18 08:30:00+00:00
[2026-01-17T22:57:34.309+0000] {processor.py:183} INFO - Processing /opt/airflow/dags/omie_dag.py took 1.432 seconds
[2026-01-17T22:58:04.750+0000] {processor.py:161} INFO - Started process (PID=494) to work on /opt/airflow/dags/omie_dag.py
[2026-01-17T22:58:04.752+0000] {processor.py:830} INFO - Processing file /opt/airflow/dags/omie_dag.py for tasks to queue
[2026-01-17T22:58:04.756+0000] {logging_mixin.py:188} INFO - [2026-01-17T22:58:04.755+0000] {dagbag.py:545} INFO - Filling up the DagBag from /opt/airflow/dags/omie_dag.py
[2026-01-17T22:58:06.186+0000] {processor.py:840} INFO - DAG(s) 'omie_pipeline' retrieved from /opt/airflow/dags/omie_dag.py
[2026-01-17T22:58:06.480+0000] {logging_mixin.py:188} INFO - [2026-01-17T22:58:06.479+0000] {dag.py:3096} INFO - Sync 1 DAGs
[2026-01-17T22:58:06.543+0000] {logging_mixin.py:188} INFO - [2026-01-17T22:58:06.543+0000] {dag.py:3954} INFO - Setting next_dagrun for omie_pipeline to 2026-01-17 08:30:00+00:00, run_after=2026-01-18 08:30:00+00:00
[2026-01-17T22:58:06.616+0000] {processor.py:183} INFO - Processing /opt/airflow/dags/omie_dag.py took 1.893 seconds
[2026-01-17T22:58:37.213+0000] {processor.py:161} INFO - Started process (PID=506) to work on /opt/airflow/dags/omie_dag.py
[2026-01-17T22:58:37.215+0000] {processor.py:830} INFO - Processing file /opt/airflow/dags/omie_dag.py for tasks to queue
[2026-01-17T22:58:37.217+0000] {logging_mixin.py:188} INFO - [2026-01-17T22:58:37.216+0000] {dagbag.py:545} INFO - Filling up the DagBag from /opt/airflow/dags/omie_dag.py
[2026-01-17T22:58:37.631+0000] {processor.py:840} INFO - DAG(s) 'omie_pipeline' retrieved from /opt/airflow/dags/omie_dag.py
[2026-01-17T22:58:37.722+0000] {logging_mixin.py:188} INFO - [2026-01-17T22:58:37.722+0000] {dag.py:3096} INFO - Sync 1 DAGs
[2026-01-17T22:58:37.740+0000] {logging_mixin.py:188} INFO - [2026-01-17T22:58:37.739+0000] {dag.py:3954} INFO - Setting next_dagrun for omie_pipeline to 2026-01-17 08:30:00+00:00, run_after=2026-01-18 08:30:00+00:00
[2026-01-17T22:58:37.792+0000] {processor.py:183} INFO - Processing /opt/airflow/dags/omie_dag.py took 0.586 seconds
[2026-01-17T22:59:08.195+0000] {processor.py:161} INFO - Started process (PID=518) to work on /opt/airflow/dags/omie_dag.py
[2026-01-17T22:59:08.197+0000] {processor.py:830} INFO - Processing file /opt/airflow/dags/omie_dag.py for tasks to queue
[2026-01-17T22:59:08.199+0000] {logging_mixin.py:188} INFO - [2026-01-17T22:59:08.199+0000] {dagbag.py:545} INFO - Filling up the DagBag from /opt/airflow/dags/omie_dag.py
[2026-01-17T22:59:08.597+0000] {processor.py:840} INFO - DAG(s) 'omie_pipeline' retrieved from /opt/airflow/dags/omie_dag.py
[2026-01-17T22:59:08.685+0000] {logging_mixin.py:188} INFO - [2026-01-17T22:59:08.684+0000] {dag.py:3096} INFO - Sync 1 DAGs
[2026-01-17T22:59:08.703+0000] {logging_mixin.py:188} INFO - [2026-01-17T22:59:08.703+0000] {dag.py:3954} INFO - Setting next_dagrun for omie_pipeline to 2026-01-17 08:30:00+00:00, run_after=2026-01-18 08:30:00+00:00
[2026-01-17T22:59:08.726+0000] {processor.py:183} INFO - Processing /opt/airflow/dags/omie_dag.py took 0.537 seconds
