[2026-01-22T18:29:36.649+0000] {local_task_job_runner.py:120} INFO - ::group::Pre task execution logs
[2026-01-22T18:29:37.154+0000] {taskinstance.py:2076} INFO - Dependencies all met for dep_context=non-requeueable deps ti=<TaskInstance: trades_pipeline.download_trades manual__2026-01-22T18:29:16.142810+00:00 [queued]>
[2026-01-22T18:29:37.251+0000] {taskinstance.py:2076} INFO - Dependencies all met for dep_context=requeueable deps ti=<TaskInstance: trades_pipeline.download_trades manual__2026-01-22T18:29:16.142810+00:00 [queued]>
[2026-01-22T18:29:37.269+0000] {taskinstance.py:2306} INFO - Starting attempt 1 of 2
[2026-01-22T18:29:37.474+0000] {taskinstance.py:2330} INFO - Executing <Task(PythonOperator): download_trades> on 2026-01-22 18:29:16.142810+00:00
[2026-01-22T18:29:37.535+0000] {standard_task_runner.py:63} INFO - Started process 381 to run task
[2026-01-22T18:29:37.651+0000] {standard_task_runner.py:90} INFO - Running: ['***', 'tasks', 'run', 'trades_pipeline', 'download_trades', 'manual__2026-01-22T18:29:16.142810+00:00', '--job-id', '139', '--raw', '--subdir', 'DAGS_FOLDER/trades_dag.py', '--cfg-path', '/tmp/tmpjjh7rukc']
[2026-01-22T18:29:37.668+0000] {standard_task_runner.py:91} INFO - Job 139: Subtask download_trades
[2026-01-22T18:29:38.514+0000] {task_command.py:426} INFO - Running <TaskInstance: trades_pipeline.download_trades manual__2026-01-22T18:29:16.142810+00:00 [running]> on host 2aff4151de2d
[2026-01-22T18:29:40.393+0000] {taskinstance.py:2648} INFO - Exporting env vars: AIRFLOW_CTX_DAG_OWNER='***' AIRFLOW_CTX_DAG_ID='trades_pipeline' AIRFLOW_CTX_TASK_ID='download_trades' AIRFLOW_CTX_EXECUTION_DATE='2026-01-22T18:29:16.142810+00:00' AIRFLOW_CTX_TRY_NUMBER='1' AIRFLOW_CTX_DAG_RUN_ID='manual__2026-01-22T18:29:16.142810+00:00'
[2026-01-22T18:29:40.415+0000] {taskinstance.py:430} INFO - ::endgroup::
[2026-01-22T18:29:40.714+0000] {trades.py:64} INFO - File bronze/omie/trades/2025/trades_202501.zip already exists (past month). Skipping.
[2026-01-22T18:29:40.763+0000] {trades.py:64} INFO - File bronze/omie/trades/2025/trades_202502.zip already exists (past month). Skipping.
[2026-01-22T18:29:40.773+0000] {trades.py:64} INFO - File bronze/omie/trades/2025/trades_202503.zip already exists (past month). Skipping.
[2026-01-22T18:29:40.805+0000] {trades.py:64} INFO - File bronze/omie/trades/2025/trades_202504.zip already exists (past month). Skipping.
[2026-01-22T18:29:40.876+0000] {trades.py:64} INFO - File bronze/omie/trades/2025/trades_202505.zip already exists (past month). Skipping.
[2026-01-22T18:29:40.897+0000] {trades.py:64} INFO - File bronze/omie/trades/2025/trades_202506.zip already exists (past month). Skipping.
[2026-01-22T18:29:40.978+0000] {trades.py:64} INFO - File bronze/omie/trades/2025/trades_202507.zip already exists (past month). Skipping.
[2026-01-22T18:29:41.007+0000] {trades.py:64} INFO - File bronze/omie/trades/2025/trades_202508.zip already exists (past month). Skipping.
[2026-01-22T18:29:41.115+0000] {trades.py:64} INFO - File bronze/omie/trades/2025/trades_202509.zip already exists (past month). Skipping.
[2026-01-22T18:29:41.133+0000] {trades.py:64} INFO - File bronze/omie/trades/2025/trades_202510.zip already exists (past month). Skipping.
[2026-01-22T18:29:41.194+0000] {omie_client.py:64} INFO - Downloading trades_202511.zip from OMIE...
[2026-01-22T18:29:42.084+0000] {omie_client.py:68} INFO - File trades_202511.zip not found (404).
[2026-01-22T18:29:42.098+0000] {trades.py:72} WARNING - Failed to download trades_202511.zip
[2026-01-22T18:29:42.156+0000] {omie_client.py:64} INFO - Downloading trades_202512.zip from OMIE...
[2026-01-22T18:29:42.995+0000] {omie_client.py:68} INFO - File trades_202512.zip not found (404).
[2026-01-22T18:29:43.026+0000] {trades.py:72} WARNING - Failed to download trades_202512.zip
[2026-01-22T18:29:43.073+0000] {omie_client.py:64} INFO - Downloading trades_202601.zip from OMIE...
[2026-01-22T18:29:43.674+0000] {omie_client.py:68} INFO - File trades_202601.zip not found (404).
[2026-01-22T18:29:43.699+0000] {trades.py:72} WARNING - Failed to download trades_202601.zip
[2026-01-22T18:29:43.716+0000] {python.py:237} INFO - Done. Returned value was: None
[2026-01-22T18:29:43.732+0000] {taskinstance.py:441} INFO - ::group::Post task execution logs
[2026-01-22T18:29:43.818+0000] {taskinstance.py:1206} INFO - Marking task as SUCCESS. dag_id=trades_pipeline, task_id=download_trades, run_id=manual__2026-01-22T18:29:16.142810+00:00, execution_date=20260122T182916, start_date=20260122T182937, end_date=20260122T182943
[2026-01-22T18:29:43.993+0000] {local_task_job_runner.py:240} INFO - Task exited with return code 0
[2026-01-22T18:29:44.178+0000] {taskinstance.py:3503} INFO - 1 downstream tasks scheduled from follow-on schedule check
[2026-01-22T18:29:44.198+0000] {local_task_job_runner.py:222} INFO - ::endgroup::
