[2026-01-23T16:09:44.927+0000] {local_task_job_runner.py:120} INFO - ::group::Pre task execution logs
[2026-01-23T16:09:45.140+0000] {taskinstance.py:2076} INFO - Dependencies all met for dep_context=non-requeueable deps ti=<TaskInstance: omie_pipeline.download_pdvd scheduled__2026-01-22T08:30:00+00:00 [queued]>
[2026-01-23T16:09:45.211+0000] {taskinstance.py:2076} INFO - Dependencies all met for dep_context=requeueable deps ti=<TaskInstance: omie_pipeline.download_pdvd scheduled__2026-01-22T08:30:00+00:00 [queued]>
[2026-01-23T16:09:45.214+0000] {taskinstance.py:2306} INFO - Starting attempt 1 of 2
[2026-01-23T16:09:45.339+0000] {taskinstance.py:2330} INFO - Executing <Task(PythonOperator): download_pdvd> on 2026-01-22 08:30:00+00:00
[2026-01-23T16:09:45.508+0000] {standard_task_runner.py:63} INFO - Started process 258 to run task
[2026-01-23T16:09:45.558+0000] {standard_task_runner.py:90} INFO - Running: ['***', 'tasks', 'run', 'omie_pipeline', 'download_pdvd', 'scheduled__2026-01-22T08:30:00+00:00', '--job-id', '174', '--raw', '--subdir', 'DAGS_FOLDER/omie_dag.py', '--cfg-path', '/tmp/tmp3gozy6tu']
[2026-01-23T16:09:45.623+0000] {standard_task_runner.py:91} INFO - Job 174: Subtask download_pdvd
[2026-01-23T16:09:46.263+0000] {task_command.py:426} INFO - Running <TaskInstance: omie_pipeline.download_pdvd scheduled__2026-01-22T08:30:00+00:00 [running]> on host 2aff4151de2d
[2026-01-23T16:09:46.752+0000] {taskinstance.py:2648} INFO - Exporting env vars: AIRFLOW_CTX_DAG_OWNER='***' AIRFLOW_CTX_DAG_ID='omie_pipeline' AIRFLOW_CTX_TASK_ID='download_pdvd' AIRFLOW_CTX_EXECUTION_DATE='2026-01-22T08:30:00+00:00' AIRFLOW_CTX_TRY_NUMBER='1' AIRFLOW_CTX_DAG_RUN_ID='scheduled__2026-01-22T08:30:00+00:00'
[2026-01-23T16:09:46.758+0000] {taskinstance.py:430} INFO - ::endgroup::
[2026-01-23T16:09:46.813+0000] {logging_mixin.py:188} INFO - Downloading download_pdvd from 2026-01-22 08:30:00 to 2026-01-22 08:30:00
[2026-01-23T16:09:46.845+0000] {pdvd.py:42} INFO - File bronze/omie/pdvd/2025/pdvd_202501.zip already exists (past month). Skipping.
[2026-01-23T16:09:46.869+0000] {pdvd.py:42} INFO - File bronze/omie/pdvd/2025/pdvd_202502.zip already exists (past month). Skipping.
[2026-01-23T16:09:46.904+0000] {pdvd.py:42} INFO - File bronze/omie/pdvd/2025/pdvd_202503.zip already exists (past month). Skipping.
[2026-01-23T16:09:46.920+0000] {pdvd.py:42} INFO - File bronze/omie/pdvd/2025/pdvd_202504.zip already exists (past month). Skipping.
[2026-01-23T16:09:46.939+0000] {pdvd.py:42} INFO - File bronze/omie/pdvd/2025/pdvd_202505.zip already exists (past month). Skipping.
[2026-01-23T16:09:46.955+0000] {pdvd.py:42} INFO - File bronze/omie/pdvd/2025/pdvd_202506.zip already exists (past month). Skipping.
[2026-01-23T16:09:46.978+0000] {pdvd.py:42} INFO - File bronze/omie/pdvd/2025/pdvd_202507.zip already exists (past month). Skipping.
[2026-01-23T16:09:47.004+0000] {pdvd.py:42} INFO - File bronze/omie/pdvd/2025/pdvd_202508.zip already exists (past month). Skipping.
[2026-01-23T16:09:47.062+0000] {pdvd.py:42} INFO - File bronze/omie/pdvd/2025/pdvd_202509.zip already exists (past month). Skipping.
[2026-01-23T16:09:47.124+0000] {pdvd.py:42} INFO - File bronze/omie/pdvd/2025/pdvd_202510.zip already exists (past month). Skipping.
[2026-01-23T16:09:47.146+0000] {omie_client.py:64} INFO - Downloading pdvd_202511.zip from OMIE...
[2026-01-23T16:09:47.835+0000] {omie_client.py:68} INFO - File pdvd_202511.zip not found (404).
[2026-01-23T16:09:47.838+0000] {pdvd.py:50} WARNING - Failed to download pdvd_202511.zip
[2026-01-23T16:09:47.844+0000] {omie_client.py:64} INFO - Downloading pdvd_202512.zip from OMIE...
[2026-01-23T16:09:48.512+0000] {omie_client.py:68} INFO - File pdvd_202512.zip not found (404).
[2026-01-23T16:09:48.514+0000] {pdvd.py:50} WARNING - Failed to download pdvd_202512.zip
[2026-01-23T16:09:48.518+0000] {omie_client.py:64} INFO - Downloading pdvd_202601.zip from OMIE...
[2026-01-23T16:09:49.128+0000] {omie_client.py:68} INFO - File pdvd_202601.zip not found (404).
[2026-01-23T16:09:49.139+0000] {pdvd.py:50} WARNING - Failed to download pdvd_202601.zip
[2026-01-23T16:09:49.154+0000] {python.py:237} INFO - Done. Returned value was: {'start': '2025-01-01', 'end': '2026-01-22'}
[2026-01-23T16:09:49.156+0000] {taskinstance.py:441} INFO - ::group::Post task execution logs
[2026-01-23T16:09:49.262+0000] {taskinstance.py:1206} INFO - Marking task as SUCCESS. dag_id=omie_pipeline, task_id=download_pdvd, run_id=scheduled__2026-01-22T08:30:00+00:00, execution_date=20260122T083000, start_date=20260123T160945, end_date=20260123T160949
[2026-01-23T16:09:49.510+0000] {local_task_job_runner.py:240} INFO - Task exited with return code 0
[2026-01-23T16:09:49.634+0000] {taskinstance.py:3503} INFO - 1 downstream tasks scheduled from follow-on schedule check
[2026-01-23T16:09:49.642+0000] {local_task_job_runner.py:222} INFO - ::endgroup::
