[2026-01-22T18:27:36.862+0000] {local_task_job_runner.py:120} INFO - ::group::Pre task execution logs
[2026-01-22T18:27:37.077+0000] {taskinstance.py:2076} INFO - Dependencies all met for dep_context=non-requeueable deps ti=<TaskInstance: trades_pipeline.download_trades scheduled__2026-01-21T10:00:00+00:00 [queued]>
[2026-01-22T18:27:37.130+0000] {taskinstance.py:2076} INFO - Dependencies all met for dep_context=requeueable deps ti=<TaskInstance: trades_pipeline.download_trades scheduled__2026-01-21T10:00:00+00:00 [queued]>
[2026-01-22T18:27:37.147+0000] {taskinstance.py:2306} INFO - Starting attempt 1 of 2
[2026-01-22T18:27:37.247+0000] {taskinstance.py:2330} INFO - Executing <Task(PythonOperator): download_trades> on 2026-01-21 10:00:00+00:00
[2026-01-22T18:27:37.290+0000] {standard_task_runner.py:63} INFO - Started process 194 to run task
[2026-01-22T18:27:37.315+0000] {standard_task_runner.py:90} INFO - Running: ['***', 'tasks', 'run', 'trades_pipeline', 'download_trades', 'scheduled__2026-01-21T10:00:00+00:00', '--job-id', '119', '--raw', '--subdir', 'DAGS_FOLDER/trades_dag.py', '--cfg-path', '/tmp/tmp78jxqerr']
[2026-01-22T18:27:37.324+0000] {standard_task_runner.py:91} INFO - Job 119: Subtask download_trades
[2026-01-22T18:27:37.756+0000] {task_command.py:426} INFO - Running <TaskInstance: trades_pipeline.download_trades scheduled__2026-01-21T10:00:00+00:00 [running]> on host 2aff4151de2d
[2026-01-22T18:27:38.925+0000] {taskinstance.py:2648} INFO - Exporting env vars: AIRFLOW_CTX_DAG_OWNER='***' AIRFLOW_CTX_DAG_ID='trades_pipeline' AIRFLOW_CTX_TASK_ID='download_trades' AIRFLOW_CTX_EXECUTION_DATE='2026-01-21T10:00:00+00:00' AIRFLOW_CTX_TRY_NUMBER='1' AIRFLOW_CTX_DAG_RUN_ID='scheduled__2026-01-21T10:00:00+00:00'
[2026-01-22T18:27:38.935+0000] {taskinstance.py:430} INFO - ::endgroup::
[2026-01-22T18:27:39.297+0000] {trades.py:64} INFO - File bronze/omie/trades/2025/trades_202501.zip already exists (past month). Skipping.
[2026-01-22T18:27:39.331+0000] {trades.py:64} INFO - File bronze/omie/trades/2025/trades_202502.zip already exists (past month). Skipping.
[2026-01-22T18:27:39.420+0000] {trades.py:64} INFO - File bronze/omie/trades/2025/trades_202503.zip already exists (past month). Skipping.
[2026-01-22T18:27:39.472+0000] {trades.py:64} INFO - File bronze/omie/trades/2025/trades_202504.zip already exists (past month). Skipping.
[2026-01-22T18:27:39.524+0000] {trades.py:64} INFO - File bronze/omie/trades/2025/trades_202505.zip already exists (past month). Skipping.
[2026-01-22T18:27:39.602+0000] {trades.py:64} INFO - File bronze/omie/trades/2025/trades_202506.zip already exists (past month). Skipping.
[2026-01-22T18:27:39.663+0000] {trades.py:64} INFO - File bronze/omie/trades/2025/trades_202507.zip already exists (past month). Skipping.
[2026-01-22T18:27:39.793+0000] {trades.py:64} INFO - File bronze/omie/trades/2025/trades_202508.zip already exists (past month). Skipping.
[2026-01-22T18:27:39.850+0000] {trades.py:64} INFO - File bronze/omie/trades/2025/trades_202509.zip already exists (past month). Skipping.
[2026-01-22T18:27:39.897+0000] {trades.py:64} INFO - File bronze/omie/trades/2025/trades_202510.zip already exists (past month). Skipping.
[2026-01-22T18:27:39.925+0000] {omie_client.py:64} INFO - Downloading trades_202511.zip from OMIE...
[2026-01-22T18:27:41.153+0000] {omie_client.py:68} INFO - File trades_202511.zip not found (404).
[2026-01-22T18:27:41.168+0000] {trades.py:72} WARNING - Failed to download trades_202511.zip
[2026-01-22T18:27:41.179+0000] {omie_client.py:64} INFO - Downloading trades_202512.zip from OMIE...
[2026-01-22T18:27:41.865+0000] {omie_client.py:68} INFO - File trades_202512.zip not found (404).
[2026-01-22T18:27:41.880+0000] {trades.py:72} WARNING - Failed to download trades_202512.zip
[2026-01-22T18:27:41.921+0000] {omie_client.py:64} INFO - Downloading trades_202601.zip from OMIE...
[2026-01-22T18:27:42.711+0000] {omie_client.py:68} INFO - File trades_202601.zip not found (404).
[2026-01-22T18:27:42.722+0000] {trades.py:72} WARNING - Failed to download trades_202601.zip
[2026-01-22T18:27:42.738+0000] {python.py:237} INFO - Done. Returned value was: None
[2026-01-22T18:27:42.741+0000] {taskinstance.py:441} INFO - ::group::Post task execution logs
[2026-01-22T18:27:42.813+0000] {taskinstance.py:1206} INFO - Marking task as SUCCESS. dag_id=trades_pipeline, task_id=download_trades, run_id=scheduled__2026-01-21T10:00:00+00:00, execution_date=20260121T100000, start_date=20260122T182737, end_date=20260122T182742
[2026-01-22T18:27:43.009+0000] {local_task_job_runner.py:240} INFO - Task exited with return code 0
[2026-01-22T18:27:43.165+0000] {taskinstance.py:3503} INFO - 1 downstream tasks scheduled from follow-on schedule check
[2026-01-22T18:27:43.178+0000] {local_task_job_runner.py:222} INFO - ::endgroup::
