[2026-01-20T18:58:30.544+0000] {local_task_job_runner.py:120} INFO - ::group::Pre task execution logs
[2026-01-20T18:58:30.600+0000] {taskinstance.py:2076} INFO - Dependencies all met for dep_context=non-requeueable deps ti=<TaskInstance: omie_pipeline.download_pdbf manual__2026-01-20T18:58:28.253663+00:00 [queued]>
[2026-01-20T18:58:30.615+0000] {taskinstance.py:2076} INFO - Dependencies all met for dep_context=requeueable deps ti=<TaskInstance: omie_pipeline.download_pdbf manual__2026-01-20T18:58:28.253663+00:00 [queued]>
[2026-01-20T18:58:30.618+0000] {taskinstance.py:2306} INFO - Starting attempt 1 of 2
[2026-01-20T18:58:30.649+0000] {taskinstance.py:2330} INFO - Executing <Task(PythonOperator): download_pdbf> on 2026-01-20 18:58:28.253663+00:00
[2026-01-20T18:58:30.667+0000] {standard_task_runner.py:63} INFO - Started process 940 to run task
[2026-01-20T18:58:30.674+0000] {standard_task_runner.py:90} INFO - Running: ['***', 'tasks', 'run', 'omie_pipeline', 'download_pdbf', 'manual__2026-01-20T18:58:28.253663+00:00', '--job-id', '31', '--raw', '--subdir', 'DAGS_FOLDER/omie_dag.py', '--cfg-path', '/tmp/tmpq_xap25i']
[2026-01-20T18:58:30.680+0000] {standard_task_runner.py:91} INFO - Job 31: Subtask download_pdbf
[2026-01-20T18:58:30.777+0000] {task_command.py:426} INFO - Running <TaskInstance: omie_pipeline.download_pdbf manual__2026-01-20T18:58:28.253663+00:00 [running]> on host d1a9e72e2525
[2026-01-20T18:58:30.930+0000] {taskinstance.py:2648} INFO - Exporting env vars: AIRFLOW_CTX_DAG_OWNER='***' AIRFLOW_CTX_DAG_ID='omie_pipeline' AIRFLOW_CTX_TASK_ID='download_pdbf' AIRFLOW_CTX_EXECUTION_DATE='2026-01-20T18:58:28.253663+00:00' AIRFLOW_CTX_TRY_NUMBER='1' AIRFLOW_CTX_DAG_RUN_ID='manual__2026-01-20T18:58:28.253663+00:00'
[2026-01-20T18:58:30.932+0000] {taskinstance.py:430} INFO - ::endgroup::
[2026-01-20T18:58:30.960+0000] {logging_mixin.py:188} INFO - Downloading download_pdbf from 2026-01-20 18:58:28.253663+00:00 to 2026-01-20 18:58:28.253663+00:00
[2026-01-20T18:58:30.963+0000] {omie_client.py:64} INFO - Downloading pdbf_202601.zip from OMIE...
[2026-01-20T18:58:31.464+0000] {omie_client.py:68} INFO - File pdbf_202601.zip not found (404).
[2026-01-20T18:58:31.466+0000] {pdbf.py:37} WARNING - Failed to download pdbf_202601.zip
[2026-01-20T18:58:31.468+0000] {python.py:237} INFO - Done. Returned value was: {'start': '2026-01-20', 'end': '2026-01-20'}
[2026-01-20T18:58:31.469+0000] {taskinstance.py:441} INFO - ::group::Post task execution logs
[2026-01-20T18:58:31.500+0000] {taskinstance.py:1206} INFO - Marking task as SUCCESS. dag_id=omie_pipeline, task_id=download_pdbf, run_id=manual__2026-01-20T18:58:28.253663+00:00, execution_date=20260120T185828, start_date=20260120T185830, end_date=20260120T185831
[2026-01-20T18:58:31.537+0000] {local_task_job_runner.py:240} INFO - Task exited with return code 0
[2026-01-20T18:58:31.569+0000] {taskinstance.py:3503} INFO - 1 downstream tasks scheduled from follow-on schedule check
[2026-01-20T18:58:31.572+0000] {local_task_job_runner.py:222} INFO - ::endgroup::
