[2026-01-20T21:52:11.303+0000] {local_task_job_runner.py:120} INFO - ::group::Pre task execution logs
[2026-01-20T21:52:11.382+0000] {taskinstance.py:2076} INFO - Dependencies all met for dep_context=non-requeueable deps ti=<TaskInstance: omie_pipeline.monitor_omie manual__2026-01-20T21:00:07.280516+00:00 [queued]>
[2026-01-20T21:52:11.396+0000] {taskinstance.py:2076} INFO - Dependencies all met for dep_context=requeueable deps ti=<TaskInstance: omie_pipeline.monitor_omie manual__2026-01-20T21:00:07.280516+00:00 [queued]>
[2026-01-20T21:52:11.397+0000] {taskinstance.py:2306} INFO - Starting attempt 1 of 2
[2026-01-20T21:52:11.413+0000] {taskinstance.py:2330} INFO - Executing <Task(PythonOperator): monitor_omie> on 2026-01-20 21:00:07.280516+00:00
[2026-01-20T21:52:11.420+0000] {standard_task_runner.py:63} INFO - Started process 8504 to run task
[2026-01-20T21:52:11.424+0000] {standard_task_runner.py:90} INFO - Running: ['***', 'tasks', 'run', 'omie_pipeline', 'monitor_omie', 'manual__2026-01-20T21:00:07.280516+00:00', '--job-id', '117', '--raw', '--subdir', 'DAGS_FOLDER/omie_dag.py', '--cfg-path', '/tmp/tmp3xe8q07g']
[2026-01-20T21:52:11.427+0000] {standard_task_runner.py:91} INFO - Job 117: Subtask monitor_omie
[2026-01-20T21:52:11.532+0000] {task_command.py:426} INFO - Running <TaskInstance: omie_pipeline.monitor_omie manual__2026-01-20T21:00:07.280516+00:00 [running]> on host 2aff4151de2d
[2026-01-20T21:52:11.654+0000] {taskinstance.py:2648} INFO - Exporting env vars: AIRFLOW_CTX_DAG_OWNER='***' AIRFLOW_CTX_DAG_ID='omie_pipeline' AIRFLOW_CTX_TASK_ID='monitor_omie' AIRFLOW_CTX_EXECUTION_DATE='2026-01-20T21:00:07.280516+00:00' AIRFLOW_CTX_TRY_NUMBER='1' AIRFLOW_CTX_DAG_RUN_ID='manual__2026-01-20T21:00:07.280516+00:00'
[2026-01-20T21:52:11.655+0000] {taskinstance.py:430} INFO - ::endgroup::
[2026-01-20T21:52:25.293+0000] {monitoring.py:134} INFO - Updated control status for pdbc: GAPS/STALE
[2026-01-20T21:52:45.603+0000] {monitoring.py:134} INFO - Updated control status for pdbf: GAPS/STALE
[2026-01-20T21:53:25.312+0000] {monitoring.py:134} INFO - Updated control status for pdvd: GAPS/STALE
[2026-01-20T21:53:25.333+0000] {monitoring.py:134} INFO - Updated control status for marginalpdbc: GAPS
[2026-01-20T21:53:25.387+0000] {monitoring.py:134} INFO - Updated control status for marginalpibc: GAPS
[2026-01-20T21:53:25.391+0000] {python.py:237} INFO - Done. Returned value was: None
[2026-01-20T21:53:25.405+0000] {taskinstance.py:441} INFO - ::group::Post task execution logs
[2026-01-20T21:53:25.427+0000] {taskinstance.py:1206} INFO - Marking task as SUCCESS. dag_id=omie_pipeline, task_id=monitor_omie, run_id=manual__2026-01-20T21:00:07.280516+00:00, execution_date=20260120T210007, start_date=20260120T215211, end_date=20260120T215325
[2026-01-20T21:53:25.528+0000] {local_task_job_runner.py:240} INFO - Task exited with return code 0
[2026-01-20T21:53:25.601+0000] {local_task_job_runner.py:222} INFO - ::endgroup::
